Command line: -load -s -db smarttrie.app.client.Client -threads 8 -P config/workload
YCSB Client 0.17.0

Loading workload...
Starting test.
DBWrapper: report latency for each error is false and specific error codes to track for latency are: []
DBWrapper: report latency for each error is false and specific error codes to track for latency are: []
DBWrapper: report latency for each error is false and specific error codes to track for latency are: []
DBWrapper: report latency for each error is false and specific error codes to track for latency are: []
DBWrapper: report latency for each error is false and specific error codes to track for latency are: []
DBWrapper: report latency for each error is false and specific error codes to track for latency are: []
DBWrapper: report latency for each error is false and specific error codes to track for latency are: []
DBWrapper: report latency for each error is false and specific error codes to track for latency are: []
2021-02-27 18:50:18:941 0 sec: 0 operations; est completion in 0 second 
2021-02-27 18:50:19:830 1 sec: 0 operations; est completion in 106751991167300 days 15 hours 
2021-02-27 18:50:20.341 [Thread-6] INFO  b.c.c.n.NettyClientServerCommunicationSystemClientSide - Connecting to replica 0 at /192.168.3.41:11000
2021-02-27 18:50:20.342 [Thread-5] INFO  b.c.c.n.NettyClientServerCommunicationSystemClientSide - Connecting to replica 0 at /192.168.3.41:11000
2021-02-27 18:50:20.341 [Thread-2] INFO  b.c.c.n.NettyClientServerCommunicationSystemClientSide - Connecting to replica 0 at /192.168.3.41:11000
2021-02-27 18:50:20.340 [Thread-9] INFO  b.c.c.n.NettyClientServerCommunicationSystemClientSide - Connecting to replica 0 at /192.168.3.41:11000
2021-02-27 18:50:20.347 [Thread-7] INFO  b.c.c.n.NettyClientServerCommunicationSystemClientSide - Connecting to replica 0 at /192.168.3.41:11000
2021-02-27 18:50:20.348 [Thread-8] INFO  b.c.c.n.NettyClientServerCommunicationSystemClientSide - Connecting to replica 0 at /192.168.3.41:11000
2021-02-27 18:50:20.348 [Thread-4] INFO  b.c.c.n.NettyClientServerCommunicationSystemClientSide - Connecting to replica 0 at /192.168.3.41:11000
2021-02-27 18:50:20.349 [Thread-3] INFO  b.c.c.n.NettyClientServerCommunicationSystemClientSide - Connecting to replica 0 at /192.168.3.41:11000
2021-02-27 18:50:20.393 [nioEventLoopGroup-9-1] INFO  b.c.c.n.NettyClientServerCommunicationSystemClientSide - Channel active
2021-02-27 18:50:20.393 [nioEventLoopGroup-6-1] INFO  b.c.c.n.NettyClientServerCommunicationSystemClientSide - Channel active
2021-02-27 18:50:20.394 [nioEventLoopGroup-5-1] INFO  b.c.c.n.NettyClientServerCommunicationSystemClientSide - Channel active
2021-02-27 18:50:20.394 [nioEventLoopGroup-2-1] INFO  b.c.c.n.NettyClientServerCommunicationSystemClientSide - Channel active
2021-02-27 18:50:20.395 [nioEventLoopGroup-3-1] INFO  b.c.c.n.NettyClientServerCommunicationSystemClientSide - Channel active
2021-02-27 18:50:20.393 [nioEventLoopGroup-7-1] INFO  b.c.c.n.NettyClientServerCommunicationSystemClientSide - Channel active
2021-02-27 18:50:20.398 [nioEventLoopGroup-8-1] INFO  b.c.c.n.NettyClientServerCommunicationSystemClientSide - Channel active
2021-02-27 18:50:20.400 [nioEventLoopGroup-4-1] INFO  b.c.c.n.NettyClientServerCommunicationSystemClientSide - Channel active
2021-02-27 18:50:20:830 2 sec: 0 operations; est completion in 106751991167300 days 15 hours 
2021-02-27 18:50:21:830 3 sec: 1086 operations; 1086 current ops/sec; est completion in 1 hour 9 minutes [INSERT: Count=1091, Max=2050047, Min=2266, Avg=21463.23, 90=9631, 99=22655, 99.9=2050047, 99.99=2050047] 
2021-02-27 18:50:22:830 4 sec: 3465 operations; 2376.62 current ops/sec; est completion in 28 minutes [INSERT: Count=2376, Max=37599, Min=1133, Avg=3309.65, 90=4903, 99=10311, 99.9=27839, 99.99=37599] 
2021-02-27 18:50:23:831 5 sec: 6195 operations; 2730 current ops/sec; est completion in 20 minutes [INSERT: Count=2728, Max=17567, Min=1000, Avg=2893.86, 90=3797, 99=6495, 99.9=12623, 99.99=17567] 
2021-02-27 18:50:24:830 6 sec: 8897 operations; 2704.7 current ops/sec; est completion in 16 minutes [INSERT: Count=2707, Max=52191, Min=916, Avg=2905.7, 90=3559, 99=6487, 99.9=43583, 99.99=52191] 
2021-02-27 18:50:25:845 7 sec: 12447 operations; 3497.54 current ops/sec; est completion in 13 minutes [INSERT: Count=3549, Max=27295, Min=818, Avg=2244.09, 90=2811, 99=5483, 99.9=25583, 99.99=27295] 
2021-02-27 18:50:26:830 8 sec: 16263 operations; 3870.18 current ops/sec; est completion in 12 minutes [INSERT: Count=3815, Max=32223, Min=705, Avg=2062.85, 90=2591, 99=5707, 99.9=9583, 99.99=32223] 
2021-02-27 18:50:27:830 9 sec: 20334 operations; 4075.08 current ops/sec; est completion in 10 minutes [INSERT: Count=4071, Max=26223, Min=787, Avg=1949, 90=2277, 99=3149, 99.9=24975, 99.99=26223] 
2021-02-27 18:50:28:830 10 sec: 24748 operations; 4414 current ops/sec; est completion in 9 minutes [INSERT: Count=4414, Max=22175, Min=720, Avg=1804.05, 90=2021, 99=3551, 99.9=8719, 99.99=22175] 
2021-02-27 18:50:29:830 11 sec: 29781 operations; 5033 current ops/sec; est completion in 9 minutes [INSERT: Count=5035, Max=13687, Min=674, Avg=1582.29, 90=1865, 99=2503, 99.9=6327, 99.99=13055] 
2021-02-27 18:50:30:830 12 sec: 35162 operations; 5375.62 current ops/sec; est completion in 8 minutes [INSERT: Count=5382, Max=22447, Min=633, Avg=1479.75, 90=1788, 99=4779, 99.9=22079, 99.99=22367] 
2021-02-27 18:50:31:830 13 sec: 41127 operations; 5970.97 current ops/sec; est completion in 7 minutes [INSERT: Count=5963, Max=10815, Min=555, Avg=1335.28, 90=1633, 99=3405, 99.9=6663, 99.99=9439] 
2021-02-27 18:50:32:830 14 sec: 47491 operations; 6364 current ops/sec; est completion in 7 minutes [INSERT: Count=6367, Max=17247, Min=590, Avg=1250.12, 90=1472, 99=2273, 99.9=16319, 99.99=16703] 
2021-02-27 18:50:33:830 15 sec: 54155 operations; 6664 current ops/sec; est completion in 6 minutes [INSERT: Count=6662, Max=9839, Min=589, Avg=1193.68, 90=1465, 99=1986, 99.9=6175, 99.99=9175] 
2021-02-27 18:50:34:830 16 sec: 60904 operations; 6749 current ops/sec; est completion in 6 minutes [INSERT: Count=6748, Max=23519, Min=571, Avg=1176.33, 90=1490, 99=2305, 99.9=21599, 99.99=22991] 
2021-02-27 18:50:35:830 17 sec: 67247 operations; 6343 current ops/sec; est completion in 6 minutes [INSERT: Count=6340, Max=13559, Min=556, Avg=1254.5, 90=1720, 99=3073, 99.9=9159, 99.99=12423] 
2021-02-27 18:50:36:830 18 sec: 73681 operations; 6434 current ops/sec; est completion in 5 minutes [INSERT: Count=6433, Max=21311, Min=600, Avg=1234.55, 90=1676, 99=2571, 99.9=18719, 99.99=20559] 
2021-02-27 18:50:37:830 19 sec: 80234 operations; 6553 current ops/sec; est completion in 5 minutes [INSERT: Count=6558, Max=9615, Min=565, Avg=1214.86, 90=1676, 99=2483, 99.9=5159, 99.99=9319] 
2021-02-27 18:50:38:830 20 sec: 86665 operations; 6431 current ops/sec; est completion in 5 minutes [INSERT: Count=6432, Max=11327, Min=587, Avg=1236.93, 90=1701, 99=2411, 99.9=6043, 99.99=10951] 
2021-02-27 18:50:39:830 21 sec: 93159 operations; 6494 current ops/sec; est completion in 5 minutes [INSERT: Count=6488, Max=15047, Min=592, Avg=1222.6, 90=1690, 99=2695, 99.9=6343, 99.99=14591] 
2021-02-27 18:50:40:830 22 sec: 100051 operations; 6892 current ops/sec; est completion in 5 minutes [INSERT: Count=6898, Max=12231, Min=550, Avg=1157.93, 90=1440, 99=2633, 99.9=8023, 99.99=10303] 
2021-02-27 18:50:41:830 23 sec: 107936 operations; 7885 current ops/sec; est completion in 4 minutes [INSERT: Count=7884, Max=24111, Min=501, Avg=1002.56, 90=1156, 99=1487, 99.9=11383, 99.99=24111] 
2021-02-27 18:50:42:830 24 sec: 115593 operations; 7657 current ops/sec; est completion in 4 minutes [INSERT: Count=7661, Max=10575, Min=522, Avg=1038.59, 90=1223, 99=1602, 99.9=10047, 99.99=10511] 
2021-02-27 18:50:43:830 25 sec: 123374 operations; 7781 current ops/sec; est completion in 4 minutes [INSERT: Count=7776, Max=7467, Min=545, Avg=1021.9, 90=1211, 99=1467, 99.9=3499, 99.99=6663] 
2021-02-27 18:50:44:830 26 sec: 131251 operations; 7877 current ops/sec; est completion in 4 minutes [INSERT: Count=7878, Max=11039, Min=534, Avg=1009.64, 90=1197, 99=1501, 99.9=9159, 99.99=10935] 
2021-02-27 18:50:45:830 27 sec: 139217 operations; 7966 current ops/sec; est completion in 4 minutes [INSERT: Count=7966, Max=8839, Min=509, Avg=998.45, 90=1218, 99=1597, 99.9=5423, 99.99=8823] 
2021-02-27 18:50:46:830 28 sec: 147136 operations; 7919 current ops/sec; est completion in 4 minutes [INSERT: Count=7920, Max=7027, Min=519, Avg=1005.33, 90=1220, 99=1518, 99.9=6139, 99.99=6639] 
2021-02-27 18:50:47:830 29 sec: 154873 operations; 7737 current ops/sec; est completion in 4 minutes [INSERT: Count=7735, Max=24111, Min=525, Avg=1028.62, 90=1190, 99=1450, 99.9=4239, 99.99=23535] 
2021-02-27 18:50:48:830 30 sec: 162733 operations; 7860 current ops/sec; est completion in 4 minutes [INSERT: Count=7864, Max=16071, Min=485, Avg=1011.42, 90=1203, 99=1446, 99.9=7023, 99.99=15711] 
2021-02-27 18:50:49:831 31 sec: 170668 operations; 7927.07 current ops/sec; est completion in 4 minutes [INSERT: Count=7936, Max=13023, Min=512, Avg=1002.19, 90=1173, 99=1540, 99.9=12375, 99.99=12847] 
2021-02-27 18:50:50:830 32 sec: 178857 operations; 8197.2 current ops/sec; est completion in 3 minutes [INSERT: Count=8185, Max=13223, Min=496, Avg=969.5, 90=1141, 99=1437, 99.9=6035, 99.99=11903] 
2021-02-27 18:50:51:830 33 sec: 185955 operations; 7098 current ops/sec; est completion in 3 minutes [INSERT: Count=7098, Max=21119, Min=501, Avg=1121.42, 90=1527, 99=2307, 99.9=5019, 99.99=20687] 
2021-02-27 18:50:52:830 34 sec: 193069 operations; 7114 current ops/sec; est completion in 3 minutes [INSERT: Count=7113, Max=11255, Min=533, Avg=1120.42, 90=1569, 99=2317, 99.9=5811, 99.99=9791] 
2021-02-27 18:50:53:830 35 sec: 200117 operations; 7048 current ops/sec; est completion in 3 minutes [INSERT: Count=7046, Max=7423, Min=547, Avg=1130.04, 90=1588, 99=2255, 99.9=4243, 99.99=7139] 
2021-02-27 18:50:54:830 36 sec: 207140 operations; 7023 current ops/sec; est completion in 3 minutes [INSERT: Count=7025, Max=3971, Min=571, Avg=1133.2, 90=1592, 99=2259, 99.9=2839, 99.99=3635] 
2021-02-27 18:50:55:830 37 sec: 213738 operations; 6598 current ops/sec; est completion in 3 minutes [INSERT: Count=6596, Max=28287, Min=557, Avg=1199.22, 90=1600, 99=2319, 99.9=5467, 99.99=27919] 
2021-02-27 18:50:56:830 38 sec: 220490 operations; 6752 current ops/sec; est completion in 3 minutes [INSERT: Count=6754, Max=5323, Min=549, Avg=1179.72, 90=1627, 99=2295, 99.9=3751, 99.99=5123] 
2021-02-27 18:50:57:830 39 sec: 226974 operations; 6484 current ops/sec; est completion in 3 minutes [INSERT: Count=6484, Max=14023, Min=535, Avg=1228.65, 90=1664, 99=2575, 99.9=7619, 99.99=12935] 
2021-02-27 18:50:58:830 40 sec: 233991 operations; 7017 current ops/sec; est completion in 3 minutes [INSERT: Count=7014, Max=11063, Min=534, Avg=1135.64, 90=1475, 99=2373, 99.9=6475, 99.99=8423] 
2021-02-27 18:50:59:830 41 sec: 242248 operations; 8257 current ops/sec; est completion in 3 minutes [INSERT: Count=8261, Max=6695, Min=514, Avg=963.8, 90=1200, 99=1487, 99.9=4967, 99.99=6391] 
2021-02-27 18:51:00:830 42 sec: 250478 operations; 8230 current ops/sec; est completion in 3 minutes [INSERT: Count=8228, Max=4823, Min=508, Avg=967.49, 90=1155, 99=1406, 99.9=3315, 99.99=4571] 
2021-02-27 18:51:01:830 43 sec: 258630 operations; 8152 current ops/sec; est completion in 3 minutes [INSERT: Count=8154, Max=14303, Min=525, Avg=975.5, 90=1150, 99=1435, 99.9=6547, 99.99=14215] 
2021-02-27 18:51:02:830 44 sec: 266193 operations; 7563 current ops/sec; est completion in 3 minutes [INSERT: Count=7563, Max=18671, Min=537, Avg=1051.44, 90=1294, 99=1624, 99.9=8175, 99.99=18607] 
2021-02-27 18:51:03:830 45 sec: 273454 operations; 7261 current ops/sec; est completion in 3 minutes [INSERT: Count=7260, Max=34623, Min=516, Avg=1095.73, 90=1219, 99=1618, 99.9=33343, 99.99=34591] 
2021-02-27 18:51:04:830 46 sec: 280886 operations; 7432 current ops/sec; est completion in 3 minutes [INSERT: Count=7431, Max=12583, Min=500, Avg=1071.55, 90=1219, 99=1695, 99.9=12439, 99.99=12535] 
2021-02-27 18:51:05:830 47 sec: 288361 operations; 7467.53 current ops/sec; est completion in 3 minutes [INSERT: Count=7477, Max=13999, Min=516, Avg=1064.78, 90=1240, 99=1759, 99.9=13495, 99.99=13879] 
2021-02-27 18:51:06:830 48 sec: 296168 operations; 7814.81 current ops/sec; est completion in 3 minutes [INSERT: Count=7806, Max=12831, Min=506, Avg=1019.17, 90=1179, 99=1490, 99.9=9615, 99.99=11567] 
2021-02-27 18:51:07:830 49 sec: 304260 operations; 8092 current ops/sec; est completion in 3 minutes [INSERT: Count=8093, Max=10359, Min=508, Avg=983.01, 90=1147, 99=1436, 99.9=3383, 99.99=10223] 
2021-02-27 18:51:08:830 50 sec: 312431 operations; 8171 current ops/sec; est completion in 3 minutes [INSERT: Count=8170, Max=10815, Min=485, Avg=973.38, 90=1211, 99=1504, 99.9=4551, 99.99=8655] 
2021-02-27 18:51:09:830 51 sec: 320777 operations; 8346 current ops/sec; est completion in 3 minutes [INSERT: Count=8346, Max=3939, Min=511, Avg=953.77, 90=1159, 99=1421, 99.9=2423, 99.99=3399] 
2021-02-27 18:51:10:830 52 sec: 328850 operations; 8073 current ops/sec; est completion in 3 minutes [INSERT: Count=8073, Max=11527, Min=519, Avg=985.52, 90=1184, 99=1485, 99.9=10199, 99.99=11303] 
2021-02-27 18:51:11:830 53 sec: 336530 operations; 7680 current ops/sec; est completion in 3 minutes [INSERT: Count=7679, Max=37567, Min=536, Avg=1033.82, 90=1205, 99=1481, 99.9=10519, 99.99=37311] 
2021-02-27 18:51:12:830 54 sec: 344616 operations; 8086 current ops/sec; est completion in 3 minutes [INSERT: Count=8086, Max=10239, Min=541, Avg=984.03, 90=1160, 99=1417, 99.9=1716, 99.99=5575] 
2021-02-27 18:51:13:830 55 sec: 351694 operations; 7078 current ops/sec; est completion in 3 minutes [INSERT: Count=7078, Max=10879, Min=531, Avg=1125.32, 90=1529, 99=2245, 99.9=6327, 99.99=9183] 
2021-02-27 18:51:14:830 56 sec: 358347 operations; 6653 current ops/sec; est completion in 2 minutes [INSERT: Count=6651, Max=7391, Min=546, Avg=1195.54, 90=1622, 99=2371, 99.9=6903, 99.99=7251] 
2021-02-27 18:51:15:830 57 sec: 364932 operations; 6585 current ops/sec; est completion in 2 minutes [INSERT: Count=6585, Max=12855, Min=571, Avg=1209.14, 90=1653, 99=2309, 99.9=4723, 99.99=10183] 
2021-02-27 18:51:16:830 58 sec: 371660 operations; 6728 current ops/sec; est completion in 2 minutes [INSERT: Count=6730, Max=11999, Min=562, Avg=1183.75, 90=1630, 99=2281, 99.9=3213, 99.99=7635] 
2021-02-27 18:51:17:830 59 sec: 378578 operations; 6918 current ops/sec; est completion in 2 minutes [INSERT: Count=6915, Max=4063, Min=557, Avg=1151.43, 90=1619, 99=2221, 99.9=2721, 99.99=3675] 
2021-02-27 18:51:18:830 60 sec: 385574 operations; 6996 current ops/sec; est completion in 2 minutes [INSERT: Count=7000, Max=5399, Min=562, Avg=1138.01, 90=1555, 99=2327, 99.9=3143, 99.99=5083] 
2021-02-27 18:51:19:830 61 sec: 392372 operations; 6798 current ops/sec; est completion in 2 minutes [INSERT: Count=6798, Max=13223, Min=554, Avg=1172.05, 90=1589, 99=2349, 99.9=5735, 99.99=12607] 
2021-02-27 18:51:20:831 62 sec: 398901 operations; 6522.48 current ops/sec; est completion in 2 minutes [INSERT: Count=6533, Max=29263, Min=554, Avg=1219.38, 90=1615, 99=2397, 99.9=27631, 99.99=29199] 
2021-02-27 18:51:21:830 63 sec: 405551 operations; 6656.66 current ops/sec; est completion in 2 minutes [INSERT: Count=6648, Max=6687, Min=572, Avg=1196.47, 90=1625, 99=2367, 99.9=6367, 99.99=6555] 
2021-02-27 18:51:22:830 64 sec: 412204 operations; 6653 current ops/sec; est completion in 2 minutes [INSERT: Count=6649, Max=6379, Min=578, Avg=1197.02, 90=1653, 99=2285, 99.9=5431, 99.99=6127] 
2021-02-27 18:51:23:830 65 sec: 418786 operations; 6582 current ops/sec; est completion in 2 minutes [INSERT: Count=6582, Max=9111, Min=569, Avg=1209.78, 90=1649, 99=2405, 99.9=8319, 99.99=9031] 
2021-02-27 18:51:24:830 66 sec: 425497 operations; 6711 current ops/sec; est completion in 2 minutes [INSERT: Count=6712, Max=4103, Min=583, Avg=1186.67, 90=1623, 99=2233, 99.9=2945, 99.99=3791] 
2021-02-27 18:51:25:830 67 sec: 432211 operations; 6714 current ops/sec; est completion in 2 minutes [INSERT: Count=6717, Max=4073, Min=571, Avg=1186.34, 90=1618, 99=2307, 99.9=2953, 99.99=3905] 
2021-02-27 18:51:26:830 68 sec: 438917 operations; 6706 current ops/sec; est completion in 2 minutes [INSERT: Count=6701, Max=5671, Min=562, Avg=1188.85, 90=1639, 99=2343, 99.9=5079, 99.99=5359] 
2021-02-27 18:51:27:830 69 sec: 445509 operations; 6592 current ops/sec; est completion in 2 minutes [INSERT: Count=6594, Max=12903, Min=564, Avg=1207.89, 90=1660, 99=2367, 99.9=12303, 99.99=12615] 
2021-02-27 18:51:28:830 70 sec: 452145 operations; 6636 current ops/sec; est completion in 2 minutes [INSERT: Count=6633, Max=10727, Min=551, Avg=1200.47, 90=1639, 99=2349, 99.9=5699, 99.99=10687] 
2021-02-27 18:51:29:830 71 sec: 458978 operations; 6833 current ops/sec; est completion in 2 minutes [INSERT: Count=6834, Max=4023, Min=544, Avg=1166.5, 90=1633, 99=2321, 99.9=3101, 99.99=3525] 
2021-02-27 18:51:30:830 72 sec: 465572 operations; 6594 current ops/sec; est completion in 2 minutes [INSERT: Count=6597, Max=29951, Min=542, Avg=1207.9, 90=1617, 99=2421, 99.9=29439, 99.99=29871] 
2021-02-27 18:51:31:830 73 sec: 472175 operations; 6603 current ops/sec; est completion in 2 minutes [INSERT: Count=6601, Max=4955, Min=558, Avg=1206.61, 90=1646, 99=2275, 99.9=2671, 99.99=4463] 
2021-02-27 18:51:32:830 74 sec: 478571 operations; 6396 current ops/sec; est completion in 2 minutes [INSERT: Count=6400, Max=7063, Min=528, Avg=1246.14, 90=1703, 99=2533, 99.9=5107, 99.99=5399] 
2021-02-27 18:51:33:830 75 sec: 485674 operations; 7103 current ops/sec; est completion in 2 minutes [INSERT: Count=7100, Max=4061, Min=539, Avg=1121.86, 90=1570, 99=2195, 99.9=3225, 99.99=3807] 
2021-02-27 18:51:34:830 76 sec: 492424 operations; 6750 current ops/sec; est completion in 2 minutes [INSERT: Count=6750, Max=5751, Min=548, Avg=1180.49, 90=1636, 99=2315, 99.9=4971, 99.99=5739] 
2021-02-27 18:51:35:830 77 sec: 499163 operations; 6739 current ops/sec; est completion in 2 minutes [INSERT: Count=6739, Max=3819, Min=558, Avg=1182.56, 90=1615, 99=2335, 99.9=2963, 99.99=3315] 
2021-02-27 18:51:36:830 78 sec: 505811 operations; 6648 current ops/sec; est completion in 2 minutes [INSERT: Count=6645, Max=5979, Min=552, Avg=1198.83, 90=1630, 99=2269, 99.9=3223, 99.99=4295] 
2021-02-27 18:51:37:830 79 sec: 512801 operations; 6990 current ops/sec; est completion in 2 minutes [INSERT: Count=6991, Max=8143, Min=546, Avg=1139.69, 90=1602, 99=2247, 99.9=3123, 99.99=3945] 
2021-02-27 18:51:38:830 80 sec: 519622 operations; 6821 current ops/sec; est completion in 2 minutes [INSERT: Count=6822, Max=6887, Min=560, Avg=1167.42, 90=1589, 99=2263, 99.9=2803, 99.99=6395] 
2021-02-27 18:51:39:830 81 sec: 526208 operations; 6586 current ops/sec; est completion in 2 minutes [INSERT: Count=6584, Max=35263, Min=553, Avg=1209.18, 90=1656, 99=2323, 99.9=28575, 99.99=34143] 
2021-02-27 18:51:40:830 82 sec: 532977 operations; 6769 current ops/sec; est completion in 2 minutes [INSERT: Count=6770, Max=4855, Min=554, Avg=1176.59, 90=1644, 99=2279, 99.9=2881, 99.99=4771] 
2021-02-27 18:51:41:830 83 sec: 539628 operations; 6651 current ops/sec; est completion in 2 minutes [INSERT: Count=6652, Max=5743, Min=575, Avg=1197.87, 90=1650, 99=2277, 99.9=2943, 99.99=4591] 
2021-02-27 18:51:42:830 84 sec: 546326 operations; 6698 current ops/sec; est completion in 2 minutes [INSERT: Count=6698, Max=10303, Min=561, Avg=1189.37, 90=1598, 99=2351, 99.9=3229, 99.99=9911] 
2021-02-27 18:51:43:830 85 sec: 552959 operations; 6633 current ops/sec; est completion in 2 minutes [INSERT: Count=6636, Max=3767, Min=557, Avg=1201.2, 90=1633, 99=2277, 99.9=2681, 99.99=3717] 
2021-02-27 18:51:44:830 86 sec: 559581 operations; 6622 current ops/sec; est completion in 2 minutes [INSERT: Count=6620, Max=9871, Min=558, Avg=1200.17, 90=1633, 99=2291, 99.9=3157, 99.99=9703] 
2021-02-27 18:51:45:830 87 sec: 566243 operations; 6662 current ops/sec; est completion in 2 minutes [INSERT: Count=6661, Max=13127, Min=553, Avg=1198.36, 90=1654, 99=2303, 99.9=3147, 99.99=10983] 
2021-02-27 18:51:46:830 88 sec: 572923 operations; 6680 current ops/sec; est completion in 2 minutes [INSERT: Count=6681, Max=4231, Min=592, Avg=1191.93, 90=1608, 99=2289, 99.9=3055, 99.99=3603] 
2021-02-27 18:51:47:830 89 sec: 579718 operations; 6795 current ops/sec; est completion in 2 minutes [INSERT: Count=6795, Max=3491, Min=563, Avg=1172.29, 90=1584, 99=2257, 99.9=2705, 99.99=3465] 
2021-02-27 18:51:48:830 90 sec: 586279 operations; 6561 current ops/sec; est completion in 2 minutes [INSERT: Count=6560, Max=10199, Min=529, Avg=1214.62, 90=1658, 99=2359, 99.9=5111, 99.99=5363] 
2021-02-27 18:51:49:830 91 sec: 592734 operations; 6455 current ops/sec; est completion in 2 minutes [INSERT: Count=6455, Max=32703, Min=535, Avg=1234.19, 90=1644, 99=2481, 99.9=23071, 99.99=32639] 
2021-02-27 18:51:50:830 92 sec: 599497 operations; 6763 current ops/sec; est completion in 2 minutes [INSERT: Count=6763, Max=5375, Min=544, Avg=1177.48, 90=1639, 99=2449, 99.9=3763, 99.99=4939] 
2021-02-27 18:51:51:830 93 sec: 606231 operations; 6734 current ops/sec; est completion in 2 minutes [INSERT: Count=6734, Max=5055, Min=538, Avg=1183.33, 90=1686, 99=2421, 99.9=3193, 99.99=4539] 
2021-02-27 18:51:52:830 94 sec: 613193 operations; 6962 current ops/sec; est completion in 2 minutes [INSERT: Count=6960, Max=14047, Min=551, Avg=1143.39, 90=1590, 99=2257, 99.9=3125, 99.99=13967] 
2021-02-27 18:51:53:830 95 sec: 619768 operations; 6575 current ops/sec; est completion in 2 minutes [INSERT: Count=6577, Max=3697, Min=562, Avg=1211.73, 90=1690, 99=2437, 99.9=2811, 99.99=3455] 
2021-02-27 18:51:54:830 96 sec: 626461 operations; 6693 current ops/sec; est completion in 2 minutes [INSERT: Count=6694, Max=14847, Min=570, Avg=1190.52, 90=1652, 99=2399, 99.9=4343, 99.99=14639] 
2021-02-27 18:51:55:830 97 sec: 633230 operations; 6769 current ops/sec; est completion in 2 minutes [INSERT: Count=6771, Max=4135, Min=559, Avg=1176.42, 90=1657, 99=2333, 99.9=2773, 99.99=3015] 
2021-02-27 18:51:56:830 98 sec: 639847 operations; 6617 current ops/sec; est completion in 2 minutes [INSERT: Count=6615, Max=5055, Min=554, Avg=1204.03, 90=1699, 99=2379, 99.9=4903, 99.99=4987] 
2021-02-27 18:51:57:830 99 sec: 646662 operations; 6815 current ops/sec; est completion in 2 minutes [INSERT: Count=6814, Max=4211, Min=532, Avg=1169.64, 90=1642, 99=2389, 99.9=3289, 99.99=4139] 
2021-02-27 18:51:58:830 100 sec: 652928 operations; 6266 current ops/sec; est completion in 2 minutes [INSERT: Count=6266, Max=33375, Min=563, Avg=1271.13, 90=1720, 99=2661, 99.9=31151, 99.99=32639] 
2021-02-27 18:51:59:830 101 sec: 659212 operations; 6284 current ops/sec; est completion in 2 minutes [INSERT: Count=6284, Max=8735, Min=580, Avg=1267.29, 90=1792, 99=2779, 99.9=5339, 99.99=7263] 
2021-02-27 18:52:00:830 102 sec: 665391 operations; 6179 current ops/sec; est completion in 2 minutes [INSERT: Count=6179, Max=7587, Min=547, Avg=1290.15, 90=1823, 99=2637, 99.9=7103, 99.99=7527] 
2021-02-27 18:52:01:830 103 sec: 672459 operations; 7068 current ops/sec; est completion in 2 minutes [INSERT: Count=7068, Max=11623, Min=526, Avg=1126.05, 90=1375, 99=2301, 99.9=10279, 99.99=11503] 
2021-02-27 18:52:02:830 104 sec: 680227 operations; 7768 current ops/sec; est completion in 2 minutes [INSERT: Count=7770, Max=7087, Min=485, Avg=1023.78, 90=1303, 99=1595, 99.9=3599, 99.99=6707] 
2021-02-27 18:52:03:830 105 sec: 688526 operations; 8299 current ops/sec; est completion in 2 minutes [INSERT: Count=8298, Max=3717, Min=502, Avg=959.3, 90=1140, 99=1411, 99.9=1756, 99.99=3691] 
2021-02-27 18:52:04:830 106 sec: 697042 operations; 8516 current ops/sec; est completion in 2 minutes [INSERT: Count=8516, Max=12095, Min=510, Avg=934.82, 90=1105, 99=1347, 99.9=3405, 99.99=12007] 
2021-02-27 18:52:05:830 107 sec: 705542 operations; 8500 current ops/sec; est completion in 2 minutes [INSERT: Count=8499, Max=4483, Min=511, Avg=936.3, 90=1116, 99=1344, 99.9=2833, 99.99=3639] 
2021-02-27 18:52:06:830 108 sec: 714031 operations; 8489 current ops/sec; est completion in 1 minute [INSERT: Count=8491, Max=10839, Min=516, Avg=937.05, 90=1102, 99=1327, 99.9=7079, 99.99=10823] 
2021-02-27 18:52:07:830 109 sec: 722555 operations; 8524 current ops/sec; est completion in 1 minute [INSERT: Count=8522, Max=16671, Min=502, Avg=933.08, 90=1102, 99=1317, 99.9=3943, 99.99=16431] 
2021-02-27 18:52:08:830 110 sec: 731139 operations; 8584 current ops/sec; est completion in 1 minute [INSERT: Count=8584, Max=3797, Min=512, Avg=926.88, 90=1081, 99=1290, 99.9=1703, 99.99=2337] 
2021-02-27 18:52:09:830 111 sec: 740074 operations; 8935 current ops/sec; est completion in 1 minute [INSERT: Count=8937, Max=10079, Min=516, Avg=890.47, 90=1060, 99=1271, 99.9=3889, 99.99=9991] 
2021-02-27 18:52:10:830 112 sec: 749064 operations; 8990 current ops/sec; est completion in 1 minute [INSERT: Count=8989, Max=6123, Min=493, Avg=885.1, 90=1056, 99=1274, 99.9=1769, 99.99=5723] 
2021-02-27 18:52:11:830 113 sec: 757980 operations; 8916 current ops/sec; est completion in 1 minute [INSERT: Count=8913, Max=3337, Min=509, Avg=891.1, 90=1082, 99=1287, 99.9=1474, 99.99=3125] 
2021-02-27 18:52:12:830 114 sec: 766412 operations; 8432 current ops/sec; est completion in 1 minute [INSERT: Count=8434, Max=7575, Min=522, Avg=945.44, 90=1126, 99=1409, 99.9=5839, 99.99=7367] 
2021-02-27 18:52:13:830 115 sec: 774878 operations; 8466 current ops/sec; est completion in 1 minute [INSERT: Count=8468, Max=13583, Min=504, Avg=940.16, 90=1089, 99=1310, 99.9=4651, 99.99=13023] 
2021-02-27 18:52:14:830 116 sec: 783508 operations; 8630 current ops/sec; est completion in 1 minute [INSERT: Count=8629, Max=11287, Min=513, Avg=921.9, 90=1093, 99=1296, 99.9=4403, 99.99=11191] 
2021-02-27 18:52:15:830 117 sec: 792441 operations; 8933 current ops/sec; est completion in 1 minute [INSERT: Count=8932, Max=3705, Min=520, Avg=890.78, 90=1072, 99=1294, 99.9=1665, 99.99=3457] 
2021-02-27 18:52:16:830 118 sec: 800955 operations; 8514 current ops/sec; est completion in 1 minute [INSERT: Count=8512, Max=2961, Min=527, Avg=935.07, 90=1132, 99=1400, 99.9=1624, 99.99=2905] 
2021-02-27 18:52:17:830 119 sec: 809826 operations; 8871 current ops/sec; est completion in 1 minute [INSERT: Count=8876, Max=7819, Min=506, Avg=896.87, 90=1058, 99=1255, 99.9=1547, 99.99=7239] 
2021-02-27 18:52:18:830 120 sec: 818413 operations; 8587 current ops/sec; est completion in 1 minute [INSERT: Count=8586, Max=11167, Min=504, Avg=926.81, 90=1101, 99=1366, 99.9=6695, 99.99=10207] 
2021-02-27 18:52:19:830 121 sec: 826803 operations; 8390 current ops/sec; est completion in 1 minute [INSERT: Count=8389, Max=6735, Min=528, Avg=948.98, 90=1126, 99=1390, 99.9=1954, 99.99=5723] 
2021-02-27 18:52:20:830 122 sec: 834994 operations; 8191 current ops/sec; est completion in 1 minute [INSERT: Count=8190, Max=9831, Min=495, Avg=971.86, 90=1091, 99=1388, 99.9=3411, 99.99=7723] 
2021-02-27 18:52:21:830 123 sec: 843220 operations; 8226 current ops/sec; est completion in 1 minute [INSERT: Count=8224, Max=10199, Min=507, Avg=967.49, 90=1091, 99=1328, 99.9=8019, 99.99=9631] 
2021-02-27 18:52:22:830 124 sec: 851459 operations; 8239 current ops/sec; est completion in 1 minute [INSERT: Count=8241, Max=3815, Min=521, Avg=966.02, 90=1111, 99=1355, 99.9=1852, 99.99=3595] 
2021-02-27 18:52:23:830 125 sec: 859782 operations; 8323 current ops/sec; est completion in 1 minute [INSERT: Count=8321, Max=14279, Min=518, Avg=956.47, 90=1169, 99=1418, 99.9=1722, 99.99=7323] 
2021-02-27 18:52:24:830 126 sec: 868101 operations; 8319 current ops/sec; est completion in 1 minute [INSERT: Count=8319, Max=3217, Min=514, Avg=956.97, 90=1103, 99=1299, 99.9=1592, 99.99=3013] 
2021-02-27 18:52:25:830 127 sec: 876408 operations; 8307 current ops/sec; est completion in 1 minute [INSERT: Count=8309, Max=14207, Min=514, Avg=958.04, 90=1134, 99=1388, 99.9=2020, 99.99=7043] 
2021-02-27 18:52:26:830 128 sec: 884883 operations; 8475 current ops/sec; est completion in 1 minute [INSERT: Count=8474, Max=11759, Min=488, Avg=938.99, 90=1120, 99=1327, 99.9=1817, 99.99=8951] 
2021-02-27 18:52:27:830 129 sec: 893253 operations; 8370 current ops/sec; est completion in 1 minute [INSERT: Count=8370, Max=8599, Min=520, Avg=950.14, 90=1141, 99=1383, 99.9=2103, 99.99=8255] 
2021-02-27 18:52:28:830 130 sec: 901555 operations; 8302 current ops/sec; est completion in 1 minute [INSERT: Count=8305, Max=3377, Min=518, Avg=958.17, 90=1139, 99=1331, 99.9=1834, 99.99=2869] 
2021-02-27 18:52:29:830 131 sec: 909818 operations; 8263 current ops/sec; est completion in 1 minute [INSERT: Count=8260, Max=13039, Min=529, Avg=963.17, 90=1114, 99=1346, 99.9=9951, 99.99=10719] 
2021-02-27 18:52:30:830 132 sec: 918163 operations; 8345 current ops/sec; est completion in 1 minute [INSERT: Count=8347, Max=3981, Min=531, Avg=953.54, 90=1095, 99=1299, 99.9=1766, 99.99=3499] 
2021-02-27 18:52:31:830 133 sec: 926510 operations; 8347 current ops/sec; est completion in 1 minute [INSERT: Count=8347, Max=3089, Min=516, Avg=953.69, 90=1110, 99=1308, 99.9=1537, 99.99=2711] 
2021-02-27 18:52:32:830 134 sec: 934831 operations; 8321 current ops/sec; est completion in 1 minute [INSERT: Count=8321, Max=12039, Min=525, Avg=956.42, 90=1118, 99=1321, 99.9=1760, 99.99=8615] 
2021-02-27 18:52:33:830 135 sec: 943084 operations; 8253 current ops/sec; est completion in 1 minute [INSERT: Count=8253, Max=6399, Min=532, Avg=963.81, 90=1148, 99=1392, 99.9=4021, 99.99=6031] 
2021-02-27 18:52:34:830 136 sec: 950865 operations; 7781 current ops/sec; est completion in 1 minute [INSERT: Count=7781, Max=13751, Min=529, Avg=1022.81, 90=1247, 99=1646, 99.9=3637, 99.99=5487] 
2021-02-27 18:52:35:830 137 sec: 958113 operations; 7248 current ops/sec; est completion in 1 minute [INSERT: Count=7248, Max=3749, Min=577, Avg=1098.91, 90=1321, 99=1633, 99.9=1867, 99.99=3095] 
2021-02-27 18:52:36:830 138 sec: 965302 operations; 7189 current ops/sec; est completion in 1 minute [INSERT: Count=7188, Max=5195, Min=567, Avg=1107.64, 90=1342, 99=1682, 99.9=4543, 99.99=5075] 
2021-02-27 18:52:37:830 139 sec: 972343 operations; 7041 current ops/sec; est completion in 1 minute [INSERT: Count=7042, Max=20367, Min=521, Avg=1130.76, 90=1320, 99=1699, 99.9=18975, 99.99=20159] 
2021-02-27 18:52:38:830 140 sec: 979870 operations; 7527 current ops/sec; est completion in 1 minute [INSERT: Count=7525, Max=4551, Min=547, Avg=1057.63, 90=1291, 99=1566, 99.9=1790, 99.99=4247] 
2021-02-27 18:52:39:830 141 sec: 987726 operations; 7856 current ops/sec; est completion in 1 minute [INSERT: Count=7858, Max=30111, Min=534, Avg=1012.67, 90=1170, 99=1471, 99.9=12087, 99.99=30015] 
2021-02-27 18:52:40:830 142 sec: 996184 operations; 8458 current ops/sec; est completion in 1 minute [INSERT: Count=8457, Max=12439, Min=516, Avg=940.24, 90=1130, 99=1481, 99.9=6151, 99.99=12191] 
2021-02-27 18:52:41:830 143 sec: 1004418 operations; 8234 current ops/sec; est completion in 1 minute [INSERT: Count=8236, Max=11135, Min=528, Avg=966.62, 90=1106, 99=1319, 99.9=1617, 99.99=7187] 
2021-02-27 18:52:42:830 144 sec: 1012402 operations; 7984 current ops/sec; est completion in 1 minute [INSERT: Count=7984, Max=10127, Min=539, Avg=997.16, 90=1174, 99=1461, 99.9=1997, 99.99=5315] 
2021-02-27 18:52:43:830 145 sec: 1020762 operations; 8360 current ops/sec; est completion in 1 minute [INSERT: Count=8357, Max=3407, Min=478, Avg=952.48, 90=1191, 99=1444, 99.9=1640, 99.99=2721] 
2021-02-27 18:52:44:830 146 sec: 1029302 operations; 8531.47 current ops/sec; est completion in 1 minute [INSERT: Count=8545, Max=8303, Min=511, Avg=931.65, 90=1135, 99=1380, 99.9=1700, 99.99=7831] 
2021-02-27 18:52:45:830 147 sec: 1037704 operations; 8410.41 current ops/sec; est completion in 1 minute [INSERT: Count=8397, Max=10623, Min=536, Avg=947.1, 90=1108, 99=1330, 99.9=4081, 99.99=10599] 
2021-02-27 18:52:46:830 148 sec: 1046326 operations; 8622 current ops/sec; est completion in 1 minute [INSERT: Count=8624, Max=3795, Min=526, Avg=923.15, 90=1064, 99=1271, 99.9=2002, 99.99=3093] 
2021-02-27 18:52:47:830 149 sec: 1054949 operations; 8623 current ops/sec; est completion in 1 minute [INSERT: Count=8622, Max=3743, Min=510, Avg=922.96, 90=1090, 99=1281, 99.9=1737, 99.99=3337] 
2021-02-27 18:52:48:830 150 sec: 1063662 operations; 8713 current ops/sec; est completion in 1 minute [INSERT: Count=8715, Max=2655, Min=491, Avg=913.39, 90=1087, 99=1288, 99.9=1477, 99.99=2571] 
2021-02-27 18:52:49:830 151 sec: 1072357 operations; 8695 current ops/sec; est completion in 1 minute [INSERT: Count=8694, Max=5567, Min=507, Avg=915.39, 90=1093, 99=1301, 99.9=1593, 99.99=4999] 
2021-02-27 18:52:50:830 152 sec: 1080935 operations; 8578 current ops/sec; est completion in 59 seconds [INSERT: Count=8579, Max=2805, Min=509, Avg=927.76, 90=1107, 99=1304, 99.9=1512, 99.99=2040] 
2021-02-27 18:52:51:830 153 sec: 1089565 operations; 8630 current ops/sec; est completion in 58 seconds [INSERT: Count=8628, Max=2497, Min=482, Avg=922.36, 90=1096, 99=1290, 99.9=1881, 99.99=2393] 
2021-02-27 18:52:52:830 154 sec: 1098313 operations; 8748 current ops/sec; est completion in 57 seconds [INSERT: Count=8753, Max=12655, Min=496, Avg=909.75, 90=1061, 99=1241, 99.9=3497, 99.99=12623] 
2021-02-27 18:52:53:830 155 sec: 1106892 operations; 8579 current ops/sec; est completion in 56 seconds [INSERT: Count=8576, Max=6971, Min=527, Avg=927.32, 90=1090, 99=1294, 99.9=5419, 99.99=6243] 
2021-02-27 18:52:54:830 156 sec: 1115121 operations; 8229 current ops/sec; est completion in 54 seconds [INSERT: Count=8227, Max=2323, Min=539, Avg=967.59, 90=1106, 99=1325, 99.9=1505, 99.99=1960] 
2021-02-27 18:52:55:830 157 sec: 1123479 operations; 8358 current ops/sec; est completion in 53 seconds [INSERT: Count=8356, Max=5739, Min=509, Avg=952.34, 90=1114, 99=1352, 99.9=1692, 99.99=5219] 
2021-02-27 18:52:56:830 158 sec: 1131907 operations; 8428 current ops/sec; est completion in 52 seconds [INSERT: Count=8429, Max=10575, Min=506, Avg=944.14, 90=1117, 99=1335, 99.9=2677, 99.99=10343] 
2021-02-27 18:52:57:830 159 sec: 1140404 operations; 8497 current ops/sec; est completion in 51 seconds [INSERT: Count=8501, Max=3413, Min=513, Avg=936.68, 90=1109, 99=1348, 99.9=2353, 99.99=3063] 
2021-02-27 18:52:58:830 160 sec: 1148875 operations; 8471 current ops/sec; est completion in 49 seconds [INSERT: Count=8468, Max=11983, Min=508, Avg=939.72, 90=1092, 99=1312, 99.9=2121, 99.99=11615] 
2021-02-27 18:52:59:830 161 sec: 1157392 operations; 8517 current ops/sec; est completion in 48 seconds [INSERT: Count=8519, Max=3093, Min=516, Avg=934.42, 90=1116, 99=1342, 99.9=1836, 99.99=2425] 
2021-02-27 18:53:00:830 162 sec: 1165719 operations; 8327 current ops/sec; est completion in 47 seconds [INSERT: Count=8326, Max=26319, Min=485, Avg=955.7, 90=1122, 99=1351, 99.9=8599, 99.99=9983] 
2021-02-27 18:53:01:830 163 sec: 1174073 operations; 8354 current ops/sec; est completion in 46 seconds [INSERT: Count=8355, Max=3365, Min=527, Avg=952.75, 90=1106, 99=1360, 99.9=1644, 99.99=3237] 
2021-02-27 18:53:02:830 164 sec: 1182394 operations; 8321 current ops/sec; est completion in 45 seconds [INSERT: Count=8321, Max=6919, Min=527, Avg=956.8, 90=1118, 99=1334, 99.9=5515, 99.99=6859] 
2021-02-27 18:53:03:830 165 sec: 1190821 operations; 8427 current ops/sec; est completion in 43 seconds [INSERT: Count=8423, Max=6711, Min=509, Avg=944.52, 90=1119, 99=1315, 99.9=3195, 99.99=6703] 
2021-02-27 18:53:04:830 166 sec: 1199181 operations; 8360 current ops/sec; est completion in 42 seconds [INSERT: Count=8362, Max=2629, Min=513, Avg=952.38, 90=1124, 99=1333, 99.9=1799, 99.99=2397] 
2021-02-27 18:53:05:830 167 sec: 1206891 operations; 7710 current ops/sec; est completion in 41 seconds [INSERT: Count=7712, Max=7407, Min=504, Avg=1032.4, 90=1258, 99=1543, 99.9=3681, 99.99=7379] 
2021-02-27 18:53:06:830 168 sec: 1214634 operations; 7743 current ops/sec; est completion in 40 seconds [INSERT: Count=7741, Max=8887, Min=535, Avg=1028.11, 90=1284, 99=1608, 99.9=4927, 99.99=8431] 
2021-02-27 18:53:07:830 169 sec: 1222190 operations; 7556 current ops/sec; est completion in 39 seconds [INSERT: Count=7556, Max=3967, Min=533, Avg=1053.76, 90=1315, 99=1604, 99.9=2309, 99.99=3465] 
2021-02-27 18:53:08:830 170 sec: 1229843 operations; 7653 current ops/sec; est completion in 38 seconds [INSERT: Count=7654, Max=12607, Min=508, Avg=1040.06, 90=1287, 99=1621, 99.9=8775, 99.99=10127] 
2021-02-27 18:53:09:830 171 sec: 1237690 operations; 7847 current ops/sec; est completion in 37 seconds [INSERT: Count=7845, Max=4223, Min=534, Avg=1015.04, 90=1235, 99=1493, 99.9=1720, 99.99=3985] 
2021-02-27 18:53:10:830 172 sec: 1246434 operations; 8744 current ops/sec; est completion in 35 seconds [INSERT: Count=8746, Max=4041, Min=514, Avg=910.02, 90=1085, 99=1272, 99.9=1434, 99.99=2933] 
2021-02-27 18:53:11:830 173 sec: 1255276 operations; 8842 current ops/sec; est completion in 34 seconds [INSERT: Count=8841, Max=11895, Min=507, Avg=899.79, 90=1065, 99=1293, 99.9=2067, 99.99=9591] 
2021-02-27 18:53:12:830 174 sec: 1263898 operations; 8622 current ops/sec; est completion in 33 seconds [INSERT: Count=8623, Max=21007, Min=491, Avg=922.86, 90=1069, 99=1272, 99.9=3799, 99.99=12255] 
2021-02-27 18:53:13:830 175 sec: 1272245 operations; 8347 current ops/sec; est completion in 32 seconds [INSERT: Count=8347, Max=6055, Min=531, Avg=952.3, 90=1109, 99=1315, 99.9=2125, 99.99=2731] 
2021-02-27 18:53:14:830 176 sec: 1280796 operations; 8551 current ops/sec; est completion in 31 seconds [INSERT: Count=8551, Max=9975, Min=510, Avg=929.02, 90=1124, 99=1363, 99.9=1588, 99.99=5631] 
2021-02-27 18:53:15:830 177 sec: 1289260 operations; 8464 current ops/sec; est completion in 29 seconds [INSERT: Count=8464, Max=8967, Min=513, Avg=940.31, 90=1118, 99=1378, 99.9=2411, 99.99=8927] 
2021-02-27 18:53:16:830 178 sec: 1297953 operations; 8693 current ops/sec; est completion in 28 seconds [INSERT: Count=8693, Max=7847, Min=506, Avg=915.61, 90=1090, 99=1290, 99.9=2045, 99.99=7695] 
2021-02-27 18:53:17:830 179 sec: 1306721 operations; 8768 current ops/sec; est completion in 27 seconds [INSERT: Count=8768, Max=3751, Min=521, Avg=907.44, 90=1070, 99=1252, 99.9=1435, 99.99=2583] 
2021-02-27 18:53:18:830 180 sec: 1315618 operations; 8897 current ops/sec; est completion in 26 seconds [INSERT: Count=8901, Max=8051, Min=513, Avg=894.16, 90=1051, 99=1269, 99.9=2195, 99.99=7919] 
2021-02-27 18:53:19:830 181 sec: 1324141 operations; 8523 current ops/sec; est completion in 25 seconds [INSERT: Count=8520, Max=3417, Min=533, Avg=933.52, 90=1101, 99=1285, 99.9=1452, 99.99=1832] 
2021-02-27 18:53:20:830 182 sec: 1332773 operations; 8632 current ops/sec; est completion in 23 seconds [INSERT: Count=8632, Max=2633, Min=503, Avg=921.71, 90=1089, 99=1288, 99.9=1467, 99.99=2515] 
2021-02-27 18:53:21:830 183 sec: 1341154 operations; 8381 current ops/sec; est completion in 22 seconds [INSERT: Count=8379, Max=11239, Min=530, Avg=949.74, 90=1081, 99=1270, 99.9=1801, 99.99=10767] 
2021-02-27 18:53:22:830 184 sec: 1349588 operations; 8434 current ops/sec; est completion in 21 seconds [INSERT: Count=8434, Max=3587, Min=536, Avg=943.82, 90=1102, 99=1324, 99.9=1864, 99.99=3575] 
2021-02-27 18:53:23:830 185 sec: 1358020 operations; 8432 current ops/sec; est completion in 20 seconds [INSERT: Count=8430, Max=13751, Min=503, Avg=943.89, 90=1095, 99=1346, 99.9=9415, 99.99=13663] 
2021-02-27 18:53:24:830 186 sec: 1366612 operations; 8592 current ops/sec; est completion in 19 seconds [INSERT: Count=8598, Max=3599, Min=511, Avg=926.11, 90=1110, 99=1318, 99.9=1491, 99.99=3477] 
2021-02-27 18:53:25:830 187 sec: 1374935 operations; 8323 current ops/sec; est completion in 18 seconds [INSERT: Count=8318, Max=2963, Min=543, Avg=956.33, 90=1138, 99=1347, 99.9=1853, 99.99=2803] 
2021-02-27 18:53:26:830 188 sec: 1383395 operations; 8460 current ops/sec; est completion in 16 seconds [INSERT: Count=8462, Max=3759, Min=532, Avg=940.56, 90=1107, 99=1304, 99.9=1525, 99.99=2903] 
2021-02-27 18:53:27:830 189 sec: 1391865 operations; 8470 current ops/sec; est completion in 15 seconds [INSERT: Count=8468, Max=3603, Min=517, Avg=939.56, 90=1108, 99=1310, 99.9=1715, 99.99=3409] 
2021-02-27 18:53:28:830 190 sec: 1400361 operations; 8496 current ops/sec; est completion in 14 seconds [INSERT: Count=8496, Max=12599, Min=509, Avg=936.83, 90=1097, 99=1309, 99.9=2163, 99.99=12055] 
2021-02-27 18:53:29:830 191 sec: 1408806 operations; 8445 current ops/sec; est completion in 13 seconds [INSERT: Count=8445, Max=12455, Min=520, Avg=942.51, 90=1111, 99=1330, 99.9=2357, 99.99=12135] 
2021-02-27 18:53:30:830 192 sec: 1417195 operations; 8389 current ops/sec; est completion in 12 seconds [INSERT: Count=8390, Max=10079, Min=502, Avg=948.6, 90=1106, 99=1320, 99.9=8639, 99.99=9863] 
2021-02-27 18:53:31:830 193 sec: 1425518 operations; 8323 current ops/sec; est completion in 11 seconds [INSERT: Count=8321, Max=13783, Min=543, Avg=955.96, 90=1113, 99=1319, 99.9=1600, 99.99=13631] 
2021-02-27 18:53:32:830 194 sec: 1433828 operations; 8310 current ops/sec; est completion in 9 second [INSERT: Count=8312, Max=3153, Min=526, Avg=957.57, 90=1118, 99=1316, 99.9=1593, 99.99=2601] 
2021-02-27 18:53:33:830 195 sec: 1441461 operations; 7633 current ops/sec; est completion in 8 second [INSERT: Count=7635, Max=13927, Min=523, Avg=1043.12, 90=1293, 99=1636, 99.9=8319, 99.99=9143] 
2021-02-27 18:53:34:830 196 sec: 1449319 operations; 7858 current ops/sec; est completion in 7 second [INSERT: Count=7855, Max=3621, Min=518, Avg=1013.65, 90=1265, 99=1546, 99.9=1738, 99.99=3563] 
2021-02-27 18:53:35:830 197 sec: 1456603 operations; 7284 current ops/sec; est completion in 6 second [INSERT: Count=7286, Max=11823, Min=522, Avg=1093.32, 90=1337, 99=1647, 99.9=11407, 99.99=11799] 
2021-02-27 18:53:36:830 198 sec: 1464262 operations; 7659 current ops/sec; est completion in 5 second [INSERT: Count=7661, Max=10903, Min=523, Avg=1039.99, 90=1277, 99=1582, 99.9=2763, 99.99=5771] 
2021-02-27 18:53:37:830 199 sec: 1471929 operations; 7667 current ops/sec; est completion in 4 second [INSERT: Count=7663, Max=7995, Min=539, Avg=1037.97, 90=1252, 99=1536, 99.9=4991, 99.99=7679] 
2021-02-27 18:53:38:830 200 sec: 1479613 operations; 7684 current ops/sec; est completion in 3 second [INSERT: Count=7685, Max=21439, Min=533, Avg=1036.38, 90=1169, 99=1470, 99.9=11439, 99.99=21327] 
2021-02-27 18:53:39:830 201 sec: 1488306 operations; 8693 current ops/sec; est completion in 2 second [INSERT: Count=8694, Max=10847, Min=513, Avg=915.25, 90=1079, 99=1275, 99.9=2989, 99.99=10567] 
2021-02-27 18:53:40:830 202 sec: 1496716 operations; 8410 current ops/sec; est completion in 1 second [CLEANUP: Count=4, Max=9, Min=4, Avg=5.75, 90=9, 99=9, 99.9=9, 99.99=9] [INSERT: Count=8411, Max=5935, Min=476, Avg=842.44, 90=1034, 99=1243, 99.9=4131, 99.99=5911] 
2021-02-27 18:53:41:677 202 sec: 1500000 operations; 3872.64 current ops/sec; [CLEANUP: Count=4, Max=5, Min=4, Avg=4.5, 90=5, 99=5, 99.9=5, 99.99=5] [INSERT: Count=3280, Max=4339, Min=469, Avg=544.49, 90=631, 99=794, 99.9=1293, 99.99=4339] 
[OVERALL], RunTime(ms), 202848
[OVERALL], Throughput(ops/sec), 7394.699479413157
[TOTAL_GCS_G1_Young_Generation], Count, 29
[TOTAL_GC_TIME_G1_Young_Generation], Time(ms), 522
[TOTAL_GC_TIME_%_G1_Young_Generation], Time(%), 0.2573355418835778
[TOTAL_GCS_G1_Old_Generation], Count, 0
[TOTAL_GC_TIME_G1_Old_Generation], Time(ms), 0
[TOTAL_GC_TIME_%_G1_Old_Generation], Time(%), 0.0
[TOTAL_GCs], Count, 29
[TOTAL_GC_TIME], Time(ms), 522
[TOTAL_GC_TIME_%], Time(%), 0.2573355418835778
[CLEANUP], Operations, 8
[CLEANUP], AverageLatency(us), 5.125
[CLEANUP], MinLatency(us), 4
[CLEANUP], MaxLatency(us), 9
[CLEANUP], 95thPercentileLatency(us), 9
[CLEANUP], 99thPercentileLatency(us), 9
[INSERT], Operations, 1500000
[INSERT], AverageLatency(us), 1071.9254933333334
[INSERT], MinLatency(us), 469
[INSERT], MaxLatency(us), 2050047
[INSERT], 95thPercentileLatency(us), 1607
[INSERT], 99thPercentileLatency(us), 2377
[INSERT], Return=OK, 1500000
