2020-10-17 15:20:41.000 [main] INFO  smarttrie.app.server.Server - No previews checkpoints to restore
2020-10-17 15:20:41.002 [main] INFO  smarttrie.app.server.Server - Re-executing remaining commands from log
2020-10-17 15:20:41.029 [main] INFO  smarttrie.app.server.Server - Replica state has been restored with last id CID(-1)
2020-10-17 15:20:41.081 [main] INFO  b.r.ServerViewController - Using view stored on disk
2020-10-17 15:20:41.550 [main] INFO  b.c.c.n.NettyClientServerCommunicationSystemServerSide - ID = 0
2020-10-17 15:20:41.551 [main] INFO  b.c.c.n.NettyClientServerCommunicationSystemServerSide - N = 1
2020-10-17 15:20:41.551 [main] INFO  b.c.c.n.NettyClientServerCommunicationSystemServerSide - F = 1
2020-10-17 15:20:41.551 [main] INFO  b.c.c.n.NettyClientServerCommunicationSystemServerSide - Port = 11000
2020-10-17 15:20:41.551 [main] INFO  b.c.c.n.NettyClientServerCommunicationSystemServerSide - requestTimeout = 2000
2020-10-17 15:20:41.551 [main] INFO  b.c.c.n.NettyClientServerCommunicationSystemServerSide - maxBatch = 1024
2020-10-17 15:20:41.551 [main] INFO  b.c.c.n.NettyClientServerCommunicationSystemServerSide - Binded replica to IP address 192.168.3.91
2020-10-17 15:20:41.552 [main] INFO  bftsmart.tom.ServiceReplica - In current view: ID:0; F:1; Processes:0(/192.168.3.91:11000),
2020-10-17 15:20:41.656 [Server CS] INFO  s.a.s.Server$InternalStateManager - Replica state is up to date
2020-10-17 15:21:00.901 [nioEventLoopGroup-3-1] INFO  b.c.c.n.NettyClientServerCommunicationSystemServerSide - Session Created, active clients=0
2020-10-17 15:21:47.095 [Delivery Thread] INFO  smarttrie.app.server.Server - Starting replica checkpoint at CID(100000)
2020-10-17 15:21:49.242 [Delivery Thread] INFO  s.app.server.CheckpointAsyncWriter - Saved a checkpoint of 393MB
2020-10-17 15:21:49.242 [Delivery Thread] INFO  smarttrie.app.server.Server - Checkpoint created after 2s
2020-10-17 15:21:49.242 [Delivery Thread] INFO  smarttrie.app.server.Log$ - Truncating log files up to CID(100000)
2020-10-17 15:21:49.256 [Delivery Thread] INFO  smarttrie.app.server.Log$ - Flushing log file /tmp/SmartTrie/files/0000000000-0000100000.log
2020-10-17 15:22:31.518 [Delivery Thread] INFO  smarttrie.app.server.Server - Starting replica checkpoint at CID(200000)
2020-10-17 15:22:33.488 [Delivery Thread] INFO  s.app.server.CheckpointAsyncWriter - Saved a checkpoint of 787MB
2020-10-17 15:22:33.488 [Delivery Thread] INFO  smarttrie.app.server.Server - Checkpoint created after 1s
2020-10-17 15:22:33.488 [Delivery Thread] INFO  smarttrie.app.server.Log$ - Truncating log files up to CID(200000)
2020-10-17 15:22:33.490 [Delivery Thread] INFO  smarttrie.app.server.Log$ - Flushing log file /tmp/SmartTrie/files/0000100001-0000200000.log
2020-10-17 15:23:14.319 [Delivery Thread] INFO  smarttrie.app.server.Server - Starting replica checkpoint at CID(300000)
2020-10-17 15:23:18.953 [Delivery Thread] INFO  s.app.server.CheckpointAsyncWriter - Saved a checkpoint of 1180MB
2020-10-17 15:23:18.953 [Delivery Thread] INFO  smarttrie.app.server.Server - Checkpoint created after 4s
2020-10-17 15:23:18.953 [Delivery Thread] INFO  smarttrie.app.server.Log$ - Truncating log files up to CID(300000)
2020-10-17 15:23:18.955 [Delivery Thread] INFO  smarttrie.app.server.Log$ - Flushing log file /tmp/SmartTrie/files/0000200001-0000300000.log
2020-10-17 15:24:01.362 [Delivery Thread] INFO  smarttrie.app.server.Server - Starting replica checkpoint at CID(400000)
2020-10-17 15:24:06.392 [Delivery Thread] INFO  s.app.server.CheckpointAsyncWriter - Saved a checkpoint of 1574MB
2020-10-17 15:24:06.392 [Delivery Thread] INFO  smarttrie.app.server.Server - Checkpoint created after 5s
2020-10-17 15:24:06.392 [Delivery Thread] INFO  smarttrie.app.server.Log$ - Truncating log files up to CID(400000)
2020-10-17 15:24:06.393 [Delivery Thread] INFO  smarttrie.app.server.Log$ - Flushing log file /tmp/SmartTrie/files/0000300001-0000400000.log
2020-10-17 15:24:49.665 [nioEventLoopGroup-3-1] INFO  b.c.c.n.NettyClientServerCommunicationSystemServerSide - Removing client channel with ID= 0
2020-10-17 15:24:49.665 [nioEventLoopGroup-3-1] INFO  b.c.c.n.NettyClientServerCommunicationSystemServerSide - Active clients=0
2020-10-17 15:25:10.208 [nioEventLoopGroup-3-2] INFO  b.c.c.n.NettyClientServerCommunicationSystemServerSide - Session Created, active clients=0
2020-10-17 15:25:10.278 [Delivery Thread] INFO  smarttrie.app.server.Server - Starting replica checkpoint at CID(500000)
2020-10-17 15:25:15.386 [Delivery Thread] INFO  s.app.server.CheckpointAsyncWriter - Saved a checkpoint of 1967MB
2020-10-17 15:25:15.386 [Delivery Thread] INFO  smarttrie.app.server.Server - Checkpoint created after 5s
2020-10-17 15:25:15.386 [Delivery Thread] INFO  smarttrie.app.server.Log$ - Truncating log files up to CID(500000)
2020-10-17 15:25:15.386 [Delivery Thread] INFO  smarttrie.app.server.Log$ - Flushing log file /tmp/SmartTrie/files/0000400001-0000500000.log
2020-10-17 15:26:07.790 [Delivery Thread] INFO  smarttrie.app.server.Server - Starting replica checkpoint at CID(600000)
2020-10-17 15:26:13.590 [Delivery Thread] INFO  s.app.server.CheckpointAsyncWriter - Saved a checkpoint of 1967MB
2020-10-17 15:26:13.590 [Delivery Thread] INFO  smarttrie.app.server.Server - Checkpoint created after 5s
2020-10-17 15:26:13.590 [Delivery Thread] INFO  smarttrie.app.server.Log$ - Truncating log files up to CID(600000)
2020-10-17 15:26:13.591 [Delivery Thread] INFO  smarttrie.app.server.Log$ - Flushing log file /tmp/SmartTrie/files/0000500001-0000600000.log
2020-10-17 15:27:08.265 [Delivery Thread] INFO  smarttrie.app.server.Server - Starting replica checkpoint at CID(700000)
2020-10-17 15:27:14.678 [Delivery Thread] INFO  s.app.server.CheckpointAsyncWriter - Saved a checkpoint of 1967MB
2020-10-17 15:27:14.678 [Delivery Thread] INFO  smarttrie.app.server.Server - Checkpoint created after 6s
2020-10-17 15:27:14.678 [Delivery Thread] INFO  smarttrie.app.server.Log$ - Truncating log files up to CID(700000)
2020-10-17 15:27:14.679 [Delivery Thread] INFO  smarttrie.app.server.Log$ - Flushing log file /tmp/SmartTrie/files/0000600001-0000700000.log
2020-10-17 15:28:08.739 [Delivery Thread] INFO  smarttrie.app.server.Server - Starting replica checkpoint at CID(800000)
2020-10-17 15:28:14.559 [Delivery Thread] INFO  s.app.server.CheckpointAsyncWriter - Saved a checkpoint of 1967MB
2020-10-17 15:28:14.559 [Delivery Thread] INFO  smarttrie.app.server.Server - Checkpoint created after 5s
2020-10-17 15:28:14.560 [Delivery Thread] INFO  smarttrie.app.server.Log$ - Truncating log files up to CID(800000)
2020-10-17 15:28:14.560 [Delivery Thread] INFO  smarttrie.app.server.Log$ - Flushing log file /tmp/SmartTrie/files/0000700001-0000800000.log
2020-10-17 15:29:07.503 [Delivery Thread] INFO  smarttrie.app.server.Server - Starting replica checkpoint at CID(900000)
2020-10-17 15:29:13.083 [Delivery Thread] INFO  s.app.server.CheckpointAsyncWriter - Saved a checkpoint of 1967MB
2020-10-17 15:29:13.083 [Delivery Thread] INFO  smarttrie.app.server.Server - Checkpoint created after 5s
2020-10-17 15:29:13.083 [Delivery Thread] INFO  smarttrie.app.server.Log$ - Truncating log files up to CID(900000)
2020-10-17 15:29:13.084 [Delivery Thread] INFO  smarttrie.app.server.Log$ - Flushing log file /tmp/SmartTrie/files/0000800001-0000900000.log
2020-10-17 15:30:01.312 [nioEventLoopGroup-3-2] INFO  b.c.c.n.NettyClientServerCommunicationSystemServerSide - Removing client channel with ID= 0
2020-10-17 15:30:01.312 [nioEventLoopGroup-3-2] INFO  b.c.c.n.NettyClientServerCommunicationSystemServerSide - Active clients=0
