Command line: -load -s -db smarttrie.app.client.Client -threads 8 -P config/workload -p recordcount=2621440
YCSB Client 0.17.0

Loading workload...
Starting test.
DBWrapper: report latency for each error is false and specific error codes to track for latency are: []
DBWrapper: report latency for each error is false and specific error codes to track for latency are: []
DBWrapper: report latency for each error is false and specific error codes to track for latency are: []
DBWrapper: report latency for each error is false and specific error codes to track for latency are: []
DBWrapper: report latency for each error is false and specific error codes to track for latency are: []
DBWrapper: report latency for each error is false and specific error codes to track for latency are: []
DBWrapper: report latency for each error is false and specific error codes to track for latency are: []
DBWrapper: report latency for each error is false and specific error codes to track for latency are: []
2021-02-28 20:03:25:748 0 sec: 0 operations; est completion in 106751991167300 days 15 hours 
2021-02-28 20:03:26:631 1 sec: 0 operations; est completion in 106751991167300 days 15 hours 
2021-02-28 20:03:27.032 [Thread-6] INFO  b.c.c.n.NettyClientServerCommunicationSystemClientSide - Connecting to replica 0 at /192.168.3.41:11000
2021-02-28 20:03:27.035 [Thread-2] INFO  b.c.c.n.NettyClientServerCommunicationSystemClientSide - Connecting to replica 0 at /192.168.3.41:11000
2021-02-28 20:03:27.047 [Thread-4] INFO  b.c.c.n.NettyClientServerCommunicationSystemClientSide - Connecting to replica 0 at /192.168.3.41:11000
2021-02-28 20:03:27.042 [Thread-5] INFO  b.c.c.n.NettyClientServerCommunicationSystemClientSide - Connecting to replica 0 at /192.168.3.41:11000
2021-02-28 20:03:27.042 [Thread-3] INFO  b.c.c.n.NettyClientServerCommunicationSystemClientSide - Connecting to replica 0 at /192.168.3.41:11000
2021-02-28 20:03:27.032 [Thread-7] INFO  b.c.c.n.NettyClientServerCommunicationSystemClientSide - Connecting to replica 0 at /192.168.3.41:11000
2021-02-28 20:03:27.040 [Thread-8] INFO  b.c.c.n.NettyClientServerCommunicationSystemClientSide - Connecting to replica 0 at /192.168.3.41:11000
2021-02-28 20:03:27.032 [Thread-9] INFO  b.c.c.n.NettyClientServerCommunicationSystemClientSide - Connecting to replica 0 at /192.168.3.41:11000
2021-02-28 20:03:27.094 [nioEventLoopGroup-3-1] INFO  b.c.c.n.NettyClientServerCommunicationSystemClientSide - Channel active
2021-02-28 20:03:27.094 [nioEventLoopGroup-2-1] INFO  b.c.c.n.NettyClientServerCommunicationSystemClientSide - Channel active
2021-02-28 20:03:27.095 [nioEventLoopGroup-4-1] INFO  b.c.c.n.NettyClientServerCommunicationSystemClientSide - Channel active
2021-02-28 20:03:27.096 [nioEventLoopGroup-6-1] INFO  b.c.c.n.NettyClientServerCommunicationSystemClientSide - Channel active
2021-02-28 20:03:27.096 [nioEventLoopGroup-7-1] INFO  b.c.c.n.NettyClientServerCommunicationSystemClientSide - Channel active
2021-02-28 20:03:27.097 [nioEventLoopGroup-5-1] INFO  b.c.c.n.NettyClientServerCommunicationSystemClientSide - Channel active
2021-02-28 20:03:27.094 [nioEventLoopGroup-9-1] INFO  b.c.c.n.NettyClientServerCommunicationSystemClientSide - Channel active
2021-02-28 20:03:27.094 [nioEventLoopGroup-8-1] INFO  b.c.c.n.NettyClientServerCommunicationSystemClientSide - Channel active
2021-02-28 20:03:27:630 2 sec: 0 operations; est completion in 106751991167300 days 15 hours 
2021-02-28 20:03:28:631 3 sec: 1117 operations; 1117 current ops/sec; est completion in 1 hour 57 minutes [INSERT: Count=1124, Max=2006015, Min=2654, Avg=20888.36, 90=10511, 99=18207, 99.9=2006015, 99.99=2006015] 
2021-02-28 20:03:29:631 4 sec: 3070 operations; 1953 current ops/sec; est completion in 56 minutes [INSERT: Count=1948, Max=11927, Min=1317, Avg=4043.73, 90=5431, 99=7883, 99.9=11671, 99.99=11927] 
2021-02-28 20:03:30:632 5 sec: 6036 operations; 2966 current ops/sec; est completion in 36 minutes [INSERT: Count=2964, Max=43807, Min=1118, Avg=2656.57, 90=3425, 99=5467, 99.9=39263, 99.99=43807] 
2021-02-28 20:03:31:631 6 sec: 9319 operations; 3283 current ops/sec; est completion in 28 minutes [INSERT: Count=3283, Max=40127, Min=812, Avg=2398.27, 90=3023, 99=5683, 99.9=35455, 99.99=40127] 
2021-02-28 20:03:32:631 7 sec: 13085 operations; 3766 current ops/sec; est completion in 23 minutes [INSERT: Count=3767, Max=25855, Min=808, Avg=2094.16, 90=2651, 99=4041, 99.9=23631, 99.99=25855] 
2021-02-28 20:03:33:631 8 sec: 17058 operations; 3973 current ops/sec; est completion in 20 minutes [INSERT: Count=3974, Max=15239, Min=692, Avg=1993.81, 90=2509, 99=4595, 99.9=10895, 99.99=15239] 
2021-02-28 20:03:34:631 9 sec: 21285 operations; 4227 current ops/sec; est completion in 18 minutes [INSERT: Count=4226, Max=14311, Min=643, Avg=1877.11, 90=2307, 99=5259, 99.9=12367, 99.99=14311] 
2021-02-28 20:03:35:631 10 sec: 26383 operations; 5098 current ops/sec; est completion in 16 minutes [INSERT: Count=5102, Max=34367, Min=628, Avg=1555.88, 90=1866, 99=2779, 99.9=32431, 99.99=34111] 
2021-02-28 20:03:36:631 11 sec: 31691 operations; 5308 current ops/sec; est completion in 14 minutes [INSERT: Count=5308, Max=11967, Min=606, Avg=1500.35, 90=1808, 99=5143, 99.9=11471, 99.99=11815] 
2021-02-28 20:03:37:631 12 sec: 37416 operations; 5725 current ops/sec; est completion in 13 minutes [INSERT: Count=5725, Max=17807, Min=588, Avg=1391.13, 90=1664, 99=3551, 99.9=10799, 99.99=12271] 
2021-02-28 20:03:38:631 13 sec: 43750 operations; 6334 current ops/sec; est completion in 12 minutes [INSERT: Count=6334, Max=23583, Min=536, Avg=1255.59, 90=1523, 99=2761, 99.9=22079, 99.99=23503] 
2021-02-28 20:03:39:631 14 sec: 50993 operations; 7243 current ops/sec; est completion in 11 minutes [INSERT: Count=7243, Max=13591, Min=530, Avg=1098.73, 90=1292, 99=1853, 99.9=12767, 99.99=13591] 
2021-02-28 20:03:40:631 15 sec: 57925 operations; 6932 current ops/sec; est completion in 11 minutes [INSERT: Count=6931, Max=17727, Min=549, Avg=1146.12, 90=1389, 99=2281, 99.9=8719, 99.99=12999] 
2021-02-28 20:03:41:631 16 sec: 64491 operations; 6566 current ops/sec; est completion in 10 minutes [INSERT: Count=6571, Max=25519, Min=595, Avg=1209.8, 90=1672, 99=2491, 99.9=22719, 99.99=24031] 
2021-02-28 20:03:42:631 17 sec: 70968 operations; 6477 current ops/sec; est completion in 10 minutes [INSERT: Count=6473, Max=8223, Min=565, Avg=1227.16, 90=1742, 99=2623, 99.9=5563, 99.99=8019] 
2021-02-28 20:03:43:631 18 sec: 77419 operations; 6451 current ops/sec; est completion in 9 minutes [INSERT: Count=6451, Max=6503, Min=578, Avg=1233.45, 90=1707, 99=2543, 99.9=4103, 99.99=6475] 
2021-02-28 20:03:44:631 19 sec: 83725 operations; 6306 current ops/sec; est completion in 9 minutes [INSERT: Count=6302, Max=7763, Min=571, Avg=1263.4, 90=1717, 99=2491, 99.9=6291, 99.99=7435] 
2021-02-28 20:03:45:631 20 sec: 90184 operations; 6459 current ops/sec; est completion in 9 minutes [INSERT: Count=6463, Max=12775, Min=553, Avg=1232.3, 90=1705, 99=2685, 99.9=6031, 99.99=7883] 
2021-02-28 20:03:46:631 21 sec: 96469 operations; 6285 current ops/sec; est completion in 9 minutes [INSERT: Count=6290, Max=32799, Min=534, Avg=1256.58, 90=1696, 99=3095, 99.9=31583, 99.99=32671] 
2021-02-28 20:03:47:631 22 sec: 103981 operations; 7512 current ops/sec; est completion in 8 minutes [INSERT: Count=7502, Max=13607, Min=544, Avg=1050.81, 90=1236, 99=1653, 99.9=8583, 99.99=9071] 
2021-02-28 20:03:48:631 23 sec: 111502 operations; 7521 current ops/sec; est completion in 8 minutes [INSERT: Count=7526, Max=11871, Min=541, Avg=1060.81, 90=1240, 99=1591, 99.9=8143, 99.99=11695] 
2021-02-28 20:03:49:631 24 sec: 119327 operations; 7825 current ops/sec; est completion in 8 minutes [INSERT: Count=7826, Max=14263, Min=515, Avg=1015.81, 90=1233, 99=1519, 99.9=6467, 99.99=14199] 
2021-02-28 20:03:50:631 25 sec: 126873 operations; 7546 current ops/sec; est completion in 8 minutes [INSERT: Count=7547, Max=30047, Min=507, Avg=1053.93, 90=1243, 99=1603, 99.9=6491, 99.99=25135] 
2021-02-28 20:03:51:631 26 sec: 134794 operations; 7921 current ops/sec; est completion in 8 minutes [INSERT: Count=7921, Max=9687, Min=479, Avg=1004.87, 90=1219, 99=1536, 99.9=7471, 99.99=9447] 
2021-02-28 20:03:52:631 27 sec: 143081 operations; 8287 current ops/sec; est completion in 7 minutes [INSERT: Count=8285, Max=5267, Min=531, Avg=960.3, 90=1163, 99=1446, 99.9=3097, 99.99=4859] 
2021-02-28 20:03:53:631 28 sec: 151346 operations; 8265 current ops/sec; est completion in 7 minutes [INSERT: Count=8266, Max=12663, Min=500, Avg=962.64, 90=1170, 99=1441, 99.9=5195, 99.99=6027] 
2021-02-28 20:03:54:631 29 sec: 158778 operations; 7432 current ops/sec; est completion in 7 minutes [INSERT: Count=7432, Max=16135, Min=515, Avg=1070.88, 90=1242, 99=1714, 99.9=15655, 99.99=16087] 
2021-02-28 20:03:55:630 30 sec: 167221 operations; 8443 current ops/sec; est completion in 7 minutes [INSERT: Count=8442, Max=19327, Min=521, Avg=940.34, 90=1102, 99=1346, 99.9=13223, 99.99=19199] 
2021-02-28 20:03:56:648 31 sec: 176090 operations; 8712.18 current ops/sec; est completion in 7 minutes [INSERT: Count=8872, Max=27599, Min=507, Avg=911.82, 90=1067, 99=1290, 99.9=10255, 99.99=27471] 
2021-02-28 20:03:57:631 32 sec: 183434 operations; 7478.62 current ops/sec; est completion in 7 minutes [INSERT: Count=7365, Max=6135, Min=521, Avg=1063.35, 90=1426, 99=2355, 99.9=5507, 99.99=5995] 
2021-02-28 20:03:58:631 33 sec: 190146 operations; 6712 current ops/sec; est completion in 7 minutes [INSERT: Count=6688, Max=19167, Min=538, Avg=1188.33, 90=1678, 99=2451, 99.9=6167, 99.99=18207] 
2021-02-28 20:03:59:630 34 sec: 196878 operations; 6732 current ops/sec; est completion in 6 minutes [INSERT: Count=6730, Max=5563, Min=558, Avg=1183.29, 90=1652, 99=2333, 99.9=3867, 99.99=5331] 
2021-02-28 20:04:00:630 35 sec: 203571 operations; 6693 current ops/sec; est completion in 6 minutes [INSERT: Count=6696, Max=17647, Min=530, Avg=1189.7, 90=1644, 99=2393, 99.9=3109, 99.99=17247] 
2021-02-28 20:04:01:630 36 sec: 210364 operations; 6793 current ops/sec; est completion in 6 minutes [INSERT: Count=6790, Max=5623, Min=572, Avg=1172.44, 90=1646, 99=2457, 99.9=4643, 99.99=5279] 
2021-02-28 20:04:02:630 37 sec: 217259 operations; 6895 current ops/sec; est completion in 6 minutes [INSERT: Count=6894, Max=11503, Min=560, Avg=1153.8, 90=1597, 99=2509, 99.9=4255, 99.99=11335] 
2021-02-28 20:04:03:630 38 sec: 224087 operations; 6828 current ops/sec; est completion in 6 minutes [INSERT: Count=6831, Max=6243, Min=565, Avg=1165.65, 90=1630, 99=2349, 99.9=4979, 99.99=6171] 
2021-02-28 20:04:04:630 39 sec: 230432 operations; 6345 current ops/sec; est completion in 6 minutes [INSERT: Count=6342, Max=12727, Min=544, Avg=1255, 90=1727, 99=2959, 99.9=7855, 99.99=8287] 
2021-02-28 20:04:05:630 40 sec: 238176 operations; 7744 current ops/sec; est completion in 6 minutes [INSERT: Count=7745, Max=29615, Min=527, Avg=1023.7, 90=1206, 99=1543, 99.9=10511, 99.99=29183] 
2021-02-28 20:04:06:630 41 sec: 246754 operations; 8578 current ops/sec; est completion in 6 minutes [INSERT: Count=8578, Max=5987, Min=491, Avg=927.45, 90=1099, 99=1297, 99.9=5603, 99.99=5943] 
2021-02-28 20:04:07:630 42 sec: 255242 operations; 8488 current ops/sec; est completion in 6 minutes [INSERT: Count=8487, Max=8215, Min=509, Avg=937.09, 90=1111, 99=1323, 99.9=4447, 99.99=8207] 
2021-02-28 20:04:08:630 43 sec: 263428 operations; 8186 current ops/sec; est completion in 6 minutes [INSERT: Count=8187, Max=8175, Min=511, Avg=971.23, 90=1179, 99=1469, 99.9=4627, 99.99=7735] 
2021-02-28 20:04:09:630 44 sec: 272220 operations; 8792 current ops/sec; est completion in 6 minutes [INSERT: Count=8792, Max=12671, Min=494, Avg=905.53, 90=1069, 99=1283, 99.9=2789, 99.99=11535] 
2021-02-28 20:04:10:630 45 sec: 280672 operations; 8452 current ops/sec; est completion in 6 minutes [INSERT: Count=8454, Max=3747, Min=506, Avg=941.43, 90=1082, 99=1300, 99.9=1762, 99.99=3717] 
2021-02-28 20:04:11:631 46 sec: 289262 operations; 8590 current ops/sec; est completion in 6 minutes [INSERT: Count=8594, Max=9583, Min=535, Avg=925.9, 90=1097, 99=1272, 99.9=2004, 99.99=9255] 
2021-02-28 20:04:12:630 47 sec: 297426 operations; 8164 current ops/sec; est completion in 6 minutes [INSERT: Count=8158, Max=28991, Min=540, Avg=973.9, 90=1139, 99=1415, 99.9=10263, 99.99=28639] 
2021-02-28 20:04:13:631 48 sec: 306000 operations; 8574 current ops/sec; est completion in 6 minutes [INSERT: Count=8573, Max=12751, Min=509, Avg=926.72, 90=1097, 99=1367, 99.9=10871, 99.99=12231] 
2021-02-28 20:04:14:630 49 sec: 314696 operations; 8696 current ops/sec; est completion in 6 minutes [INSERT: Count=8699, Max=13543, Min=505, Avg=912.19, 90=1086, 99=1298, 99.9=5539, 99.99=11967] 
2021-02-28 20:04:15:630 50 sec: 323334 operations; 8638 current ops/sec; est completion in 5 minutes [INSERT: Count=8636, Max=4543, Min=516, Avg=921.8, 90=1081, 99=1290, 99.9=3641, 99.99=4081] 
2021-02-28 20:04:16:630 51 sec: 331931 operations; 8597 current ops/sec; est completion in 5 minutes [INSERT: Count=8598, Max=7551, Min=519, Avg=925.03, 90=1090, 99=1321, 99.9=5275, 99.99=6235] 
2021-02-28 20:04:17:630 52 sec: 340518 operations; 8587 current ops/sec; est completion in 5 minutes [INSERT: Count=8586, Max=10655, Min=512, Avg=927.07, 90=1092, 99=1316, 99.9=5107, 99.99=9423] 
2021-02-28 20:04:18:631 53 sec: 348037 operations; 7519 current ops/sec; est completion in 5 minutes [INSERT: Count=7521, Max=16087, Min=507, Avg=1059.25, 90=1292, 99=2203, 99.9=6579, 99.99=16007] 
2021-02-28 20:04:19:631 54 sec: 354932 operations; 6895 current ops/sec; est completion in 5 minutes [INSERT: Count=6892, Max=14759, Min=577, Avg=1155.05, 90=1623, 99=2343, 99.9=3911, 99.99=13591] 
2021-02-28 20:04:20:630 55 sec: 361691 operations; 6759 current ops/sec; est completion in 5 minutes [INSERT: Count=6758, Max=27871, Min=567, Avg=1177.55, 90=1624, 99=2315, 99.9=26991, 99.99=27631] 
2021-02-28 20:04:21:631 56 sec: 368411 operations; 6720 current ops/sec; est completion in 5 minutes [INSERT: Count=6725, Max=10871, Min=551, Avg=1185.77, 90=1679, 99=2421, 99.9=4037, 99.99=8783] 
2021-02-28 20:04:22:630 57 sec: 375190 operations; 6779 current ops/sec; est completion in 5 minutes [INSERT: Count=6775, Max=13087, Min=542, Avg=1175.19, 90=1624, 99=2409, 99.9=4695, 99.99=12783] 
2021-02-28 20:04:23:631 58 sec: 382109 operations; 6919 current ops/sec; est completion in 5 minutes [INSERT: Count=6919, Max=13575, Min=557, Avg=1150.86, 90=1607, 99=2337, 99.9=4215, 99.99=7539] 
2021-02-28 20:04:24:630 59 sec: 389004 operations; 6895 current ops/sec; est completion in 5 minutes [INSERT: Count=6895, Max=5895, Min=540, Avg=1154.94, 90=1604, 99=2371, 99.9=4431, 99.99=5687] 
2021-02-28 20:04:25:630 60 sec: 396039 operations; 7035 current ops/sec; est completion in 5 minutes [INSERT: Count=7033, Max=7011, Min=555, Avg=1131.09, 90=1592, 99=2391, 99.9=5539, 99.99=6531] 
2021-02-28 20:04:26:632 61 sec: 403096 operations; 7057 current ops/sec; est completion in 5 minutes [INSERT: Count=7068, Max=9039, Min=540, Avg=1128.87, 90=1629, 99=2341, 99.9=3133, 99.99=7799] 
2021-02-28 20:04:27:631 62 sec: 410052 operations; 6956 current ops/sec; est completion in 5 minutes [INSERT: Count=6945, Max=7695, Min=551, Avg=1144.37, 90=1645, 99=2409, 99.9=5111, 99.99=6891] 
2021-02-28 20:04:28:633 63 sec: 416852 operations; 6786.43 current ops/sec; est completion in 5 minutes [INSERT: Count=6803, Max=10503, Min=563, Avg=1173.79, 90=1678, 99=2329, 99.9=3201, 99.99=9343] 
2021-02-28 20:04:29:630 64 sec: 423489 operations; 6650.3 current ops/sec; est completion in 5 minutes [INSERT: Count=6635, Max=33119, Min=536, Avg=1197.02, 90=1589, 99=2429, 99.9=31567, 99.99=32527] 
2021-02-28 20:04:30:630 65 sec: 430404 operations; 6915 current ops/sec; est completion in 5 minutes [INSERT: Count=6917, Max=5015, Min=565, Avg=1151.04, 90=1575, 99=2261, 99.9=2909, 99.99=4131] 
2021-02-28 20:04:31:630 66 sec: 437254 operations; 6850 current ops/sec; est completion in 5 minutes [INSERT: Count=6849, Max=6071, Min=568, Avg=1162.38, 90=1620, 99=2283, 99.9=4055, 99.99=5631] 
2021-02-28 20:04:32:630 67 sec: 444033 operations; 6779 current ops/sec; est completion in 5 minutes [INSERT: Count=6779, Max=8375, Min=549, Avg=1175.46, 90=1650, 99=2317, 99.9=5303, 99.99=8071] 
2021-02-28 20:04:33:631 68 sec: 451001 operations; 6968 current ops/sec; est completion in 5 minutes [INSERT: Count=6968, Max=5439, Min=534, Avg=1143.22, 90=1585, 99=2333, 99.9=4755, 99.99=5235] 
2021-02-28 20:04:34:630 69 sec: 457921 operations; 6920 current ops/sec; est completion in 5 minutes [INSERT: Count=6919, Max=5391, Min=551, Avg=1150.62, 90=1617, 99=2307, 99.9=4527, 99.99=5231] 
2021-02-28 20:04:35:630 70 sec: 464833 operations; 6912 current ops/sec; est completion in 5 minutes [INSERT: Count=6915, Max=4295, Min=550, Avg=1152.91, 90=1596, 99=2339, 99.9=3333, 99.99=3931] 
2021-02-28 20:04:36:630 71 sec: 471784 operations; 6951 current ops/sec; est completion in 5 minutes [INSERT: Count=6951, Max=11871, Min=547, Avg=1145.84, 90=1624, 99=2431, 99.9=5451, 99.99=11143] 
2021-02-28 20:04:37:630 72 sec: 478694 operations; 6910 current ops/sec; est completion in 5 minutes [INSERT: Count=6909, Max=5995, Min=552, Avg=1153.1, 90=1601, 99=2405, 99.9=5535, 99.99=5795] 
2021-02-28 20:04:38:630 73 sec: 485471 operations; 6777 current ops/sec; est completion in 5 minutes [INSERT: Count=6774, Max=32831, Min=549, Avg=1175.98, 90=1582, 99=2363, 99.9=30415, 99.99=31711] 
2021-02-28 20:04:39:630 74 sec: 492480 operations; 7009 current ops/sec; est completion in 5 minutes [INSERT: Count=7011, Max=5767, Min=552, Avg=1136.56, 90=1618, 99=2335, 99.9=3109, 99.99=4507] 
2021-02-28 20:04:40:630 75 sec: 499543 operations; 7063 current ops/sec; est completion in 5 minutes [INSERT: Count=7062, Max=4715, Min=536, Avg=1127.89, 90=1560, 99=2329, 99.9=4383, 99.99=4703] 
2021-02-28 20:04:41:630 76 sec: 506560 operations; 7017 current ops/sec; est completion in 5 minutes [INSERT: Count=7020, Max=3715, Min=550, Avg=1135.26, 90=1589, 99=2299, 99.9=2989, 99.99=3701] 
2021-02-28 20:04:42:630 77 sec: 513568 operations; 7008 current ops/sec; est completion in 5 minutes [INSERT: Count=7006, Max=4119, Min=565, Avg=1137.29, 90=1543, 99=2339, 99.9=3095, 99.99=4077] 
2021-02-28 20:04:43:630 78 sec: 520546 operations; 6978 current ops/sec; est completion in 5 minutes [INSERT: Count=6980, Max=5367, Min=554, Avg=1141.4, 90=1561, 99=2323, 99.9=4835, 99.99=5335] 
2021-02-28 20:04:44:631 79 sec: 527393 operations; 6847 current ops/sec; est completion in 5 minutes [INSERT: Count=6844, Max=6831, Min=540, Avg=1163.86, 90=1645, 99=2637, 99.9=5927, 99.99=6235] 
2021-02-28 20:04:45:631 80 sec: 534239 operations; 6846 current ops/sec; est completion in 5 minutes [INSERT: Count=6848, Max=11791, Min=534, Avg=1163.76, 90=1657, 99=2345, 99.9=4943, 99.99=11631] 
2021-02-28 20:04:46:630 81 sec: 541156 operations; 6917 current ops/sec; est completion in 5 minutes [INSERT: Count=6918, Max=5123, Min=556, Avg=1151.83, 90=1611, 99=2479, 99.9=4219, 99.99=5099] 
2021-02-28 20:04:47:631 82 sec: 547974 operations; 6818 current ops/sec; est completion in 5 minutes [INSERT: Count=6815, Max=23871, Min=556, Avg=1168.91, 90=1612, 99=2329, 99.9=21119, 99.99=23679] 
2021-02-28 20:04:48:630 83 sec: 555051 operations; 7077 current ops/sec; est completion in 5 minutes [INSERT: Count=7077, Max=5055, Min=547, Avg=1125.29, 90=1637, 99=2313, 99.9=3607, 99.99=4511] 
2021-02-28 20:04:49:631 84 sec: 561988 operations; 6937 current ops/sec; est completion in 5 minutes [INSERT: Count=6936, Max=8171, Min=547, Avg=1148.87, 90=1614, 99=2367, 99.9=3697, 99.99=7591] 
2021-02-28 20:04:50:631 85 sec: 568947 operations; 6959 current ops/sec; est completion in 5 minutes [INSERT: Count=6964, Max=7283, Min=541, Avg=1144.13, 90=1601, 99=2303, 99.9=4259, 99.99=6747] 
2021-02-28 20:04:51:630 86 sec: 575839 operations; 6892 current ops/sec; est completion in 5 minutes [INSERT: Count=6892, Max=13055, Min=563, Avg=1155.8, 90=1641, 99=2355, 99.9=7579, 99.99=9599] 
2021-02-28 20:04:52:630 87 sec: 582859 operations; 7020 current ops/sec; est completion in 5 minutes [INSERT: Count=7018, Max=4511, Min=543, Avg=1135.1, 90=1594, 99=2319, 99.9=3187, 99.99=4443] 
2021-02-28 20:04:53:631 88 sec: 589708 operations; 6849 current ops/sec; est completion in 5 minutes [INSERT: Count=6850, Max=5311, Min=555, Avg=1161.63, 90=1628, 99=2333, 99.9=4311, 99.99=5015] 
2021-02-28 20:04:54:630 89 sec: 596393 operations; 6685 current ops/sec; est completion in 5 minutes [INSERT: Count=6682, Max=17007, Min=580, Avg=1190.4, 90=1674, 99=2351, 99.9=5319, 99.99=8623] 
2021-02-28 20:04:55:630 90 sec: 603132 operations; 6739 current ops/sec; est completion in 5 minutes [INSERT: Count=6741, Max=10367, Min=544, Avg=1181.28, 90=1662, 99=2349, 99.9=3079, 99.99=9559] 
2021-02-28 20:04:56:630 91 sec: 609967 operations; 6835 current ops/sec; est completion in 5 minutes [INSERT: Count=6832, Max=11735, Min=583, Avg=1164.9, 90=1621, 99=2317, 99.9=3483, 99.99=8567] 
2021-02-28 20:04:57:630 92 sec: 616677 operations; 6710 current ops/sec; est completion in 5 minutes [INSERT: Count=6712, Max=34623, Min=542, Avg=1187.15, 90=1619, 99=2337, 99.9=33151, 99.99=34399] 
2021-02-28 20:04:58:630 93 sec: 623591 operations; 6914 current ops/sec; est completion in 4 minutes [INSERT: Count=6914, Max=5979, Min=564, Avg=1152.38, 90=1602, 99=2425, 99.9=5511, 99.99=5671] 
2021-02-28 20:04:59:630 94 sec: 630570 operations; 6979 current ops/sec; est completion in 4 minutes [INSERT: Count=6980, Max=12775, Min=553, Avg=1140.7, 90=1621, 99=2369, 99.9=4219, 99.99=12479] 
2021-02-28 20:05:00:630 95 sec: 637475 operations; 6905 current ops/sec; est completion in 4 minutes [INSERT: Count=6903, Max=5963, Min=575, Avg=1152.47, 90=1608, 99=2371, 99.9=5159, 99.99=5563] 
2021-02-28 20:05:01:631 96 sec: 644377 operations; 6902 current ops/sec; est completion in 4 minutes [INSERT: Count=6905, Max=14703, Min=572, Avg=1154.33, 90=1638, 99=2359, 99.9=3551, 99.99=9047] 
2021-02-28 20:05:02:631 97 sec: 651288 operations; 6911 current ops/sec; est completion in 4 minutes [INSERT: Count=6909, Max=4935, Min=537, Avg=1151.38, 90=1586, 99=2349, 99.9=2835, 99.99=4327] 
2021-02-28 20:05:03:630 98 sec: 657162 operations; 5874 current ops/sec; est completion in 4 minutes [INSERT: Count=5873, Max=13783, Min=574, Avg=1357.44, 90=1903, 99=2981, 99.9=9079, 99.99=12591] 
2021-02-28 20:05:04:630 99 sec: 663670 operations; 6508 current ops/sec; est completion in 4 minutes [INSERT: Count=6512, Max=5095, Min=525, Avg=1224.11, 90=1738, 99=2513, 99.9=3383, 99.99=4667] 
2021-02-28 20:05:05:630 100 sec: 670909 operations; 7239 current ops/sec; est completion in 4 minutes [INSERT: Count=7234, Max=17567, Min=494, Avg=1101.11, 90=1335, 99=2055, 99.9=6043, 99.99=8287] 
2021-02-28 20:05:06:630 101 sec: 678484 operations; 7575 current ops/sec; est completion in 4 minutes [INSERT: Count=7578, Max=12415, Min=540, Avg=1050.49, 90=1295, 99=1632, 99.9=4127, 99.99=12255] 
2021-02-28 20:05:07:630 102 sec: 687129 operations; 8645 current ops/sec; est completion in 4 minutes [INSERT: Count=8647, Max=13823, Min=514, Avg=919.97, 90=1119, 99=1376, 99.9=6287, 99.99=6831] 
2021-02-28 20:05:08:630 103 sec: 695943 operations; 8814 current ops/sec; est completion in 4 minutes [INSERT: Count=8811, Max=8495, Min=517, Avg=903.05, 90=1092, 99=1319, 99.9=2565, 99.99=6551] 
2021-02-28 20:05:09:630 104 sec: 704514 operations; 8571 current ops/sec; est completion in 4 minutes [INSERT: Count=8572, Max=9991, Min=493, Avg=928.59, 90=1106, 99=1341, 99.9=8295, 99.99=9943] 
2021-02-28 20:05:10:630 105 sec: 713515 operations; 9001 current ops/sec; est completion in 4 minutes [INSERT: Count=9001, Max=13975, Min=497, Avg=882.69, 90=1075, 99=1300, 99.9=1647, 99.99=13711] 
2021-02-28 20:05:11:630 106 sec: 722437 operations; 8922 current ops/sec; est completion in 4 minutes [INSERT: Count=8923, Max=3721, Min=506, Avg=891.94, 90=1082, 99=1291, 99.9=2171, 99.99=3435] 
2021-02-28 20:05:12:630 107 sec: 731149 operations; 8712 current ops/sec; est completion in 4 minutes [INSERT: Count=8710, Max=3693, Min=512, Avg=913.98, 90=1099, 99=1304, 99.9=1644, 99.99=2887] 
2021-02-28 20:05:13:630 108 sec: 739567 operations; 8418 current ops/sec; est completion in 4 minutes [INSERT: Count=8418, Max=10503, Min=525, Avg=945.18, 90=1120, 99=1347, 99.9=9503, 99.99=10319] 
2021-02-28 20:05:14:630 109 sec: 748160 operations; 8593 current ops/sec; est completion in 4 minutes [INSERT: Count=8595, Max=3553, Min=525, Avg=926.37, 90=1108, 99=1311, 99.9=1722, 99.99=3021] 
2021-02-28 20:05:15:630 110 sec: 756707 operations; 8547 current ops/sec; est completion in 4 minutes [INSERT: Count=8546, Max=3927, Min=531, Avg=931.48, 90=1113, 99=1314, 99.9=2567, 99.99=3837] 
2021-02-28 20:05:16:630 111 sec: 765222 operations; 8515 current ops/sec; est completion in 4 minutes [INSERT: Count=8515, Max=6659, Min=503, Avg=934.69, 90=1112, 99=1315, 99.9=3931, 99.99=6507] 
2021-02-28 20:05:17:630 112 sec: 773822 operations; 8600 current ops/sec; est completion in 4 minutes [INSERT: Count=8600, Max=14895, Min=517, Avg=925.45, 90=1107, 99=1321, 99.9=1625, 99.99=12255] 
2021-02-28 20:05:18:630 113 sec: 782417 operations; 8595 current ops/sec; est completion in 4 minutes [INSERT: Count=8596, Max=3865, Min=495, Avg=925.92, 90=1111, 99=1304, 99.9=1567, 99.99=1912] 
2021-02-28 20:05:19:631 114 sec: 791153 operations; 8736 current ops/sec; est completion in 4 minutes [INSERT: Count=8736, Max=3409, Min=501, Avg=911.02, 90=1093, 99=1286, 99.9=1559, 99.99=3167] 
2021-02-28 20:05:20:631 115 sec: 799757 operations; 8604 current ops/sec; est completion in 4 minutes [INSERT: Count=8602, Max=3851, Min=502, Avg=925.49, 90=1115, 99=1318, 99.9=1689, 99.99=3789] 
2021-02-28 20:05:21:630 116 sec: 808344 operations; 8587 current ops/sec; est completion in 4 minutes [INSERT: Count=8588, Max=12751, Min=515, Avg=926.6, 90=1103, 99=1322, 99.9=3237, 99.99=12263] 
2021-02-28 20:05:22:630 117 sec: 816934 operations; 8590 current ops/sec; est completion in 4 minutes [INSERT: Count=8592, Max=5823, Min=519, Avg=926.58, 90=1105, 99=1328, 99.9=3999, 99.99=5767] 
2021-02-28 20:05:23:630 118 sec: 825286 operations; 8352 current ops/sec; est completion in 4 minutes [INSERT: Count=8347, Max=10167, Min=499, Avg=953.19, 90=1147, 99=1413, 99.9=5115, 99.99=9959] 
2021-02-28 20:05:24:630 119 sec: 833768 operations; 8482 current ops/sec; est completion in 4 minutes [INSERT: Count=8485, Max=6563, Min=515, Avg=938.29, 90=1130, 99=1331, 99.9=3551, 99.99=6239] 
2021-02-28 20:05:25:630 120 sec: 842285 operations; 8517 current ops/sec; est completion in 4 minutes [INSERT: Count=8516, Max=11975, Min=519, Avg=934.59, 90=1115, 99=1343, 99.9=2137, 99.99=8887] 
2021-02-28 20:05:26:630 121 sec: 850823 operations; 8538 current ops/sec; est completion in 4 minutes [INSERT: Count=8537, Max=5387, Min=508, Avg=932.37, 90=1119, 99=1353, 99.9=4603, 99.99=5367] 
2021-02-28 20:05:27:630 122 sec: 859451 operations; 8628 current ops/sec; est completion in 4 minutes [INSERT: Count=8628, Max=10639, Min=509, Avg=922.67, 90=1106, 99=1302, 99.9=2027, 99.99=9983] 
2021-02-28 20:05:28:631 123 sec: 867981 operations; 8530 current ops/sec; est completion in 4 minutes [INSERT: Count=8533, Max=9687, Min=509, Avg=932.39, 90=1102, 99=1308, 99.9=6479, 99.99=9615] 
2021-02-28 20:05:29:631 124 sec: 876410 operations; 8429 current ops/sec; est completion in 4 minutes [INSERT: Count=8428, Max=7835, Min=487, Avg=944.5, 90=1124, 99=1309, 99.9=1707, 99.99=5859] 
2021-02-28 20:05:30:631 125 sec: 885003 operations; 8593 current ops/sec; est completion in 4 minutes [INSERT: Count=8590, Max=11087, Min=505, Avg=926.49, 90=1103, 99=1293, 99.9=1506, 99.99=9111] 
2021-02-28 20:05:31:630 126 sec: 893628 operations; 8625 current ops/sec; est completion in 4 minutes [INSERT: Count=8630, Max=3991, Min=506, Avg=922.66, 90=1103, 99=1314, 99.9=1513, 99.99=3941] 
2021-02-28 20:05:32:631 127 sec: 902149 operations; 8521 current ops/sec; est completion in 4 minutes [INSERT: Count=8519, Max=6695, Min=520, Avg=933.88, 90=1110, 99=1321, 99.9=4899, 99.99=6267] 
2021-02-28 20:05:33:630 128 sec: 910609 operations; 8460 current ops/sec; est completion in 4 minutes [INSERT: Count=8460, Max=15543, Min=493, Avg=940.66, 90=1129, 99=1363, 99.9=3811, 99.99=10487] 
2021-02-28 20:05:34:630 129 sec: 919132 operations; 8523 current ops/sec; est completion in 3 minutes [INSERT: Count=8522, Max=4033, Min=532, Avg=933.35, 90=1112, 99=1317, 99.9=1765, 99.99=3281] 
2021-02-28 20:05:35:630 130 sec: 927717 operations; 8585 current ops/sec; est completion in 3 minutes [INSERT: Count=8586, Max=3897, Min=494, Avg=926.77, 90=1112, 99=1310, 99.9=1846, 99.99=3861] 
2021-02-28 20:05:36:630 131 sec: 936228 operations; 8511 current ops/sec; est completion in 3 minutes [INSERT: Count=8508, Max=13311, Min=510, Avg=935.09, 90=1102, 99=1310, 99.9=9887, 99.99=13071] 
2021-02-28 20:05:37:630 132 sec: 944778 operations; 8550 current ops/sec; est completion in 3 minutes [INSERT: Count=8554, Max=11447, Min=508, Avg=930.82, 90=1113, 99=1300, 99.9=4527, 99.99=10783] 
2021-02-28 20:05:38:630 133 sec: 952727 operations; 7949 current ops/sec; est completion in 3 minutes [INSERT: Count=7948, Max=13999, Min=534, Avg=1001.73, 90=1137, 99=1418, 99.9=13575, 99.99=13871] 
2021-02-28 20:05:39:630 134 sec: 959931 operations; 7204 current ops/sec; est completion in 3 minutes [INSERT: Count=7203, Max=10559, Min=514, Avg=1105.56, 90=1402, 99=1802, 99.9=10111, 99.99=10551] 
2021-02-28 20:05:40:630 135 sec: 966962 operations; 7031 current ops/sec; est completion in 3 minutes [INSERT: Count=7031, Max=3891, Min=543, Avg=1132.64, 90=1388, 99=1748, 99.9=2095, 99.99=3571] 
2021-02-28 20:05:41:630 136 sec: 974268 operations; 7306 current ops/sec; est completion in 3 minutes [INSERT: Count=7307, Max=10135, Min=511, Avg=1090.11, 90=1296, 99=1630, 99.9=4077, 99.99=9647] 
2021-02-28 20:05:42:630 137 sec: 981849 operations; 7581 current ops/sec; est completion in 3 minutes [INSERT: Count=7580, Max=10007, Min=510, Avg=1049.9, 90=1274, 99=1602, 99.9=7251, 99.99=9863] 
2021-02-28 20:05:43:630 138 sec: 989580 operations; 7731 current ops/sec; est completion in 3 minutes [INSERT: Count=7731, Max=7707, Min=512, Avg=1029.69, 90=1254, 99=1545, 99.9=3785, 99.99=7671] 
2021-02-28 20:05:44:630 139 sec: 997761 operations; 8181 current ops/sec; est completion in 3 minutes [INSERT: Count=8181, Max=13359, Min=510, Avg=973.11, 90=1172, 99=1473, 99.9=8343, 99.99=9983] 
2021-02-28 20:05:45:630 140 sec: 1006478 operations; 8717 current ops/sec; est completion in 3 minutes [INSERT: Count=8718, Max=9119, Min=514, Avg=912.17, 90=1095, 99=1300, 99.9=3047, 99.99=8991] 
2021-02-28 20:05:46:630 141 sec: 1014954 operations; 8476 current ops/sec; est completion in 3 minutes [INSERT: Count=8476, Max=10415, Min=531, Avg=938.48, 90=1109, 99=1330, 99.9=7607, 99.99=10343] 
2021-02-28 20:05:47:630 142 sec: 1023384 operations; 8430 current ops/sec; est completion in 3 minutes [INSERT: Count=8429, Max=4467, Min=506, Avg=943.92, 90=1129, 99=1327, 99.9=3903, 99.99=4435] 
2021-02-28 20:05:48:630 143 sec: 1031613 operations; 8229 current ops/sec; est completion in 3 minutes [INSERT: Count=8229, Max=13799, Min=512, Avg=967.32, 90=1124, 99=1391, 99.9=10895, 99.99=13791] 
2021-02-28 20:05:49:630 144 sec: 1040235 operations; 8622 current ops/sec; est completion in 3 minutes [INSERT: Count=8623, Max=9255, Min=506, Avg=923.12, 90=1097, 99=1304, 99.9=1957, 99.99=9015] 
2021-02-28 20:05:50:630 145 sec: 1048777 operations; 8542 current ops/sec; est completion in 3 minutes [INSERT: Count=8544, Max=4057, Min=499, Avg=931.91, 90=1107, 99=1305, 99.9=1763, 99.99=3285] 
2021-02-28 20:05:51:630 146 sec: 1057168 operations; 8391 current ops/sec; est completion in 3 minutes [INSERT: Count=8390, Max=7787, Min=520, Avg=948.42, 90=1121, 99=1375, 99.9=5067, 99.99=7775] 
2021-02-28 20:05:52:630 147 sec: 1065534 operations; 8366 current ops/sec; est completion in 3 minutes [INSERT: Count=8367, Max=5319, Min=526, Avg=951.47, 90=1128, 99=1323, 99.9=3685, 99.99=5231] 
2021-02-28 20:05:53:630 148 sec: 1074189 operations; 8655 current ops/sec; est completion in 3 minutes [INSERT: Count=8654, Max=4091, Min=511, Avg=919.96, 90=1101, 99=1288, 99.9=1555, 99.99=3233] 
2021-02-28 20:05:54:630 149 sec: 1082870 operations; 8681 current ops/sec; est completion in 3 minutes [INSERT: Count=8681, Max=2415, Min=509, Avg=916.91, 90=1096, 99=1294, 99.9=1471, 99.99=2407] 
2021-02-28 20:05:55:630 150 sec: 1091623 operations; 8753 current ops/sec; est completion in 3 minutes [INSERT: Count=8753, Max=2799, Min=508, Avg=909.5, 90=1091, 99=1288, 99.9=1580, 99.99=2781] 
2021-02-28 20:05:56:630 151 sec: 1100443 operations; 8820 current ops/sec; est completion in 3 minutes [INSERT: Count=8817, Max=2855, Min=515, Avg=902.44, 90=1085, 99=1273, 99.9=1530, 99.99=1973] 
2021-02-28 20:05:57:630 152 sec: 1109446 operations; 9003 current ops/sec; est completion in 3 minutes [INSERT: Count=9006, Max=3147, Min=510, Avg=883.85, 90=1058, 99=1240, 99.9=1446, 99.99=2755] 
2021-02-28 20:05:58:630 153 sec: 1118240 operations; 8794 current ops/sec; est completion in 3 minutes [INSERT: Count=8792, Max=7755, Min=503, Avg=905.21, 90=1085, 99=1292, 99.9=1969, 99.99=7743] 
2021-02-28 20:05:59:630 154 sec: 1126712 operations; 8472 current ops/sec; est completion in 3 minutes [INSERT: Count=8474, Max=8091, Min=521, Avg=939.28, 90=1107, 99=1315, 99.9=5835, 99.99=7995] 
2021-02-28 20:06:00:630 155 sec: 1135312 operations; 8600 current ops/sec; est completion in 3 minutes [INSERT: Count=8596, Max=3589, Min=530, Avg=925.74, 90=1103, 99=1304, 99.9=1518, 99.99=3187] 
2021-02-28 20:06:01:630 156 sec: 1143958 operations; 8646 current ops/sec; est completion in 3 minutes [INSERT: Count=8648, Max=2945, Min=501, Avg=920.6, 90=1100, 99=1295, 99.9=1512, 99.99=2675] 
2021-02-28 20:06:02:631 157 sec: 1152598 operations; 8640 current ops/sec; est completion in 3 minutes [INSERT: Count=8645, Max=10071, Min=513, Avg=921.56, 90=1108, 99=1312, 99.9=1844, 99.99=9567] 
2021-02-28 20:06:03:630 158 sec: 1161130 operations; 8532 current ops/sec; est completion in 3 minutes [INSERT: Count=8525, Max=6555, Min=519, Avg=932.58, 90=1110, 99=1301, 99.9=4163, 99.99=6507] 
2021-02-28 20:06:04:630 159 sec: 1169546 operations; 8416 current ops/sec; est completion in 3 minutes [INSERT: Count=8418, Max=10687, Min=510, Avg=945.72, 90=1105, 99=1337, 99.9=9487, 99.99=10519] 
2021-02-28 20:06:05:630 160 sec: 1178085 operations; 8539 current ops/sec; est completion in 3 minutes [INSERT: Count=8539, Max=10791, Min=504, Avg=932.15, 90=1105, 99=1283, 99.9=1998, 99.99=10727] 
2021-02-28 20:06:06:630 161 sec: 1186498 operations; 8413 current ops/sec; est completion in 3 minutes [INSERT: Count=8414, Max=10423, Min=521, Avg=946.04, 90=1113, 99=1352, 99.9=5935, 99.99=9959] 
2021-02-28 20:06:07:630 162 sec: 1195060 operations; 8562 current ops/sec; est completion in 3 minutes [INSERT: Count=8562, Max=5635, Min=525, Avg=929.42, 90=1097, 99=1288, 99.9=2365, 99.99=5555] 
2021-02-28 20:06:08:630 163 sec: 1203711 operations; 8651 current ops/sec; est completion in 3 minutes [INSERT: Count=8648, Max=12927, Min=520, Avg=919.98, 90=1094, 99=1294, 99.9=1512, 99.99=1817] 
2021-02-28 20:06:09:630 164 sec: 1212337 operations; 8626 current ops/sec; est completion in 3 minutes [INSERT: Count=8631, Max=7003, Min=517, Avg=922.57, 90=1101, 99=1304, 99.9=1510, 99.99=6803] 
2021-02-28 20:06:10:630 165 sec: 1219941 operations; 7604 current ops/sec; est completion in 3 minutes [INSERT: Count=7600, Max=12511, Min=531, Avg=1047.74, 90=1370, 99=1710, 99.9=3549, 99.99=8783] 
2021-02-28 20:06:11:630 166 sec: 1227376 operations; 7435 current ops/sec; est completion in 3 minutes [INSERT: Count=7437, Max=11911, Min=556, Avg=1070.37, 90=1302, 99=1647, 99.9=11215, 99.99=11911] 
2021-02-28 20:06:12:630 167 sec: 1234967 operations; 7591 current ops/sec; est completion in 3 minutes [INSERT: Count=7591, Max=4067, Min=513, Avg=1049.17, 90=1274, 99=1553, 99.9=1864, 99.99=3561] 
2021-02-28 20:06:13:630 168 sec: 1242353 operations; 7386 current ops/sec; est completion in 3 minutes [INSERT: Count=7383, Max=6707, Min=531, Avg=1078.33, 90=1308, 99=1667, 99.9=5755, 99.99=6671] 
2021-02-28 20:06:14:630 169 sec: 1249885 operations; 7532 current ops/sec; est completion in 3 minutes [INSERT: Count=7534, Max=9647, Min=549, Avg=1057.54, 90=1298, 99=1644, 99.9=8191, 99.99=9335] 
2021-02-28 20:06:15:630 170 sec: 1258726 operations; 8841 current ops/sec; est completion in 3 minutes [INSERT: Count=8842, Max=4035, Min=511, Avg=900.13, 90=1082, 99=1320, 99.9=1647, 99.99=3357] 
2021-02-28 20:06:16:631 171 sec: 1267363 operations; 8637 current ops/sec; est completion in 3 minutes [INSERT: Count=8640, Max=3021, Min=494, Avg=921.7, 90=1112, 99=1341, 99.9=1735, 99.99=2811] 
2021-02-28 20:06:17:630 172 sec: 1276349 operations; 8986 current ops/sec; est completion in 3 minutes [INSERT: Count=8981, Max=3547, Min=505, Avg=885.61, 90=1083, 99=1286, 99.9=1520, 99.99=2639] 
2021-02-28 20:06:18:630 173 sec: 1285376 operations; 9027 current ops/sec; est completion in 3 minutes [INSERT: Count=9028, Max=2733, Min=500, Avg=881.35, 90=1071, 99=1277, 99.9=1625, 99.99=2431] 
2021-02-28 20:06:19:630 174 sec: 1294340 operations; 8964 current ops/sec; est completion in 2 minutes [INSERT: Count=8965, Max=6523, Min=486, Avg=887.53, 90=1084, 99=1336, 99.9=2563, 99.99=6495] 
2021-02-28 20:06:20:630 175 sec: 1303180 operations; 8840 current ops/sec; est completion in 2 minutes [INSERT: Count=8839, Max=11415, Min=491, Avg=900.37, 90=1084, 99=1315, 99.9=6271, 99.99=11007] 
2021-02-28 20:06:21:630 176 sec: 1311912 operations; 8732 current ops/sec; est completion in 2 minutes [INSERT: Count=8732, Max=9743, Min=528, Avg=910.95, 90=1087, 99=1319, 99.9=2305, 99.99=9575] 
2021-02-28 20:06:22:630 177 sec: 1320498 operations; 8586 current ops/sec; est completion in 2 minutes [INSERT: Count=8586, Max=7843, Min=510, Avg=927.16, 90=1103, 99=1315, 99.9=3193, 99.99=7727] 
2021-02-28 20:06:23:630 178 sec: 1329218 operations; 8720 current ops/sec; est completion in 2 minutes [INSERT: Count=8718, Max=3379, Min=512, Avg=912.76, 90=1084, 99=1267, 99.9=1498, 99.99=3363] 
2021-02-28 20:06:24:630 179 sec: 1337881 operations; 8663 current ops/sec; est completion in 2 minutes [INSERT: Count=8664, Max=10791, Min=499, Avg=918.79, 90=1093, 99=1292, 99.9=1627, 99.99=9375] 
2021-02-28 20:06:25:630 180 sec: 1346445 operations; 8564 current ops/sec; est completion in 2 minutes [INSERT: Count=8564, Max=6243, Min=511, Avg=929.42, 90=1103, 99=1310, 99.9=2827, 99.99=6147] 
2021-02-28 20:06:26:630 181 sec: 1355013 operations; 8568 current ops/sec; est completion in 2 minutes [INSERT: Count=8567, Max=2925, Min=513, Avg=928.69, 90=1116, 99=1318, 99.9=1718, 99.99=2773] 
2021-02-28 20:06:27:630 182 sec: 1363590 operations; 8577 current ops/sec; est completion in 2 minutes [INSERT: Count=8579, Max=2575, Min=506, Avg=927.49, 90=1113, 99=1337, 99.9=1646, 99.99=2441] 
2021-02-28 20:06:28:630 183 sec: 1372146 operations; 8556 current ops/sec; est completion in 2 minutes [INSERT: Count=8557, Max=7099, Min=533, Avg=930.35, 90=1102, 99=1287, 99.9=1677, 99.99=3139] 
2021-02-28 20:06:29:630 184 sec: 1380531 operations; 8385 current ops/sec; est completion in 2 minutes [INSERT: Count=8383, Max=11999, Min=491, Avg=949.51, 90=1141, 99=1428, 99.9=10359, 99.99=11903] 
2021-02-28 20:06:30:630 185 sec: 1389099 operations; 8568 current ops/sec; est completion in 2 minutes [INSERT: Count=8567, Max=6895, Min=516, Avg=928.68, 90=1107, 99=1299, 99.9=3755, 99.99=6895] 
2021-02-28 20:06:31:630 186 sec: 1397708 operations; 8609 current ops/sec; est completion in 2 minutes [INSERT: Count=8614, Max=5407, Min=504, Avg=924.29, 90=1094, 99=1307, 99.9=3627, 99.99=5343] 
2021-02-28 20:06:32:630 187 sec: 1406246 operations; 8538 current ops/sec; est completion in 2 minutes [INSERT: Count=8537, Max=3675, Min=517, Avg=932.22, 90=1102, 99=1281, 99.9=1429, 99.99=3275] 
2021-02-28 20:06:33:630 188 sec: 1414751 operations; 8505 current ops/sec; est completion in 2 minutes [INSERT: Count=8502, Max=3113, Min=531, Avg=935.66, 90=1128, 99=1367, 99.9=1535, 99.99=3041] 
2021-02-28 20:06:34:630 189 sec: 1423509 operations; 8758 current ops/sec; est completion in 2 minutes [INSERT: Count=8761, Max=7415, Min=507, Avg=908.57, 90=1099, 99=1301, 99.9=3401, 99.99=7351] 
2021-02-28 20:06:35:630 190 sec: 1432080 operations; 8571 current ops/sec; est completion in 2 minutes [INSERT: Count=8568, Max=8223, Min=494, Avg=928.42, 90=1114, 99=1369, 99.9=4139, 99.99=5839] 
2021-02-28 20:06:36:630 191 sec: 1440612 operations; 8532 current ops/sec; est completion in 2 minutes [INSERT: Count=8532, Max=20303, Min=482, Avg=930.99, 90=1103, 99=1318, 99.9=7979, 99.99=11295] 
2021-02-28 20:06:37:630 192 sec: 1448214 operations; 7602 current ops/sec; est completion in 2 minutes [INSERT: Count=7605, Max=13175, Min=508, Avg=1047.09, 90=1294, 99=1578, 99.9=5275, 99.99=9975] 
2021-02-28 20:06:38:630 193 sec: 1455879 operations; 7665 current ops/sec; est completion in 2 minutes [INSERT: Count=7666, Max=9559, Min=536, Avg=1039.55, 90=1263, 99=1539, 99.9=4871, 99.99=9479] 
2021-02-28 20:06:39:630 194 sec: 1463558 operations; 7679 current ops/sec; est completion in 2 minutes [INSERT: Count=7677, Max=8855, Min=538, Avg=1036.64, 90=1254, 99=1520, 99.9=4151, 99.99=8647] 
2021-02-28 20:06:40:630 195 sec: 1470926 operations; 7368 current ops/sec; est completion in 2 minutes [INSERT: Count=7367, Max=10239, Min=551, Avg=1081.43, 90=1310, 99=1645, 99.9=8999, 99.99=9983] 
2021-02-28 20:06:41:630 196 sec: 1478098 operations; 7172 current ops/sec; est completion in 2 minutes [INSERT: Count=7170, Max=21215, Min=522, Avg=1110.39, 90=1312, 99=1622, 99.9=20863, 99.99=21199] 
2021-02-28 20:06:42:630 197 sec: 1486513 operations; 8415 current ops/sec; est completion in 2 minutes [INSERT: Count=8419, Max=6447, Min=483, Avg=945.86, 90=1159, 99=1427, 99.9=3401, 99.99=6247] 
2021-02-28 20:06:43:630 198 sec: 1495163 operations; 8650 current ops/sec; est completion in 2 minutes [INSERT: Count=8649, Max=3659, Min=530, Avg=920.35, 90=1107, 99=1315, 99.9=1632, 99.99=3345] 
2021-02-28 20:06:44:630 199 sec: 1503730 operations; 8567 current ops/sec; est completion in 2 minutes [INSERT: Count=8568, Max=9471, Min=518, Avg=928.93, 90=1112, 99=1322, 99.9=2219, 99.99=8871] 
2021-02-28 20:06:45:630 200 sec: 1512394 operations; 8664 current ops/sec; est completion in 2 minutes [INSERT: Count=8664, Max=15975, Min=518, Avg=918.46, 90=1103, 99=1300, 99.9=1512, 99.99=15407] 
2021-02-28 20:06:46:630 201 sec: 1520920 operations; 8526 current ops/sec; est completion in 2 minutes [INSERT: Count=8524, Max=21407, Min=500, Avg=933.56, 90=1108, 99=1330, 99.9=3487, 99.99=21135] 
2021-02-28 20:06:47:630 202 sec: 1529510 operations; 8590 current ops/sec; est completion in 2 minutes [INSERT: Count=8590, Max=7635, Min=517, Avg=926.43, 90=1104, 99=1296, 99.9=3787, 99.99=7423] 
2021-02-28 20:06:48:630 203 sec: 1538051 operations; 8541 current ops/sec; est completion in 2 minutes [INSERT: Count=8541, Max=4179, Min=518, Avg=932.12, 90=1114, 99=1321, 99.9=2843, 99.99=3891] 
2021-02-28 20:06:49:630 204 sec: 1546630 operations; 8579 current ops/sec; est completion in 2 minutes [INSERT: Count=8581, Max=10599, Min=489, Avg=927.81, 90=1112, 99=1338, 99.9=2337, 99.99=10591] 
2021-02-28 20:06:50:630 205 sec: 1555117 operations; 8487 current ops/sec; est completion in 2 minutes [INSERT: Count=8485, Max=8207, Min=504, Avg=937.96, 90=1105, 99=1300, 99.9=3729, 99.99=8207] 
2021-02-28 20:06:51:630 206 sec: 1563695 operations; 8578 current ops/sec; est completion in 2 minutes [INSERT: Count=8577, Max=11127, Min=500, Avg=927.73, 90=1095, 99=1286, 99.9=1836, 99.99=10495] 
2021-02-28 20:06:52:630 207 sec: 1572274 operations; 8579 current ops/sec; est completion in 2 minutes [INSERT: Count=8579, Max=11823, Min=530, Avg=927.43, 90=1098, 99=1294, 99.9=7255, 99.99=11287] 
2021-02-28 20:06:53:630 208 sec: 1580804 operations; 8530 current ops/sec; est completion in 2 minutes [INSERT: Count=8530, Max=7203, Min=523, Avg=933.07, 90=1121, 99=1334, 99.9=3619, 99.99=6943] 
2021-02-28 20:06:54:630 209 sec: 1589391 operations; 8587 current ops/sec; est completion in 2 minutes [INSERT: Count=8591, Max=3401, Min=520, Avg=926.05, 90=1122, 99=1336, 99.9=1489, 99.99=2609] 
2021-02-28 20:06:55:630 210 sec: 1598005 operations; 8614 current ops/sec; est completion in 2 minutes [INSERT: Count=8611, Max=3913, Min=520, Avg=924.23, 90=1106, 99=1306, 99.9=1437, 99.99=3399] 
2021-02-28 20:06:56:630 211 sec: 1606616 operations; 8611 current ops/sec; est completion in 2 minutes [INSERT: Count=8612, Max=2445, Min=518, Avg=924.45, 90=1101, 99=1304, 99.9=1468, 99.99=1756] 
2021-02-28 20:06:57:630 212 sec: 1615268 operations; 8652 current ops/sec; est completion in 2 minutes [INSERT: Count=8653, Max=3807, Min=523, Avg=920.12, 90=1105, 99=1322, 99.9=1925, 99.99=3465] 
2021-02-28 20:06:58:630 213 sec: 1623918 operations; 8650 current ops/sec; est completion in 2 minutes [INSERT: Count=8649, Max=2599, Min=502, Avg=920.11, 90=1109, 99=1311, 99.9=1583, 99.99=2063] 
2021-02-28 20:06:59:630 214 sec: 1632491 operations; 8573 current ops/sec; est completion in 2 minutes [INSERT: Count=8572, Max=11631, Min=518, Avg=925.94, 90=1113, 99=1310, 99.9=6883, 99.99=8287] 
2021-02-28 20:07:00:630 215 sec: 1641059 operations; 8568 current ops/sec; est completion in 2 minutes [INSERT: Count=8568, Max=5231, Min=529, Avg=928.15, 90=1119, 99=1359, 99.9=3625, 99.99=5047] 
2021-02-28 20:07:01:630 216 sec: 1648047 operations; 6988 current ops/sec; est completion in 2 minutes [INSERT: Count=6988, Max=12567, Min=540, Avg=1139.72, 90=1383, 99=1702, 99.9=12087, 99.99=12143] 
2021-02-28 20:07:02:630 217 sec: 1655674 operations; 7627 current ops/sec; est completion in 2 minutes [INSERT: Count=7629, Max=17231, Min=531, Avg=1044.16, 90=1258, 99=1538, 99.9=6307, 99.99=17119] 
2021-02-28 20:07:03:630 218 sec: 1663153 operations; 7479 current ops/sec; est completion in 2 minutes [INSERT: Count=7476, Max=5199, Min=509, Avg=1064.69, 90=1336, 99=1638, 99.9=3905, 99.99=4755] 
2021-02-28 20:07:04:630 219 sec: 1670848 operations; 7695 current ops/sec; est completion in 2 minutes [INSERT: Count=7697, Max=6787, Min=513, Avg=1034.68, 90=1277, 99=1602, 99.9=5275, 99.99=6735] 
2021-02-28 20:07:05:630 220 sec: 1677994 operations; 7146 current ops/sec; est completion in 2 minutes [INSERT: Count=7147, Max=17423, Min=527, Avg=1114.45, 90=1324, 99=1731, 99.9=16895, 99.99=17343] 
2021-02-28 20:07:06:630 221 sec: 1686174 operations; 8180 current ops/sec; est completion in 2 minutes [INSERT: Count=8178, Max=10631, Min=504, Avg=973.37, 90=1166, 99=1483, 99.9=7303, 99.99=10623] 
2021-02-28 20:07:07:630 222 sec: 1694801 operations; 8627 current ops/sec; est completion in 2 minutes [INSERT: Count=8628, Max=14167, Min=495, Avg=922.23, 90=1099, 99=1331, 99.9=10047, 99.99=13943] 
2021-02-28 20:07:08:631 223 sec: 1703295 operations; 8494 current ops/sec; est completion in 2 minutes [INSERT: Count=8498, Max=11479, Min=500, Avg=937.37, 90=1124, 99=1387, 99.9=10495, 99.99=10951] 
2021-02-28 20:07:09:630 224 sec: 1711497 operations; 8202 current ops/sec; est completion in 2 minutes [INSERT: Count=8199, Max=14167, Min=473, Avg=970.28, 90=1148, 99=1403, 99.9=9719, 99.99=14135] 
2021-02-28 20:07:10:630 225 sec: 1719891 operations; 8394 current ops/sec; est completion in 1 minute [INSERT: Count=8392, Max=16687, Min=512, Avg=947.97, 90=1129, 99=1355, 99.9=4045, 99.99=16671] 
2021-02-28 20:07:11:630 226 sec: 1728514 operations; 8623 current ops/sec; est completion in 1 minute [INSERT: Count=8622, Max=4343, Min=517, Avg=923.3, 90=1100, 99=1297, 99.9=1559, 99.99=4107] 
2021-02-28 20:07:12:630 227 sec: 1737103 operations; 8589 current ops/sec; est completion in 1 minute [INSERT: Count=8591, Max=4391, Min=517, Avg=926.56, 90=1107, 99=1305, 99.9=1616, 99.99=2993] 
2021-02-28 20:07:13:630 228 sec: 1745758 operations; 8655 current ops/sec; est completion in 1 minute [INSERT: Count=8654, Max=3865, Min=509, Avg=919.99, 90=1095, 99=1290, 99.9=2025, 99.99=3273] 
2021-02-28 20:07:14:630 229 sec: 1754447 operations; 8689 current ops/sec; est completion in 1 minute [INSERT: Count=8690, Max=2641, Min=507, Avg=915.91, 90=1099, 99=1287, 99.9=1473, 99.99=2599] 
2021-02-28 20:07:15:630 230 sec: 1762957 operations; 8510 current ops/sec; est completion in 1 minute [INSERT: Count=8511, Max=15743, Min=515, Avg=935.37, 90=1099, 99=1311, 99.9=8119, 99.99=15703] 
2021-02-28 20:07:16:630 231 sec: 1771211 operations; 8254 current ops/sec; est completion in 1 minute [INSERT: Count=8252, Max=14207, Min=532, Avg=964.33, 90=1116, 99=1334, 99.9=13143, 99.99=14175] 
2021-02-28 20:07:17:630 232 sec: 1779864 operations; 8653 current ops/sec; est completion in 1 minute [INSERT: Count=8654, Max=3563, Min=524, Avg=919.89, 90=1104, 99=1304, 99.9=1775, 99.99=3545] 
2021-02-28 20:07:18:630 233 sec: 1788507 operations; 8643 current ops/sec; est completion in 1 minute [INSERT: Count=8644, Max=7079, Min=518, Avg=921.04, 90=1103, 99=1320, 99.9=5223, 99.99=6967] 
2021-02-28 20:07:19:630 234 sec: 1797200 operations; 8693 current ops/sec; est completion in 1 minute [INSERT: Count=8691, Max=3549, Min=518, Avg=915.79, 90=1102, 99=1306, 99.9=1474, 99.99=3191] 
2021-02-28 20:07:20:630 235 sec: 1805825 operations; 8625 current ops/sec; est completion in 1 minute [INSERT: Count=8626, Max=3027, Min=513, Avg=922.73, 90=1112, 99=1309, 99.9=1633, 99.99=2955] 
2021-02-28 20:07:21:630 236 sec: 1813411 operations; 7586 current ops/sec; est completion in 1 minute [INSERT: Count=7584, Max=7615, Min=527, Avg=1050, 90=1305, 99=1659, 99.9=3673, 99.99=7551] 
2021-02-28 20:07:22:630 237 sec: 1821417 operations; 8006 current ops/sec; est completion in 1 minute [INSERT: Count=8005, Max=9655, Min=536, Avg=994.17, 90=1219, 99=1550, 99.9=3083, 99.99=9599] 
2021-02-28 20:07:23:630 238 sec: 1829412 operations; 7995 current ops/sec; est completion in 1 minute [INSERT: Count=7997, Max=8783, Min=515, Avg=995.61, 90=1236, 99=1563, 99.9=2299, 99.99=8087] 
2021-02-28 20:07:24:630 239 sec: 1837550 operations; 8138 current ops/sec; est completion in 1 minute [INSERT: Count=8139, Max=8183, Min=516, Avg=977.89, 90=1197, 99=1497, 99.9=1872, 99.99=7935] 
2021-02-28 20:07:25:630 240 sec: 1845274 operations; 7724 current ops/sec; est completion in 1 minute [INSERT: Count=7724, Max=14063, Min=534, Avg=1031.02, 90=1234, 99=1571, 99.9=9703, 99.99=14023] 
2021-02-28 20:07:26:630 241 sec: 1853407 operations; 8133 current ops/sec; est completion in 1 minute [INSERT: Count=8133, Max=14143, Min=517, Avg=978.76, 90=1162, 99=1410, 99.9=3985, 99.99=14047] 
2021-02-28 20:07:27:630 242 sec: 1862338 operations; 8931 current ops/sec; est completion in 1 minute [INSERT: Count=8931, Max=7719, Min=477, Avg=891.08, 90=1095, 99=1324, 99.9=1808, 99.99=7099] 
2021-02-28 20:07:28:630 243 sec: 1870381 operations; 8043 current ops/sec; est completion in 1 minute [INSERT: Count=8043, Max=3683, Min=540, Avg=989.99, 90=1108, 99=1331, 99.9=1586, 99.99=3591] 
2021-02-28 20:07:29:630 244 sec: 1878623 operations; 8242 current ops/sec; est completion in 1 minute [INSERT: Count=8241, Max=3713, Min=531, Avg=965.94, 90=1139, 99=1403, 99.9=1753, 99.99=2755] 
2021-02-28 20:07:30:630 245 sec: 1886988 operations; 8365 current ops/sec; est completion in 1 minute [INSERT: Count=8366, Max=13687, Min=504, Avg=951.38, 90=1120, 99=1403, 99.9=9207, 99.99=13551] 
2021-02-28 20:07:31:630 246 sec: 1894908 operations; 7920 current ops/sec; est completion in 1 minute [INSERT: Count=7920, Max=2757, Min=529, Avg=1005.7, 90=1145, 99=1394, 99.9=1564, 99.99=1635] 
2021-02-28 20:07:32:630 247 sec: 1902882 operations; 7974 current ops/sec; est completion in 1 minute [INSERT: Count=7971, Max=1929, Min=533, Avg=998.59, 90=1139, 99=1335, 99.9=1486, 99.99=1685] 
2021-02-28 20:07:33:630 248 sec: 1911063 operations; 8181 current ops/sec; est completion in 1 minute [INSERT: Count=8185, Max=2375, Min=510, Avg=973.18, 90=1121, 99=1361, 99.9=1657, 99.99=2317] 
2021-02-28 20:07:34:630 249 sec: 1919645 operations; 8582 current ops/sec; est completion in 1 minute [INSERT: Count=8581, Max=2771, Min=501, Avg=927.64, 90=1140, 99=1411, 99.9=1710, 99.99=2171] 
2021-02-28 20:07:35:630 250 sec: 1927866 operations; 8221 current ops/sec; est completion in 1 minute [INSERT: Count=8220, Max=3285, Min=535, Avg=968.58, 90=1151, 99=1396, 99.9=1646, 99.99=2265] 
2021-02-28 20:07:36:630 251 sec: 1935951 operations; 8085 current ops/sec; est completion in 1 minute [INSERT: Count=8086, Max=2941, Min=518, Avg=984.7, 90=1153, 99=1426, 99.9=1687, 99.99=2853] 
2021-02-28 20:07:37:630 252 sec: 1944023 operations; 8072 current ops/sec; est completion in 1 minute [INSERT: Count=8072, Max=3763, Min=536, Avg=985.99, 90=1159, 99=1418, 99.9=1860, 99.99=3225] 
2021-02-28 20:07:38:630 253 sec: 1951897 operations; 7874 current ops/sec; est completion in 1 minute [INSERT: Count=7873, Max=13607, Min=520, Avg=1010.75, 90=1188, 99=1538, 99.9=9415, 99.99=12807] 
2021-02-28 20:07:39:630 254 sec: 1959733 operations; 7836 current ops/sec; est completion in 1 minute [INSERT: Count=7836, Max=14031, Min=496, Avg=1016.04, 90=1193, 99=1493, 99.9=4459, 99.99=13383] 
2021-02-28 20:07:40:630 255 sec: 1967047 operations; 7314 current ops/sec; est completion in 1 minute [INSERT: Count=7313, Max=10719, Min=572, Avg=1088.76, 90=1321, 99=1628, 99.9=4583, 99.99=8903] 
2021-02-28 20:07:41:631 256 sec: 1974027 operations; 6980 current ops/sec; est completion in 1 minute [INSERT: Count=6983, Max=12287, Min=548, Avg=1141.35, 90=1437, 99=1711, 99.9=2046, 99.99=11295] 
2021-02-28 20:07:42:630 257 sec: 1981470 operations; 7443 current ops/sec; est completion in 1 minute [INSERT: Count=7441, Max=8775, Min=539, Avg=1070.27, 90=1339, 99=1665, 99.9=2617, 99.99=4103] 
2021-02-28 20:07:43:630 258 sec: 1988738 operations; 7268 current ops/sec; est completion in 1 minute [INSERT: Count=7268, Max=11455, Min=546, Avg=1095.66, 90=1332, 99=1665, 99.9=11279, 99.99=11439] 
2021-02-28 20:07:44:630 259 sec: 1996206 operations; 7468 current ops/sec; est completion in 1 minute [INSERT: Count=7469, Max=10071, Min=535, Avg=1065.14, 90=1329, 99=1630, 99.9=5687, 99.99=10031] 
2021-02-28 20:07:45:630 260 sec: 2003278 operations; 7072 current ops/sec; est completion in 1 minute [INSERT: Count=7070, Max=13871, Min=563, Avg=1126.21, 90=1357, 99=1756, 99.9=13151, 99.99=13663] 
2021-02-28 20:07:46:630 261 sec: 2011634 operations; 8356 current ops/sec; est completion in 1 minute [INSERT: Count=8357, Max=9783, Min=510, Avg=952.74, 90=1161, 99=1428, 99.9=5355, 99.99=9623] 
2021-02-28 20:07:47:630 262 sec: 2019492 operations; 7858 current ops/sec; est completion in 1 minute [INSERT: Count=7858, Max=8399, Min=544, Avg=1013.17, 90=1188, 99=1484, 99.9=2769, 99.99=8247] 
2021-02-28 20:07:48:630 263 sec: 2027316 operations; 7824 current ops/sec; est completion in 1 minute [INSERT: Count=7825, Max=2531, Min=546, Avg=1017.66, 90=1152, 99=1446, 99.9=2042, 99.99=2209] 
2021-02-28 20:07:49:630 264 sec: 2035749 operations; 8433 current ops/sec; est completion in 1 minute [INSERT: Count=8432, Max=3281, Min=513, Avg=944.18, 90=1146, 99=1368, 99.9=1577, 99.99=2201] 
2021-02-28 20:07:50:630 265 sec: 2044373 operations; 8624 current ops/sec; est completion in 1 minute [INSERT: Count=8627, Max=8999, Min=489, Avg=922.68, 90=1114, 99=1342, 99.9=4579, 99.99=8831] 
2021-02-28 20:07:51:630 266 sec: 2052367 operations; 7994 current ops/sec; est completion in 1 minute [INSERT: Count=7992, Max=13039, Min=520, Avg=996.01, 90=1174, 99=1495, 99.9=2473, 99.99=4795] 
2021-02-28 20:07:52:630 267 sec: 2060363 operations; 7996 current ops/sec; est completion in 1 minute [INSERT: Count=7993, Max=5127, Min=537, Avg=996.03, 90=1158, 99=1391, 99.9=3247, 99.99=5043] 
2021-02-28 20:07:53:630 268 sec: 2068296 operations; 7933 current ops/sec; est completion in 1 minute [INSERT: Count=7936, Max=2255, Min=536, Avg=1003.42, 90=1191, 99=1441, 99.9=1778, 99.99=2067] 
2021-02-28 20:07:54:630 269 sec: 2076537 operations; 8241 current ops/sec; est completion in 1 minute [INSERT: Count=8239, Max=8187, Min=517, Avg=966.27, 90=1147, 99=1402, 99.9=3007, 99.99=7879] 
2021-02-28 20:07:55:630 270 sec: 2084382 operations; 7845 current ops/sec; est completion in 1 minute [INSERT: Count=7846, Max=14023, Min=515, Avg=1014.64, 90=1243, 99=1533, 99.9=10727, 99.99=12783] 
2021-02-28 20:07:56:630 271 sec: 2092139 operations; 7757 current ops/sec; est completion in 1 minute [INSERT: Count=7760, Max=12063, Min=517, Avg=1026.24, 90=1265, 99=1527, 99.9=4135, 99.99=5027] 
2021-02-28 20:07:57:630 272 sec: 2099625 operations; 7486 current ops/sec; est completion in 1 minute [INSERT: Count=7483, Max=9391, Min=551, Avg=1062.82, 90=1281, 99=1570, 99.9=8999, 99.99=9383] 
2021-02-28 20:07:58:630 273 sec: 2107217 operations; 7592 current ops/sec; est completion in 1 minute [INSERT: Count=7590, Max=5295, Min=559, Avg=1048.65, 90=1307, 99=1631, 99.9=2261, 99.99=5267] 
2021-02-28 20:07:59:630 274 sec: 2115015 operations; 7798 current ops/sec; est completion in 1 minute [INSERT: Count=7799, Max=5059, Min=525, Avg=1021.12, 90=1284, 99=1610, 99.9=3037, 99.99=4811] 
2021-02-28 20:08:00:630 275 sec: 2122865 operations; 7850 current ops/sec; est completion in 1 minute [INSERT: Count=7853, Max=12063, Min=510, Avg=1013.89, 90=1255, 99=1607, 99.9=6019, 99.99=7419] 
2021-02-28 20:08:01:630 276 sec: 2131413 operations; 8548 current ops/sec; est completion in 1 minute [INSERT: Count=8546, Max=12815, Min=518, Avg=931.24, 90=1132, 99=1385, 99.9=1876, 99.99=8967] 
2021-02-28 20:08:02:630 277 sec: 2139827 operations; 8414 current ops/sec; est completion in 1 minute [INSERT: Count=8412, Max=10199, Min=505, Avg=945.66, 90=1145, 99=1412, 99.9=8063, 99.99=9919] 
2021-02-28 20:08:03:630 278 sec: 2147672 operations; 7845 current ops/sec; est completion in 1 minute [INSERT: Count=7847, Max=8099, Min=552, Avg=1014.5, 90=1183, 99=1436, 99.9=3261, 99.99=7975] 
2021-02-28 20:08:04:630 279 sec: 2155892 operations; 8220 current ops/sec; est completion in 1 minute [INSERT: Count=8221, Max=2281, Min=527, Avg=968.5, 90=1139, 99=1355, 99.9=1560, 99.99=1849] 
2021-02-28 20:08:05:630 280 sec: 2164342 operations; 8450 current ops/sec; est completion in 1 minute [INSERT: Count=8447, Max=2405, Min=500, Avg=942.12, 90=1123, 99=1379, 99.9=1841, 99.99=2385] 
2021-02-28 20:08:06:630 281 sec: 2172608 operations; 8266 current ops/sec; est completion in 59 seconds [INSERT: Count=8268, Max=12623, Min=504, Avg=962.85, 90=1153, 99=1390, 99.9=1843, 99.99=12399] 
2021-02-28 20:08:07:630 282 sec: 2180584 operations; 7976 current ops/sec; est completion in 58 seconds [INSERT: Count=7974, Max=3201, Min=517, Avg=998.68, 90=1145, 99=1410, 99.9=1655, 99.99=3087] 
2021-02-28 20:08:08:630 283 sec: 2188211 operations; 7627 current ops/sec; est completion in 57 seconds [INSERT: Count=7627, Max=14679, Min=538, Avg=1044.04, 90=1250, 99=1568, 99.9=2725, 99.99=14423] 
2021-02-28 20:08:09:631 284 sec: 2195893 operations; 7682 current ops/sec; est completion in 56 seconds [INSERT: Count=7685, Max=9183, Min=528, Avg=1036.95, 90=1281, 99=1552, 99.9=2375, 99.99=8743] 
2021-02-28 20:08:10:630 285 sec: 2203586 operations; 7693 current ops/sec; est completion in 55 seconds [INSERT: Count=7692, Max=10215, Min=516, Avg=1034.62, 90=1277, 99=1636, 99.9=4675, 99.99=9655] 
2021-02-28 20:08:11:630 286 sec: 2211263 operations; 7677 current ops/sec; est completion in 54 seconds [INSERT: Count=7675, Max=16231, Min=532, Avg=1037.22, 90=1286, 99=1620, 99.9=2385, 99.99=16191] 
2021-02-28 20:08:12:630 287 sec: 2218560 operations; 7297 current ops/sec; est completion in 53 seconds [INSERT: Count=7300, Max=3087, Min=537, Avg=1091.36, 90=1346, 99=1613, 99.9=1853, 99.99=2419] 
2021-02-28 20:08:13:630 288 sec: 2226382 operations; 7822 current ops/sec; est completion in 52 seconds [INSERT: Count=7822, Max=7595, Min=492, Avg=1018.15, 90=1252, 99=1600, 99.9=4667, 99.99=7567] 
2021-02-28 20:08:14:630 289 sec: 2234895 operations; 8513 current ops/sec; est completion in 50 seconds [INSERT: Count=8513, Max=3771, Min=512, Avg=935.24, 90=1140, 99=1396, 99.9=1679, 99.99=3669] 
2021-02-28 20:08:15:630 290 sec: 2243453 operations; 8558 current ops/sec; est completion in 49 seconds [INSERT: Count=8556, Max=8231, Min=514, Avg=930.05, 90=1108, 99=1319, 99.9=4807, 99.99=8059] 
2021-02-28 20:08:16:630 291 sec: 2251654 operations; 8201 current ops/sec; est completion in 48 seconds [INSERT: Count=8202, Max=7883, Min=481, Avg=970.45, 90=1140, 99=1387, 99.9=4035, 99.99=5899] 
2021-02-28 20:08:17:630 292 sec: 2259627 operations; 7973 current ops/sec; est completion in 47 seconds [INSERT: Count=7973, Max=10295, Min=516, Avg=998.74, 90=1179, 99=1416, 99.9=3457, 99.99=10207] 
2021-02-28 20:08:18:630 293 sec: 2267663 operations; 8036 current ops/sec; est completion in 46 seconds [INSERT: Count=8036, Max=22063, Min=521, Avg=990.57, 90=1169, 99=1432, 99.9=10039, 99.99=21887] 
2021-02-28 20:08:19:630 294 sec: 2275468 operations; 7805 current ops/sec; est completion in 45 seconds [INSERT: Count=7806, Max=10287, Min=533, Avg=1020.16, 90=1171, 99=1491, 99.9=5559, 99.99=10287] 
2021-02-28 20:08:20:630 295 sec: 2283464 operations; 7996 current ops/sec; est completion in 44 seconds [INSERT: Count=7997, Max=8959, Min=515, Avg=995.65, 90=1187, 99=1492, 99.9=6287, 99.99=8951] 
2021-02-28 20:08:21:630 296 sec: 2291681 operations; 8217 current ops/sec; est completion in 43 seconds [INSERT: Count=8215, Max=4619, Min=515, Avg=969.24, 90=1205, 99=1478, 99.9=4183, 99.99=4519] 
2021-02-28 20:08:22:630 297 sec: 2300200 operations; 8519 current ops/sec; est completion in 42 seconds [INSERT: Count=8518, Max=2517, Min=549, Avg=934.43, 90=1135, 99=1364, 99.9=1557, 99.99=2463] 
2021-02-28 20:08:23:630 298 sec: 2308556 operations; 8356 current ops/sec; est completion in 41 seconds [INSERT: Count=8359, Max=9031, Min=530, Avg=952.59, 90=1170, 99=1445, 99.9=2563, 99.99=8711] 
2021-02-28 20:08:24:630 299 sec: 2316851 operations; 8295 current ops/sec; est completion in 40 seconds [INSERT: Count=8292, Max=6855, Min=519, Avg=959.57, 90=1180, 99=1439, 99.9=3113, 99.99=6759] 
2021-02-28 20:08:25:630 300 sec: 2324999 operations; 8148 current ops/sec; est completion in 39 seconds [INSERT: Count=8147, Max=9047, Min=505, Avg=977.45, 90=1205, 99=1470, 99.9=3213, 99.99=8743] 
2021-02-28 20:08:26:630 301 sec: 2332965 operations; 7966 current ops/sec; est completion in 38 seconds [INSERT: Count=7966, Max=15335, Min=480, Avg=997.74, 90=1265, 99=1573, 99.9=4015, 99.99=15223] 
2021-02-28 20:08:27:630 302 sec: 2340894 operations; 7929 current ops/sec; est completion in 37 seconds [INSERT: Count=7931, Max=13567, Min=507, Avg=1003.67, 90=1216, 99=1668, 99.9=8271, 99.99=12927] 
2021-02-28 20:08:28:630 303 sec: 2348863 operations; 7969 current ops/sec; est completion in 36 seconds [INSERT: Count=7967, Max=3275, Min=528, Avg=999.42, 90=1188, 99=1446, 99.9=1661, 99.99=1897] 
2021-02-28 20:08:29:630 304 sec: 2357057 operations; 8194 current ops/sec; est completion in 35 seconds [INSERT: Count=8198, Max=18127, Min=517, Avg=971.15, 90=1203, 99=1515, 99.9=3035, 99.99=9295] 
2021-02-28 20:08:30:630 305 sec: 2365115 operations; 8058 current ops/sec; est completion in 34 seconds [INSERT: Count=8055, Max=12215, Min=524, Avg=988.67, 90=1243, 99=1526, 99.9=5223, 99.99=6171] 
2021-02-28 20:08:31:630 306 sec: 2372715 operations; 7600 current ops/sec; est completion in 33 seconds [INSERT: Count=7600, Max=11175, Min=532, Avg=1047.7, 90=1295, 99=1569, 99.9=4127, 99.99=5315] 
2021-02-28 20:08:32:630 307 sec: 2380624 operations; 7909 current ops/sec; est completion in 32 seconds [INSERT: Count=7911, Max=3243, Min=519, Avg=1006.87, 90=1254, 99=1543, 99.9=1779, 99.99=2805] 
2021-02-28 20:08:33:630 308 sec: 2388204 operations; 7580 current ops/sec; est completion in 31 seconds [INSERT: Count=7578, Max=3155, Min=532, Avg=1051.06, 90=1322, 99=1629, 99.9=1854, 99.99=3079] 
2021-02-28 20:08:34:630 309 sec: 2395283 operations; 7079 current ops/sec; est completion in 30 seconds [INSERT: Count=7080, Max=21439, Min=548, Avg=1124.67, 90=1313, 99=1752, 99.9=21103, 99.99=21423] 
2021-02-28 20:08:35:630 310 sec: 2399236 operations; 3953 current ops/sec; est completion in 29 seconds [INSERT: Count=3951, Max=25023, Min=531, Avg=1066.6, 90=1266, 99=1547, 99.9=15679, 99.99=25023] 
2021-02-28 20:08:36:630 311 sec: 2399236 operations; 0 current ops/sec; est completion in 29 seconds [INSERT: Count=0, Max=0, Min=9223372036854775807, Avg=NaN, 90=0, 99=0, 99.9=0, 99.99=0] 
2021-02-28 20:08:37:630 312 sec: 2399236 operations; 0 current ops/sec; est completion in 29 seconds [INSERT: Count=0, Max=0, Min=9223372036854775807, Avg=NaN, 90=0, 99=0, 99.9=0, 99.99=0] 
2021-02-28 20:08:38:630 313 sec: 2399236 operations; 0 current ops/sec; est completion in 29 seconds [INSERT: Count=0, Max=0, Min=9223372036854775807, Avg=NaN, 90=0, 99=0, 99.9=0, 99.99=0] 
2021-02-28 20:08:39:630 314 sec: 2399236 operations; 0 current ops/sec; est completion in 30 seconds [INSERT: Count=0, Max=0, Min=9223372036854775807, Avg=NaN, 90=0, 99=0, 99.9=0, 99.99=0] 
2021-02-28 20:08:40:630 315 sec: 2399236 operations; 0 current ops/sec; est completion in 30 seconds [INSERT: Count=0, Max=0, Min=9223372036854775807, Avg=NaN, 90=0, 99=0, 99.9=0, 99.99=0] 
2021-02-28 20:08:41:630 316 sec: 2399236 operations; 0 current ops/sec; est completion in 30 seconds [INSERT: Count=0, Max=0, Min=9223372036854775807, Avg=NaN, 90=0, 99=0, 99.9=0, 99.99=0] 
2021-02-28 20:08:42:630 317 sec: 2399236 operations; 0 current ops/sec; est completion in 30 seconds [INSERT: Count=0, Max=0, Min=9223372036854775807, Avg=NaN, 90=0, 99=0, 99.9=0, 99.99=0] 
2021-02-28 20:08:43:630 318 sec: 2399236 operations; 0 current ops/sec; est completion in 30 seconds [INSERT: Count=0, Max=0, Min=9223372036854775807, Avg=NaN, 90=0, 99=0, 99.9=0, 99.99=0] 
2021-02-28 20:08:44:630 319 sec: 2399236 operations; 0 current ops/sec; est completion in 30 seconds [INSERT: Count=0, Max=0, Min=9223372036854775807, Avg=NaN, 90=0, 99=0, 99.9=0, 99.99=0] 
2021-02-28 20:08:45:630 320 sec: 2399236 operations; 0 current ops/sec; est completion in 30 seconds [INSERT: Count=0, Max=0, Min=9223372036854775807, Avg=NaN, 90=0, 99=0, 99.9=0, 99.99=0] 
2021-02-28 20:08:46:630 321 sec: 2399236 operations; 0 current ops/sec; est completion in 30 seconds [INSERT: Count=0, Max=0, Min=9223372036854775807, Avg=NaN, 90=0, 99=0, 99.9=0, 99.99=0] 
2021-02-28 20:08:47:630 322 sec: 2399236 operations; 0 current ops/sec; est completion in 30 seconds [INSERT: Count=0, Max=0, Min=9223372036854775807, Avg=NaN, 90=0, 99=0, 99.9=0, 99.99=0] 
2021-02-28 20:08:48:630 323 sec: 2399236 operations; 0 current ops/sec; est completion in 30 seconds [INSERT: Count=0, Max=0, Min=9223372036854775807, Avg=NaN, 90=0, 99=0, 99.9=0, 99.99=0] 
2021-02-28 20:08:49:630 324 sec: 2399236 operations; 0 current ops/sec; est completion in 31 seconds [INSERT: Count=0, Max=0, Min=9223372036854775807, Avg=NaN, 90=0, 99=0, 99.9=0, 99.99=0] 
2021-02-28 20:08:50:630 325 sec: 2399236 operations; 0 current ops/sec; est completion in 31 seconds [INSERT: Count=0, Max=0, Min=9223372036854775807, Avg=NaN, 90=0, 99=0, 99.9=0, 99.99=0] 
2021-02-28 20:08:51:630 326 sec: 2399236 operations; 0 current ops/sec; est completion in 31 seconds [INSERT: Count=0, Max=0, Min=9223372036854775807, Avg=NaN, 90=0, 99=0, 99.9=0, 99.99=0] 
2021-02-28 20:08:52:630 327 sec: 2399236 operations; 0 current ops/sec; est completion in 31 seconds [INSERT: Count=0, Max=0, Min=9223372036854775807, Avg=NaN, 90=0, 99=0, 99.9=0, 99.99=0] 
2021-02-28 20:08:53:630 328 sec: 2399236 operations; 0 current ops/sec; est completion in 31 seconds [INSERT: Count=0, Max=0, Min=9223372036854775807, Avg=NaN, 90=0, 99=0, 99.9=0, 99.99=0] 
2021-02-28 20:08:54:630 329 sec: 2399236 operations; 0 current ops/sec; est completion in 31 seconds [INSERT: Count=0, Max=0, Min=9223372036854775807, Avg=NaN, 90=0, 99=0, 99.9=0, 99.99=0] 
2021-02-28 20:08:55:630 330 sec: 2399236 operations; 0 current ops/sec; est completion in 31 seconds [INSERT: Count=0, Max=0, Min=9223372036854775807, Avg=NaN, 90=0, 99=0, 99.9=0, 99.99=0] 
2021-02-28 20:08:56:630 331 sec: 2399236 operations; 0 current ops/sec; est completion in 31 seconds [INSERT: Count=0, Max=0, Min=9223372036854775807, Avg=NaN, 90=0, 99=0, 99.9=0, 99.99=0] 
2021-02-28 20:08:57:630 332 sec: 2399236 operations; 0 current ops/sec; est completion in 31 seconds [INSERT: Count=0, Max=0, Min=9223372036854775807, Avg=NaN, 90=0, 99=0, 99.9=0, 99.99=0] 
2021-02-28 20:08:58:630 333 sec: 2399236 operations; 0 current ops/sec; est completion in 31 seconds [INSERT: Count=0, Max=0, Min=9223372036854775807, Avg=NaN, 90=0, 99=0, 99.9=0, 99.99=0] 
2021-02-28 20:08:59:630 334 sec: 2399236 operations; 0 current ops/sec; est completion in 31 seconds [INSERT: Count=0, Max=0, Min=9223372036854775807, Avg=NaN, 90=0, 99=0, 99.9=0, 99.99=0] 
2021-02-28 20:09:00:630 335 sec: 2399236 operations; 0 current ops/sec; est completion in 32 seconds [INSERT: Count=0, Max=0, Min=9223372036854775807, Avg=NaN, 90=0, 99=0, 99.9=0, 99.99=0] 
2021-02-28 20:09:01:630 336 sec: 2399236 operations; 0 current ops/sec; est completion in 32 seconds [INSERT: Count=0, Max=0, Min=9223372036854775807, Avg=NaN, 90=0, 99=0, 99.9=0, 99.99=0] 
2021-02-28 20:09:02:630 337 sec: 2399236 operations; 0 current ops/sec; est completion in 32 seconds [INSERT: Count=0, Max=0, Min=9223372036854775807, Avg=NaN, 90=0, 99=0, 99.9=0, 99.99=0] 
2021-02-28 20:09:03:630 338 sec: 2399236 operations; 0 current ops/sec; est completion in 32 seconds [INSERT: Count=0, Max=0, Min=9223372036854775807, Avg=NaN, 90=0, 99=0, 99.9=0, 99.99=0] 
2021-02-28 20:09:04:630 339 sec: 2399236 operations; 0 current ops/sec; est completion in 32 seconds [INSERT: Count=0, Max=0, Min=9223372036854775807, Avg=NaN, 90=0, 99=0, 99.9=0, 99.99=0] 
2021-02-28 20:09:05:630 340 sec: 2399236 operations; 0 current ops/sec; est completion in 32 seconds [INSERT: Count=0, Max=0, Min=9223372036854775807, Avg=NaN, 90=0, 99=0, 99.9=0, 99.99=0] 
2021-02-28 20:09:06:630 341 sec: 2399236 operations; 0 current ops/sec; est completion in 32 seconds [INSERT: Count=0, Max=0, Min=9223372036854775807, Avg=NaN, 90=0, 99=0, 99.9=0, 99.99=0] 
2021-02-28 20:09:07:630 342 sec: 2399236 operations; 0 current ops/sec; est completion in 32 seconds [INSERT: Count=0, Max=0, Min=9223372036854775807, Avg=NaN, 90=0, 99=0, 99.9=0, 99.99=0] 
2021-02-28 20:09:08:630 343 sec: 2399236 operations; 0 current ops/sec; est completion in 32 seconds [INSERT: Count=0, Max=0, Min=9223372036854775807, Avg=NaN, 90=0, 99=0, 99.9=0, 99.99=0] 
2021-02-28 20:09:09:630 344 sec: 2399236 operations; 0 current ops/sec; est completion in 32 seconds [INSERT: Count=0, Max=0, Min=9223372036854775807, Avg=NaN, 90=0, 99=0, 99.9=0, 99.99=0] 
2021-02-28 20:09:10:630 345 sec: 2399236 operations; 0 current ops/sec; est completion in 32 seconds [INSERT: Count=0, Max=0, Min=9223372036854775807, Avg=NaN, 90=0, 99=0, 99.9=0, 99.99=0] 
2021-02-28 20:09:11:630 346 sec: 2399236 operations; 0 current ops/sec; est completion in 33 seconds [INSERT: Count=0, Max=0, Min=9223372036854775807, Avg=NaN, 90=0, 99=0, 99.9=0, 99.99=0] 
2021-02-28 20:09:12:630 347 sec: 2399236 operations; 0 current ops/sec; est completion in 33 seconds [INSERT: Count=0, Max=0, Min=9223372036854775807, Avg=NaN, 90=0, 99=0, 99.9=0, 99.99=0] 
2021-02-28 20:09:13:630 348 sec: 2399236 operations; 0 current ops/sec; est completion in 33 seconds [INSERT: Count=0, Max=0, Min=9223372036854775807, Avg=NaN, 90=0, 99=0, 99.9=0, 99.99=0] 
2021-02-28 20:09:14:630 349 sec: 2399236 operations; 0 current ops/sec; est completion in 33 seconds [INSERT: Count=0, Max=0, Min=9223372036854775807, Avg=NaN, 90=0, 99=0, 99.9=0, 99.99=0] 
2021-02-28 20:09:15.159 [Thread-3] INFO  bftsmart.tom.ServiceProxy - ###################TIMEOUT#######################
2021-02-28 20:09:15.159 [Thread-6] INFO  bftsmart.tom.ServiceProxy - ###################TIMEOUT#######################
2021-02-28 20:09:15.159 [Thread-3] INFO  bftsmart.tom.ServiceProxy - Reply timeout for reqId=299945, Replies received: 0
2021-02-28 20:09:15.160 [Thread-6] INFO  bftsmart.tom.ServiceProxy - Reply timeout for reqId=299744, Replies received: 0
2021-02-28 20:09:15.159 [Thread-9] INFO  bftsmart.tom.ServiceProxy - ###################TIMEOUT#######################
2021-02-28 20:09:15.159 [Thread-8] INFO  bftsmart.tom.ServiceProxy - ###################TIMEOUT#######################
2021-02-28 20:09:15.160 [Thread-8] INFO  bftsmart.tom.ServiceProxy - Reply timeout for reqId=300058, Replies received: 0
2021-02-28 20:09:15.160 [Thread-7] INFO  bftsmart.tom.ServiceProxy - ###################TIMEOUT#######################
2021-02-28 20:09:15.160 [Thread-7] INFO  bftsmart.tom.ServiceProxy - Reply timeout for reqId=300483, Replies received: 0
2021-02-28 20:09:15.160 [Thread-4] INFO  bftsmart.tom.ServiceProxy - ###################TIMEOUT#######################
2021-02-28 20:09:15.160 [Thread-4] INFO  bftsmart.tom.ServiceProxy - Reply timeout for reqId=300001, Replies received: 0
2021-02-28 20:09:15.160 [Thread-5] INFO  bftsmart.tom.ServiceProxy - ###################TIMEOUT#######################
2021-02-28 20:09:15.160 [Thread-9] INFO  bftsmart.tom.ServiceProxy - Reply timeout for reqId=299069, Replies received: 0
2021-02-28 20:09:15.160 [Thread-5] INFO  bftsmart.tom.ServiceProxy - Reply timeout for reqId=301776, Replies received: 0
2021-02-28 20:09:15.161 [Thread-2] INFO  bftsmart.tom.ServiceProxy - ###################TIMEOUT#######################
2021-02-28 20:09:15.161 [Thread-2] INFO  bftsmart.tom.ServiceProxy - Reply timeout for reqId=298160, Replies received: 0
2021-02-28 20:09:15.174 [Thread-4] ERROR smarttrie.app.client.Client$ - Request failed
java.lang.NullPointerException: null
	at java.base/java.io.ByteArrayInputStream.<init>(ByteArrayInputStream.java:108)
	at smarttrie.io.Codec$.reader(Codec.scala:206)
	at smarttrie.io.Codec$.decode(Codec.scala:203)
	at smarttrie.app.client.Client.execute(Client.scala:107)
	at smarttrie.app.client.Client.update(Client.scala:53)
	at smarttrie.app.client.Client.insert(Client.scala:44)
	at site.ycsb.DBWrapper.insert(DBWrapper.java:221)
	at site.ycsb.workloads.CoreWorkload.doInsert(CoreWorkload.java:601)
	at site.ycsb.ClientThread.run(ClientThread.java:135)
	at java.base/java.lang.Thread.run(Thread.java:834)
2021-02-28 20:09:15.174 [Thread-7] ERROR smarttrie.app.client.Client$ - Request failed
java.lang.NullPointerException: null
	at java.base/java.io.ByteArrayInputStream.<init>(ByteArrayInputStream.java:108)
	at smarttrie.io.Codec$.reader(Codec.scala:206)
	at smarttrie.io.Codec$.decode(Codec.scala:203)
	at smarttrie.app.client.Client.execute(Client.scala:107)
	at smarttrie.app.client.Client.update(Client.scala:53)
	at smarttrie.app.client.Client.insert(Client.scala:44)
	at site.ycsb.DBWrapper.insert(DBWrapper.java:221)
	at site.ycsb.workloads.CoreWorkload.doInsert(CoreWorkload.java:601)
	at site.ycsb.ClientThread.run(ClientThread.java:135)
	at java.base/java.lang.Thread.run(Thread.java:834)
2021-02-28 20:09:15.174 [Thread-2] ERROR smarttrie.app.client.Client$ - Request failed
java.lang.NullPointerException: null
	at java.base/java.io.ByteArrayInputStream.<init>(ByteArrayInputStream.java:108)
	at smarttrie.io.Codec$.reader(Codec.scala:206)
	at smarttrie.io.Codec$.decode(Codec.scala:203)
	at smarttrie.app.client.Client.execute(Client.scala:107)
	at smarttrie.app.client.Client.update(Client.scala:53)
	at smarttrie.app.client.Client.insert(Client.scala:44)
	at site.ycsb.DBWrapper.insert(DBWrapper.java:221)
	at site.ycsb.workloads.CoreWorkload.doInsert(CoreWorkload.java:601)
	at site.ycsb.ClientThread.run(ClientThread.java:135)
	at java.base/java.lang.Thread.run(Thread.java:834)
2021-02-28 20:09:15.175 [Thread-5] ERROR smarttrie.app.client.Client$ - Request failed
java.lang.NullPointerException: null
	at java.base/java.io.ByteArrayInputStream.<init>(ByteArrayInputStream.java:108)
	at smarttrie.io.Codec$.reader(Codec.scala:206)
	at smarttrie.io.Codec$.decode(Codec.scala:203)
	at smarttrie.app.client.Client.execute(Client.scala:107)
	at smarttrie.app.client.Client.update(Client.scala:53)
	at smarttrie.app.client.Client.insert(Client.scala:44)
	at site.ycsb.DBWrapper.insert(DBWrapper.java:221)
	at site.ycsb.workloads.CoreWorkload.doInsert(CoreWorkload.java:601)
	at site.ycsb.ClientThread.run(ClientThread.java:135)
	at java.base/java.lang.Thread.run(Thread.java:834)
2021-02-28 20:09:15.175 [Thread-8] ERROR smarttrie.app.client.Client$ - Request failed
java.lang.NullPointerException: null
	at java.base/java.io.ByteArrayInputStream.<init>(ByteArrayInputStream.java:108)
	at smarttrie.io.Codec$.reader(Codec.scala:206)
	at smarttrie.io.Codec$.decode(Codec.scala:203)
	at smarttrie.app.client.Client.execute(Client.scala:107)
	at smarttrie.app.client.Client.update(Client.scala:53)
	at smarttrie.app.client.Client.insert(Client.scala:44)
	at site.ycsb.DBWrapper.insert(DBWrapper.java:221)
	at site.ycsb.workloads.CoreWorkload.doInsert(CoreWorkload.java:601)
	at site.ycsb.ClientThread.run(ClientThread.java:135)
	at java.base/java.lang.Thread.run(Thread.java:834)
2021-02-28 20:09:15.175 [Thread-3] ERROR smarttrie.app.client.Client$ - Request failed
java.lang.NullPointerException: null
	at java.base/java.io.ByteArrayInputStream.<init>(ByteArrayInputStream.java:108)
	at smarttrie.io.Codec$.reader(Codec.scala:206)
	at smarttrie.io.Codec$.decode(Codec.scala:203)
	at smarttrie.app.client.Client.execute(Client.scala:107)
	at smarttrie.app.client.Client.update(Client.scala:53)
	at smarttrie.app.client.Client.insert(Client.scala:44)
	at site.ycsb.DBWrapper.insert(DBWrapper.java:221)
	at site.ycsb.workloads.CoreWorkload.doInsert(CoreWorkload.java:601)
	at site.ycsb.ClientThread.run(ClientThread.java:135)
	at java.base/java.lang.Thread.run(Thread.java:834)
Error inserting, not retrying any more. number of attempts: 1Insertion Retry Limit: 0
Error inserting, not retrying any more. number of attempts: 1Insertion Retry Limit: 0
2021-02-28 20:09:15.177 [Thread-6] ERROR smarttrie.app.client.Client$ - Request failed
java.lang.NullPointerException: null
	at java.base/java.io.ByteArrayInputStream.<init>(ByteArrayInputStream.java:108)
	at smarttrie.io.Codec$.reader(Codec.scala:206)
	at smarttrie.io.Codec$.decode(Codec.scala:203)
	at smarttrie.app.client.Client.execute(Client.scala:107)
	at smarttrie.app.client.Client.update(Client.scala:53)
	at smarttrie.app.client.Client.insert(Client.scala:44)
	at site.ycsb.DBWrapper.insert(DBWrapper.java:221)
	at site.ycsb.workloads.CoreWorkload.doInsert(CoreWorkload.java:601)
	at site.ycsb.ClientThread.run(ClientThread.java:135)
	at java.base/java.lang.Thread.run(Thread.java:834)
Error inserting, not retrying any more. number of attempts: 1Insertion Retry Limit: 0
Error inserting, not retrying any more. number of attempts: 1Insertion Retry Limit: 0
2021-02-28 20:09:15.178 [Thread-9] ERROR smarttrie.app.client.Client$ - Request failed
java.lang.NullPointerException: null
	at java.base/java.io.ByteArrayInputStream.<init>(ByteArrayInputStream.java:108)
	at smarttrie.io.Codec$.reader(Codec.scala:206)
	at smarttrie.io.Codec$.decode(Codec.scala:203)
	at smarttrie.app.client.Client.execute(Client.scala:107)
	at smarttrie.app.client.Client.update(Client.scala:53)
	at smarttrie.app.client.Client.insert(Client.scala:44)
	at site.ycsb.DBWrapper.insert(DBWrapper.java:221)
	at site.ycsb.workloads.CoreWorkload.doInsert(CoreWorkload.java:601)
	at site.ycsb.ClientThread.run(ClientThread.java:135)
	at java.base/java.lang.Thread.run(Thread.java:834)
Error inserting, not retrying any more. number of attempts: 1Insertion Retry Limit: 0
Error inserting, not retrying any more. number of attempts: 1Insertion Retry Limit: 0
Error inserting, not retrying any more. number of attempts: 1Insertion Retry Limit: 0
Error inserting, not retrying any more. number of attempts: 1Insertion Retry Limit: 0
2021-02-28 20:09:15:182 349 sec: 2399236 operations; 0 current ops/sec; est completion in 33 seconds [CLEANUP: Count=8, Max=4, Min=1, Avg=2.12, 90=2, 99=4, 99.9=4, 99.99=4] [INSERT: Count=0, Max=0, Min=9223372036854775807, Avg=NaN, 90=0, 99=0, 99.9=0, 99.99=0] [INSERT-FAILED: Count=8, Max=40042495, Min=40009728, Avg=40026112, 90=40042495, 99=40042495, 99.9=40042495, 99.99=40042495] 
[OVERALL], RunTime(ms), 349553
[OVERALL], Throughput(ops/sec), 6863.725958581388
[TOTAL_GCS_G1_Young_Generation], Count, 44
[TOTAL_GC_TIME_G1_Young_Generation], Time(ms), 643
[TOTAL_GC_TIME_%_G1_Young_Generation], Time(%), 0.1839492151404794
[TOTAL_GCS_G1_Old_Generation], Count, 0
[TOTAL_GC_TIME_G1_Old_Generation], Time(ms), 0
[TOTAL_GC_TIME_%_G1_Old_Generation], Time(%), 0.0
[TOTAL_GCs], Count, 44
[TOTAL_GC_TIME], Time(ms), 643
[TOTAL_GC_TIME_%], Time(%), 0.1839492151404794
[CLEANUP], Operations, 8
[CLEANUP], AverageLatency(us), 2.125
[CLEANUP], MinLatency(us), 1
[CLEANUP], MaxLatency(us), 4
[CLEANUP], 95thPercentileLatency(us), 4
[CLEANUP], 99thPercentileLatency(us), 4
[INSERT], Operations, 2399236
[INSERT], AverageLatency(us), 1026.546957448121
[INSERT], MinLatency(us), 473
[INSERT], MaxLatency(us), 2006015
[INSERT], 95thPercentileLatency(us), 1418
[INSERT], 99thPercentileLatency(us), 2155
[INSERT], Return=OK, 2399236
[INSERT], Return=ERROR, 8
[INSERT-FAILED], Operations, 8
[INSERT-FAILED], AverageLatency(us), 4.0026112E7
[INSERT-FAILED], MinLatency(us), 40009728
[INSERT-FAILED], MaxLatency(us), 40042495
[INSERT-FAILED], 95thPercentileLatency(us), 40042495
[INSERT-FAILED], 99thPercentileLatency(us), 40042495
