Command line: -load -s -db smarttrie.app.client.Client -threads 8 -P config/workload -p recordcount=2621440
YCSB Client 0.17.0

Loading workload...
Starting test.
DBWrapper: report latency for each error is false and specific error codes to track for latency are: []
DBWrapper: report latency for each error is false and specific error codes to track for latency are: []
DBWrapper: report latency for each error is false and specific error codes to track for latency are: []
DBWrapper: report latency for each error is false and specific error codes to track for latency are: []
DBWrapper: report latency for each error is false and specific error codes to track for latency are: []
DBWrapper: report latency for each error is false and specific error codes to track for latency are: []
DBWrapper: report latency for each error is false and specific error codes to track for latency are: []
DBWrapper: report latency for each error is false and specific error codes to track for latency are: []
2021-02-28 21:22:17:530 0 sec: 0 operations; est completion in 0 second 
2021-02-28 21:22:18:407 1 sec: 0 operations; est completion in 106751991167300 days 15 hours 
2021-02-28 21:22:18.859 [Thread-4] INFO  b.c.c.n.NettyClientServerCommunicationSystemClientSide - Connecting to replica 0 at /192.168.3.41:11000
2021-02-28 21:22:18.867 [Thread-6] INFO  b.c.c.n.NettyClientServerCommunicationSystemClientSide - Connecting to replica 0 at /192.168.3.41:11000
2021-02-28 21:22:18.860 [Thread-2] INFO  b.c.c.n.NettyClientServerCommunicationSystemClientSide - Connecting to replica 0 at /192.168.3.41:11000
2021-02-28 21:22:18.865 [Thread-3] INFO  b.c.c.n.NettyClientServerCommunicationSystemClientSide - Connecting to replica 0 at /192.168.3.41:11000
2021-02-28 21:22:18.874 [Thread-8] INFO  b.c.c.n.NettyClientServerCommunicationSystemClientSide - Connecting to replica 0 at /192.168.3.41:11000
2021-02-28 21:22:18.874 [Thread-5] INFO  b.c.c.n.NettyClientServerCommunicationSystemClientSide - Connecting to replica 0 at /192.168.3.41:11000
2021-02-28 21:22:18.875 [Thread-9] INFO  b.c.c.n.NettyClientServerCommunicationSystemClientSide - Connecting to replica 0 at /192.168.3.41:11000
2021-02-28 21:22:18.863 [Thread-7] INFO  b.c.c.n.NettyClientServerCommunicationSystemClientSide - Connecting to replica 0 at /192.168.3.41:11000
2021-02-28 21:22:18.898 [nioEventLoopGroup-3-1] INFO  b.c.c.n.NettyClientServerCommunicationSystemClientSide - Channel active
2021-02-28 21:22:18.899 [nioEventLoopGroup-9-1] INFO  b.c.c.n.NettyClientServerCommunicationSystemClientSide - Channel active
2021-02-28 21:22:18.903 [nioEventLoopGroup-8-1] INFO  b.c.c.n.NettyClientServerCommunicationSystemClientSide - Channel active
2021-02-28 21:22:18.903 [nioEventLoopGroup-5-1] INFO  b.c.c.n.NettyClientServerCommunicationSystemClientSide - Channel active
2021-02-28 21:22:18.904 [nioEventLoopGroup-4-1] INFO  b.c.c.n.NettyClientServerCommunicationSystemClientSide - Channel active
2021-02-28 21:22:18.905 [nioEventLoopGroup-2-1] INFO  b.c.c.n.NettyClientServerCommunicationSystemClientSide - Channel active
2021-02-28 21:22:18.906 [nioEventLoopGroup-6-1] INFO  b.c.c.n.NettyClientServerCommunicationSystemClientSide - Channel active
2021-02-28 21:22:18.906 [nioEventLoopGroup-7-1] INFO  b.c.c.n.NettyClientServerCommunicationSystemClientSide - Channel active
2021-02-28 21:22:19:406 2 sec: 0 operations; est completion in 106751991167300 days 15 hours 
2021-02-28 21:22:20:406 3 sec: 115 operations; 115 current ops/sec; est completion in 18 hours 59 minutes [INSERT: Count=123, Max=2805759, Min=4680, Avg=192241.04, 90=23551, 99=2805759, 99.9=2805759, 99.99=2805759] 
2021-02-28 21:22:21:407 4 sec: 1475 operations; 1360 current ops/sec; est completion in 1 hour 58 minutes [INSERT: Count=1354, Max=30575, Min=1899, Avg=5757.88, 90=8035, 99=17135, 99.9=24047, 99.99=30575] 
2021-02-28 21:22:22:406 5 sec: 4132 operations; 2657 current ops/sec; est completion in 52 minutes [INSERT: Count=2655, Max=53087, Min=919, Avg=2936.25, 90=4219, 99=12455, 99.9=39775, 99.99=53087] 
2021-02-28 21:22:23:408 6 sec: 7071 operations; 2939 current ops/sec; est completion in 36 minutes [INSERT: Count=2942, Max=41183, Min=1100, Avg=2706.87, 90=3571, 99=11583, 99.9=39199, 99.99=41183] 
2021-02-28 21:22:24:406 7 sec: 10362 operations; 3291 current ops/sec; est completion in 29 minutes [INSERT: Count=3289, Max=48127, Min=897, Avg=2407.66, 90=3003, 99=7551, 99.9=46623, 99.99=48127] 
2021-02-28 21:22:25:406 8 sec: 13875 operations; 3513 current ops/sec; est completion in 25 minutes [INSERT: Count=3515, Max=27855, Min=779, Avg=2253.56, 90=2797, 99=6079, 99.9=24079, 99.99=27855] 
2021-02-28 21:22:26:406 9 sec: 17825 operations; 3950 current ops/sec; est completion in 21 minutes [INSERT: Count=3948, Max=14903, Min=858, Avg=2014.3, 90=2551, 99=6075, 99.9=13535, 99.99=14903] 
2021-02-28 21:22:27:407 10 sec: 21619 operations; 3794 current ops/sec; est completion in 20 minutes [INSERT: Count=3797, Max=31599, Min=866, Avg=2096.33, 90=2435, 99=3291, 99.9=29807, 99.99=31599] 
2021-02-28 21:22:28:406 11 sec: 25894 operations; 4275 current ops/sec; est completion in 18 minutes [INSERT: Count=4275, Max=9055, Min=925, Avg=1864.93, 90=2247, 99=3727, 99.9=6799, 99.99=9055] 
2021-02-28 21:22:29:406 12 sec: 30340 operations; 4446 current ops/sec; est completion in 17 minutes [INSERT: Count=4445, Max=24943, Min=667, Avg=1789.8, 90=2075, 99=3023, 99.9=23935, 99.99=24943] 
2021-02-28 21:22:30:407 13 sec: 35191 operations; 4851 current ops/sec; est completion in 15 minutes [INSERT: Count=4852, Max=9287, Min=724, Avg=1644.02, 90=1987, 99=5167, 99.9=7559, 99.99=9287] 
2021-02-28 21:22:31:406 14 sec: 39555 operations; 4364 current ops/sec; est completion in 15 minutes [INSERT: Count=4365, Max=13551, Min=755, Avg=1825.45, 90=2000, 99=3161, 99.9=6491, 99.99=13551] 
2021-02-28 21:22:32:406 15 sec: 44024 operations; 4469 current ops/sec; est completion in 14 minutes [INSERT: Count=4466, Max=25183, Min=589, Avg=1776.08, 90=1946, 99=5179, 99.9=22879, 99.99=25183] 
2021-02-28 21:22:33:406 16 sec: 49126 operations; 5102 current ops/sec; est completion in 13 minutes [INSERT: Count=5102, Max=13391, Min=533, Avg=1561.76, 90=1849, 99=2443, 99.9=9943, 99.99=11647] 
2021-02-28 21:22:34:406 17 sec: 55026 operations; 5900 current ops/sec; est completion in 13 minutes [INSERT: Count=5901, Max=14375, Min=537, Avg=1349.49, 90=1677, 99=2247, 99.9=5711, 99.99=11679] 
2021-02-28 21:22:35:406 18 sec: 60689 operations; 5663 current ops/sec; est completion in 12 minutes [INSERT: Count=5666, Max=28943, Min=568, Avg=1405.3, 90=1880, 99=3703, 99.9=26959, 99.99=28623] 
2021-02-28 21:22:36:406 19 sec: 66691 operations; 6002 current ops/sec; est completion in 12 minutes [INSERT: Count=5996, Max=13527, Min=566, Avg=1322.96, 90=1857, 99=2949, 99.9=12687, 99.99=13191] 
2021-02-28 21:22:37:406 20 sec: 73020 operations; 6329 current ops/sec; est completion in 11 minutes [INSERT: Count=6336, Max=11223, Min=564, Avg=1258.57, 90=1763, 99=2765, 99.9=10679, 99.99=11215] 
2021-02-28 21:22:38:406 21 sec: 79502 operations; 6482 current ops/sec; est completion in 11 minutes [INSERT: Count=6476, Max=6183, Min=574, Avg=1228.55, 90=1691, 99=2583, 99.9=4931, 99.99=5391] 
2021-02-28 21:22:39:406 22 sec: 85546 operations; 6044 current ops/sec; est completion in 10 minutes [INSERT: Count=6050, Max=25023, Min=570, Avg=1316.51, 90=1728, 99=2865, 99.9=24175, 99.99=24799] 
2021-02-28 21:22:40:406 23 sec: 91833 operations; 6287 current ops/sec; est completion in 10 minutes [INSERT: Count=6287, Max=8967, Min=577, Avg=1266.76, 90=1745, 99=2589, 99.9=5839, 99.99=8743] 
2021-02-28 21:22:41:406 24 sec: 98294 operations; 6461 current ops/sec; est completion in 10 minutes [INSERT: Count=6460, Max=12535, Min=526, Avg=1232.84, 90=1572, 99=2777, 99.9=11039, 99.99=11615] 
2021-02-28 21:22:42:407 25 sec: 106352 operations; 8058 current ops/sec; est completion in 9 minutes [INSERT: Count=8061, Max=10903, Min=524, Avg=987.06, 90=1170, 99=1449, 99.9=9215, 99.99=10759] 
2021-02-28 21:22:43:406 26 sec: 113460 operations; 7108 current ops/sec; est completion in 9 minutes [INSERT: Count=7103, Max=27775, Min=515, Avg=1117.9, 90=1276, 99=4683, 99.9=25599, 99.99=26815] 
2021-02-28 21:22:44:406 27 sec: 121567 operations; 8107 current ops/sec; est completion in 9 minutes [INSERT: Count=8106, Max=4691, Min=509, Avg=981.25, 90=1191, 99=1475, 99.9=2575, 99.99=4607] 
2021-02-28 21:22:45:406 28 sec: 129489 operations; 7922 current ops/sec; est completion in 8 minutes [INSERT: Count=7926, Max=8791, Min=527, Avg=1004.19, 90=1220, 99=1493, 99.9=6611, 99.99=8247] 
2021-02-28 21:22:46:406 29 sec: 137433 operations; 7944 current ops/sec; est completion in 8 minutes [INSERT: Count=7944, Max=11543, Min=523, Avg=1001.4, 90=1238, 99=1621, 99.9=5259, 99.99=11095] 
2021-02-28 21:22:47:406 30 sec: 145211 operations; 7778 current ops/sec; est completion in 8 minutes [INSERT: Count=7774, Max=26175, Min=524, Avg=1022.52, 90=1166, 99=1496, 99.9=14087, 99.99=25951] 
2021-02-28 21:22:48:406 31 sec: 152448 operations; 7237 current ops/sec; est completion in 8 minutes [INSERT: Count=7234, Max=21263, Min=537, Avg=1092.81, 90=1258, 99=1610, 99.9=20495, 99.99=21119] 
2021-02-28 21:22:49:406 32 sec: 160290 operations; 7842 current ops/sec; est completion in 8 minutes [INSERT: Count=7846, Max=20479, Min=497, Avg=1021, 90=1159, 99=1470, 99.9=14855, 99.99=20463] 
2021-02-28 21:22:50:409 33 sec: 168390 operations; 8083.83 current ops/sec; est completion in 8 minutes [INSERT: Count=8100, Max=12519, Min=480, Avg=985.14, 90=1157, 99=1437, 99.9=11423, 99.99=12159] 
2021-02-28 21:22:51:406 34 sec: 176422 operations; 8048.1 current ops/sec; est completion in 7 minutes [INSERT: Count=8036, Max=11447, Min=523, Avg=988.87, 90=1135, 99=1406, 99.9=2059, 99.99=10975] 
2021-02-28 21:22:52:406 35 sec: 183164 operations; 6742 current ops/sec; est completion in 7 minutes [INSERT: Count=6738, Max=11591, Min=551, Avg=1180, 90=1571, 99=2409, 99.9=10791, 99.99=11231] 
2021-02-28 21:22:53:406 36 sec: 189311 operations; 6147 current ops/sec; est completion in 7 minutes [INSERT: Count=6145, Max=28367, Min=548, Avg=1296.49, 90=1684, 99=2469, 99.9=26863, 99.99=27871] 
2021-02-28 21:22:54:406 37 sec: 195956 operations; 6645 current ops/sec; est completion in 7 minutes [INSERT: Count=6646, Max=6935, Min=569, Avg=1198.39, 90=1644, 99=2495, 99.9=6491, 99.99=6871] 
2021-02-28 21:22:55:406 38 sec: 202509 operations; 6553 current ops/sec; est completion in 7 minutes [INSERT: Count=6554, Max=10695, Min=539, Avg=1216.03, 90=1675, 99=2347, 99.9=3865, 99.99=8335] 
2021-02-28 21:22:56:406 39 sec: 209132 operations; 6623 current ops/sec; est completion in 7 minutes [INSERT: Count=6620, Max=6519, Min=548, Avg=1203.07, 90=1663, 99=2357, 99.9=5527, 99.99=6495] 
2021-02-28 21:22:57:406 40 sec: 215728 operations; 6596 current ops/sec; est completion in 7 minutes [INSERT: Count=6602, Max=5531, Min=562, Avg=1207.65, 90=1645, 99=2395, 99.9=3387, 99.99=5067] 
2021-02-28 21:22:58:406 41 sec: 222346 operations; 6618 current ops/sec; est completion in 7 minutes [INSERT: Count=6615, Max=4943, Min=534, Avg=1204.44, 90=1661, 99=2399, 99.9=3067, 99.99=4295] 
2021-02-28 21:22:59:406 42 sec: 228505 operations; 6159 current ops/sec; est completion in 7 minutes [INSERT: Count=6157, Max=12455, Min=579, Avg=1293.8, 90=1774, 99=2651, 99.9=9015, 99.99=11735] 
2021-02-28 21:23:00:406 43 sec: 236028 operations; 7523 current ops/sec; est completion in 7 minutes [INSERT: Count=7527, Max=11119, Min=526, Avg=1057.51, 90=1293, 99=2095, 99.9=10687, 99.99=11039] 
2021-02-28 21:23:01:406 44 sec: 243892 operations; 7864 current ops/sec; est completion in 7 minutes [INSERT: Count=7864, Max=17727, Min=517, Avg=1011.72, 90=1166, 99=1590, 99.9=10015, 99.99=17567] 
2021-02-28 21:23:02:406 45 sec: 251520 operations; 7628 current ops/sec; est completion in 7 minutes [INSERT: Count=7626, Max=41439, Min=533, Avg=1043.09, 90=1154, 99=1442, 99.9=14255, 99.99=41407] 
2021-02-28 21:23:03:406 46 sec: 259598 operations; 8078 current ops/sec; est completion in 6 minutes [INSERT: Count=8075, Max=10007, Min=547, Avg=984.53, 90=1152, 99=1411, 99.9=4395, 99.99=9319] 
2021-02-28 21:23:04:406 47 sec: 267289 operations; 7691 current ops/sec; est completion in 6 minutes [INSERT: Count=7696, Max=10991, Min=534, Avg=1033.95, 90=1236, 99=1686, 99.9=4811, 99.99=5891] 
2021-02-28 21:23:05:406 48 sec: 275398 operations; 8109 current ops/sec; est completion in 6 minutes [INSERT: Count=8106, Max=5579, Min=518, Avg=980.81, 90=1157, 99=1454, 99.9=2837, 99.99=5503] 
2021-02-28 21:23:06:406 49 sec: 283165 operations; 7767 current ops/sec; est completion in 6 minutes [INSERT: Count=7764, Max=11455, Min=539, Avg=1013.76, 90=1202, 99=1492, 99.9=9983, 99.99=10255] 
2021-02-28 21:23:07:406 50 sec: 290767 operations; 7602 current ops/sec; est completion in 6 minutes [INSERT: Count=7606, Max=21087, Min=535, Avg=1056.81, 90=1191, 99=1522, 99.9=14239, 99.99=20959] 
2021-02-28 21:23:08:406 51 sec: 298488 operations; 7721 current ops/sec; est completion in 6 minutes [INSERT: Count=7721, Max=10687, Min=525, Avg=1030.96, 90=1192, 99=1420, 99.9=9911, 99.99=10687] 
2021-02-28 21:23:09:406 52 sec: 306487 operations; 7999 current ops/sec; est completion in 6 minutes [INSERT: Count=7997, Max=11751, Min=536, Avg=994.8, 90=1191, 99=1511, 99.9=7183, 99.99=11455] 
2021-02-28 21:23:10:406 53 sec: 314452 operations; 7965 current ops/sec; est completion in 6 minutes [INSERT: Count=7968, Max=36799, Min=515, Avg=998.44, 90=1122, 99=1343, 99.9=4103, 99.99=36447] 
2021-02-28 21:23:11:406 54 sec: 322450 operations; 7998 current ops/sec; est completion in 6 minutes [INSERT: Count=7995, Max=18015, Min=503, Avg=995.34, 90=1157, 99=1431, 99.9=5875, 99.99=17807] 
2021-02-28 21:23:12:406 55 sec: 330328 operations; 7878 current ops/sec; est completion in 6 minutes [INSERT: Count=7883, Max=11335, Min=526, Avg=1010.11, 90=1168, 99=1432, 99.9=9295, 99.99=11327] 
2021-02-28 21:23:13:406 56 sec: 338550 operations; 8222 current ops/sec; est completion in 6 minutes [INSERT: Count=8220, Max=10551, Min=533, Avg=968.42, 90=1108, 99=1359, 99.9=1644, 99.99=10503] 
2021-02-28 21:23:14:406 57 sec: 346234 operations; 7684 current ops/sec; est completion in 6 minutes [INSERT: Count=7682, Max=8815, Min=537, Avg=1036.36, 90=1218, 99=1835, 99.9=2469, 99.99=5623] 
2021-02-28 21:23:15:406 58 sec: 352894 operations; 6660 current ops/sec; est completion in 6 minutes [INSERT: Count=6657, Max=6791, Min=571, Avg=1195.83, 90=1645, 99=2387, 99.9=3743, 99.99=6043] 
2021-02-28 21:23:16:406 59 sec: 359538 operations; 6644 current ops/sec; est completion in 6 minutes [INSERT: Count=6651, Max=11175, Min=536, Avg=1199.37, 90=1672, 99=2357, 99.9=5727, 99.99=10255] 
2021-02-28 21:23:17:406 60 sec: 366293 operations; 6755 current ops/sec; est completion in 6 minutes [INSERT: Count=6750, Max=4803, Min=582, Avg=1179.28, 90=1615, 99=2365, 99.9=2957, 99.99=3465] 
2021-02-28 21:23:18:406 61 sec: 372685 operations; 6392 current ops/sec; est completion in 6 minutes [INSERT: Count=6393, Max=31727, Min=580, Avg=1245.68, 90=1669, 99=2361, 99.9=30143, 99.99=31583] 
2021-02-28 21:23:19:406 62 sec: 379304 operations; 6619 current ops/sec; est completion in 6 minutes [INSERT: Count=6618, Max=4367, Min=572, Avg=1203.64, 90=1643, 99=2305, 99.9=3067, 99.99=3711] 
2021-02-28 21:23:20:406 63 sec: 385899 operations; 6595 current ops/sec; est completion in 6 minutes [INSERT: Count=6594, Max=7039, Min=555, Avg=1205.48, 90=1633, 99=2385, 99.9=3155, 99.99=6279] 
2021-02-28 21:23:21:406 64 sec: 392561 operations; 6662 current ops/sec; est completion in 6 minutes [INSERT: Count=6663, Max=12247, Min=541, Avg=1195.99, 90=1655, 99=2409, 99.9=4739, 99.99=8839] 
2021-02-28 21:23:22:406 65 sec: 399263 operations; 6702 current ops/sec; est completion in 6 minutes [INSERT: Count=6702, Max=12839, Min=566, Avg=1188.34, 90=1613, 99=2361, 99.9=12551, 99.99=12831] 
2021-02-28 21:23:23:406 66 sec: 406002 operations; 6739 current ops/sec; est completion in 6 minutes [INSERT: Count=6743, Max=14103, Min=554, Avg=1181.09, 90=1630, 99=2429, 99.9=13575, 99.99=14007] 
2021-02-28 21:23:24:406 67 sec: 412289 operations; 6287 current ops/sec; est completion in 6 minutes [INSERT: Count=6286, Max=13735, Min=583, Avg=1265.43, 90=1660, 99=2623, 99.9=13303, 99.99=13591] 
2021-02-28 21:23:25:406 68 sec: 418920 operations; 6631 current ops/sec; est completion in 5 minutes [INSERT: Count=6627, Max=4875, Min=574, Avg=1201.51, 90=1642, 99=2325, 99.9=3001, 99.99=4191] 
2021-02-28 21:23:26:406 69 sec: 425431 operations; 6511 current ops/sec; est completion in 5 minutes [INSERT: Count=6510, Max=10695, Min=575, Avg=1223.98, 90=1662, 99=2379, 99.9=5179, 99.99=5607] 
2021-02-28 21:23:27:406 70 sec: 432149 operations; 6718 current ops/sec; est completion in 5 minutes [INSERT: Count=6719, Max=5791, Min=553, Avg=1186.19, 90=1633, 99=2309, 99.9=2923, 99.99=3231] 
2021-02-28 21:23:28:406 71 sec: 438633 operations; 6484 current ops/sec; est completion in 5 minutes [INSERT: Count=6485, Max=23439, Min=559, Avg=1228.74, 90=1651, 99=2399, 99.9=22607, 99.99=23375] 
2021-02-28 21:23:29:406 72 sec: 445261 operations; 6628 current ops/sec; est completion in 5 minutes [INSERT: Count=6632, Max=9279, Min=572, Avg=1201.38, 90=1650, 99=2313, 99.9=3047, 99.99=8287] 
2021-02-28 21:23:30:406 73 sec: 451870 operations; 6609 current ops/sec; est completion in 5 minutes [INSERT: Count=6607, Max=6219, Min=581, Avg=1205.17, 90=1632, 99=2287, 99.9=2701, 99.99=5771] 
2021-02-28 21:23:31:407 74 sec: 458766 operations; 6896 current ops/sec; est completion in 5 minutes [INSERT: Count=6899, Max=7727, Min=562, Avg=1155.44, 90=1618, 99=2345, 99.9=3293, 99.99=6987] 
2021-02-28 21:23:32:406 75 sec: 465424 operations; 6658 current ops/sec; est completion in 5 minutes [INSERT: Count=6651, Max=6843, Min=566, Avg=1196.86, 90=1654, 99=2317, 99.9=5747, 99.99=6819] 
2021-02-28 21:23:33:406 76 sec: 471938 operations; 6514 current ops/sec; est completion in 5 minutes [INSERT: Count=6517, Max=6759, Min=563, Avg=1222.91, 90=1636, 99=2371, 99.9=5355, 99.99=6599] 
2021-02-28 21:23:34:406 77 sec: 478529 operations; 6591 current ops/sec; est completion in 5 minutes [INSERT: Count=6592, Max=4175, Min=569, Avg=1208.9, 90=1655, 99=2297, 99.9=2789, 99.99=4175] 
2021-02-28 21:23:35:406 78 sec: 485268 operations; 6739 current ops/sec; est completion in 5 minutes [INSERT: Count=6737, Max=5851, Min=565, Avg=1182.7, 90=1631, 99=2283, 99.9=5499, 99.99=5847] 
2021-02-28 21:23:36:406 79 sec: 491789 operations; 6521 current ops/sec; est completion in 5 minutes [INSERT: Count=6521, Max=4675, Min=581, Avg=1221.68, 90=1643, 99=2399, 99.9=3199, 99.99=4057] 
2021-02-28 21:23:37:406 80 sec: 497999 operations; 6210 current ops/sec; est completion in 5 minutes [INSERT: Count=6213, Max=44639, Min=575, Avg=1282.76, 90=1668, 99=2457, 99.9=43455, 99.99=44575] 
2021-02-28 21:23:38:406 81 sec: 504643 operations; 6644 current ops/sec; est completion in 5 minutes [INSERT: Count=6642, Max=12263, Min=568, Avg=1198.92, 90=1633, 99=2367, 99.9=3357, 99.99=11095] 
2021-02-28 21:23:39:406 82 sec: 511475 operations; 6832 current ops/sec; est completion in 5 minutes [INSERT: Count=6832, Max=13975, Min=556, Avg=1165.78, 90=1658, 99=2391, 99.9=12671, 99.99=13479] 
2021-02-28 21:23:40:406 83 sec: 518502 operations; 7027 current ops/sec; est completion in 5 minutes [INSERT: Count=7024, Max=5659, Min=550, Avg=1133.2, 90=1575, 99=2217, 99.9=3027, 99.99=5435] 
2021-02-28 21:23:41:406 84 sec: 525059 operations; 6557 current ops/sec; est completion in 5 minutes [INSERT: Count=6557, Max=5811, Min=574, Avg=1215.24, 90=1646, 99=2435, 99.9=4759, 99.99=5371] 
2021-02-28 21:23:42:406 85 sec: 531704 operations; 6645 current ops/sec; est completion in 5 minutes [INSERT: Count=6647, Max=8455, Min=558, Avg=1199.58, 90=1672, 99=2335, 99.9=4751, 99.99=7831] 
2021-02-28 21:23:43:406 86 sec: 538437 operations; 6733 current ops/sec; est completion in 5 minutes [INSERT: Count=6731, Max=5659, Min=536, Avg=1183.64, 90=1645, 99=2357, 99.9=2971, 99.99=4519] 
2021-02-28 21:23:44:406 87 sec: 545149 operations; 6712 current ops/sec; est completion in 5 minutes [INSERT: Count=6715, Max=10479, Min=565, Avg=1186.42, 90=1668, 99=2373, 99.9=4495, 99.99=9687] 
2021-02-28 21:23:45:406 88 sec: 551874 operations; 6725 current ops/sec; est completion in 5 minutes [INSERT: Count=6727, Max=6731, Min=556, Avg=1184.03, 90=1613, 99=2345, 99.9=3105, 99.99=6491] 
2021-02-28 21:23:46:406 89 sec: 558351 operations; 6477 current ops/sec; est completion in 5 minutes [INSERT: Count=6474, Max=10703, Min=583, Avg=1230.58, 90=1691, 99=2421, 99.9=3147, 99.99=8111] 
2021-02-28 21:23:47:406 90 sec: 564825 operations; 6474 current ops/sec; est completion in 5 minutes [INSERT: Count=6473, Max=11143, Min=571, Avg=1230.64, 90=1682, 99=2417, 99.9=9951, 99.99=11039] 
2021-02-28 21:23:48:406 91 sec: 571417 operations; 6592 current ops/sec; est completion in 5 minutes [INSERT: Count=6596, Max=3271, Min=575, Avg=1208.04, 90=1623, 99=2379, 99.9=2957, 99.99=3165] 
2021-02-28 21:23:49:406 92 sec: 577979 operations; 6562 current ops/sec; est completion in 5 minutes [INSERT: Count=6559, Max=3879, Min=584, Avg=1214.64, 90=1691, 99=2409, 99.9=2909, 99.99=3481] 
2021-02-28 21:23:50:406 93 sec: 584650 operations; 6671 current ops/sec; est completion in 5 minutes [INSERT: Count=6669, Max=11839, Min=558, Avg=1194.26, 90=1652, 99=2363, 99.9=3277, 99.99=10631] 
2021-02-28 21:23:51:406 94 sec: 591560 operations; 6910 current ops/sec; est completion in 5 minutes [INSERT: Count=6910, Max=5423, Min=560, Avg=1152.68, 90=1606, 99=2309, 99.9=4719, 99.99=5327] 
2021-02-28 21:23:52:406 95 sec: 598155 operations; 6595 current ops/sec; est completion in 5 minutes [INSERT: Count=6599, Max=17807, Min=546, Avg=1207.19, 90=1665, 99=2447, 99.9=4611, 99.99=17615] 
2021-02-28 21:23:53:406 96 sec: 604566 operations; 6411 current ops/sec; est completion in 5 minutes [INSERT: Count=6408, Max=14879, Min=556, Avg=1242.48, 90=1677, 99=2379, 99.9=3997, 99.99=5543] 
2021-02-28 21:23:54:406 97 sec: 611294 operations; 6728 current ops/sec; est completion in 5 minutes [INSERT: Count=6729, Max=6779, Min=568, Avg=1184.51, 90=1667, 99=2383, 99.9=4219, 99.99=6407] 
2021-02-28 21:23:55:408 98 sec: 618102 operations; 6808 current ops/sec; est completion in 5 minutes [INSERT: Count=6815, Max=9551, Min=566, Avg=1170.99, 90=1652, 99=2415, 99.9=3571, 99.99=6399] 
2021-02-28 21:23:56:406 99 sec: 624816 operations; 6714 current ops/sec; est completion in 5 minutes [INSERT: Count=6708, Max=11631, Min=550, Avg=1185.81, 90=1693, 99=2427, 99.9=10239, 99.99=11535] 
2021-02-28 21:23:57:407 100 sec: 631517 operations; 6701 current ops/sec; est completion in 5 minutes [INSERT: Count=6703, Max=7139, Min=553, Avg=1188.7, 90=1655, 99=2389, 99.9=5439, 99.99=6495] 
2021-02-28 21:23:58:406 101 sec: 638092 operations; 6575 current ops/sec; est completion in 5 minutes [INSERT: Count=6570, Max=12071, Min=555, Avg=1210.24, 90=1649, 99=2461, 99.9=5819, 99.99=9959] 
2021-02-28 21:23:59:406 102 sec: 644700 operations; 6608 current ops/sec; est completion in 5 minutes [INSERT: Count=6608, Max=6031, Min=550, Avg=1205.29, 90=1696, 99=2387, 99.9=2879, 99.99=3115] 
2021-02-28 21:24:00:406 103 sec: 651196 operations; 6496 current ops/sec; est completion in 5 minutes [INSERT: Count=6497, Max=11087, Min=561, Avg=1225.42, 90=1718, 99=2549, 99.9=10447, 99.99=10951] 
2021-02-28 21:24:01:406 104 sec: 657325 operations; 6129 current ops/sec; est completion in 5 minutes [INSERT: Count=6128, Max=5431, Min=548, Avg=1300.72, 90=1858, 99=2655, 99.9=4041, 99.99=5311] 
2021-02-28 21:24:02:406 105 sec: 663577 operations; 6252 current ops/sec; est completion in 5 minutes [INSERT: Count=6257, Max=19583, Min=539, Avg=1273.6, 90=1729, 99=2537, 99.9=7531, 99.99=10295] 
2021-02-28 21:24:03:406 106 sec: 670978 operations; 7401 current ops/sec; est completion in 5 minutes [INSERT: Count=7399, Max=8127, Min=552, Avg=1076.35, 90=1341, 99=1656, 99.9=7919, 99.99=8079] 
2021-02-28 21:24:04:406 107 sec: 678539 operations; 7561 current ops/sec; est completion in 5 minutes [INSERT: Count=7563, Max=13263, Min=539, Avg=1053.22, 90=1284, 99=1579, 99.9=4231, 99.99=7919] 
2021-02-28 21:24:05:406 108 sec: 686505 operations; 7966 current ops/sec; est completion in 5 minutes [INSERT: Count=7964, Max=3575, Min=526, Avg=999.9, 90=1186, 99=1450, 99.9=2173, 99.99=3023] 
2021-02-28 21:24:06:406 109 sec: 694309 operations; 7804 current ops/sec; est completion in 5 minutes [INSERT: Count=7803, Max=13999, Min=519, Avg=1020.05, 90=1211, 99=1493, 99.9=12471, 99.99=13575] 
2021-02-28 21:24:07:406 110 sec: 703143 operations; 8834 current ops/sec; est completion in 5 minutes [INSERT: Count=8836, Max=4451, Min=513, Avg=900.51, 90=1079, 99=1350, 99.9=2261, 99.99=4375] 
2021-02-28 21:24:08:406 111 sec: 711577 operations; 8434 current ops/sec; est completion in 4 minutes [INSERT: Count=8432, Max=8679, Min=491, Avg=943.7, 90=1126, 99=1382, 99.9=3147, 99.99=7795] 
2021-02-28 21:24:09:406 112 sec: 719996 operations; 8419 current ops/sec; est completion in 4 minutes [INSERT: Count=8418, Max=14063, Min=517, Avg=945.68, 90=1132, 99=1414, 99.9=4251, 99.99=13999] 
2021-02-28 21:24:10:406 113 sec: 728861 operations; 8865 current ops/sec; est completion in 4 minutes [INSERT: Count=8869, Max=4935, Min=490, Avg=897.61, 90=1062, 99=1271, 99.9=1539, 99.99=2045] 
2021-02-28 21:24:11:406 114 sec: 737834 operations; 8973 current ops/sec; est completion in 4 minutes [INSERT: Count=8969, Max=6291, Min=515, Avg=886.25, 90=1055, 99=1271, 99.9=5603, 99.99=6263] 
2021-02-28 21:24:12:406 115 sec: 746500 operations; 8666 current ops/sec; est completion in 4 minutes [INSERT: Count=8668, Max=4659, Min=510, Avg=919, 90=1113, 99=1354, 99.9=1672, 99.99=3897] 
2021-02-28 21:24:13:406 116 sec: 754975 operations; 8475 current ops/sec; est completion in 4 minutes [INSERT: Count=8474, Max=10319, Min=503, Avg=938.96, 90=1111, 99=1383, 99.9=6915, 99.99=9679] 
2021-02-28 21:24:14:406 117 sec: 763604 operations; 8629 current ops/sec; est completion in 4 minutes [INSERT: Count=8630, Max=5151, Min=498, Avg=922.12, 90=1095, 99=1303, 99.9=3521, 99.99=4911] 
2021-02-28 21:24:15:406 118 sec: 772197 operations; 8593 current ops/sec; est completion in 4 minutes [INSERT: Count=8592, Max=6039, Min=515, Avg=926.41, 90=1101, 99=1320, 99.9=2159, 99.99=5967] 
2021-02-28 21:24:16:406 119 sec: 780883 operations; 8686 current ops/sec; est completion in 4 minutes [INSERT: Count=8687, Max=8375, Min=511, Avg=916.3, 90=1083, 99=1311, 99.9=4115, 99.99=8071] 
2021-02-28 21:24:17:406 120 sec: 789635 operations; 8752 current ops/sec; est completion in 4 minutes [INSERT: Count=8751, Max=5895, Min=509, Avg=909.34, 90=1085, 99=1292, 99.9=3825, 99.99=5651] 
2021-02-28 21:24:18:406 121 sec: 797777 operations; 8142 current ops/sec; est completion in 4 minutes [INSERT: Count=8143, Max=18687, Min=486, Avg=977.72, 90=1166, 99=1427, 99.9=10367, 99.99=12559] 
2021-02-28 21:24:19:406 122 sec: 806405 operations; 8628 current ops/sec; est completion in 4 minutes [INSERT: Count=8626, Max=4323, Min=517, Avg=922.7, 90=1106, 99=1309, 99.9=1483, 99.99=3483] 
2021-02-28 21:24:20:406 123 sec: 814993 operations; 8588 current ops/sec; est completion in 4 minutes [INSERT: Count=8588, Max=10007, Min=521, Avg=925.91, 90=1105, 99=1369, 99.9=4867, 99.99=9479] 
2021-02-28 21:24:21:406 124 sec: 823769 operations; 8776 current ops/sec; est completion in 4 minutes [INSERT: Count=8778, Max=10999, Min=492, Avg=906.54, 90=1076, 99=1314, 99.9=5483, 99.99=10087] 
2021-02-28 21:24:22:406 125 sec: 832325 operations; 8556 current ops/sec; est completion in 4 minutes [INSERT: Count=8556, Max=10639, Min=487, Avg=929.73, 90=1118, 99=1336, 99.9=1578, 99.99=10087] 
2021-02-28 21:24:23:406 126 sec: 840779 operations; 8454 current ops/sec; est completion in 4 minutes [INSERT: Count=8452, Max=11351, Min=517, Avg=941.88, 90=1122, 99=1321, 99.9=1990, 99.99=11175] 
2021-02-28 21:24:24:406 127 sec: 849180 operations; 8401 current ops/sec; est completion in 4 minutes [INSERT: Count=8402, Max=10567, Min=513, Avg=946.91, 90=1124, 99=1388, 99.9=5459, 99.99=10455] 
2021-02-28 21:24:25:406 128 sec: 857781 operations; 8601 current ops/sec; est completion in 4 minutes [INSERT: Count=8603, Max=9831, Min=500, Avg=924.67, 90=1108, 99=1323, 99.9=2349, 99.99=9799] 
2021-02-28 21:24:26:406 129 sec: 866267 operations; 8486 current ops/sec; est completion in 4 minutes [INSERT: Count=8483, Max=3733, Min=526, Avg=937.48, 90=1122, 99=1338, 99.9=1946, 99.99=3661] 
2021-02-28 21:24:27:406 130 sec: 874646 operations; 8379 current ops/sec; est completion in 4 minutes [INSERT: Count=8381, Max=10511, Min=518, Avg=950.02, 90=1109, 99=1327, 99.9=4915, 99.99=10207] 
2021-02-28 21:24:28:406 131 sec: 882758 operations; 8112 current ops/sec; est completion in 4 minutes [INSERT: Count=8113, Max=13359, Min=505, Avg=981.36, 90=1121, 99=1345, 99.9=12887, 99.99=13359] 
2021-02-28 21:24:29:406 132 sec: 891043 operations; 8285 current ops/sec; est completion in 4 minutes [INSERT: Count=8281, Max=13327, Min=495, Avg=960.85, 90=1127, 99=1352, 99.9=1601, 99.99=6807] 
2021-02-28 21:24:30:406 133 sec: 899378 operations; 8335 current ops/sec; est completion in 4 minutes [INSERT: Count=8336, Max=5839, Min=534, Avg=954.31, 90=1142, 99=1357, 99.9=5179, 99.99=5735] 
2021-02-28 21:24:31:406 134 sec: 907826 operations; 8448 current ops/sec; est completion in 4 minutes [INSERT: Count=8449, Max=3009, Min=524, Avg=941.93, 90=1122, 99=1319, 99.9=1512, 99.99=2479] 
2021-02-28 21:24:32:406 135 sec: 916217 operations; 8391 current ops/sec; est completion in 4 minutes [INSERT: Count=8391, Max=2253, Min=524, Avg=948.85, 90=1117, 99=1351, 99.9=1559, 99.99=2151] 
2021-02-28 21:24:33:406 136 sec: 924651 operations; 8434 current ops/sec; est completion in 4 minutes [INSERT: Count=8435, Max=2155, Min=507, Avg=943.99, 90=1125, 99=1361, 99.9=1637, 99.99=1920] 
2021-02-28 21:24:34:406 137 sec: 933313 operations; 8662 current ops/sec; est completion in 4 minutes [INSERT: Count=8662, Max=6027, Min=517, Avg=918.28, 90=1090, 99=1307, 99.9=2507, 99.99=5991] 
2021-02-28 21:24:35:406 138 sec: 941651 operations; 8338 current ops/sec; est completion in 4 minutes [INSERT: Count=8337, Max=5875, Min=487, Avg=954.71, 90=1124, 99=1387, 99.9=4795, 99.99=5775] 
2021-02-28 21:24:36:406 139 sec: 949967 operations; 8316 current ops/sec; est completion in 4 minutes [INSERT: Count=8317, Max=11735, Min=525, Avg=956.55, 90=1137, 99=1357, 99.9=2921, 99.99=11519] 
2021-02-28 21:24:37:406 140 sec: 957182 operations; 7215 current ops/sec; est completion in 4 minutes [INSERT: Count=7214, Max=13335, Min=549, Avg=1103.98, 90=1362, 99=1747, 99.9=4783, 99.99=8383] 
2021-02-28 21:24:38:406 141 sec: 964557 operations; 7375 current ops/sec; est completion in 4 minutes [INSERT: Count=7375, Max=3345, Min=550, Avg=1080.13, 90=1346, 99=1640, 99.9=1855, 99.99=2939] 
2021-02-28 21:24:39:406 142 sec: 971820 operations; 7263 current ops/sec; est completion in 4 minutes [INSERT: Count=7262, Max=6743, Min=559, Avg=1096.85, 90=1327, 99=1602, 99.9=6015, 99.99=6623] 
2021-02-28 21:24:40:406 143 sec: 979177 operations; 7357 current ops/sec; est completion in 4 minutes [INSERT: Count=7358, Max=11895, Min=534, Avg=1081.85, 90=1273, 99=1633, 99.9=11183, 99.99=11775] 
2021-02-28 21:24:41:406 144 sec: 986784 operations; 7607 current ops/sec; est completion in 3 minutes [INSERT: Count=7608, Max=9831, Min=483, Avg=1046.89, 90=1269, 99=1568, 99.9=7119, 99.99=9727] 
2021-02-28 21:24:42:406 145 sec: 995285 operations; 8501 current ops/sec; est completion in 3 minutes [INSERT: Count=8504, Max=8383, Min=529, Avg=936.73, 90=1120, 99=1377, 99.9=1853, 99.99=8047] 
2021-02-28 21:24:43:406 146 sec: 1003913 operations; 8628 current ops/sec; est completion in 3 minutes [INSERT: Count=8622, Max=3407, Min=519, Avg=922.42, 90=1090, 99=1295, 99.9=1689, 99.99=3137] 
2021-02-28 21:24:44:406 147 sec: 1012422 operations; 8509 current ops/sec; est completion in 3 minutes [INSERT: Count=8514, Max=10663, Min=514, Avg=935.2, 90=1097, 99=1297, 99.9=2321, 99.99=10623] 
2021-02-28 21:24:45:406 148 sec: 1020569 operations; 8147 current ops/sec; est completion in 3 minutes [INSERT: Count=8145, Max=2415, Min=545, Avg=977.32, 90=1140, 99=1352, 99.9=1633, 99.99=1902] 
2021-02-28 21:24:46:406 149 sec: 1029301 operations; 8732 current ops/sec; est completion in 3 minutes [INSERT: Count=8732, Max=2399, Min=499, Avg=911.37, 90=1094, 99=1307, 99.9=1567, 99.99=2169] 
2021-02-28 21:24:47:406 150 sec: 1038379 operations; 9078 current ops/sec; est completion in 3 minutes [INSERT: Count=9077, Max=2429, Min=506, Avg=876.42, 90=1054, 99=1278, 99.9=1471, 99.99=2199] 
2021-02-28 21:24:48:406 151 sec: 1047366 operations; 8987 current ops/sec; est completion in 3 minutes [INSERT: Count=8989, Max=3061, Min=479, Avg=885.82, 90=1054, 99=1268, 99.9=2109, 99.99=3029] 
2021-02-28 21:24:49:406 152 sec: 1056049 operations; 8683 current ops/sec; est completion in 3 minutes [INSERT: Count=8682, Max=3003, Min=506, Avg=916.37, 90=1092, 99=1276, 99.9=1520, 99.99=2943] 
2021-02-28 21:24:50:406 153 sec: 1064618 operations; 8569 current ops/sec; est completion in 3 minutes [INSERT: Count=8568, Max=10999, Min=503, Avg=928.7, 90=1092, 99=1298, 99.9=2369, 99.99=10823] 
2021-02-28 21:24:51:406 154 sec: 1073272 operations; 8654 current ops/sec; est completion in 3 minutes [INSERT: Count=8653, Max=12647, Min=511, Avg=919.56, 90=1078, 99=1258, 99.9=2761, 99.99=12447] 
2021-02-28 21:24:52:406 155 sec: 1081997 operations; 8725 current ops/sec; est completion in 3 minutes [INSERT: Count=8725, Max=6999, Min=490, Avg=912.23, 90=1086, 99=1284, 99.9=2899, 99.99=6927] 
2021-02-28 21:24:53:406 156 sec: 1090645 operations; 8648 current ops/sec; est completion in 3 minutes [INSERT: Count=8652, Max=7123, Min=517, Avg=920.22, 90=1085, 99=1282, 99.9=2823, 99.99=7111] 
2021-02-28 21:24:54:406 157 sec: 1099269 operations; 8624 current ops/sec; est completion in 3 minutes [INSERT: Count=8620, Max=2491, Min=515, Avg=923.06, 90=1110, 99=1344, 99.9=1751, 99.99=2075] 
2021-02-28 21:24:55:406 158 sec: 1107719 operations; 8450 current ops/sec; est completion in 3 minutes [INSERT: Count=8452, Max=3307, Min=513, Avg=942.01, 90=1102, 99=1319, 99.9=1914, 99.99=2981] 
2021-02-28 21:24:56:406 159 sec: 1116176 operations; 8457 current ops/sec; est completion in 3 minutes [INSERT: Count=8455, Max=11463, Min=509, Avg=941.25, 90=1118, 99=1357, 99.9=1909, 99.99=10591] 
2021-02-28 21:24:57:406 160 sec: 1124708 operations; 8532 current ops/sec; est completion in 3 minutes [INSERT: Count=8535, Max=2891, Min=507, Avg=932.63, 90=1109, 99=1326, 99.9=1808, 99.99=2429] 
2021-02-28 21:24:58:406 161 sec: 1133196 operations; 8488 current ops/sec; est completion in 3 minutes [INSERT: Count=8487, Max=12239, Min=531, Avg=937.93, 90=1104, 99=1305, 99.9=2625, 99.99=12023] 
2021-02-28 21:24:59:406 162 sec: 1141684 operations; 8488 current ops/sec; est completion in 3 minutes [INSERT: Count=8491, Max=8783, Min=515, Avg=937.39, 90=1112, 99=1360, 99.9=6931, 99.99=7851] 
2021-02-28 21:25:00:406 163 sec: 1150353 operations; 8669 current ops/sec; est completion in 3 minutes [INSERT: Count=8666, Max=8679, Min=514, Avg=918.1, 90=1080, 99=1299, 99.9=4883, 99.99=8647] 
2021-02-28 21:25:01:406 164 sec: 1158744 operations; 8391 current ops/sec; est completion in 3 minutes [INSERT: Count=8390, Max=7067, Min=472, Avg=948.87, 90=1097, 99=1301, 99.9=3239, 99.99=7003] 
2021-02-28 21:25:02:406 165 sec: 1166673 operations; 7929 current ops/sec; est completion in 3 minutes [INSERT: Count=7929, Max=14679, Min=518, Avg=1002.63, 90=1135, 99=1418, 99.9=14007, 99.99=14279] 
2021-02-28 21:25:03:406 166 sec: 1175020 operations; 8347 current ops/sec; est completion in 3 minutes [INSERT: Count=8345, Max=3633, Min=506, Avg=953.66, 90=1118, 99=1348, 99.9=1694, 99.99=3421] 
2021-02-28 21:25:04:406 167 sec: 1183486 operations; 8466 current ops/sec; est completion in 3 minutes [INSERT: Count=8469, Max=6379, Min=506, Avg=939.51, 90=1115, 99=1340, 99.9=5659, 99.99=6163] 
2021-02-28 21:25:05:406 168 sec: 1192032 operations; 8546 current ops/sec; est completion in 3 minutes [INSERT: Count=8546, Max=11719, Min=516, Avg=930.86, 90=1101, 99=1296, 99.9=1688, 99.99=9423] 
2021-02-28 21:25:06:406 169 sec: 1200466 operations; 8434 current ops/sec; est completion in 3 minutes [INSERT: Count=8434, Max=10519, Min=521, Avg=942.51, 90=1123, 99=1313, 99.9=3131, 99.99=9591] 
2021-02-28 21:25:07:406 170 sec: 1208070 operations; 7604 current ops/sec; est completion in 3 minutes [INSERT: Count=7601, Max=5039, Min=528, Avg=1047.42, 90=1304, 99=1629, 99.9=4443, 99.99=5027] 
2021-02-28 21:25:08:406 171 sec: 1215649 operations; 7579 current ops/sec; est completion in 3 minutes [INSERT: Count=7579, Max=11079, Min=518, Avg=1050.76, 90=1288, 99=1574, 99.9=2515, 99.99=9631] 
2021-02-28 21:25:09:406 172 sec: 1223260 operations; 7611 current ops/sec; est completion in 3 minutes [INSERT: Count=7614, Max=2983, Min=555, Avg=1045.75, 90=1271, 99=1547, 99.9=1778, 99.99=2973] 
2021-02-28 21:25:10:406 173 sec: 1230687 operations; 7427 current ops/sec; est completion in 3 minutes [INSERT: Count=7424, Max=5155, Min=541, Avg=1071.17, 90=1291, 99=1580, 99.9=3087, 99.99=5139] 
2021-02-28 21:25:11:406 174 sec: 1238543 operations; 7856 current ops/sec; est completion in 3 minutes [INSERT: Count=7858, Max=10375, Min=518, Avg=1013.76, 90=1247, 99=1533, 99.9=3005, 99.99=5815] 
2021-02-28 21:25:12:406 175 sec: 1247033 operations; 8490 current ops/sec; est completion in 3 minutes [INSERT: Count=8491, Max=12471, Min=517, Avg=937.5, 90=1113, 99=1372, 99.9=7867, 99.99=9047] 
2021-02-28 21:25:13:406 176 sec: 1255692 operations; 8659 current ops/sec; est completion in 3 minutes [INSERT: Count=8670, Max=2663, Min=502, Avg=918.87, 90=1099, 99=1329, 99.9=1944, 99.99=2621] 
2021-02-28 21:25:14:406 177 sec: 1264293 operations; 8601 current ops/sec; est completion in 3 minutes [INSERT: Count=8587, Max=9527, Min=500, Avg=925.48, 90=1100, 99=1308, 99.9=8143, 99.99=9031] 
2021-02-28 21:25:15:406 178 sec: 1273001 operations; 8708 current ops/sec; est completion in 3 minutes [INSERT: Count=8711, Max=3233, Min=530, Avg=913.38, 90=1093, 99=1306, 99.9=1741, 99.99=2595] 
2021-02-28 21:25:16:406 179 sec: 1281951 operations; 8950 current ops/sec; est completion in 3 minutes [INSERT: Count=8949, Max=3359, Min=490, Avg=888.61, 90=1069, 99=1275, 99.9=1443, 99.99=2467] 
2021-02-28 21:25:17:406 180 sec: 1290698 operations; 8747 current ops/sec; est completion in 3 minutes [INSERT: Count=8746, Max=2729, Min=508, Avg=910.15, 90=1087, 99=1277, 99.9=1936, 99.99=2679] 
2021-02-28 21:25:18:406 181 sec: 1299443 operations; 8745 current ops/sec; est completion in 3 minutes [INSERT: Count=8745, Max=2053, Min=505, Avg=910.23, 90=1079, 99=1276, 99.9=1705, 99.99=2026] 
2021-02-28 21:25:19:406 182 sec: 1308203 operations; 8760 current ops/sec; est completion in 3 minutes [INSERT: Count=8762, Max=3205, Min=512, Avg=908.4, 90=1080, 99=1257, 99.9=1602, 99.99=2581] 
2021-02-28 21:25:20:406 183 sec: 1316806 operations; 8603 current ops/sec; est completion in 3 minutes [INSERT: Count=8602, Max=3311, Min=521, Avg=925.21, 90=1091, 99=1302, 99.9=2007, 99.99=2375] 
2021-02-28 21:25:21:406 184 sec: 1325251 operations; 8445 current ops/sec; est completion in 3 minutes [INSERT: Count=8445, Max=10471, Min=519, Avg=942.82, 90=1088, 99=1295, 99.9=9367, 99.99=10159] 
2021-02-28 21:25:22:406 185 sec: 1333621 operations; 8370 current ops/sec; est completion in 2 minutes [INSERT: Count=8370, Max=6291, Min=517, Avg=950.79, 90=1103, 99=1303, 99.9=5183, 99.99=6155] 
2021-02-28 21:25:23:406 186 sec: 1342052 operations; 8431 current ops/sec; est completion in 2 minutes [INSERT: Count=8432, Max=3291, Min=537, Avg=944.12, 90=1099, 99=1317, 99.9=1532, 99.99=2837] 
2021-02-28 21:25:24:406 187 sec: 1350391 operations; 8339 current ops/sec; est completion in 2 minutes [INSERT: Count=8337, Max=4623, Min=525, Avg=954.74, 90=1102, 99=1307, 99.9=2161, 99.99=4611] 
2021-02-28 21:25:25:406 188 sec: 1358723 operations; 8332 current ops/sec; est completion in 2 minutes [INSERT: Count=8332, Max=2375, Min=543, Avg=955.6, 90=1089, 99=1286, 99.9=1537, 99.99=2185] 
2021-02-28 21:25:26:407 189 sec: 1367057 operations; 8334 current ops/sec; est completion in 2 minutes [INSERT: Count=8337, Max=8887, Min=535, Avg=955.55, 90=1088, 99=1290, 99.9=1812, 99.99=8839] 
2021-02-28 21:25:27:406 190 sec: 1375497 operations; 8440 current ops/sec; est completion in 2 minutes [INSERT: Count=8437, Max=3985, Min=530, Avg=942.85, 90=1103, 99=1313, 99.9=1779, 99.99=3683] 
2021-02-28 21:25:28:406 191 sec: 1384043 operations; 8546 current ops/sec; est completion in 2 minutes [INSERT: Count=8546, Max=2445, Min=523, Avg=931.43, 90=1100, 99=1301, 99.9=1614, 99.99=2403] 
2021-02-28 21:25:29:406 192 sec: 1392444 operations; 8401 current ops/sec; est completion in 2 minutes [INSERT: Count=8402, Max=12615, Min=518, Avg=946.85, 90=1108, 99=1334, 99.9=11263, 99.99=12455] 
2021-02-28 21:25:30:406 193 sec: 1400849 operations; 8405 current ops/sec; est completion in 2 minutes [INSERT: Count=8407, Max=9999, Min=531, Avg=946.97, 90=1131, 99=1348, 99.9=1799, 99.99=9759] 
2021-02-28 21:25:31:406 194 sec: 1409295 operations; 8446 current ops/sec; est completion in 2 minutes [INSERT: Count=8443, Max=4523, Min=522, Avg=942.63, 90=1126, 99=1319, 99.9=1494, 99.99=1617] 
2021-02-28 21:25:32:406 195 sec: 1417793 operations; 8498 current ops/sec; est completion in 2 minutes [INSERT: Count=8498, Max=2831, Min=516, Avg=935.48, 90=1120, 99=1329, 99.9=1521, 99.99=2387] 
2021-02-28 21:25:33:406 196 sec: 1426435 operations; 8642 current ops/sec; est completion in 2 minutes [INSERT: Count=8643, Max=2647, Min=504, Avg=920.79, 90=1097, 99=1286, 99.9=1522, 99.99=2479] 
2021-02-28 21:25:34:406 197 sec: 1434723 operations; 8288 current ops/sec; est completion in 2 minutes [INSERT: Count=8287, Max=10415, Min=510, Avg=960.44, 90=1128, 99=1434, 99.9=6439, 99.99=10327] 
2021-02-28 21:25:35:406 198 sec: 1442568 operations; 7845 current ops/sec; est completion in 2 minutes [INSERT: Count=7847, Max=3415, Min=526, Avg=1014.88, 90=1286, 99=1559, 99.9=1751, 99.99=3233] 
2021-02-28 21:25:36:406 199 sec: 1450230 operations; 7662 current ops/sec; est completion in 2 minutes [INSERT: Count=7661, Max=3131, Min=516, Avg=1039.54, 90=1270, 99=1562, 99.9=1923, 99.99=3015] 
2021-02-28 21:25:37:406 200 sec: 1457314 operations; 7084 current ops/sec; est completion in 2 minutes [INSERT: Count=7082, Max=13455, Min=523, Avg=1124.76, 90=1338, 99=1680, 99.9=12527, 99.99=13359] 
2021-02-28 21:25:38:406 201 sec: 1464565 operations; 7251 current ops/sec; est completion in 2 minutes [INSERT: Count=7253, Max=14679, Min=523, Avg=1097.99, 90=1305, 99=1685, 99.9=7487, 99.99=9359] 
2021-02-28 21:25:39:406 202 sec: 1472633 operations; 8068 current ops/sec; est completion in 2 minutes [INSERT: Count=8067, Max=8287, Min=517, Avg=987.1, 90=1213, 99=1491, 99.9=1742, 99.99=8063] 
2021-02-28 21:25:40:406 203 sec: 1481564 operations; 8931 current ops/sec; est completion in 2 minutes [INSERT: Count=8930, Max=3503, Min=501, Avg=891.16, 90=1088, 99=1279, 99.9=2077, 99.99=2899] 
2021-02-28 21:25:41:406 204 sec: 1490482 operations; 8918 current ops/sec; est completion in 2 minutes [INSERT: Count=8919, Max=5471, Min=496, Avg=892.2, 90=1072, 99=1268, 99.9=1836, 99.99=5259] 
2021-02-28 21:25:42:406 205 sec: 1499201 operations; 8719 current ops/sec; est completion in 2 minutes [INSERT: Count=8720, Max=4987, Min=514, Avg=912.44, 90=1086, 99=1280, 99.9=1970, 99.99=4975] 
2021-02-28 21:25:43:406 206 sec: 1508203 operations; 9002 current ops/sec; est completion in 2 minutes [INSERT: Count=9000, Max=12839, Min=507, Avg=883.93, 90=1055, 99=1258, 99.9=3007, 99.99=3325] 
2021-02-28 21:25:44:406 207 sec: 1516826 operations; 8623 current ops/sec; est completion in 2 minutes [INSERT: Count=8624, Max=11295, Min=521, Avg=922.43, 90=1098, 99=1340, 99.9=8191, 99.99=9511] 
2021-02-28 21:25:45:406 208 sec: 1525239 operations; 8413 current ops/sec; est completion in 2 minutes [INSERT: Count=8416, Max=6695, Min=519, Avg=945.97, 90=1106, 99=1314, 99.9=5203, 99.99=6651] 
2021-02-28 21:25:46:406 209 sec: 1533933 operations; 8694 current ops/sec; est completion in 2 minutes [INSERT: Count=8692, Max=3801, Min=512, Avg=915.56, 90=1088, 99=1302, 99.9=1582, 99.99=3469] 
2021-02-28 21:25:47:406 210 sec: 1542513 operations; 8580 current ops/sec; est completion in 2 minutes [INSERT: Count=8578, Max=15655, Min=503, Avg=927.68, 90=1103, 99=1320, 99.9=2281, 99.99=12343] 
2021-02-28 21:25:48:406 211 sec: 1551039 operations; 8526 current ops/sec; est completion in 2 minutes [INSERT: Count=8529, Max=3147, Min=504, Avg=932.93, 90=1105, 99=1300, 99.9=1731, 99.99=2795] 
2021-02-28 21:25:49:406 212 sec: 1559540 operations; 8501 current ops/sec; est completion in 2 minutes [INSERT: Count=8499, Max=5447, Min=523, Avg=935.99, 90=1081, 99=1279, 99.9=1463, 99.99=4679] 
2021-02-28 21:25:50:406 213 sec: 1567905 operations; 8365 current ops/sec; est completion in 2 minutes [INSERT: Count=8365, Max=10591, Min=513, Avg=950.83, 90=1136, 99=1346, 99.9=5407, 99.99=9855] 
2021-02-28 21:25:51:406 214 sec: 1576279 operations; 8374 current ops/sec; est completion in 2 minutes [INSERT: Count=8374, Max=3245, Min=531, Avg=950.78, 90=1127, 99=1328, 99.9=1567, 99.99=2913] 
2021-02-28 21:25:52:406 215 sec: 1584546 operations; 8267 current ops/sec; est completion in 2 minutes [INSERT: Count=8269, Max=11223, Min=533, Avg=962.92, 90=1113, 99=1319, 99.9=9495, 99.99=10991] 
2021-02-28 21:25:53:406 216 sec: 1592845 operations; 8299 current ops/sec; est completion in 2 minutes [INSERT: Count=8297, Max=3409, Min=543, Avg=959.24, 90=1099, 99=1302, 99.9=1457, 99.99=2327] 
2021-02-28 21:25:54:406 217 sec: 1601168 operations; 8323 current ops/sec; est completion in 2 minutes [INSERT: Count=8325, Max=2821, Min=547, Avg=955.88, 90=1126, 99=1325, 99.9=1461, 99.99=2585] 
2021-02-28 21:25:55:406 218 sec: 1609542 operations; 8374 current ops/sec; est completion in 2 minutes [INSERT: Count=8373, Max=2435, Min=520, Avg=950.51, 90=1122, 99=1350, 99.9=1644, 99.99=2377] 
2021-02-28 21:25:56:406 219 sec: 1617893 operations; 8351 current ops/sec; est completion in 2 minutes [INSERT: Count=8352, Max=2575, Min=532, Avg=953.41, 90=1107, 99=1299, 99.9=1510, 99.99=2251] 
2021-02-28 21:25:57:406 220 sec: 1626312 operations; 8419 current ops/sec; est completion in 2 minutes [INSERT: Count=8417, Max=13711, Min=533, Avg=945.42, 90=1100, 99=1306, 99.9=1924, 99.99=5815] 
2021-02-28 21:25:58:406 221 sec: 1634898 operations; 8586 current ops/sec; est completion in 2 minutes [INSERT: Count=8589, Max=3817, Min=521, Avg=926.97, 90=1063, 99=1266, 99.9=1549, 99.99=2089] 
2021-02-28 21:25:59:406 222 sec: 1642185 operations; 7287 current ops/sec; est completion in 2 minutes [INSERT: Count=7287, Max=12551, Min=530, Avg=1092.85, 90=1315, 99=1620, 99.9=10511, 99.99=11855] 
2021-02-28 21:26:00:406 223 sec: 1649642 operations; 7457 current ops/sec; est completion in 2 minutes [INSERT: Count=7453, Max=5315, Min=558, Avg=1067.53, 90=1310, 99=1613, 99.9=3777, 99.99=4891] 
2021-02-28 21:26:01:406 224 sec: 1657368 operations; 7726 current ops/sec; est completion in 2 minutes [INSERT: Count=7726, Max=3545, Min=548, Avg=1030.8, 90=1247, 99=1513, 99.9=1706, 99.99=2861] 
2021-02-28 21:26:02:406 225 sec: 1665065 operations; 7697 current ops/sec; est completion in 2 minutes [INSERT: Count=7700, Max=3377, Min=537, Avg=1034.42, 90=1268, 99=1576, 99.9=2035, 99.99=2755] 
2021-02-28 21:26:03:406 226 sec: 1672651 operations; 7586 current ops/sec; est completion in 2 minutes [INSERT: Count=7586, Max=17919, Min=534, Avg=1049.64, 90=1277, 99=1578, 99.9=4535, 99.99=10063] 
2021-02-28 21:26:04:406 227 sec: 1681457 operations; 8806 current ops/sec; est completion in 2 minutes [INSERT: Count=8806, Max=3295, Min=504, Avg=903.92, 90=1101, 99=1336, 99.9=1582, 99.99=3227] 
2021-02-28 21:26:05:406 228 sec: 1690263 operations; 8806 current ops/sec; est completion in 2 minutes [INSERT: Count=8805, Max=8215, Min=496, Avg=903.74, 90=1084, 99=1295, 99.9=5191, 99.99=7403] 
2021-02-28 21:26:06:406 229 sec: 1698633 operations; 8370 current ops/sec; est completion in 2 minutes [INSERT: Count=8372, Max=6223, Min=519, Avg=950.79, 90=1128, 99=1340, 99.9=3955, 99.99=6139] 
2021-02-28 21:26:07:406 230 sec: 1707006 operations; 8373 current ops/sec; est completion in 2 minutes [INSERT: Count=8371, Max=11231, Min=510, Avg=950.85, 90=1124, 99=1343, 99.9=2731, 99.99=11127] 
2021-02-28 21:26:08:406 231 sec: 1715457 operations; 8451 current ops/sec; est completion in 2 minutes [INSERT: Count=8451, Max=3531, Min=516, Avg=941.97, 90=1103, 99=1301, 99.9=1455, 99.99=2012] 
2021-02-28 21:26:09:406 232 sec: 1723868 operations; 8411 current ops/sec; est completion in 2 minutes [INSERT: Count=8411, Max=1802, Min=549, Avg=946.39, 90=1105, 99=1292, 99.9=1506, 99.99=1721] 
2021-02-28 21:26:10:406 233 sec: 1732304 operations; 8436 current ops/sec; est completion in 2 minutes [INSERT: Count=8438, Max=14215, Min=547, Avg=943.4, 90=1102, 99=1294, 99.9=2139, 99.99=13943] 
2021-02-28 21:26:11:406 234 sec: 1740840 operations; 8536 current ops/sec; est completion in 1 minute [INSERT: Count=8534, Max=3811, Min=510, Avg=932.95, 90=1120, 99=1318, 99.9=1575, 99.99=3207] 
2021-02-28 21:26:12:406 235 sec: 1749333 operations; 8493 current ops/sec; est completion in 1 minute [INSERT: Count=8494, Max=3979, Min=521, Avg=936.85, 90=1115, 99=1332, 99.9=2729, 99.99=3179] 
2021-02-28 21:26:13:406 236 sec: 1757819 operations; 8486 current ops/sec; est completion in 1 minute [INSERT: Count=8486, Max=2953, Min=527, Avg=937.92, 90=1126, 99=1359, 99.9=1579, 99.99=2261] 
2021-02-28 21:26:14:406 237 sec: 1766363 operations; 8544 current ops/sec; est completion in 1 minute [INSERT: Count=8542, Max=2759, Min=517, Avg=931.76, 90=1115, 99=1319, 99.9=1652, 99.99=2371] 
2021-02-28 21:26:15:406 238 sec: 1774857 operations; 8494 current ops/sec; est completion in 1 minute [INSERT: Count=8497, Max=12663, Min=525, Avg=936.82, 90=1106, 99=1336, 99.9=8035, 99.99=12159] 
2021-02-28 21:26:16:406 239 sec: 1783398 operations; 8541 current ops/sec; est completion in 1 minute [INSERT: Count=8538, Max=6599, Min=516, Avg=932.25, 90=1120, 99=1331, 99.9=1569, 99.99=6263] 
2021-02-28 21:26:17:406 240 sec: 1792110 operations; 8712 current ops/sec; est completion in 1 minute [INSERT: Count=8712, Max=2907, Min=509, Avg=913.55, 90=1089, 99=1312, 99.9=1844, 99.99=2467] 
2021-02-28 21:26:18:406 241 sec: 1800619 operations; 8509 current ops/sec; est completion in 1 minute [INSERT: Count=8510, Max=2579, Min=515, Avg=935.21, 90=1119, 99=1329, 99.9=1548, 99.99=2521] 
2021-02-28 21:26:19:406 242 sec: 1809022 operations; 8403 current ops/sec; est completion in 1 minute [INSERT: Count=8404, Max=9535, Min=524, Avg=947.3, 90=1095, 99=1325, 99.9=3077, 99.99=9447] 
2021-02-28 21:26:20:406 243 sec: 1816533 operations; 7511 current ops/sec; est completion in 1 minute [INSERT: Count=7511, Max=17967, Min=522, Avg=1060.23, 90=1287, 99=1630, 99.9=4139, 99.99=17615] 
2021-02-28 21:26:21:406 244 sec: 1824259 operations; 7726 current ops/sec; est completion in 1 minute [INSERT: Count=7726, Max=14079, Min=515, Avg=1030.48, 90=1273, 99=1572, 99.9=5011, 99.99=13807] 
2021-02-28 21:26:22:406 245 sec: 1831845 operations; 7586 current ops/sec; est completion in 1 minute [INSERT: Count=7586, Max=13583, Min=519, Avg=1049.51, 90=1276, 99=1610, 99.9=11279, 99.99=13583] 
2021-02-28 21:26:23:406 246 sec: 1839388 operations; 7543 current ops/sec; est completion in 1 minute [INSERT: Count=7543, Max=19455, Min=493, Avg=1055.33, 90=1269, 99=1542, 99.9=11255, 99.99=19407] 
2021-02-28 21:26:24:406 247 sec: 1846985 operations; 7597 current ops/sec; est completion in 1 minute [INSERT: Count=7597, Max=12303, Min=538, Avg=1047.97, 90=1272, 99=1582, 99.9=4807, 99.99=12159] 
2021-02-28 21:26:25:406 248 sec: 1855073 operations; 8088 current ops/sec; est completion in 1 minute [INSERT: Count=8085, Max=3991, Min=525, Avg=984.62, 90=1211, 99=1510, 99.9=2193, 99.99=3711] 
2021-02-28 21:26:26:406 249 sec: 1863531 operations; 8458 current ops/sec; est completion in 1 minute [INSERT: Count=8459, Max=11583, Min=504, Avg=941.29, 90=1103, 99=1304, 99.9=2825, 99.99=5091] 
2021-02-28 21:26:27:406 250 sec: 1872011 operations; 8480 current ops/sec; est completion in 1 minute [INSERT: Count=8481, Max=3769, Min=516, Avg=938.51, 90=1122, 99=1341, 99.9=1588, 99.99=2473] 
2021-02-28 21:26:28:406 251 sec: 1880632 operations; 8621 current ops/sec; est completion in 1 minute [INSERT: Count=8620, Max=2433, Min=524, Avg=923.02, 90=1109, 99=1322, 99.9=1539, 99.99=2253] 
2021-02-28 21:26:29:406 252 sec: 1888753 operations; 8121 current ops/sec; est completion in 1 minute [INSERT: Count=8124, Max=11591, Min=533, Avg=979.32, 90=1140, 99=1370, 99.9=5475, 99.99=10975] 
2021-02-28 21:26:30:406 253 sec: 1896793 operations; 8040 current ops/sec; est completion in 1 minute [INSERT: Count=8039, Max=14111, Min=524, Avg=990.18, 90=1124, 99=1398, 99.9=9511, 99.99=13743] 
2021-02-28 21:26:31:406 254 sec: 1905178 operations; 8385 current ops/sec; est completion in 1 minute [INSERT: Count=8383, Max=3173, Min=529, Avg=949.34, 90=1114, 99=1318, 99.9=1634, 99.99=2014] 
2021-02-28 21:26:32:406 255 sec: 1913611 operations; 8433 current ops/sec; est completion in 1 minute [INSERT: Count=8435, Max=3107, Min=536, Avg=943.88, 90=1118, 99=1306, 99.9=1479, 99.99=2269] 
2021-02-28 21:26:33:406 256 sec: 1922022 operations; 8411 current ops/sec; est completion in 1 minute [INSERT: Count=8412, Max=9967, Min=517, Avg=946.26, 90=1128, 99=1336, 99.9=1578, 99.99=9823] 
2021-02-28 21:26:34:406 257 sec: 1930368 operations; 8346 current ops/sec; est completion in 1 minute [INSERT: Count=8343, Max=3795, Min=526, Avg=953.71, 90=1133, 99=1327, 99.9=1486, 99.99=3719] 
2021-02-28 21:26:35:406 258 sec: 1938719 operations; 8351 current ops/sec; est completion in 1 minute [INSERT: Count=8351, Max=13783, Min=517, Avg=952.74, 90=1124, 99=1359, 99.9=6987, 99.99=10775] 
2021-02-28 21:26:36:406 259 sec: 1947132 operations; 8413 current ops/sec; est completion in 1 minute [INSERT: Count=8415, Max=10295, Min=529, Avg=946.01, 90=1112, 99=1302, 99.9=2115, 99.99=9983] 
2021-02-28 21:26:37:406 260 sec: 1955633 operations; 8501 current ops/sec; est completion in 1 minute [INSERT: Count=8500, Max=10423, Min=512, Avg=936.6, 90=1115, 99=1305, 99.9=1756, 99.99=9879] 
2021-02-28 21:26:38:406 261 sec: 1963677 operations; 8044 current ops/sec; est completion in 1 minute [INSERT: Count=8044, Max=9879, Min=517, Avg=989.71, 90=1202, 99=1584, 99.9=6363, 99.99=9751] 
2021-02-28 21:26:39:406 262 sec: 1971286 operations; 7609 current ops/sec; est completion in 1 minute [INSERT: Count=7611, Max=3835, Min=564, Avg=1046.33, 90=1311, 99=1597, 99.9=2079, 99.99=2547] 
2021-02-28 21:26:40:406 263 sec: 1979161 operations; 7875 current ops/sec; est completion in 1 minute [INSERT: Count=7873, Max=2381, Min=505, Avg=1011.18, 90=1241, 99=1507, 99.9=1715, 99.99=2351] 
2021-02-28 21:26:41:406 264 sec: 1986781 operations; 7620 current ops/sec; est completion in 1 minute [INSERT: Count=7619, Max=6247, Min=522, Avg=1044.72, 90=1257, 99=1544, 99.9=2761, 99.99=5747] 
2021-02-28 21:26:42:406 265 sec: 1994764 operations; 7983 current ops/sec; est completion in 1 minute [INSERT: Count=7983, Max=3049, Min=505, Avg=997.4, 90=1256, 99=1503, 99.9=1691, 99.99=2939] 
2021-02-28 21:26:43:406 266 sec: 2002292 operations; 7528 current ops/sec; est completion in 1 minute [INSERT: Count=7527, Max=13679, Min=518, Avg=1056.21, 90=1294, 99=1626, 99.9=8727, 99.99=13647] 
2021-02-28 21:26:44:406 267 sec: 2010362 operations; 8070 current ops/sec; est completion in 1 minute [INSERT: Count=8071, Max=3651, Min=530, Avg=986.64, 90=1210, 99=1492, 99.9=1880, 99.99=2757] 
2021-02-28 21:26:45:406 268 sec: 2018826 operations; 8464 current ops/sec; est completion in 1 minute [INSERT: Count=8464, Max=2205, Min=526, Avg=940.32, 90=1126, 99=1343, 99.9=1741, 99.99=2163] 
2021-02-28 21:26:46:406 269 sec: 2027246 operations; 8420 current ops/sec; est completion in 1 minute [INSERT: Count=8420, Max=13527, Min=519, Avg=944.9, 90=1116, 99=1330, 99.9=2437, 99.99=13247] 
2021-02-28 21:26:47:406 270 sec: 2035772 operations; 8526 current ops/sec; est completion in 1 minute [INSERT: Count=8525, Max=3285, Min=530, Avg=933.16, 90=1123, 99=1336, 99.9=1532, 99.99=2627] 
2021-02-28 21:26:48:406 271 sec: 2044527 operations; 8755 current ops/sec; est completion in 1 minute [INSERT: Count=8758, Max=10535, Min=494, Avg=908.88, 90=1089, 99=1283, 99.9=1529, 99.99=5275] 
2021-02-28 21:26:49:406 272 sec: 2053237 operations; 8710 current ops/sec; est completion in 1 minute [INSERT: Count=8708, Max=3777, Min=512, Avg=913.77, 90=1075, 99=1293, 99.9=1512, 99.99=3431] 
2021-02-28 21:26:50:406 273 sec: 2061696 operations; 8459 current ops/sec; est completion in 1 minute [INSERT: Count=8460, Max=2293, Min=529, Avg=940.84, 90=1123, 99=1304, 99.9=1654, 99.99=2151] 
2021-02-28 21:26:51:406 274 sec: 2069645 operations; 7949 current ops/sec; est completion in 1 minute [INSERT: Count=7949, Max=18367, Min=511, Avg=1001.18, 90=1140, 99=1427, 99.9=14311, 99.99=17999] 
2021-02-28 21:26:52:406 275 sec: 2078006 operations; 8361 current ops/sec; est completion in 1 minute [INSERT: Count=8362, Max=3613, Min=531, Avg=952.4, 90=1125, 99=1342, 99.9=2289, 99.99=2983] 
2021-02-28 21:26:53:406 276 sec: 2086381 operations; 8375 current ops/sec; est completion in 1 minute [INSERT: Count=8373, Max=2283, Min=528, Avg=950.39, 90=1102, 99=1293, 99.9=1552, 99.99=2199] 
2021-02-28 21:26:54:406 277 sec: 2093840 operations; 7459 current ops/sec; est completion in 1 minute [INSERT: Count=7458, Max=11511, Min=546, Avg=1067.7, 90=1305, 99=1667, 99.9=10447, 99.99=11479] 
2021-02-28 21:26:55:406 278 sec: 2101458 operations; 7618 current ops/sec; est completion in 1 minute [INSERT: Count=7620, Max=7615, Min=530, Avg=1045.25, 90=1279, 99=1557, 99.9=2327, 99.99=2649] 
2021-02-28 21:26:56:406 279 sec: 2109331 operations; 7873 current ops/sec; est completion in 1 minute [INSERT: Count=7871, Max=3093, Min=485, Avg=1011.6, 90=1227, 99=1524, 99.9=1717, 99.99=2821] 
2021-02-28 21:26:57:406 280 sec: 2116997 operations; 7666 current ops/sec; est completion in 1 minute [INSERT: Count=7671, Max=13639, Min=516, Avg=1038.87, 90=1251, 99=1532, 99.9=13183, 99.99=13407] 
2021-02-28 21:26:58:406 281 sec: 2124692 operations; 7695 current ops/sec; est completion in 1 minute [INSERT: Count=7690, Max=12639, Min=515, Avg=1034.72, 90=1239, 99=1533, 99.9=4527, 99.99=9831] 
2021-02-28 21:26:59:406 282 sec: 2132242 operations; 7550 current ops/sec; est completion in 1 minute [INSERT: Count=7554, Max=15063, Min=486, Avg=1054.65, 90=1276, 99=1574, 99.9=10815, 99.99=15047] 
2021-02-28 21:27:00:406 283 sec: 2140731 operations; 8489 current ops/sec; est completion in 1 minute [INSERT: Count=8488, Max=8391, Min=527, Avg=937.59, 90=1118, 99=1353, 99.9=3265, 99.99=8383] 
2021-02-28 21:27:01:406 284 sec: 2149084 operations; 8353 current ops/sec; est completion in 1 minute [INSERT: Count=8352, Max=8991, Min=525, Avg=952.89, 90=1124, 99=1333, 99.9=3007, 99.99=8855] 
2021-02-28 21:27:02:406 285 sec: 2157354 operations; 8270 current ops/sec; est completion in 1 minute [INSERT: Count=8272, Max=10039, Min=519, Avg=962.37, 90=1116, 99=1343, 99.9=7759, 99.99=10015] 
2021-02-28 21:27:03:406 286 sec: 2165785 operations; 8431 current ops/sec; est completion in 1 minute [INSERT: Count=8428, Max=3653, Min=520, Avg=944.25, 90=1110, 99=1297, 99.9=1495, 99.99=3067] 
2021-02-28 21:27:04:406 287 sec: 2174123 operations; 8338 current ops/sec; est completion in 1 minute [INSERT: Count=8338, Max=9223, Min=517, Avg=954.83, 90=1108, 99=1307, 99.9=2709, 99.99=9199] 
2021-02-28 21:27:05:406 288 sec: 2182384 operations; 8261 current ops/sec; est completion in 58 seconds [INSERT: Count=8262, Max=7639, Min=503, Avg=963.53, 90=1098, 99=1309, 99.9=1568, 99.99=7387] 
2021-02-28 21:27:06:406 289 sec: 2190700 operations; 8316 current ops/sec; est completion in 57 seconds [INSERT: Count=8315, Max=6107, Min=544, Avg=957.18, 90=1088, 99=1287, 99.9=3259, 99.99=6063] 
2021-02-28 21:27:07:406 290 sec: 2199076 operations; 8376 current ops/sec; est completion in 56 seconds [INSERT: Count=8376, Max=14303, Min=495, Avg=948.81, 90=1124, 99=1353, 99.9=2235, 99.99=14143] 
2021-02-28 21:27:08:406 291 sec: 2206599 operations; 7523 current ops/sec; est completion in 55 seconds [INSERT: Count=7524, Max=12031, Min=526, Avg=1058.34, 90=1274, 99=1693, 99.9=7543, 99.99=11391] 
2021-02-28 21:27:09:406 292 sec: 2213994 operations; 7395 current ops/sec; est completion in 54 seconds [INSERT: Count=7393, Max=13615, Min=514, Avg=1076.71, 90=1290, 99=1606, 99.9=13087, 99.99=13295] 
2021-02-28 21:27:10:406 293 sec: 2221754 operations; 7760 current ops/sec; est completion in 53 seconds [INSERT: Count=7762, Max=3995, Min=510, Avg=1026.18, 90=1238, 99=1519, 99.9=3435, 99.99=3959] 
2021-02-28 21:27:11:406 294 sec: 2229552 operations; 7798 current ops/sec; est completion in 52 seconds [INSERT: Count=7798, Max=7863, Min=492, Avg=1021.04, 90=1268, 99=1545, 99.9=3821, 99.99=7863] 
2021-02-28 21:27:12:406 295 sec: 2237386 operations; 7834 current ops/sec; est completion in 51 seconds [INSERT: Count=7834, Max=6555, Min=484, Avg=1016.62, 90=1235, 99=1556, 99.9=4639, 99.99=6303] 
2021-02-28 21:27:13:406 296 sec: 2244523 operations; 7137 current ops/sec; est completion in 50 seconds [INSERT: Count=7135, Max=6815, Min=527, Avg=1113.88, 90=1302, 99=1633, 99.9=6227, 99.99=6663] 
2021-02-28 21:27:14:406 297 sec: 2252693 operations; 8170 current ops/sec; est completion in 49 seconds [INSERT: Count=8172, Max=11855, Min=497, Avg=976.26, 90=1198, 99=1537, 99.9=5115, 99.99=11063] 
2021-02-28 21:27:15:406 298 sec: 2261066 operations; 8373 current ops/sec; est completion in 48 seconds [INSERT: Count=8372, Max=3287, Min=521, Avg=950.2, 90=1124, 99=1331, 99.9=1502, 99.99=2713] 
2021-02-28 21:27:16:406 299 sec: 2269395 operations; 8329 current ops/sec; est completion in 47 seconds [INSERT: Count=8328, Max=9695, Min=512, Avg=955.3, 90=1133, 99=1328, 99.9=2821, 99.99=9679] 
2021-02-28 21:27:17:406 300 sec: 2277685 operations; 8290 current ops/sec; est completion in 46 seconds [INSERT: Count=8290, Max=8823, Min=516, Avg=960.12, 90=1116, 99=1329, 99.9=7575, 99.99=8447] 
2021-02-28 21:27:18:406 301 sec: 2285329 operations; 7644 current ops/sec; est completion in 45 seconds [INSERT: Count=7646, Max=20447, Min=518, Avg=1041.52, 90=1247, 99=1543, 99.9=9151, 99.99=9791] 
2021-02-28 21:27:19:406 302 sec: 2292789 operations; 7460 current ops/sec; est completion in 44 seconds [INSERT: Count=7459, Max=8079, Min=536, Avg=1067.8, 90=1281, 99=1569, 99.9=4431, 99.99=5355] 
2021-02-28 21:27:20:406 303 sec: 2300388 operations; 7599 current ops/sec; est completion in 43 seconds [INSERT: Count=7598, Max=12927, Min=536, Avg=1048.26, 90=1253, 99=1580, 99.9=3503, 99.99=11239] 
2021-02-28 21:27:21:406 304 sec: 2308019 operations; 7631 current ops/sec; est completion in 42 seconds [INSERT: Count=7631, Max=3813, Min=549, Avg=1043.41, 90=1263, 99=1564, 99.9=1834, 99.99=3559] 
2021-02-28 21:27:22:406 305 sec: 2315591 operations; 7572 current ops/sec; est completion in 41 seconds [INSERT: Count=7572, Max=11127, Min=531, Avg=1050.57, 90=1274, 99=1582, 99.9=3623, 99.99=10959] 
2021-02-28 21:27:23:406 306 sec: 2323414 operations; 7823 current ops/sec; est completion in 40 seconds [INSERT: Count=7823, Max=9199, Min=494, Avg=1017.65, 90=1230, 99=1529, 99.9=7763, 99.99=9111] 
2021-02-28 21:27:24:406 307 sec: 2331189 operations; 7775 current ops/sec; est completion in 39 seconds [INSERT: Count=7775, Max=7155, Min=535, Avg=1024.09, 90=1208, 99=1490, 99.9=4283, 99.99=7055] 
2021-02-28 21:27:25:406 308 sec: 2339645 operations; 8456 current ops/sec; est completion in 38 seconds [INSERT: Count=8460, Max=11127, Min=513, Avg=940.29, 90=1130, 99=1377, 99.9=2163, 99.99=10807] 
2021-02-28 21:27:26:406 309 sec: 2347939 operations; 8294 current ops/sec; est completion in 36 seconds [INSERT: Count=8292, Max=11031, Min=517, Avg=959.6, 90=1122, 99=1350, 99.9=8187, 99.99=11015] 
2021-02-28 21:27:27:406 310 sec: 2355872 operations; 7933 current ops/sec; est completion in 35 seconds [INSERT: Count=7931, Max=13567, Min=544, Avg=1003.6, 90=1132, 99=1402, 99.9=13207, 99.99=13455] 
2021-02-28 21:27:28:406 311 sec: 2363234 operations; 7362 current ops/sec; est completion in 34 seconds [INSERT: Count=7362, Max=5279, Min=562, Avg=1081.53, 90=1323, 99=1624, 99.9=4819, 99.99=5051] 
2021-02-28 21:27:29:406 312 sec: 2370840 operations; 7606 current ops/sec; est completion in 33 seconds [INSERT: Count=7607, Max=11607, Min=532, Avg=1046.5, 90=1273, 99=1558, 99.9=9575, 99.99=11479] 
2021-02-28 21:27:30:406 313 sec: 2378534 operations; 7694 current ops/sec; est completion in 32 seconds [INSERT: Count=7694, Max=11767, Min=520, Avg=1034.97, 90=1252, 99=1490, 99.9=2341, 99.99=11335] 
2021-02-28 21:27:31:406 314 sec: 2386488 operations; 7954 current ops/sec; est completion in 31 seconds [INSERT: Count=7953, Max=8191, Min=531, Avg=1001.3, 90=1241, 99=1499, 99.9=2829, 99.99=8155] 
2021-02-28 21:27:32:406 315 sec: 2394339 operations; 7851 current ops/sec; est completion in 30 seconds [INSERT: Count=7852, Max=10927, Min=526, Avg=1014.05, 90=1236, 99=1522, 99.9=5395, 99.99=10879] 
2021-02-28 21:27:33:406 316 sec: 2401799 operations; 7460 current ops/sec; est completion in 29 seconds [INSERT: Count=7462, Max=11751, Min=512, Avg=1067.19, 90=1304, 99=1677, 99.9=7195, 99.99=11311] 
2021-02-28 21:27:34:406 317 sec: 2410062 operations; 8263 current ops/sec; est completion in 28 seconds [INSERT: Count=8261, Max=11991, Min=518, Avg=962.92, 90=1141, 99=1396, 99.9=4651, 99.99=11911] 
2021-02-28 21:27:35:406 318 sec: 2418436 operations; 8374 current ops/sec; est completion in 27 seconds [INSERT: Count=8376, Max=3803, Min=526, Avg=950.24, 90=1129, 99=1337, 99.9=1513, 99.99=3051] 
2021-02-28 21:27:36:406 319 sec: 2426106 operations; 7670 current ops/sec; est completion in 26 seconds [INSERT: Count=7667, Max=7459, Min=535, Avg=1038.2, 90=1235, 99=1562, 99.9=6815, 99.99=7383] 
2021-02-28 21:27:37:406 320 sec: 2433721 operations; 7615 current ops/sec; est completion in 25 seconds [INSERT: Count=7618, Max=9055, Min=525, Avg=1045.17, 90=1262, 99=1516, 99.9=4167, 99.99=5879] 
2021-02-28 21:27:38:406 321 sec: 2441574 operations; 7853 current ops/sec; est completion in 24 seconds [INSERT: Count=7852, Max=6511, Min=531, Avg=1013.76, 90=1253, 99=1540, 99.9=2891, 99.99=6107] 
2021-02-28 21:27:39:406 322 sec: 2449437 operations; 7863 current ops/sec; est completion in 23 seconds [INSERT: Count=7864, Max=7559, Min=501, Avg=1012.69, 90=1253, 99=1545, 99.9=2203, 99.99=7319] 
2021-02-28 21:27:40:406 323 sec: 2457359 operations; 7922 current ops/sec; est completion in 22 seconds [INSERT: Count=7921, Max=10175, Min=512, Avg=1004.37, 90=1175, 99=1483, 99.9=3661, 99.99=10015] 
2021-02-28 21:27:41:406 324 sec: 2464996 operations; 7637 current ops/sec; est completion in 21 seconds [INSERT: Count=7635, Max=18895, Min=488, Avg=1042.68, 90=1251, 99=1585, 99.9=10991, 99.99=18751] 
2021-02-28 21:27:42:406 325 sec: 2473341 operations; 8345 current ops/sec; est completion in 20 seconds [INSERT: Count=8345, Max=11759, Min=514, Avg=953.98, 90=1136, 99=1393, 99.9=3795, 99.99=11679] 
2021-02-28 21:27:43:406 326 sec: 2480963 operations; 7622 current ops/sec; est completion in 19 seconds [INSERT: Count=7625, Max=25183, Min=527, Avg=1044.99, 90=1293, 99=1683, 99.9=6279, 99.99=9055] 
2021-02-28 21:27:44:406 327 sec: 2487229 operations; 6266 current ops/sec; est completion in 18 seconds [INSERT: Count=6264, Max=22319, Min=539, Avg=1270.95, 90=1480, 99=7863, 99.9=21759, 99.99=22303] 
2021-02-28 21:27:45:406 328 sec: 2493016 operations; 5787 current ops/sec; est completion in 17 seconds [INSERT: Count=5787, Max=8823, Min=562, Avg=1377.53, 90=1694, 99=3205, 99.9=8295, 99.99=8767] 
2021-02-28 21:27:46:406 329 sec: 2499011 operations; 5995 current ops/sec; est completion in 17 seconds [INSERT: Count=5995, Max=18847, Min=550, Avg=1329.67, 90=1587, 99=3149, 99.9=13479, 99.99=16447] 
2021-02-28 21:27:47:406 330 sec: 2504077 operations; 5066 current ops/sec; est completion in 16 seconds [INSERT: Count=5065, Max=18495, Min=579, Avg=1574.89, 90=1937, 99=5935, 99.9=17999, 99.99=18479] 
2021-02-28 21:27:48:406 331 sec: 2509862 operations; 5785 current ops/sec; est completion in 15 seconds [INSERT: Count=5786, Max=17151, Min=546, Avg=1377.21, 90=1746, 99=7619, 99.9=13231, 99.99=17039] 
2021-02-28 21:27:49:406 332 sec: 2515664 operations; 5802 current ops/sec; est completion in 14 seconds [INSERT: Count=5803, Max=19007, Min=498, Avg=1373.87, 90=1709, 99=8047, 99.9=15583, 99.99=17855] 
2021-02-28 21:27:50:406 333 sec: 2522123 operations; 6459 current ops/sec; est completion in 14 seconds [INSERT: Count=6461, Max=22751, Min=481, Avg=1233.35, 90=1493, 99=5639, 99.9=14943, 99.99=21823] 
2021-02-28 21:27:51:406 334 sec: 2528008 operations; 5885 current ops/sec; est completion in 13 seconds [INSERT: Count=5881, Max=21599, Min=499, Avg=1352.22, 90=1587, 99=7027, 99.9=17327, 99.99=17695] 
2021-02-28 21:27:52:406 335 sec: 2533751 operations; 5743 current ops/sec; est completion in 12 seconds [INSERT: Count=5745, Max=15807, Min=533, Avg=1389.2, 90=1659, 99=8199, 99.9=13439, 99.99=15287] 
2021-02-28 21:27:53:406 336 sec: 2539870 operations; 6119 current ops/sec; est completion in 11 seconds [INSERT: Count=6117, Max=21823, Min=508, Avg=1302.69, 90=1589, 99=5559, 99.9=14287, 99.99=18303] 
2021-02-28 21:27:54:406 337 sec: 2546357 operations; 6487 current ops/sec; est completion in 10 seconds [INSERT: Count=6489, Max=14535, Min=487, Avg=1228.03, 90=1485, 99=2315, 99.9=10759, 99.99=12951] 
2021-02-28 21:27:55:406 338 sec: 2552894 operations; 6537 current ops/sec; est completion in 10 seconds [INSERT: Count=6538, Max=8847, Min=506, Avg=1218.83, 90=1541, 99=5235, 99.9=8135, 99.99=8591] 
2021-02-28 21:27:56:406 339 sec: 2559520 operations; 6626 current ops/sec; est completion in 9 second [INSERT: Count=6623, Max=13279, Min=481, Avg=1200.24, 90=1422, 99=3877, 99.9=12495, 99.99=13071] 
2021-02-28 21:27:57:406 340 sec: 2565695 operations; 6175 current ops/sec; est completion in 8 second [INSERT: Count=6175, Max=28799, Min=467, Avg=1291.77, 90=1570, 99=5827, 99.9=24351, 99.99=27695] 
2021-02-28 21:27:58:406 341 sec: 2572146 operations; 6451 current ops/sec; est completion in 7 second [INSERT: Count=6451, Max=19839, Min=528, Avg=1227.33, 90=1397, 99=6491, 99.9=19119, 99.99=19695] 
2021-02-28 21:27:59:406 342 sec: 2577862 operations; 5716 current ops/sec; est completion in 6 second [INSERT: Count=5719, Max=16559, Min=492, Avg=1402.89, 90=1663, 99=8063, 99.9=14807, 99.99=15967] 
2021-02-28 21:28:00:406 343 sec: 2583990 operations; 6128 current ops/sec; est completion in 5 second [INSERT: Count=6125, Max=19039, Min=520, Avg=1300.13, 90=1643, 99=5903, 99.9=14191, 99.99=18527] 
2021-02-28 21:28:01:406 344 sec: 2590224 operations; 6234 current ops/sec; est completion in 5 second [INSERT: Count=6236, Max=13687, Min=508, Avg=1277.8, 90=1530, 99=5599, 99.9=10391, 99.99=13199] 
2021-02-28 21:28:02:406 345 sec: 2596263 operations; 6039 current ops/sec; est completion in 4 second [INSERT: Count=6037, Max=15079, Min=474, Avg=1319.97, 90=1658, 99=7675, 99.9=11087, 99.99=13799] 
2021-02-28 21:28:03:406 346 sec: 2602537 operations; 6274 current ops/sec; est completion in 3 second [INSERT: Count=6274, Max=18415, Min=515, Avg=1270.44, 90=1565, 99=6599, 99.9=12607, 99.99=14175] 
2021-02-28 21:28:04:406 347 sec: 2608840 operations; 6303 current ops/sec; est completion in 2 second [INSERT: Count=6305, Max=18095, Min=523, Avg=1264.36, 90=1451, 99=6243, 99.9=14359, 99.99=17151] 
2021-02-28 21:28:05:406 348 sec: 2614348 operations; 5508 current ops/sec; est completion in 1 second [CLEANUP: Count=4, Max=6, Min=4, Avg=4.75, 90=6, 99=6, 99.9=6, 99.99=6] [INSERT: Count=5510, Max=17599, Min=492, Avg=1096.09, 90=1488, 99=2935, 99.9=10839, 99.99=16215] 
2021-02-28 21:28:06:406 349 sec: 2618418 operations; 4070 current ops/sec; est completion in 1 second [CLEANUP: Count=1, Max=4, Min=4, Avg=4, 90=4, 99=4, 99.9=4, 99.99=4] [INSERT: Count=4069, Max=81087, Min=443, Avg=790.81, 90=838, 99=5227, 99.9=21375, 99.99=81087] 
2021-02-28 21:28:07:406 350 sec: 2621321 operations; 2903 current ops/sec; est completion in 1 second [CLEANUP: Count=2, Max=4, Min=4, Avg=4, 90=4, 99=4, 99.9=4, 99.99=4] [INSERT: Count=2900, Max=16111, Min=462, Avg=594.47, 90=632, 99=1285, 99.9=9943, 99.99=16111] 
2021-02-28 21:28:07:469 350 sec: 2621440 operations; 1919.35 current ops/sec; [CLEANUP: Count=1, Max=5, Min=5, Avg=5, 90=5, 99=5, 99.9=5, 99.99=5] [INSERT: Count=119, Max=1866, Min=492, Avg=522.65, 90=542, 99=568, 99.9=1866, 99.99=1866] 
[OVERALL], RunTime(ms), 350064
[OVERALL], Throughput(ops/sec), 7488.459253165135
[TOTAL_GCS_G1_Young_Generation], Count, 49
[TOTAL_GC_TIME_G1_Young_Generation], Time(ms), 738
[TOTAL_GC_TIME_%_G1_Young_Generation], Time(%), 0.21081859317153437
[TOTAL_GCS_G1_Old_Generation], Count, 0
[TOTAL_GC_TIME_G1_Old_Generation], Time(ms), 0
[TOTAL_GC_TIME_%_G1_Old_Generation], Time(%), 0.0
[TOTAL_GCs], Count, 49
[TOTAL_GC_TIME], Time(ms), 738
[TOTAL_GC_TIME_%], Time(%), 0.21081859317153437
[CLEANUP], Operations, 8
[CLEANUP], AverageLatency(us), 4.5
[CLEANUP], MinLatency(us), 4
[CLEANUP], MaxLatency(us), 6
[CLEANUP], 95thPercentileLatency(us), 6
[CLEANUP], 99thPercentileLatency(us), 6
[INSERT], Operations, 2621440
[INSERT], AverageLatency(us), 1057.755904006958
[INSERT], MinLatency(us), 443
[INSERT], MaxLatency(us), 2805759
[INSERT], 95thPercentileLatency(us), 1517
[INSERT], 99thPercentileLatency(us), 2223
[INSERT], Return=OK, 2621440
