2021-03-04 13:17:44.906 [main] INFO  smarttrie.app.server.Server - No previews checkpoints to restore
2021-03-04 13:17:44.911 [main] INFO  smarttrie.app.server.Server - Replica state has been restored with last id CID(-1)
2021-03-04 13:17:44.986 [main] INFO  b.r.ServerViewController - Using view stored on disk
2021-03-04 13:17:45.475 [main] INFO  b.c.c.n.NettyClientServerCommunicationSystemServerSide - ID = 0
2021-03-04 13:17:45.476 [main] INFO  b.c.c.n.NettyClientServerCommunicationSystemServerSide - N = 1
2021-03-04 13:17:45.476 [main] INFO  b.c.c.n.NettyClientServerCommunicationSystemServerSide - F = 1
2021-03-04 13:17:45.476 [main] INFO  b.c.c.n.NettyClientServerCommunicationSystemServerSide - Port = 11000
2021-03-04 13:17:45.476 [main] INFO  b.c.c.n.NettyClientServerCommunicationSystemServerSide - requestTimeout = 2000
2021-03-04 13:17:45.476 [main] INFO  b.c.c.n.NettyClientServerCommunicationSystemServerSide - maxBatch = 1024
2021-03-04 13:17:45.476 [main] INFO  b.c.c.n.NettyClientServerCommunicationSystemServerSide - Binded replica to IP address 192.168.3.41
2021-03-04 13:17:45.476 [main] INFO  bftsmart.tom.ServiceReplica - In current view: ID:0; F:1; Processes:0(/192.168.3.41:11000),
2021-03-04 13:17:45.536 [Server CS] INFO  s.a.s.Server$InternalStateManager - Replica state is up to date
2021-03-04 13:17:45.537 [Delivery Thread] INFO  bftsmart.tom.core.DeliveryThread - Retrieving State
2021-03-04 13:17:45.538 [Delivery Thread] INFO  bftsmart.tom.core.DeliveryThread - Ready to process operations
2021-03-04 13:18:00.120 [nioEventLoopGroup-3-6] INFO  b.c.c.n.NettyClientServerCommunicationSystemServerSide - Session Created, active clients=0
2021-03-04 13:18:00.120 [nioEventLoopGroup-3-3] INFO  b.c.c.n.NettyClientServerCommunicationSystemServerSide - Session Created, active clients=0
2021-03-04 13:18:00.121 [nioEventLoopGroup-3-2] INFO  b.c.c.n.NettyClientServerCommunicationSystemServerSide - Session Created, active clients=0
2021-03-04 13:18:00.122 [nioEventLoopGroup-3-5] INFO  b.c.c.n.NettyClientServerCommunicationSystemServerSide - Session Created, active clients=0
2021-03-04 13:18:00.123 [nioEventLoopGroup-3-4] INFO  b.c.c.n.NettyClientServerCommunicationSystemServerSide - Session Created, active clients=0
2021-03-04 13:18:00.123 [nioEventLoopGroup-3-1] INFO  b.c.c.n.NettyClientServerCommunicationSystemServerSide - Session Created, active clients=0
2021-03-04 13:18:00.124 [nioEventLoopGroup-3-7] INFO  b.c.c.n.NettyClientServerCommunicationSystemServerSide - Session Created, active clients=0
2021-03-04 13:18:00.126 [nioEventLoopGroup-3-8] INFO  b.c.c.n.NettyClientServerCommunicationSystemServerSide - Session Created, active clients=0
2021-03-04 13:18:09.039 [nioEventLoopGroup-3-3] INFO  b.c.c.n.NettyClientServerCommunicationSystemServerSide - Removing client channel with ID= 4
2021-03-04 13:18:09.040 [nioEventLoopGroup-3-3] INFO  b.c.c.n.NettyClientServerCommunicationSystemServerSide - Active clients=7
2021-03-04 13:18:09.041 [nioEventLoopGroup-3-6] INFO  b.c.c.n.NettyClientServerCommunicationSystemServerSide - Removing client channel with ID= 2
2021-03-04 13:18:09.041 [nioEventLoopGroup-3-6] INFO  b.c.c.n.NettyClientServerCommunicationSystemServerSide - Active clients=6
2021-03-04 13:18:09.042 [nioEventLoopGroup-3-2] INFO  b.c.c.n.NettyClientServerCommunicationSystemServerSide - Removing client channel with ID= 6
2021-03-04 13:18:09.042 [nioEventLoopGroup-3-2] INFO  b.c.c.n.NettyClientServerCommunicationSystemServerSide - Active clients=5
2021-03-04 13:18:09.042 [nioEventLoopGroup-3-7] INFO  b.c.c.n.NettyClientServerCommunicationSystemServerSide - Removing client channel with ID= 7
2021-03-04 13:18:09.042 [nioEventLoopGroup-3-7] INFO  b.c.c.n.NettyClientServerCommunicationSystemServerSide - Active clients=4
2021-03-04 13:18:09.042 [nioEventLoopGroup-3-4] INFO  b.c.c.n.NettyClientServerCommunicationSystemServerSide - Removing client channel with ID= 3
2021-03-04 13:18:09.042 [nioEventLoopGroup-3-4] INFO  b.c.c.n.NettyClientServerCommunicationSystemServerSide - Active clients=3
2021-03-04 13:18:09.043 [nioEventLoopGroup-3-1] INFO  b.c.c.n.NettyClientServerCommunicationSystemServerSide - Removing client channel with ID= 0
2021-03-04 13:18:09.043 [nioEventLoopGroup-3-1] INFO  b.c.c.n.NettyClientServerCommunicationSystemServerSide - Active clients=2
2021-03-04 13:18:09.044 [nioEventLoopGroup-3-8] INFO  b.c.c.n.NettyClientServerCommunicationSystemServerSide - Removing client channel with ID= 1
2021-03-04 13:18:09.044 [nioEventLoopGroup-3-8] INFO  b.c.c.n.NettyClientServerCommunicationSystemServerSide - Active clients=1
2021-03-04 13:18:09.044 [nioEventLoopGroup-3-5] INFO  b.c.c.n.NettyClientServerCommunicationSystemServerSide - Removing client channel with ID= 5
2021-03-04 13:18:09.044 [nioEventLoopGroup-3-5] INFO  b.c.c.n.NettyClientServerCommunicationSystemServerSide - Active clients=0
2021-03-04 13:18:23.632 [nioEventLoopGroup-3-1] INFO  b.c.c.n.NettyClientServerCommunicationSystemServerSide - Session Created, active clients=0
2021-03-04 13:18:23.635 [nioEventLoopGroup-3-2] INFO  b.c.c.n.NettyClientServerCommunicationSystemServerSide - Session Created, active clients=0
2021-03-04 13:18:23.636 [nioEventLoopGroup-3-4] INFO  b.c.c.n.NettyClientServerCommunicationSystemServerSide - Session Created, active clients=0
2021-03-04 13:18:23.636 [nioEventLoopGroup-3-3] INFO  b.c.c.n.NettyClientServerCommunicationSystemServerSide - Session Created, active clients=0
2021-03-04 13:18:23.641 [nioEventLoopGroup-3-5] INFO  b.c.c.n.NettyClientServerCommunicationSystemServerSide - Session Created, active clients=0
2021-03-04 13:18:23.642 [nioEventLoopGroup-3-6] INFO  b.c.c.n.NettyClientServerCommunicationSystemServerSide - Session Created, active clients=0
2021-03-04 13:18:23.643 [nioEventLoopGroup-3-7] INFO  b.c.c.n.NettyClientServerCommunicationSystemServerSide - Session Created, active clients=0
2021-03-04 13:18:23.644 [nioEventLoopGroup-3-8] INFO  b.c.c.n.NettyClientServerCommunicationSystemServerSide - Session Created, active clients=0
2021-03-04 13:20:50.180 [nioEventLoopGroup-3-3] INFO  b.c.c.n.NettyClientServerCommunicationSystemServerSide - Removing client channel with ID= 3
2021-03-04 13:20:50.180 [nioEventLoopGroup-3-3] INFO  b.c.c.n.NettyClientServerCommunicationSystemServerSide - Active clients=7
2021-03-04 13:20:50.180 [nioEventLoopGroup-3-4] INFO  b.c.c.n.NettyClientServerCommunicationSystemServerSide - Removing client channel with ID= 2
2021-03-04 13:20:50.180 [nioEventLoopGroup-3-4] INFO  b.c.c.n.NettyClientServerCommunicationSystemServerSide - Active clients=6
2021-03-04 13:20:50.181 [nioEventLoopGroup-3-2] INFO  b.c.c.n.NettyClientServerCommunicationSystemServerSide - Removing client channel with ID= 0
2021-03-04 13:20:50.181 [nioEventLoopGroup-3-2] INFO  b.c.c.n.NettyClientServerCommunicationSystemServerSide - Active clients=5
2021-03-04 13:20:50.181 [nioEventLoopGroup-3-6] INFO  b.c.c.n.NettyClientServerCommunicationSystemServerSide - Removing client channel with ID= 4
2021-03-04 13:20:50.181 [nioEventLoopGroup-3-6] INFO  b.c.c.n.NettyClientServerCommunicationSystemServerSide - Active clients=4
2021-03-04 13:20:50.181 [nioEventLoopGroup-3-5] INFO  b.c.c.n.NettyClientServerCommunicationSystemServerSide - Removing client channel with ID= 5
2021-03-04 13:20:50.181 [nioEventLoopGroup-3-5] INFO  b.c.c.n.NettyClientServerCommunicationSystemServerSide - Active clients=3
2021-03-04 13:20:50.181 [nioEventLoopGroup-3-1] INFO  b.c.c.n.NettyClientServerCommunicationSystemServerSide - Removing client channel with ID= 1
2021-03-04 13:20:50.182 [nioEventLoopGroup-3-1] INFO  b.c.c.n.NettyClientServerCommunicationSystemServerSide - Active clients=2
2021-03-04 13:20:50.182 [nioEventLoopGroup-3-8] INFO  b.c.c.n.NettyClientServerCommunicationSystemServerSide - Removing client channel with ID= 6
2021-03-04 13:20:50.182 [nioEventLoopGroup-3-8] INFO  b.c.c.n.NettyClientServerCommunicationSystemServerSide - Active clients=1
2021-03-04 13:20:50.182 [nioEventLoopGroup-3-7] INFO  b.c.c.n.NettyClientServerCommunicationSystemServerSide - Removing client channel with ID= 7
2021-03-04 13:20:50.182 [nioEventLoopGroup-3-7] INFO  b.c.c.n.NettyClientServerCommunicationSystemServerSide - Active clients=0
2021-03-04 13:21:22.101 [nioEventLoopGroup-3-1] INFO  b.c.c.n.NettyClientServerCommunicationSystemServerSide - Session Created, active clients=0
2021-03-04 13:26:49.059 [Checkpoint-Thread] INFO  s.a.s.CheckpointController$Async - Starting replica checkpoint at CID(1000000)
2021-03-04 13:26:50.241 [Checkpoint-Thread] INFO  s.app.server.Checkpoint$Writer - Saved a checkpoint of 100MB
2021-03-04 13:26:50.242 [Checkpoint-Thread] INFO  s.a.s.CheckpointController$Async - Checkpoint created after 1s
2021-03-04 13:36:21.483 [nioEventLoopGroup-3-1] INFO  b.c.c.n.NettyClientServerCommunicationSystemServerSide - Removing client channel with ID= 0
2021-03-04 13:36:21.483 [nioEventLoopGroup-3-1] INFO  b.c.c.n.NettyClientServerCommunicationSystemServerSide - Active clients=0
2021-03-04 13:38:01.445 [nioEventLoopGroup-3-2] INFO  b.c.c.n.NettyClientServerCommunicationSystemServerSide - Session Created, active clients=0
2021-03-04 13:38:01.445 [nioEventLoopGroup-3-3] INFO  b.c.c.n.NettyClientServerCommunicationSystemServerSide - Session Created, active clients=0
2021-03-04 13:38:25.349 [Checkpoint-Thread] INFO  s.a.s.CheckpointController$Async - Starting replica checkpoint at CID(2000000)
2021-03-04 13:38:26.529 [Checkpoint-Thread] INFO  s.app.server.Checkpoint$Writer - Saved a checkpoint of 100MB
2021-03-04 13:38:26.529 [Checkpoint-Thread] INFO  s.a.s.CheckpointController$Async - Checkpoint created after 1s
2021-03-04 13:43:47.130 [Checkpoint-Thread] INFO  s.a.s.CheckpointController$Async - Starting replica checkpoint at CID(3000000)
2021-03-04 13:43:48.263 [Checkpoint-Thread] INFO  s.app.server.Checkpoint$Writer - Saved a checkpoint of 100MB
2021-03-04 13:43:48.263 [Checkpoint-Thread] INFO  s.a.s.CheckpointController$Async - Checkpoint created after 1s
2021-03-04 13:49:06.926 [Checkpoint-Thread] INFO  s.a.s.CheckpointController$Async - Starting replica checkpoint at CID(4000000)
2021-03-04 13:49:08.067 [Checkpoint-Thread] INFO  s.app.server.Checkpoint$Writer - Saved a checkpoint of 100MB
2021-03-04 13:49:08.068 [Checkpoint-Thread] INFO  s.a.s.CheckpointController$Async - Checkpoint created after 1s
2021-03-04 13:53:00.768 [nioEventLoopGroup-3-3] INFO  b.c.c.n.NettyClientServerCommunicationSystemServerSide - Removing client channel with ID= 1
2021-03-04 13:53:00.768 [nioEventLoopGroup-3-3] INFO  b.c.c.n.NettyClientServerCommunicationSystemServerSide - Active clients=1
2021-03-04 13:53:00.768 [nioEventLoopGroup-3-2] INFO  b.c.c.n.NettyClientServerCommunicationSystemServerSide - Removing client channel with ID= 0
2021-03-04 13:53:00.769 [nioEventLoopGroup-3-2] INFO  b.c.c.n.NettyClientServerCommunicationSystemServerSide - Active clients=0
2021-03-04 13:54:16.696 [nioEventLoopGroup-3-4] INFO  b.c.c.n.NettyClientServerCommunicationSystemServerSide - Session Created, active clients=0
2021-03-04 13:54:16.697 [nioEventLoopGroup-3-6] INFO  b.c.c.n.NettyClientServerCommunicationSystemServerSide - Session Created, active clients=0
2021-03-04 13:54:16.697 [nioEventLoopGroup-3-5] INFO  b.c.c.n.NettyClientServerCommunicationSystemServerSide - Session Created, active clients=0
2021-03-04 13:54:16.697 [nioEventLoopGroup-3-7] INFO  b.c.c.n.NettyClientServerCommunicationSystemServerSide - Session Created, active clients=0
2021-03-04 13:55:12.463 [Checkpoint-Thread] INFO  s.a.s.CheckpointController$Async - Starting replica checkpoint at CID(5000000)
2021-03-04 13:55:13.581 [Checkpoint-Thread] INFO  s.app.server.Checkpoint$Writer - Saved a checkpoint of 100MB
2021-03-04 13:55:13.582 [Checkpoint-Thread] INFO  s.a.s.CheckpointController$Async - Checkpoint created after 1s
2021-03-04 13:58:21.232 [Checkpoint-Thread] INFO  s.a.s.CheckpointController$Async - Starting replica checkpoint at CID(6000000)
2021-03-04 13:58:22.390 [Checkpoint-Thread] INFO  s.app.server.Checkpoint$Writer - Saved a checkpoint of 100MB
2021-03-04 13:58:22.390 [Checkpoint-Thread] INFO  s.a.s.CheckpointController$Async - Checkpoint created after 1s
2021-03-04 14:01:24.497 [Checkpoint-Thread] INFO  s.a.s.CheckpointController$Async - Starting replica checkpoint at CID(7000000)
2021-03-04 14:01:25.607 [Checkpoint-Thread] INFO  s.app.server.Checkpoint$Writer - Saved a checkpoint of 100MB
2021-03-04 14:01:25.607 [Checkpoint-Thread] INFO  s.a.s.CheckpointController$Async - Checkpoint created after 1s
2021-03-04 14:04:22.832 [Checkpoint-Thread] INFO  s.a.s.CheckpointController$Async - Starting replica checkpoint at CID(8000000)
2021-03-04 14:04:23.934 [Checkpoint-Thread] INFO  s.app.server.Checkpoint$Writer - Saved a checkpoint of 100MB
2021-03-04 14:04:23.934 [Checkpoint-Thread] INFO  s.a.s.CheckpointController$Async - Checkpoint created after 1s
2021-03-04 14:07:31.278 [Checkpoint-Thread] INFO  s.a.s.CheckpointController$Async - Starting replica checkpoint at CID(9000000)
2021-03-04 14:07:32.377 [Checkpoint-Thread] INFO  s.app.server.Checkpoint$Writer - Saved a checkpoint of 100MB
2021-03-04 14:07:32.377 [Checkpoint-Thread] INFO  s.a.s.CheckpointController$Async - Checkpoint created after 1s
2021-03-04 14:09:15.938 [nioEventLoopGroup-3-5] INFO  b.c.c.n.NettyClientServerCommunicationSystemServerSide - Removing client channel with ID= 3
2021-03-04 14:09:15.938 [nioEventLoopGroup-3-5] INFO  b.c.c.n.NettyClientServerCommunicationSystemServerSide - Active clients=3
2021-03-04 14:09:15.939 [nioEventLoopGroup-3-7] INFO  b.c.c.n.NettyClientServerCommunicationSystemServerSide - Removing client channel with ID= 0
2021-03-04 14:09:15.939 [nioEventLoopGroup-3-7] INFO  b.c.c.n.NettyClientServerCommunicationSystemServerSide - Active clients=2
2021-03-04 14:09:15.939 [nioEventLoopGroup-3-6] INFO  b.c.c.n.NettyClientServerCommunicationSystemServerSide - Removing client channel with ID= 2
2021-03-04 14:09:15.939 [nioEventLoopGroup-3-6] INFO  b.c.c.n.NettyClientServerCommunicationSystemServerSide - Active clients=1
2021-03-04 14:09:15.940 [nioEventLoopGroup-3-4] INFO  b.c.c.n.NettyClientServerCommunicationSystemServerSide - Removing client channel with ID= 1
2021-03-04 14:09:15.940 [nioEventLoopGroup-3-4] INFO  b.c.c.n.NettyClientServerCommunicationSystemServerSide - Active clients=0
2021-03-04 14:10:40.282 [nioEventLoopGroup-3-8] INFO  b.c.c.n.NettyClientServerCommunicationSystemServerSide - Session Created, active clients=0
2021-03-04 14:10:40.282 [nioEventLoopGroup-3-3] INFO  b.c.c.n.NettyClientServerCommunicationSystemServerSide - Session Created, active clients=0
2021-03-04 14:10:40.283 [nioEventLoopGroup-3-2] INFO  b.c.c.n.NettyClientServerCommunicationSystemServerSide - Session Created, active clients=0
2021-03-04 14:10:40.283 [nioEventLoopGroup-3-1] INFO  b.c.c.n.NettyClientServerCommunicationSystemServerSide - Session Created, active clients=0
2021-03-04 14:10:40.283 [nioEventLoopGroup-3-4] INFO  b.c.c.n.NettyClientServerCommunicationSystemServerSide - Session Created, active clients=0
2021-03-04 14:10:40.284 [nioEventLoopGroup-3-6] INFO  b.c.c.n.NettyClientServerCommunicationSystemServerSide - Session Created, active clients=0
2021-03-04 14:10:40.284 [nioEventLoopGroup-3-5] INFO  b.c.c.n.NettyClientServerCommunicationSystemServerSide - Session Created, active clients=0
2021-03-04 14:10:40.284 [nioEventLoopGroup-3-7] INFO  b.c.c.n.NettyClientServerCommunicationSystemServerSide - Session Created, active clients=0
2021-03-04 14:12:49.061 [Checkpoint-Thread] INFO  s.a.s.CheckpointController$Async - Starting replica checkpoint at CID(10000000)
2021-03-04 14:12:50.170 [Checkpoint-Thread] INFO  s.app.server.Checkpoint$Writer - Saved a checkpoint of 100MB
2021-03-04 14:12:50.170 [Checkpoint-Thread] INFO  s.a.s.CheckpointController$Async - Checkpoint created after 1s
2021-03-04 14:17:35.822 [Checkpoint-Thread] INFO  s.a.s.CheckpointController$Async - Starting replica checkpoint at CID(11000000)
2021-03-04 14:17:36.940 [Checkpoint-Thread] INFO  s.app.server.Checkpoint$Writer - Saved a checkpoint of 100MB
2021-03-04 14:17:36.940 [Checkpoint-Thread] INFO  s.a.s.CheckpointController$Async - Checkpoint created after 1s
2021-03-04 14:22:21.223 [Checkpoint-Thread] INFO  s.a.s.CheckpointController$Async - Starting replica checkpoint at CID(12000000)
2021-03-04 14:22:22.342 [Checkpoint-Thread] INFO  s.app.server.Checkpoint$Writer - Saved a checkpoint of 100MB
2021-03-04 14:22:22.342 [Checkpoint-Thread] INFO  s.a.s.CheckpointController$Async - Checkpoint created after 1s
2021-03-04 14:25:39.319 [nioEventLoopGroup-3-2] INFO  b.c.c.n.NettyClientServerCommunicationSystemServerSide - Removing client channel with ID= 0
2021-03-04 14:25:39.319 [nioEventLoopGroup-3-2] INFO  b.c.c.n.NettyClientServerCommunicationSystemServerSide - Active clients=7
2021-03-04 14:25:39.320 [nioEventLoopGroup-3-6] INFO  b.c.c.n.NettyClientServerCommunicationSystemServerSide - Removing client channel with ID= 6
2021-03-04 14:25:39.320 [nioEventLoopGroup-3-6] INFO  b.c.c.n.NettyClientServerCommunicationSystemServerSide - Active clients=6
2021-03-04 14:25:39.321 [nioEventLoopGroup-3-3] INFO  b.c.c.n.NettyClientServerCommunicationSystemServerSide - Removing client channel with ID= 7
2021-03-04 14:25:39.321 [nioEventLoopGroup-3-3] INFO  b.c.c.n.NettyClientServerCommunicationSystemServerSide - Active clients=5
2021-03-04 14:25:39.321 [nioEventLoopGroup-3-4] INFO  b.c.c.n.NettyClientServerCommunicationSystemServerSide - Removing client channel with ID= 2
2021-03-04 14:25:39.321 [nioEventLoopGroup-3-4] INFO  b.c.c.n.NettyClientServerCommunicationSystemServerSide - Active clients=4
2021-03-04 14:25:39.321 [nioEventLoopGroup-3-8] INFO  b.c.c.n.NettyClientServerCommunicationSystemServerSide - Removing client channel with ID= 5
2021-03-04 14:25:39.321 [nioEventLoopGroup-3-8] INFO  b.c.c.n.NettyClientServerCommunicationSystemServerSide - Active clients=3
2021-03-04 14:25:39.322 [nioEventLoopGroup-3-5] INFO  b.c.c.n.NettyClientServerCommunicationSystemServerSide - Removing client channel with ID= 1
2021-03-04 14:25:39.322 [nioEventLoopGroup-3-5] INFO  b.c.c.n.NettyClientServerCommunicationSystemServerSide - Active clients=2
2021-03-04 14:25:39.322 [nioEventLoopGroup-3-1] INFO  b.c.c.n.NettyClientServerCommunicationSystemServerSide - Removing client channel with ID= 3
2021-03-04 14:25:39.322 [nioEventLoopGroup-3-1] INFO  b.c.c.n.NettyClientServerCommunicationSystemServerSide - Active clients=1
2021-03-04 14:25:39.322 [nioEventLoopGroup-3-7] INFO  b.c.c.n.NettyClientServerCommunicationSystemServerSide - Removing client channel with ID= 4
2021-03-04 14:25:39.322 [nioEventLoopGroup-3-7] INFO  b.c.c.n.NettyClientServerCommunicationSystemServerSide - Active clients=0
