Command line: -load -s -db smarttrie.app.client.Client -P config/workload
YCSB Client 0.17.0

Loading workload...
Starting test.
DBWrapper: report latency for each error is false and specific error codes to track for latency are: []
2020-10-17 15:37:51:123 0 sec: 0 operations; est completion in 0 second 
2020-10-17 15:37:52:055 1 sec: 0 operations; est completion in 106751991167300 days 15 hours 
2020-10-17 15:37:52.081 [Thread-2] INFO  b.c.c.n.NettyClientServerCommunicationSystemClientSide - Connecting to replica 0 at /192.168.3.91:11000
2020-10-17 15:37:52.103 [nioEventLoopGroup-2-1] INFO  b.c.c.n.NettyClientServerCommunicationSystemClientSide - Channel active
2020-10-17 15:37:53:055 2 sec: 356 operations; 356.36 current ops/sec; est completion in 46 minutes [INSERT: Count=359, Max=1225727, Min=1255, Avg=5464.22, 90=2989, 99=5543, 99.9=1225727, 99.99=1225727] 
2020-10-17 15:37:54:055 3 sec: 1546 operations; 1190 current ops/sec; est completion in 16 minutes [INSERT: Count=1188, Max=7331, Min=654, Avg=821.62, 90=1189, 99=1535, 99.9=3045, 99.99=7331] 
2020-10-17 15:37:55:055 4 sec: 2980 operations; 1434 current ops/sec; est completion in 11 minutes [INSERT: Count=1434, Max=25439, Min=595, Avg=683.72, 90=714, 99=837, 99.9=2177, 99.99=25439] 
2020-10-17 15:37:56:055 5 sec: 4495 operations; 1513.49 current ops/sec; est completion in 9 minutes [INSERT: Count=1516, Max=6407, Min=550, Avg=645.18, 90=685, 99=851, 99.9=1383, 99.99=6407] 
2020-10-17 15:37:57:055 6 sec: 6061 operations; 1567.57 current ops/sec; est completion in 8 minutes [INSERT: Count=1565, Max=1933, Min=502, Avg=626.53, 90=675, 99=768, 99.9=1222, 99.99=1933] 
2020-10-17 15:37:58:055 7 sec: 7829 operations; 1766.23 current ops/sec; est completion in 7 minutes [INSERT: Count=1769, Max=36191, Min=418, Avg=558.57, 90=615, 99=769, 99.9=1462, 99.99=36191] 
2020-10-17 15:37:59:055 8 sec: 10103 operations; 2274 current ops/sec; est completion in 6 minutes [INSERT: Count=2274, Max=2067, Min=402, Avg=434.38, 90=463, 99=556, 99.9=1350, 99.99=2067] 
2020-10-17 15:38:00:055 9 sec: 12240 operations; 2139.14 current ops/sec; est completion in 5 minutes [INSERT: Count=2137, Max=35519, Min=381, Avg=463.05, 90=473, 99=669, 99.9=7687, 99.99=35519] 
2020-10-17 15:38:01:055 10 sec: 14279 operations; 2039 current ops/sec; est completion in 5 minutes [INSERT: Count=2038, Max=8271, Min=403, Avg=486.5, 90=525, 99=573, 99.9=710, 99.99=8271] 
2020-10-17 15:38:02:055 11 sec: 16297 operations; 2018 current ops/sec; est completion in 5 minutes [INSERT: Count=2018, Max=680, Min=428, Avg=491.93, 90=526, 99=579, 99.9=650, 99.99=680] 
2020-10-17 15:38:03:055 12 sec: 18220 operations; 1923 current ops/sec; est completion in 5 minutes [INSERT: Count=1924, Max=32751, Min=423, Avg=515.65, 90=534, 99=608, 99.9=973, 99.99=32751] 
2020-10-17 15:38:04:055 13 sec: 20197 operations; 1977 current ops/sec; est completion in 5 minutes [INSERT: Count=1977, Max=1042, Min=427, Avg=501.92, 90=542, 99=585, 99.9=703, 99.99=1042] 
2020-10-17 15:38:05:055 14 sec: 22187 operations; 1990 current ops/sec; est completion in 5 minutes [INSERT: Count=1990, Max=1070, Min=410, Avg=498.87, 90=552, 99=610, 99.9=891, 99.99=1070] 
2020-10-17 15:38:06:055 15 sec: 24000 operations; 1813 current ops/sec; est completion in 4 minutes [INSERT: Count=1811, Max=808, Min=428, Avg=510.79, 90=553, 99=603, 99.9=684, 99.99=808] 
2020-10-17 15:38:07:055 16 sec: 25875 operations; 1875 current ops/sec; est completion in 4 minutes [INSERT: Count=1877, Max=101823, Min=390, Avg=564.29, 90=580, 99=639, 99.9=737, 99.99=101823] 
2020-10-17 15:38:08:055 17 sec: 28045 operations; 2167.83 current ops/sec; est completion in 4 minutes [INSERT: Count=2170, Max=22367, Min=388, Avg=457.87, 90=492, 99=550, 99.9=746, 99.99=22367] 
2020-10-17 15:38:09:055 18 sec: 30364 operations; 2321.32 current ops/sec; est completion in 4 minutes [INSERT: Count=2319, Max=6271, Min=385, Avg=427.65, 90=458, 99=535, 99.9=747, 99.99=6271] 
2020-10-17 15:38:10:055 19 sec: 32787 operations; 2423 current ops/sec; est completion in 4 minutes [INSERT: Count=2423, Max=3195, Min=368, Avg=409.78, 90=447, 99=507, 99.9=687, 99.99=3195] 
2020-10-17 15:38:11:055 20 sec: 35278 operations; 2491 current ops/sec; est completion in 4 minutes [INSERT: Count=2490, Max=870, Min=365, Avg=398.97, 90=425, 99=474, 99.9=637, 99.99=870] 
2020-10-17 15:38:12:055 21 sec: 37649 operations; 2371 current ops/sec; est completion in 4 minutes [INSERT: Count=2372, Max=43967, Min=366, Avg=418.44, 90=427, 99=480, 99.9=692, 99.99=43967] 
2020-10-17 15:38:13:055 22 sec: 39952 operations; 2303 current ops/sec; est completion in 4 minutes [INSERT: Count=2303, Max=622, Min=380, Avg=431.43, 90=465, 99=521, 99.9=575, 99.99=622] 
2020-10-17 15:38:14:055 23 sec: 42376 operations; 2424 current ops/sec; est completion in 4 minutes [INSERT: Count=2424, Max=558, Min=375, Avg=409.78, 90=437, 99=486, 99.9=543, 99.99=558] 
2020-10-17 15:38:15:055 24 sec: 44598 operations; 2222 current ops/sec; est completion in 4 minutes [INSERT: Count=2222, Max=20799, Min=379, Avg=446.29, 90=458, 99=663, 99.9=14727, 99.99=20799] 
2020-10-17 15:38:16:055 25 sec: 47011 operations; 2413 current ops/sec; est completion in 4 minutes [INSERT: Count=2413, Max=8767, Min=363, Avg=411.37, 90=437, 99=486, 99.9=648, 99.99=8767] 
2020-10-17 15:38:17:055 26 sec: 49370 operations; 2359 current ops/sec; est completion in 3 minutes [INSERT: Count=2359, Max=8271, Min=380, Avg=420.73, 90=446, 99=506, 99.9=662, 99.99=8271] 
2020-10-17 15:38:18:055 27 sec: 51489 operations; 2119 current ops/sec; est completion in 3 minutes [INSERT: Count=2118, Max=91263, Min=384, Avg=469.21, 90=457, 99=517, 99.9=803, 99.99=91263] 
2020-10-17 15:38:19:055 28 sec: 53740 operations; 2251 current ops/sec; est completion in 3 minutes [INSERT: Count=2252, Max=4911, Min=374, Avg=441.17, 90=488, 99=548, 99.9=1014, 99.99=4911] 
2020-10-17 15:38:20:055 29 sec: 55940 operations; 2200 current ops/sec; est completion in 3 minutes [INSERT: Count=2199, Max=865, Min=381, Avg=451.38, 90=503, 99=590, 99.9=757, 99.99=865] 
2020-10-17 15:38:21:055 30 sec: 58121 operations; 2181 current ops/sec; est completion in 3 minutes [INSERT: Count=2181, Max=8711, Min=379, Avg=455.22, 90=499, 99=550, 99.9=828, 99.99=8711] 
2020-10-17 15:38:22:055 31 sec: 60297 operations; 2176 current ops/sec; est completion in 3 minutes [INSERT: Count=2176, Max=9247, Min=381, Avg=456.29, 90=499, 99=553, 99.9=721, 99.99=9247] 
2020-10-17 15:38:23:055 32 sec: 62466 operations; 2169 current ops/sec; est completion in 3 minutes [INSERT: Count=2169, Max=7235, Min=383, Avg=457.84, 90=503, 99=553, 99.9=642, 99.99=7235] 
2020-10-17 15:38:24:055 33 sec: 64700 operations; 2234 current ops/sec; est completion in 3 minutes [INSERT: Count=2235, Max=688, Min=385, Avg=445.12, 90=493, 99=543, 99.9=640, 99.99=688] 
2020-10-17 15:38:25:055 34 sec: 66780 operations; 2080 current ops/sec; est completion in 3 minutes [INSERT: Count=2079, Max=48095, Min=374, Avg=478.14, 90=504, 99=574, 99.9=823, 99.99=48095] 
2020-10-17 15:38:26:055 35 sec: 68988 operations; 2208 current ops/sec; est completion in 3 minutes [INSERT: Count=2208, Max=23967, Min=377, Avg=450.19, 90=489, 99=545, 99.9=725, 99.99=23967] 
2020-10-17 15:38:27:055 36 sec: 71323 operations; 2335 current ops/sec; est completion in 3 minutes [INSERT: Count=2335, Max=32223, Min=361, Avg=425.69, 90=443, 99=515, 99.9=636, 99.99=32223] 
2020-10-17 15:38:28:055 37 sec: 73758 operations; 2435 current ops/sec; est completion in 3 minutes [INSERT: Count=2436, Max=8911, Min=362, Avg=407.82, 90=431, 99=494, 99.9=2697, 99.99=8911] 
2020-10-17 15:38:29:055 38 sec: 76193 operations; 2435 current ops/sec; est completion in 3 minutes [INSERT: Count=2435, Max=712, Min=368, Avg=408.13, 90=438, 99=490, 99.9=532, 99.99=712] 
2020-10-17 15:38:30:055 39 sec: 78427 operations; 2234 current ops/sec; est completion in 3 minutes [INSERT: Count=2233, Max=90047, Min=361, Avg=445.05, 90=434, 99=489, 99.9=562, 99.99=90047] 
2020-10-17 15:38:31:055 40 sec: 81015 operations; 2588 current ops/sec; est completion in 3 minutes [INSERT: Count=2588, Max=6355, Min=354, Avg=384.05, 90=409, 99=469, 99.9=516, 99.99=6355] 
2020-10-17 15:38:32:055 41 sec: 83563 operations; 2545.45 current ops/sec; est completion in 3 minutes [INSERT: Count=2550, Max=4811, Min=358, Avg=389.88, 90=417, 99=492, 99.9=665, 99.99=4811] 
2020-10-17 15:38:33:055 42 sec: 85971 operations; 2410.41 current ops/sec; est completion in 3 minutes [INSERT: Count=2406, Max=9463, Min=358, Avg=412.59, 90=440, 99=516, 99.9=1092, 99.99=9463] 
2020-10-17 15:38:34:055 43 sec: 88335 operations; 2364 current ops/sec; est completion in 3 minutes [INSERT: Count=2364, Max=789, Min=380, Avg=420.69, 90=461, 99=529, 99.9=600, 99.99=789] 
2020-10-17 15:38:35:055 44 sec: 90733 operations; 2398 current ops/sec; est completion in 3 minutes [INSERT: Count=2398, Max=684, Min=379, Avg=414.85, 90=450, 99=510, 99.9=554, 99.99=684] 
2020-10-17 15:38:36:055 45 sec: 92856 operations; 2123 current ops/sec; est completion in 3 minutes [INSERT: Count=2122, Max=95551, Min=368, Avg=468.53, 90=472, 99=673, 99.9=751, 99.99=95551] 
2020-10-17 15:38:37:055 46 sec: 95167 operations; 2311 current ops/sec; est completion in 3 minutes [INSERT: Count=2312, Max=3985, Min=370, Avg=429.99, 90=472, 99=539, 99.9=675, 99.99=3985] 
2020-10-17 15:38:38:055 47 sec: 97416 operations; 2249 current ops/sec; est completion in 3 minutes [INSERT: Count=2249, Max=6867, Min=379, Avg=442.07, 90=489, 99=549, 99.9=752, 99.99=6867] 
2020-10-17 15:38:39:055 48 sec: 99760 operations; 2344 current ops/sec; est completion in 3 minutes [INSERT: Count=2344, Max=25631, Min=366, Avg=423.8, 90=464, 99=533, 99.9=589, 99.99=25631] 
2020-10-17 15:38:40:055 49 sec: 101955 operations; 2195 current ops/sec; est completion in 3 minutes [INSERT: Count=2195, Max=7719, Min=365, Avg=452.61, 90=531, 99=761, 99.9=1027, 99.99=7719] 
2020-10-17 15:38:41:055 50 sec: 104337 operations; 2382 current ops/sec; est completion in 3 minutes [INSERT: Count=2382, Max=3163, Min=366, Avg=417.4, 90=485, 99=607, 99.9=739, 99.99=3163] 
2020-10-17 15:38:42:055 51 sec: 106617 operations; 2280 current ops/sec; est completion in 3 minutes [INSERT: Count=2280, Max=31775, Min=377, Avg=436.09, 90=460, 99=603, 99.9=708, 99.99=31775] 
2020-10-17 15:38:43:055 52 sec: 108780 operations; 2163 current ops/sec; est completion in 3 minutes [INSERT: Count=2163, Max=93119, Min=381, Avg=460.06, 90=446, 99=537, 99.9=822, 99.99=93119] 
2020-10-17 15:38:44:055 53 sec: 111219 operations; 2439 current ops/sec; est completion in 3 minutes [INSERT: Count=2439, Max=1920, Min=373, Avg=407.5, 90=429, 99=489, 99.9=673, 99.99=1920] 
2020-10-17 15:38:45:055 54 sec: 113498 operations; 2279 current ops/sec; est completion in 3 minutes [INSERT: Count=2279, Max=72191, Min=353, Avg=436.69, 90=422, 99=481, 99.9=793, 99.99=72191] 
2020-10-17 15:38:46:055 55 sec: 116136 operations; 2638 current ops/sec; est completion in 3 minutes [INSERT: Count=2639, Max=4931, Min=353, Avg=376.93, 90=395, 99=440, 99.9=589, 99.99=4931] 
2020-10-17 15:38:47:055 56 sec: 118764 operations; 2628 current ops/sec; est completion in 3 minutes [INSERT: Count=2627, Max=927, Min=353, Avg=378.45, 90=402, 99=438, 99.9=482, 99.99=927] 
2020-10-17 15:38:48:055 57 sec: 121293 operations; 2529 current ops/sec; est completion in 2 minutes [INSERT: Count=2529, Max=569, Min=361, Avg=393.15, 90=421, 99=464, 99.9=504, 99.99=569] 
2020-10-17 15:38:49:055 58 sec: 123822 operations; 2529 current ops/sec; est completion in 2 minutes [INSERT: Count=2529, Max=5859, Min=358, Avg=392.96, 90=419, 99=453, 99.9=538, 99.99=5859] 
2020-10-17 15:38:50:055 59 sec: 126386 operations; 2564 current ops/sec; est completion in 2 minutes [INSERT: Count=2564, Max=537, Min=362, Avg=387.79, 90=409, 99=445, 99.9=505, 99.99=537] 
2020-10-17 15:38:51:055 60 sec: 128940 operations; 2554 current ops/sec; est completion in 2 minutes [INSERT: Count=2554, Max=658, Min=363, Avg=389.21, 90=412, 99=451, 99.9=478, 99.99=658] 
2020-10-17 15:38:52:055 61 sec: 131486 operations; 2546 current ops/sec; est completion in 2 minutes [INSERT: Count=2545, Max=581, Min=364, Avg=390.57, 90=414, 99=459, 99.9=507, 99.99=581] 
2020-10-17 15:38:53:055 62 sec: 134054 operations; 2568 current ops/sec; est completion in 2 minutes [INSERT: Count=2569, Max=8719, Min=362, Avg=386.99, 90=407, 99=445, 99.9=539, 99.99=8719] 
2020-10-17 15:38:54:055 63 sec: 136420 operations; 2366 current ops/sec; est completion in 2 minutes [INSERT: Count=2366, Max=52543, Min=362, Avg=420.23, 90=415, 99=472, 99.9=644, 99.99=52543] 
2020-10-17 15:38:55:055 64 sec: 138990 operations; 2567.43 current ops/sec; est completion in 2 minutes [INSERT: Count=2570, Max=4579, Min=361, Avg=386.46, 90=411, 99=456, 99.9=596, 99.99=4579] 
2020-10-17 15:38:56:055 65 sec: 141553 operations; 2565.57 current ops/sec; est completion in 2 minutes [INSERT: Count=2563, Max=976, Min=361, Avg=387.73, 90=416, 99=462, 99.9=501, 99.99=976] 
2020-10-17 15:38:57:055 66 sec: 144090 operations; 2537 current ops/sec; est completion in 2 minutes [INSERT: Count=2537, Max=3983, Min=360, Avg=391.81, 90=420, 99=468, 99.9=535, 99.99=3983] 
2020-10-17 15:38:58:055 67 sec: 146633 operations; 2540.46 current ops/sec; est completion in 2 minutes [INSERT: Count=2544, Max=3965, Min=362, Avg=390.79, 90=415, 99=461, 99.9=595, 99.99=3965] 
2020-10-17 15:38:59:055 68 sec: 149209 operations; 2578.58 current ops/sec; est completion in 2 minutes [INSERT: Count=2575, Max=5515, Min=358, Avg=385.82, 90=408, 99=455, 99.9=576, 99.99=5515] 
2020-10-17 15:39:00:055 69 sec: 151788 operations; 2579 current ops/sec; est completion in 2 minutes [INSERT: Count=2578, Max=3771, Min=360, Avg=385.61, 90=408, 99=448, 99.9=547, 99.99=3771] 
2020-10-17 15:39:01:055 70 sec: 154366 operations; 2578 current ops/sec; est completion in 2 minutes [INSERT: Count=2579, Max=804, Min=360, Avg=385.65, 90=410, 99=454, 99.9=539, 99.99=804] 
2020-10-17 15:39:02:056 71 sec: 156918 operations; 2549.45 current ops/sec; est completion in 2 minutes [INSERT: Count=2554, Max=6335, Min=359, Avg=389.83, 90=413, 99=457, 99.9=586, 99.99=6335] 
2020-10-17 15:39:03:055 72 sec: 159192 operations; 2276.28 current ops/sec; est completion in 2 minutes [INSERT: Count=2272, Max=113215, Min=357, Avg=436.82, 90=416, 99=463, 99.9=747, 99.99=113215] 
2020-10-17 15:39:04:055 73 sec: 161759 operations; 2567 current ops/sec; est completion in 2 minutes [INSERT: Count=2567, Max=2063, Min=362, Avg=387.12, 90=415, 99=463, 99.9=540, 99.99=2063] 
2020-10-17 15:39:05:055 74 sec: 164336 operations; 2577 current ops/sec; est completion in 2 minutes [INSERT: Count=2577, Max=563, Min=363, Avg=385.79, 90=413, 99=457, 99.9=495, 99.99=563] 
2020-10-17 15:39:06:055 75 sec: 166800 operations; 2464 current ops/sec; est completion in 2 minutes [INSERT: Count=2464, Max=12943, Min=359, Avg=403.47, 90=427, 99=477, 99.9=655, 99.99=12943] 
2020-10-17 15:39:07:055 76 sec: 169209 operations; 2409 current ops/sec; est completion in 2 minutes [INSERT: Count=2409, Max=11751, Min=366, Avg=412.76, 90=443, 99=604, 99.9=695, 99.99=11751] 
2020-10-17 15:39:08:055 77 sec: 171662 operations; 2453 current ops/sec; est completion in 2 minutes [INSERT: Count=2452, Max=768, Min=367, Avg=405.49, 90=439, 99=499, 99.9=549, 99.99=768] 
2020-10-17 15:39:09:055 78 sec: 174122 operations; 2460 current ops/sec; est completion in 2 minutes [INSERT: Count=2461, Max=3723, Min=366, Avg=404.12, 90=434, 99=483, 99.9=575, 99.99=3723] 
2020-10-17 15:39:10:055 79 sec: 176604 operations; 2482 current ops/sec; est completion in 2 minutes [INSERT: Count=2482, Max=4979, Min=362, Avg=400.49, 90=427, 99=477, 99.9=801, 99.99=4979] 
2020-10-17 15:39:11:055 80 sec: 179136 operations; 2532 current ops/sec; est completion in 2 minutes [INSERT: Count=2532, Max=670, Min=364, Avg=392.6, 90=419, 99=467, 99.9=525, 99.99=670] 
2020-10-17 15:39:12:055 81 sec: 181272 operations; 2136 current ops/sec; est completion in 2 minutes [INSERT: Count=2136, Max=55999, Min=366, Avg=465.77, 90=513, 99=621, 99.9=7879, 99.99=55999] 
2020-10-17 15:39:13:055 82 sec: 183559 operations; 2287 current ops/sec; est completion in 2 minutes [INSERT: Count=2287, Max=38975, Min=382, Avg=434.21, 90=453, 99=514, 99.9=628, 99.99=38975] 
2020-10-17 15:39:14:055 83 sec: 185895 operations; 2336 current ops/sec; est completion in 2 minutes [INSERT: Count=2336, Max=689, Min=379, Avg=425.66, 90=466, 99=527, 99.9=612, 99.99=689] 
2020-10-17 15:39:15:055 84 sec: 188382 operations; 2487 current ops/sec; est completion in 2 minutes [INSERT: Count=2487, Max=557, Min=364, Avg=399.73, 90=437, 99=498, 99.9=550, 99.99=557] 
2020-10-17 15:39:16:055 85 sec: 190749 operations; 2367 current ops/sec; est completion in 2 minutes [INSERT: Count=2367, Max=9727, Min=364, Avg=420.09, 90=469, 99=535, 99.9=794, 99.99=9727] 
2020-10-17 15:39:17:055 86 sec: 193079 operations; 2330 current ops/sec; est completion in 2 minutes [INSERT: Count=2330, Max=9175, Min=379, Avg=426.88, 90=465, 99=532, 99.9=620, 99.99=9175] 
2020-10-17 15:39:18:055 87 sec: 194546 operations; 1467 current ops/sec; est completion in 2 minutes [INSERT: Count=1466, Max=382719, Min=379, Avg=679.04, 90=452, 99=531, 99.9=2585, 99.99=382719] 
2020-10-17 15:39:19:055 88 sec: 196919 operations; 2373 current ops/sec; est completion in 2 minutes [INSERT: Count=2373, Max=615, Min=378, Avg=419.14, 90=453, 99=517, 99.9=553, 99.99=615] 
2020-10-17 15:39:20:055 89 sec: 199293 operations; 2374 current ops/sec; est completion in 2 minutes [INSERT: Count=2375, Max=4899, Min=374, Avg=418.74, 90=458, 99=520, 99.9=600, 99.99=4899] 
2020-10-17 15:39:21:055 90 sec: 201369 operations; 2076 current ops/sec; est completion in 2 minutes [INSERT: Count=2075, Max=77951, Min=375, Avg=479.09, 90=514, 99=581, 99.9=687, 99.99=77951] 
2020-10-17 15:39:22:055 91 sec: 203715 operations; 2346 current ops/sec; est completion in 2 minutes [INSERT: Count=2346, Max=3851, Min=371, Avg=423.87, 90=461, 99=543, 99.9=781, 99.99=3851] 
2020-10-17 15:39:23:055 92 sec: 205991 operations; 2276 current ops/sec; est completion in 2 minutes [INSERT: Count=2277, Max=1012, Min=371, Avg=436.89, 90=558, 99=630, 99.9=727, 99.99=1012] 
2020-10-17 15:39:24:055 93 sec: 207010 operations; 1019 current ops/sec; est completion in 2 minutes [INSERT: Count=1019, Max=596991, Min=366, Avg=978.84, 90=419, 99=514, 99.9=907, 99.99=596991] 
2020-10-17 15:39:25:055 94 sec: 209365 operations; 2355 current ops/sec; est completion in 2 minutes [INSERT: Count=2354, Max=5771, Min=368, Avg=422.3, 90=470, 99=535, 99.9=677, 99.99=5771] 
2020-10-17 15:39:26:055 95 sec: 211870 operations; 2505 current ops/sec; est completion in 2 minutes [INSERT: Count=2506, Max=5067, Min=367, Avg=396.72, 90=418, 99=479, 99.9=591, 99.99=5067] 
2020-10-17 15:39:27:055 96 sec: 214397 operations; 2527 current ops/sec; est completion in 2 minutes [INSERT: Count=2526, Max=566, Min=364, Avg=393.5, 90=422, 99=477, 99.9=516, 99.99=566] 
2020-10-17 15:39:28:055 97 sec: 216914 operations; 2514.49 current ops/sec; est completion in 2 minutes [INSERT: Count=2519, Max=8007, Min=364, Avg=394.96, 90=414, 99=474, 99.9=665, 99.99=8007] 
2020-10-17 15:39:29:055 98 sec: 219465 operations; 2553.55 current ops/sec; est completion in 2 minutes [INSERT: Count=2550, Max=1043, Min=363, Avg=389.62, 90=414, 99=469, 99.9=534, 99.99=1043] 
2020-10-17 15:39:30:055 99 sec: 221714 operations; 2249 current ops/sec; est completion in 2 minutes [INSERT: Count=2248, Max=99071, Min=364, Avg=442.26, 90=424, 99=481, 99.9=614, 99.99=99071] 
2020-10-17 15:39:31:055 100 sec: 224243 operations; 2529 current ops/sec; est completion in 2 minutes [INSERT: Count=2530, Max=539, Min=364, Avg=393.1, 90=420, 99=479, 99.9=517, 99.99=539] 
2020-10-17 15:39:32:055 101 sec: 226772 operations; 2529 current ops/sec; est completion in 2 minutes [INSERT: Count=2529, Max=1006, Min=366, Avg=393.17, 90=419, 99=462, 99.9=514, 99.99=1006] 
2020-10-17 15:39:33:055 102 sec: 229306 operations; 2534 current ops/sec; est completion in 2 minutes [INSERT: Count=2534, Max=572, Min=364, Avg=392.31, 90=417, 99=461, 99.9=499, 99.99=572] 
2020-10-17 15:39:34:055 103 sec: 231835 operations; 2529 current ops/sec; est completion in 2 minutes [INSERT: Count=2528, Max=2723, Min=366, Avg=393.06, 90=415, 99=465, 99.9=497, 99.99=2723] 
2020-10-17 15:39:35:055 104 sec: 234368 operations; 2533 current ops/sec; est completion in 1 minute [INSERT: Count=2534, Max=4199, Min=368, Avg=392.3, 90=413, 99=472, 99.9=671, 99.99=4199] 
2020-10-17 15:39:36:055 105 sec: 236860 operations; 2492 current ops/sec; est completion in 1 minute [INSERT: Count=2491, Max=27967, Min=366, Avg=398.98, 90=410, 99=467, 99.9=570, 99.99=27967] 
2020-10-17 15:39:37:055 106 sec: 239425 operations; 2565 current ops/sec; est completion in 1 minute [INSERT: Count=2566, Max=703, Min=366, Avg=387.58, 90=410, 99=454, 99.9=502, 99.99=703] 
2020-10-17 15:39:38:055 107 sec: 241682 operations; 2257 current ops/sec; est completion in 1 minute [INSERT: Count=2257, Max=118143, Min=360, Avg=440.65, 90=414, 99=482, 99.9=635, 99.99=118143] 
2020-10-17 15:39:39:055 108 sec: 244199 operations; 2517 current ops/sec; est completion in 1 minute [INSERT: Count=2516, Max=5039, Min=365, Avg=395.08, 90=421, 99=490, 99.9=596, 99.99=5039] 
2020-10-17 15:39:40:055 109 sec: 246774 operations; 2575 current ops/sec; est completion in 1 minute [INSERT: Count=2576, Max=829, Min=363, Avg=386.04, 90=410, 99=457, 99.9=517, 99.99=829] 
2020-10-17 15:39:41:055 110 sec: 249316 operations; 2542 current ops/sec; est completion in 1 minute [INSERT: Count=2542, Max=6723, Min=365, Avg=391.14, 90=412, 99=461, 99.9=633, 99.99=6723] 
2020-10-17 15:39:42:055 111 sec: 251879 operations; 2563 current ops/sec; est completion in 1 minute [INSERT: Count=2563, Max=3097, Min=362, Avg=387.8, 90=414, 99=460, 99.9=513, 99.99=3097] 
2020-10-17 15:39:43:055 112 sec: 254458 operations; 2579 current ops/sec; est completion in 1 minute [INSERT: Count=2578, Max=583, Min=364, Avg=385.61, 90=411, 99=451, 99.9=511, 99.99=583] 
2020-10-17 15:39:44:055 113 sec: 257003 operations; 2542.46 current ops/sec; est completion in 1 minute [INSERT: Count=2547, Max=5591, Min=365, Avg=390.41, 90=412, 99=474, 99.9=764, 99.99=5591] 
2020-10-17 15:39:45:055 114 sec: 259580 operations; 2579.58 current ops/sec; est completion in 1 minute [INSERT: Count=2576, Max=861, Min=364, Avg=385.72, 90=411, 99=452, 99.9=505, 99.99=861] 
2020-10-17 15:39:46:055 115 sec: 262034 operations; 2454 current ops/sec; est completion in 1 minute [INSERT: Count=2453, Max=44799, Min=365, Avg=405.34, 90=412, 99=457, 99.9=691, 99.99=44799] 
2020-10-17 15:39:47:055 116 sec: 264595 operations; 2561 current ops/sec; est completion in 1 minute [INSERT: Count=2562, Max=4043, Min=363, Avg=388.07, 90=411, 99=452, 99.9=532, 99.99=4043] 
2020-10-17 15:39:48:055 117 sec: 267162 operations; 2567 current ops/sec; est completion in 1 minute [INSERT: Count=2567, Max=685, Min=362, Avg=387.36, 90=411, 99=455, 99.9=584, 99.99=685] 
2020-10-17 15:39:49:055 118 sec: 269732 operations; 2570 current ops/sec; est completion in 1 minute [INSERT: Count=2570, Max=661, Min=365, Avg=386.85, 90=411, 99=458, 99.9=538, 99.99=661] 
2020-10-17 15:39:50:055 119 sec: 272295 operations; 2563 current ops/sec; est completion in 1 minute [INSERT: Count=2563, Max=3685, Min=365, Avg=387.91, 90=411, 99=452, 99.9=524, 99.99=3685] 
2020-10-17 15:39:51:055 120 sec: 274853 operations; 2558 current ops/sec; est completion in 1 minute [INSERT: Count=2557, Max=821, Min=363, Avg=388.73, 90=418, 99=467, 99.9=514, 99.99=821] 
2020-10-17 15:39:52:055 121 sec: 277390 operations; 2537 current ops/sec; est completion in 1 minute [INSERT: Count=2537, Max=4863, Min=364, Avg=391.81, 90=416, 99=466, 99.9=566, 99.99=4863] 
2020-10-17 15:39:53:055 122 sec: 279760 operations; 2370 current ops/sec; est completion in 1 minute [INSERT: Count=2370, Max=74559, Min=365, Avg=419.55, 90=414, 99=463, 99.9=637, 99.99=74559] 
2020-10-17 15:39:54:055 123 sec: 282186 operations; 2426 current ops/sec; est completion in 1 minute [INSERT: Count=2427, Max=5787, Min=364, Avg=409.65, 90=462, 99=647, 99.9=844, 99.99=5787] 
2020-10-17 15:39:55:055 124 sec: 284697 operations; 2511 current ops/sec; est completion in 1 minute [INSERT: Count=2511, Max=4611, Min=364, Avg=395.88, 90=427, 99=575, 99.9=910, 99.99=4611] 
2020-10-17 15:39:56:055 125 sec: 287181 operations; 2484 current ops/sec; est completion in 1 minute [INSERT: Count=2484, Max=38655, Min=361, Avg=400.25, 90=410, 99=464, 99.9=866, 99.99=38655] 
2020-10-17 15:39:57:055 126 sec: 289770 operations; 2589 current ops/sec; est completion in 1 minute [INSERT: Count=2589, Max=5995, Min=361, Avg=383.89, 90=401, 99=451, 99.9=606, 99.99=5995] 
2020-10-17 15:39:58:055 127 sec: 292385 operations; 2615 current ops/sec; est completion in 1 minute [INSERT: Count=2615, Max=702, Min=360, Avg=380.12, 90=400, 99=449, 99.9=499, 99.99=702] 
2020-10-17 15:39:59:055 128 sec: 294941 operations; 2556 current ops/sec; est completion in 1 minute [INSERT: Count=2555, Max=8671, Min=361, Avg=388.53, 90=408, 99=459, 99.9=551, 99.99=8671] 
2020-10-17 15:40:00:055 129 sec: 297498 operations; 2557 current ops/sec; est completion in 1 minute [INSERT: Count=2559, Max=5163, Min=364, Avg=389.06, 90=409, 99=455, 99.9=572, 99.99=5163] 
2020-10-17 15:40:01:055 130 sec: 299908 operations; 2410 current ops/sec; est completion in 1 minute [INSERT: Count=2409, Max=47839, Min=365, Avg=412.48, 90=416, 99=476, 99.9=935, 99.99=47839] 
2020-10-17 15:40:02:055 131 sec: 302383 operations; 2475 current ops/sec; est completion in 1 minute [INSERT: Count=2475, Max=753, Min=366, Avg=401.9, 90=430, 99=500, 99.9=613, 99.99=753] 
2020-10-17 15:40:03:055 132 sec: 304911 operations; 2528 current ops/sec; est completion in 1 minute [INSERT: Count=2527, Max=578, Min=367, Avg=393.46, 90=419, 99=474, 99.9=538, 99.99=578] 
2020-10-17 15:40:04:055 133 sec: 307256 operations; 2345 current ops/sec; est completion in 1 minute [INSERT: Count=2346, Max=1042, Min=364, Avg=423.98, 90=563, 99=657, 99.9=898, 99.99=1042] 
2020-10-17 15:40:05:055 134 sec: 309593 operations; 2337 current ops/sec; est completion in 1 minute [INSERT: Count=2336, Max=4391, Min=362, Avg=425.41, 90=548, 99=662, 99.9=1002, 99.99=4391] 
2020-10-17 15:40:06:055 135 sec: 310422 operations; 829 current ops/sec; est completion in 1 minute [INSERT: Count=830, Max=653823, Min=365, Avg=1202.23, 90=437, 99=600, 99.9=10583, 99.99=653823] 
2020-10-17 15:40:07:055 136 sec: 312850 operations; 2428 current ops/sec; est completion in 1 minute [INSERT: Count=2427, Max=5755, Min=368, Avg=409.48, 90=433, 99=494, 99.9=3641, 99.99=5755] 
2020-10-17 15:40:08:055 137 sec: 315240 operations; 2387.61 current ops/sec; est completion in 1 minute [INSERT: Count=2390, Max=4351, Min=370, Avg=407, 90=435, 99=490, 99.9=596, 99.99=4351] 
2020-10-17 15:40:09:055 138 sec: 316108 operations; 868.87 current ops/sec; est completion in 1 minute [INSERT: Count=868, Max=641023, Min=362, Avg=1173.51, 90=420, 99=487, 99.9=22959, 99.99=641023] 
2020-10-17 15:40:10:055 139 sec: 318432 operations; 2324 current ops/sec; est completion in 1 minute [INSERT: Count=2324, Max=47039, Min=364, Avg=427.98, 90=410, 99=464, 99.9=19871, 99.99=47039] 
2020-10-17 15:40:11:055 140 sec: 320880 operations; 2448 current ops/sec; est completion in 1 minute [INSERT: Count=2448, Max=3679, Min=366, Avg=406.24, 90=433, 99=492, 99.9=629, 99.99=3679] 
2020-10-17 15:40:12:055 141 sec: 323272 operations; 2392 current ops/sec; est completion in 1 minute [INSERT: Count=2392, Max=9759, Min=365, Avg=415.7, 90=450, 99=518, 99.9=573, 99.99=9759] 
2020-10-17 15:40:13:055 142 sec: 325754 operations; 2482 current ops/sec; est completion in 1 minute [INSERT: Count=2482, Max=607, Min=366, Avg=400.77, 90=433, 99=486, 99.9=573, 99.99=607] 
2020-10-17 15:40:14:055 143 sec: 328201 operations; 2447 current ops/sec; est completion in 1 minute [INSERT: Count=2448, Max=9303, Min=365, Avg=406.21, 90=438, 99=497, 99.9=711, 99.99=9303] 
2020-10-17 15:40:15:055 144 sec: 330593 operations; 2392 current ops/sec; est completion in 1 minute [INSERT: Count=2391, Max=588, Min=365, Avg=415.96, 90=461, 99=523, 99.9=572, 99.99=588] 
2020-10-17 15:40:16:055 145 sec: 333100 operations; 2507 current ops/sec; est completion in 1 minute [INSERT: Count=2508, Max=771, Min=367, Avg=396.57, 90=427, 99=484, 99.9=535, 99.99=771] 
2020-10-17 15:40:17:055 146 sec: 335386 operations; 2286 current ops/sec; est completion in 1 minute [INSERT: Count=2285, Max=8455, Min=368, Avg=434.39, 90=474, 99=548, 99.9=633, 99.99=8455] 
2020-10-17 15:40:18:055 147 sec: 337653 operations; 2267 current ops/sec; est completion in 1 minute [INSERT: Count=2268, Max=39839, Min=373, Avg=439.33, 90=445, 99=518, 99.9=909, 99.99=39839] 
2020-10-17 15:40:19:055 148 sec: 340070 operations; 2417 current ops/sec; est completion in 1 minute [INSERT: Count=2417, Max=625, Min=374, Avg=411.65, 90=443, 99=511, 99.9=581, 99.99=625] 
2020-10-17 15:40:20:055 149 sec: 342546 operations; 2476 current ops/sec; est completion in 1 minute [INSERT: Count=2476, Max=582, Min=365, Avg=401.68, 90=436, 99=499, 99.9=555, 99.99=582] 
2020-10-17 15:40:21:055 150 sec: 344985 operations; 2439 current ops/sec; est completion in 1 minute [INSERT: Count=2439, Max=4787, Min=374, Avg=407.72, 90=437, 99=496, 99.9=587, 99.99=4787] 
2020-10-17 15:40:22:055 151 sec: 347441 operations; 2456 current ops/sec; est completion in 1 minute [INSERT: Count=2456, Max=4375, Min=372, Avg=404.83, 90=437, 99=498, 99.9=576, 99.99=4375] 
2020-10-17 15:40:23:055 152 sec: 349952 operations; 2511 current ops/sec; est completion in 1 minute [INSERT: Count=2511, Max=3839, Min=360, Avg=396.04, 90=428, 99=487, 99.9=544, 99.99=3839] 
2020-10-17 15:40:24:055 153 sec: 352270 operations; 2318 current ops/sec; est completion in 1 minute [INSERT: Count=2318, Max=8003, Min=373, Avg=428.88, 90=465, 99=522, 99.9=766, 99.99=8003] 
2020-10-17 15:40:25:055 154 sec: 354757 operations; 2484.52 current ops/sec; est completion in 1 minute [INSERT: Count=2488, Max=4559, Min=361, Avg=399.63, 90=437, 99=502, 99.9=648, 99.99=4559] 
2020-10-17 15:40:26:055 155 sec: 357227 operations; 2472.47 current ops/sec; est completion in 1 minute [INSERT: Count=2468, Max=47199, Min=358, Avg=402.56, 90=412, 99=463, 99.9=539, 99.99=47199] 
2020-10-17 15:40:27:055 156 sec: 359842 operations; 2615 current ops/sec; est completion in 1 minute [INSERT: Count=2615, Max=583, Min=360, Avg=380.27, 90=407, 99=447, 99.9=491, 99.99=583] 
2020-10-17 15:40:28:055 157 sec: 362450 operations; 2608 current ops/sec; est completion in 1 minute [INSERT: Count=2608, Max=580, Min=359, Avg=381.25, 90=406, 99=450, 99.9=492, 99.99=580] 
2020-10-17 15:40:29:055 158 sec: 365045 operations; 2595 current ops/sec; est completion in 59 seconds [INSERT: Count=2596, Max=4823, Min=359, Avg=383.06, 90=407, 99=446, 99.9=491, 99.99=4823] 
2020-10-17 15:40:30:055 159 sec: 367657 operations; 2612 current ops/sec; est completion in 58 seconds [INSERT: Count=2611, Max=520, Min=359, Avg=380.7, 90=406, 99=454, 99.9=489, 99.99=520] 
2020-10-17 15:40:31:055 160 sec: 370267 operations; 2610 current ops/sec; est completion in 57 seconds [INSERT: Count=2611, Max=693, Min=360, Avg=380.86, 90=405, 99=447, 99.9=492, 99.99=693] 
2020-10-17 15:40:32:055 161 sec: 372853 operations; 2586 current ops/sec; est completion in 55 seconds [INSERT: Count=2586, Max=2032, Min=361, Avg=384.55, 90=410, 99=461, 99.9=645, 99.99=2032] 
2020-10-17 15:40:33:055 162 sec: 375416 operations; 2563 current ops/sec; est completion in 54 seconds [INSERT: Count=2563, Max=745, Min=362, Avg=388.03, 90=415, 99=494, 99.9=639, 99.99=745] 
2020-10-17 15:40:34:055 163 sec: 377987 operations; 2571 current ops/sec; est completion in 53 seconds [INSERT: Count=2571, Max=548, Min=363, Avg=386.77, 90=413, 99=456, 99.9=509, 99.99=548] 
2020-10-17 15:40:35:055 164 sec: 380317 operations; 2330 current ops/sec; est completion in 52 seconds [INSERT: Count=2330, Max=596, Min=370, Avg=427.02, 90=482, 99=539, 99.9=591, 99.99=596] 
2020-10-17 15:40:36:055 165 sec: 382673 operations; 2356 current ops/sec; est completion in 51 seconds [INSERT: Count=2356, Max=53183, Min=364, Avg=422.19, 90=446, 99=519, 99.9=586, 99.99=53183] 
2020-10-17 15:40:37:055 166 sec: 385244 operations; 2571 current ops/sec; est completion in 50 seconds [INSERT: Count=2570, Max=754, Min=362, Avg=386.85, 90=416, 99=465, 99.9=529, 99.99=754] 
2020-10-17 15:40:38:055 167 sec: 387759 operations; 2515 current ops/sec; est completion in 49 seconds [INSERT: Count=2515, Max=7983, Min=364, Avg=395.25, 90=423, 99=477, 99.9=543, 99.99=7983] 
2020-10-17 15:40:39:055 168 sec: 388594 operations; 835 current ops/sec; est completion in 49 seconds [INSERT: Count=835, Max=635903, Min=364, Avg=1173.29, 90=456, 99=692, 99.9=3871, 99.99=635903] 
2020-10-17 15:40:40:055 169 sec: 390985 operations; 2391 current ops/sec; est completion in 48 seconds [INSERT: Count=2392, Max=47199, Min=363, Avg=423.17, 90=416, 99=547, 99.9=707, 99.99=47199] 
2020-10-17 15:40:41:055 170 sec: 393560 operations; 2575 current ops/sec; est completion in 46 seconds [INSERT: Count=2575, Max=1839, Min=363, Avg=386.23, 90=411, 99=455, 99.9=499, 99.99=1839] 
2020-10-17 15:40:42:055 171 sec: 396132 operations; 2572 current ops/sec; est completion in 45 seconds [INSERT: Count=2572, Max=566, Min=364, Avg=386.63, 90=413, 99=454, 99.9=510, 99.99=566] 
2020-10-17 15:40:43:055 172 sec: 398709 operations; 2577 current ops/sec; est completion in 44 seconds [INSERT: Count=2577, Max=689, Min=366, Avg=386.01, 90=411, 99=452, 99.9=509, 99.99=689] 
2020-10-17 15:40:44:055 173 sec: 401249 operations; 2540 current ops/sec; est completion in 43 seconds [INSERT: Count=2539, Max=940, Min=365, Avg=391.62, 90=421, 99=476, 99.9=534, 99.99=940] 
2020-10-17 15:40:45:055 174 sec: 403864 operations; 2615 current ops/sec; est completion in 42 seconds [INSERT: Count=2615, Max=563, Min=359, Avg=380.4, 90=403, 99=444, 99.9=502, 99.99=563] 
2020-10-17 15:40:46:055 175 sec: 406083 operations; 2219 current ops/sec; est completion in 41 seconds [INSERT: Count=2220, Max=60639, Min=360, Avg=448.47, 90=400, 99=443, 99.9=47263, 99.99=60639] 
2020-10-17 15:40:47:055 176 sec: 408493 operations; 2410 current ops/sec; est completion in 40 seconds [INSERT: Count=2409, Max=4659, Min=359, Avg=412.78, 90=541, 99=620, 99.9=669, 99.99=4659] 
2020-10-17 15:40:48:055 177 sec: 411057 operations; 2564 current ops/sec; est completion in 39 seconds [INSERT: Count=2564, Max=708, Min=356, Avg=386.39, 90=416, 99=572, 99.9=612, 99.99=708] 
2020-10-17 15:40:49:055 178 sec: 413445 operations; 2388 current ops/sec; est completion in 38 seconds [INSERT: Count=2389, Max=71807, Min=364, Avg=416.35, 90=411, 99=498, 99.9=632, 99.99=71807] 
2020-10-17 15:40:50:055 179 sec: 415984 operations; 2539 current ops/sec; est completion in 37 seconds [INSERT: Count=2538, Max=8575, Min=357, Avg=391.49, 90=412, 99=476, 99.9=722, 99.99=8575] 
2020-10-17 15:40:51:055 180 sec: 418539 operations; 2555 current ops/sec; est completion in 36 seconds [INSERT: Count=2555, Max=874, Min=361, Avg=389.26, 90=417, 99=476, 99.9=592, 99.99=874] 
2020-10-17 15:40:52:055 181 sec: 421039 operations; 2500 current ops/sec; est completion in 34 seconds [INSERT: Count=2501, Max=13119, Min=363, Avg=397.51, 90=419, 99=479, 99.9=533, 99.99=13119] 
2020-10-17 15:40:53:055 182 sec: 423577 operations; 2538 current ops/sec; est completion in 33 seconds [INSERT: Count=2538, Max=538, Min=364, Avg=391.83, 90=420, 99=490, 99.9=521, 99.99=538] 
2020-10-17 15:40:54:055 183 sec: 426099 operations; 2519.48 current ops/sec; est completion in 32 seconds [INSERT: Count=2522, Max=4855, Min=366, Avg=394.29, 90=421, 99=486, 99.9=595, 99.99=4855] 
2020-10-17 15:40:55:055 184 sec: 428634 operations; 2537.54 current ops/sec; est completion in 31 seconds [INSERT: Count=2535, Max=595, Min=365, Avg=392.13, 90=423, 99=478, 99.9=533, 99.99=595] 
2020-10-17 15:40:56:055 185 sec: 430903 operations; 2269 current ops/sec; est completion in 30 seconds [INSERT: Count=2268, Max=90687, Min=364, Avg=438.41, 90=424, 99=487, 99.9=609, 99.99=90687] 
2020-10-17 15:40:57:055 186 sec: 433432 operations; 2529 current ops/sec; est completion in 29 seconds [INSERT: Count=2529, Max=535, Min=366, Avg=393.3, 90=421, 99=476, 99.9=503, 99.99=535] 
2020-10-17 15:40:58:055 187 sec: 435958 operations; 2526 current ops/sec; est completion in 28 seconds [INSERT: Count=2526, Max=3101, Min=364, Avg=393.64, 90=421, 99=479, 99.9=540, 99.99=3101] 
2020-10-17 15:40:59:055 188 sec: 438491 operations; 2533 current ops/sec; est completion in 27 seconds [INSERT: Count=2534, Max=4639, Min=362, Avg=392.29, 90=416, 99=477, 99.9=583, 99.99=4639] 
2020-10-17 15:41:00:055 189 sec: 440983 operations; 2492 current ops/sec; est completion in 26 seconds [INSERT: Count=2492, Max=28463, Min=365, Avg=399.06, 90=412, 99=478, 99.9=542, 99.99=28463] 
2020-10-17 15:41:01:055 190 sec: 443503 operations; 2520 current ops/sec; est completion in 25 seconds [INSERT: Count=2520, Max=10751, Min=366, Avg=394.45, 90=417, 99=477, 99.9=541, 99.99=10751] 
2020-10-17 15:41:02:055 191 sec: 446012 operations; 2509 current ops/sec; est completion in 24 seconds [INSERT: Count=2508, Max=13007, Min=367, Avg=396.39, 90=419, 99=476, 99.9=534, 99.99=13007] 
2020-10-17 15:41:03:055 192 sec: 448537 operations; 2525 current ops/sec; est completion in 23 seconds [INSERT: Count=2525, Max=525, Min=367, Avg=393.79, 90=424, 99=481, 99.9=503, 99.99=525] 
2020-10-17 15:41:04:055 193 sec: 451038 operations; 2501 current ops/sec; est completion in 21 seconds [INSERT: Count=2501, Max=8719, Min=363, Avg=397.61, 90=425, 99=484, 99.9=543, 99.99=8719] 
2020-10-17 15:41:05:055 194 sec: 453531 operations; 2493 current ops/sec; est completion in 20 seconds [INSERT: Count=2494, Max=787, Min=364, Avg=398.94, 90=430, 99=488, 99.9=577, 99.99=787] 
2020-10-17 15:41:06:055 195 sec: 455902 operations; 2371 current ops/sec; est completion in 19 seconds [INSERT: Count=2370, Max=60959, Min=366, Avg=419.5, 90=424, 99=467, 99.9=812, 99.99=60959] 
2020-10-17 15:41:07:055 196 sec: 458430 operations; 2528 current ops/sec; est completion in 18 seconds [INSERT: Count=2528, Max=3261, Min=368, Avg=393.25, 90=421, 99=474, 99.9=512, 99.99=3261] 
2020-10-17 15:41:08:055 197 sec: 460956 operations; 2526 current ops/sec; est completion in 17 seconds [INSERT: Count=2526, Max=559, Min=367, Avg=393.75, 90=421, 99=462, 99.9=523, 99.99=559] 
2020-10-17 15:41:09:055 198 sec: 463494 operations; 2538 current ops/sec; est completion in 16 seconds [INSERT: Count=2539, Max=8391, Min=360, Avg=391.54, 90=413, 99=457, 99.9=520, 99.99=8391] 
2020-10-17 15:41:10:055 199 sec: 466050 operations; 2556 current ops/sec; est completion in 15 seconds [INSERT: Count=2555, Max=6419, Min=362, Avg=388.99, 90=413, 99=464, 99.9=520, 99.99=6419] 
2020-10-17 15:41:11:055 200 sec: 468624 operations; 2574 current ops/sec; est completion in 14 seconds [INSERT: Count=2575, Max=741, Min=361, Avg=386.21, 90=413, 99=465, 99.9=518, 99.99=741] 
2020-10-17 15:41:12:055 201 sec: 471165 operations; 2538.46 current ops/sec; est completion in 13 seconds [INSERT: Count=2541, Max=9991, Min=361, Avg=391.11, 90=413, 99=464, 99.9=538, 99.99=9991] 
2020-10-17 15:41:13:055 202 sec: 473721 operations; 2556 current ops/sec; est completion in 12 seconds [INSERT: Count=2555, Max=7399, Min=363, Avg=388.85, 90=415, 99=468, 99.9=549, 99.99=7399] 
2020-10-17 15:41:14:055 203 sec: 476099 operations; 2380.38 current ops/sec; est completion in 11 seconds [INSERT: Count=2379, Max=700, Min=364, Avg=418.25, 90=458, 99=530, 99.9=591, 99.99=700] 
2020-10-17 15:41:15:055 204 sec: 478438 operations; 2339 current ops/sec; est completion in 10 seconds [INSERT: Count=2339, Max=81279, Min=363, Avg=425.22, 90=421, 99=476, 99.9=634, 99.99=81279] 
2020-10-17 15:41:16:055 205 sec: 480859 operations; 2421 current ops/sec; est completion in 9 second [INSERT: Count=2421, Max=1052, Min=368, Avg=410.78, 90=450, 99=519, 99.9=656, 99.99=1052] 
2020-10-17 15:41:17:055 206 sec: 483311 operations; 2452 current ops/sec; est completion in 8 second [INSERT: Count=2451, Max=838, Min=372, Avg=405.79, 90=437, 99=493, 99.9=666, 99.99=838] 
2020-10-17 15:41:18:055 207 sec: 485725 operations; 2414 current ops/sec; est completion in 7 second [INSERT: Count=2415, Max=8663, Min=365, Avg=411.81, 90=442, 99=506, 99.9=594, 99.99=8663] 
2020-10-17 15:41:19:055 208 sec: 488213 operations; 2488 current ops/sec; est completion in 6 second [INSERT: Count=2487, Max=652, Min=363, Avg=400.04, 90=433, 99=494, 99.9=564, 99.99=652] 
2020-10-17 15:41:20:055 209 sec: 490757 operations; 2544 current ops/sec; est completion in 4 second [INSERT: Count=2544, Max=517, Min=354, Avg=390.99, 90=422, 99=479, 99.9=505, 99.99=517] 
2020-10-17 15:41:21:055 210 sec: 493190 operations; 2433 current ops/sec; est completion in 3 second [INSERT: Count=2434, Max=25231, Min=365, Avg=408.72, 90=427, 99=492, 99.9=652, 99.99=25231] 
2020-10-17 15:41:22:055 211 sec: 495416 operations; 2226 current ops/sec; est completion in 2 second [INSERT: Count=2225, Max=2173, Min=374, Avg=424.2, 90=477, 99=650, 99.9=755, 99.99=2173] 
2020-10-17 15:41:23:055 212 sec: 497218 operations; 1802 current ops/sec; est completion in 2 second [INSERT: Count=1803, Max=156415, Min=367, Avg=580.03, 90=525, 99=709, 99.9=845, 99.99=156415] 
2020-10-17 15:41:24:055 213 sec: 499761 operations; 2543 current ops/sec; est completion in 1 second [INSERT: Count=2543, Max=587, Min=364, Avg=391.05, 90=420, 99=501, 99.9=579, 99.99=587] 
2020-10-17 15:41:24:153 213 sec: 500000 operations; 2414.14 current ops/sec; [CLEANUP: Count=1, Max=5, Min=5, Avg=5, 90=5, 99=5, 99.9=5, 99.99=5] [INSERT: Count=238, Max=522, Min=374, Avg=405.16, 90=437, 99=514, 99.9=522, 99.99=522] 
[OVERALL], RunTime(ms), 213099
[OVERALL], Throughput(ops/sec), 2346.327293886879
[TOTAL_GCS_G1_Young_Generation], Count, 16
[TOTAL_GC_TIME_G1_Young_Generation], Time(ms), 439
[TOTAL_GC_TIME_%_G1_Young_Generation], Time(%), 0.20600753640326797
[TOTAL_GCS_G1_Old_Generation], Count, 0
[TOTAL_GC_TIME_G1_Old_Generation], Time(ms), 0
[TOTAL_GC_TIME_%_G1_Old_Generation], Time(%), 0.0
[TOTAL_GCs], Count, 16
[TOTAL_GC_TIME], Time(ms), 439
[TOTAL_GC_TIME_%], Time(%), 0.20600753640326797
[CLEANUP], Operations, 1
[CLEANUP], AverageLatency(us), 5.0
[CLEANUP], MinLatency(us), 5
[CLEANUP], MaxLatency(us), 5
[CLEANUP], 95thPercentileLatency(us), 5
[CLEANUP], 99thPercentileLatency(us), 5
[INSERT], Operations, 500000
[INSERT], AverageLatency(us), 423.487266
[INSERT], MinLatency(us), 353
[INSERT], MaxLatency(us), 1225727
[INSERT], 95thPercentileLatency(us), 494
[INSERT], 99thPercentileLatency(us), 638
[INSERT], Return=OK, 500000
