Command line: -load -s -db smarttrie.app.client.Client -P config/workload
YCSB Client 0.17.0

Loading workload...
Starting test.
DBWrapper: report latency for each error is false and specific error codes to track for latency are: []
2020-10-23 15:00:24:723 0 sec: 0 operations; est completion in 0 second 
2020-10-23 15:00:25:628 1 sec: 0 operations; est completion in 106751991167300 days 15 hours 
2020-10-23 15:00:25.741 [Thread-2] INFO  b.c.c.n.NettyClientServerCommunicationSystemClientSide - Connecting to replica 0 at /192.168.3.41:11000
2020-10-23 15:00:25.770 [nioEventLoopGroup-2-1] INFO  b.c.c.n.NettyClientServerCommunicationSystemClientSide - Channel active
2020-10-23 15:00:26:628 2 sec: 180 operations; 180 current ops/sec; est completion in 1 hour 32 minutes [INSERT: Count=182, Max=1386495, Min=1905, Avg=10749.41, 90=4807, 99=7879, 99.9=1386495, 99.99=1386495] 
2020-10-23 15:00:27:629 3 sec: 647 operations; 467 current ops/sec; est completion in 38 minutes [INSERT: Count=465, Max=13343, Min=1383, Avg=2075.77, 90=2529, 99=4559, 99.9=13343, 99.99=13343] 
2020-10-23 15:00:28:628 4 sec: 1213 operations; 566 current ops/sec; est completion in 27 minutes [INSERT: Count=566, Max=3385, Min=1447, Avg=1736.67, 90=1886, 99=2423, 99.9=3027, 99.99=3385] 
2020-10-23 15:00:29:628 5 sec: 1994 operations; 781 current ops/sec; est completion in 20 minutes [INSERT: Count=782, Max=5823, Min=919, Avg=1253.68, 90=1559, 99=2281, 99.9=4263, 99.99=5823] 
2020-10-23 15:00:30:628 6 sec: 3014 operations; 1020 current ops/sec; est completion in 16 minutes [INSERT: Count=1020, Max=4615, Min=859, Avg=965.68, 90=1056, 99=1424, 99.9=4579, 99.99=4615] 
2020-10-23 15:00:31:628 7 sec: 4067 operations; 1053 current ops/sec; est completion in 14 minutes [INSERT: Count=1053, Max=57343, Min=699, Avg=934.74, 90=970, 99=1164, 99.9=1881, 99.99=57343] 
2020-10-23 15:00:32:628 8 sec: 5238 operations; 1171 current ops/sec; est completion in 12 minutes [INSERT: Count=1171, Max=9439, Min=696, Avg=836.9, 90=920, 99=1083, 99.9=2103, 99.99=9439] 
2020-10-23 15:00:33:628 9 sec: 6455 operations; 1217 current ops/sec; est completion in 11 minutes [INSERT: Count=1216, Max=7195, Min=640, Avg=805.97, 90=909, 99=1214, 99.9=6423, 99.99=7195] 
2020-10-23 15:00:34:628 10 sec: 7867 operations; 1412 current ops/sec; est completion in 10 minutes [INSERT: Count=1412, Max=4515, Min=616, Avg=690.39, 90=740, 99=898, 99.9=4023, 99.99=4515] 
2020-10-23 15:00:35:628 11 sec: 9331 operations; 1464 current ops/sec; est completion in 9 minutes [INSERT: Count=1464, Max=29055, Min=567, Avg=671.3, 90=698, 99=929, 99.9=6663, 99.99=29055] 
2020-10-23 15:00:36:628 12 sec: 10903 operations; 1572 current ops/sec; est completion in 8 minutes [INSERT: Count=1572, Max=5963, Min=557, Avg=629.23, 90=678, 99=841, 99.9=3925, 99.99=5963] 
2020-10-23 15:00:37:628 13 sec: 12571 operations; 1668 current ops/sec; est completion in 8 minutes [INSERT: Count=1670, Max=10687, Min=533, Avg=593.27, 90=626, 99=765, 99.9=1969, 99.99=10687] 
2020-10-23 15:00:38:628 14 sec: 14230 operations; 1659 current ops/sec; est completion in 7 minutes [INSERT: Count=1657, Max=4045, Min=528, Avg=583.42, 90=623, 99=726, 99.9=2032, 99.99=4045] 
2020-10-23 15:00:39:628 15 sec: 15933 operations; 1703 current ops/sec; est completion in 7 minutes [INSERT: Count=1703, Max=13311, Min=507, Avg=581.41, 90=608, 99=782, 99.9=2697, 99.99=13311] 
2020-10-23 15:00:40:628 16 sec: 17682 operations; 1749 current ops/sec; est completion in 7 minutes [INSERT: Count=1751, Max=4847, Min=524, Avg=566.22, 90=594, 99=707, 99.9=1947, 99.99=4847] 
2020-10-23 15:00:41:648 17 sec: 19455 operations; 1738.24 current ops/sec; est completion in 7 minutes [INSERT: Count=1772, Max=21167, Min=514, Avg=570.53, 90=589, 99=663, 99.9=786, 99.99=21167] 
2020-10-23 15:00:42:628 18 sec: 21043 operations; 1620.41 current ops/sec; est completion in 6 minutes [INSERT: Count=1589, Max=88319, Min=515, Avg=610.5, 90=582, 99=676, 99.9=1020, 99.99=88319] 
2020-10-23 15:00:43:628 19 sec: 22799 operations; 1756 current ops/sec; est completion in 6 minutes [INSERT: Count=1755, Max=6267, Min=509, Avg=564.76, 90=606, 99=785, 99.9=1459, 99.99=6267] 
2020-10-23 15:00:44:628 20 sec: 24592 operations; 1793 current ops/sec; est completion in 6 minutes [INSERT: Count=1793, Max=1276, Min=499, Avg=553.04, 90=581, 99=658, 99.9=1028, 99.99=1276] 
2020-10-23 15:00:45:628 21 sec: 26331 operations; 1739 current ops/sec; est completion in 6 minutes [INSERT: Count=1739, Max=738, Min=504, Avg=558.69, 90=588, 99=667, 99.9=710, 99.99=738] 
2020-10-23 15:00:46:628 22 sec: 28049 operations; 1718 current ops/sec; est completion in 6 minutes [INSERT: Count=1719, Max=6379, Min=519, Avg=576.59, 90=621, 99=767, 99.9=4107, 99.99=6379] 
2020-10-23 15:00:47:628 23 sec: 29730 operations; 1681 current ops/sec; est completion in 6 minutes [INSERT: Count=1680, Max=7231, Min=539, Avg=588.94, 90=626, 99=695, 99.9=852, 99.99=7231] 
2020-10-23 15:00:48:628 24 sec: 31380 operations; 1650 current ops/sec; est completion in 5 minutes [INSERT: Count=1649, Max=9447, Min=530, Avg=600.69, 90=637, 99=769, 99.9=4643, 99.99=9447] 
2020-10-23 15:00:49:628 25 sec: 33078 operations; 1698 current ops/sec; est completion in 5 minutes [INSERT: Count=1699, Max=1761, Min=527, Avg=583.37, 90=636, 99=759, 99.9=1001, 99.99=1761] 
2020-10-23 15:00:50:628 26 sec: 34778 operations; 1700 current ops/sec; est completion in 5 minutes [INSERT: Count=1701, Max=10967, Min=530, Avg=582.15, 90=619, 99=711, 99.9=801, 99.99=10967] 
2020-10-23 15:00:51:629 27 sec: 36465 operations; 1687 current ops/sec; est completion in 5 minutes [INSERT: Count=1688, Max=18383, Min=521, Avg=587.65, 90=625, 99=703, 99.9=1771, 99.99=18383] 
2020-10-23 15:00:52:628 28 sec: 38089 operations; 1624 current ops/sec; est completion in 5 minutes [INSERT: Count=1622, Max=4811, Min=516, Avg=609.46, 90=685, 99=788, 99.9=824, 99.99=4811] 
2020-10-23 15:00:53:628 29 sec: 39726 operations; 1637 current ops/sec; est completion in 5 minutes [INSERT: Count=1637, Max=781, Min=521, Avg=606.17, 90=651, 99=726, 99.9=777, 99.99=781] 
2020-10-23 15:00:54:628 30 sec: 41454 operations; 1728 current ops/sec; est completion in 5 minutes [INSERT: Count=1729, Max=7707, Min=497, Avg=573.76, 90=619, 99=697, 99.9=724, 99.99=7707] 
2020-10-23 15:00:55:628 31 sec: 43136 operations; 1682 current ops/sec; est completion in 5 minutes [INSERT: Count=1682, Max=2037, Min=521, Avg=589.72, 90=639, 99=710, 99.9=765, 99.99=2037] 
2020-10-23 15:00:56:628 32 sec: 44810 operations; 1674 current ops/sec; est completion in 5 minutes [INSERT: Count=1673, Max=835, Min=502, Avg=592.86, 90=642, 99=723, 99.9=762, 99.99=835] 
2020-10-23 15:00:57:628 33 sec: 46524 operations; 1714 current ops/sec; est completion in 5 minutes [INSERT: Count=1714, Max=1376, Min=501, Avg=578.8, 90=624, 99=696, 99.9=747, 99.99=1376] 
2020-10-23 15:00:58:628 34 sec: 48133 operations; 1609 current ops/sec; est completion in 5 minutes [INSERT: Count=1609, Max=29039, Min=498, Avg=615.57, 90=655, 99=734, 99.9=1128, 99.99=29039] 
2020-10-23 15:00:59:628 35 sec: 49824 operations; 1691 current ops/sec; est completion in 5 minutes [INSERT: Count=1690, Max=3559, Min=503, Avg=586.52, 90=625, 99=714, 99.9=1399, 99.99=3559] 
2020-10-23 15:01:00:629 36 sec: 51463 operations; 1639 current ops/sec; est completion in 5 minutes [INSERT: Count=1640, Max=11007, Min=522, Avg=604.98, 90=642, 99=739, 99.9=850, 99.99=11007] 
2020-10-23 15:01:01:628 37 sec: 53105 operations; 1642 current ops/sec; est completion in 5 minutes [INSERT: Count=1643, Max=4671, Min=546, Avg=602.49, 90=651, 99=726, 99.9=881, 99.99=4671] 
2020-10-23 15:01:02:628 38 sec: 54820 operations; 1715 current ops/sec; est completion in 5 minutes [INSERT: Count=1714, Max=2653, Min=507, Avg=577.64, 90=616, 99=700, 99.9=955, 99.99=2653] 
2020-10-23 15:01:03:628 39 sec: 56209 operations; 1389 current ops/sec; est completion in 5 minutes [INSERT: Count=1389, Max=164479, Min=478, Avg=713.57, 90=631, 99=713, 99.9=13023, 99.99=164479] 
2020-10-23 15:01:04:628 40 sec: 57886 operations; 1677 current ops/sec; est completion in 5 minutes [INSERT: Count=1677, Max=9239, Min=486, Avg=590.46, 90=636, 99=730, 99.9=4999, 99.99=9239] 
2020-10-23 15:01:05:628 41 sec: 59566 operations; 1680 current ops/sec; est completion in 5 minutes [INSERT: Count=1680, Max=10535, Min=513, Avg=589.56, 90=636, 99=721, 99.9=789, 99.99=10535] 
2020-10-23 15:01:06:628 42 sec: 61329 operations; 1763 current ops/sec; est completion in 5 minutes [INSERT: Count=1763, Max=724, Min=498, Avg=561.81, 90=600, 99=672, 99.9=712, 99.99=724] 
2020-10-23 15:01:07:628 43 sec: 63036 operations; 1707 current ops/sec; est completion in 4 minutes [INSERT: Count=1707, Max=11479, Min=504, Avg=580.96, 90=622, 99=710, 99.9=888, 99.99=11479] 
2020-10-23 15:01:08:628 44 sec: 64731 operations; 1695 current ops/sec; est completion in 4 minutes [INSERT: Count=1695, Max=4871, Min=508, Avg=585.36, 90=621, 99=696, 99.9=916, 99.99=4871] 
2020-10-23 15:01:09:628 45 sec: 66450 operations; 1719 current ops/sec; est completion in 4 minutes [INSERT: Count=1719, Max=766, Min=516, Avg=577.22, 90=617, 99=692, 99.9=751, 99.99=766] 
2020-10-23 15:01:10:628 46 sec: 67967 operations; 1517 current ops/sec; est completion in 4 minutes [INSERT: Count=1517, Max=9751, Min=546, Avg=640.5, 90=683, 99=763, 99.9=1020, 99.99=9751] 
2020-10-23 15:01:11:628 47 sec: 69619 operations; 1652 current ops/sec; est completion in 4 minutes [INSERT: Count=1652, Max=3947, Min=514, Avg=600.99, 90=653, 99=727, 99.9=765, 99.99=3947] 
2020-10-23 15:01:12:628 48 sec: 71280 operations; 1661 current ops/sec; est completion in 4 minutes [INSERT: Count=1661, Max=2515, Min=526, Avg=598.25, 90=648, 99=737, 99.9=985, 99.99=2515] 
2020-10-23 15:01:13:628 49 sec: 72932 operations; 1652 current ops/sec; est completion in 4 minutes [INSERT: Count=1652, Max=4731, Min=497, Avg=601.14, 90=653, 99=729, 99.9=801, 99.99=4731] 
2020-10-23 15:01:14:628 50 sec: 74638 operations; 1706 current ops/sec; est completion in 4 minutes [INSERT: Count=1707, Max=9231, Min=500, Avg=581.6, 90=615, 99=689, 99.9=875, 99.99=9231] 
2020-10-23 15:01:15:628 51 sec: 76384 operations; 1746 current ops/sec; est completion in 4 minutes [INSERT: Count=1745, Max=1130, Min=487, Avg=568.79, 90=618, 99=694, 99.9=753, 99.99=1130] 
2020-10-23 15:01:16:628 52 sec: 78152 operations; 1768 current ops/sec; est completion in 4 minutes [INSERT: Count=1767, Max=6695, Min=494, Avg=560.51, 90=596, 99=682, 99.9=810, 99.99=6695] 
2020-10-23 15:01:17:628 53 sec: 79877 operations; 1725 current ops/sec; est completion in 4 minutes [INSERT: Count=1726, Max=5575, Min=511, Avg=575.21, 90=618, 99=687, 99.9=758, 99.99=5575] 
2020-10-23 15:01:18:628 54 sec: 81600 operations; 1723 current ops/sec; est completion in 4 minutes [INSERT: Count=1722, Max=10751, Min=494, Avg=576.03, 90=609, 99=702, 99.9=2621, 99.99=10751] 
2020-10-23 15:01:19:628 55 sec: 83244 operations; 1644 current ops/sec; est completion in 4 minutes [INSERT: Count=1645, Max=14751, Min=517, Avg=603.24, 90=616, 99=739, 99.9=10751, 99.99=14751] 
2020-10-23 15:01:20:628 56 sec: 84857 operations; 1613 current ops/sec; est completion in 4 minutes [INSERT: Count=1612, Max=17775, Min=512, Avg=615.27, 90=627, 99=848, 99.9=10047, 99.99=17775] 
2020-10-23 15:01:21:628 57 sec: 86609 operations; 1752 current ops/sec; est completion in 4 minutes [INSERT: Count=1752, Max=4631, Min=517, Avg=565.4, 90=596, 99=681, 99.9=2727, 99.99=4631] 
2020-10-23 15:01:22:628 58 sec: 88348 operations; 1739 current ops/sec; est completion in 4 minutes [INSERT: Count=1739, Max=6623, Min=522, Avg=570.85, 90=594, 99=677, 99.9=3401, 99.99=6623] 
2020-10-23 15:01:23:628 59 sec: 90047 operations; 1699 current ops/sec; est completion in 4 minutes [INSERT: Count=1699, Max=27311, Min=519, Avg=583.68, 90=602, 99=673, 99.9=1702, 99.99=27311] 
2020-10-23 15:01:24:628 60 sec: 91768 operations; 1721 current ops/sec; est completion in 4 minutes [INSERT: Count=1721, Max=9223, Min=512, Avg=576.48, 90=604, 99=708, 99.9=3421, 99.99=9223] 
2020-10-23 15:01:25:628 61 sec: 93461 operations; 1693 current ops/sec; est completion in 4 minutes [INSERT: Count=1693, Max=12999, Min=522, Avg=586.33, 90=603, 99=682, 99.9=7367, 99.99=12999] 
2020-10-23 15:01:26:628 62 sec: 94668 operations; 1207 current ops/sec; est completion in 4 minutes [INSERT: Count=1207, Max=317183, Min=493, Avg=823.19, 90=599, 99=683, 99.9=7055, 99.99=317183] 
2020-10-23 15:01:27:628 63 sec: 96424 operations; 1756 current ops/sec; est completion in 4 minutes [INSERT: Count=1756, Max=3887, Min=497, Avg=565.31, 90=604, 99=680, 99.9=760, 99.99=3887] 
2020-10-23 15:01:28:628 64 sec: 98195 operations; 1771 current ops/sec; est completion in 4 minutes [INSERT: Count=1771, Max=6911, Min=507, Avg=560.01, 90=596, 99=704, 99.9=2012, 99.99=6911] 
2020-10-23 15:01:29:628 65 sec: 99923 operations; 1728 current ops/sec; est completion in 4 minutes [INSERT: Count=1728, Max=7359, Min=509, Avg=571.23, 90=615, 99=699, 99.9=886, 99.99=7359] 
2020-10-23 15:01:30:628 66 sec: 100000 operations; 77 current ops/sec; est completion in 4 minutes [INSERT: Count=77, Max=7371, Min=511, Avg=622.17, 90=568, 99=682, 99.9=7371, 99.99=7371] 
2020-10-23 15:01:31:628 67 sec: 100000 operations; 0 current ops/sec; est completion in 4 minutes [INSERT: Count=0, Max=0, Min=9223372036854775807, Avg=NaN, 90=0, 99=0, 99.9=0, 99.99=0] 
2020-10-23 15:01:32:628 68 sec: 100000 operations; 0 current ops/sec; est completion in 4 minutes [INSERT: Count=0, Max=0, Min=9223372036854775807, Avg=NaN, 90=0, 99=0, 99.9=0, 99.99=0] 
2020-10-23 15:01:33:628 69 sec: 100000 operations; 0 current ops/sec; est completion in 4 minutes [INSERT: Count=0, Max=0, Min=9223372036854775807, Avg=NaN, 90=0, 99=0, 99.9=0, 99.99=0] 
2020-10-23 15:01:34:628 70 sec: 101471 operations; 1471 current ops/sec; est completion in 4 minutes [INSERT: Count=1472, Max=4106239, Min=507, Avg=3363.27, 90=605, 99=823, 99.9=4547, 99.99=4106239] 
2020-10-23 15:01:35:628 71 sec: 103219 operations; 1748 current ops/sec; est completion in 4 minutes [INSERT: Count=1747, Max=9159, Min=511, Avg=567.41, 90=591, 99=674, 99.9=6319, 99.99=9159] 
2020-10-23 15:01:36:628 72 sec: 104961 operations; 1742 current ops/sec; est completion in 4 minutes [INSERT: Count=1742, Max=4663, Min=510, Avg=569.14, 90=618, 99=708, 99.9=790, 99.99=4663] 
2020-10-23 15:01:37:628 73 sec: 106691 operations; 1730 current ops/sec; est completion in 4 minutes [INSERT: Count=1730, Max=8167, Min=511, Avg=573.27, 90=615, 99=708, 99.9=2727, 99.99=8167] 
2020-10-23 15:01:38:628 74 sec: 108396 operations; 1705 current ops/sec; est completion in 4 minutes [INSERT: Count=1705, Max=7999, Min=496, Avg=581.88, 90=632, 99=719, 99.9=3195, 99.99=7999] 
2020-10-23 15:01:39:628 75 sec: 110125 operations; 1729 current ops/sec; est completion in 4 minutes [INSERT: Count=1730, Max=10271, Min=513, Avg=573.78, 90=612, 99=726, 99.9=2783, 99.99=10271] 
2020-10-23 15:01:40:628 76 sec: 111866 operations; 1741 current ops/sec; est completion in 4 minutes [INSERT: Count=1741, Max=5883, Min=511, Avg=569.72, 90=608, 99=680, 99.9=1164, 99.99=5883] 
2020-10-23 15:01:41:628 77 sec: 113626 operations; 1760 current ops/sec; est completion in 4 minutes [INSERT: Count=1759, Max=954, Min=513, Avg=563.94, 90=605, 99=674, 99.9=765, 99.99=954] 
2020-10-23 15:01:42:628 78 sec: 115359 operations; 1733 current ops/sec; est completion in 4 minutes [INSERT: Count=1733, Max=6427, Min=514, Avg=572.47, 90=612, 99=674, 99.9=999, 99.99=6427] 
2020-10-23 15:01:43:628 79 sec: 117048 operations; 1689 current ops/sec; est completion in 4 minutes [INSERT: Count=1689, Max=9671, Min=514, Avg=587.52, 90=623, 99=704, 99.9=1479, 99.99=9671] 
2020-10-23 15:01:44:628 80 sec: 118701 operations; 1653 current ops/sec; est completion in 4 minutes [INSERT: Count=1653, Max=13551, Min=521, Avg=600.13, 90=638, 99=728, 99.9=2575, 99.99=13551] 
2020-10-23 15:01:45:629 81 sec: 120321 operations; 1620 current ops/sec; est completion in 4 minutes [INSERT: Count=1622, Max=10903, Min=529, Avg=612.06, 90=655, 99=754, 99.9=2797, 99.99=10903] 
2020-10-23 15:01:46:628 82 sec: 122018 operations; 1697 current ops/sec; est completion in 4 minutes [INSERT: Count=1696, Max=2069, Min=508, Avg=584.56, 90=635, 99=740, 99.9=1208, 99.99=2069] 
2020-10-23 15:01:47:628 83 sec: 123734 operations; 1716 current ops/sec; est completion in 4 minutes [INSERT: Count=1715, Max=9055, Min=512, Avg=578.09, 90=617, 99=691, 99.9=820, 99.99=9055] 
2020-10-23 15:01:48:628 84 sec: 125399 operations; 1665 current ops/sec; est completion in 4 minutes [INSERT: Count=1666, Max=14775, Min=514, Avg=596.18, 90=634, 99=710, 99.9=2187, 99.99=14775] 
2020-10-23 15:01:49:628 85 sec: 127086 operations; 1687 current ops/sec; est completion in 4 minutes [INSERT: Count=1686, Max=5939, Min=514, Avg=588.46, 90=630, 99=709, 99.9=1030, 99.99=5939] 
2020-10-23 15:01:50:629 86 sec: 128701 operations; 1615 current ops/sec; est completion in 4 minutes [INSERT: Count=1616, Max=22815, Min=517, Avg=614.98, 90=642, 99=745, 99.9=2725, 99.99=22815] 
2020-10-23 15:01:51:628 87 sec: 130157 operations; 1456 current ops/sec; est completion in 4 minutes [INSERT: Count=1455, Max=25471, Min=525, Avg=681.1, 90=710, 99=985, 99.9=16591, 99.99=25471] 
2020-10-23 15:01:52:628 88 sec: 131761 operations; 1604 current ops/sec; est completion in 4 minutes [INSERT: Count=1604, Max=7891, Min=520, Avg=619.12, 90=657, 99=954, 99.9=4579, 99.99=7891] 
2020-10-23 15:01:53:628 89 sec: 132750 operations; 989 current ops/sec; est completion in 4 minutes [INSERT: Count=989, Max=384511, Min=523, Avg=1006.19, 90=663, 99=751, 99.9=5659, 99.99=384511] 
2020-10-23 15:01:54:628 90 sec: 134430 operations; 1680 current ops/sec; est completion in 4 minutes [INSERT: Count=1680, Max=4415, Min=516, Avg=590.69, 90=641, 99=719, 99.9=1341, 99.99=4415] 
2020-10-23 15:01:55:628 91 sec: 136208 operations; 1778 current ops/sec; est completion in 4 minutes [INSERT: Count=1778, Max=7351, Min=495, Avg=558.22, 90=603, 99=689, 99.9=985, 99.99=7351] 
2020-10-23 15:01:56:628 92 sec: 137885 operations; 1677 current ops/sec; est completion in 4 minutes [INSERT: Count=1677, Max=5871, Min=521, Avg=591.28, 90=632, 99=731, 99.9=1766, 99.99=5871] 
2020-10-23 15:01:57:628 93 sec: 139587 operations; 1702 current ops/sec; est completion in 4 minutes [INSERT: Count=1702, Max=7379, Min=508, Avg=583.09, 90=630, 99=725, 99.9=2571, 99.99=7379] 
2020-10-23 15:01:58:628 94 sec: 141309 operations; 1722 current ops/sec; est completion in 3 minutes [INSERT: Count=1722, Max=7767, Min=507, Avg=575.75, 90=617, 99=693, 99.9=3041, 99.99=7767] 
2020-10-23 15:01:59:628 95 sec: 142966 operations; 1657 current ops/sec; est completion in 3 minutes [INSERT: Count=1657, Max=2531, Min=522, Avg=599.76, 90=643, 99=729, 99.9=1495, 99.99=2531] 
2020-10-23 15:02:00:628 96 sec: 144659 operations; 1693 current ops/sec; est completion in 3 minutes [INSERT: Count=1693, Max=9151, Min=502, Avg=585.94, 90=632, 99=719, 99.9=1163, 99.99=9151] 
2020-10-23 15:02:01:628 97 sec: 146313 operations; 1654 current ops/sec; est completion in 3 minutes [INSERT: Count=1654, Max=9079, Min=528, Avg=600.21, 90=635, 99=730, 99.9=2823, 99.99=9079] 
2020-10-23 15:02:02:628 98 sec: 147922 operations; 1609 current ops/sec; est completion in 3 minutes [INSERT: Count=1609, Max=9991, Min=526, Avg=613.96, 90=651, 99=747, 99.9=2563, 99.99=9991] 
2020-10-23 15:02:03:629 99 sec: 149584 operations; 1662 current ops/sec; est completion in 3 minutes [INSERT: Count=1664, Max=6131, Min=515, Avg=600.28, 90=641, 99=730, 99.9=1196, 99.99=6131] 
2020-10-23 15:02:04:628 100 sec: 151257 operations; 1673 current ops/sec; est completion in 3 minutes [INSERT: Count=1672, Max=4775, Min=502, Avg=593.05, 90=630, 99=724, 99.9=1733, 99.99=4775] 
2020-10-23 15:02:05:628 101 sec: 152861 operations; 1604 current ops/sec; est completion in 3 minutes [INSERT: Count=1604, Max=25775, Min=500, Avg=619.03, 90=652, 99=733, 99.9=825, 99.99=25775] 
2020-10-23 15:02:06:628 102 sec: 154557 operations; 1696 current ops/sec; est completion in 3 minutes [INSERT: Count=1695, Max=3261, Min=490, Avg=585.82, 90=623, 99=697, 99.9=783, 99.99=3261] 
2020-10-23 15:02:07:628 103 sec: 156252 operations; 1695 current ops/sec; est completion in 3 minutes [INSERT: Count=1695, Max=2541, Min=500, Avg=585.83, 90=637, 99=712, 99.9=818, 99.99=2541] 
2020-10-23 15:02:08:628 104 sec: 157971 operations; 1719 current ops/sec; est completion in 3 minutes [INSERT: Count=1719, Max=7095, Min=499, Avg=577.33, 90=615, 99=689, 99.9=791, 99.99=7095] 
2020-10-23 15:02:09:628 105 sec: 159762 operations; 1791 current ops/sec; est completion in 3 minutes [INSERT: Count=1791, Max=2489, Min=497, Avg=554.3, 90=596, 99=671, 99.9=787, 99.99=2489] 
2020-10-23 15:02:10:628 106 sec: 161512 operations; 1750 current ops/sec; est completion in 3 minutes [INSERT: Count=1751, Max=7991, Min=498, Avg=567.49, 90=598, 99=679, 99.9=2035, 99.99=7991] 
2020-10-23 15:02:11:628 107 sec: 163188 operations; 1676 current ops/sec; est completion in 3 minutes [INSERT: Count=1675, Max=2599, Min=506, Avg=592.33, 90=643, 99=715, 99.9=1700, 99.99=2599] 
2020-10-23 15:02:12:628 108 sec: 164885 operations; 1697 current ops/sec; est completion in 3 minutes [INSERT: Count=1697, Max=3587, Min=503, Avg=580.79, 90=626, 99=705, 99.9=960, 99.99=3587] 
2020-10-23 15:02:13:628 109 sec: 166609 operations; 1724 current ops/sec; est completion in 3 minutes [INSERT: Count=1724, Max=4891, Min=505, Avg=572.89, 90=611, 99=684, 99.9=925, 99.99=4891] 
2020-10-23 15:02:14:628 110 sec: 168332 operations; 1723 current ops/sec; est completion in 3 minutes [INSERT: Count=1724, Max=6911, Min=508, Avg=578.72, 90=618, 99=704, 99.9=1764, 99.99=6911] 
2020-10-23 15:02:15:628 111 sec: 170128 operations; 1796 current ops/sec; est completion in 3 minutes [INSERT: Count=1795, Max=1837, Min=505, Avg=552.74, 90=589, 99=686, 99.9=870, 99.99=1837] 
2020-10-23 15:02:16:628 112 sec: 171797 operations; 1669 current ops/sec; est completion in 3 minutes [INSERT: Count=1669, Max=10407, Min=506, Avg=595, 90=628, 99=711, 99.9=2571, 99.99=10407] 
2020-10-23 15:02:17:628 113 sec: 172979 operations; 1182 current ops/sec; est completion in 3 minutes [INSERT: Count=1182, Max=315135, Min=493, Avg=841.05, 90=612, 99=695, 99.9=2301, 99.99=315135] 
2020-10-23 15:02:18:628 114 sec: 174776 operations; 1797 current ops/sec; est completion in 3 minutes [INSERT: Count=1798, Max=8647, Min=490, Avg=552.47, 90=591, 99=663, 99.9=898, 99.99=8647] 
2020-10-23 15:02:19:628 115 sec: 176561 operations; 1785 current ops/sec; est completion in 3 minutes [INSERT: Count=1784, Max=1213, Min=486, Avg=556.27, 90=618, 99=693, 99.9=809, 99.99=1213] 
2020-10-23 15:02:20:628 116 sec: 178425 operations; 1864 current ops/sec; est completion in 3 minutes [INSERT: Count=1864, Max=8159, Min=488, Avg=532.44, 90=559, 99=649, 99.9=1167, 99.99=8159] 
2020-10-23 15:02:21:628 117 sec: 180225 operations; 1800 current ops/sec; est completion in 3 minutes [INSERT: Count=1800, Max=11271, Min=496, Avg=551.36, 90=579, 99=681, 99.9=5627, 99.99=11271] 
2020-10-23 15:02:22:628 118 sec: 181714 operations; 1489 current ops/sec; est completion in 3 minutes [INSERT: Count=1489, Max=94335, Min=501, Avg=667.16, 90=641, 99=1018, 99.9=14583, 99.99=94335] 
2020-10-23 15:02:23:628 119 sec: 183414 operations; 1700 current ops/sec; est completion in 3 minutes [INSERT: Count=1701, Max=9799, Min=496, Avg=583.89, 90=628, 99=1050, 99.9=1254, 99.99=9799] 
2020-10-23 15:02:24:628 120 sec: 185225 operations; 1811 current ops/sec; est completion in 3 minutes [INSERT: Count=1811, Max=6175, Min=493, Avg=548.24, 90=578, 99=667, 99.9=2891, 99.99=6175] 
2020-10-23 15:02:25:628 121 sec: 186980 operations; 1755 current ops/sec; est completion in 3 minutes [INSERT: Count=1756, Max=3041, Min=500, Avg=565.64, 90=618, 99=703, 99.9=957, 99.99=3041] 
2020-10-23 15:02:26:628 122 sec: 188752 operations; 1772 current ops/sec; est completion in 3 minutes [INSERT: Count=1770, Max=3245, Min=474, Avg=560.02, 90=621, 99=842, 99.9=2375, 99.99=3245] 
2020-10-23 15:02:27:628 123 sec: 190562 operations; 1810 current ops/sec; est completion in 3 minutes [INSERT: Count=1810, Max=8215, Min=495, Avg=548.19, 90=575, 99=677, 99.9=2955, 99.99=8215] 
2020-10-23 15:02:28:628 124 sec: 192390 operations; 1828 current ops/sec; est completion in 3 minutes [INSERT: Count=1828, Max=807, Min=494, Avg=542.93, 90=580, 99=657, 99.9=708, 99.99=807] 
2020-10-23 15:02:29:628 125 sec: 194192 operations; 1802 current ops/sec; est completion in 3 minutes [INSERT: Count=1802, Max=8471, Min=488, Avg=550.78, 90=588, 99=676, 99.9=1991, 99.99=8471] 
2020-10-23 15:02:30:628 126 sec: 196011 operations; 1819 current ops/sec; est completion in 3 minutes [INSERT: Count=1819, Max=1808, Min=498, Avg=545.78, 90=587, 99=664, 99.9=717, 99.99=1808] 
2020-10-23 15:02:31:628 127 sec: 197864 operations; 1853 current ops/sec; est completion in 3 minutes [INSERT: Count=1853, Max=1578, Min=494, Avg=536.15, 90=568, 99=644, 99.9=732, 99.99=1578] 
2020-10-23 15:02:32:628 128 sec: 199687 operations; 1823 current ops/sec; est completion in 3 minutes [INSERT: Count=1824, Max=8535, Min=487, Avg=544.06, 90=576, 99=674, 99.9=1202, 99.99=8535] 
2020-10-23 15:02:33:628 129 sec: 200000 operations; 313 current ops/sec; est completion in 3 minutes [INSERT: Count=312, Max=1227, Min=493, Avg=536.41, 90=571, 99=692, 99.9=1227, 99.99=1227] 
2020-10-23 15:02:34:628 130 sec: 200000 operations; 0 current ops/sec; est completion in 3 minutes [INSERT: Count=0, Max=0, Min=9223372036854775807, Avg=NaN, 90=0, 99=0, 99.9=0, 99.99=0] 
2020-10-23 15:02:35:628 131 sec: 200000 operations; 0 current ops/sec; est completion in 3 minutes [INSERT: Count=0, Max=0, Min=9223372036854775807, Avg=NaN, 90=0, 99=0, 99.9=0, 99.99=0] 
2020-10-23 15:02:36:628 132 sec: 200000 operations; 0 current ops/sec; est completion in 3 minutes [INSERT: Count=0, Max=0, Min=9223372036854775807, Avg=NaN, 90=0, 99=0, 99.9=0, 99.99=0] 
2020-10-23 15:02:37:628 133 sec: 200000 operations; 0 current ops/sec; est completion in 3 minutes [INSERT: Count=0, Max=0, Min=9223372036854775807, Avg=NaN, 90=0, 99=0, 99.9=0, 99.99=0] 
2020-10-23 15:02:38:628 134 sec: 201305 operations; 1305 current ops/sec; est completion in 3 minutes [INSERT: Count=1306, Max=5095423, Min=500, Avg=4461, 90=589, 99=695, 99.9=13863, 99.99=5095423] 
2020-10-23 15:02:39:628 135 sec: 203056 operations; 1751 current ops/sec; est completion in 3 minutes [INSERT: Count=1751, Max=14423, Min=504, Avg=563.13, 90=595, 99=677, 99.9=1477, 99.99=14423] 
2020-10-23 15:02:40:628 136 sec: 204880 operations; 1824 current ops/sec; est completion in 3 minutes [INSERT: Count=1823, Max=1297, Min=502, Avg=544.63, 90=583, 99=663, 99.9=754, 99.99=1297] 
2020-10-23 15:02:41:628 137 sec: 206697 operations; 1817 current ops/sec; est completion in 3 minutes [INSERT: Count=1817, Max=3369, Min=501, Avg=546.22, 90=584, 99=680, 99.9=1407, 99.99=3369] 
2020-10-23 15:02:42:629 138 sec: 208518 operations; 1821 current ops/sec; est completion in 3 minutes [INSERT: Count=1821, Max=9543, Min=500, Avg=545.08, 90=579, 99=653, 99.9=1250, 99.99=9543] 
2020-10-23 15:02:43:628 139 sec: 210246 operations; 1728 current ops/sec; est completion in 3 minutes [INSERT: Count=1728, Max=1946, Min=504, Avg=574.41, 90=675, 99=804, 99.9=1174, 99.99=1946] 
2020-10-23 15:02:44:628 140 sec: 212077 operations; 1831 current ops/sec; est completion in 3 minutes [INSERT: Count=1831, Max=1942, Min=491, Avg=542.06, 90=581, 99=670, 99.9=1340, 99.99=1942] 
2020-10-23 15:02:45:628 141 sec: 213300 operations; 1223 current ops/sec; est completion in 3 minutes [INSERT: Count=1224, Max=281087, Min=484, Avg=813.08, 90=590, 99=687, 99.9=43999, 99.99=281087] 
2020-10-23 15:02:46:628 142 sec: 215121 operations; 1821 current ops/sec; est completion in 3 minutes [INSERT: Count=1820, Max=3097, Min=491, Avg=545.29, 90=594, 99=670, 99.9=1616, 99.99=3097] 
2020-10-23 15:02:47:628 143 sec: 216910 operations; 1789 current ops/sec; est completion in 3 minutes [INSERT: Count=1790, Max=37695, Min=488, Avg=554.75, 90=572, 99=649, 99.9=932, 99.99=37695] 
2020-10-23 15:02:48:628 144 sec: 218764 operations; 1854 current ops/sec; est completion in 3 minutes [INSERT: Count=1854, Max=771, Min=498, Avg=535.48, 90=566, 99=650, 99.9=700, 99.99=771] 
2020-10-23 15:02:49:628 145 sec: 220647 operations; 1883 current ops/sec; est completion in 3 minutes [INSERT: Count=1882, Max=3151, Min=490, Avg=526.95, 90=551, 99=632, 99.9=701, 99.99=3151] 
2020-10-23 15:02:50:628 146 sec: 222517 operations; 1870 current ops/sec; est completion in 3 minutes [INSERT: Count=1871, Max=1875, Min=492, Avg=531.03, 90=560, 99=640, 99.9=734, 99.99=1875] 
2020-10-23 15:02:51:628 147 sec: 224343 operations; 1826 current ops/sec; est completion in 3 minutes [INSERT: Count=1825, Max=2475, Min=487, Avg=543.46, 90=584, 99=660, 99.9=800, 99.99=2475] 
2020-10-23 15:02:52:628 148 sec: 226202 operations; 1859 current ops/sec; est completion in 3 minutes [INSERT: Count=1859, Max=1858, Min=492, Avg=534.38, 90=565, 99=648, 99.9=709, 99.99=1858] 
2020-10-23 15:02:53:628 149 sec: 227969 operations; 1767 current ops/sec; est completion in 2 minutes [INSERT: Count=1767, Max=17855, Min=495, Avg=561.47, 90=581, 99=770, 99.9=5195, 99.99=17855] 
2020-10-23 15:02:54:628 150 sec: 229726 operations; 1757 current ops/sec; est completion in 2 minutes [INSERT: Count=1757, Max=7247, Min=494, Avg=565.14, 90=625, 99=920, 99.9=6503, 99.99=7247] 
2020-10-23 15:02:55:628 151 sec: 231540 operations; 1814 current ops/sec; est completion in 2 minutes [INSERT: Count=1814, Max=5967, Min=499, Avg=546.81, 90=579, 99=654, 99.9=1511, 99.99=5967] 
2020-10-23 15:02:56:628 152 sec: 233358 operations; 1818 current ops/sec; est completion in 2 minutes [INSERT: Count=1819, Max=6911, Min=491, Avg=546.11, 90=576, 99=669, 99.9=2637, 99.99=6911] 
2020-10-23 15:02:57:628 153 sec: 235229 operations; 1871 current ops/sec; est completion in 2 minutes [INSERT: Count=1870, Max=5407, Min=488, Avg=530.56, 90=557, 99=643, 99.9=733, 99.99=5407] 
2020-10-23 15:02:58:628 154 sec: 236759 operations; 1530 current ops/sec; est completion in 2 minutes [INSERT: Count=1530, Max=173695, Min=486, Avg=648.65, 90=560, 99=641, 99.9=1807, 99.99=173695] 
2020-10-23 15:02:59:628 155 sec: 238694 operations; 1935 current ops/sec; est completion in 2 minutes [INSERT: Count=1936, Max=3255, Min=476, Avg=512.91, 90=538, 99=629, 99.9=989, 99.99=3255] 
2020-10-23 15:03:00:628 156 sec: 240597 operations; 1903 current ops/sec; est completion in 2 minutes [INSERT: Count=1902, Max=8039, Min=485, Avg=521.49, 90=536, 99=631, 99.9=1525, 99.99=8039] 
2020-10-23 15:03:01:628 157 sec: 242529 operations; 1932 current ops/sec; est completion in 2 minutes [INSERT: Count=1932, Max=2897, Min=476, Avg=513.73, 90=536, 99=630, 99.9=1495, 99.99=2897] 
2020-10-23 15:03:02:628 158 sec: 244461 operations; 1932 current ops/sec; est completion in 2 minutes [INSERT: Count=1932, Max=919, Min=476, Avg=513.72, 90=535, 99=638, 99.9=815, 99.99=919] 
2020-10-23 15:03:03:628 159 sec: 246390 operations; 1929 current ops/sec; est completion in 2 minutes [INSERT: Count=1929, Max=1651, Min=475, Avg=514.56, 90=538, 99=622, 99.9=794, 99.99=1651] 
2020-10-23 15:03:04:628 160 sec: 248252 operations; 1862 current ops/sec; est completion in 2 minutes [INSERT: Count=1862, Max=10071, Min=470, Avg=532.89, 90=546, 99=801, 99.9=7031, 99.99=10071] 
2020-10-23 15:03:05:628 161 sec: 250075 operations; 1823 current ops/sec; est completion in 2 minutes [INSERT: Count=1824, Max=8519, Min=478, Avg=544.31, 90=565, 99=826, 99.9=6347, 99.99=8519] 
2020-10-23 15:03:06:628 162 sec: 251909 operations; 1834 current ops/sec; est completion in 2 minutes [INSERT: Count=1834, Max=9447, Min=487, Avg=540.99, 90=562, 99=832, 99.9=8671, 99.99=9447] 
2020-10-23 15:03:07:628 163 sec: 253781 operations; 1872 current ops/sec; est completion in 2 minutes [INSERT: Count=1871, Max=8663, Min=486, Avg=530.26, 90=554, 99=786, 99.9=919, 99.99=8663] 
2020-10-23 15:03:08:628 164 sec: 255616 operations; 1835 current ops/sec; est completion in 2 minutes [INSERT: Count=1836, Max=12287, Min=495, Avg=540.5, 90=549, 99=963, 99.9=3739, 99.99=12287] 
2020-10-23 15:03:09:628 165 sec: 257519 operations; 1903 current ops/sec; est completion in 2 minutes [INSERT: Count=1903, Max=8199, Min=493, Avg=521.46, 90=541, 99=616, 99.9=804, 99.99=8199] 
2020-10-23 15:03:10:628 166 sec: 259364 operations; 1845 current ops/sec; est completion in 2 minutes [INSERT: Count=1844, Max=1232, Min=480, Avg=517.08, 90=540, 99=618, 99.9=743, 99.99=1232] 
2020-10-23 15:03:11:628 167 sec: 260827 operations; 1463 current ops/sec; est completion in 2 minutes [INSERT: Count=1463, Max=197503, Min=504, Avg=705.88, 90=635, 99=1100, 99.9=3491, 99.99=197503] 
2020-10-23 15:03:12:628 168 sec: 262678 operations; 1851 current ops/sec; est completion in 2 minutes [INSERT: Count=1851, Max=5771, Min=473, Avg=535.91, 90=571, 99=714, 99.9=2067, 99.99=5771] 
2020-10-23 15:03:13:628 169 sec: 264540 operations; 1862 current ops/sec; est completion in 2 minutes [INSERT: Count=1862, Max=10775, Min=488, Avg=532.81, 90=555, 99=636, 99.9=1373, 99.99=10775] 
2020-10-23 15:03:14:628 170 sec: 266397 operations; 1857 current ops/sec; est completion in 2 minutes [INSERT: Count=1857, Max=8607, Min=480, Avg=534.35, 90=550, 99=627, 99.9=4111, 99.99=8607] 
2020-10-23 15:03:15:628 171 sec: 268222 operations; 1825 current ops/sec; est completion in 2 minutes [INSERT: Count=1825, Max=9415, Min=490, Avg=543.66, 90=560, 99=643, 99.9=5995, 99.99=9415] 
2020-10-23 15:03:16:629 172 sec: 270029 operations; 1807 current ops/sec; est completion in 2 minutes [INSERT: Count=1809, Max=11287, Min=490, Avg=549.68, 90=573, 99=653, 99.9=2153, 99.99=11287] 
2020-10-23 15:03:17:628 173 sec: 271901 operations; 1872 current ops/sec; est completion in 2 minutes [INSERT: Count=1871, Max=875, Min=473, Avg=530.27, 90=562, 99=638, 99.9=708, 99.99=875] 
2020-10-23 15:03:18:628 174 sec: 273770 operations; 1869 current ops/sec; est completion in 2 minutes [INSERT: Count=1868, Max=3935, Min=492, Avg=530.68, 90=558, 99=637, 99.9=1256, 99.99=3935] 
2020-10-23 15:03:19:628 175 sec: 275620 operations; 1850 current ops/sec; est completion in 2 minutes [INSERT: Count=1850, Max=6267, Min=488, Avg=536.47, 90=560, 99=645, 99.9=1603, 99.99=6267] 
2020-10-23 15:03:20:628 176 sec: 277459 operations; 1839 current ops/sec; est completion in 2 minutes [INSERT: Count=1839, Max=1796, Min=493, Avg=539.83, 90=569, 99=644, 99.9=1205, 99.99=1796] 
2020-10-23 15:03:21:628 177 sec: 279231 operations; 1772 current ops/sec; est completion in 2 minutes [INSERT: Count=1773, Max=32671, Min=499, Avg=560.11, 90=567, 99=643, 99.9=1740, 99.99=32671] 
2020-10-23 15:03:22:628 178 sec: 281057 operations; 1826 current ops/sec; est completion in 2 minutes [INSERT: Count=1825, Max=7723, Min=503, Avg=543.47, 90=564, 99=635, 99.9=795, 99.99=7723] 
2020-10-23 15:03:23:628 179 sec: 282926 operations; 1869 current ops/sec; est completion in 2 minutes [INSERT: Count=1869, Max=1702, Min=496, Avg=531.37, 90=560, 99=639, 99.9=717, 99.99=1702] 
2020-10-23 15:03:24:628 180 sec: 284789 operations; 1863 current ops/sec; est completion in 2 minutes [INSERT: Count=1863, Max=4819, Min=494, Avg=532.57, 90=557, 99=635, 99.9=767, 99.99=4819] 
2020-10-23 15:03:25:628 181 sec: 286155 operations; 1366 current ops/sec; est completion in 2 minutes [INSERT: Count=1366, Max=292351, Min=480, Avg=727.78, 90=536, 99=624, 99.9=2219, 99.99=292351] 
2020-10-23 15:03:26:628 182 sec: 288079 operations; 1924 current ops/sec; est completion in 2 minutes [INSERT: Count=1924, Max=2929, Min=475, Avg=515.7, 90=538, 99=633, 99.9=944, 99.99=2929] 
2020-10-23 15:03:27:628 183 sec: 290002 operations; 1923 current ops/sec; est completion in 2 minutes [INSERT: Count=1923, Max=10135, Min=473, Avg=515.86, 90=530, 99=625, 99.9=1444, 99.99=10135] 
2020-10-23 15:03:28:628 184 sec: 291952 operations; 1950 current ops/sec; est completion in 2 minutes [INSERT: Count=1950, Max=752, Min=478, Avg=509.04, 90=532, 99=621, 99.9=705, 99.99=752] 
2020-10-23 15:03:29:628 185 sec: 293901 operations; 1949 current ops/sec; est completion in 2 minutes [INSERT: Count=1949, Max=4659, Min=468, Avg=509.13, 90=531, 99=630, 99.9=750, 99.99=4659] 
2020-10-23 15:03:30:628 186 sec: 295835 operations; 1934 current ops/sec; est completion in 2 minutes [INSERT: Count=1934, Max=8199, Min=478, Avg=513.01, 90=532, 99=616, 99.9=752, 99.99=8199] 
2020-10-23 15:03:31:628 187 sec: 297772 operations; 1937 current ops/sec; est completion in 2 minutes [INSERT: Count=1937, Max=12063, Min=471, Avg=511.76, 90=524, 99=615, 99.9=755, 99.99=12063] 
2020-10-23 15:03:32:628 188 sec: 299691 operations; 1919 current ops/sec; est completion in 2 minutes [INSERT: Count=1919, Max=6507, Min=475, Avg=517.12, 90=535, 99=617, 99.9=790, 99.99=6507] 
2020-10-23 15:03:33:628 189 sec: 300000 operations; 309 current ops/sec; est completion in 2 minutes [INSERT: Count=309, Max=1862, Min=492, Avg=520.56, 90=546, 99=621, 99.9=1862, 99.99=1862] 
2020-10-23 15:03:34:628 190 sec: 300000 operations; 0 current ops/sec; est completion in 2 minutes [INSERT: Count=0, Max=0, Min=9223372036854775807, Avg=NaN, 90=0, 99=0, 99.9=0, 99.99=0] 
2020-10-23 15:03:35:628 191 sec: 300000 operations; 0 current ops/sec; est completion in 2 minutes [INSERT: Count=0, Max=0, Min=9223372036854775807, Avg=NaN, 90=0, 99=0, 99.9=0, 99.99=0] 
2020-10-23 15:03:36:628 192 sec: 300000 operations; 0 current ops/sec; est completion in 2 minutes [INSERT: Count=0, Max=0, Min=9223372036854775807, Avg=NaN, 90=0, 99=0, 99.9=0, 99.99=0] 
2020-10-23 15:03:37:628 193 sec: 300192 operations; 192 current ops/sec; est completion in 2 minutes [INSERT: Count=192, Max=4739071, Min=466, Avg=25187.16, 90=553, 99=986, 99.9=4739071, 99.99=4739071] 
2020-10-23 15:03:38:628 194 sec: 302107 operations; 1915 current ops/sec; est completion in 2 minutes [INSERT: Count=1915, Max=4551, Min=477, Avg=517.67, 90=546, 99=635, 99.9=1379, 99.99=4551] 
2020-10-23 15:03:39:628 195 sec: 304042 operations; 1935 current ops/sec; est completion in 2 minutes [INSERT: Count=1936, Max=3029, Min=477, Avg=512.82, 90=542, 99=621, 99.9=841, 99.99=3029] 
2020-10-23 15:03:40:628 196 sec: 305990 operations; 1948 current ops/sec; est completion in 2 minutes [INSERT: Count=1947, Max=1000, Min=471, Avg=509.45, 90=537, 99=614, 99.9=751, 99.99=1000] 
2020-10-23 15:03:41:628 197 sec: 307894 operations; 1904 current ops/sec; est completion in 2 minutes [INSERT: Count=1905, Max=4599, Min=471, Avg=521.11, 90=547, 99=663, 99.9=1571, 99.99=4599] 
2020-10-23 15:03:42:628 198 sec: 309691 operations; 1797 current ops/sec; est completion in 2 minutes [INSERT: Count=1796, Max=12639, Min=478, Avg=552.27, 90=635, 99=762, 99.9=962, 99.99=12639] 
2020-10-23 15:03:43:628 199 sec: 310845 operations; 1154 current ops/sec; est completion in 2 minutes [INSERT: Count=1154, Max=238335, Min=494, Avg=862.05, 90=672, 99=876, 99.9=30303, 99.99=238335] 
2020-10-23 15:03:44:628 200 sec: 312724 operations; 1879 current ops/sec; est completion in 2 minutes [INSERT: Count=1879, Max=3279, Min=489, Avg=528.13, 90=557, 99=828, 99.9=1092, 99.99=3279] 
2020-10-23 15:03:45:628 201 sec: 314602 operations; 1878 current ops/sec; est completion in 1 minute [INSERT: Count=1878, Max=11335, Min=491, Avg=528.51, 90=546, 99=626, 99.9=1010, 99.99=11335] 
2020-10-23 15:03:46:628 202 sec: 316444 operations; 1842 current ops/sec; est completion in 1 minute [INSERT: Count=1843, Max=8431, Min=495, Avg=538.96, 90=561, 99=649, 99.9=1739, 99.99=8431] 
2020-10-23 15:03:47:628 203 sec: 318312 operations; 1868 current ops/sec; est completion in 1 minute [INSERT: Count=1868, Max=754, Min=489, Avg=531.54, 90=554, 99=634, 99.9=728, 99.99=754] 
2020-10-23 15:03:48:628 204 sec: 320172 operations; 1860 current ops/sec; est completion in 1 minute [INSERT: Count=1860, Max=8551, Min=484, Avg=533.73, 90=554, 99=636, 99.9=763, 99.99=8551] 
2020-10-23 15:03:49:628 205 sec: 322035 operations; 1863 current ops/sec; est completion in 1 minute [INSERT: Count=1862, Max=980, Min=497, Avg=531.83, 90=556, 99=634, 99.9=860, 99.99=980] 
2020-10-23 15:03:50:628 206 sec: 323859 operations; 1824 current ops/sec; est completion in 1 minute [INSERT: Count=1824, Max=8983, Min=499, Avg=543.93, 90=560, 99=636, 99.9=3497, 99.99=8983] 
2020-10-23 15:03:51:628 207 sec: 325700 operations; 1841 current ops/sec; est completion in 1 minute [INSERT: Count=1841, Max=7931, Min=493, Avg=538.93, 90=555, 99=659, 99.9=2185, 99.99=7931] 
2020-10-23 15:03:52:628 208 sec: 327574 operations; 1874 current ops/sec; est completion in 1 minute [INSERT: Count=1874, Max=1882, Min=496, Avg=529.61, 90=562, 99=640, 99.9=962, 99.99=1882] 
2020-10-23 15:03:53:628 209 sec: 329422 operations; 1848 current ops/sec; est completion in 1 minute [INSERT: Count=1848, Max=9567, Min=497, Avg=536.75, 90=553, 99=638, 99.9=1639, 99.99=9567] 
2020-10-23 15:03:54:628 210 sec: 331270 operations; 1848 current ops/sec; est completion in 1 minute [INSERT: Count=1848, Max=2827, Min=507, Avg=537.33, 90=561, 99=635, 99.9=719, 99.99=2827] 
2020-10-23 15:03:55:628 211 sec: 333099 operations; 1829 current ops/sec; est completion in 1 minute [INSERT: Count=1829, Max=11079, Min=495, Avg=542.43, 90=559, 99=642, 99.9=1658, 99.99=11079] 
2020-10-23 15:03:56:628 212 sec: 334959 operations; 1860 current ops/sec; est completion in 1 minute [INSERT: Count=1861, Max=1631, Min=499, Avg=533.54, 90=564, 99=641, 99.9=1081, 99.99=1631] 
2020-10-23 15:03:57:628 213 sec: 336814 operations; 1855 current ops/sec; est completion in 1 minute [INSERT: Count=1854, Max=1424, Min=498, Avg=535.08, 90=562, 99=640, 99.9=814, 99.99=1424] 
2020-10-23 15:03:58:628 214 sec: 338176 operations; 1362 current ops/sec; est completion in 1 minute [INSERT: Count=1362, Max=267519, Min=496, Avg=730.32, 90=560, 99=651, 99.9=2383, 99.99=267519] 
2020-10-23 15:03:59:628 215 sec: 340013 operations; 1837 current ops/sec; est completion in 1 minute [INSERT: Count=1838, Max=20383, Min=490, Avg=540.35, 90=563, 99=634, 99.9=815, 99.99=20383] 
2020-10-23 15:04:00:664 216 sec: 341916 operations; 1903 current ops/sec; est completion in 1 minute [INSERT: Count=1903, Max=36447, Min=485, Avg=540.62, 90=545, 99=632, 99.9=698, 99.99=36447] 
2020-10-23 15:04:01:628 217 sec: 343779 operations; 1863 current ops/sec; est completion in 1 minute [INSERT: Count=1862, Max=786, Min=481, Avg=513.58, 90=534, 99=617, 99.9=726, 99.99=786] 
2020-10-23 15:04:02:628 218 sec: 345716 operations; 1937 current ops/sec; est completion in 1 minute [INSERT: Count=1938, Max=753, Min=477, Avg=512.29, 90=532, 99=616, 99.9=715, 99.99=753] 
2020-10-23 15:04:03:628 219 sec: 347660 operations; 1944 current ops/sec; est completion in 1 minute [INSERT: Count=1944, Max=700, Min=477, Avg=510.61, 90=533, 99=610, 99.9=674, 99.99=700] 
2020-10-23 15:04:04:628 220 sec: 349463 operations; 1803 current ops/sec; est completion in 1 minute [INSERT: Count=1802, Max=11175, Min=483, Avg=550.78, 90=558, 99=818, 99.9=9839, 99.99=11175] 
2020-10-23 15:04:05:628 221 sec: 351269 operations; 1806 current ops/sec; est completion in 1 minute [INSERT: Count=1807, Max=9791, Min=495, Avg=549.41, 90=556, 99=846, 99.9=8567, 99.99=9791] 
2020-10-23 15:04:06:628 222 sec: 353071 operations; 1802 current ops/sec; est completion in 1 minute [INSERT: Count=1801, Max=9239, Min=482, Avg=550.77, 90=560, 99=844, 99.9=7907, 99.99=9239] 
2020-10-23 15:04:07:628 223 sec: 354617 operations; 1546 current ops/sec; est completion in 1 minute [INSERT: Count=1546, Max=164479, Min=484, Avg=642.59, 90=557, 99=829, 99.9=6483, 99.99=164479] 
2020-10-23 15:04:08:628 224 sec: 356412 operations; 1795 current ops/sec; est completion in 1 minute [INSERT: Count=1795, Max=14255, Min=481, Avg=551.33, 90=560, 99=860, 99.9=7991, 99.99=14255] 
2020-10-23 15:04:09:628 225 sec: 358207 operations; 1795 current ops/sec; est completion in 1 minute [INSERT: Count=1795, Max=13599, Min=474, Avg=547.88, 90=559, 99=842, 99.9=9663, 99.99=13599] 
2020-10-23 15:04:10:628 226 sec: 360035 operations; 1828 current ops/sec; est completion in 1 minute [INSERT: Count=1828, Max=6879, Min=483, Avg=543.03, 90=563, 99=979, 99.9=6455, 99.99=6879] 
2020-10-23 15:04:11:628 227 sec: 361899 operations; 1864 current ops/sec; est completion in 1 minute [INSERT: Count=1864, Max=6175, Min=479, Avg=532.42, 90=561, 99=990, 99.9=1807, 99.99=6175] 
2020-10-23 15:04:12:628 228 sec: 363817 operations; 1918 current ops/sec; est completion in 1 minute [INSERT: Count=1918, Max=8991, Min=477, Avg=516.6, 90=535, 99=630, 99.9=1133, 99.99=8991] 
2020-10-23 15:04:13:628 229 sec: 365727 operations; 1910 current ops/sec; est completion in 1 minute [INSERT: Count=1910, Max=2179, Min=478, Avg=519.84, 90=542, 99=622, 99.9=675, 99.99=2179] 
2020-10-23 15:04:14:628 230 sec: 367374 operations; 1647 current ops/sec; est completion in 1 minute [INSERT: Count=1647, Max=152831, Min=479, Avg=602.9, 90=535, 99=612, 99.9=992, 99.99=152831] 
2020-10-23 15:04:15:628 231 sec: 369328 operations; 1954 current ops/sec; est completion in 1 minute [INSERT: Count=1954, Max=2821, Min=473, Avg=508.26, 90=527, 99=608, 99.9=668, 99.99=2821] 
2020-10-23 15:04:16:628 232 sec: 371154 operations; 1826 current ops/sec; est completion in 1 minute [INSERT: Count=1827, Max=14631, Min=474, Avg=543.45, 90=553, 99=830, 99.9=10767, 99.99=14631] 
2020-10-23 15:04:17:628 233 sec: 372999 operations; 1845 current ops/sec; est completion in 1 minute [INSERT: Count=1844, Max=11807, Min=485, Avg=537.75, 90=570, 99=860, 99.9=1627, 99.99=11807] 
2020-10-23 15:04:18:628 234 sec: 374942 operations; 1943 current ops/sec; est completion in 1 minute [INSERT: Count=1943, Max=2141, Min=475, Avg=510.72, 90=530, 99=624, 99.9=982, 99.99=2141] 
2020-10-23 15:04:19:628 235 sec: 376889 operations; 1947 current ops/sec; est completion in 1 minute [INSERT: Count=1947, Max=1470, Min=472, Avg=510.03, 90=533, 99=613, 99.9=939, 99.99=1470] 
2020-10-23 15:04:20:628 236 sec: 378836 operations; 1947 current ops/sec; est completion in 1 minute [INSERT: Count=1947, Max=1013, Min=479, Avg=509.79, 90=531, 99=606, 99.9=877, 99.99=1013] 
2020-10-23 15:04:21:628 237 sec: 380772 operations; 1936 current ops/sec; est completion in 1 minute [INSERT: Count=1936, Max=1597, Min=476, Avg=512.66, 90=534, 99=618, 99.9=913, 99.99=1597] 
2020-10-23 15:04:22:628 238 sec: 382707 operations; 1935 current ops/sec; est completion in 1 minute [INSERT: Count=1935, Max=3293, Min=472, Avg=512.75, 90=533, 99=628, 99.9=1767, 99.99=3293] 
2020-10-23 15:04:23:628 239 sec: 384625 operations; 1918 current ops/sec; est completion in 1 minute [INSERT: Count=1918, Max=2229, Min=487, Avg=517.56, 90=537, 99=615, 99.9=1076, 99.99=2229] 
2020-10-23 15:04:24:628 240 sec: 386562 operations; 1937 current ops/sec; est completion in 1 minute [INSERT: Count=1938, Max=7947, Min=475, Avg=512.05, 90=531, 99=615, 99.9=692, 99.99=7947] 
2020-10-23 15:04:25:628 241 sec: 388463 operations; 1901 current ops/sec; est completion in 1 minute [INSERT: Count=1900, Max=8631, Min=478, Avg=521.79, 90=535, 99=616, 99.9=709, 99.99=8631] 
2020-10-23 15:04:26:628 242 sec: 390309 operations; 1846 current ops/sec; est completion in 1 minute [INSERT: Count=1846, Max=7907, Min=482, Avg=537.54, 90=575, 99=978, 99.9=3851, 99.99=7907] 
2020-10-23 15:04:27:628 243 sec: 392251 operations; 1942 current ops/sec; est completion in 1 minute [INSERT: Count=1942, Max=4275, Min=477, Avg=510.55, 90=529, 99=616, 99.9=1575, 99.99=4275] 
2020-10-23 15:04:28:628 244 sec: 393913 operations; 1662 current ops/sec; est completion in 1 minute [INSERT: Count=1662, Max=141567, Min=476, Avg=597.17, 90=526, 99=596, 99.9=2515, 99.99=141567] 
2020-10-23 15:04:29:628 245 sec: 395820 operations; 1907 current ops/sec; est completion in 1 minute [INSERT: Count=1907, Max=10055, Min=476, Avg=520.36, 90=536, 99=638, 99.9=2781, 99.99=10055] 
2020-10-23 15:04:30:628 246 sec: 397741 operations; 1921 current ops/sec; est completion in 1 minute [INSERT: Count=1921, Max=1959, Min=474, Avg=516.66, 90=543, 99=629, 99.9=1281, 99.99=1959] 
2020-10-23 15:04:31:628 247 sec: 399669 operations; 1928 current ops/sec; est completion in 1 minute [INSERT: Count=1929, Max=3731, Min=477, Avg=514.87, 90=540, 99=620, 99.9=1303, 99.99=3731] 
2020-10-23 15:04:32:628 248 sec: 400000 operations; 331 current ops/sec; est completion in 1 minute [INSERT: Count=330, Max=1916, Min=487, Avg=523.38, 90=550, 99=703, 99.9=1916, 99.99=1916] 
2020-10-23 15:04:33:628 249 sec: 400000 operations; 0 current ops/sec; est completion in 1 minute [INSERT: Count=0, Max=0, Min=9223372036854775807, Avg=NaN, 90=0, 99=0, 99.9=0, 99.99=0] 
2020-10-23 15:04:34:628 250 sec: 400000 operations; 0 current ops/sec; est completion in 1 minute [INSERT: Count=0, Max=0, Min=9223372036854775807, Avg=NaN, 90=0, 99=0, 99.9=0, 99.99=0] 
2020-10-23 15:04:35:628 251 sec: 400000 operations; 0 current ops/sec; est completion in 1 minute [INSERT: Count=0, Max=0, Min=9223372036854775807, Avg=NaN, 90=0, 99=0, 99.9=0, 99.99=0] 
2020-10-23 15:04:36:628 252 sec: 400000 operations; 0 current ops/sec; est completion in 1 minute [INSERT: Count=0, Max=0, Min=9223372036854775807, Avg=NaN, 90=0, 99=0, 99.9=0, 99.99=0] 
2020-10-23 15:04:37:628 253 sec: 400404 operations; 404 current ops/sec; est completion in 1 minute [INSERT: Count=404, Max=5607423, Min=489, Avg=14411.63, 90=550, 99=815, 99.9=5607423, 99.99=5607423] 
2020-10-23 15:04:38:628 254 sec: 402266 operations; 1862 current ops/sec; est completion in 1 minute [INSERT: Count=1863, Max=2981, Min=494, Avg=533.06, 90=553, 99=645, 99.9=1263, 99.99=2981] 
2020-10-23 15:04:39:628 255 sec: 404106 operations; 1840 current ops/sec; est completion in 1 minute [INSERT: Count=1840, Max=7435, Min=493, Avg=539.57, 90=556, 99=640, 99.9=960, 99.99=7435] 
2020-10-23 15:04:40:628 256 sec: 405905 operations; 1799 current ops/sec; est completion in 1 minute [INSERT: Count=1799, Max=40607, Min=498, Avg=551.96, 90=546, 99=623, 99.9=664, 99.99=40607] 
2020-10-23 15:04:41:628 257 sec: 407729 operations; 1824 current ops/sec; est completion in 59 seconds [INSERT: Count=1824, Max=8391, Min=491, Avg=544.06, 90=562, 99=642, 99.9=4339, 99.99=8391] 
2020-10-23 15:04:42:629 258 sec: 409378 operations; 1649 current ops/sec; est completion in 58 seconds [INSERT: Count=1649, Max=12479, Min=498, Avg=602.66, 90=673, 99=813, 99.9=911, 99.99=12479] 
2020-10-23 15:04:43:628 259 sec: 411122 operations; 1744 current ops/sec; est completion in 56 seconds [INSERT: Count=1743, Max=5311, Min=491, Avg=568.91, 90=660, 99=767, 99.9=835, 99.99=5311] 
2020-10-23 15:04:44:628 260 sec: 412964 operations; 1842 current ops/sec; est completion in 55 seconds [INSERT: Count=1842, Max=1610, Min=497, Avg=539.05, 90=566, 99=642, 99.9=738, 99.99=1610] 
2020-10-23 15:04:45:628 261 sec: 414836 operations; 1872 current ops/sec; est completion in 54 seconds [INSERT: Count=1872, Max=2053, Min=495, Avg=530.17, 90=558, 99=636, 99.9=761, 99.99=2053] 
2020-10-23 15:04:46:628 262 sec: 416689 operations; 1853 current ops/sec; est completion in 53 seconds [INSERT: Count=1853, Max=10647, Min=493, Avg=535.91, 90=559, 99=637, 99.9=757, 99.99=10647] 
2020-10-23 15:04:47:628 263 sec: 418555 operations; 1866 current ops/sec; est completion in 52 seconds [INSERT: Count=1866, Max=1783, Min=497, Avg=532.32, 90=564, 99=662, 99.9=800, 99.99=1783] 
2020-10-23 15:04:48:628 264 sec: 419800 operations; 1245 current ops/sec; est completion in 51 seconds [INSERT: Count=1245, Max=226559, Min=496, Avg=798.91, 90=594, 99=674, 99.9=91071, 99.99=226559] 
2020-10-23 15:04:49:628 265 sec: 421648 operations; 1848 current ops/sec; est completion in 50 seconds [INSERT: Count=1848, Max=11079, Min=484, Avg=537.23, 90=558, 99=644, 99.9=885, 99.99=11079] 
2020-10-23 15:04:50:628 266 sec: 423520 operations; 1872 current ops/sec; est completion in 49 seconds [INSERT: Count=1873, Max=11903, Min=493, Avg=530.15, 90=550, 99=625, 99.9=909, 99.99=11903] 
2020-10-23 15:04:51:628 267 sec: 425398 operations; 1878 current ops/sec; est completion in 47 seconds [INSERT: Count=1877, Max=9919, Min=475, Avg=528.25, 90=545, 99=630, 99.9=840, 99.99=9919] 
2020-10-23 15:04:52:628 268 sec: 427286 operations; 1888 current ops/sec; est completion in 46 seconds [INSERT: Count=1888, Max=2165, Min=484, Avg=526.03, 90=551, 99=624, 99.9=726, 99.99=2165] 
2020-10-23 15:04:53:628 269 sec: 429215 operations; 1929 current ops/sec; est completion in 45 seconds [INSERT: Count=1929, Max=1880, Min=479, Avg=514.47, 90=535, 99=617, 99.9=696, 99.99=1880] 
2020-10-23 15:04:54:628 270 sec: 431130 operations; 1915 current ops/sec; est completion in 44 seconds [INSERT: Count=1916, Max=3783, Min=484, Avg=518.42, 90=535, 99=621, 99.9=1208, 99.99=3783] 
2020-10-23 15:04:55:628 271 sec: 433079 operations; 1949 current ops/sec; est completion in 42 seconds [INSERT: Count=1949, Max=5567, Min=474, Avg=509.09, 90=527, 99=624, 99.9=910, 99.99=5567] 
2020-10-23 15:04:56:628 272 sec: 435015 operations; 1936 current ops/sec; est completion in 41 seconds [INSERT: Count=1935, Max=3345, Min=479, Avg=512.52, 90=533, 99=612, 99.9=876, 99.99=3345] 
2020-10-23 15:04:57:628 273 sec: 436874 operations; 1859 current ops/sec; est completion in 40 seconds [INSERT: Count=1859, Max=12415, Min=476, Avg=533.83, 90=549, 99=663, 99.9=7471, 99.99=12415] 
2020-10-23 15:04:58:628 274 sec: 438693 operations; 1819 current ops/sec; est completion in 39 seconds [INSERT: Count=1819, Max=16495, Min=480, Avg=545.58, 90=568, 99=860, 99.9=2599, 99.99=16495] 
2020-10-23 15:04:59:628 275 sec: 440589 operations; 1896 current ops/sec; est completion in 38 seconds [INSERT: Count=1897, Max=4207, Min=475, Avg=523.37, 90=543, 99=828, 99.9=2041, 99.99=4207] 
2020-10-23 15:05:00:628 276 sec: 442515 operations; 1926 current ops/sec; est completion in 36 seconds [INSERT: Count=1925, Max=1182, Min=475, Avg=515.13, 90=537, 99=616, 99.9=805, 99.99=1182] 
2020-10-23 15:05:01:628 277 sec: 444441 operations; 1926 current ops/sec; est completion in 35 seconds [INSERT: Count=1927, Max=1421, Min=484, Avg=515.39, 90=534, 99=613, 99.9=805, 99.99=1421] 
2020-10-23 15:05:02:628 278 sec: 446368 operations; 1927 current ops/sec; est completion in 34 seconds [INSERT: Count=1926, Max=1284, Min=485, Avg=515.14, 90=536, 99=615, 99.9=1047, 99.99=1284] 
2020-10-23 15:05:03:628 279 sec: 447963 operations; 1595 current ops/sec; est completion in 33 seconds [INSERT: Count=1595, Max=134399, Min=473, Avg=622.94, 90=547, 99=813, 99.9=9551, 99.99=134399] 
2020-10-23 15:05:04:628 280 sec: 449777 operations; 1814 current ops/sec; est completion in 32 seconds [INSERT: Count=1814, Max=10351, Min=472, Avg=547.07, 90=572, 99=853, 99.9=6967, 99.99=10351] 
2020-10-23 15:05:05:628 281 sec: 451531 operations; 1754 current ops/sec; est completion in 31 seconds [INSERT: Count=1754, Max=11247, Min=477, Avg=565.47, 90=591, 99=987, 99.9=7251, 99.99=11247] 
2020-10-23 15:05:06:628 282 sec: 453301 operations; 1770 current ops/sec; est completion in 30 seconds [INSERT: Count=1770, Max=11599, Min=481, Avg=561.24, 90=582, 99=952, 99.9=10975, 99.99=11599] 
2020-10-23 15:05:07:628 283 sec: 454852 operations; 1551 current ops/sec; est completion in 29 seconds [INSERT: Count=1551, Max=117183, Min=483, Avg=640.48, 90=570, 99=961, 99.9=11055, 99.99=117183] 
2020-10-23 15:05:08:628 284 sec: 456621 operations; 1769 current ops/sec; est completion in 27 seconds [INSERT: Count=1769, Max=11935, Min=473, Avg=561.02, 90=572, 99=1147, 99.9=8127, 99.99=11935] 
2020-10-23 15:05:09:628 285 sec: 458400 operations; 1779 current ops/sec; est completion in 26 seconds [INSERT: Count=1779, Max=10079, Min=477, Avg=557.96, 90=570, 99=1113, 99.9=6939, 99.99=10079] 
2020-10-23 15:05:10:628 286 sec: 460170 operations; 1770 current ops/sec; est completion in 25 seconds [INSERT: Count=1771, Max=10559, Min=477, Avg=561.08, 90=583, 99=1107, 99.9=6907, 99.99=10559] 
2020-10-23 15:05:11:628 287 sec: 461913 operations; 1743 current ops/sec; est completion in 24 seconds [INSERT: Count=1742, Max=16959, Min=480, Avg=569.15, 90=575, 99=1096, 99.9=7751, 99.99=16959] 
2020-10-23 15:05:12:628 288 sec: 463696 operations; 1783 current ops/sec; est completion in 23 seconds [INSERT: Count=1784, Max=6719, Min=483, Avg=556.91, 90=578, 99=1104, 99.9=6423, 99.99=6719] 
2020-10-23 15:05:13:628 289 sec: 465488 operations; 1792 current ops/sec; est completion in 22 seconds [INSERT: Count=1791, Max=9951, Min=484, Avg=553.88, 90=582, 99=1083, 99.9=6835, 99.99=9951] 
2020-10-23 15:05:14:628 290 sec: 467319 operations; 1831 current ops/sec; est completion in 21 seconds [INSERT: Count=1831, Max=6303, Min=484, Avg=541.88, 90=572, 99=1053, 99.9=3371, 99.99=6303] 
2020-10-23 15:05:15:628 291 sec: 469100 operations; 1781 current ops/sec; est completion in 20 seconds [INSERT: Count=1782, Max=32655, Min=480, Avg=554.41, 90=558, 99=872, 99.9=2095, 99.99=32655] 
2020-10-23 15:05:16:628 292 sec: 470975 operations; 1875 current ops/sec; est completion in 18 seconds [INSERT: Count=1876, Max=6331, Min=488, Avg=529.6, 90=552, 99=623, 99.9=948, 99.99=6331] 
2020-10-23 15:05:17:628 293 sec: 472902 operations; 1927 current ops/sec; est completion in 17 seconds [INSERT: Count=1925, Max=827, Min=478, Avg=514.9, 90=543, 99=620, 99.9=720, 99.99=827] 
2020-10-23 15:05:18:628 294 sec: 474476 operations; 1574 current ops/sec; est completion in 16 seconds [INSERT: Count=1574, Max=166655, Min=483, Avg=631.18, 90=551, 99=635, 99.9=1347, 99.99=166655] 
2020-10-23 15:05:19:628 295 sec: 476300 operations; 1824 current ops/sec; est completion in 15 seconds [INSERT: Count=1824, Max=2119, Min=509, Avg=544.21, 90=574, 99=651, 99.9=788, 99.99=2119] 
2020-10-23 15:05:20:628 296 sec: 478167 operations; 1867 current ops/sec; est completion in 14 seconds [INSERT: Count=1867, Max=8399, Min=493, Avg=531.69, 90=553, 99=634, 99.9=738, 99.99=8399] 
2020-10-23 15:05:21:628 297 sec: 480040 operations; 1873 current ops/sec; est completion in 13 seconds [INSERT: Count=1873, Max=8519, Min=492, Avg=530.11, 90=550, 99=619, 99.9=659, 99.99=8519] 
2020-10-23 15:05:22:628 298 sec: 481923 operations; 1883 current ops/sec; est completion in 12 seconds [INSERT: Count=1883, Max=2077, Min=498, Avg=527.02, 90=552, 99=627, 99.9=679, 99.99=2077] 
2020-10-23 15:05:23:628 299 sec: 483810 operations; 1887 current ops/sec; est completion in 11 seconds [INSERT: Count=1887, Max=1386, Min=495, Avg=526.28, 90=550, 99=619, 99.9=684, 99.99=1386] 
2020-10-23 15:05:24:628 300 sec: 485677 operations; 1867 current ops/sec; est completion in 9 second [INSERT: Count=1868, Max=8839, Min=492, Avg=531.46, 90=551, 99=635, 99.9=835, 99.99=8839] 
2020-10-23 15:05:25:628 301 sec: 487523 operations; 1846 current ops/sec; est completion in 8 second [INSERT: Count=1845, Max=839, Min=507, Avg=538.14, 90=564, 99=640, 99.9=739, 99.99=839] 
2020-10-23 15:05:26:628 302 sec: 489374 operations; 1851 current ops/sec; est completion in 7 second [INSERT: Count=1851, Max=1556, Min=497, Avg=536.63, 90=561, 99=644, 99.9=799, 99.99=1556] 
2020-10-23 15:05:27:628 303 sec: 491254 operations; 1880 current ops/sec; est completion in 6 second [INSERT: Count=1881, Max=6543, Min=486, Avg=527.87, 90=549, 99=626, 99.9=857, 99.99=6543] 
2020-10-23 15:05:28:628 304 sec: 493123 operations; 1869 current ops/sec; est completion in 5 second [INSERT: Count=1868, Max=5923, Min=486, Avg=531.24, 90=554, 99=624, 99.9=923, 99.99=5923] 
2020-10-23 15:05:29:628 305 sec: 494920 operations; 1797 current ops/sec; est completion in 4 second [INSERT: Count=1798, Max=15279, Min=488, Avg=552.14, 90=577, 99=706, 99.9=5295, 99.99=15279] 
2020-10-23 15:05:30:628 306 sec: 496537 operations; 1617 current ops/sec; est completion in 3 second [INSERT: Count=1616, Max=82623, Min=496, Avg=614.2, 90=622, 99=889, 99.9=6655, 99.99=82623] 
2020-10-23 15:05:31:628 307 sec: 498316 operations; 1779 current ops/sec; est completion in 2 second [INSERT: Count=1779, Max=8967, Min=500, Avg=557.97, 90=578, 99=879, 99.9=4339, 99.99=8967] 
2020-10-23 15:05:32:556 307 sec: 500000 operations; 1814.66 current ops/sec; [CLEANUP: Count=1, Max=7, Min=7, Avg=7, 90=7, 99=7, 99.9=7, 99.99=7] [INSERT: Count=1684, Max=8847, Min=506, Avg=546.6, 90=569, 99=643, 99.9=1505, 99.99=8847] 
[OVERALL], RunTime(ms), 307930
[OVERALL], Throughput(ops/sec), 1623.745656480369
[TOTAL_GCS_G1_Young_Generation], Count, 15
[TOTAL_GC_TIME_G1_Young_Generation], Time(ms), 436
[TOTAL_GC_TIME_%_G1_Young_Generation], Time(%), 0.14159062124508817
[TOTAL_GCS_G1_Old_Generation], Count, 0
[TOTAL_GC_TIME_G1_Old_Generation], Time(ms), 0
[TOTAL_GC_TIME_%_G1_Old_Generation], Time(%), 0.0
[TOTAL_GCs], Count, 15
[TOTAL_GC_TIME], Time(ms), 436
[TOTAL_GC_TIME_%], Time(%), 0.14159062124508817
[CLEANUP], Operations, 1
[CLEANUP], AverageLatency(us), 7.0
[CLEANUP], MinLatency(us), 7
[CLEANUP], MaxLatency(us), 7
[CLEANUP], 95thPercentileLatency(us), 7
[CLEANUP], 99thPercentileLatency(us), 7
[INSERT], Operations, 500000
[INSERT], AverageLatency(us), 610.968336
[INSERT], MinLatency(us), 466
[INSERT], MaxLatency(us), 5607423
[INSERT], 95thPercentileLatency(us), 647
[INSERT], 99thPercentileLatency(us), 907
[INSERT], Return=OK, 500000
