Command line: -load -s -db smarttrie.app.client.Client -P config/workload
YCSB Client 0.17.0

Loading workload...
Starting test.
DBWrapper: report latency for each error is false and specific error codes to track for latency are: []
2020-10-17 14:22:36:033 0 sec: 0 operations; est completion in 0 second 
2020-10-17 14:22:36:964 1 sec: 0 operations; est completion in 106751991167300 days 15 hours 
2020-10-17 14:22:36.967 [Thread-2] INFO  b.c.c.n.NettyClientServerCommunicationSystemClientSide - Connecting to replica 0 at /192.168.3.91:11000
2020-10-17 14:22:36.988 [nioEventLoopGroup-2-1] INFO  b.c.c.n.NettyClientServerCommunicationSystemClientSide - Channel active
2020-10-17 14:22:37:964 2 sec: 371 operations; 371.37 current ops/sec; est completion in 44 minutes [INSERT: Count=374, Max=1202175, Min=1263, Avg=5245.23, 90=3015, 99=5795, 99.9=1202175, 99.99=1202175] 
2020-10-17 14:22:38:964 3 sec: 1558 operations; 1187 current ops/sec; est completion in 16 minutes [INSERT: Count=1185, Max=7459, Min=675, Avg=823.55, 90=1160, 99=1532, 99.9=2941, 99.99=7459] 
2020-10-17 14:22:39:964 4 sec: 2963 operations; 1405 current ops/sec; est completion in 11 minutes [INSERT: Count=1406, Max=26687, Min=598, Avg=699.21, 90=732, 99=862, 99.9=1854, 99.99=26687] 
2020-10-17 14:22:40:964 5 sec: 4486 operations; 1521.48 current ops/sec; est completion in 9 minutes [INSERT: Count=1522, Max=1613, Min=529, Avg=644.42, 90=713, 99=853, 99.9=1225, 99.99=1613] 
2020-10-17 14:22:41:964 6 sec: 6149 operations; 1664.66 current ops/sec; est completion in 8 minutes [INSERT: Count=1664, Max=1710, Min=500, Avg=589.86, 90=644, 99=828, 99.9=1537, 99.99=1710] 
2020-10-17 14:22:42:964 7 sec: 7889 operations; 1738.26 current ops/sec; est completion in 7 minutes [INSERT: Count=1741, Max=37183, Min=415, Avg=567.45, 90=628, 99=766, 99.9=1682, 99.99=37183] 
2020-10-17 14:22:43:964 8 sec: 10140 operations; 2251 current ops/sec; est completion in 6 minutes [INSERT: Count=2249, Max=980, Min=402, Avg=441.46, 90=476, 99=568, 99.9=709, 99.99=980] 
2020-10-17 14:22:44:964 9 sec: 12334 operations; 2194 current ops/sec; est completion in 5 minutes [INSERT: Count=2195, Max=21663, Min=403, Avg=452.15, 90=479, 99=552, 99.9=911, 99.99=21663] 
2020-10-17 14:22:45:964 10 sec: 14608 operations; 2276.28 current ops/sec; est completion in 5 minutes [INSERT: Count=2273, Max=806, Min=403, Avg=436.93, 90=468, 99=531, 99.9=644, 99.99=806] 
2020-10-17 14:22:46:964 11 sec: 16797 operations; 2189 current ops/sec; est completion in 5 minutes [INSERT: Count=2190, Max=27663, Min=400, Avg=453.11, 90=474, 99=533, 99.9=609, 99.99=27663] 
2020-10-17 14:22:47:964 12 sec: 19083 operations; 2286 current ops/sec; est completion in 5 minutes [INSERT: Count=2285, Max=4623, Min=400, Avg=434.13, 90=459, 99=522, 99.9=655, 99.99=4623] 
2020-10-17 14:22:48:964 13 sec: 21387 operations; 2304 current ops/sec; est completion in 4 minutes [INSERT: Count=2304, Max=594, Min=398, Avg=431.49, 90=458, 99=513, 99.9=548, 99.99=594] 
2020-10-17 14:22:49:964 14 sec: 23607 operations; 2220 current ops/sec; est completion in 4 minutes [INSERT: Count=2221, Max=597, Min=402, Avg=447.72, 90=479, 99=533, 99.9=583, 99.99=597] 
2020-10-17 14:22:50:964 15 sec: 25797 operations; 2190 current ops/sec; est completion in 4 minutes [INSERT: Count=2190, Max=4099, Min=417, Avg=453.26, 90=481, 99=535, 99.9=612, 99.99=4099] 
2020-10-17 14:22:51:993 16 sec: 27979 operations; 2120.51 current ops/sec; est completion in 4 minutes [INSERT: Count=2181, Max=34815, Min=414, Avg=468.92, 90=488, 99=535, 99.9=582, 99.99=34815] 
2020-10-17 14:22:52:964 17 sec: 30212 operations; 2299.69 current ops/sec; est completion in 4 minutes [INSERT: Count=2234, Max=969, Min=400, Avg=431.83, 90=459, 99=520, 99.9=595, 99.99=969] 
2020-10-17 14:22:53:964 18 sec: 32548 operations; 2336 current ops/sec; est completion in 4 minutes [INSERT: Count=2335, Max=1131, Min=395, Avg=425.68, 90=449, 99=506, 99.9=591, 99.99=1131] 
2020-10-17 14:22:54:964 19 sec: 34904 operations; 2356 current ops/sec; est completion in 4 minutes [INSERT: Count=2356, Max=690, Min=394, Avg=421.94, 90=442, 99=506, 99.9=558, 99.99=690] 
2020-10-17 14:22:55:964 20 sec: 37249 operations; 2345 current ops/sec; est completion in 4 minutes [INSERT: Count=2346, Max=6011, Min=392, Avg=423.4, 90=440, 99=502, 99.9=703, 99.99=6011] 
2020-10-17 14:22:56:964 21 sec: 39588 operations; 2339 current ops/sec; est completion in 4 minutes [INSERT: Count=2338, Max=5531, Min=391, Avg=424.14, 90=442, 99=498, 99.9=815, 99.99=5531] 
2020-10-17 14:22:57:964 22 sec: 41850 operations; 2262 current ops/sec; est completion in 4 minutes [INSERT: Count=2263, Max=2803, Min=394, Avg=438.86, 90=468, 99=532, 99.9=661, 99.99=2803] 
2020-10-17 14:22:58:964 23 sec: 44094 operations; 2244 current ops/sec; est completion in 3 minutes [INSERT: Count=2244, Max=5755, Min=403, Avg=442.47, 90=469, 99=525, 99.9=601, 99.99=5755] 
2020-10-17 14:22:59:964 24 sec: 46356 operations; 2262 current ops/sec; est completion in 3 minutes [INSERT: Count=2261, Max=591, Min=405, Avg=439.33, 90=466, 99=523, 99.9=583, 99.99=591] 
2020-10-17 14:23:00:964 25 sec: 48582 operations; 2226 current ops/sec; est completion in 3 minutes [INSERT: Count=2226, Max=2871, Min=405, Avg=446.09, 90=472, 99=647, 99.9=1175, 99.99=2871] 
2020-10-17 14:23:01:964 26 sec: 50771 operations; 2189 current ops/sec; est completion in 3 minutes [INSERT: Count=2189, Max=6107, Min=406, Avg=453.65, 90=478, 99=1042, 99.9=1104, 99.99=6107] 
2020-10-17 14:23:02:964 27 sec: 52921 operations; 2150 current ops/sec; est completion in 3 minutes [INSERT: Count=2151, Max=26159, Min=391, Avg=461.99, 90=477, 99=1033, 99.9=1104, 99.99=26159] 
2020-10-17 14:23:03:964 28 sec: 55169 operations; 2248 current ops/sec; est completion in 3 minutes [INSERT: Count=2246, Max=3103, Min=393, Avg=441.07, 90=464, 99=1040, 99.9=1525, 99.99=3103] 
2020-10-17 14:23:04:964 29 sec: 57403 operations; 2234 current ops/sec; est completion in 3 minutes [INSERT: Count=2235, Max=6195, Min=392, Avg=445.72, 90=470, 99=1036, 99.9=1118, 99.99=6195] 
2020-10-17 14:23:05:964 30 sec: 59667 operations; 2264 current ops/sec; est completion in 3 minutes [INSERT: Count=2265, Max=1618, Min=391, Avg=439.1, 90=461, 99=1035, 99.9=1088, 99.99=1618] 
2020-10-17 14:23:06:964 31 sec: 61949 operations; 2282 current ops/sec; est completion in 3 minutes [INSERT: Count=2282, Max=1099, Min=391, Avg=435.91, 90=456, 99=1022, 99.9=1080, 99.99=1099] 
2020-10-17 14:23:07:964 32 sec: 64257 operations; 2308 current ops/sec; est completion in 3 minutes [INSERT: Count=2308, Max=1126, Min=391, Avg=431.25, 90=447, 99=1017, 99.9=1102, 99.99=1126] 
2020-10-17 14:23:08:964 33 sec: 66552 operations; 2295 current ops/sec; est completion in 3 minutes [INSERT: Count=2295, Max=1100, Min=387, Avg=433.94, 90=457, 99=1010, 99.9=1074, 99.99=1100] 
2020-10-17 14:23:09:964 34 sec: 68851 operations; 2299 current ops/sec; est completion in 3 minutes [INSERT: Count=2298, Max=1096, Min=387, Avg=432.89, 90=450, 99=1021, 99.9=1072, 99.99=1096] 
2020-10-17 14:23:10:964 35 sec: 71145 operations; 2294 current ops/sec; est completion in 3 minutes [INSERT: Count=2294, Max=3185, Min=389, Avg=433.6, 90=451, 99=1022, 99.9=1069, 99.99=3185] 
2020-10-17 14:23:11:964 36 sec: 73440 operations; 2295 current ops/sec; est completion in 3 minutes [INSERT: Count=2295, Max=2817, Min=388, Avg=433.34, 90=451, 99=1019, 99.9=1198, 99.99=2817] 
2020-10-17 14:23:12:964 37 sec: 75742 operations; 2302 current ops/sec; est completion in 3 minutes [INSERT: Count=2303, Max=1094, Min=389, Avg=432.19, 90=454, 99=1011, 99.9=1065, 99.99=1094] 
2020-10-17 14:23:13:964 38 sec: 77931 operations; 2189 current ops/sec; est completion in 3 minutes [INSERT: Count=2189, Max=8991, Min=398, Avg=454.26, 90=477, 99=1034, 99.9=1237, 99.99=8991] 
2020-10-17 14:23:14:964 39 sec: 80130 operations; 2199 current ops/sec; est completion in 3 minutes [INSERT: Count=2198, Max=6551, Min=401, Avg=452.01, 90=474, 99=1032, 99.9=1073, 99.99=6551] 
2020-10-17 14:23:15:964 40 sec: 82322 operations; 2192 current ops/sec; est completion in 3 minutes [INSERT: Count=2192, Max=1628, Min=398, Avg=454.04, 90=476, 99=1053, 99.9=1140, 99.99=1628] 
2020-10-17 14:23:16:964 41 sec: 84507 operations; 2185 current ops/sec; est completion in 3 minutes [INSERT: Count=2185, Max=29743, Min=392, Avg=455.24, 90=459, 99=1029, 99.9=3015, 99.99=29743] 
2020-10-17 14:23:17:964 42 sec: 86802 operations; 2295 current ops/sec; est completion in 3 minutes [INSERT: Count=2294, Max=1157, Min=393, Avg=433.59, 90=452, 99=1015, 99.9=1069, 99.99=1157] 
2020-10-17 14:23:18:964 43 sec: 89104 operations; 2302 current ops/sec; est completion in 3 minutes [INSERT: Count=2303, Max=1091, Min=391, Avg=432.52, 90=450, 99=1016, 99.9=1081, 99.99=1091] 
2020-10-17 14:23:19:964 44 sec: 91404 operations; 2300 current ops/sec; est completion in 3 minutes [INSERT: Count=2300, Max=1153, Min=393, Avg=432.7, 90=448, 99=1015, 99.9=1054, 99.99=1153] 
2020-10-17 14:23:20:964 45 sec: 93658 operations; 2254 current ops/sec; est completion in 3 minutes [INSERT: Count=2254, Max=1115, Min=394, Avg=441.6, 90=467, 99=1024, 99.9=1077, 99.99=1115] 
2020-10-17 14:23:21:964 46 sec: 95837 operations; 2179 current ops/sec; est completion in 3 minutes [INSERT: Count=2179, Max=9399, Min=402, Avg=456.22, 90=483, 99=1033, 99.9=1101, 99.99=9399] 
2020-10-17 14:23:22:964 47 sec: 98057 operations; 2220 current ops/sec; est completion in 3 minutes [INSERT: Count=2221, Max=11311, Min=399, Avg=447.84, 90=463, 99=1028, 99.9=1210, 99.99=11311] 
2020-10-17 14:23:23:964 48 sec: 100000 operations; 1943 current ops/sec; est completion in 3 minutes [INSERT: Count=1941, Max=1129, Min=400, Avg=444.99, 90=466, 99=1027, 99.9=1070, 99.99=1129] 
2020-10-17 14:23:24:964 49 sec: 100000 operations; 0 current ops/sec; est completion in 3 minutes [INSERT: Count=0, Max=0, Min=9223372036854775807, Avg=NaN, 90=0, 99=0, 99.9=0, 99.99=0] 
2020-10-17 14:23:25:964 50 sec: 100000 operations; 0 current ops/sec; est completion in 3 minutes [INSERT: Count=0, Max=0, Min=9223372036854775807, Avg=NaN, 90=0, 99=0, 99.9=0, 99.99=0] 
2020-10-17 14:23:26:964 51 sec: 100475 operations; 475 current ops/sec; est completion in 3 minutes [INSERT: Count=477, Max=2895871, Min=412, Avg=6560.46, 90=523, 99=1154, 99.9=2895871, 99.99=2895871] 
2020-10-17 14:23:27:964 52 sec: 102697 operations; 2222 current ops/sec; est completion in 3 minutes [INSERT: Count=2222, Max=1264, Min=401, Avg=447.66, 90=470, 99=1035, 99.9=1108, 99.99=1264] 
2020-10-17 14:23:28:964 53 sec: 104933 operations; 2236 current ops/sec; est completion in 3 minutes [INSERT: Count=2235, Max=1590, Min=400, Avg=444.97, 90=466, 99=1023, 99.9=1086, 99.99=1590] 
2020-10-17 14:23:29:964 54 sec: 107160 operations; 2227 current ops/sec; est completion in 3 minutes [INSERT: Count=2227, Max=5459, Min=392, Avg=446.59, 90=467, 99=1032, 99.9=1110, 99.99=5459] 
2020-10-17 14:23:30:964 55 sec: 109468 operations; 2308 current ops/sec; est completion in 3 minutes [INSERT: Count=2308, Max=1069, Min=388, Avg=431.22, 90=448, 99=1012, 99.9=1059, 99.99=1069] 
2020-10-17 14:23:31:964 56 sec: 111756 operations; 2288 current ops/sec; est completion in 3 minutes [INSERT: Count=2288, Max=3803, Min=387, Avg=434.54, 90=454, 99=1021, 99.9=1164, 99.99=3803] 
2020-10-17 14:23:32:964 57 sec: 114064 operations; 2308 current ops/sec; est completion in 3 minutes [INSERT: Count=2307, Max=1084, Min=387, Avg=431.41, 90=450, 99=1018, 99.9=1071, 99.99=1084] 
2020-10-17 14:23:33:964 58 sec: 116276 operations; 2212 current ops/sec; est completion in 3 minutes [INSERT: Count=2213, Max=5363, Min=398, Avg=449.73, 90=470, 99=1031, 99.9=1811, 99.99=5363] 
2020-10-17 14:23:34:964 59 sec: 118504 operations; 2228 current ops/sec; est completion in 3 minutes [INSERT: Count=2227, Max=4599, Min=398, Avg=446.58, 90=466, 99=1033, 99.9=1091, 99.99=4599] 
2020-10-17 14:23:35:964 60 sec: 120693 operations; 2189 current ops/sec; est completion in 3 minutes [INSERT: Count=2190, Max=25391, Min=394, Avg=454.34, 90=460, 99=1035, 99.9=1236, 99.99=25391] 
2020-10-17 14:23:36:964 61 sec: 122940 operations; 2247 current ops/sec; est completion in 3 minutes [INSERT: Count=2247, Max=2893, Min=396, Avg=442.75, 90=464, 99=1033, 99.9=1189, 99.99=2893] 
2020-10-17 14:23:37:964 62 sec: 125151 operations; 2211 current ops/sec; est completion in 3 minutes [INSERT: Count=2210, Max=1450, Min=395, Avg=450.16, 90=476, 99=1055, 99.9=1146, 99.99=1450] 
2020-10-17 14:23:38:964 63 sec: 127356 operations; 2205 current ops/sec; est completion in 3 minutes [INSERT: Count=2206, Max=1082, Min=400, Avg=451.24, 90=482, 99=1030, 99.9=1079, 99.99=1082] 
2020-10-17 14:23:39:964 64 sec: 129594 operations; 2238 current ops/sec; est completion in 3 minutes [INSERT: Count=2238, Max=2291, Min=387, Avg=444.6, 90=471, 99=1020, 99.9=1135, 99.99=2291] 
2020-10-17 14:23:40:964 65 sec: 131881 operations; 2287 current ops/sec; est completion in 3 minutes [INSERT: Count=2286, Max=16295, Min=386, Avg=435.33, 90=447, 99=1018, 99.9=1101, 99.99=16295] 
2020-10-17 14:23:41:964 66 sec: 134141 operations; 2260 current ops/sec; est completion in 3 minutes [INSERT: Count=2260, Max=1686, Min=385, Avg=440.6, 90=469, 99=1038, 99.9=1213, 99.99=1686] 
2020-10-17 14:23:42:964 67 sec: 136387 operations; 2246 current ops/sec; est completion in 2 minutes [INSERT: Count=2247, Max=1109, Min=390, Avg=443.35, 90=472, 99=1024, 99.9=1082, 99.99=1109] 
2020-10-17 14:23:43:964 68 sec: 138704 operations; 2317 current ops/sec; est completion in 2 minutes [INSERT: Count=2317, Max=1950, Min=386, Avg=429.71, 90=446, 99=1013, 99.9=1169, 99.99=1950] 
2020-10-17 14:23:44:964 69 sec: 140989 operations; 2285 current ops/sec; est completion in 2 minutes [INSERT: Count=2284, Max=13647, Min=389, Avg=435.66, 90=443, 99=1016, 99.9=1663, 99.99=13647] 
2020-10-17 14:23:45:964 70 sec: 143315 operations; 2326 current ops/sec; est completion in 2 minutes [INSERT: Count=2326, Max=3093, Min=386, Avg=427.92, 90=442, 99=1002, 99.9=1066, 99.99=3093] 
2020-10-17 14:23:46:964 71 sec: 145631 operations; 2316 current ops/sec; est completion in 2 minutes [INSERT: Count=2317, Max=1288, Min=387, Avg=429.8, 90=445, 99=1010, 99.9=1071, 99.99=1288] 
2020-10-17 14:23:47:964 72 sec: 147895 operations; 2264 current ops/sec; est completion in 2 minutes [INSERT: Count=2263, Max=16383, Min=388, Avg=439.86, 90=448, 99=1016, 99.9=1217, 99.99=16383] 
2020-10-17 14:23:48:964 73 sec: 150229 operations; 2334 current ops/sec; est completion in 2 minutes [INSERT: Count=2335, Max=1103, Min=387, Avg=426.45, 90=442, 99=1011, 99.9=1072, 99.99=1103] 
2020-10-17 14:23:49:964 74 sec: 152550 operations; 2321 current ops/sec; est completion in 2 minutes [INSERT: Count=2320, Max=2739, Min=387, Avg=428.95, 90=443, 99=1011, 99.9=1081, 99.99=2739] 
2020-10-17 14:23:50:964 75 sec: 154878 operations; 2328 current ops/sec; est completion in 2 minutes [INSERT: Count=2329, Max=1070, Min=390, Avg=427.62, 90=443, 99=1004, 99.9=1066, 99.99=1070] 
2020-10-17 14:23:51:964 76 sec: 157099 operations; 2221 current ops/sec; est completion in 2 minutes [INSERT: Count=2220, Max=12287, Min=390, Avg=448.22, 90=467, 99=1020, 99.9=1186, 99.99=12287] 
2020-10-17 14:23:52:964 77 sec: 159310 operations; 2211 current ops/sec; est completion in 2 minutes [INSERT: Count=2212, Max=1701, Min=400, Avg=450.06, 90=471, 99=1028, 99.9=1114, 99.99=1701] 
2020-10-17 14:23:53:964 78 sec: 161524 operations; 2214 current ops/sec; est completion in 2 minutes [INSERT: Count=2214, Max=1181, Min=401, Avg=449.6, 90=472, 99=1022, 99.9=1104, 99.99=1181] 
2020-10-17 14:23:54:964 79 sec: 163753 operations; 2229 current ops/sec; est completion in 2 minutes [INSERT: Count=2230, Max=1082, Min=401, Avg=446.52, 90=468, 99=1024, 99.9=1073, 99.99=1082] 
2020-10-17 14:23:55:964 80 sec: 165941 operations; 2188 current ops/sec; est completion in 2 minutes [INSERT: Count=2186, Max=5423, Min=407, Avg=454.64, 90=474, 99=1044, 99.9=1207, 99.99=5423] 
2020-10-17 14:23:56:964 81 sec: 168155 operations; 2214 current ops/sec; est completion in 2 minutes [INSERT: Count=2215, Max=1423, Min=406, Avg=449.44, 90=471, 99=1020, 99.9=1084, 99.99=1423] 
2020-10-17 14:23:57:964 82 sec: 170363 operations; 2208 current ops/sec; est completion in 2 minutes [INSERT: Count=2207, Max=1210, Min=410, Avg=450.97, 90=474, 99=1025, 99.9=1078, 99.99=1210] 
2020-10-17 14:23:58:964 83 sec: 172445 operations; 2082 current ops/sec; est completion in 2 minutes [INSERT: Count=2082, Max=29423, Min=396, Avg=477.94, 90=468, 99=1027, 99.9=15847, 99.99=29423] 
2020-10-17 14:23:59:964 84 sec: 174761 operations; 2316 current ops/sec; est completion in 2 minutes [INSERT: Count=2316, Max=1245, Min=396, Avg=429.92, 90=444, 99=1011, 99.9=1060, 99.99=1245] 
2020-10-17 14:24:00:964 85 sec: 177077 operations; 2316 current ops/sec; est completion in 2 minutes [INSERT: Count=2317, Max=1067, Min=389, Avg=429.83, 90=445, 99=1008, 99.9=1046, 99.99=1067] 
2020-10-17 14:24:01:964 86 sec: 179401 operations; 2324 current ops/sec; est completion in 2 minutes [INSERT: Count=2324, Max=1200, Min=389, Avg=428.51, 90=443, 99=1014, 99.9=1066, 99.99=1200] 
2020-10-17 14:24:02:964 87 sec: 181654 operations; 2253 current ops/sec; est completion in 2 minutes [INSERT: Count=2253, Max=7451, Min=398, Avg=441.56, 90=457, 99=1011, 99.9=1076, 99.99=7451] 
2020-10-17 14:24:03:964 88 sec: 183910 operations; 2256 current ops/sec; est completion in 2 minutes [INSERT: Count=2256, Max=1146, Min=399, Avg=441.12, 90=459, 99=1019, 99.9=1059, 99.99=1146] 
2020-10-17 14:24:04:964 89 sec: 186190 operations; 2280 current ops/sec; est completion in 2 minutes [INSERT: Count=2280, Max=1121, Min=396, Avg=436.61, 90=452, 99=1008, 99.9=1076, 99.99=1121] 
2020-10-17 14:24:05:964 90 sec: 188472 operations; 2282 current ops/sec; est completion in 2 minutes [INSERT: Count=2282, Max=1070, Min=395, Avg=436.11, 90=453, 99=1012, 99.9=1061, 99.99=1070] 
2020-10-17 14:24:06:964 91 sec: 190700 operations; 2228 current ops/sec; est completion in 2 minutes [INSERT: Count=2227, Max=12455, Min=396, Avg=446.57, 90=457, 99=1018, 99.9=1078, 99.99=12455] 
2020-10-17 14:24:07:964 92 sec: 192967 operations; 2264.74 current ops/sec; est completion in 2 minutes [INSERT: Count=2268, Max=1199, Min=396, Avg=439.26, 90=457, 99=1012, 99.9=1100, 99.99=1199] 
2020-10-17 14:24:08:964 93 sec: 195197 operations; 2232.23 current ops/sec; est completion in 2 minutes [INSERT: Count=2229, Max=2591, Min=401, Avg=445.87, 90=470, 99=1017, 99.9=1101, 99.99=2591] 
2020-10-17 14:24:09:964 94 sec: 197432 operations; 2235 current ops/sec; est completion in 2 minutes [INSERT: Count=2236, Max=5839, Min=397, Avg=445.1, 90=468, 99=1019, 99.9=1082, 99.99=5839] 
2020-10-17 14:24:10:964 95 sec: 199676 operations; 2244 current ops/sec; est completion in 2 minutes [INSERT: Count=2244, Max=1120, Min=397, Avg=443.49, 90=468, 99=1019, 99.9=1060, 99.99=1120] 
2020-10-17 14:24:11:964 96 sec: 200000 operations; 324 current ops/sec; est completion in 2 minutes [INSERT: Count=323, Max=1066, Min=396, Avg=442.48, 90=464, 99=1033, 99.9=1066, 99.99=1066] 
2020-10-17 14:24:12:964 97 sec: 200000 operations; 0 current ops/sec; est completion in 2 minutes [INSERT: Count=0, Max=0, Min=9223372036854775807, Avg=NaN, 90=0, 99=0, 99.9=0, 99.99=0] 
2020-10-17 14:24:13:964 98 sec: 200136 operations; 136 current ops/sec; est completion in 2 minutes [INSERT: Count=137, Max=2791423, Min=406, Avg=20836.88, 90=539, 99=1262, 99.9=2791423, 99.99=2791423] 
2020-10-17 14:24:14:964 99 sec: 202319 operations; 2183 current ops/sec; est completion in 2 minutes [INSERT: Count=2183, Max=15255, Min=396, Avg=455.8, 90=475, 99=1037, 99.9=1166, 99.99=15255] 
2020-10-17 14:24:15:964 100 sec: 204549 operations; 2230 current ops/sec; est completion in 2 minutes [INSERT: Count=2230, Max=1120, Min=393, Avg=446.4, 90=476, 99=1016, 99.9=1092, 99.99=1120] 
2020-10-17 14:24:16:964 101 sec: 206773 operations; 2224 current ops/sec; est completion in 2 minutes [INSERT: Count=2224, Max=1162, Min=392, Avg=447.37, 90=471, 99=1052, 99.9=1136, 99.99=1162] 
2020-10-17 14:24:17:964 102 sec: 209080 operations; 2307 current ops/sec; est completion in 2 minutes [INSERT: Count=2306, Max=1104, Min=385, Avg=431.66, 90=454, 99=1019, 99.9=1065, 99.99=1104] 
2020-10-17 14:24:18:964 103 sec: 211383 operations; 2303 current ops/sec; est completion in 2 minutes [INSERT: Count=2304, Max=2195, Min=392, Avg=432.07, 90=449, 99=1022, 99.9=1101, 99.99=2195] 
2020-10-17 14:24:19:964 104 sec: 213685 operations; 2302 current ops/sec; est completion in 2 minutes [INSERT: Count=2302, Max=4275, Min=391, Avg=432.5, 90=444, 99=1004, 99.9=1061, 99.99=4275] 
2020-10-17 14:24:20:964 105 sec: 215879 operations; 2194 current ops/sec; est completion in 2 minutes [INSERT: Count=2193, Max=5143, Min=395, Avg=453.35, 90=477, 99=1021, 99.9=3545, 99.99=5143] 
2020-10-17 14:24:21:964 106 sec: 218059 operations; 2180 current ops/sec; est completion in 2 minutes [INSERT: Count=2180, Max=13143, Min=399, Avg=456.32, 90=479, 99=1018, 99.9=1150, 99.99=13143] 
2020-10-17 14:24:22:964 107 sec: 220328 operations; 2269 current ops/sec; est completion in 2 minutes [INSERT: Count=2270, Max=2607, Min=390, Avg=438.34, 90=462, 99=1010, 99.9=1147, 99.99=2607] 
2020-10-17 14:24:23:964 108 sec: 222566 operations; 2238 current ops/sec; est completion in 2 minutes [INSERT: Count=2238, Max=4819, Min=394, Avg=444.41, 90=468, 99=1010, 99.9=1148, 99.99=4819] 
2020-10-17 14:24:24:964 109 sec: 224674 operations; 2108 current ops/sec; est completion in 2 minutes [INSERT: Count=2108, Max=38847, Min=396, Avg=472.18, 90=464, 99=1019, 99.9=11735, 99.99=38847] 
2020-10-17 14:24:25:964 110 sec: 226907 operations; 2233 current ops/sec; est completion in 2 minutes [INSERT: Count=2232, Max=1145, Min=399, Avg=445.64, 90=469, 99=1022, 99.9=1104, 99.99=1145] 
2020-10-17 14:24:26:964 111 sec: 229137 operations; 2230 current ops/sec; est completion in 2 minutes [INSERT: Count=2230, Max=5387, Min=398, Avg=445.93, 90=469, 99=1015, 99.9=1079, 99.99=5387] 
2020-10-17 14:24:27:964 112 sec: 231419 operations; 2282 current ops/sec; est completion in 2 minutes [INSERT: Count=2282, Max=1779, Min=393, Avg=436.07, 90=454, 99=1003, 99.9=1141, 99.99=1779] 
2020-10-17 14:24:28:964 113 sec: 233697 operations; 2278 current ops/sec; est completion in 2 minutes [INSERT: Count=2279, Max=1104, Min=394, Avg=436.7, 90=457, 99=1005, 99.9=1079, 99.99=1104] 
2020-10-17 14:24:29:964 114 sec: 235973 operations; 2273.73 current ops/sec; est completion in 2 minutes [INSERT: Count=2277, Max=4335, Min=394, Avg=436.89, 90=457, 99=995, 99.9=1061, 99.99=4335] 
2020-10-17 14:24:30:964 115 sec: 238231 operations; 2260.26 current ops/sec; est completion in 2 minutes [INSERT: Count=2257, Max=9511, Min=397, Avg=440.53, 90=453, 99=1002, 99.9=1537, 99.99=9511] 
2020-10-17 14:24:31:964 116 sec: 240489 operations; 2258 current ops/sec; est completion in 2 minutes [INSERT: Count=2258, Max=1072, Min=393, Avg=440.79, 90=469, 99=1004, 99.9=1052, 99.99=1072] 
2020-10-17 14:24:32:964 117 sec: 242698 operations; 2209 current ops/sec; est completion in 2 minutes [INSERT: Count=2209, Max=13015, Min=394, Avg=450.37, 90=469, 99=1016, 99.9=1132, 99.99=13015] 
2020-10-17 14:24:33:964 118 sec: 244938 operations; 2240 current ops/sec; est completion in 2 minutes [INSERT: Count=2239, Max=2399, Min=395, Avg=444.27, 90=468, 99=1018, 99.9=1073, 99.99=2399] 
2020-10-17 14:24:34:964 119 sec: 247166 operations; 2228 current ops/sec; est completion in 2 minutes [INSERT: Count=2228, Max=1138, Min=396, Avg=446.76, 90=472, 99=1035, 99.9=1116, 99.99=1138] 
2020-10-17 14:24:35:964 120 sec: 249421 operations; 2255 current ops/sec; est completion in 2 minutes [INSERT: Count=2255, Max=1060, Min=397, Avg=441.39, 90=462, 99=1011, 99.9=1054, 99.99=1060] 
2020-10-17 14:24:36:964 121 sec: 251680 operations; 2259 current ops/sec; est completion in 2 minutes [INSERT: Count=2260, Max=3383, Min=398, Avg=440.46, 90=456, 99=1010, 99.9=1182, 99.99=3383] 
2020-10-17 14:24:37:964 122 sec: 253916 operations; 2236 current ops/sec; est completion in 1 minute [INSERT: Count=2236, Max=16095, Min=396, Avg=445.12, 90=456, 99=1019, 99.9=1072, 99.99=16095] 
2020-10-17 14:24:38:964 123 sec: 256196 operations; 2280 current ops/sec; est completion in 1 minute [INSERT: Count=2280, Max=1116, Min=396, Avg=436.55, 90=453, 99=1018, 99.9=1066, 99.99=1116] 
2020-10-17 14:24:39:964 124 sec: 258477 operations; 2281 current ops/sec; est completion in 1 minute [INSERT: Count=2280, Max=1092, Min=394, Avg=436.53, 90=453, 99=1012, 99.9=1052, 99.99=1092] 
2020-10-17 14:24:40:964 125 sec: 260721 operations; 2244 current ops/sec; est completion in 1 minute [INSERT: Count=2245, Max=11135, Min=395, Avg=443.34, 90=456, 99=1024, 99.9=1075, 99.99=11135] 
2020-10-17 14:24:41:964 126 sec: 262956 operations; 2235 current ops/sec; est completion in 1 minute [INSERT: Count=2234, Max=2485, Min=397, Avg=445.22, 90=473, 99=1024, 99.9=1117, 99.99=2485] 
2020-10-17 14:24:42:964 127 sec: 265213 operations; 2257 current ops/sec; est completion in 1 minute [INSERT: Count=2258, Max=1553, Min=396, Avg=440.98, 90=465, 99=1012, 99.9=1090, 99.99=1553] 
2020-10-17 14:24:43:964 128 sec: 267555 operations; 2342 current ops/sec; est completion in 1 minute [INSERT: Count=2342, Max=1074, Min=386, Avg=425.08, 90=442, 99=993, 99.9=1026, 99.99=1074] 
2020-10-17 14:24:44:964 129 sec: 269885 operations; 2330 current ops/sec; est completion in 1 minute [INSERT: Count=2330, Max=4423, Min=387, Avg=427.33, 90=439, 99=1010, 99.9=1121, 99.99=4423] 
2020-10-17 14:24:45:964 130 sec: 272111 operations; 2226 current ops/sec; est completion in 1 minute [INSERT: Count=2225, Max=19983, Min=394, Avg=447, 90=456, 99=1017, 99.9=1059, 99.99=19983] 
2020-10-17 14:24:46:964 131 sec: 274302 operations; 2191 current ops/sec; est completion in 1 minute [INSERT: Count=2192, Max=30239, Min=396, Avg=454.16, 90=460, 99=1014, 99.9=1053, 99.99=30239] 
2020-10-17 14:24:47:964 132 sec: 276549 operations; 2247 current ops/sec; est completion in 1 minute [INSERT: Count=2246, Max=9287, Min=397, Avg=442.84, 90=456, 99=1014, 99.9=1119, 99.99=9287] 
2020-10-17 14:24:48:964 133 sec: 278815 operations; 2266 current ops/sec; est completion in 1 minute [INSERT: Count=2266, Max=4415, Min=397, Avg=439.07, 90=452, 99=1008, 99.9=1080, 99.99=4415] 
2020-10-17 14:24:49:964 134 sec: 281133 operations; 2318 current ops/sec; est completion in 1 minute [INSERT: Count=2318, Max=2375, Min=388, Avg=429.37, 90=444, 99=1008, 99.9=1087, 99.99=2375] 
2020-10-17 14:24:50:964 135 sec: 283456 operations; 2323 current ops/sec; est completion in 1 minute [INSERT: Count=2323, Max=1139, Min=386, Avg=428.64, 90=443, 99=1008, 99.9=1065, 99.99=1139] 
2020-10-17 14:24:51:964 136 sec: 285749 operations; 2293 current ops/sec; est completion in 1 minute [INSERT: Count=2294, Max=5035, Min=387, Avg=434, 90=448, 99=1018, 99.9=1192, 99.99=5035] 
2020-10-17 14:24:52:964 137 sec: 287997 operations; 2248 current ops/sec; est completion in 1 minute [INSERT: Count=2248, Max=3491, Min=392, Avg=442.47, 90=454, 99=1036, 99.9=1162, 99.99=3491] 
2020-10-17 14:24:53:964 138 sec: 290196 operations; 2199 current ops/sec; est completion in 1 minute [INSERT: Count=2198, Max=11687, Min=395, Avg=452.7, 90=462, 99=1023, 99.9=1153, 99.99=11687] 
2020-10-17 14:24:54:964 139 sec: 292444 operations; 2248 current ops/sec; est completion in 1 minute [INSERT: Count=2248, Max=2161, Min=392, Avg=442.56, 90=464, 99=1022, 99.9=1130, 99.99=2161] 
2020-10-17 14:24:55:964 140 sec: 294695 operations; 2251 current ops/sec; est completion in 1 minute [INSERT: Count=2252, Max=3389, Min=396, Avg=441.97, 90=461, 99=1021, 99.9=1117, 99.99=3389] 
2020-10-17 14:24:56:964 141 sec: 296930 operations; 2235 current ops/sec; est completion in 1 minute [INSERT: Count=2234, Max=6587, Min=399, Avg=445.37, 90=464, 99=1019, 99.9=1071, 99.99=6587] 
2020-10-17 14:24:57:964 142 sec: 299174 operations; 2244 current ops/sec; est completion in 1 minute [INSERT: Count=2244, Max=10983, Min=396, Avg=443.41, 90=457, 99=1015, 99.9=1061, 99.99=10983] 
2020-10-17 14:24:58:964 143 sec: 300000 operations; 826 current ops/sec; est completion in 1 minute [INSERT: Count=826, Max=1051, Min=394, Avg=437.91, 90=451, 99=1022, 99.9=1048, 99.99=1051] 
2020-10-17 14:24:59:964 144 sec: 300000 operations; 0 current ops/sec; est completion in 1 minute [INSERT: Count=0, Max=0, Min=9223372036854775807, Avg=NaN, 90=0, 99=0, 99.9=0, 99.99=0] 
2020-10-17 14:25:00:964 145 sec: 300000 operations; 0 current ops/sec; est completion in 1 minute [INSERT: Count=0, Max=0, Min=9223372036854775807, Avg=NaN, 90=0, 99=0, 99.9=0, 99.99=0] 
2020-10-17 14:25:01:963 146 sec: 300000 operations; 0 current ops/sec; est completion in 1 minute [INSERT: Count=0, Max=0, Min=9223372036854775807, Avg=NaN, 90=0, 99=0, 99.9=0, 99.99=0] 
2020-10-17 14:25:02:964 147 sec: 301256 operations; 1256 current ops/sec; est completion in 1 minute [INSERT: Count=1256, Max=4075519, Min=393, Avg=3688.78, 90=472, 99=1027, 99.9=1155, 99.99=4075519] 
2020-10-17 14:25:03:964 148 sec: 303493 operations; 2237 current ops/sec; est completion in 1 minute [INSERT: Count=2238, Max=5219, Min=391, Avg=444.48, 90=465, 99=1031, 99.9=1537, 99.99=5219] 
2020-10-17 14:25:04:964 149 sec: 305755 operations; 2262 current ops/sec; est completion in 1 minute [INSERT: Count=2261, Max=1142, Min=398, Avg=440, 90=461, 99=1035, 99.9=1132, 99.99=1142] 
2020-10-17 14:25:05:964 150 sec: 307988 operations; 2233 current ops/sec; est completion in 1 minute [INSERT: Count=2233, Max=4899, Min=395, Avg=445.44, 90=467, 99=1022, 99.9=2703, 99.99=4899] 
2020-10-17 14:25:06:966 151 sec: 310214 operations; 2223.78 current ops/sec; est completion in 1 minute [INSERT: Count=2229, Max=8119, Min=392, Avg=447.67, 90=467, 99=1020, 99.9=3575, 99.99=8119] 
2020-10-17 14:25:07:964 152 sec: 312422 operations; 2210.21 current ops/sec; est completion in 1 minute [INSERT: Count=2206, Max=4259, Min=397, Avg=449.53, 90=479, 99=1041, 99.9=1214, 99.99=4259] 
2020-10-17 14:25:08:964 153 sec: 314689 operations; 2267 current ops/sec; est completion in 1 minute [INSERT: Count=2266, Max=3587, Min=393, Avg=439.04, 90=459, 99=1007, 99.9=1072, 99.99=3587] 
2020-10-17 14:25:09:964 154 sec: 316957 operations; 2268 current ops/sec; est completion in 1 minute [INSERT: Count=2269, Max=2729, Min=394, Avg=438.74, 90=462, 99=1012, 99.9=1070, 99.99=2729] 
2020-10-17 14:25:10:964 155 sec: 319217 operations; 2260 current ops/sec; est completion in 1 minute [INSERT: Count=2260, Max=4707, Min=393, Avg=440.16, 90=460, 99=1014, 99.9=1097, 99.99=4707] 
2020-10-17 14:25:11:964 156 sec: 321478 operations; 2261 current ops/sec; est completion in 1 minute [INSERT: Count=2261, Max=3247, Min=394, Avg=440.11, 90=460, 99=1017, 99.9=1555, 99.99=3247] 
2020-10-17 14:25:12:964 157 sec: 323728 operations; 2250 current ops/sec; est completion in 1 minute [INSERT: Count=2249, Max=10703, Min=396, Avg=442.28, 90=458, 99=1016, 99.9=1069, 99.99=10703] 
2020-10-17 14:25:13:964 158 sec: 325887 operations; 2159 current ops/sec; est completion in 1 minute [INSERT: Count=2160, Max=35295, Min=396, Avg=460.69, 90=462, 99=1014, 99.9=2463, 99.99=35295] 
2020-10-17 14:25:14:964 159 sec: 328156 operations; 2269 current ops/sec; est completion in 1 minute [INSERT: Count=2268, Max=2145, Min=397, Avg=438.59, 90=454, 99=1015, 99.9=1188, 99.99=2145] 
2020-10-17 14:25:15:964 160 sec: 330392 operations; 2236 current ops/sec; est completion in 1 minute [INSERT: Count=2236, Max=3377, Min=398, Avg=445.08, 90=461, 99=1024, 99.9=1141, 99.99=3377] 
2020-10-17 14:25:16:964 161 sec: 332534 operations; 2142 current ops/sec; est completion in 1 minute [INSERT: Count=2142, Max=7351, Min=397, Avg=462.85, 90=484, 99=1116, 99.9=6227, 99.99=7351] 
2020-10-17 14:25:17:964 162 sec: 334124 operations; 1588.41 current ops/sec; est completion in 1 minute [INSERT: Count=1592, Max=65919, Min=375, Avg=628.5, 90=808, 99=1148, 99.9=27279, 99.99=65919] 
2020-10-17 14:25:18:964 163 sec: 336593 operations; 2471.47 current ops/sec; est completion in 1 minute [INSERT: Count=2468, Max=933, Min=375, Avg=402.82, 90=427, 99=480, 99.9=794, 99.99=933] 
2020-10-17 14:25:19:964 164 sec: 339067 operations; 2474 current ops/sec; est completion in 1 minute [INSERT: Count=2473, Max=760, Min=374, Avg=402.27, 90=426, 99=476, 99.9=618, 99.99=760] 
2020-10-17 14:25:20:964 165 sec: 341516 operations; 2449 current ops/sec; est completion in 1 minute [INSERT: Count=2449, Max=5387, Min=375, Avg=406.15, 90=430, 99=487, 99.9=620, 99.99=5387] 
2020-10-17 14:25:21:964 166 sec: 343962 operations; 2446 current ops/sec; est completion in 1 minute [INSERT: Count=2447, Max=3311, Min=375, Avg=406.61, 90=431, 99=488, 99.9=807, 99.99=3311] 
2020-10-17 14:25:22:964 167 sec: 346396 operations; 2434 current ops/sec; est completion in 1 minute [INSERT: Count=2434, Max=1156, Min=374, Avg=408.89, 90=435, 99=490, 99.9=703, 99.99=1156] 
2020-10-17 14:25:23:964 168 sec: 348843 operations; 2447 current ops/sec; est completion in 1 minute [INSERT: Count=2447, Max=1003, Min=374, Avg=406.7, 90=435, 99=484, 99.9=519, 99.99=1003] 
2020-10-17 14:25:24:964 169 sec: 351293 operations; 2450 current ops/sec; est completion in 1 minute [INSERT: Count=2450, Max=938, Min=371, Avg=406.05, 90=434, 99=482, 99.9=638, 99.99=938] 
2020-10-17 14:25:25:964 170 sec: 353746 operations; 2453 current ops/sec; est completion in 1 minute [INSERT: Count=2452, Max=5483, Min=374, Avg=405.67, 90=429, 99=478, 99.9=634, 99.99=5483] 
2020-10-17 14:25:26:964 171 sec: 356200 operations; 2454 current ops/sec; est completion in 1 minute [INSERT: Count=2455, Max=791, Min=376, Avg=405.43, 90=433, 99=476, 99.9=583, 99.99=791] 
2020-10-17 14:25:27:964 172 sec: 358644 operations; 2444 current ops/sec; est completion in 1 minute [INSERT: Count=2443, Max=3639, Min=372, Avg=407.06, 90=432, 99=483, 99.9=635, 99.99=3639] 
2020-10-17 14:25:28:964 173 sec: 361096 operations; 2452 current ops/sec; est completion in 1 minute [INSERT: Count=2452, Max=805, Min=372, Avg=405.84, 90=431, 99=480, 99.9=524, 99.99=805] 
2020-10-17 14:25:29:964 174 sec: 363519 operations; 2423 current ops/sec; est completion in 1 minute [INSERT: Count=2424, Max=4591, Min=373, Avg=410.55, 90=438, 99=488, 99.9=637, 99.99=4591] 
2020-10-17 14:25:30:964 175 sec: 365924 operations; 2405 current ops/sec; est completion in 1 minute [INSERT: Count=2404, Max=5039, Min=373, Avg=413.75, 90=440, 99=499, 99.9=1007, 99.99=5039] 
2020-10-17 14:25:31:964 176 sec: 368378 operations; 2454 current ops/sec; est completion in 1 minute [INSERT: Count=2454, Max=1179, Min=369, Avg=405.48, 90=432, 99=489, 99.9=558, 99.99=1179] 
2020-10-17 14:25:32:964 177 sec: 370889 operations; 2511 current ops/sec; est completion in 1 minute [INSERT: Count=2511, Max=893, Min=366, Avg=396.55, 90=419, 99=469, 99.9=527, 99.99=893] 
2020-10-17 14:25:33:964 178 sec: 373382 operations; 2493 current ops/sec; est completion in 1 minute [INSERT: Count=2493, Max=4483, Min=366, Avg=399.25, 90=422, 99=482, 99.9=587, 99.99=4483] 
2020-10-17 14:25:34:964 179 sec: 375770 operations; 2388 current ops/sec; est completion in 1 minute [INSERT: Count=2388, Max=4587, Min=365, Avg=416.72, 90=450, 99=523, 99.9=862, 99.99=4587] 
2020-10-17 14:25:35:964 180 sec: 376725 operations; 955 current ops/sec; est completion in 59 seconds [INSERT: Count=955, Max=52287, Min=384, Avg=480.78, 90=455, 99=551, 99.9=4511, 99.99=52287] 
2020-10-17 14:25:36:964 181 sec: 378965 operations; 2240 current ops/sec; est completion in 58 seconds [INSERT: Count=2241, Max=593919, Min=374, Avg=684.42, 90=434, 99=518, 99.9=2623, 99.99=593919] 
2020-10-17 14:25:37:964 182 sec: 381402 operations; 2437 current ops/sec; est completion in 57 seconds [INSERT: Count=2436, Max=4723, Min=372, Avg=408.06, 90=426, 99=489, 99.9=843, 99.99=4723] 
2020-10-17 14:25:38:964 183 sec: 383851 operations; 2449 current ops/sec; est completion in 56 seconds [INSERT: Count=2450, Max=1721, Min=365, Avg=406.1, 90=431, 99=492, 99.9=647, 99.99=1721] 
2020-10-17 14:25:39:964 184 sec: 386362 operations; 2511 current ops/sec; est completion in 55 seconds [INSERT: Count=2511, Max=6039, Min=366, Avg=396.21, 90=411, 99=469, 99.9=644, 99.99=6039] 
2020-10-17 14:25:40:964 185 sec: 388854 operations; 2492 current ops/sec; est completion in 53 seconds [INSERT: Count=2491, Max=5403, Min=368, Avg=399.14, 90=417, 99=476, 99.9=641, 99.99=5403] 
2020-10-17 14:25:41:964 186 sec: 391301 operations; 2447 current ops/sec; est completion in 52 seconds [INSERT: Count=2447, Max=6587, Min=373, Avg=406.25, 90=426, 99=490, 99.9=869, 99.99=6587] 
2020-10-17 14:25:42:964 187 sec: 393756 operations; 2455 current ops/sec; est completion in 51 seconds [INSERT: Count=2455, Max=4519, Min=373, Avg=405.02, 90=428, 99=487, 99.9=766, 99.99=4519] 
2020-10-17 14:25:43:964 188 sec: 396201 operations; 2445 current ops/sec; est completion in 50 seconds [INSERT: Count=2446, Max=4691, Min=372, Avg=406.48, 90=430, 99=495, 99.9=809, 99.99=4691] 
2020-10-17 14:25:44:964 189 sec: 398667 operations; 2466 current ops/sec; est completion in 49 seconds [INSERT: Count=2465, Max=780, Min=372, Avg=403.34, 90=429, 99=489, 99.9=559, 99.99=780] 
2020-10-17 14:25:45:964 190 sec: 400000 operations; 1333 current ops/sec; est completion in 48 seconds [INSERT: Count=1333, Max=7011, Min=373, Avg=407.57, 90=428, 99=490, 99.9=758, 99.99=7011] 
2020-10-17 14:25:46:964 191 sec: 400000 operations; 0 current ops/sec; est completion in 48 seconds [INSERT: Count=0, Max=0, Min=9223372036854775807, Avg=NaN, 90=0, 99=0, 99.9=0, 99.99=0] 
2020-10-17 14:25:47:964 192 sec: 400000 operations; 0 current ops/sec; est completion in 48 seconds [INSERT: Count=0, Max=0, Min=9223372036854775807, Avg=NaN, 90=0, 99=0, 99.9=0, 99.99=0] 
2020-10-17 14:25:48:964 193 sec: 400000 operations; 0 current ops/sec; est completion in 49 seconds [INSERT: Count=0, Max=0, Min=9223372036854775807, Avg=NaN, 90=0, 99=0, 99.9=0, 99.99=0] 
2020-10-17 14:25:49:964 194 sec: 400000 operations; 0 current ops/sec; est completion in 49 seconds [INSERT: Count=0, Max=0, Min=9223372036854775807, Avg=NaN, 90=0, 99=0, 99.9=0, 99.99=0] 
2020-10-17 14:25:50:964 195 sec: 401105 operations; 1105 current ops/sec; est completion in 49 seconds [INSERT: Count=1106, Max=5005311, Min=369, Avg=4930.11, 90=429, 99=528, 99.9=3189, 99.99=5005311] 
2020-10-17 14:25:51:964 196 sec: 403535 operations; 2430 current ops/sec; est completion in 47 seconds [INSERT: Count=2429, Max=5743, Min=374, Avg=409.26, 90=431, 99=522, 99.9=1830, 99.99=5743] 
2020-10-17 14:25:52:964 197 sec: 405985 operations; 2450 current ops/sec; est completion in 46 seconds [INSERT: Count=2451, Max=4607, Min=373, Avg=405.74, 90=423, 99=480, 99.9=3663, 99.99=4607] 
2020-10-17 14:25:53:964 198 sec: 408460 operations; 2475 current ops/sec; est completion in 45 seconds [INSERT: Count=2475, Max=7239, Min=372, Avg=401.8, 90=420, 99=483, 99.9=871, 99.99=7239] 
2020-10-17 14:25:54:964 199 sec: 410946 operations; 2486 current ops/sec; est completion in 44 seconds [INSERT: Count=2486, Max=5947, Min=371, Avg=400.03, 90=421, 99=491, 99.9=595, 99.99=5947] 
2020-10-17 14:25:55:964 200 sec: 413436 operations; 2490 current ops/sec; est completion in 42 seconds [INSERT: Count=2490, Max=2903, Min=371, Avg=399.19, 90=422, 99=499, 99.9=570, 99.99=2903] 
2020-10-17 14:25:56:964 201 sec: 415914 operations; 2478 current ops/sec; est completion in 41 seconds [INSERT: Count=2478, Max=4747, Min=373, Avg=401.08, 90=421, 99=478, 99.9=671, 99.99=4747] 
2020-10-17 14:25:57:964 202 sec: 418382 operations; 2468 current ops/sec; est completion in 40 seconds [INSERT: Count=2468, Max=8191, Min=373, Avg=402.91, 90=425, 99=480, 99.9=632, 99.99=8191] 
2020-10-17 14:25:58:964 203 sec: 420851 operations; 2469 current ops/sec; est completion in 39 seconds [INSERT: Count=2469, Max=9335, Min=374, Avg=402.78, 90=425, 99=488, 99.9=664, 99.99=9335] 
2020-10-17 14:25:59:964 204 sec: 423343 operations; 2492 current ops/sec; est completion in 37 seconds [INSERT: Count=2492, Max=6075, Min=373, Avg=399.07, 90=420, 99=478, 99.9=548, 99.99=6075] 
2020-10-17 14:26:00:964 205 sec: 425825 operations; 2482 current ops/sec; est completion in 36 seconds [INSERT: Count=2481, Max=6543, Min=373, Avg=400.76, 90=422, 99=489, 99.9=632, 99.99=6543] 
2020-10-17 14:26:01:964 206 sec: 428299 operations; 2474 current ops/sec; est completion in 35 seconds [INSERT: Count=2474, Max=10767, Min=372, Avg=401.94, 90=423, 99=491, 99.9=863, 99.99=10767] 
2020-10-17 14:26:02:964 207 sec: 430732 operations; 2433 current ops/sec; est completion in 34 seconds [INSERT: Count=2434, Max=25983, Min=372, Avg=408.7, 90=418, 99=473, 99.9=999, 99.99=25983] 
2020-10-17 14:26:03:964 208 sec: 433236 operations; 2504 current ops/sec; est completion in 33 seconds [INSERT: Count=2503, Max=928, Min=373, Avg=397.45, 90=418, 99=468, 99.9=517, 99.99=928] 
2020-10-17 14:26:04:964 209 sec: 435724 operations; 2488 current ops/sec; est completion in 31 seconds [INSERT: Count=2489, Max=6359, Min=371, Avg=399.69, 90=418, 99=475, 99.9=709, 99.99=6359] 
2020-10-17 14:26:05:964 210 sec: 438238 operations; 2514 current ops/sec; est completion in 30 seconds [INSERT: Count=2513, Max=655, Min=373, Avg=395.87, 90=418, 99=475, 99.9=559, 99.99=655] 
2020-10-17 14:26:06:964 211 sec: 440748 operations; 2510 current ops/sec; est completion in 29 seconds [INSERT: Count=2510, Max=800, Min=372, Avg=396.39, 90=418, 99=474, 99.9=530, 99.99=800] 
2020-10-17 14:26:07:964 212 sec: 443235 operations; 2487 current ops/sec; est completion in 28 seconds [INSERT: Count=2487, Max=9719, Min=372, Avg=400, 90=419, 99=484, 99.9=729, 99.99=9719] 
2020-10-17 14:26:08:964 213 sec: 445752 operations; 2517 current ops/sec; est completion in 26 seconds [INSERT: Count=2517, Max=780, Min=372, Avg=395.26, 90=417, 99=473, 99.9=558, 99.99=780] 
2020-10-17 14:26:09:964 214 sec: 448274 operations; 2522 current ops/sec; est completion in 25 seconds [INSERT: Count=2522, Max=574, Min=373, Avg=394.57, 90=416, 99=459, 99.9=526, 99.99=574] 
2020-10-17 14:26:10:964 215 sec: 450753 operations; 2479 current ops/sec; est completion in 24 seconds [INSERT: Count=2479, Max=7207, Min=372, Avg=401.3, 90=428, 99=482, 99.9=605, 99.99=7207] 
2020-10-17 14:26:11:964 216 sec: 453247 operations; 2494 current ops/sec; est completion in 23 seconds [INSERT: Count=2494, Max=1083, Min=370, Avg=398.93, 90=429, 99=473, 99.9=547, 99.99=1083] 
2020-10-17 14:26:12:964 217 sec: 455806 operations; 2559 current ops/sec; est completion in 22 seconds [INSERT: Count=2559, Max=868, Min=366, Avg=388.88, 90=410, 99=456, 99.9=524, 99.99=868] 
2020-10-17 14:26:13:964 218 sec: 458404 operations; 2598 current ops/sec; est completion in 20 seconds [INSERT: Count=2598, Max=750, Min=364, Avg=383.15, 90=401, 99=444, 99.9=514, 99.99=750] 
2020-10-17 14:26:14:964 219 sec: 460982 operations; 2578 current ops/sec; est completion in 19 seconds [INSERT: Count=2579, Max=6847, Min=366, Avg=385.96, 90=401, 99=465, 99.9=521, 99.99=6847] 
2020-10-17 14:26:15:964 220 sec: 463581 operations; 2599 current ops/sec; est completion in 18 seconds [INSERT: Count=2598, Max=682, Min=365, Avg=383.1, 90=401, 99=444, 99.9=504, 99.99=682] 
2020-10-17 14:26:16:964 221 sec: 466179 operations; 2598 current ops/sec; est completion in 17 seconds [INSERT: Count=2598, Max=672, Min=364, Avg=383.05, 90=399, 99=441, 99.9=508, 99.99=672] 
2020-10-17 14:26:17:964 222 sec: 468768 operations; 2589 current ops/sec; est completion in 15 seconds [INSERT: Count=2589, Max=1055, Min=364, Avg=384.53, 90=401, 99=458, 99.9=549, 99.99=1055] 
2020-10-17 14:26:18:964 223 sec: 471360 operations; 2592 current ops/sec; est completion in 14 seconds [INSERT: Count=2592, Max=634, Min=365, Avg=384.05, 90=401, 99=457, 99.9=537, 99.99=634] 
2020-10-17 14:26:19:964 224 sec: 473885 operations; 2525 current ops/sec; est completion in 13 seconds [INSERT: Count=2525, Max=760, Min=372, Avg=394.07, 90=416, 99=479, 99.9=536, 99.99=760] 
2020-10-17 14:26:20:964 225 sec: 476359 operations; 2474 current ops/sec; est completion in 12 seconds [INSERT: Count=2475, Max=15679, Min=372, Avg=402.02, 90=415, 99=476, 99.9=850, 99.99=15679] 
2020-10-17 14:26:21:964 226 sec: 478870 operations; 2511 current ops/sec; est completion in 10 seconds [INSERT: Count=2510, Max=4895, Min=371, Avg=396.26, 90=417, 99=479, 99.9=541, 99.99=4895] 
2020-10-17 14:26:22:964 227 sec: 481343 operations; 2473 current ops/sec; est completion in 9 second [INSERT: Count=2474, Max=28959, Min=365, Avg=402.34, 90=410, 99=458, 99.9=992, 99.99=28959] 
2020-10-17 14:26:23:964 228 sec: 483914 operations; 2571 current ops/sec; est completion in 8 second [INSERT: Count=2570, Max=5515, Min=365, Avg=387.16, 90=402, 99=469, 99.9=621, 99.99=5515] 
2020-10-17 14:26:24:964 229 sec: 484729 operations; 815 current ops/sec; est completion in 8 second [INSERT: Count=815, Max=593919, Min=365, Avg=1224.62, 90=433, 99=624, 99.9=80511, 99.99=593919] 
2020-10-17 14:26:25:964 230 sec: 487236 operations; 2507 current ops/sec; est completion in 7 second [INSERT: Count=2508, Max=7075, Min=365, Avg=396.75, 90=420, 99=530, 99.9=687, 99.99=7075] 
2020-10-17 14:26:26:964 231 sec: 489757 operations; 2521 current ops/sec; est completion in 5 second [INSERT: Count=2520, Max=674, Min=372, Avg=394.76, 90=421, 99=455, 99.9=533, 99.99=674] 
2020-10-17 14:26:27:964 232 sec: 492253 operations; 2496 current ops/sec; est completion in 4 second [INSERT: Count=2497, Max=4135, Min=372, Avg=398.39, 90=421, 99=477, 99.9=876, 99.99=4135] 
2020-10-17 14:26:28:964 233 sec: 494759 operations; 2506 current ops/sec; est completion in 3 second [INSERT: Count=2506, Max=672, Min=371, Avg=396.96, 90=422, 99=473, 99.9=557, 99.99=672] 
2020-10-17 14:26:29:964 234 sec: 497241 operations; 2482 current ops/sec; est completion in 2 second [INSERT: Count=2482, Max=10863, Min=371, Avg=400.69, 90=422, 99=482, 99.9=617, 99.99=10863] 
2020-10-17 14:26:30:964 235 sec: 499752 operations; 2511 current ops/sec; est completion in 1 second [INSERT: Count=2511, Max=3803, Min=371, Avg=396.27, 90=422, 99=478, 99.9=545, 99.99=3803] 
2020-10-17 14:26:31:063 235 sec: 500000 operations; 2480 current ops/sec; [CLEANUP: Count=1, Max=4, Min=4, Avg=4, 90=4, 99=4, 99.9=4, 99.99=4] [INSERT: Count=247, Max=458, Min=373, Avg=394.36, 90=422, 99=456, 99.9=458, 99.99=458] 
[OVERALL], RunTime(ms), 235101
[OVERALL], Throughput(ops/sec), 2126.745526390785
[TOTAL_GCS_G1_Young_Generation], Count, 15
[TOTAL_GC_TIME_G1_Young_Generation], Time(ms), 414
[TOTAL_GC_TIME_%_G1_Young_Generation], Time(%), 0.176094529585157
[TOTAL_GCS_G1_Old_Generation], Count, 0
[TOTAL_GC_TIME_G1_Old_Generation], Time(ms), 0
[TOTAL_GC_TIME_%_G1_Old_Generation], Time(%), 0.0
[TOTAL_GCs], Count, 15
[TOTAL_GC_TIME], Time(ms), 414
[TOTAL_GC_TIME_%], Time(%), 0.176094529585157
[CLEANUP], Operations, 1
[CLEANUP], AverageLatency(us), 4.0
[CLEANUP], MinLatency(us), 4
[CLEANUP], MaxLatency(us), 4
[CLEANUP], 95thPercentileLatency(us), 4
[CLEANUP], 99thPercentileLatency(us), 4
[INSERT], Operations, 500000
[INSERT], AverageLatency(us), 467.730892
[INSERT], MinLatency(us), 364
[INSERT], MaxLatency(us), 5005311
[INSERT], 95thPercentileLatency(us), 489
[INSERT], 99thPercentileLatency(us), 1002
[INSERT], Return=OK, 500000
