[0.012s][warning][gc,init] ***** WARNING! INCORRECT SYSTEM CONFIGURATION DETECTED! *****
[0.012s][warning][gc,init] The system limit on number of memory mappings per process might be too low for the given
[0.012s][warning][gc,init] max Java heap size (65536M). Please adjust /proc/sys/vm/max_map_count to allow for at
[0.012s][warning][gc,init] least 117964 mappings (current limit is 65530). Continuing execution with the current
[0.012s][warning][gc,init] limit could lead to a fatal error, due to failure to map memory.
Command line: -load -s -db smarttrie.app.client.Client -P config/workload
YCSB Client 0.17.0

Loading workload...
Starting test.
DBWrapper: report latency for each error is false and specific error codes to track for latency are: []
2020-10-09 14:31:04:004 0 sec: 0 operations; est completion in 0 second 
2020-10-09 14:31:04:925 1 sec: 0 operations; est completion in 106751991167300 days 15 hours 
2020-10-09 14:31:04.989 [Thread-2] INFO  b.c.c.n.NettyClientServerCommunicationSystemClientSide - Connecting to replica 0 at /192.168.3.91:11000
2020-10-09 14:31:05.008 [nioEventLoopGroup-2-1] INFO  b.c.c.n.NettyClientServerCommunicationSystemClientSide - Channel active
2020-10-09 14:31:05:925 2 sec: 325 operations; 325 current ops/sec; est completion in 51 minutes [INSERT: Count=328, Max=1239039, Min=1330, Avg=5949.27, 90=3299, 99=6843, 99.9=1239039, 99.99=1239039] 
2020-10-09 14:31:06:925 3 sec: 1355 operations; 1030 current ops/sec; est completion in 18 minutes [INSERT: Count=1028, Max=7323, Min=740, Avg=949.91, 90=1294, 99=1619, 99.9=2805, 99.99=7323] 
2020-10-09 14:31:07:925 4 sec: 2659 operations; 1304 current ops/sec; est completion in 12 minutes [INSERT: Count=1304, Max=1220, Min=688, Avg=754.73, 90=800, 99=991, 99.9=1177, 99.99=1220] 
2020-10-09 14:31:08:925 5 sec: 4039 operations; 1380 current ops/sec; est completion in 10 minutes [INSERT: Count=1380, Max=2030, Min=611, Avg=712.72, 90=748, 99=936, 99.9=1558, 99.99=2030] 
2020-10-09 14:31:09:925 6 sec: 5553 operations; 1514 current ops/sec; est completion in 8 minutes [INSERT: Count=1514, Max=1822, Min=575, Avg=649.36, 90=681, 99=814, 99.9=1147, 99.99=1822] 
2020-10-09 14:31:10:925 7 sec: 7246 operations; 1693 current ops/sec; est completion in 7 minutes [INSERT: Count=1694, Max=1799, Min=506, Avg=581.11, 90=632, 99=728, 99.9=1059, 99.99=1799] 
2020-10-09 14:31:11:925 8 sec: 9140 operations; 1894 current ops/sec; est completion in 7 minutes [INSERT: Count=1894, Max=1325, Min=479, Avg=523.55, 90=559, 99=705, 99.9=934, 99.99=1325] 
2020-10-09 14:31:12:925 9 sec: 11110 operations; 1970 current ops/sec; est completion in 6 minutes [INSERT: Count=1970, Max=937, Min=475, Avg=503.78, 90=527, 99=557, 99.9=800, 99.99=937] 
2020-10-09 14:31:13:925 10 sec: 13031 operations; 1921 current ops/sec; est completion in 6 minutes [INSERT: Count=1921, Max=5783, Min=479, Avg=514.54, 90=537, 99=632, 99.9=1007, 99.99=5783] 
2020-10-09 14:31:14:925 11 sec: 15012 operations; 1981 current ops/sec; est completion in 5 minutes [INSERT: Count=1980, Max=1003, Min=471, Avg=501.45, 90=522, 99=579, 99.9=870, 99.99=1003] 
2020-10-09 14:31:15:925 12 sec: 16931 operations; 1919 current ops/sec; est completion in 5 minutes [INSERT: Count=1919, Max=4759, Min=477, Avg=515.82, 90=537, 99=595, 99.9=1001, 99.99=4759] 
2020-10-09 14:31:16:925 13 sec: 18866 operations; 1935 current ops/sec; est completion in 5 minutes [INSERT: Count=1935, Max=988, Min=477, Avg=512.2, 90=535, 99=583, 99.9=724, 99.99=988] 
2020-10-09 14:31:17:925 14 sec: 20791 operations; 1925 current ops/sec; est completion in 5 minutes [INSERT: Count=1925, Max=735, Min=483, Avg=514.72, 90=536, 99=572, 99.9=629, 99.99=735] 
2020-10-09 14:31:18:925 15 sec: 22733 operations; 1942 current ops/sec; est completion in 5 minutes [INSERT: Count=1943, Max=829, Min=482, Avg=510.2, 90=531, 99=565, 99.9=596, 99.99=829] 
2020-10-09 14:31:19:925 16 sec: 24673 operations; 1940 current ops/sec; est completion in 5 minutes [INSERT: Count=1940, Max=726, Min=481, Avg=510.88, 90=531, 99=559, 99.9=610, 99.99=726] 
2020-10-09 14:31:20:925 17 sec: 26595 operations; 1922 current ops/sec; est completion in 5 minutes [INSERT: Count=1921, Max=1221, Min=481, Avg=515.78, 90=531, 99=1040, 99.9=1133, 99.99=1221] 
2020-10-09 14:31:21:925 18 sec: 28457 operations; 1862 current ops/sec; est completion in 4 minutes [INSERT: Count=1862, Max=1683, Min=483, Avg=532.48, 90=542, 99=1107, 99.9=1169, 99.99=1683] 
2020-10-09 14:31:22:925 19 sec: 30309 operations; 1852 current ops/sec; est completion in 4 minutes [INSERT: Count=1853, Max=1680, Min=480, Avg=535.12, 90=545, 99=1113, 99.9=1204, 99.99=1680] 
2020-10-09 14:31:23:925 20 sec: 32182 operations; 1873 current ops/sec; est completion in 4 minutes [INSERT: Count=1871, Max=4643, Min=465, Avg=529.34, 90=541, 99=1107, 99.9=1198, 99.99=4643] 
2020-10-09 14:31:24:925 21 sec: 34101 operations; 1919 current ops/sec; est completion in 4 minutes [INSERT: Count=1921, Max=3845, Min=464, Avg=516.75, 90=531, 99=1081, 99.9=1152, 99.99=3845] 
2020-10-09 14:31:25:925 22 sec: 36021 operations; 1920 current ops/sec; est completion in 4 minutes [INSERT: Count=1919, Max=4467, Min=463, Avg=516.67, 90=527, 99=1097, 99.9=1608, 99.99=4467] 
2020-10-09 14:31:26:925 23 sec: 37954 operations; 1933 current ops/sec; est completion in 4 minutes [INSERT: Count=1934, Max=4207, Min=459, Avg=512.64, 90=522, 99=1099, 99.9=1598, 99.99=4207] 
2020-10-09 14:31:27:925 24 sec: 39904 operations; 1950 current ops/sec; est completion in 4 minutes [INSERT: Count=1950, Max=1640, Min=458, Avg=509.31, 90=521, 99=1093, 99.9=1135, 99.99=1640] 
2020-10-09 14:31:28:925 25 sec: 41845 operations; 1941 current ops/sec; est completion in 4 minutes [INSERT: Count=1940, Max=1174, Min=459, Avg=511.69, 90=521, 99=1084, 99.9=1145, 99.99=1174] 
2020-10-09 14:31:29:925 26 sec: 43782 operations; 1937 current ops/sec; est completion in 4 minutes [INSERT: Count=1937, Max=3471, Min=461, Avg=512.09, 90=524, 99=1085, 99.9=1125, 99.99=3471] 
2020-10-09 14:31:30:925 27 sec: 45713 operations; 1931 current ops/sec; est completion in 4 minutes [INSERT: Count=1932, Max=4343, Min=457, Avg=512.86, 90=521, 99=1096, 99.9=1684, 99.99=4343] 
2020-10-09 14:31:31:925 28 sec: 47650 operations; 1937 current ops/sec; est completion in 4 minutes [INSERT: Count=1937, Max=3979, Min=459, Avg=511.98, 90=523, 99=1096, 99.9=1134, 99.99=3979] 
2020-10-09 14:31:32:925 29 sec: 49593 operations; 1943 current ops/sec; est completion in 4 minutes [INSERT: Count=1943, Max=1142, Min=460, Avg=511.05, 90=523, 99=1082, 99.9=1111, 99.99=1142] 
2020-10-09 14:31:33:925 30 sec: 51526 operations; 1933 current ops/sec; est completion in 4 minutes [INSERT: Count=1932, Max=3845, Min=456, Avg=513.13, 90=527, 99=1087, 99.9=1206, 99.99=3845] 
2020-10-09 14:31:34:925 31 sec: 53471 operations; 1945 current ops/sec; est completion in 4 minutes [INSERT: Count=1944, Max=1601, Min=459, Avg=508.88, 90=518, 99=1089, 99.9=1131, 99.99=1601] 
2020-10-09 14:31:35:925 32 sec: 55375 operations; 1904 current ops/sec; est completion in 4 minutes [INSERT: Count=1905, Max=4045, Min=459, Avg=522.43, 90=533, 99=1103, 99.9=1604, 99.99=4045] 
2020-10-09 14:31:36:925 33 sec: 57310 operations; 1935 current ops/sec; est completion in 4 minutes [INSERT: Count=1936, Max=1192, Min=457, Avg=513.04, 90=523, 99=1092, 99.9=1126, 99.99=1192] 
2020-10-09 14:31:37:925 34 sec: 59222 operations; 1912 current ops/sec; est completion in 4 minutes [INSERT: Count=1911, Max=7243, Min=457, Avg=518.78, 90=527, 99=1095, 99.9=1136, 99.99=7243] 
2020-10-09 14:31:38:925 35 sec: 61152 operations; 1930 current ops/sec; est completion in 4 minutes [INSERT: Count=1930, Max=1281, Min=462, Avg=514.69, 90=534, 99=1088, 99.9=1131, 99.99=1281] 
2020-10-09 14:31:39:925 36 sec: 63094 operations; 1940.06 current ops/sec; est completion in 4 minutes [INSERT: Count=1942, Max=3945, Min=459, Avg=511.89, 90=532, 99=1081, 99.9=1156, 99.99=3945] 
2020-10-09 14:31:40:925 37 sec: 65042 operations; 1949.95 current ops/sec; est completion in 4 minutes [INSERT: Count=1948, Max=3679, Min=457, Avg=509.94, 90=525, 99=1087, 99.9=1133, 99.99=3679] 
2020-10-09 14:31:41:925 38 sec: 66991 operations; 1949 current ops/sec; est completion in 4 minutes [INSERT: Count=1949, Max=1787, Min=460, Avg=510.35, 90=528, 99=1078, 99.9=1123, 99.99=1787] 
2020-10-09 14:31:42:925 39 sec: 68943 operations; 1952 current ops/sec; est completion in 4 minutes [INSERT: Count=1952, Max=1142, Min=459, Avg=509.54, 90=529, 99=1083, 99.9=1110, 99.99=1142] 
2020-10-09 14:31:43:925 40 sec: 70897 operations; 1954 current ops/sec; est completion in 4 minutes [INSERT: Count=1954, Max=1595, Min=462, Avg=509.04, 90=526, 99=1079, 99.9=1106, 99.99=1595] 
2020-10-09 14:31:44:925 41 sec: 72849 operations; 1952 current ops/sec; est completion in 4 minutes [INSERT: Count=1952, Max=1125, Min=459, Avg=509.58, 90=530, 99=1082, 99.9=1119, 99.99=1125] 
2020-10-09 14:31:45:925 42 sec: 74804 operations; 1955 current ops/sec; est completion in 3 minutes [INSERT: Count=1955, Max=1580, Min=459, Avg=508.85, 90=531, 99=1080, 99.9=1124, 99.99=1580] 
2020-10-09 14:31:46:925 43 sec: 76748 operations; 1944 current ops/sec; est completion in 3 minutes [INSERT: Count=1944, Max=3851, Min=458, Avg=510.94, 90=529, 99=1079, 99.9=1173, 99.99=3851] 
2020-10-09 14:31:47:925 44 sec: 78709 operations; 1961 current ops/sec; est completion in 3 minutes [INSERT: Count=1961, Max=1592, Min=450, Avg=507.42, 90=522, 99=1114, 99.9=1173, 99.99=1592] 
2020-10-09 14:31:48:925 45 sec: 80658 operations; 1949 current ops/sec; est completion in 3 minutes [INSERT: Count=1950, Max=3569, Min=456, Avg=509.8, 90=523, 99=1103, 99.9=1653, 99.99=3569] 
2020-10-09 14:31:49:925 46 sec: 82562 operations; 1904 current ops/sec; est completion in 3 minutes [INSERT: Count=1903, Max=1695, Min=458, Avg=522.51, 90=528, 99=1099, 99.9=1177, 99.99=1695] 
2020-10-09 14:31:50:925 47 sec: 84487 operations; 1925 current ops/sec; est completion in 3 minutes [INSERT: Count=1925, Max=2829, Min=456, Avg=516.29, 90=524, 99=1097, 99.9=1667, 99.99=2829] 
2020-10-09 14:31:51:925 48 sec: 86436 operations; 1949 current ops/sec; est completion in 3 minutes [INSERT: Count=1949, Max=1683, Min=455, Avg=510.79, 90=520, 99=1100, 99.9=1142, 99.99=1683] 
2020-10-09 14:31:52:925 49 sec: 88365 operations; 1929 current ops/sec; est completion in 3 minutes [INSERT: Count=1929, Max=4215, Min=455, Avg=514.89, 90=521, 99=1103, 99.9=1173, 99.99=4215] 
2020-10-09 14:31:53:925 50 sec: 90274 operations; 1909 current ops/sec; est completion in 3 minutes [INSERT: Count=1908, Max=3117, Min=456, Avg=520.55, 90=527, 99=1113, 99.9=1174, 99.99=3117] 
2020-10-09 14:31:54:925 51 sec: 92195 operations; 1921 current ops/sec; est completion in 3 minutes [INSERT: Count=1922, Max=1939, Min=458, Avg=517.52, 90=526, 99=1119, 99.9=1636, 99.99=1939] 
2020-10-09 14:31:55:925 52 sec: 94127 operations; 1932 current ops/sec; est completion in 3 minutes [INSERT: Count=1932, Max=4503, Min=454, Avg=514.39, 90=521, 99=1105, 99.9=1193, 99.99=4503] 
2020-10-09 14:31:56:925 53 sec: 96057 operations; 1930 current ops/sec; est completion in 3 minutes [INSERT: Count=1931, Max=1674, Min=453, Avg=514.93, 90=523, 99=1104, 99.9=1214, 99.99=1674] 
2020-10-09 14:31:57:924 54 sec: 97995 operations; 1938 current ops/sec; est completion in 3 minutes [INSERT: Count=1937, Max=1692, Min=453, Avg=513.23, 90=525, 99=1110, 99.9=1153, 99.99=1692] 
2020-10-09 14:31:58:925 55 sec: 99927 operations; 1932 current ops/sec; est completion in 3 minutes [INSERT: Count=1933, Max=3165, Min=456, Avg=514.35, 90=524, 99=1102, 99.9=1173, 99.99=3165] 
2020-10-09 14:31:59:925 56 sec: 100000 operations; 73 current ops/sec; est completion in 3 minutes [INSERT: Count=71, Max=1141, Min=457, Avg=518.77, 90=525, 99=1090, 99.9=1141, 99.99=1141] 
2020-10-09 14:32:00:925 57 sec: 100000 operations; 0 current ops/sec; est completion in 3 minutes [INSERT: Count=0, Max=0, Min=9223372036854775807, Avg=NaN, 90=0, 99=0, 99.9=0, 99.99=0] 
2020-10-09 14:32:01:925 58 sec: 100000 operations; 0 current ops/sec; est completion in 3 minutes [INSERT: Count=0, Max=0, Min=9223372036854775807, Avg=NaN, 90=0, 99=0, 99.9=0, 99.99=0] 
2020-10-09 14:32:02:924 59 sec: 100000 operations; 0 current ops/sec; est completion in 3 minutes [INSERT: Count=0, Max=0, Min=9223372036854775807, Avg=NaN, 90=0, 99=0, 99.9=0, 99.99=0] 
2020-10-09 14:32:03:925 60 sec: 100000 operations; 0 current ops/sec; est completion in 4 minutes [INSERT: Count=0, Max=0, Min=9223372036854775807, Avg=NaN, 90=0, 99=0, 99.9=0, 99.99=0] 
2020-10-09 14:32:04:925 61 sec: 100000 operations; 0 current ops/sec; est completion in 4 minutes [INSERT: Count=0, Max=0, Min=9223372036854775807, Avg=NaN, 90=0, 99=0, 99.9=0, 99.99=0] 
2020-10-09 14:32:05:925 62 sec: 100000 operations; 0 current ops/sec; est completion in 4 minutes [INSERT: Count=0, Max=0, Min=9223372036854775807, Avg=NaN, 90=0, 99=0, 99.9=0, 99.99=0] 
2020-10-09 14:32:06:925 63 sec: 101390 operations; 1390 current ops/sec; est completion in 4 minutes [INSERT: Count=1391, Max=7258111, Min=442, Avg=5722.14, 90=524, 99=1118, 99.9=2937, 99.99=7258111] 
2020-10-09 14:32:07:925 64 sec: 103300 operations; 1910 current ops/sec; est completion in 4 minutes [INSERT: Count=1910, Max=4391, Min=458, Avg=516.21, 90=537, 99=1094, 99.9=1537, 99.99=4391] 
2020-10-09 14:32:08:925 65 sec: 105217 operations; 1917 current ops/sec; est completion in 4 minutes [INSERT: Count=1917, Max=3945, Min=457, Avg=513.96, 90=534, 99=1093, 99.9=1670, 99.99=3945] 
2020-10-09 14:32:09:925 66 sec: 107001 operations; 1784 current ops/sec; est completion in 4 minutes [INSERT: Count=1784, Max=3907, Min=495, Avg=553.82, 90=557, 99=1129, 99.9=1664, 99.99=3907] 
2020-10-09 14:32:10:925 67 sec: 108823 operations; 1822 current ops/sec; est completion in 4 minutes [INSERT: Count=1822, Max=1640, Min=489, Avg=545.29, 90=547, 99=1114, 99.9=1168, 99.99=1640] 
2020-10-09 14:32:11:925 68 sec: 110644 operations; 1821 current ops/sec; est completion in 4 minutes [INSERT: Count=1820, Max=1714, Min=488, Avg=545.02, 90=545, 99=1126, 99.9=1621, 99.99=1714] 
2020-10-09 14:32:12:925 69 sec: 112499 operations; 1855 current ops/sec; est completion in 3 minutes [INSERT: Count=1856, Max=1646, Min=482, Avg=535.76, 90=537, 99=1106, 99.9=1173, 99.99=1646] 
2020-10-09 14:32:13:925 70 sec: 114330 operations; 1831 current ops/sec; est completion in 3 minutes [INSERT: Count=1831, Max=3845, Min=482, Avg=541.07, 90=541, 99=1110, 99.9=1660, 99.99=3845] 
2020-10-09 14:32:14:925 71 sec: 116296 operations; 1966 current ops/sec; est completion in 3 minutes [INSERT: Count=1966, Max=1585, Min=446, Avg=501.38, 90=526, 99=1068, 99.9=1182, 99.99=1585] 
2020-10-09 14:32:15:925 72 sec: 118294 operations; 1998 current ops/sec; est completion in 3 minutes [INSERT: Count=1997, Max=1553, Min=445, Avg=492.93, 90=509, 99=1065, 99.9=1164, 99.99=1553] 
2020-10-09 14:32:16:925 73 sec: 120279 operations; 1985 current ops/sec; est completion in 3 minutes [INSERT: Count=1985, Max=3949, Min=444, Avg=496.71, 90=512, 99=1074, 99.9=1564, 99.99=3949] 
2020-10-09 14:32:17:925 74 sec: 122276 operations; 1997 current ops/sec; est completion in 3 minutes [INSERT: Count=1998, Max=1580, Min=443, Avg=492.95, 90=509, 99=1063, 99.9=1182, 99.99=1580] 
2020-10-09 14:32:18:925 75 sec: 124277 operations; 2001 current ops/sec; est completion in 3 minutes [INSERT: Count=2001, Max=1607, Min=442, Avg=492.42, 90=507, 99=1068, 99.9=1535, 99.99=1607] 
2020-10-09 14:32:19:925 76 sec: 126316 operations; 2039 current ops/sec; est completion in 3 minutes [INSERT: Count=2039, Max=3345, Min=437, Avg=487.62, 90=492, 99=1080, 99.9=1531, 99.99=3345] 
2020-10-09 14:32:20:925 77 sec: 128327 operations; 2011 current ops/sec; est completion in 3 minutes [INSERT: Count=2011, Max=1634, Min=442, Avg=494.86, 90=505, 99=1085, 99.9=1142, 99.99=1634] 
2020-10-09 14:32:21:925 78 sec: 130315 operations; 1988 current ops/sec; est completion in 3 minutes [INSERT: Count=1987, Max=1630, Min=443, Avg=500.58, 90=508, 99=1096, 99.9=1135, 99.99=1630] 
2020-10-09 14:32:22:925 79 sec: 132279 operations; 1964 current ops/sec; est completion in 3 minutes [INSERT: Count=1965, Max=1610, Min=455, Avg=506.54, 90=510, 99=1092, 99.9=1282, 99.99=1610] 
2020-10-09 14:32:23:925 80 sec: 134210 operations; 1931 current ops/sec; est completion in 3 minutes [INSERT: Count=1930, Max=3449, Min=453, Avg=514.42, 90=524, 99=1099, 99.9=1577, 99.99=3449] 
2020-10-09 14:32:24:925 81 sec: 136182 operations; 1972 current ops/sec; est completion in 3 minutes [INSERT: Count=1973, Max=1591, Min=446, Avg=499, 90=518, 99=1063, 99.9=1166, 99.99=1591] 
2020-10-09 14:32:25:925 82 sec: 138167 operations; 1985 current ops/sec; est completion in 3 minutes [INSERT: Count=1985, Max=1575, Min=447, Avg=496.43, 90=512, 99=1065, 99.9=1122, 99.99=1575] 
2020-10-09 14:32:26:925 83 sec: 140150 operations; 1983 current ops/sec; est completion in 3 minutes [INSERT: Count=1982, Max=1592, Min=448, Avg=497.29, 90=513, 99=1070, 99.9=1148, 99.99=1592] 
2020-10-09 14:32:27:925 84 sec: 142163 operations; 2013 current ops/sec; est completion in 3 minutes [INSERT: Count=2013, Max=2779, Min=440, Avg=490.71, 90=507, 99=1075, 99.9=1585, 99.99=2779] 
2020-10-09 14:32:28:925 85 sec: 144174 operations; 2011 current ops/sec; est completion in 3 minutes [INSERT: Count=2012, Max=1614, Min=443, Avg=494.9, 90=506, 99=1090, 99.9=1579, 99.99=1614] 
2020-10-09 14:32:29:925 86 sec: 146184 operations; 2010 current ops/sec; est completion in 3 minutes [INSERT: Count=2010, Max=1626, Min=441, Avg=495.02, 90=507, 99=1080, 99.9=1249, 99.99=1626] 
2020-10-09 14:32:30:925 87 sec: 148179 operations; 1995 current ops/sec; est completion in 3 minutes [INSERT: Count=1994, Max=3947, Min=444, Avg=498.66, 90=508, 99=1087, 99.9=1574, 99.99=3947] 
2020-10-09 14:32:31:925 88 sec: 150146 operations; 1967 current ops/sec; est completion in 3 minutes [INSERT: Count=1968, Max=1657, Min=454, Avg=505.62, 90=510, 99=1095, 99.9=1609, 99.99=1657] 
2020-10-09 14:32:32:925 89 sec: 152112 operations; 1966 current ops/sec; est completion in 3 minutes [INSERT: Count=1966, Max=1683, Min=454, Avg=506.17, 90=511, 99=1092, 99.9=1130, 99.99=1683] 
2020-10-09 14:32:33:925 90 sec: 154071 operations; 1959 current ops/sec; est completion in 3 minutes [INSERT: Count=1959, Max=2807, Min=455, Avg=507.76, 90=511, 99=1098, 99.9=1605, 99.99=2807] 
2020-10-09 14:32:34:925 91 sec: 155789 operations; 1718 current ops/sec; est completion in 3 minutes [INSERT: Count=1717, Max=155391, Min=437, Avg=579.41, 90=499, 99=1082, 99.9=1129, 99.99=155391] 
2020-10-09 14:32:35:925 92 sec: 157700 operations; 1911 current ops/sec; est completion in 3 minutes [INSERT: Count=1912, Max=22703, Min=411, Avg=515.95, 90=546, 99=1097, 99.9=3309, 99.99=22703] 
2020-10-09 14:32:36:925 93 sec: 160005 operations; 2305 current ops/sec; est completion in 3 minutes [INSERT: Count=2305, Max=1051, Min=396, Avg=426.96, 90=449, 99=525, 99.9=1010, 99.99=1051] 
2020-10-09 14:32:37:925 94 sec: 162340 operations; 2335 current ops/sec; est completion in 3 minutes [INSERT: Count=2335, Max=1037, Min=397, Avg=421.35, 90=440, 99=514, 99.9=1031, 99.99=1037] 
2020-10-09 14:32:38:925 95 sec: 164658 operations; 2318 current ops/sec; est completion in 3 minutes [INSERT: Count=2318, Max=3905, Min=393, Avg=425.13, 90=444, 99=540, 99.9=1117, 99.99=3905] 
2020-10-09 14:32:39:925 96 sec: 166958 operations; 2300 current ops/sec; est completion in 3 minutes [INSERT: Count=2300, Max=1106, Min=393, Avg=432.38, 90=455, 99=977, 99.9=1064, 99.99=1106] 
2020-10-09 14:32:40:925 97 sec: 169322 operations; 2364 current ops/sec; est completion in 3 minutes [INSERT: Count=2363, Max=1070, Min=393, Avg=420.92, 90=437, 99=977, 99.9=1034, 99.99=1070] 
2020-10-09 14:32:41:925 98 sec: 171689 operations; 2367 current ops/sec; est completion in 3 minutes [INSERT: Count=2368, Max=1522, Min=393, Avg=420.15, 90=435, 99=973, 99.9=1038, 99.99=1522] 
2020-10-09 14:32:42:925 99 sec: 174048 operations; 2359 current ops/sec; est completion in 3 minutes [INSERT: Count=2359, Max=3389, Min=392, Avg=421.41, 90=436, 99=980, 99.9=1029, 99.99=3389] 
2020-10-09 14:32:43:925 100 sec: 176426 operations; 2378 current ops/sec; est completion in 3 minutes [INSERT: Count=2378, Max=1061, Min=393, Avg=418.16, 90=432, 99=985, 99.9=1028, 99.99=1061] 
2020-10-09 14:32:44:925 101 sec: 178757 operations; 2331 current ops/sec; est completion in 3 minutes [INSERT: Count=2331, Max=8847, Min=392, Avg=423.53, 90=438, 99=560, 99.9=1074, 99.99=8847] 
2020-10-09 14:32:45:925 102 sec: 181131 operations; 2374 current ops/sec; est completion in 3 minutes [INSERT: Count=2374, Max=1029, Min=390, Avg=414.26, 90=435, 99=498, 99.9=1001, 99.99=1029] 
2020-10-09 14:32:46:925 103 sec: 183514 operations; 2383 current ops/sec; est completion in 2 minutes [INSERT: Count=2382, Max=1037, Min=391, Avg=412.54, 90=431, 99=508, 99.9=998, 99.99=1037] 
2020-10-09 14:32:47:925 104 sec: 185888 operations; 2374 current ops/sec; est completion in 2 minutes [INSERT: Count=2375, Max=1040, Min=392, Avg=414.05, 90=434, 99=498, 99.9=986, 99.99=1040] 
2020-10-09 14:32:48:925 105 sec: 188280 operations; 2392 current ops/sec; est completion in 2 minutes [INSERT: Count=2392, Max=1035, Min=392, Avg=410.95, 90=429, 99=500, 99.9=1019, 99.99=1035] 
2020-10-09 14:32:49:925 106 sec: 190587 operations; 2307 current ops/sec; est completion in 2 minutes [INSERT: Count=2306, Max=1071, Min=391, Avg=426.52, 90=450, 99=547, 99.9=1044, 99.99=1071] 
2020-10-09 14:32:50:925 107 sec: 192940 operations; 2353 current ops/sec; est completion in 2 minutes [INSERT: Count=2354, Max=4023, Min=389, Avg=420.03, 90=436, 99=558, 99.9=1075, 99.99=4023] 
2020-10-09 14:32:51:925 108 sec: 195290 operations; 2350 current ops/sec; est completion in 2 minutes [INSERT: Count=2349, Max=6359, Min=391, Avg=419.71, 90=438, 99=531, 99.9=1005, 99.99=6359] 
2020-10-09 14:32:52:925 109 sec: 197667 operations; 2377 current ops/sec; est completion in 2 minutes [INSERT: Count=2378, Max=1104, Min=390, Avg=413.64, 90=435, 99=505, 99.9=1001, 99.99=1104] 
2020-10-09 14:32:53:925 110 sec: 200000 operations; 2333 current ops/sec; est completion in 2 minutes [INSERT: Count=2332, Max=1591, Min=391, Avg=413.14, 90=434, 99=499, 99.9=995, 99.99=1591] 
2020-10-09 14:32:54:924 111 sec: 200000 operations; 0 current ops/sec; est completion in 2 minutes [INSERT: Count=0, Max=0, Min=9223372036854775807, Avg=NaN, 90=0, 99=0, 99.9=0, 99.99=0] 
2020-10-09 14:32:55:924 112 sec: 200000 operations; 0 current ops/sec; est completion in 2 minutes [INSERT: Count=0, Max=0, Min=9223372036854775807, Avg=NaN, 90=0, 99=0, 99.9=0, 99.99=0] 
2020-10-09 14:32:56:924 113 sec: 200000 operations; 0 current ops/sec; est completion in 2 minutes [INSERT: Count=0, Max=0, Min=9223372036854775807, Avg=NaN, 90=0, 99=0, 99.9=0, 99.99=0] 
2020-10-09 14:32:57:924 114 sec: 200000 operations; 0 current ops/sec; est completion in 2 minutes [INSERT: Count=0, Max=0, Min=9223372036854775807, Avg=NaN, 90=0, 99=0, 99.9=0, 99.99=0] 
2020-10-09 14:32:58:924 115 sec: 200000 operations; 0 current ops/sec; est completion in 2 minutes [INSERT: Count=0, Max=0, Min=9223372036854775807, Avg=NaN, 90=0, 99=0, 99.9=0, 99.99=0] 
2020-10-09 14:32:59:924 116 sec: 200000 operations; 0 current ops/sec; est completion in 2 minutes [INSERT: Count=0, Max=0, Min=9223372036854775807, Avg=NaN, 90=0, 99=0, 99.9=0, 99.99=0] 
2020-10-09 14:33:00:924 117 sec: 200000 operations; 0 current ops/sec; est completion in 2 minutes [INSERT: Count=0, Max=0, Min=9223372036854775807, Avg=NaN, 90=0, 99=0, 99.9=0, 99.99=0] 
2020-10-09 14:33:01:924 118 sec: 200000 operations; 0 current ops/sec; est completion in 2 minutes [INSERT: Count=0, Max=0, Min=9223372036854775807, Avg=NaN, 90=0, 99=0, 99.9=0, 99.99=0] 
2020-10-09 14:33:02:924 119 sec: 200000 operations; 0 current ops/sec; est completion in 2 minutes [INSERT: Count=0, Max=0, Min=9223372036854775807, Avg=NaN, 90=0, 99=0, 99.9=0, 99.99=0] 
2020-10-09 14:33:03:924 120 sec: 200000 operations; 0 current ops/sec; est completion in 3 minutes [INSERT: Count=0, Max=0, Min=9223372036854775807, Avg=NaN, 90=0, 99=0, 99.9=0, 99.99=0] 
2020-10-09 14:33:04:924 121 sec: 200000 operations; 0 current ops/sec; est completion in 3 minutes [INSERT: Count=0, Max=0, Min=9223372036854775807, Avg=NaN, 90=0, 99=0, 99.9=0, 99.99=0] 
2020-10-09 14:33:05:924 122 sec: 200000 operations; 0 current ops/sec; est completion in 3 minutes [INSERT: Count=0, Max=0, Min=9223372036854775807, Avg=NaN, 90=0, 99=0, 99.9=0, 99.99=0] 
2020-10-09 14:33:06:924 123 sec: 200000 operations; 0 current ops/sec; est completion in 3 minutes [INSERT: Count=0, Max=0, Min=9223372036854775807, Avg=NaN, 90=0, 99=0, 99.9=0, 99.99=0] 
2020-10-09 14:33:07:925 124 sec: 200757 operations; 757 current ops/sec; est completion in 3 minutes [INSERT: Count=758, Max=13697023, Min=391, Avg=18490.59, 90=435, 99=1016, 99.9=3717, 99.99=13697023] 
2020-10-09 14:33:08:925 125 sec: 203144 operations; 2387 current ops/sec; est completion in 3 minutes [INSERT: Count=2387, Max=1552, Min=391, Avg=416.64, 90=429, 99=969, 99.9=1041, 99.99=1552] 
2020-10-09 14:33:09:925 126 sec: 205521 operations; 2377 current ops/sec; est completion in 3 minutes [INSERT: Count=2377, Max=5871, Min=389, Avg=416.35, 90=425, 99=597, 99.9=1039, 99.99=5871] 
2020-10-09 14:33:10:925 127 sec: 207923 operations; 2402 current ops/sec; est completion in 2 minutes [INSERT: Count=2402, Max=1073, Min=386, Avg=409.35, 90=424, 99=496, 99.9=970, 99.99=1073] 
2020-10-09 14:33:11:925 128 sec: 210282 operations; 2359 current ops/sec; est completion in 2 minutes [INSERT: Count=2359, Max=1070, Min=391, Avg=417.06, 90=432, 99=503, 99.9=1015, 99.99=1070] 
2020-10-09 14:33:12:925 129 sec: 212683 operations; 2401 current ops/sec; est completion in 2 minutes [INSERT: Count=2401, Max=4291, Min=390, Avg=412.8, 90=421, 99=947, 99.9=1042, 99.99=4291] 
2020-10-09 14:33:13:925 130 sec: 215098 operations; 2415 current ops/sec; est completion in 2 minutes [INSERT: Count=2415, Max=1543, Min=390, Avg=411.74, 90=420, 99=970, 99.9=1032, 99.99=1543] 
2020-10-09 14:33:14:925 131 sec: 217516 operations; 2418 current ops/sec; est completion in 2 minutes [INSERT: Count=2418, Max=1061, Min=389, Avg=411.28, 90=421, 99=974, 99.9=1037, 99.99=1061] 
2020-10-09 14:33:15:925 132 sec: 219931 operations; 2415 current ops/sec; est completion in 2 minutes [INSERT: Count=2416, Max=1202, Min=389, Avg=411.79, 90=420, 99=966, 99.9=1052, 99.99=1202] 
2020-10-09 14:33:16:925 133 sec: 222346 operations; 2415 current ops/sec; est completion in 2 minutes [INSERT: Count=2414, Max=1044, Min=390, Avg=411.82, 90=419, 99=975, 99.9=1008, 99.99=1044] 
2020-10-09 14:33:17:925 134 sec: 224761 operations; 2415 current ops/sec; est completion in 2 minutes [INSERT: Count=2415, Max=1036, Min=391, Avg=411.88, 90=419, 99=970, 99.9=1026, 99.99=1036] 
2020-10-09 14:33:18:925 135 sec: 227179 operations; 2418 current ops/sec; est completion in 2 minutes [INSERT: Count=2417, Max=1029, Min=389, Avg=411.37, 90=420, 99=966, 99.9=1016, 99.99=1029] 
2020-10-09 14:33:19:925 136 sec: 229523 operations; 2344 current ops/sec; est completion in 2 minutes [INSERT: Count=2344, Max=1115, Min=390, Avg=424.41, 90=437, 99=981, 99.9=1067, 99.99=1115] 
2020-10-09 14:33:20:925 137 sec: 231824 operations; 2301 current ops/sec; est completion in 2 minutes [INSERT: Count=2302, Max=4251, Min=403, Avg=432.01, 90=442, 99=1019, 99.9=1072, 99.99=4251] 
2020-10-09 14:33:21:925 138 sec: 234138 operations; 2314 current ops/sec; est completion in 2 minutes [INSERT: Count=2314, Max=1393, Min=404, Avg=429.93, 90=443, 99=1021, 99.9=1085, 99.99=1393] 
2020-10-09 14:33:22:925 139 sec: 236447 operations; 2309 current ops/sec; est completion in 2 minutes [INSERT: Count=2308, Max=1091, Min=404, Avg=430.85, 90=443, 99=1023, 99.9=1080, 99.99=1091] 
2020-10-09 14:33:23:925 140 sec: 238701 operations; 2254 current ops/sec; est completion in 2 minutes [INSERT: Count=2255, Max=1085, Min=406, Avg=441.32, 90=462, 99=985, 99.9=1061, 99.99=1085] 
2020-10-09 14:33:24:925 141 sec: 241041 operations; 2340 current ops/sec; est completion in 2 minutes [INSERT: Count=2340, Max=1147, Min=397, Avg=424.98, 90=439, 99=1004, 99.9=1104, 99.99=1147] 
2020-10-09 14:33:25:925 142 sec: 243400 operations; 2359 current ops/sec; est completion in 2 minutes [INSERT: Count=2358, Max=1137, Min=397, Avg=421.8, 90=432, 99=1021, 99.9=1105, 99.99=1137] 
2020-10-09 14:33:26:925 143 sec: 245752 operations; 2352 current ops/sec; est completion in 2 minutes [INSERT: Count=2353, Max=1124, Min=398, Avg=422.79, 90=434, 99=1033, 99.9=1116, 99.99=1124] 
2020-10-09 14:33:27:925 144 sec: 248074 operations; 2322 current ops/sec; est completion in 2 minutes [INSERT: Count=2321, Max=3339, Min=398, Avg=428.32, 90=440, 99=1027, 99.9=1089, 99.99=3339] 
2020-10-09 14:33:28:925 145 sec: 250312 operations; 2238 current ops/sec; est completion in 2 minutes [INSERT: Count=2239, Max=7591, Min=394, Avg=444.29, 90=460, 99=997, 99.9=1066, 99.99=7591] 
2020-10-09 14:33:29:925 146 sec: 252656 operations; 2344 current ops/sec; est completion in 2 minutes [INSERT: Count=2344, Max=4175, Min=398, Avg=424.12, 90=433, 99=1024, 99.9=1126, 99.99=4175] 
2020-10-09 14:33:30:925 147 sec: 255007 operations; 2351 current ops/sec; est completion in 2 minutes [INSERT: Count=2351, Max=1135, Min=398, Avg=423.09, 90=432, 99=1036, 99.9=1115, 99.99=1135] 
2020-10-09 14:33:31:925 148 sec: 257362 operations; 2355 current ops/sec; est completion in 2 minutes [INSERT: Count=2355, Max=1150, Min=398, Avg=422.37, 90=433, 99=977, 99.9=1125, 99.99=1150] 
2020-10-09 14:33:32:925 149 sec: 259703 operations; 2341 current ops/sec; est completion in 2 minutes [INSERT: Count=2341, Max=3465, Min=398, Avg=424.79, 90=434, 99=1023, 99.9=1129, 99.99=3465] 
2020-10-09 14:33:33:925 150 sec: 262062 operations; 2359 current ops/sec; est completion in 2 minutes [INSERT: Count=2358, Max=1098, Min=399, Avg=421.74, 90=430, 99=1029, 99.9=1089, 99.99=1098] 
2020-10-09 14:33:34:925 151 sec: 264431 operations; 2369 current ops/sec; est completion in 2 minutes [INSERT: Count=2370, Max=1067, Min=395, Avg=419.8, 90=430, 99=973, 99.9=1059, 99.99=1067] 
2020-10-09 14:33:35:925 152 sec: 266801 operations; 2370 current ops/sec; est completion in 2 minutes [INSERT: Count=2369, Max=1058, Min=396, Avg=419.71, 90=428, 99=982, 99.9=1044, 99.99=1058] 
2020-10-09 14:33:36:925 153 sec: 269113 operations; 2312 current ops/sec; est completion in 2 minutes [INSERT: Count=2313, Max=1115, Min=395, Avg=430.25, 90=459, 99=978, 99.9=1064, 99.99=1115] 
2020-10-09 14:33:37:925 154 sec: 271152 operations; 2039 current ops/sec; est completion in 2 minutes [INSERT: Count=2039, Max=73919, Min=400, Avg=487.92, 90=481, 99=997, 99.9=1075, 99.99=73919] 
2020-10-09 14:33:38:925 155 sec: 273504 operations; 2352 current ops/sec; est completion in 2 minutes [INSERT: Count=2351, Max=1066, Min=397, Avg=422.93, 90=439, 99=949, 99.9=1031, 99.99=1066] 
2020-10-09 14:33:39:925 156 sec: 275474 operations; 1970 current ops/sec; est completion in 2 minutes [INSERT: Count=1970, Max=111743, Min=398, Avg=482.79, 90=441, 99=1041, 99.9=1150, 99.99=111743] 
2020-10-09 14:33:40:924 157 sec: 277088 operations; 1614 current ops/sec; est completion in 2 minutes [INSERT: Count=1615, Max=350207, Min=398, Avg=638.93, 90=433, 99=595, 99.9=1161, 99.99=350207] 
2020-10-09 14:33:41:925 158 sec: 279441 operations; 2353 current ops/sec; est completion in 2 minutes [INSERT: Count=2352, Max=1439, Min=396, Avg=418.3, 90=432, 99=554, 99.9=1114, 99.99=1439] 
2020-10-09 14:33:42:925 159 sec: 281771 operations; 2330 current ops/sec; est completion in 2 minutes [INSERT: Count=2330, Max=6619, Min=395, Avg=424.43, 90=433, 99=611, 99.9=1152, 99.99=6619] 
2020-10-09 14:33:43:925 160 sec: 284027 operations; 2256 current ops/sec; est completion in 2 minutes [INSERT: Count=2257, Max=1118, Min=402, Avg=440.84, 90=458, 99=1004, 99.9=1098, 99.99=1118] 
2020-10-09 14:33:44:925 161 sec: 286374 operations; 2347 current ops/sec; est completion in 2 minutes [INSERT: Count=2347, Max=1146, Min=398, Avg=423.84, 90=433, 99=1045, 99.9=1123, 99.99=1146] 
2020-10-09 14:33:45:925 162 sec: 288737 operations; 2363 current ops/sec; est completion in 1 minute [INSERT: Count=2363, Max=1120, Min=395, Avg=420.86, 90=429, 99=1013, 99.9=1107, 99.99=1120] 
2020-10-09 14:33:46:925 163 sec: 291099 operations; 2362 current ops/sec; est completion in 1 minute [INSERT: Count=2361, Max=1159, Min=396, Avg=420.98, 90=428, 99=1000, 99.9=1132, 99.99=1159] 
2020-10-09 14:33:47:925 164 sec: 293464 operations; 2365 current ops/sec; est completion in 1 minute [INSERT: Count=2366, Max=1117, Min=396, Avg=420.74, 90=428, 99=1021, 99.9=1108, 99.99=1117] 
2020-10-09 14:33:48:925 165 sec: 295821 operations; 2357 current ops/sec; est completion in 1 minute [INSERT: Count=2356, Max=1158, Min=399, Avg=422.08, 90=430, 99=1015, 99.9=1141, 99.99=1158] 
2020-10-09 14:33:49:925 166 sec: 298166 operations; 2345 current ops/sec; est completion in 1 minute [INSERT: Count=2345, Max=4403, Min=397, Avg=423.93, 90=431, 99=1035, 99.9=1116, 99.99=4403] 
2020-10-09 14:33:50:925 167 sec: 300000 operations; 1834 current ops/sec; est completion in 1 minute [INSERT: Count=1834, Max=1107, Min=396, Avg=421.29, 90=429, 99=1049, 99.9=1097, 99.99=1107] 
2020-10-09 14:33:51:924 168 sec: 300000 operations; 0 current ops/sec; est completion in 1 minute [INSERT: Count=0, Max=0, Min=9223372036854775807, Avg=NaN, 90=0, 99=0, 99.9=0, 99.99=0] 
2020-10-09 14:33:52:924 169 sec: 300000 operations; 0 current ops/sec; est completion in 1 minute [INSERT: Count=0, Max=0, Min=9223372036854775807, Avg=NaN, 90=0, 99=0, 99.9=0, 99.99=0] 
2020-10-09 14:33:53:924 170 sec: 300000 operations; 0 current ops/sec; est completion in 1 minute [INSERT: Count=0, Max=0, Min=9223372036854775807, Avg=NaN, 90=0, 99=0, 99.9=0, 99.99=0] 
2020-10-09 14:33:54:924 171 sec: 300000 operations; 0 current ops/sec; est completion in 1 minute [INSERT: Count=0, Max=0, Min=9223372036854775807, Avg=NaN, 90=0, 99=0, 99.9=0, 99.99=0] 
2020-10-09 14:33:55:924 172 sec: 300000 operations; 0 current ops/sec; est completion in 1 minute [INSERT: Count=0, Max=0, Min=9223372036854775807, Avg=NaN, 90=0, 99=0, 99.9=0, 99.99=0] 
2020-10-09 14:33:56:924 173 sec: 300000 operations; 0 current ops/sec; est completion in 1 minute [INSERT: Count=0, Max=0, Min=9223372036854775807, Avg=NaN, 90=0, 99=0, 99.9=0, 99.99=0] 
2020-10-09 14:33:57:924 174 sec: 300000 operations; 0 current ops/sec; est completion in 1 minute [INSERT: Count=0, Max=0, Min=9223372036854775807, Avg=NaN, 90=0, 99=0, 99.9=0, 99.99=0] 
2020-10-09 14:33:58:924 175 sec: 300000 operations; 0 current ops/sec; est completion in 1 minute [INSERT: Count=0, Max=0, Min=9223372036854775807, Avg=NaN, 90=0, 99=0, 99.9=0, 99.99=0] 
2020-10-09 14:33:59:924 176 sec: 300000 operations; 0 current ops/sec; est completion in 1 minute [INSERT: Count=0, Max=0, Min=9223372036854775807, Avg=NaN, 90=0, 99=0, 99.9=0, 99.99=0] 
2020-10-09 14:34:00:924 177 sec: 300000 operations; 0 current ops/sec; est completion in 1 minute [INSERT: Count=0, Max=0, Min=9223372036854775807, Avg=NaN, 90=0, 99=0, 99.9=0, 99.99=0] 
2020-10-09 14:34:01:924 178 sec: 300000 operations; 0 current ops/sec; est completion in 1 minute [INSERT: Count=0, Max=0, Min=9223372036854775807, Avg=NaN, 90=0, 99=0, 99.9=0, 99.99=0] 
2020-10-09 14:34:02:924 179 sec: 300000 operations; 0 current ops/sec; est completion in 2 minutes [INSERT: Count=0, Max=0, Min=9223372036854775807, Avg=NaN, 90=0, 99=0, 99.9=0, 99.99=0] 
2020-10-09 14:34:03:925 180 sec: 300000 operations; 0 current ops/sec; est completion in 2 minutes [INSERT: Count=0, Max=0, Min=9223372036854775807, Avg=NaN, 90=0, 99=0, 99.9=0, 99.99=0] 
2020-10-09 14:34:04:924 181 sec: 300000 operations; 0 current ops/sec; est completion in 2 minutes [INSERT: Count=0, Max=0, Min=9223372036854775807, Avg=NaN, 90=0, 99=0, 99.9=0, 99.99=0] 
2020-10-09 14:34:05:924 182 sec: 300000 operations; 0 current ops/sec; est completion in 2 minutes [INSERT: Count=0, Max=0, Min=9223372036854775807, Avg=NaN, 90=0, 99=0, 99.9=0, 99.99=0] 
2020-10-09 14:34:06:924 183 sec: 300000 operations; 0 current ops/sec; est completion in 2 minutes [INSERT: Count=0, Max=0, Min=9223372036854775807, Avg=NaN, 90=0, 99=0, 99.9=0, 99.99=0] 
2020-10-09 14:34:07:924 184 sec: 300000 operations; 0 current ops/sec; est completion in 2 minutes [INSERT: Count=0, Max=0, Min=9223372036854775807, Avg=NaN, 90=0, 99=0, 99.9=0, 99.99=0] 
2020-10-09 14:34:08:924 185 sec: 300000 operations; 0 current ops/sec; est completion in 2 minutes [INSERT: Count=0, Max=0, Min=9223372036854775807, Avg=NaN, 90=0, 99=0, 99.9=0, 99.99=0] 
2020-10-09 14:34:09:924 186 sec: 300000 operations; 0 current ops/sec; est completion in 2 minutes [INSERT: Count=0, Max=0, Min=9223372036854775807, Avg=NaN, 90=0, 99=0, 99.9=0, 99.99=0] 
2020-10-09 14:34:10:924 187 sec: 300000 operations; 0 current ops/sec; est completion in 2 minutes [INSERT: Count=0, Max=0, Min=9223372036854775807, Avg=NaN, 90=0, 99=0, 99.9=0, 99.99=0] 
2020-10-09 14:34:11:924 188 sec: 300000 operations; 0 current ops/sec; est completion in 2 minutes [INSERT: Count=0, Max=0, Min=9223372036854775807, Avg=NaN, 90=0, 99=0, 99.9=0, 99.99=0] 
2020-10-09 14:34:12:924 189 sec: 300000 operations; 0 current ops/sec; est completion in 2 minutes [INSERT: Count=0, Max=0, Min=9223372036854775807, Avg=NaN, 90=0, 99=0, 99.9=0, 99.99=0] 
2020-10-09 14:34:13:924 190 sec: 300000 operations; 0 current ops/sec; est completion in 2 minutes [INSERT: Count=0, Max=0, Min=9223372036854775807, Avg=NaN, 90=0, 99=0, 99.9=0, 99.99=0] 
2020-10-09 14:34:14:924 191 sec: 300000 operations; 0 current ops/sec; est completion in 2 minutes [INSERT: Count=0, Max=0, Min=9223372036854775807, Avg=NaN, 90=0, 99=0, 99.9=0, 99.99=0] 
2020-10-09 14:34:15:924 192 sec: 300290 operations; 290 current ops/sec; est completion in 2 minutes [INSERT: Count=291, Max=25100287, Min=399, Avg=86661.07, 90=449, 99=1024, 99.9=25100287, 99.99=25100287] 
2020-10-09 14:34:16:925 193 sec: 302573 operations; 2283 current ops/sec; est completion in 2 minutes [INSERT: Count=2283, Max=1168, Min=393, Avg=435.82, 90=452, 99=1038, 99.9=1120, 99.99=1168] 
2020-10-09 14:34:17:925 194 sec: 304957 operations; 2384 current ops/sec; est completion in 2 minutes [INSERT: Count=2383, Max=1040, Min=391, Avg=417.31, 90=429, 99=980, 99.9=1025, 99.99=1040] 
2020-10-09 14:34:18:925 195 sec: 307274 operations; 2317 current ops/sec; est completion in 2 minutes [INSERT: Count=2318, Max=1102, Min=394, Avg=429.21, 90=443, 99=993, 99.9=1064, 99.99=1102] 
2020-10-09 14:34:19:925 196 sec: 309611 operations; 2337 current ops/sec; est completion in 2 minutes [INSERT: Count=2336, Max=1609, Min=392, Avg=425.76, 90=442, 99=978, 99.9=1089, 99.99=1609] 
2020-10-09 14:34:20:925 197 sec: 311984 operations; 2373 current ops/sec; est completion in 1 minute [INSERT: Count=2374, Max=1469, Min=391, Avg=418.99, 90=430, 99=979, 99.9=1052, 99.99=1469] 
2020-10-09 14:34:21:925 198 sec: 314351 operations; 2367 current ops/sec; est completion in 1 minute [INSERT: Count=2367, Max=1089, Min=391, Avg=420.29, 90=433, 99=958, 99.9=1042, 99.99=1089] 
2020-10-09 14:34:22:925 199 sec: 316734 operations; 2383 current ops/sec; est completion in 1 minute [INSERT: Count=2382, Max=3559, Min=389, Avg=417.26, 90=426, 99=977, 99.9=1048, 99.99=3559] 
2020-10-09 14:34:23:925 200 sec: 319132 operations; 2398 current ops/sec; est completion in 1 minute [INSERT: Count=2399, Max=1279, Min=390, Avg=414.76, 90=423, 99=980, 99.9=1062, 99.99=1279] 
2020-10-09 14:34:24:925 201 sec: 321534 operations; 2402 current ops/sec; est completion in 1 minute [INSERT: Count=2401, Max=1063, Min=389, Avg=414.09, 90=423, 99=980, 99.9=1041, 99.99=1063] 
2020-10-09 14:34:25:925 202 sec: 323886 operations; 2352 current ops/sec; est completion in 1 minute [INSERT: Count=2353, Max=6527, Min=391, Avg=422.61, 90=431, 99=967, 99.9=1070, 99.99=6527] 
2020-10-09 14:34:26:925 203 sec: 326207 operations; 2321 current ops/sec; est completion in 1 minute [INSERT: Count=2320, Max=1084, Min=391, Avg=428.62, 90=445, 99=982, 99.9=1067, 99.99=1084] 
2020-10-09 14:34:27:925 204 sec: 328607 operations; 2400 current ops/sec; est completion in 1 minute [INSERT: Count=2401, Max=1054, Min=391, Avg=414.38, 90=424, 99=973, 99.9=1013, 99.99=1054] 
2020-10-09 14:34:28:925 205 sec: 330959 operations; 2352 current ops/sec; est completion in 1 minute [INSERT: Count=2351, Max=4827, Min=392, Avg=419.23, 90=437, 99=523, 99.9=1026, 99.99=4827] 
2020-10-09 14:34:29:925 206 sec: 333324 operations; 2365 current ops/sec; est completion in 1 minute [INSERT: Count=2366, Max=1236, Min=391, Avg=415.21, 90=434, 99=506, 99.9=1057, 99.99=1236] 
2020-10-09 14:34:30:925 207 sec: 335713 operations; 2389 current ops/sec; est completion in 1 minute [INSERT: Count=2389, Max=1155, Min=391, Avg=411.41, 90=426, 99=500, 99.9=985, 99.99=1155] 
2020-10-09 14:34:31:925 208 sec: 338112 operations; 2399 current ops/sec; est completion in 1 minute [INSERT: Count=2398, Max=1069, Min=391, Avg=410.28, 90=424, 99=497, 99.9=985, 99.99=1069] 
2020-10-09 14:34:32:925 209 sec: 340471 operations; 2359 current ops/sec; est completion in 1 minute [INSERT: Count=2360, Max=3183, Min=391, Avg=418.12, 90=432, 99=530, 99.9=1039, 99.99=3183] 
2020-10-09 14:34:33:925 210 sec: 342759 operations; 2288 current ops/sec; est completion in 1 minute [INSERT: Count=2288, Max=1097, Min=407, Avg=434.78, 90=447, 99=996, 99.9=1080, 99.99=1097] 
2020-10-09 14:34:34:925 211 sec: 345121 operations; 2362 current ops/sec; est completion in 1 minute [INSERT: Count=2362, Max=6263, Min=390, Avg=418.34, 90=430, 99=540, 99.9=1144, 99.99=6263] 
2020-10-09 14:34:35:925 212 sec: 347431 operations; 2310 current ops/sec; est completion in 1 minute [INSERT: Count=2310, Max=5123, Min=393, Avg=426.72, 90=442, 99=562, 99.9=1113, 99.99=5123] 
2020-10-09 14:34:36:925 213 sec: 349814 operations; 2383 current ops/sec; est completion in 1 minute [INSERT: Count=2382, Max=3385, Min=392, Avg=417.28, 90=424, 99=977, 99.9=1037, 99.99=3385] 
2020-10-09 14:34:37:925 214 sec: 352217 operations; 2403 current ops/sec; est completion in 1 minute [INSERT: Count=2404, Max=1032, Min=391, Avg=413.74, 90=422, 99=967, 99.9=1021, 99.99=1032] 
2020-10-09 14:34:38:925 215 sec: 354618 operations; 2401 current ops/sec; est completion in 1 minute [INSERT: Count=2400, Max=2441, Min=390, Avg=414.08, 90=421, 99=978, 99.9=1104, 99.99=2441] 
2020-10-09 14:34:39:925 216 sec: 357016 operations; 2398 current ops/sec; est completion in 1 minute [INSERT: Count=2399, Max=1334, Min=391, Avg=414.82, 90=423, 99=978, 99.9=1024, 99.99=1334] 
2020-10-09 14:34:40:925 217 sec: 359419 operations; 2403 current ops/sec; est completion in 1 minute [INSERT: Count=2403, Max=1081, Min=392, Avg=413.84, 90=421, 99=966, 99.9=1015, 99.99=1081] 
2020-10-09 14:34:41:925 218 sec: 361825 operations; 2406 current ops/sec; est completion in 1 minute [INSERT: Count=2406, Max=1066, Min=391, Avg=413.4, 90=421, 99=977, 99.9=1028, 99.99=1066] 
2020-10-09 14:34:42:925 219 sec: 364173 operations; 2348 current ops/sec; est completion in 1 minute [INSERT: Count=2348, Max=6519, Min=391, Avg=423.5, 90=435, 99=986, 99.9=1092, 99.99=6519] 
2020-10-09 14:34:43:925 220 sec: 366575 operations; 2402 current ops/sec; est completion in 1 minute [INSERT: Count=2402, Max=1041, Min=390, Avg=414.04, 90=421, 99=979, 99.9=1025, 99.99=1041] 
2020-10-09 14:34:44:925 221 sec: 368663 operations; 2088 current ops/sec; est completion in 1 minute [INSERT: Count=2089, Max=130111, Min=390, Avg=476.39, 90=428, 99=977, 99.9=1047, 99.99=130111] 
2020-10-09 14:34:45:925 222 sec: 371060 operations; 2397 current ops/sec; est completion in 1 minute [INSERT: Count=2396, Max=1048, Min=389, Avg=414.98, 90=429, 99=958, 99.9=1036, 99.99=1048] 
2020-10-09 14:34:46:925 223 sec: 373447 operations; 2387 current ops/sec; est completion in 1 minute [INSERT: Count=2386, Max=2827, Min=390, Avg=416.64, 90=430, 99=972, 99.9=1014, 99.99=2827] 
2020-10-09 14:34:47:925 224 sec: 375525 operations; 2078 current ops/sec; est completion in 1 minute [INSERT: Count=2079, Max=103871, Min=400, Avg=478.53, 90=440, 99=1033, 99.9=1162, 99.99=103871] 
2020-10-09 14:34:48:925 225 sec: 377862 operations; 2337 current ops/sec; est completion in 1 minute [INSERT: Count=2336, Max=2313, Min=397, Avg=425.51, 90=438, 99=1010, 99.9=1148, 99.99=2313] 
2020-10-09 14:34:49:925 226 sec: 378829 operations; 967 current ops/sec; est completion in 1 minute [INSERT: Count=968, Max=394239, Min=398, Avg=1030.48, 90=439, 99=1058, 99.9=151039, 99.99=394239] 
2020-10-09 14:34:50:924 227 sec: 380530 operations; 1701 current ops/sec; est completion in 1 minute [INSERT: Count=1700, Max=265215, Min=399, Avg=585.45, 90=438, 99=1056, 99.9=1334, 99.99=265215] 
2020-10-09 14:34:51:924 228 sec: 382873 operations; 2343 current ops/sec; est completion in 1 minute [INSERT: Count=2343, Max=1149, Min=400, Avg=424.5, 90=433, 99=1032, 99.9=1134, 99.99=1149] 
2020-10-09 14:34:52:924 229 sec: 385241 operations; 2368 current ops/sec; est completion in 1 minute [INSERT: Count=2368, Max=1158, Min=396, Avg=420.03, 90=427, 99=1046, 99.9=1110, 99.99=1158] 
2020-10-09 14:34:53:925 230 sec: 387556 operations; 2315 current ops/sec; est completion in 1 minute [INSERT: Count=2316, Max=6775, Min=398, Avg=429.43, 90=434, 99=1030, 99.9=1145, 99.99=6775] 
2020-10-09 14:34:54:925 231 sec: 389892 operations; 2336 current ops/sec; est completion in 1 minute [INSERT: Count=2336, Max=1161, Min=401, Avg=425.77, 90=434, 99=1003, 99.9=1106, 99.99=1161] 
2020-10-09 14:34:55:925 232 sec: 392239 operations; 2347 current ops/sec; est completion in 1 minute [INSERT: Count=2346, Max=2537, Min=397, Avg=423.8, 90=430, 99=1036, 99.9=1164, 99.99=2537] 
2020-10-09 14:34:56:925 233 sec: 394579 operations; 2340 current ops/sec; est completion in 1 minute [INSERT: Count=2340, Max=5195, Min=399, Avg=424.93, 90=430, 99=1035, 99.9=1098, 99.99=5195] 
2020-10-09 14:34:57:925 234 sec: 396927 operations; 2348 current ops/sec; est completion in 1 minute [INSERT: Count=2349, Max=1161, Min=399, Avg=423.57, 90=432, 99=1033, 99.9=1124, 99.99=1161] 
2020-10-09 14:34:58:925 235 sec: 399277 operations; 2350 current ops/sec; est completion in 1 minute [INSERT: Count=2349, Max=1294, Min=398, Avg=423.33, 90=432, 99=1023, 99.9=1120, 99.99=1294] 
2020-10-09 14:34:59:925 236 sec: 400000 operations; 723 current ops/sec; est completion in 59 seconds [INSERT: Count=723, Max=1063, Min=395, Avg=423.09, 90=431, 99=970, 99.9=1059, 99.99=1063] 
2020-10-09 14:35:00:924 237 sec: 400000 operations; 0 current ops/sec; est completion in 1 minute [INSERT: Count=0, Max=0, Min=9223372036854775807, Avg=NaN, 90=0, 99=0, 99.9=0, 99.99=0] 
2020-10-09 14:35:01:924 238 sec: 400000 operations; 0 current ops/sec; est completion in 1 minute [INSERT: Count=0, Max=0, Min=9223372036854775807, Avg=NaN, 90=0, 99=0, 99.9=0, 99.99=0] 
2020-10-09 14:35:02:924 239 sec: 400000 operations; 0 current ops/sec; est completion in 1 minute [INSERT: Count=0, Max=0, Min=9223372036854775807, Avg=NaN, 90=0, 99=0, 99.9=0, 99.99=0] 
2020-10-09 14:35:03:924 240 sec: 400000 operations; 0 current ops/sec; est completion in 1 minute [INSERT: Count=0, Max=0, Min=9223372036854775807, Avg=NaN, 90=0, 99=0, 99.9=0, 99.99=0] 
2020-10-09 14:35:04:925 241 sec: 400000 operations; 0 current ops/sec; est completion in 1 minute [INSERT: Count=0, Max=0, Min=9223372036854775807, Avg=NaN, 90=0, 99=0, 99.9=0, 99.99=0] 
2020-10-09 14:35:05:925 242 sec: 400000 operations; 0 current ops/sec; est completion in 1 minute [INSERT: Count=0, Max=0, Min=9223372036854775807, Avg=NaN, 90=0, 99=0, 99.9=0, 99.99=0] 
2020-10-09 14:35:06:924 243 sec: 400000 operations; 0 current ops/sec; est completion in 1 minute [INSERT: Count=0, Max=0, Min=9223372036854775807, Avg=NaN, 90=0, 99=0, 99.9=0, 99.99=0] 
2020-10-09 14:35:07:924 244 sec: 400000 operations; 0 current ops/sec; est completion in 1 minute [INSERT: Count=0, Max=0, Min=9223372036854775807, Avg=NaN, 90=0, 99=0, 99.9=0, 99.99=0] 
2020-10-09 14:35:08:924 245 sec: 400000 operations; 0 current ops/sec; est completion in 1 minute [INSERT: Count=0, Max=0, Min=9223372036854775807, Avg=NaN, 90=0, 99=0, 99.9=0, 99.99=0] 
2020-10-09 14:35:09:924 246 sec: 400000 operations; 0 current ops/sec; est completion in 1 minute [INSERT: Count=0, Max=0, Min=9223372036854775807, Avg=NaN, 90=0, 99=0, 99.9=0, 99.99=0] 
2020-10-09 14:35:10:924 247 sec: 400000 operations; 0 current ops/sec; est completion in 1 minute [INSERT: Count=0, Max=0, Min=9223372036854775807, Avg=NaN, 90=0, 99=0, 99.9=0, 99.99=0] 
2020-10-09 14:35:11:924 248 sec: 400000 operations; 0 current ops/sec; est completion in 1 minute [INSERT: Count=0, Max=0, Min=9223372036854775807, Avg=NaN, 90=0, 99=0, 99.9=0, 99.99=0] 
2020-10-09 14:35:12:924 249 sec: 400000 operations; 0 current ops/sec; est completion in 1 minute [INSERT: Count=0, Max=0, Min=9223372036854775807, Avg=NaN, 90=0, 99=0, 99.9=0, 99.99=0] 
2020-10-09 14:35:13:924 250 sec: 400000 operations; 0 current ops/sec; est completion in 1 minute [INSERT: Count=0, Max=0, Min=9223372036854775807, Avg=NaN, 90=0, 99=0, 99.9=0, 99.99=0] 
2020-10-09 14:35:14:924 251 sec: 400000 operations; 0 current ops/sec; est completion in 1 minute [INSERT: Count=0, Max=0, Min=9223372036854775807, Avg=NaN, 90=0, 99=0, 99.9=0, 99.99=0] 
2020-10-09 14:35:15:925 252 sec: 400000 operations; 0 current ops/sec; est completion in 1 minute [INSERT: Count=0, Max=0, Min=9223372036854775807, Avg=NaN, 90=0, 99=0, 99.9=0, 99.99=0] 
2020-10-09 14:35:16:925 253 sec: 400000 operations; 0 current ops/sec; est completion in 1 minute [INSERT: Count=0, Max=0, Min=9223372036854775807, Avg=NaN, 90=0, 99=0, 99.9=0, 99.99=0] 
2020-10-09 14:35:17:924 254 sec: 400000 operations; 0 current ops/sec; est completion in 1 minute [INSERT: Count=0, Max=0, Min=9223372036854775807, Avg=NaN, 90=0, 99=0, 99.9=0, 99.99=0] 
2020-10-09 14:35:18:924 255 sec: 400000 operations; 0 current ops/sec; est completion in 1 minute [INSERT: Count=0, Max=0, Min=9223372036854775807, Avg=NaN, 90=0, 99=0, 99.9=0, 99.99=0] 
2020-10-09 14:35:19:925 256 sec: 400000 operations; 0 current ops/sec; est completion in 1 minute [INSERT: Count=0, Max=0, Min=9223372036854775807, Avg=NaN, 90=0, 99=0, 99.9=0, 99.99=0] 
2020-10-09 14:35:20:924 257 sec: 400000 operations; 0 current ops/sec; est completion in 1 minute [INSERT: Count=0, Max=0, Min=9223372036854775807, Avg=NaN, 90=0, 99=0, 99.9=0, 99.99=0] 
2020-10-09 14:35:21:925 258 sec: 400000 operations; 0 current ops/sec; est completion in 1 minute [INSERT: Count=0, Max=0, Min=9223372036854775807, Avg=NaN, 90=0, 99=0, 99.9=0, 99.99=0] 
2020-10-09 14:35:22:924 259 sec: 400000 operations; 0 current ops/sec; est completion in 1 minute [INSERT: Count=0, Max=0, Min=9223372036854775807, Avg=NaN, 90=0, 99=0, 99.9=0, 99.99=0] 
2020-10-09 14:35:23:924 260 sec: 400000 operations; 0 current ops/sec; est completion in 1 minute [INSERT: Count=0, Max=0, Min=9223372036854775807, Avg=NaN, 90=0, 99=0, 99.9=0, 99.99=0] 
2020-10-09 14:35:24:924 261 sec: 400000 operations; 0 current ops/sec; est completion in 1 minute [INSERT: Count=0, Max=0, Min=9223372036854775807, Avg=NaN, 90=0, 99=0, 99.9=0, 99.99=0] 
2020-10-09 14:35:25:924 262 sec: 400000 operations; 0 current ops/sec; est completion in 1 minute [INSERT: Count=0, Max=0, Min=9223372036854775807, Avg=NaN, 90=0, 99=0, 99.9=0, 99.99=0] 
2020-10-09 14:35:26:924 263 sec: 400000 operations; 0 current ops/sec; est completion in 1 minute [INSERT: Count=0, Max=0, Min=9223372036854775807, Avg=NaN, 90=0, 99=0, 99.9=0, 99.99=0] 
2020-10-09 14:35:27:924 264 sec: 400000 operations; 0 current ops/sec; est completion in 1 minute [INSERT: Count=0, Max=0, Min=9223372036854775807, Avg=NaN, 90=0, 99=0, 99.9=0, 99.99=0] 
2020-10-09 14:35:28:924 265 sec: 400000 operations; 0 current ops/sec; est completion in 1 minute [INSERT: Count=0, Max=0, Min=9223372036854775807, Avg=NaN, 90=0, 99=0, 99.9=0, 99.99=0] 
2020-10-09 14:35:29:924 266 sec: 400627 operations; 627 current ops/sec; est completion in 1 minute [INSERT: Count=628, Max=30441471, Min=397, Avg=48882.43, 90=435, 99=1007, 99.9=1169, 99.99=30441471] 
2020-10-09 14:35:30:925 267 sec: 402980 operations; 2353 current ops/sec; est completion in 1 minute [INSERT: Count=2352, Max=3025, Min=398, Avg=422.67, 90=431, 99=993, 99.9=1139, 99.99=3025] 
2020-10-09 14:35:31:925 268 sec: 405331 operations; 2351 current ops/sec; est completion in 1 minute [INSERT: Count=2352, Max=2173, Min=399, Avg=422.79, 90=429, 99=1026, 99.9=1144, 99.99=2173] 
2020-10-09 14:35:32:925 269 sec: 407687 operations; 2356 current ops/sec; est completion in 1 minute [INSERT: Count=2357, Max=1156, Min=397, Avg=422.13, 90=430, 99=1022, 99.9=1115, 99.99=1156] 
2020-10-09 14:35:33:925 270 sec: 410031 operations; 2344 current ops/sec; est completion in 1 minute [INSERT: Count=2342, Max=7683, Min=398, Avg=424.27, 90=428, 99=1035, 99.9=1105, 99.99=7683] 
2020-10-09 14:35:34:924 271 sec: 412389 operations; 2358 current ops/sec; est completion in 58 seconds [INSERT: Count=2358, Max=1132, Min=396, Avg=421.81, 90=434, 99=956, 99.9=1088, 99.99=1132] 
2020-10-09 14:35:35:925 272 sec: 414749 operations; 2360 current ops/sec; est completion in 56 seconds [INSERT: Count=2360, Max=3361, Min=398, Avg=421.25, 90=429, 99=972, 99.9=1011, 99.99=3361] 
2020-10-09 14:35:36:925 273 sec: 417115 operations; 2366 current ops/sec; est completion in 55 seconds [INSERT: Count=2366, Max=2467, Min=397, Avg=420.27, 90=428, 99=977, 99.9=1035, 99.99=2467] 
2020-10-09 14:35:37:925 274 sec: 419487 operations; 2372 current ops/sec; est completion in 53 seconds [INSERT: Count=2372, Max=1034, Min=396, Avg=419.36, 90=428, 99=951, 99.9=1025, 99.99=1034] 
2020-10-09 14:35:38:925 275 sec: 421847 operations; 2360 current ops/sec; est completion in 51 seconds [INSERT: Count=2361, Max=5139, Min=397, Avg=421.27, 90=428, 99=965, 99.9=1032, 99.99=5139] 
2020-10-09 14:35:39:925 276 sec: 424207 operations; 2360 current ops/sec; est completion in 50 seconds [INSERT: Count=2360, Max=3103, Min=397, Avg=421.29, 90=429, 99=996, 99.9=1085, 99.99=3103] 
2020-10-09 14:35:40:925 277 sec: 426548 operations; 2341 current ops/sec; est completion in 48 seconds [INSERT: Count=2340, Max=8391, Min=397, Avg=424.78, 90=428, 99=1030, 99.9=1159, 99.99=8391] 
2020-10-09 14:35:41:925 278 sec: 428913 operations; 2365 current ops/sec; est completion in 47 seconds [INSERT: Count=2365, Max=1143, Min=397, Avg=420.52, 90=428, 99=1030, 99.9=1095, 99.99=1143] 
2020-10-09 14:35:42:925 279 sec: 431241 operations; 2328 current ops/sec; est completion in 45 seconds [INSERT: Count=2328, Max=12311, Min=398, Avg=425.78, 90=429, 99=974, 99.9=1140, 99.99=12311] 
2020-10-09 14:35:43:925 280 sec: 433614 operations; 2373 current ops/sec; est completion in 43 seconds [INSERT: Count=2374, Max=1099, Min=395, Avg=419.05, 90=428, 99=956, 99.9=1033, 99.99=1099] 
2020-10-09 14:35:44:925 281 sec: 435961 operations; 2347 current ops/sec; est completion in 42 seconds [INSERT: Count=2347, Max=10031, Min=397, Avg=423.07, 90=428, 99=952, 99.9=1030, 99.99=10031] 
2020-10-09 14:35:45:925 282 sec: 438313 operations; 2352 current ops/sec; est completion in 40 seconds [INSERT: Count=2351, Max=1053, Min=397, Avg=417.86, 90=433, 99=511, 99.9=1015, 99.99=1053] 
2020-10-09 14:35:46:925 283 sec: 440554 operations; 2241 current ops/sec; est completion in 39 seconds [INSERT: Count=2241, Max=2989, Min=403, Avg=439, 90=465, 99=1001, 99.9=1119, 99.99=2989] 
2020-10-09 14:35:47:924 284 sec: 442599 operations; 2045 current ops/sec; est completion in 37 seconds [INSERT: Count=2045, Max=1608, Min=433, Avg=481.84, 90=492, 99=1053, 99.9=1562, 99.99=1608] 
2020-10-09 14:35:48:924 285 sec: 442956 operations; 357 current ops/sec; est completion in 37 seconds [INSERT: Count=357, Max=818687, Min=433, Avg=2797.99, 90=523, 99=1168, 99.9=818687, 99.99=818687] 
2020-10-09 14:35:49:925 286 sec: 444947 operations; 1991 current ops/sec; est completion in 36 seconds [INSERT: Count=1991, Max=26047, Min=430, Avg=499.78, 90=495, 99=1097, 99.9=1647, 99.99=26047] 
2020-10-09 14:35:50:925 287 sec: 446935 operations; 1988 current ops/sec; est completion in 35 seconds [INSERT: Count=1988, Max=1786, Min=434, Avg=500.55, 90=507, 99=1127, 99.9=1319, 99.99=1786] 
2020-10-09 14:35:51:925 288 sec: 448878 operations; 1943 current ops/sec; est completion in 33 seconds [INSERT: Count=1944, Max=1667, Min=446, Avg=511.97, 90=522, 99=1135, 99.9=1308, 99.99=1667] 
2020-10-09 14:35:52:925 289 sec: 450859 operations; 1981 current ops/sec; est completion in 32 seconds [INSERT: Count=1981, Max=1665, Min=446, Avg=502.34, 90=508, 99=1114, 99.9=1374, 99.99=1665] 
2020-10-09 14:35:53:924 290 sec: 452806 operations; 1947 current ops/sec; est completion in 31 seconds [INSERT: Count=1946, Max=7491, Min=446, Avg=511.03, 90=523, 99=1153, 99.9=1257, 99.99=7491] 
2020-10-09 14:35:54:925 291 sec: 454700 operations; 1894 current ops/sec; est completion in 29 seconds [INSERT: Count=1894, Max=3553, Min=456, Avg=524.04, 90=534, 99=1144, 99.9=1687, 99.99=3553] 
2020-10-09 14:35:55:925 292 sec: 456648 operations; 1948 current ops/sec; est completion in 28 seconds [INSERT: Count=1948, Max=2483, Min=449, Avg=505.71, 90=526, 99=1158, 99.9=1283, 99.99=2483] 
2020-10-09 14:35:56:925 293 sec: 458607 operations; 1959 current ops/sec; est completion in 27 seconds [INSERT: Count=1960, Max=1738, Min=449, Avg=503.17, 90=516, 99=1138, 99.9=1325, 99.99=1738] 
2020-10-09 14:35:57:925 294 sec: 460577 operations; 1970 current ops/sec; est completion in 26 seconds [INSERT: Count=1969, Max=1734, Min=452, Avg=500.21, 90=505, 99=1115, 99.9=1164, 99.99=1734] 
2020-10-09 14:35:58:925 295 sec: 462539 operations; 1962 current ops/sec; est completion in 24 seconds [INSERT: Count=1963, Max=5983, Min=451, Avg=506.35, 90=503, 99=1115, 99.9=1167, 99.99=5983] 
2020-10-09 14:35:59:925 296 sec: 464507 operations; 1968 current ops/sec; est completion in 23 seconds [INSERT: Count=1967, Max=1689, Min=448, Avg=505.83, 90=510, 99=1122, 99.9=1170, 99.99=1689] 
2020-10-09 14:36:00:925 297 sec: 466439 operations; 1932 current ops/sec; est completion in 22 seconds [INSERT: Count=1932, Max=6611, Min=455, Avg=514.9, 90=515, 99=1108, 99.9=1163, 99.99=6611] 
2020-10-09 14:36:01:925 298 sec: 468379 operations; 1940 current ops/sec; est completion in 21 seconds [INSERT: Count=1940, Max=1674, Min=454, Avg=512.96, 90=515, 99=1114, 99.9=1215, 99.99=1674] 
2020-10-09 14:36:02:925 299 sec: 470310 operations; 1931 current ops/sec; est completion in 19 seconds [INSERT: Count=1931, Max=3451, Min=456, Avg=515.16, 90=516, 99=1119, 99.9=1655, 99.99=3451] 
2020-10-09 14:36:03:924 300 sec: 472255 operations; 1945 current ops/sec; est completion in 18 seconds [INSERT: Count=1945, Max=1681, Min=456, Avg=511.6, 90=515, 99=1108, 99.9=1233, 99.99=1681] 
2020-10-09 14:36:04:925 301 sec: 474198 operations; 1943 current ops/sec; est completion in 17 seconds [INSERT: Count=1943, Max=2059, Min=457, Avg=511.08, 90=514, 99=1120, 99.9=1650, 99.99=2059] 
2020-10-09 14:36:05:925 302 sec: 476138 operations; 1940 current ops/sec; est completion in 16 seconds [INSERT: Count=1940, Max=1873, Min=457, Avg=507.88, 90=514, 99=1112, 99.9=1686, 99.99=1873] 
2020-10-09 14:36:06:925 303 sec: 478082 operations; 1944 current ops/sec; est completion in 14 seconds [INSERT: Count=1944, Max=1173, Min=458, Avg=507.26, 90=516, 99=1112, 99.9=1155, 99.99=1173] 
2020-10-09 14:36:07:924 304 sec: 480013 operations; 1931 current ops/sec; est completion in 13 seconds [INSERT: Count=1931, Max=8671, Min=457, Avg=510.57, 90=517, 99=1127, 99.9=1204, 99.99=8671] 
2020-10-09 14:36:08:924 305 sec: 481959 operations; 1946 current ops/sec; est completion in 12 seconds [INSERT: Count=1947, Max=1746, Min=455, Avg=511.29, 90=519, 99=1136, 99.9=1197, 99.99=1746] 
2020-10-09 14:36:09:924 306 sec: 483902 operations; 1943 current ops/sec; est completion in 11 seconds [INSERT: Count=1943, Max=1178, Min=457, Avg=512.15, 90=520, 99=1131, 99.9=1155, 99.99=1178] 
2020-10-09 14:36:10:924 307 sec: 485849 operations; 1947 current ops/sec; est completion in 9 second [INSERT: Count=1946, Max=1681, Min=457, Avg=511.35, 90=517, 99=1137, 99.9=1185, 99.99=1681] 
2020-10-09 14:36:11:925 308 sec: 487791 operations; 1942 current ops/sec; est completion in 8 second [INSERT: Count=1943, Max=3257, Min=450, Avg=512.09, 90=520, 99=1128, 99.9=1195, 99.99=3257] 
2020-10-09 14:36:12:925 309 sec: 489741 operations; 1950 current ops/sec; est completion in 7 second [INSERT: Count=1949, Max=4819, Min=449, Avg=510.24, 90=517, 99=1119, 99.9=1195, 99.99=4819] 
2020-10-09 14:36:13:925 310 sec: 491700 operations; 1959 current ops/sec; est completion in 6 second [INSERT: Count=1960, Max=2467, Min=451, Avg=507.75, 90=514, 99=1121, 99.9=1655, 99.99=2467] 
2020-10-09 14:36:14:925 311 sec: 493658 operations; 1958 current ops/sec; est completion in 4 second [INSERT: Count=1958, Max=1703, Min=455, Avg=508.11, 90=514, 99=1115, 99.9=1174, 99.99=1703] 
2020-10-09 14:36:15:924 312 sec: 495618 operations; 1960 current ops/sec; est completion in 3 second [INSERT: Count=1959, Max=1643, Min=453, Avg=507.69, 90=515, 99=1121, 99.9=1169, 99.99=1643] 
2020-10-09 14:36:16:924 313 sec: 497593 operations; 1975 current ops/sec; est completion in 2 second [INSERT: Count=1976, Max=1682, Min=452, Avg=503.82, 90=503, 99=1120, 99.9=1316, 99.99=1682] 
2020-10-09 14:36:17:925 314 sec: 499558 operations; 1965 current ops/sec; est completion in 1 second [INSERT: Count=1964, Max=3333, Min=445, Avg=506.57, 90=513, 99=1123, 99.9=1606, 99.99=3333] 
2020-10-09 14:36:18:152 314 sec: 500000 operations; 1938.6 current ops/sec; [CLEANUP: Count=1, Max=5, Min=5, Avg=5, 90=5, 99=5, 99.9=5, 99.99=5] [INSERT: Count=442, Max=1153, Min=454, Avg=509.93, 90=519, 99=1124, 99.9=1153, 99.99=1153] 
[OVERALL], RunTime(ms), 314229
[OVERALL], Throughput(ops/sec), 1591.1962295014146
[TOTAL_GCS_ZGC], Count, 1
[TOTAL_GC_TIME_ZGC], Time(ms), 4
[TOTAL_GC_TIME_%_ZGC], Time(%), 0.0012729569836011318
[TOTAL_GCs], Count, 1
[TOTAL_GC_TIME], Time(ms), 4
[TOTAL_GC_TIME_%], Time(%), 0.0012729569836011318
[CLEANUP], Operations, 1
[CLEANUP], AverageLatency(us), 5.0
[CLEANUP], MinLatency(us), 5
[CLEANUP], MaxLatency(us), 5
[CLEANUP], 95thPercentileLatency(us), 5
[CLEANUP], 99thPercentileLatency(us), 5
[INSERT], Operations, 500000
[INSERT], AverageLatency(us), 624.595366
[INSERT], MinLatency(us), 386
[INSERT], MaxLatency(us), 30441471
[INSERT], 95thPercentileLatency(us), 541
[INSERT], 99thPercentileLatency(us), 1076
[INSERT], Return=OK, 500000
