2021-02-28 15:09:41.284 [main] INFO  smarttrie.app.server.Server - No previews checkpoints to restore
2021-02-28 15:09:41.289 [main] INFO  smarttrie.app.server.Server - Replica state has been restored with last id CID(-1)
2021-02-28 15:09:41.327 [main] INFO  b.r.ServerViewController - Creating current view from configuration file
2021-02-28 15:09:41.961 [main] INFO  b.c.c.n.NettyClientServerCommunicationSystemServerSide - ID = 0
2021-02-28 15:09:41.962 [main] INFO  b.c.c.n.NettyClientServerCommunicationSystemServerSide - N = 1
2021-02-28 15:09:41.963 [main] INFO  b.c.c.n.NettyClientServerCommunicationSystemServerSide - F = 1
2021-02-28 15:09:41.963 [main] INFO  b.c.c.n.NettyClientServerCommunicationSystemServerSide - Port = 11000
2021-02-28 15:09:41.963 [main] INFO  b.c.c.n.NettyClientServerCommunicationSystemServerSide - requestTimeout = 2000
2021-02-28 15:09:41.964 [main] INFO  b.c.c.n.NettyClientServerCommunicationSystemServerSide - maxBatch = 1024
2021-02-28 15:09:41.964 [main] INFO  b.c.c.n.NettyClientServerCommunicationSystemServerSide - Binded replica to IP address 192.168.3.41
2021-02-28 15:09:41.964 [main] INFO  bftsmart.tom.ServiceReplica - In current view: ID:0; F:1; Processes:0(/192.168.3.41:11000),
2021-02-28 15:09:42.031 [Server CS] INFO  s.a.s.Server$InternalStateManager - Replica state is up to date
2021-02-28 15:09:42.032 [Delivery Thread] INFO  bftsmart.tom.core.DeliveryThread - Retrieving State
2021-02-28 15:09:42.033 [Delivery Thread] INFO  bftsmart.tom.core.DeliveryThread - Ready to process operations
2021-02-28 15:10:02.281 [nioEventLoopGroup-3-1] INFO  b.c.c.n.NettyClientServerCommunicationSystemServerSide - Session Created, active clients=0
2021-02-28 15:10:02.282 [nioEventLoopGroup-3-6] INFO  b.c.c.n.NettyClientServerCommunicationSystemServerSide - Session Created, active clients=0
2021-02-28 15:10:02.282 [nioEventLoopGroup-3-2] INFO  b.c.c.n.NettyClientServerCommunicationSystemServerSide - Session Created, active clients=0
2021-02-28 15:10:02.282 [nioEventLoopGroup-3-8] INFO  b.c.c.n.NettyClientServerCommunicationSystemServerSide - Session Created, active clients=0
2021-02-28 15:10:02.282 [nioEventLoopGroup-3-5] INFO  b.c.c.n.NettyClientServerCommunicationSystemServerSide - Session Created, active clients=0
2021-02-28 15:10:02.283 [nioEventLoopGroup-3-3] INFO  b.c.c.n.NettyClientServerCommunicationSystemServerSide - Session Created, active clients=0
2021-02-28 15:10:02.283 [nioEventLoopGroup-3-4] INFO  b.c.c.n.NettyClientServerCommunicationSystemServerSide - Session Created, active clients=0
2021-02-28 15:10:02.284 [nioEventLoopGroup-3-7] INFO  b.c.c.n.NettyClientServerCommunicationSystemServerSide - Session Created, active clients=0
2021-02-28 15:10:43.313 [nioEventLoopGroup-3-5] INFO  b.c.c.n.NettyClientServerCommunicationSystemServerSide - Removing client channel with ID= 4
2021-02-28 15:10:43.314 [nioEventLoopGroup-3-5] INFO  b.c.c.n.NettyClientServerCommunicationSystemServerSide - Active clients=7
2021-02-28 15:10:43.314 [nioEventLoopGroup-3-4] INFO  b.c.c.n.NettyClientServerCommunicationSystemServerSide - Removing client channel with ID= 1
2021-02-28 15:10:43.314 [nioEventLoopGroup-3-4] INFO  b.c.c.n.NettyClientServerCommunicationSystemServerSide - Active clients=6
2021-02-28 15:10:43.314 [nioEventLoopGroup-3-3] INFO  b.c.c.n.NettyClientServerCommunicationSystemServerSide - Removing client channel with ID= 7
2021-02-28 15:10:43.314 [nioEventLoopGroup-3-3] INFO  b.c.c.n.NettyClientServerCommunicationSystemServerSide - Active clients=5
2021-02-28 15:10:43.315 [nioEventLoopGroup-3-2] INFO  b.c.c.n.NettyClientServerCommunicationSystemServerSide - Removing client channel with ID= 0
2021-02-28 15:10:43.315 [nioEventLoopGroup-3-2] INFO  b.c.c.n.NettyClientServerCommunicationSystemServerSide - Active clients=4
2021-02-28 15:10:43.316 [nioEventLoopGroup-3-8] INFO  b.c.c.n.NettyClientServerCommunicationSystemServerSide - Removing client channel with ID= 3
2021-02-28 15:10:43.316 [nioEventLoopGroup-3-8] INFO  b.c.c.n.NettyClientServerCommunicationSystemServerSide - Active clients=3
2021-02-28 15:10:43.316 [nioEventLoopGroup-3-6] INFO  b.c.c.n.NettyClientServerCommunicationSystemServerSide - Removing client channel with ID= 2
2021-02-28 15:10:43.316 [nioEventLoopGroup-3-6] INFO  b.c.c.n.NettyClientServerCommunicationSystemServerSide - Active clients=2
2021-02-28 15:10:43.316 [nioEventLoopGroup-3-1] INFO  b.c.c.n.NettyClientServerCommunicationSystemServerSide - Removing client channel with ID= 6
2021-02-28 15:10:43.316 [nioEventLoopGroup-3-1] INFO  b.c.c.n.NettyClientServerCommunicationSystemServerSide - Active clients=1
2021-02-28 15:10:43.316 [nioEventLoopGroup-3-7] INFO  b.c.c.n.NettyClientServerCommunicationSystemServerSide - Removing client channel with ID= 5
2021-02-28 15:10:43.317 [nioEventLoopGroup-3-7] INFO  b.c.c.n.NettyClientServerCommunicationSystemServerSide - Active clients=0
2021-02-28 15:11:02.935 [nioEventLoopGroup-3-1] INFO  b.c.c.n.NettyClientServerCommunicationSystemServerSide - Session Created, active clients=0
2021-02-28 15:11:02.936 [nioEventLoopGroup-3-2] INFO  b.c.c.n.NettyClientServerCommunicationSystemServerSide - Session Created, active clients=0
2021-02-28 15:11:02.937 [nioEventLoopGroup-3-4] INFO  b.c.c.n.NettyClientServerCommunicationSystemServerSide - Session Created, active clients=0
2021-02-28 15:11:02.938 [nioEventLoopGroup-3-3] INFO  b.c.c.n.NettyClientServerCommunicationSystemServerSide - Session Created, active clients=0
2021-02-28 15:11:02.938 [nioEventLoopGroup-3-6] INFO  b.c.c.n.NettyClientServerCommunicationSystemServerSide - Session Created, active clients=0
2021-02-28 15:11:02.939 [nioEventLoopGroup-3-7] INFO  b.c.c.n.NettyClientServerCommunicationSystemServerSide - Session Created, active clients=0
2021-02-28 15:11:02.939 [nioEventLoopGroup-3-8] INFO  b.c.c.n.NettyClientServerCommunicationSystemServerSide - Session Created, active clients=0
2021-02-28 15:11:02.939 [nioEventLoopGroup-3-5] INFO  b.c.c.n.NettyClientServerCommunicationSystemServerSide - Session Created, active clients=0
2021-02-28 15:13:24.007 [nioEventLoopGroup-3-2] INFO  b.c.c.n.NettyClientServerCommunicationSystemServerSide - Removing client channel with ID= 0
2021-02-28 15:13:24.007 [nioEventLoopGroup-3-2] INFO  b.c.c.n.NettyClientServerCommunicationSystemServerSide - Active clients=7
2021-02-28 15:13:24.008 [nioEventLoopGroup-3-5] INFO  b.c.c.n.NettyClientServerCommunicationSystemServerSide - Removing client channel with ID= 4
2021-02-28 15:13:24.008 [nioEventLoopGroup-3-5] INFO  b.c.c.n.NettyClientServerCommunicationSystemServerSide - Active clients=6
2021-02-28 15:13:24.008 [nioEventLoopGroup-3-7] INFO  b.c.c.n.NettyClientServerCommunicationSystemServerSide - Removing client channel with ID= 5
2021-02-28 15:13:24.008 [nioEventLoopGroup-3-7] INFO  b.c.c.n.NettyClientServerCommunicationSystemServerSide - Active clients=5
2021-02-28 15:13:24.008 [nioEventLoopGroup-3-4] INFO  b.c.c.n.NettyClientServerCommunicationSystemServerSide - Removing client channel with ID= 6
2021-02-28 15:13:24.008 [nioEventLoopGroup-3-4] INFO  b.c.c.n.NettyClientServerCommunicationSystemServerSide - Active clients=4
2021-02-28 15:13:24.008 [nioEventLoopGroup-3-6] INFO  b.c.c.n.NettyClientServerCommunicationSystemServerSide - Removing client channel with ID= 3
2021-02-28 15:13:24.009 [nioEventLoopGroup-3-6] INFO  b.c.c.n.NettyClientServerCommunicationSystemServerSide - Active clients=3
2021-02-28 15:13:24.009 [nioEventLoopGroup-3-8] INFO  b.c.c.n.NettyClientServerCommunicationSystemServerSide - Removing client channel with ID= 7
2021-02-28 15:13:24.009 [nioEventLoopGroup-3-8] INFO  b.c.c.n.NettyClientServerCommunicationSystemServerSide - Active clients=2
2021-02-28 15:13:24.009 [nioEventLoopGroup-3-3] INFO  b.c.c.n.NettyClientServerCommunicationSystemServerSide - Removing client channel with ID= 1
2021-02-28 15:13:24.009 [nioEventLoopGroup-3-3] INFO  b.c.c.n.NettyClientServerCommunicationSystemServerSide - Active clients=1
2021-02-28 15:13:24.009 [nioEventLoopGroup-3-1] INFO  b.c.c.n.NettyClientServerCommunicationSystemServerSide - Removing client channel with ID= 2
2021-02-28 15:13:24.009 [nioEventLoopGroup-3-1] INFO  b.c.c.n.NettyClientServerCommunicationSystemServerSide - Active clients=0
2021-02-28 15:13:55.248 [nioEventLoopGroup-3-1] INFO  b.c.c.n.NettyClientServerCommunicationSystemServerSide - Session Created, active clients=0
2021-02-28 15:18:05.746 [Delivery Thread] INFO  s.a.server.CheckpointController$Sync - Starting replica checkpoint at CID(1000000)
2021-02-28 15:18:13.904 [Delivery Thread] INFO  s.app.server.Checkpoint$Writer - Saved a checkpoint of 1031MB
2021-02-28 15:18:13.904 [Delivery Thread] INFO  s.a.server.CheckpointController$Sync - Checkpoint created after 8s
2021-02-28 15:28:29.790 [Delivery Thread] INFO  s.a.server.CheckpointController$Sync - Starting replica checkpoint at CID(2000000)
2021-02-28 15:28:35.907 [Delivery Thread] INFO  s.app.server.Checkpoint$Writer - Saved a checkpoint of 1031MB
2021-02-28 15:28:35.907 [Delivery Thread] INFO  s.a.server.CheckpointController$Sync - Checkpoint created after 6s
2021-02-28 15:28:54.660 [nioEventLoopGroup-3-1] INFO  b.c.c.n.NettyClientServerCommunicationSystemServerSide - Removing client channel with ID= 0
2021-02-28 15:28:54.660 [nioEventLoopGroup-3-1] INFO  b.c.c.n.NettyClientServerCommunicationSystemServerSide - Active clients=0
2021-02-28 15:30:41.262 [nioEventLoopGroup-3-2] INFO  b.c.c.n.NettyClientServerCommunicationSystemServerSide - Session Created, active clients=0
2021-02-28 15:30:41.262 [nioEventLoopGroup-3-3] INFO  b.c.c.n.NettyClientServerCommunicationSystemServerSide - Session Created, active clients=0
2021-02-28 15:36:03.362 [Delivery Thread] INFO  s.a.server.CheckpointController$Sync - Starting replica checkpoint at CID(3000000)
2021-02-28 15:36:09.525 [Delivery Thread] INFO  s.app.server.Checkpoint$Writer - Saved a checkpoint of 1031MB
2021-02-28 15:36:09.525 [Delivery Thread] INFO  s.a.server.CheckpointController$Sync - Checkpoint created after 6s
2021-02-28 15:41:34.442 [Delivery Thread] INFO  s.a.server.CheckpointController$Sync - Starting replica checkpoint at CID(4000000)
2021-02-28 15:41:40.560 [Delivery Thread] INFO  s.app.server.Checkpoint$Writer - Saved a checkpoint of 1031MB
2021-02-28 15:41:40.560 [Delivery Thread] INFO  s.a.server.CheckpointController$Sync - Checkpoint created after 6s
2021-02-28 15:45:40.573 [nioEventLoopGroup-3-2] INFO  b.c.c.n.NettyClientServerCommunicationSystemServerSide - Removing client channel with ID= 1
2021-02-28 15:45:40.573 [nioEventLoopGroup-3-2] INFO  b.c.c.n.NettyClientServerCommunicationSystemServerSide - Active clients=1
2021-02-28 15:45:40.574 [nioEventLoopGroup-3-3] INFO  b.c.c.n.NettyClientServerCommunicationSystemServerSide - Removing client channel with ID= 0
2021-02-28 15:45:40.574 [nioEventLoopGroup-3-3] INFO  b.c.c.n.NettyClientServerCommunicationSystemServerSide - Active clients=0
2021-02-28 15:47:29.560 [nioEventLoopGroup-3-4] INFO  b.c.c.n.NettyClientServerCommunicationSystemServerSide - Session Created, active clients=0
2021-02-28 15:47:29.560 [nioEventLoopGroup-3-5] INFO  b.c.c.n.NettyClientServerCommunicationSystemServerSide - Session Created, active clients=0
2021-02-28 15:47:29.561 [nioEventLoopGroup-3-6] INFO  b.c.c.n.NettyClientServerCommunicationSystemServerSide - Session Created, active clients=0
2021-02-28 15:47:29.561 [nioEventLoopGroup-3-7] INFO  b.c.c.n.NettyClientServerCommunicationSystemServerSide - Session Created, active clients=0
2021-02-28 15:48:23.587 [Delivery Thread] INFO  s.a.server.CheckpointController$Sync - Starting replica checkpoint at CID(5000000)
2021-02-28 15:48:32.593 [Delivery Thread] INFO  s.app.server.Checkpoint$Writer - Saved a checkpoint of 1031MB
2021-02-28 15:48:32.593 [Delivery Thread] INFO  s.a.server.CheckpointController$Sync - Checkpoint created after 9s
2021-02-28 15:51:42.719 [Delivery Thread] INFO  s.a.server.CheckpointController$Sync - Starting replica checkpoint at CID(6000000)
2021-02-28 15:51:48.848 [Delivery Thread] INFO  s.app.server.Checkpoint$Writer - Saved a checkpoint of 1031MB
2021-02-28 15:51:48.849 [Delivery Thread] INFO  s.a.server.CheckpointController$Sync - Checkpoint created after 6s
2021-02-28 15:55:02.215 [Delivery Thread] INFO  s.a.server.CheckpointController$Sync - Starting replica checkpoint at CID(7000000)
2021-02-28 15:55:08.365 [Delivery Thread] INFO  s.app.server.Checkpoint$Writer - Saved a checkpoint of 1031MB
2021-02-28 15:55:08.366 [Delivery Thread] INFO  s.a.server.CheckpointController$Sync - Checkpoint created after 6s
2021-02-28 15:58:21.586 [Delivery Thread] INFO  s.a.server.CheckpointController$Sync - Starting replica checkpoint at CID(8000000)
2021-02-28 15:58:27.732 [Delivery Thread] INFO  s.app.server.Checkpoint$Writer - Saved a checkpoint of 1031MB
2021-02-28 15:58:27.732 [Delivery Thread] INFO  s.a.server.CheckpointController$Sync - Checkpoint created after 6s
2021-02-28 16:01:39.217 [Delivery Thread] INFO  s.a.server.CheckpointController$Sync - Starting replica checkpoint at CID(9000000)
2021-02-28 16:01:45.367 [Delivery Thread] INFO  s.app.server.Checkpoint$Writer - Saved a checkpoint of 1031MB
2021-02-28 16:01:45.368 [Delivery Thread] INFO  s.a.server.CheckpointController$Sync - Checkpoint created after 6s
2021-02-28 16:02:28.853 [nioEventLoopGroup-3-5] INFO  b.c.c.n.NettyClientServerCommunicationSystemServerSide - Removing client channel with ID= 2
2021-02-28 16:02:28.853 [nioEventLoopGroup-3-5] INFO  b.c.c.n.NettyClientServerCommunicationSystemServerSide - Active clients=3
2021-02-28 16:02:28.854 [nioEventLoopGroup-3-6] INFO  b.c.c.n.NettyClientServerCommunicationSystemServerSide - Removing client channel with ID= 1
2021-02-28 16:02:28.854 [nioEventLoopGroup-3-6] INFO  b.c.c.n.NettyClientServerCommunicationSystemServerSide - Active clients=2
2021-02-28 16:02:28.855 [nioEventLoopGroup-3-7] INFO  b.c.c.n.NettyClientServerCommunicationSystemServerSide - Removing client channel with ID= 3
2021-02-28 16:02:28.856 [nioEventLoopGroup-3-7] INFO  b.c.c.n.NettyClientServerCommunicationSystemServerSide - Active clients=1
2021-02-28 16:02:28.856 [nioEventLoopGroup-3-4] INFO  b.c.c.n.NettyClientServerCommunicationSystemServerSide - Removing client channel with ID= 0
2021-02-28 16:02:28.856 [nioEventLoopGroup-3-4] INFO  b.c.c.n.NettyClientServerCommunicationSystemServerSide - Active clients=0
2021-02-28 16:04:17.339 [nioEventLoopGroup-3-8] INFO  b.c.c.n.NettyClientServerCommunicationSystemServerSide - Session Created, active clients=0
2021-02-28 16:04:17.339 [nioEventLoopGroup-3-1] INFO  b.c.c.n.NettyClientServerCommunicationSystemServerSide - Session Created, active clients=0
2021-02-28 16:04:17.340 [nioEventLoopGroup-3-4] INFO  b.c.c.n.NettyClientServerCommunicationSystemServerSide - Session Created, active clients=0
2021-02-28 16:04:17.340 [nioEventLoopGroup-3-2] INFO  b.c.c.n.NettyClientServerCommunicationSystemServerSide - Session Created, active clients=0
2021-02-28 16:04:17.340 [nioEventLoopGroup-3-5] INFO  b.c.c.n.NettyClientServerCommunicationSystemServerSide - Session Created, active clients=0
2021-02-28 16:04:17.340 [nioEventLoopGroup-3-6] INFO  b.c.c.n.NettyClientServerCommunicationSystemServerSide - Session Created, active clients=0
2021-02-28 16:04:17.340 [nioEventLoopGroup-3-3] INFO  b.c.c.n.NettyClientServerCommunicationSystemServerSide - Session Created, active clients=0
2021-02-28 16:04:17.341 [nioEventLoopGroup-3-7] INFO  b.c.c.n.NettyClientServerCommunicationSystemServerSide - Session Created, active clients=0
2021-02-28 16:08:02.313 [Delivery Thread] INFO  s.a.server.CheckpointController$Sync - Starting replica checkpoint at CID(10000000)
2021-02-28 16:08:08.512 [Delivery Thread] INFO  s.app.server.Checkpoint$Writer - Saved a checkpoint of 1031MB
2021-02-28 16:08:08.512 [Delivery Thread] INFO  s.a.server.CheckpointController$Sync - Checkpoint created after 6s
2021-02-28 16:13:04.580 [Delivery Thread] INFO  s.a.server.CheckpointController$Sync - Starting replica checkpoint at CID(11000000)
2021-02-28 16:13:13.174 [Delivery Thread] INFO  s.app.server.Checkpoint$Writer - Saved a checkpoint of 1031MB
2021-02-28 16:13:13.174 [Delivery Thread] INFO  s.a.server.CheckpointController$Sync - Checkpoint created after 8s
2021-02-28 16:18:07.783 [Delivery Thread] INFO  s.a.server.CheckpointController$Sync - Starting replica checkpoint at CID(12000000)
2021-02-28 16:18:13.666 [Delivery Thread] INFO  s.app.server.Checkpoint$Writer - Saved a checkpoint of 1031MB
2021-02-28 16:18:13.666 [Delivery Thread] INFO  s.a.server.CheckpointController$Sync - Checkpoint created after 5s
2021-02-28 16:19:16.467 [nioEventLoopGroup-3-3] INFO  b.c.c.n.NettyClientServerCommunicationSystemServerSide - Removing client channel with ID= 0
2021-02-28 16:19:16.468 [nioEventLoopGroup-3-3] INFO  b.c.c.n.NettyClientServerCommunicationSystemServerSide - Active clients=7
2021-02-28 16:19:16.468 [nioEventLoopGroup-3-6] INFO  b.c.c.n.NettyClientServerCommunicationSystemServerSide - Removing client channel with ID= 2
2021-02-28 16:19:16.468 [nioEventLoopGroup-3-6] INFO  b.c.c.n.NettyClientServerCommunicationSystemServerSide - Active clients=6
2021-02-28 16:19:16.468 [nioEventLoopGroup-3-1] INFO  b.c.c.n.NettyClientServerCommunicationSystemServerSide - Removing client channel with ID= 7
2021-02-28 16:19:16.468 [nioEventLoopGroup-3-1] INFO  b.c.c.n.NettyClientServerCommunicationSystemServerSide - Active clients=5
2021-02-28 16:19:16.468 [nioEventLoopGroup-3-8] INFO  b.c.c.n.NettyClientServerCommunicationSystemServerSide - Removing client channel with ID= 6
2021-02-28 16:19:16.468 [nioEventLoopGroup-3-8] INFO  b.c.c.n.NettyClientServerCommunicationSystemServerSide - Active clients=4
2021-02-28 16:19:16.469 [nioEventLoopGroup-3-5] INFO  b.c.c.n.NettyClientServerCommunicationSystemServerSide - Removing client channel with ID= 1
2021-02-28 16:19:16.469 [nioEventLoopGroup-3-5] INFO  b.c.c.n.NettyClientServerCommunicationSystemServerSide - Active clients=3
2021-02-28 16:19:16.469 [nioEventLoopGroup-3-7] INFO  b.c.c.n.NettyClientServerCommunicationSystemServerSide - Removing client channel with ID= 3
2021-02-28 16:19:16.469 [nioEventLoopGroup-3-7] INFO  b.c.c.n.NettyClientServerCommunicationSystemServerSide - Active clients=2
2021-02-28 16:19:16.469 [nioEventLoopGroup-3-2] INFO  b.c.c.n.NettyClientServerCommunicationSystemServerSide - Removing client channel with ID= 4
2021-02-28 16:19:16.469 [nioEventLoopGroup-3-2] INFO  b.c.c.n.NettyClientServerCommunicationSystemServerSide - Active clients=1
2021-02-28 16:19:16.469 [nioEventLoopGroup-3-4] INFO  b.c.c.n.NettyClientServerCommunicationSystemServerSide - Removing client channel with ID= 5
2021-02-28 16:19:16.469 [nioEventLoopGroup-3-4] INFO  b.c.c.n.NettyClientServerCommunicationSystemServerSide - Active clients=0
