Command line: -load -s -db smarttrie.app.client.Client -threads 2 -P config/workload -p recordcount=1310720
YCSB Client 0.17.0

Loading workload...
Starting test.
DBWrapper: report latency for each error is false and specific error codes to track for latency are: []
DBWrapper: report latency for each error is false and specific error codes to track for latency are: []
2021-03-02 14:38:10:449 0 sec: 0 operations; est completion in 0 second 
2021-03-02 14:38:11:350 1 sec: 0 operations; est completion in 106751991167300 days 15 hours 
2021-03-02 14:38:11.539 [Thread-3] INFO  b.c.c.n.NettyClientServerCommunicationSystemClientSide - Connecting to replica 0 at /192.168.3.41:11000
2021-03-02 14:38:11.539 [Thread-2] INFO  b.c.c.n.NettyClientServerCommunicationSystemClientSide - Connecting to replica 0 at /192.168.3.41:11000
2021-03-02 14:38:11.575 [nioEventLoopGroup-3-1] INFO  b.c.c.n.NettyClientServerCommunicationSystemClientSide - Channel active
2021-03-02 14:38:11.576 [nioEventLoopGroup-2-1] INFO  b.c.c.n.NettyClientServerCommunicationSystemClientSide - Channel active
2021-03-02 14:38:12:349 2 sec: 216 operations; 216 current ops/sec; est completion in 3 hours 22 minutes [INSERT: Count=219, Max=1535999, Min=2252, Avg=17890.73, 90=5287, 99=11623, 99.9=1535999, 99.99=1535999] 
2021-03-02 14:38:13:350 3 sec: 985 operations; 769 current ops/sec; est completion in 1 hour 6 minutes [INSERT: Count=766, Max=7731, Min=1258, Avg=2519.11, 90=3371, 99=5999, 99.9=7699, 99.99=7731] 
2021-03-02 14:38:14:350 4 sec: 2595 operations; 1610 current ops/sec; est completion in 33 minutes [INSERT: Count=1612, Max=10871, Min=785, Avg=1208.72, 90=1537, 99=3523, 99.9=9751, 99.99=10871] 
2021-03-02 14:38:15:351 5 sec: 4346 operations; 1751 current ops/sec; est completion in 25 minutes [INSERT: Count=1750, Max=53823, Min=763, Avg=1086.09, 90=1259, 99=3047, 99.9=5727, 99.99=53823] 
2021-03-02 14:38:16:349 6 sec: 6178 operations; 1832 current ops/sec; est completion in 21 minutes [INSERT: Count=1831, Max=14311, Min=709, Avg=1061.82, 90=1256, 99=2781, 99.9=5423, 99.99=14311] 
2021-03-02 14:38:17:368 7 sec: 8209 operations; 1995.09 current ops/sec; est completion in 18 minutes [INSERT: Count=2033, Max=23199, Min=667, Avg=965.29, 90=1067, 99=2599, 99.9=12407, 99.99=23199] 
2021-03-02 14:38:18:349 8 sec: 10515 operations; 2348.27 current ops/sec; est completion in 16 minutes [INSERT: Count=2305, Max=7119, Min=623, Avg=831.73, 90=961, 99=2317, 99.9=3899, 99.99=7119] 
2021-03-02 14:38:19:349 9 sec: 13280 operations; 2765 current ops/sec; est completion in 14 minutes [INSERT: Count=2764, Max=6103, Min=581, Avg=709.23, 90=767, 99=1381, 99.9=4191, 99.99=6103] 
2021-03-02 14:38:20:349 10 sec: 15982 operations; 2702 current ops/sec; est completion in 13 minutes [INSERT: Count=2703, Max=33343, Min=549, Avg=727.59, 90=791, 99=1196, 99.9=6583, 99.99=33343] 
2021-03-02 14:38:21:350 11 sec: 19033 operations; 3051 current ops/sec; est completion in 12 minutes [INSERT: Count=3053, Max=13295, Min=519, Avg=646.47, 90=691, 99=1000, 99.9=9831, 99.99=13295] 
2021-03-02 14:38:22:349 12 sec: 22214 operations; 3181 current ops/sec; est completion in 11 minutes [INSERT: Count=3180, Max=28895, Min=519, Avg=621.05, 90=648, 99=740, 99.9=5311, 99.99=28895] 
2021-03-02 14:38:23:349 13 sec: 25633 operations; 3419 current ops/sec; est completion in 10 minutes [INSERT: Count=3419, Max=13287, Min=509, Avg=579.75, 90=610, 99=703, 99.9=4071, 99.99=13287] 
2021-03-02 14:38:24:349 14 sec: 28984 operations; 3351 current ops/sec; est completion in 10 minutes [INSERT: Count=3349, Max=19855, Min=512, Avg=591, 90=625, 99=755, 99.9=4787, 99.99=19855] 
2021-03-02 14:38:25:349 15 sec: 32175 operations; 3191 current ops/sec; est completion in 9 minutes [INSERT: Count=3194, Max=20335, Min=512, Avg=620.38, 90=637, 99=813, 99.9=10871, 99.99=20335] 
2021-03-02 14:38:26:349 16 sec: 35597 operations; 3422 current ops/sec; est completion in 9 minutes [INSERT: Count=3420, Max=6359, Min=507, Avg=578.82, 90=616, 99=751, 99.9=1897, 99.99=6359] 
2021-03-02 14:38:27:349 17 sec: 39112 operations; 3515 current ops/sec; est completion in 9 minutes [INSERT: Count=3517, Max=3579, Min=503, Avg=564.02, 90=601, 99=672, 99.9=880, 99.99=3579] 
2021-03-02 14:38:28:349 18 sec: 42389 operations; 3277 current ops/sec; est completion in 8 minutes [INSERT: Count=3276, Max=19375, Min=512, Avg=604.65, 90=637, 99=757, 99.9=8067, 99.99=19375] 
2021-03-02 14:38:29:349 19 sec: 45763 operations; 3374 current ops/sec; est completion in 8 minutes [INSERT: Count=3373, Max=8063, Min=512, Avg=586.68, 90=617, 99=755, 99.9=6367, 99.99=8063] 
2021-03-02 14:38:30:349 20 sec: 49136 operations; 3373 current ops/sec; est completion in 8 minutes [INSERT: Count=3375, Max=6031, Min=515, Avg=585.64, 90=631, 99=773, 99.9=3653, 99.99=6031] 
2021-03-02 14:38:31:349 21 sec: 52422 operations; 3286 current ops/sec; est completion in 8 minutes [INSERT: Count=3285, Max=13167, Min=498, Avg=602.19, 90=641, 99=777, 99.9=6555, 99.99=13167] 
2021-03-02 14:38:32:350 22 sec: 55633 operations; 3211 current ops/sec; est completion in 8 minutes [INSERT: Count=3213, Max=21423, Min=516, Avg=616.39, 90=634, 99=1375, 99.9=1632, 99.99=21423] 
2021-03-02 14:38:33:349 23 sec: 58859 operations; 3226 current ops/sec; est completion in 8 minutes [INSERT: Count=3226, Max=4003, Min=510, Avg=612.82, 90=656, 99=1386, 99.9=1591, 99.99=4003] 
2021-03-02 14:38:34:349 24 sec: 62000 operations; 3141 current ops/sec; est completion in 8 minutes [INSERT: Count=3140, Max=8083, Min=512, Avg=629.82, 90=670, 99=1407, 99.9=3485, 99.99=8083] 
2021-03-02 14:38:35:350 25 sec: 65269 operations; 3269 current ops/sec; est completion in 7 minutes [INSERT: Count=3269, Max=9511, Min=505, Avg=607.01, 90=634, 99=1376, 99.9=5547, 99.99=9511] 
2021-03-02 14:38:36:350 26 sec: 68528 operations; 3259 current ops/sec; est completion in 7 minutes [INSERT: Count=3259, Max=8295, Min=504, Avg=607.94, 90=640, 99=1382, 99.9=1573, 99.99=8295] 
2021-03-02 14:38:37:349 27 sec: 71855 operations; 3327 current ops/sec; est completion in 7 minutes [INSERT: Count=3327, Max=23375, Min=494, Avg=596.19, 90=624, 99=1334, 99.9=1555, 99.99=23375] 
2021-03-02 14:38:38:349 28 sec: 75201 operations; 3346 current ops/sec; est completion in 7 minutes [INSERT: Count=3344, Max=6455, Min=486, Avg=592.68, 90=626, 99=1364, 99.9=3229, 99.99=6455] 
2021-03-02 14:38:39:349 29 sec: 78562 operations; 3361 current ops/sec; est completion in 7 minutes [INSERT: Count=3361, Max=2395, Min=497, Avg=589.65, 90=631, 99=1342, 99.9=1461, 99.99=2395] 
2021-03-02 14:38:40:349 30 sec: 81887 operations; 3325 current ops/sec; est completion in 7 minutes [INSERT: Count=3327, Max=1992, Min=502, Avg=597.14, 90=670, 99=1338, 99.9=1466, 99.99=1992] 
2021-03-02 14:38:41:349 31 sec: 85200 operations; 3313 current ops/sec; est completion in 7 minutes [INSERT: Count=3312, Max=4531, Min=499, Avg=598.07, 90=622, 99=1361, 99.9=1643, 99.99=4531] 
2021-03-02 14:38:42:349 32 sec: 88363 operations; 3163 current ops/sec; est completion in 7 minutes [INSERT: Count=3164, Max=8655, Min=497, Avg=626.43, 90=649, 99=1426, 99.9=6947, 99.99=8655] 
2021-03-02 14:38:43:349 33 sec: 91933 operations; 3570 current ops/sec; est completion in 7 minutes [INSERT: Count=3569, Max=10271, Min=481, Avg=554.66, 90=589, 99=720, 99.9=1053, 99.99=10271] 
2021-03-02 14:38:44:351 34 sec: 95456 operations; 3523 current ops/sec; est completion in 7 minutes [INSERT: Count=3526, Max=21103, Min=478, Avg=562.2, 90=597, 99=724, 99.9=1493, 99.99=21103] 
2021-03-02 14:38:45:350 35 sec: 99138 operations; 3682 current ops/sec; est completion in 7 minutes [INSERT: Count=3679, Max=2519, Min=469, Avg=537.13, 90=574, 99=712, 99.9=1333, 99.99=2519] 
2021-03-02 14:38:46:349 36 sec: 102785 operations; 3647 current ops/sec; est completion in 7 minutes [INSERT: Count=3647, Max=7263, Min=480, Avg=542.68, 90=575, 99=670, 99.9=957, 99.99=7263] 
2021-03-02 14:38:47:349 37 sec: 106346 operations; 3561 current ops/sec; est completion in 7 minutes [INSERT: Count=3561, Max=974, Min=479, Avg=555.84, 90=616, 99=728, 99.9=848, 99.99=974] 
2021-03-02 14:38:48:349 38 sec: 109978 operations; 3632 current ops/sec; est completion in 6 minutes [INSERT: Count=3633, Max=12167, Min=464, Avg=545.31, 90=589, 99=730, 99.9=4403, 99.99=12167] 
2021-03-02 14:38:49:349 39 sec: 113663 operations; 3685 current ops/sec; est completion in 6 minutes [INSERT: Count=3684, Max=8279, Min=466, Avg=537.46, 90=577, 99=694, 99.9=1127, 99.99=8279] 
2021-03-02 14:38:50:349 40 sec: 117262 operations; 3599 current ops/sec; est completion in 6 minutes [INSERT: Count=3600, Max=8003, Min=476, Avg=550.44, 90=579, 99=681, 99.9=3897, 99.99=8127] 
2021-03-02 14:38:51:349 41 sec: 120805 operations; 3543 current ops/sec; est completion in 6 minutes [INSERT: Count=3542, Max=43519, Min=467, Avg=559.48, 90=570, 99=684, 99.9=1096, 99.99=43519] 
2021-03-02 14:38:52:349 42 sec: 124475 operations; 3670 current ops/sec; est completion in 6 minutes [INSERT: Count=3670, Max=1395, Min=469, Avg=537.32, 90=578, 99=689, 99.9=779, 99.99=1395] 
2021-03-02 14:38:53:349 43 sec: 128131 operations; 3656 current ops/sec; est completion in 6 minutes [INSERT: Count=3656, Max=6883, Min=477, Avg=541.48, 90=582, 99=687, 99.9=1046, 99.99=6883] 
2021-03-02 14:38:54:349 44 sec: 131817 operations; 3686 current ops/sec; est completion in 6 minutes [INSERT: Count=3686, Max=2169, Min=467, Avg=537.61, 90=574, 99=655, 99.9=905, 99.99=2169] 
2021-03-02 14:38:55:350 45 sec: 135447 operations; 3630 current ops/sec; est completion in 6 minutes [INSERT: Count=3633, Max=6707, Min=473, Avg=546.11, 90=583, 99=719, 99.9=1024, 99.99=6707] 
2021-03-02 14:38:56:349 46 sec: 139069 operations; 3622 current ops/sec; est completion in 6 minutes [INSERT: Count=3619, Max=1816, Min=474, Avg=546.39, 90=592, 99=707, 99.9=970, 99.99=1816] 
2021-03-02 14:38:57:349 47 sec: 142736 operations; 3667 current ops/sec; est completion in 6 minutes [INSERT: Count=3667, Max=6451, Min=460, Avg=540.34, 90=587, 99=683, 99.9=1474, 99.99=6451] 
2021-03-02 14:38:58:349 48 sec: 146491 operations; 3755 current ops/sec; est completion in 6 minutes [INSERT: Count=3755, Max=6395, Min=465, Avg=527.75, 90=560, 99=671, 99.9=914, 99.99=6395] 
2021-03-02 14:38:59:349 49 sec: 150033 operations; 3542 current ops/sec; est completion in 6 minutes [INSERT: Count=3541, Max=39103, Min=486, Avg=559.35, 90=566, 99=642, 99.9=1015, 99.99=39103] 
2021-03-02 14:39:00:349 50 sec: 153758 operations; 3725 current ops/sec; est completion in 6 minutes [INSERT: Count=3728, Max=6883, Min=467, Avg=531.77, 90=559, 99=657, 99.9=813, 99.99=6883] 
2021-03-02 14:39:01:350 51 sec: 157524 operations; 3766 current ops/sec; est completion in 6 minutes [INSERT: Count=3764, Max=7903, Min=451, Avg=526.59, 90=554, 99=653, 99.9=4011, 99.99=7903] 
2021-03-02 14:39:02:349 52 sec: 161237 operations; 3713 current ops/sec; est completion in 6 minutes [INSERT: Count=3713, Max=6887, Min=469, Avg=534.14, 90=568, 99=675, 99.9=2381, 99.99=6887] 
2021-03-02 14:39:03:349 53 sec: 165041 operations; 3804 current ops/sec; est completion in 6 minutes [INSERT: Count=3803, Max=1533, Min=457, Avg=521.27, 90=556, 99=669, 99.9=815, 99.99=1533] 
2021-03-02 14:39:04:349 54 sec: 168603 operations; 3562 current ops/sec; est completion in 6 minutes [INSERT: Count=3561, Max=7051, Min=470, Avg=556.66, 90=620, 99=1211, 99.9=2559, 99.99=7051] 
2021-03-02 14:39:05:349 55 sec: 171920 operations; 3317 current ops/sec; est completion in 6 minutes [INSERT: Count=3318, Max=9711, Min=504, Avg=597.94, 90=628, 99=1342, 99.9=2923, 99.99=9711] 
2021-03-02 14:39:06:349 56 sec: 175109 operations; 3189 current ops/sec; est completion in 6 minutes [INSERT: Count=3188, Max=6643, Min=497, Avg=621.18, 90=679, 99=1397, 99.9=4683, 99.99=6643] 
2021-03-02 14:39:07:349 57 sec: 178431 operations; 3322 current ops/sec; est completion in 6 minutes [INSERT: Count=3323, Max=7591, Min=510, Avg=598.42, 90=626, 99=1368, 99.9=2119, 99.99=7591] 
2021-03-02 14:39:08:349 58 sec: 181726 operations; 3295 current ops/sec; est completion in 6 minutes [INSERT: Count=3294, Max=10071, Min=509, Avg=601.6, 90=622, 99=1346, 99.9=2937, 99.99=10071] 
2021-03-02 14:39:09:349 59 sec: 185053 operations; 3327 current ops/sec; est completion in 5 minutes [INSERT: Count=3329, Max=4331, Min=508, Avg=595.87, 90=619, 99=1355, 99.9=1942, 99.99=4331] 
2021-03-02 14:39:10:350 60 sec: 188266 operations; 3213 current ops/sec; est completion in 5 minutes [INSERT: Count=3211, Max=6979, Min=509, Avg=617.03, 90=681, 99=1358, 99.9=4691, 99.99=6979] 
2021-03-02 14:39:11:349 61 sec: 191417 operations; 3151 current ops/sec; est completion in 5 minutes [INSERT: Count=3152, Max=38879, Min=511, Avg=629.08, 90=635, 99=1362, 99.9=4371, 99.99=38879] 
2021-03-02 14:39:12:349 62 sec: 194802 operations; 3385 current ops/sec; est completion in 5 minutes [INSERT: Count=3384, Max=3007, Min=501, Avg=586.17, 90=609, 99=1333, 99.9=1568, 99.99=3007] 
2021-03-02 14:39:13:349 63 sec: 198173 operations; 3371 current ops/sec; est completion in 5 minutes [INSERT: Count=3372, Max=4415, Min=501, Avg=587.42, 90=608, 99=1342, 99.9=2259, 99.99=4415] 
2021-03-02 14:39:14:350 64 sec: 201445 operations; 3272 current ops/sec; est completion in 5 minutes [INSERT: Count=3273, Max=8343, Min=507, Avg=605.93, 90=662, 99=1355, 99.9=2351, 99.99=8343] 
2021-03-02 14:39:15:349 65 sec: 204740 operations; 3295 current ops/sec; est completion in 5 minutes [INSERT: Count=3294, Max=2903, Min=495, Avg=602.09, 90=682, 99=1353, 99.9=1527, 99.99=2903] 
2021-03-02 14:39:16:349 66 sec: 208093 operations; 3353 current ops/sec; est completion in 5 minutes [INSERT: Count=3354, Max=2607, Min=495, Avg=591.74, 90=621, 99=1333, 99.9=1788, 99.99=2607] 
2021-03-02 14:39:17:349 67 sec: 211472 operations; 3379 current ops/sec; est completion in 5 minutes [INSERT: Count=3378, Max=5807, Min=496, Avg=586.9, 90=609, 99=1337, 99.9=1966, 99.99=5807] 
2021-03-02 14:39:18:349 68 sec: 214732 operations; 3260 current ops/sec; est completion in 5 minutes [INSERT: Count=3259, Max=10895, Min=478, Avg=608.49, 90=646, 99=1486, 99.9=5535, 99.99=10895] 
2021-03-02 14:39:19:349 69 sec: 218398 operations; 3666 current ops/sec; est completion in 5 minutes [INSERT: Count=3666, Max=4259, Min=469, Avg=540.77, 90=572, 99=705, 99.9=2821, 99.99=4259] 
2021-03-02 14:39:20:349 70 sec: 221966 operations; 3568 current ops/sec; est completion in 5 minutes [INSERT: Count=3569, Max=9623, Min=476, Avg=555.53, 90=611, 99=709, 99.9=2521, 99.99=9623] 
2021-03-02 14:39:21:350 71 sec: 225587 operations; 3621 current ops/sec; est completion in 5 minutes [INSERT: Count=3623, Max=5875, Min=470, Avg=547.81, 90=587, 99=725, 99.9=2625, 99.99=5875] 
2021-03-02 14:39:22:349 72 sec: 229276 operations; 3689 current ops/sec; est completion in 5 minutes [INSERT: Count=3686, Max=6839, Min=473, Avg=536.08, 90=563, 99=646, 99.9=1035, 99.99=6839] 
2021-03-02 14:39:23:349 73 sec: 232798 operations; 3522 current ops/sec; est completion in 5 minutes [INSERT: Count=3522, Max=35071, Min=482, Avg=562.4, 90=568, 99=668, 99.9=2783, 99.99=35071] 
2021-03-02 14:39:24:349 74 sec: 236494 operations; 3696 current ops/sec; est completion in 5 minutes [INSERT: Count=3697, Max=4779, Min=478, Avg=535.63, 90=561, 99=675, 99.9=938, 99.99=4779] 
2021-03-02 14:39:25:349 75 sec: 240271 operations; 3777 current ops/sec; est completion in 5 minutes [INSERT: Count=3776, Max=2481, Min=470, Avg=523.94, 90=549, 99=616, 99.9=729, 99.99=2481] 
2021-03-02 14:39:26:349 76 sec: 243964 operations; 3693 current ops/sec; est completion in 5 minutes [INSERT: Count=3693, Max=6347, Min=472, Avg=537.1, 90=566, 99=683, 99.9=1887, 99.99=6347] 
2021-03-02 14:39:27:349 77 sec: 247677 operations; 3713 current ops/sec; est completion in 5 minutes [INSERT: Count=3714, Max=8911, Min=468, Avg=533.38, 90=558, 99=652, 99.9=1081, 99.99=8911] 
2021-03-02 14:39:28:349 78 sec: 251340 operations; 3663 current ops/sec; est completion in 5 minutes [INSERT: Count=3662, Max=7311, Min=475, Avg=540.96, 90=570, 99=683, 99.9=2087, 99.99=7311] 
2021-03-02 14:39:29:350 79 sec: 254956 operations; 3616 current ops/sec; est completion in 5 minutes [INSERT: Count=3616, Max=11599, Min=478, Avg=547.89, 90=584, 99=687, 99.9=2585, 99.99=11599] 
2021-03-02 14:39:30:349 80 sec: 258644 operations; 3688 current ops/sec; est completion in 5 minutes [INSERT: Count=3689, Max=2785, Min=483, Avg=537.17, 90=569, 99=651, 99.9=806, 99.99=2785] 
2021-03-02 14:39:31:349 81 sec: 262286 operations; 3642 current ops/sec; est completion in 5 minutes [INSERT: Count=3641, Max=6659, Min=474, Avg=543.87, 90=582, 99=697, 99.9=2111, 99.99=6659] 
2021-03-02 14:39:32:349 82 sec: 265989 operations; 3703 current ops/sec; est completion in 5 minutes [INSERT: Count=3704, Max=3051, Min=473, Avg=535.24, 90=569, 99=680, 99.9=1125, 99.99=3051] 
2021-03-02 14:39:33:349 83 sec: 269689 operations; 3700 current ops/sec; est completion in 5 minutes [INSERT: Count=3701, Max=1220, Min=478, Avg=535.73, 90=572, 99=656, 99.9=898, 99.99=1220] 
2021-03-02 14:39:34:350 84 sec: 273287 operations; 3598 current ops/sec; est completion in 5 minutes [INSERT: Count=3600, Max=6715, Min=481, Avg=551, 90=582, 99=658, 99.9=1171, 99.99=6715] 
2021-03-02 14:39:35:349 85 sec: 276915 operations; 3628 current ops/sec; est completion in 5 minutes [INSERT: Count=3625, Max=3357, Min=479, Avg=545.16, 90=580, 99=669, 99.9=2289, 99.99=3357] 
2021-03-02 14:39:36:349 86 sec: 280508 operations; 3593 current ops/sec; est completion in 5 minutes [INSERT: Count=3593, Max=2251, Min=481, Avg=551.4, 90=585, 99=665, 99.9=1051, 99.99=2251] 
2021-03-02 14:39:37:349 87 sec: 284007 operations; 3499 current ops/sec; est completion in 5 minutes [INSERT: Count=3499, Max=35935, Min=479, Avg=565.62, 90=585, 99=681, 99.9=2057, 99.99=35935] 
2021-03-02 14:39:38:349 88 sec: 287729 operations; 3722 current ops/sec; est completion in 5 minutes [INSERT: Count=3722, Max=6479, Min=475, Avg=531.9, 90=553, 99=656, 99.9=859, 99.99=6479] 
2021-03-02 14:39:39:349 89 sec: 291430 operations; 3701 current ops/sec; est completion in 5 minutes [INSERT: Count=3702, Max=839, Min=477, Avg=535.57, 90=568, 99=657, 99.9=745, 99.99=839] 
2021-03-02 14:39:40:349 90 sec: 295147 operations; 3717 current ops/sec; est completion in 5 minutes [INSERT: Count=3717, Max=2703, Min=479, Avg=532.7, 90=557, 99=669, 99.9=866, 99.99=2703] 
2021-03-02 14:39:41:350 91 sec: 298820 operations; 3673 current ops/sec; est completion in 5 minutes [INSERT: Count=3672, Max=9839, Min=479, Avg=539.44, 90=560, 99=650, 99.9=1722, 99.99=9839] 
2021-03-02 14:39:42:350 92 sec: 302643 operations; 3823 current ops/sec; est completion in 5 minutes [INSERT: Count=3824, Max=2561, Min=463, Avg=518.76, 90=549, 99=652, 99.9=858, 99.99=2561] 
2021-03-02 14:39:43:349 93 sec: 306455 operations; 3812 current ops/sec; est completion in 5 minutes [INSERT: Count=3811, Max=1534, Min=470, Avg=520.65, 90=551, 99=656, 99.9=890, 99.99=1534] 
2021-03-02 14:39:44:349 94 sec: 310242 operations; 3787 current ops/sec; est completion in 5 minutes [INSERT: Count=3786, Max=3983, Min=459, Avg=524.02, 90=556, 99=645, 99.9=896, 99.99=3983] 
2021-03-02 14:39:45:349 95 sec: 314070 operations; 3828 current ops/sec; est completion in 5 minutes [INSERT: Count=3830, Max=1186, Min=468, Avg=517.91, 90=548, 99=631, 99.9=747, 99.99=1186] 
2021-03-02 14:39:46:349 96 sec: 317863 operations; 3793 current ops/sec; est completion in 5 minutes [INSERT: Count=3793, Max=9255, Min=460, Avg=522.26, 90=546, 99=612, 99.9=982, 99.99=9255] 
2021-03-02 14:39:47:349 97 sec: 321568 operations; 3705 current ops/sec; est completion in 4 minutes [INSERT: Count=3705, Max=9319, Min=482, Avg=534.2, 90=558, 99=620, 99.9=1651, 99.99=9319] 
2021-03-02 14:39:48:349 98 sec: 325099 operations; 3531 current ops/sec; est completion in 4 minutes [INSERT: Count=3530, Max=1805, Min=489, Avg=561.44, 90=598, 99=1117, 99.9=1469, 99.99=1805] 
2021-03-02 14:39:49:349 99 sec: 328346 operations; 3247 current ops/sec; est completion in 4 minutes [INSERT: Count=3247, Max=9959, Min=512, Avg=610.65, 90=640, 99=1352, 99.9=3403, 99.99=9959] 
2021-03-02 14:39:50:349 100 sec: 331624 operations; 3278 current ops/sec; est completion in 4 minutes [INSERT: Count=3278, Max=1641, Min=512, Avg=604.91, 90=646, 99=1371, 99.9=1585, 99.99=1641] 
2021-03-02 14:39:51:349 101 sec: 334883 operations; 3259 current ops/sec; est completion in 4 minutes [INSERT: Count=3259, Max=11559, Min=514, Avg=608.25, 90=617, 99=1338, 99.9=1511, 99.99=11559] 
2021-03-02 14:39:52:350 102 sec: 338141 operations; 3258 current ops/sec; est completion in 4 minutes [INSERT: Count=3261, Max=6131, Min=519, Avg=608.47, 90=625, 99=1361, 99.9=1659, 99.99=6131] 
2021-03-02 14:39:53:377 103 sec: 341354 operations; 3125.49 current ops/sec; est completion in 4 minutes [INSERT: Count=3209, Max=6215, Min=522, Avg=611.78, 90=630, 99=1362, 99.9=2871, 99.99=6215] 
2021-03-02 14:39:54:349 104 sec: 344591 operations; 3330.25 current ops/sec; est completion in 4 minutes [INSERT: Count=3239, Max=36575, Min=518, Avg=606.52, 90=623, 99=1332, 99.9=1576, 99.99=36575] 
2021-03-02 14:39:55:349 105 sec: 347940 operations; 3349 current ops/sec; est completion in 4 minutes [INSERT: Count=3347, Max=2335, Min=509, Avg=592.32, 90=614, 99=1337, 99.9=1591, 99.99=2335] 
2021-03-02 14:39:56:349 106 sec: 351248 operations; 3308 current ops/sec; est completion in 4 minutes [INSERT: Count=3308, Max=6163, Min=506, Avg=599.07, 90=624, 99=1354, 99.9=2311, 99.99=6163] 
2021-03-02 14:39:57:349 107 sec: 354540 operations; 3292 current ops/sec; est completion in 4 minutes [INSERT: Count=3293, Max=5427, Min=493, Avg=602.63, 90=655, 99=1352, 99.9=2055, 99.99=5427] 
2021-03-02 14:39:58:349 108 sec: 357826 operations; 3286 current ops/sec; est completion in 4 minutes [INSERT: Count=3285, Max=11735, Min=501, Avg=603.85, 90=654, 99=1351, 99.9=1991, 99.99=11735] 
2021-03-02 14:39:59:349 109 sec: 361124 operations; 3298 current ops/sec; est completion in 4 minutes [INSERT: Count=3299, Max=5791, Min=509, Avg=600.85, 90=637, 99=1354, 99.9=1657, 99.99=5791] 
2021-03-02 14:40:00:349 110 sec: 364425 operations; 3301 current ops/sec; est completion in 4 minutes [INSERT: Count=3300, Max=7071, Min=503, Avg=600.83, 90=627, 99=1342, 99.9=3085, 99.99=7071] 
2021-03-02 14:40:01:349 111 sec: 367801 operations; 3376 current ops/sec; est completion in 4 minutes [INSERT: Count=3377, Max=2307, Min=513, Avg=587.31, 90=607, 99=1319, 99.9=1494, 99.99=2307] 
2021-03-02 14:40:02:349 112 sec: 371082 operations; 3281 current ops/sec; est completion in 4 minutes [INSERT: Count=3281, Max=9519, Min=506, Avg=604.67, 90=681, 99=1332, 99.9=2487, 99.99=9519] 
2021-03-02 14:40:03:349 113 sec: 374398 operations; 3316 current ops/sec; est completion in 4 minutes [INSERT: Count=3316, Max=9967, Min=503, Avg=597.79, 90=626, 99=1339, 99.9=3057, 99.99=9967] 
2021-03-02 14:40:04:349 114 sec: 377725 operations; 3327 current ops/sec; est completion in 4 minutes [INSERT: Count=3326, Max=4575, Min=508, Avg=596.18, 90=613, 99=1335, 99.9=2026, 99.99=4575] 
2021-03-02 14:40:05:350 115 sec: 380954 operations; 3229 current ops/sec; est completion in 4 minutes [INSERT: Count=3231, Max=7803, Min=498, Avg=614.04, 90=625, 99=1373, 99.9=5499, 99.99=7803] 
2021-03-02 14:40:06:349 116 sec: 384247 operations; 3293 current ops/sec; est completion in 4 minutes [INSERT: Count=3291, Max=7931, Min=514, Avg=601.54, 90=622, 99=1345, 99.9=1491, 99.99=7931] 
2021-03-02 14:40:07:349 117 sec: 387500 operations; 3253 current ops/sec; est completion in 4 minutes [INSERT: Count=3254, Max=3861, Min=522, Avg=609.44, 90=642, 99=1374, 99.9=2545, 99.99=3861] 
2021-03-02 14:40:08:349 118 sec: 390778 operations; 3278 current ops/sec; est completion in 4 minutes [INSERT: Count=3277, Max=1840, Min=512, Avg=605.07, 90=628, 99=1330, 99.9=1466, 99.99=1840] 
2021-03-02 14:40:09:349 119 sec: 394066 operations; 3288 current ops/sec; est completion in 4 minutes [INSERT: Count=3289, Max=4995, Min=516, Avg=602.76, 90=618, 99=1365, 99.9=2205, 99.99=4995] 
2021-03-02 14:40:10:349 120 sec: 397352 operations; 3286 current ops/sec; est completion in 4 minutes [INSERT: Count=3285, Max=12263, Min=519, Avg=603.12, 90=618, 99=1346, 99.9=2305, 99.99=12263] 
2021-03-02 14:40:11:349 121 sec: 400669 operations; 3317 current ops/sec; est completion in 4 minutes [INSERT: Count=3318, Max=2829, Min=520, Avg=597.44, 90=617, 99=1329, 99.9=1537, 99.99=2829] 
2021-03-02 14:40:12:349 122 sec: 403963 operations; 3294 current ops/sec; est completion in 4 minutes [INSERT: Count=3294, Max=4687, Min=517, Avg=601.43, 90=620, 99=1340, 99.9=1593, 99.99=4687] 
2021-03-02 14:40:13:349 123 sec: 407163 operations; 3200 current ops/sec; est completion in 4 minutes [INSERT: Count=3199, Max=34751, Min=509, Avg=619.52, 90=627, 99=1325, 99.9=2917, 99.99=34751] 
2021-03-02 14:40:14:349 124 sec: 410510 operations; 3347 current ops/sec; est completion in 4 minutes [INSERT: Count=3348, Max=4503, Min=502, Avg=592.26, 90=613, 99=1327, 99.9=1524, 99.99=4503] 
2021-03-02 14:40:15:349 125 sec: 413905 operations; 3395 current ops/sec; est completion in 4 minutes [INSERT: Count=3395, Max=2865, Min=509, Avg=584.25, 90=600, 99=1326, 99.9=1511, 99.99=2865] 
2021-03-02 14:40:16:349 126 sec: 417245 operations; 3340 current ops/sec; est completion in 4 minutes [INSERT: Count=3339, Max=6291, Min=500, Avg=593.51, 90=608, 99=1333, 99.9=4423, 99.99=6291] 
2021-03-02 14:40:17:349 127 sec: 420580 operations; 3335 current ops/sec; est completion in 4 minutes [INSERT: Count=3337, Max=9791, Min=500, Avg=594.7, 90=615, 99=1349, 99.9=2565, 99.99=9791] 
2021-03-02 14:40:18:349 128 sec: 423934 operations; 3354 current ops/sec; est completion in 4 minutes [INSERT: Count=3354, Max=3275, Min=509, Avg=591.31, 90=613, 99=1323, 99.9=1487, 99.99=3275] 
2021-03-02 14:40:19:349 129 sec: 427212 operations; 3278 current ops/sec; est completion in 4 minutes [INSERT: Count=3277, Max=4887, Min=510, Avg=604.89, 90=664, 99=1341, 99.9=1634, 99.99=4887] 
2021-03-02 14:40:20:349 130 sec: 430576 operations; 3364 current ops/sec; est completion in 4 minutes [INSERT: Count=3363, Max=2153, Min=509, Avg=589.74, 90=610, 99=1319, 99.9=1545, 99.99=2153] 
2021-03-02 14:40:21:350 131 sec: 433909 operations; 3333 current ops/sec; est completion in 4 minutes [INSERT: Count=3333, Max=5847, Min=513, Avg=594.89, 90=617, 99=1353, 99.9=2351, 99.99=5847] 
2021-03-02 14:40:22:349 132 sec: 437217 operations; 3308 current ops/sec; est completion in 4 minutes [INSERT: Count=3309, Max=2987, Min=516, Avg=599.47, 90=634, 99=1328, 99.9=1576, 99.99=2987] 
2021-03-02 14:40:23:349 133 sec: 440534 operations; 3317 current ops/sec; est completion in 4 minutes [INSERT: Count=3316, Max=2563, Min=502, Avg=598.21, 90=664, 99=1333, 99.9=1952, 99.99=2563] 
2021-03-02 14:40:24:349 134 sec: 443902 operations; 3368 current ops/sec; est completion in 4 minutes [INSERT: Count=3368, Max=2633, Min=505, Avg=588.71, 90=609, 99=1323, 99.9=1530, 99.99=2633] 
2021-03-02 14:40:25:349 135 sec: 447194 operations; 3292 current ops/sec; est completion in 4 minutes [INSERT: Count=3293, Max=4299, Min=515, Avg=602.02, 90=629, 99=1347, 99.9=1524, 99.99=4299] 
2021-03-02 14:40:26:349 136 sec: 450488 operations; 3294 current ops/sec; est completion in 4 minutes [INSERT: Count=3294, Max=4251, Min=511, Avg=601.78, 90=639, 99=1340, 99.9=1547, 99.99=4251] 
2021-03-02 14:40:27:349 137 sec: 453809 operations; 3321 current ops/sec; est completion in 4 minutes [INSERT: Count=3320, Max=2769, Min=511, Avg=597.02, 90=617, 99=1341, 99.9=1575, 99.99=2769] 
2021-03-02 14:40:28:349 138 sec: 457078 operations; 3269 current ops/sec; est completion in 4 minutes [INSERT: Count=3271, Max=8927, Min=516, Avg=605.66, 90=617, 99=1353, 99.9=4307, 99.99=8927] 
2021-03-02 14:40:29:349 139 sec: 460380 operations; 3302 current ops/sec; est completion in 4 minutes [INSERT: Count=3301, Max=11503, Min=510, Avg=600.42, 90=617, 99=1337, 99.9=1665, 99.99=11503] 
2021-03-02 14:40:30:349 140 sec: 463657 operations; 3277 current ops/sec; est completion in 4 minutes [INSERT: Count=3277, Max=4315, Min=521, Avg=604.63, 90=633, 99=1361, 99.9=2313, 99.99=4315] 
2021-03-02 14:40:31:349 141 sec: 466961 operations; 3304 current ops/sec; est completion in 4 minutes [INSERT: Count=3304, Max=9047, Min=516, Avg=600.05, 90=617, 99=1344, 99.9=1856, 99.99=9047] 
2021-03-02 14:40:32:349 142 sec: 470210 operations; 3249 current ops/sec; est completion in 4 minutes [INSERT: Count=3249, Max=12455, Min=511, Avg=610.18, 90=627, 99=1361, 99.9=4935, 99.99=12455] 
2021-03-02 14:40:33:349 143 sec: 473564 operations; 3354 current ops/sec; est completion in 4 minutes [INSERT: Count=3354, Max=4719, Min=509, Avg=591.08, 90=614, 99=1345, 99.9=1590, 99.99=4719] 
2021-03-02 14:40:34:349 144 sec: 476960 operations; 3396 current ops/sec; est completion in 4 minutes [INSERT: Count=3396, Max=1545, Min=495, Avg=584.08, 90=609, 99=1322, 99.9=1441, 99.99=1545] 
2021-03-02 14:40:35:349 145 sec: 480307 operations; 3347 current ops/sec; est completion in 4 minutes [INSERT: Count=3347, Max=9487, Min=500, Avg=592.69, 90=614, 99=1324, 99.9=1968, 99.99=9487] 
2021-03-02 14:40:36:349 146 sec: 483693 operations; 3386 current ops/sec; est completion in 4 minutes [INSERT: Count=3386, Max=2227, Min=509, Avg=585.93, 90=610, 99=1333, 99.9=1534, 99.99=2227] 
2021-03-02 14:40:37:349 147 sec: 487064 operations; 3371 current ops/sec; est completion in 4 minutes [INSERT: Count=3371, Max=1554, Min=502, Avg=588.42, 90=611, 99=1318, 99.9=1405, 99.99=1554] 
2021-03-02 14:40:38:350 148 sec: 490357 operations; 3293 current ops/sec; est completion in 4 minutes [INSERT: Count=3295, Max=5939, Min=502, Avg=602.46, 90=636, 99=1355, 99.9=2111, 99.99=5939] 
2021-03-02 14:40:39:349 149 sec: 493688 operations; 3331 current ops/sec; est completion in 4 minutes [INSERT: Count=3328, Max=1988, Min=506, Avg=594.9, 90=617, 99=1343, 99.9=1421, 99.99=1988] 
2021-03-02 14:40:40:349 150 sec: 496989 operations; 3301 current ops/sec; est completion in 4 minutes [INSERT: Count=3302, Max=4799, Min=502, Avg=601.34, 90=647, 99=1346, 99.9=1976, 99.99=4799] 
2021-03-02 14:40:41:349 151 sec: 500357 operations; 3368 current ops/sec; est completion in 4 minutes [INSERT: Count=3368, Max=2133, Min=511, Avg=589.09, 90=609, 99=1326, 99.9=1681, 99.99=2133] 
2021-03-02 14:40:42:349 152 sec: 503733 operations; 3376 current ops/sec; est completion in 4 minutes [INSERT: Count=3377, Max=2255, Min=504, Avg=587.38, 90=608, 99=1314, 99.9=1590, 99.99=2255] 
2021-03-02 14:40:43:349 153 sec: 507047 operations; 3314 current ops/sec; est completion in 4 minutes [INSERT: Count=3314, Max=3997, Min=503, Avg=598.31, 90=635, 99=1341, 99.9=1595, 99.99=3997] 
2021-03-02 14:40:44:349 154 sec: 510374 operations; 3327 current ops/sec; est completion in 4 minutes [INSERT: Count=3325, Max=1620, Min=511, Avg=596.28, 90=612, 99=1344, 99.9=1495, 99.99=1620] 
2021-03-02 14:40:45:349 155 sec: 513653 operations; 3279 current ops/sec; est completion in 4 minutes [INSERT: Count=3281, Max=9079, Min=502, Avg=604.56, 90=628, 99=1341, 99.9=1537, 99.99=9079] 
2021-03-02 14:40:46:349 156 sec: 516866 operations; 3213 current ops/sec; est completion in 4 minutes [INSERT: Count=3211, Max=9663, Min=505, Avg=617.52, 90=635, 99=1382, 99.9=5119, 99.99=9663] 
2021-03-02 14:40:47:349 157 sec: 520089 operations; 3223 current ops/sec; est completion in 3 minutes [INSERT: Count=3225, Max=10311, Min=510, Avg=615.02, 90=633, 99=1439, 99.9=1746, 99.99=10311] 
2021-03-02 14:40:48:349 158 sec: 523472 operations; 3383 current ops/sec; est completion in 3 minutes [INSERT: Count=3382, Max=11239, Min=509, Avg=583.36, 90=602, 99=1321, 99.9=2419, 99.99=11239] 
2021-03-02 14:40:49:349 159 sec: 527097 operations; 3625 current ops/sec; est completion in 3 minutes [INSERT: Count=3625, Max=1694, Min=494, Avg=546.57, 90=575, 99=690, 99.9=1463, 99.99=1694] 
2021-03-02 14:40:50:349 160 sec: 530775 operations; 3678 current ops/sec; est completion in 3 minutes [INSERT: Count=3679, Max=1812, Min=486, Avg=538.59, 90=564, 99=652, 99.9=747, 99.99=1812] 
2021-03-02 14:40:51:349 161 sec: 534443 operations; 3668 current ops/sec; est completion in 3 minutes [INSERT: Count=3667, Max=11887, Min=478, Avg=540.26, 90=563, 99=620, 99.9=717, 99.99=11887] 
2021-03-02 14:40:52:349 162 sec: 538234 operations; 3791 current ops/sec; est completion in 3 minutes [INSERT: Count=3791, Max=747, Min=476, Avg=522.65, 90=547, 99=599, 99.9=653, 99.99=747] 
2021-03-02 14:40:53:349 163 sec: 541975 operations; 3741 current ops/sec; est completion in 3 minutes [INSERT: Count=3741, Max=9263, Min=475, Avg=529.56, 90=552, 99=616, 99.9=857, 99.99=9263] 
2021-03-02 14:40:54:350 164 sec: 545743 operations; 3768 current ops/sec; est completion in 3 minutes [INSERT: Count=3770, Max=5751, Min=473, Avg=526.18, 90=547, 99=630, 99.9=850, 99.99=5751] 
2021-03-02 14:40:55:349 165 sec: 549510 operations; 3767 current ops/sec; est completion in 3 minutes [INSERT: Count=3765, Max=813, Min=468, Avg=525.64, 90=552, 99=625, 99.9=710, 99.99=813] 
2021-03-02 14:40:56:349 166 sec: 553276 operations; 3766 current ops/sec; est completion in 3 minutes [INSERT: Count=3766, Max=896, Min=474, Avg=526.03, 90=553, 99=635, 99.9=837, 99.99=896] 
2021-03-02 14:40:57:349 167 sec: 557103 operations; 3827 current ops/sec; est completion in 3 minutes [INSERT: Count=3827, Max=982, Min=462, Avg=518.24, 90=540, 99=603, 99.9=914, 99.99=982] 
2021-03-02 14:40:58:349 168 sec: 560911 operations; 3808 current ops/sec; est completion in 3 minutes [INSERT: Count=3808, Max=1630, Min=469, Avg=520.38, 90=542, 99=601, 99.9=935, 99.99=1630] 
2021-03-02 14:40:59:349 169 sec: 564702 operations; 3791 current ops/sec; est completion in 3 minutes [INSERT: Count=3791, Max=4275, Min=471, Avg=522.56, 90=546, 99=643, 99.9=1103, 99.99=4275] 
2021-03-02 14:41:00:349 170 sec: 568494 operations; 3792 current ops/sec; est completion in 3 minutes [INSERT: Count=3793, Max=2217, Min=473, Avg=522.49, 90=546, 99=603, 99.9=1134, 99.99=2217] 
2021-03-02 14:41:01:349 171 sec: 572298 operations; 3804 current ops/sec; est completion in 3 minutes [INSERT: Count=3802, Max=1188, Min=470, Avg=520.67, 90=547, 99=626, 99.9=1151, 99.99=1188] 
2021-03-02 14:41:02:349 172 sec: 576047 operations; 3749 current ops/sec; est completion in 3 minutes [INSERT: Count=3750, Max=2077, Min=462, Avg=528.32, 90=551, 99=637, 99.9=1266, 99.99=2077] 
2021-03-02 14:41:03:349 173 sec: 579832 operations; 3785 current ops/sec; est completion in 3 minutes [INSERT: Count=3785, Max=1853, Min=470, Avg=523.34, 90=548, 99=598, 99.9=1132, 99.99=1853] 
2021-03-02 14:41:04:349 174 sec: 583689 operations; 3857 current ops/sec; est completion in 3 minutes [INSERT: Count=3858, Max=2105, Min=461, Avg=512.01, 90=534, 99=629, 99.9=1416, 99.99=2105] 
2021-03-02 14:41:05:349 175 sec: 587517 operations; 3828 current ops/sec; est completion in 3 minutes [INSERT: Count=3826, Max=1617, Min=466, Avg=517.36, 90=543, 99=602, 99.9=666, 99.99=1617] 
2021-03-02 14:41:06:349 176 sec: 591271 operations; 3754 current ops/sec; est completion in 3 minutes [INSERT: Count=3754, Max=2055, Min=472, Avg=527.57, 90=552, 99=601, 99.9=1330, 99.99=2055] 
2021-03-02 14:41:07:349 177 sec: 595041 operations; 3770 current ops/sec; est completion in 3 minutes [INSERT: Count=3771, Max=1823, Min=466, Avg=525.49, 90=548, 99=604, 99.9=1429, 99.99=1823] 
2021-03-02 14:41:08:349 178 sec: 598694 operations; 3653 current ops/sec; est completion in 3 minutes [INSERT: Count=3653, Max=14447, Min=464, Avg=542.37, 90=551, 99=640, 99.9=7135, 99.99=14447] 
2021-03-02 14:41:09:349 179 sec: 602534 operations; 3840 current ops/sec; est completion in 3 minutes [INSERT: Count=3840, Max=3283, Min=466, Avg=515.97, 90=538, 99=596, 99.9=716, 99.99=3283] 
2021-03-02 14:41:10:349 180 sec: 606272 operations; 3738 current ops/sec; est completion in 3 minutes [INSERT: Count=3738, Max=2839, Min=446, Avg=530.71, 90=613, 99=737, 99.9=903, 99.99=2839] 
2021-03-02 14:41:11:349 181 sec: 609916 operations; 3644 current ops/sec; est completion in 3 minutes [INSERT: Count=3644, Max=12391, Min=462, Avg=544.74, 90=625, 99=740, 99.9=865, 99.99=12391] 
2021-03-02 14:41:12:349 182 sec: 613572 operations; 3656 current ops/sec; est completion in 3 minutes [INSERT: Count=3657, Max=3621, Min=470, Avg=542.37, 90=606, 99=733, 99.9=895, 99.99=3621] 
2021-03-02 14:41:13:349 183 sec: 617194 operations; 3622 current ops/sec; est completion in 3 minutes [INSERT: Count=3621, Max=6959, Min=474, Avg=547.14, 90=615, 99=757, 99.9=1215, 99.99=6959] 
2021-03-02 14:41:14:349 184 sec: 620852 operations; 3658 current ops/sec; est completion in 3 minutes [INSERT: Count=3657, Max=10039, Min=455, Avg=541.57, 90=586, 99=704, 99.9=1020, 99.99=10039] 
2021-03-02 14:41:15:350 185 sec: 624496 operations; 3644 current ops/sec; est completion in 3 minutes [INSERT: Count=3647, Max=5811, Min=468, Avg=543.93, 90=599, 99=723, 99.9=1833, 99.99=5811] 
2021-03-02 14:41:16:349 186 sec: 628196 operations; 3700 current ops/sec; est completion in 3 minutes [INSERT: Count=3697, Max=10031, Min=475, Avg=535.07, 90=575, 99=700, 99.9=1013, 99.99=10031] 
2021-03-02 14:41:17:349 187 sec: 631899 operations; 3703 current ops/sec; est completion in 3 minutes [INSERT: Count=3703, Max=6935, Min=472, Avg=534.96, 90=565, 99=683, 99.9=2237, 99.99=6935] 
2021-03-02 14:41:18:349 188 sec: 635584 operations; 3685 current ops/sec; est completion in 3 minutes [INSERT: Count=3687, Max=2000, Min=466, Avg=537.87, 90=587, 99=694, 99.9=1258, 99.99=2000] 
2021-03-02 14:41:19:349 189 sec: 639214 operations; 3630 current ops/sec; est completion in 3 minutes [INSERT: Count=3628, Max=1563, Min=478, Avg=545.47, 90=590, 99=704, 99.9=1208, 99.99=1563] 
2021-03-02 14:41:20:349 190 sec: 642838 operations; 3624 current ops/sec; est completion in 3 minutes [INSERT: Count=3624, Max=2415, Min=481, Avg=546.86, 90=589, 99=701, 99.9=1250, 99.99=2415] 
2021-03-02 14:41:21:349 191 sec: 646459 operations; 3621 current ops/sec; est completion in 3 minutes [INSERT: Count=3621, Max=9103, Min=482, Avg=547.08, 90=590, 99=697, 99.9=1254, 99.99=9103] 
2021-03-02 14:41:22:349 192 sec: 650087 operations; 3628 current ops/sec; est completion in 3 minutes [INSERT: Count=3629, Max=10335, Min=487, Avg=544.23, 90=578, 99=684, 99.9=2481, 99.99=10335] 
2021-03-02 14:41:23:349 193 sec: 653736 operations; 3649 current ops/sec; est completion in 3 minutes [INSERT: Count=3649, Max=9663, Min=487, Avg=544.51, 90=583, 99=683, 99.9=1165, 99.99=9663] 
2021-03-02 14:41:24:349 194 sec: 657361 operations; 3625 current ops/sec; est completion in 3 minutes [INSERT: Count=3624, Max=6931, Min=484, Avg=546.17, 90=585, 99=710, 99.9=1481, 99.99=6931] 
2021-03-02 14:41:25:349 195 sec: 660945 operations; 3584 current ops/sec; est completion in 3 minutes [INSERT: Count=3584, Max=14247, Min=471, Avg=552.91, 90=582, 99=708, 99.9=3029, 99.99=14247] 
2021-03-02 14:41:26:349 196 sec: 664663 operations; 3718 current ops/sec; est completion in 3 minutes [INSERT: Count=3718, Max=2475, Min=481, Avg=532.81, 90=574, 99=670, 99.9=778, 99.99=2475] 
2021-03-02 14:41:27:349 197 sec: 668421 operations; 3758 current ops/sec; est completion in 3 minutes [INSERT: Count=3758, Max=1759, Min=476, Avg=527.58, 90=563, 99=675, 99.9=786, 99.99=1759] 
2021-03-02 14:41:28:349 198 sec: 672143 operations; 3722 current ops/sec; est completion in 3 minutes [INSERT: Count=3722, Max=7147, Min=476, Avg=532.05, 90=560, 99=670, 99.9=1674, 99.99=7147] 
2021-03-02 14:41:29:349 199 sec: 675858 operations; 3715 current ops/sec; est completion in 3 minutes [INSERT: Count=3715, Max=9095, Min=476, Avg=533.44, 90=568, 99=657, 99.9=2383, 99.99=9095] 
2021-03-02 14:41:30:349 200 sec: 679566 operations; 3708 current ops/sec; est completion in 3 minutes [INSERT: Count=3709, Max=6855, Min=474, Avg=534.17, 90=563, 99=679, 99.9=874, 99.99=6855] 
2021-03-02 14:41:31:349 201 sec: 683281 operations; 3715 current ops/sec; est completion in 3 minutes [INSERT: Count=3714, Max=2155, Min=476, Avg=533.54, 90=569, 99=675, 99.9=881, 99.99=2155] 
2021-03-02 14:41:32:349 202 sec: 686986 operations; 3705 current ops/sec; est completion in 3 minutes [INSERT: Count=3706, Max=3295, Min=480, Avg=532.06, 90=571, 99=656, 99.9=988, 99.99=3295] 
2021-03-02 14:41:33:349 203 sec: 690679 operations; 3693 current ops/sec; est completion in 3 minutes [INSERT: Count=3693, Max=4643, Min=476, Avg=536.48, 90=571, 99=705, 99.9=1072, 99.99=4643] 
2021-03-02 14:41:34:349 204 sec: 694382 operations; 3703 current ops/sec; est completion in 3 minutes [INSERT: Count=3703, Max=6895, Min=477, Avg=534.77, 90=565, 99=680, 99.9=1962, 99.99=6895] 
2021-03-02 14:41:35:350 205 sec: 698079 operations; 3697 current ops/sec; est completion in 3 minutes [INSERT: Count=3698, Max=6075, Min=474, Avg=536.31, 90=571, 99=670, 99.9=2031, 99.99=6075] 
2021-03-02 14:41:36:349 206 sec: 701737 operations; 3658 current ops/sec; est completion in 2 minutes [INSERT: Count=3658, Max=2038, Min=472, Avg=540.9, 90=580, 99=679, 99.9=1229, 99.99=2038] 
2021-03-02 14:41:37:349 207 sec: 705399 operations; 3662 current ops/sec; est completion in 2 minutes [INSERT: Count=3660, Max=4523, Min=482, Avg=540.49, 90=580, 99=669, 99.9=1006, 99.99=4523] 
2021-03-02 14:41:38:349 208 sec: 708977 operations; 3578 current ops/sec; est completion in 2 minutes [INSERT: Count=3578, Max=8567, Min=489, Avg=553.42, 90=583, 99=703, 99.9=2471, 99.99=8567] 
2021-03-02 14:41:39:349 209 sec: 712673 operations; 3696 current ops/sec; est completion in 2 minutes [INSERT: Count=3697, Max=2731, Min=469, Avg=536.2, 90=578, 99=691, 99.9=1337, 99.99=2731] 
2021-03-02 14:41:40:349 210 sec: 716391 operations; 3718 current ops/sec; est completion in 2 minutes [INSERT: Count=3718, Max=3293, Min=459, Avg=533.57, 90=570, 99=647, 99.9=1800, 99.99=3293] 
2021-03-02 14:41:41:349 211 sec: 720179 operations; 3788 current ops/sec; est completion in 2 minutes [INSERT: Count=3789, Max=4615, Min=457, Avg=523.49, 90=561, 99=673, 99.9=1407, 99.99=4615] 
2021-03-02 14:41:42:349 212 sec: 723973 operations; 3794 current ops/sec; est completion in 2 minutes [INSERT: Count=3793, Max=1736, Min=460, Avg=522.49, 90=565, 99=655, 99.9=776, 99.99=1736] 
2021-03-02 14:41:43:349 213 sec: 727609 operations; 3636 current ops/sec; est completion in 2 minutes [INSERT: Count=3636, Max=21647, Min=479, Avg=544.79, 90=563, 99=655, 99.9=2383, 99.99=21647] 
2021-03-02 14:41:44:349 214 sec: 731337 operations; 3728 current ops/sec; est completion in 2 minutes [INSERT: Count=3728, Max=2443, Min=479, Avg=531.39, 90=564, 99=646, 99.9=785, 99.99=2443] 
2021-03-02 14:41:45:349 215 sec: 735057 operations; 3720 current ops/sec; est completion in 2 minutes [INSERT: Count=3720, Max=1962, Min=479, Avg=532.77, 90=568, 99=643, 99.9=789, 99.99=1962] 
2021-03-02 14:41:46:349 216 sec: 738798 operations; 3741 current ops/sec; est completion in 2 minutes [INSERT: Count=3741, Max=2049, Min=456, Avg=529.69, 90=574, 99=669, 99.9=804, 99.99=2049] 
2021-03-02 14:41:47:349 217 sec: 742598 operations; 3800 current ops/sec; est completion in 2 minutes [INSERT: Count=3800, Max=1772, Min=465, Avg=521.83, 90=553, 99=626, 99.9=688, 99.99=1772] 
2021-03-02 14:41:48:349 218 sec: 746427 operations; 3829 current ops/sec; est completion in 2 minutes [INSERT: Count=3828, Max=1450, Min=462, Avg=517.71, 90=554, 99=635, 99.9=729, 99.99=1450] 
2021-03-02 14:41:49:349 219 sec: 750264 operations; 3837 current ops/sec; est completion in 2 minutes [INSERT: Count=3838, Max=8951, Min=458, Avg=516.5, 90=545, 99=690, 99.9=1150, 99.99=8951] 
2021-03-02 14:41:50:349 220 sec: 754051 operations; 3787 current ops/sec; est completion in 2 minutes [INSERT: Count=3786, Max=4407, Min=468, Avg=523.72, 90=549, 99=647, 99.9=1843, 99.99=4407] 
2021-03-02 14:41:51:349 221 sec: 757905 operations; 3854 current ops/sec; est completion in 2 minutes [INSERT: Count=3855, Max=1842, Min=469, Avg=514.65, 90=548, 99=655, 99.9=824, 99.99=1842] 
2021-03-02 14:41:52:349 222 sec: 761829 operations; 3924 current ops/sec; est completion in 2 minutes [INSERT: Count=3924, Max=11991, Min=451, Avg=505.25, 90=522, 99=612, 99.9=1117, 99.99=11991] 
2021-03-02 14:41:53:349 223 sec: 765704 operations; 3875 current ops/sec; est completion in 2 minutes [INSERT: Count=3875, Max=2511, Min=465, Avg=511.53, 90=534, 99=581, 99.9=632, 99.99=2511] 
2021-03-02 14:41:54:349 224 sec: 769433 operations; 3729 current ops/sec; est completion in 2 minutes [INSERT: Count=3729, Max=8903, Min=476, Avg=531.57, 90=550, 99=620, 99.9=1168, 99.99=8903] 
2021-03-02 14:41:55:349 225 sec: 773099 operations; 3666 current ops/sec; est completion in 2 minutes [INSERT: Count=3665, Max=2265, Min=485, Avg=540.32, 90=575, 99=674, 99.9=1085, 99.99=2265] 
2021-03-02 14:41:56:349 226 sec: 776758 operations; 3659 current ops/sec; est completion in 2 minutes [INSERT: Count=3660, Max=6983, Min=485, Avg=541.4, 90=565, 99=686, 99.9=1482, 99.99=6983] 
2021-03-02 14:41:57:349 227 sec: 780421 operations; 3663 current ops/sec; est completion in 2 minutes [INSERT: Count=3664, Max=9327, Min=490, Avg=540.96, 90=572, 99=671, 99.9=1201, 99.99=9327] 
2021-03-02 14:41:58:349 228 sec: 784057 operations; 3636 current ops/sec; est completion in 2 minutes [INSERT: Count=3635, Max=9247, Min=471, Avg=544.82, 90=578, 99=675, 99.9=1676, 99.99=9247] 
2021-03-02 14:41:59:349 229 sec: 787676 operations; 3619 current ops/sec; est completion in 2 minutes [INSERT: Count=3619, Max=4535, Min=482, Avg=547.25, 90=583, 99=669, 99.9=1568, 99.99=4535] 
2021-03-02 14:42:00:349 230 sec: 791346 operations; 3670 current ops/sec; est completion in 2 minutes [INSERT: Count=3670, Max=9055, Min=480, Avg=539.98, 90=573, 99=669, 99.9=1842, 99.99=9055] 
2021-03-02 14:42:01:349 231 sec: 794775 operations; 3429 current ops/sec; est completion in 2 minutes [INSERT: Count=3429, Max=2397, Min=487, Avg=578.52, 90=600, 99=1318, 99.9=1585, 99.99=2397] 
2021-03-02 14:42:02:350 232 sec: 798151 operations; 3376 current ops/sec; est completion in 2 minutes [INSERT: Count=3377, Max=5607, Min=507, Avg=587.49, 90=608, 99=1309, 99.9=1708, 99.99=5607] 
2021-03-02 14:42:03:350 233 sec: 801513 operations; 3362 current ops/sec; est completion in 2 minutes [INSERT: Count=3362, Max=2389, Min=503, Avg=589.94, 90=617, 99=1338, 99.9=1901, 99.99=2389] 
2021-03-02 14:42:04:349 234 sec: 804778 operations; 3265 current ops/sec; est completion in 2 minutes [INSERT: Count=3265, Max=7431, Min=520, Avg=607.4, 90=623, 99=1350, 99.9=2375, 99.99=7431] 
2021-03-02 14:42:05:349 235 sec: 808092 operations; 3314 current ops/sec; est completion in 2 minutes [INSERT: Count=3313, Max=2547, Min=513, Avg=598.98, 90=622, 99=1346, 99.9=1522, 99.99=2547] 
2021-03-02 14:42:06:349 236 sec: 811459 operations; 3367 current ops/sec; est completion in 2 minutes [INSERT: Count=3367, Max=2203, Min=496, Avg=589.1, 90=616, 99=1331, 99.9=1572, 99.99=2203] 
2021-03-02 14:42:07:349 237 sec: 814816 operations; 3357 current ops/sec; est completion in 2 minutes [INSERT: Count=3357, Max=4199, Min=503, Avg=590.82, 90=624, 99=1328, 99.9=1821, 99.99=4199] 
2021-03-02 14:42:08:349 238 sec: 818180 operations; 3364 current ops/sec; est completion in 2 minutes [INSERT: Count=3364, Max=9999, Min=506, Avg=589.71, 90=605, 99=1320, 99.9=2018, 99.99=9999] 
2021-03-02 14:42:09:349 239 sec: 821500 operations; 3320 current ops/sec; est completion in 2 minutes [INSERT: Count=3319, Max=2305, Min=497, Avg=597.68, 90=618, 99=1343, 99.9=1482, 99.99=2305] 
2021-03-02 14:42:10:349 240 sec: 824780 operations; 3280 current ops/sec; est completion in 2 minutes [INSERT: Count=3281, Max=6203, Min=508, Avg=604.7, 90=639, 99=1333, 99.9=5091, 99.99=6203] 
2021-03-02 14:42:11:349 241 sec: 828101 operations; 3321 current ops/sec; est completion in 2 minutes [INSERT: Count=3320, Max=11959, Min=495, Avg=597.3, 90=632, 99=1332, 99.9=2235, 99.99=11959] 
2021-03-02 14:42:12:349 242 sec: 831421 operations; 3320 current ops/sec; est completion in 2 minutes [INSERT: Count=3320, Max=2897, Min=512, Avg=597.27, 90=627, 99=1325, 99.9=1408, 99.99=2897] 
2021-03-02 14:42:13:349 243 sec: 834716 operations; 3295 current ops/sec; est completion in 2 minutes [INSERT: Count=3295, Max=4163, Min=503, Avg=601.64, 90=633, 99=1335, 99.9=2149, 99.99=4163] 
2021-03-02 14:42:14:349 244 sec: 837971 operations; 3255 current ops/sec; est completion in 2 minutes [INSERT: Count=3256, Max=9079, Min=517, Avg=609.15, 90=636, 99=1341, 99.9=4387, 99.99=9079] 
2021-03-02 14:42:15:349 245 sec: 841285 operations; 3314 current ops/sec; est completion in 2 minutes [INSERT: Count=3313, Max=2263, Min=510, Avg=598.19, 90=624, 99=1335, 99.9=2023, 99.99=2263] 
2021-03-02 14:42:16:349 246 sec: 844499 operations; 3214 current ops/sec; est completion in 2 minutes [INSERT: Count=3214, Max=5575, Min=509, Avg=617.03, 90=647, 99=1388, 99.9=3099, 99.99=5575] 
2021-03-02 14:42:17:349 247 sec: 847761 operations; 3262 current ops/sec; est completion in 2 minutes [INSERT: Count=3262, Max=2161, Min=515, Avg=608.05, 90=639, 99=1361, 99.9=1517, 99.99=2161] 
2021-03-02 14:42:18:349 248 sec: 851121 operations; 3360 current ops/sec; est completion in 2 minutes [INSERT: Count=3361, Max=1908, Min=504, Avg=589.91, 90=606, 99=1314, 99.9=1789, 99.99=1908] 
2021-03-02 14:42:19:349 249 sec: 854439 operations; 3318 current ops/sec; est completion in 2 minutes [INSERT: Count=3318, Max=12191, Min=502, Avg=598.51, 90=615, 99=1331, 99.9=4447, 99.99=12191] 
2021-03-02 14:42:20:350 250 sec: 857736 operations; 3297 current ops/sec; est completion in 2 minutes [INSERT: Count=3296, Max=6227, Min=503, Avg=601.51, 90=625, 99=1351, 99.9=3311, 99.99=6227] 
2021-03-02 14:42:21:349 251 sec: 861061 operations; 3325 current ops/sec; est completion in 2 minutes [INSERT: Count=3325, Max=3691, Min=502, Avg=596.83, 90=644, 99=1359, 99.9=2717, 99.99=3691] 
2021-03-02 14:42:22:349 252 sec: 864384 operations; 3323 current ops/sec; est completion in 2 minutes [INSERT: Count=3323, Max=3787, Min=503, Avg=597.32, 90=641, 99=1359, 99.9=2187, 99.99=3787] 
2021-03-02 14:42:23:349 253 sec: 867636 operations; 3252 current ops/sec; est completion in 2 minutes [INSERT: Count=3254, Max=6223, Min=511, Avg=610.19, 90=681, 99=1373, 99.9=2239, 99.99=6223] 
2021-03-02 14:42:24:349 254 sec: 870929 operations; 3293 current ops/sec; est completion in 2 minutes [INSERT: Count=3292, Max=1945, Min=504, Avg=602.48, 90=634, 99=1379, 99.9=1747, 99.99=1945] 
2021-03-02 14:42:25:349 255 sec: 874279 operations; 3350 current ops/sec; est completion in 2 minutes [INSERT: Count=3350, Max=3889, Min=500, Avg=592.33, 90=613, 99=1336, 99.9=1952, 99.99=3889] 
2021-03-02 14:42:26:349 256 sec: 877478 operations; 3199 current ops/sec; est completion in 2 minutes [INSERT: Count=3198, Max=5627, Min=511, Avg=620.21, 90=655, 99=1554, 99.9=4595, 99.99=5627] 
2021-03-02 14:42:27:349 257 sec: 880637 operations; 3159 current ops/sec; est completion in 2 minutes [INSERT: Count=3159, Max=8375, Min=511, Avg=628.34, 90=686, 99=1581, 99.9=2895, 99.99=8375] 
2021-03-02 14:42:28:349 258 sec: 883910 operations; 3273 current ops/sec; est completion in 2 minutes [INSERT: Count=3273, Max=2495, Min=498, Avg=606.24, 90=648, 99=1391, 99.9=2129, 99.99=2495] 
2021-03-02 14:42:29:349 259 sec: 887232 operations; 3322 current ops/sec; est completion in 2 minutes [INSERT: Count=3322, Max=5859, Min=492, Avg=597.26, 90=647, 99=1412, 99.9=2249, 99.99=5859] 
2021-03-02 14:42:30:349 260 sec: 890855 operations; 3623 current ops/sec; est completion in 2 minutes [INSERT: Count=3623, Max=1981, Min=476, Avg=546.99, 90=583, 99=712, 99.9=911, 99.99=1981] 
2021-03-02 14:42:31:349 261 sec: 894570 operations; 3715 current ops/sec; est completion in 2 minutes [INSERT: Count=3716, Max=2117, Min=470, Avg=533.76, 90=571, 99=663, 99.9=1560, 99.99=2117] 
2021-03-02 14:42:32:349 262 sec: 898360 operations; 3790 current ops/sec; est completion in 2 minutes [INSERT: Count=3790, Max=11223, Min=474, Avg=523.09, 90=543, 99=629, 99.9=1207, 99.99=11223] 
2021-03-02 14:42:33:349 263 sec: 902067 operations; 3707 current ops/sec; est completion in 2 minutes [INSERT: Count=3707, Max=3911, Min=486, Avg=534.79, 90=560, 99=644, 99.9=1254, 99.99=3911] 
2021-03-02 14:42:34:349 264 sec: 905807 operations; 3740 current ops/sec; est completion in 1 minute [INSERT: Count=3739, Max=2101, Min=485, Avg=529.71, 90=550, 99=612, 99.9=1367, 99.99=2101] 
2021-03-02 14:42:35:349 265 sec: 909533 operations; 3726 current ops/sec; est completion in 1 minute [INSERT: Count=3726, Max=9335, Min=480, Avg=532.04, 90=550, 99=603, 99.9=1482, 99.99=9335] 
2021-03-02 14:42:36:349 266 sec: 913187 operations; 3654 current ops/sec; est completion in 1 minute [INSERT: Count=3655, Max=7235, Min=478, Avg=541.84, 90=573, 99=693, 99.9=1745, 99.99=7235] 
2021-03-02 14:42:37:349 267 sec: 916890 operations; 3703 current ops/sec; est completion in 1 minute [INSERT: Count=3703, Max=14207, Min=467, Avg=535.19, 90=549, 99=626, 99.9=1545, 99.99=14207] 
2021-03-02 14:42:38:349 268 sec: 920613 operations; 3723 current ops/sec; est completion in 1 minute [INSERT: Count=3722, Max=10447, Min=461, Avg=532.23, 90=555, 99=662, 99.9=3209, 99.99=10447] 
2021-03-02 14:42:39:350 269 sec: 924340 operations; 3727 current ops/sec; est completion in 1 minute [INSERT: Count=3728, Max=6227, Min=470, Avg=531.57, 90=563, 99=692, 99.9=1195, 99.99=6227] 
2021-03-02 14:42:40:349 270 sec: 928104 operations; 3764 current ops/sec; est completion in 1 minute [INSERT: Count=3764, Max=2707, Min=473, Avg=526.28, 90=558, 99=664, 99.9=761, 99.99=2707] 
2021-03-02 14:42:41:349 271 sec: 931844 operations; 3740 current ops/sec; est completion in 1 minute [INSERT: Count=3740, Max=3075, Min=477, Avg=529.51, 90=559, 99=680, 99.9=791, 99.99=3075] 
2021-03-02 14:42:42:349 272 sec: 935584 operations; 3740 current ops/sec; est completion in 1 minute [INSERT: Count=3739, Max=1957, Min=473, Avg=529.96, 90=564, 99=665, 99.9=785, 99.99=1957] 
2021-03-02 14:42:43:349 273 sec: 939355 operations; 3771 current ops/sec; est completion in 1 minute [INSERT: Count=3771, Max=1898, Min=476, Avg=525.64, 90=554, 99=649, 99.9=794, 99.99=1898] 
2021-03-02 14:42:44:349 274 sec: 943122 operations; 3767 current ops/sec; est completion in 1 minute [INSERT: Count=3767, Max=1576, Min=468, Avg=525.86, 90=558, 99=654, 99.9=762, 99.99=1576] 
2021-03-02 14:42:45:349 275 sec: 946844 operations; 3722 current ops/sec; est completion in 1 minute [INSERT: Count=3723, Max=1800, Min=470, Avg=532.65, 90=567, 99=628, 99.9=811, 99.99=1800] 
2021-03-02 14:42:46:349 276 sec: 950629 operations; 3785 current ops/sec; est completion in 1 minute [INSERT: Count=3785, Max=1658, Min=464, Avg=523.57, 90=558, 99=655, 99.9=842, 99.99=1658] 
2021-03-02 14:42:47:349 277 sec: 954292 operations; 3663 current ops/sec; est completion in 1 minute [INSERT: Count=3662, Max=4579, Min=474, Avg=541.35, 90=577, 99=668, 99.9=1017, 99.99=4579] 
2021-03-02 14:42:48:349 278 sec: 957928 operations; 3636 current ops/sec; est completion in 1 minute [INSERT: Count=3637, Max=1943, Min=484, Avg=545.04, 90=598, 99=672, 99.9=769, 99.99=1943] 
2021-03-02 14:42:49:349 279 sec: 961591 operations; 3663 current ops/sec; est completion in 1 minute [INSERT: Count=3663, Max=1478, Min=477, Avg=541.01, 90=574, 99=671, 99.9=1268, 99.99=1478] 
2021-03-02 14:42:50:349 280 sec: 965393 operations; 3802 current ops/sec; est completion in 1 minute [INSERT: Count=3802, Max=1591, Min=472, Avg=521.52, 90=556, 99=662, 99.9=844, 99.99=1591] 
2021-03-02 14:42:51:349 281 sec: 969222 operations; 3829 current ops/sec; est completion in 1 minute [INSERT: Count=3830, Max=4403, Min=445, Avg=517.78, 90=550, 99=664, 99.9=1172, 99.99=4403] 
2021-03-02 14:42:52:349 282 sec: 973049 operations; 3827 current ops/sec; est completion in 1 minute [INSERT: Count=3825, Max=1806, Min=462, Avg=518.24, 90=550, 99=651, 99.9=777, 99.99=1806] 
2021-03-02 14:42:53:349 283 sec: 976789 operations; 3740 current ops/sec; est completion in 1 minute [INSERT: Count=3741, Max=8751, Min=462, Avg=529.75, 90=558, 99=678, 99.9=1927, 99.99=8751] 
2021-03-02 14:42:54:349 284 sec: 980374 operations; 3585 current ops/sec; est completion in 1 minute [INSERT: Count=3585, Max=13935, Min=478, Avg=552.62, 90=578, 99=704, 99.9=3631, 99.99=13935] 
2021-03-02 14:42:55:349 285 sec: 984097 operations; 3723 current ops/sec; est completion in 1 minute [INSERT: Count=3723, Max=7031, Min=469, Avg=532.57, 90=561, 99=643, 99.9=2637, 99.99=7031] 
2021-03-02 14:42:56:349 286 sec: 987889 operations; 3792 current ops/sec; est completion in 1 minute [INSERT: Count=3792, Max=9135, Min=459, Avg=522.83, 90=561, 99=663, 99.9=1030, 99.99=9135] 
2021-03-02 14:42:57:349 287 sec: 991608 operations; 3719 current ops/sec; est completion in 1 minute [INSERT: Count=3720, Max=2395, Min=473, Avg=533.32, 90=569, 99=647, 99.9=760, 99.99=2395] 
2021-03-02 14:42:58:349 288 sec: 995426 operations; 3818 current ops/sec; est completion in 1 minute [INSERT: Count=3818, Max=1134, Min=466, Avg=519.8, 90=554, 99=660, 99.9=768, 99.99=1134] 
2021-03-02 14:42:59:349 289 sec: 999285 operations; 3859 current ops/sec; est completion in 1 minute [INSERT: Count=3857, Max=12559, Min=452, Avg=513.97, 90=541, 99=632, 99.9=829, 99.99=12559] 
2021-03-02 14:43:00:349 290 sec: 1003044 operations; 3759 current ops/sec; est completion in 1 minute [INSERT: Count=3759, Max=2391, Min=473, Avg=527.11, 90=565, 99=656, 99.9=771, 99.99=2391] 
2021-03-02 14:43:01:349 291 sec: 1006733 operations; 3689 current ops/sec; est completion in 1 minute [INSERT: Count=3689, Max=9807, Min=465, Avg=537.52, 90=563, 99=680, 99.9=1859, 99.99=9807] 
2021-03-02 14:43:02:350 292 sec: 1010035 operations; 3302 current ops/sec; est completion in 1 minute [INSERT: Count=3303, Max=11767, Min=474, Avg=600.44, 90=645, 99=1143, 99.9=8623, 99.99=11767] 
2021-03-02 14:43:03:349 293 sec: 1013352 operations; 3317 current ops/sec; est completion in 1 minute [INSERT: Count=3316, Max=17551, Min=481, Avg=597.53, 90=643, 99=895, 99.9=7123, 99.99=17551] 
2021-03-02 14:43:04:349 294 sec: 1016195 operations; 2843 current ops/sec; est completion in 1 minute [INSERT: Count=2843, Max=22911, Min=485, Avg=695.43, 90=703, 99=4315, 99.9=17759, 99.99=22911] 
2021-03-02 14:43:05:349 295 sec: 1019147 operations; 2952 current ops/sec; est completion in 1 minute [INSERT: Count=2953, Max=26863, Min=479, Avg=675.37, 90=672, 99=2383, 99.9=19247, 99.99=26863] 
2021-03-02 14:43:06:349 296 sec: 1022125 operations; 2978 current ops/sec; est completion in 1 minute [INSERT: Count=2977, Max=21439, Min=463, Avg=666.22, 90=649, 99=2331, 99.9=15879, 99.99=21439] 
2021-03-02 14:43:07:349 297 sec: 1025239 operations; 3114 current ops/sec; est completion in 1 minute [INSERT: Count=3115, Max=15727, Min=489, Avg=637.07, 90=669, 99=1541, 99.9=13495, 99.99=15727] 
2021-03-02 14:43:08:349 298 sec: 1028445 operations; 3206 current ops/sec; est completion in 1 minute [INSERT: Count=3205, Max=16303, Min=480, Avg=618.96, 90=643, 99=1297, 99.9=9575, 99.99=16303] 
2021-03-02 14:43:09:349 299 sec: 1031651 operations; 3206 current ops/sec; est completion in 1 minute [INSERT: Count=3207, Max=8575, Min=492, Avg=618.19, 90=646, 99=1361, 99.9=7147, 99.99=8575] 
2021-03-02 14:43:10:349 300 sec: 1034977 operations; 3326 current ops/sec; est completion in 1 minute [INSERT: Count=3325, Max=7723, Min=460, Avg=594.55, 90=655, 99=1270, 99.9=7055, 99.99=7723] 
2021-03-02 14:43:11:349 301 sec: 1038153 operations; 3176 current ops/sec; est completion in 1 minute [INSERT: Count=3176, Max=15127, Min=476, Avg=626.45, 90=662, 99=1274, 99.9=11911, 99.99=15127] 
2021-03-02 14:43:12:349 302 sec: 1041337 operations; 3184 current ops/sec; est completion in 1 minute [INSERT: Count=3185, Max=17759, Min=469, Avg=622.93, 90=651, 99=1219, 99.9=13567, 99.99=17759] 
2021-03-02 14:43:13:349 303 sec: 1044404 operations; 3067 current ops/sec; est completion in 1 minute [INSERT: Count=3066, Max=20831, Min=469, Avg=647.52, 90=654, 99=3277, 99.9=14735, 99.99=20831] 
2021-03-02 14:43:14:349 304 sec: 1047554 operations; 3150 current ops/sec; est completion in 1 minute [INSERT: Count=3150, Max=17055, Min=477, Avg=629.74, 90=651, 99=2243, 99.9=14439, 99.99=17055] 
2021-03-02 14:43:15:349 305 sec: 1050687 operations; 3133 current ops/sec; est completion in 1 minute [INSERT: Count=3133, Max=19775, Min=462, Avg=633.21, 90=659, 99=1247, 99.9=14079, 99.99=19775] 
2021-03-02 14:43:16:349 306 sec: 1053768 operations; 3081 current ops/sec; est completion in 1 minute [INSERT: Count=3081, Max=16911, Min=467, Avg=643.97, 90=656, 99=2959, 99.9=14935, 99.99=16911] 
2021-03-02 14:43:17:349 307 sec: 1056935 operations; 3167 current ops/sec; est completion in 1 minute [INSERT: Count=3168, Max=17951, Min=475, Avg=625.43, 90=653, 99=1296, 99.9=16287, 99.99=17951] 
2021-03-02 14:43:18:349 308 sec: 1060185 operations; 3250 current ops/sec; est completion in 1 minute [INSERT: Count=3249, Max=19503, Min=463, Avg=610.39, 90=633, 99=1231, 99.9=15015, 99.99=19503] 
2021-03-02 14:43:19:349 309 sec: 1063336 operations; 3151 current ops/sec; est completion in 1 minute [INSERT: Count=3151, Max=20383, Min=457, Avg=629.67, 90=641, 99=4239, 99.9=14399, 99.99=20383] 
2021-03-02 14:43:20:349 310 sec: 1066480 operations; 3144 current ops/sec; est completion in 1 minute [INSERT: Count=3145, Max=14847, Min=460, Avg=631.56, 90=651, 99=3957, 99.9=13895, 99.99=14847] 
2021-03-02 14:43:21:349 311 sec: 1069708 operations; 3228 current ops/sec; est completion in 1 minute [INSERT: Count=3227, Max=14639, Min=461, Avg=614.58, 90=638, 99=1192, 99.9=13519, 99.99=14639] 
2021-03-02 14:43:22:349 312 sec: 1072894 operations; 3186 current ops/sec; est completion in 1 minute [INSERT: Count=3187, Max=16223, Min=456, Avg=623.31, 90=640, 99=1421, 99.9=14247, 99.99=16223] 
2021-03-02 14:43:23:349 313 sec: 1076198 operations; 3304 current ops/sec; est completion in 1 minute [INSERT: Count=3303, Max=18527, Min=447, Avg=600.89, 90=627, 99=1247, 99.9=13383, 99.99=18527] 
2021-03-02 14:43:24:349 314 sec: 1079439 operations; 3241 current ops/sec; est completion in 1 minute [INSERT: Count=3241, Max=19391, Min=452, Avg=611.26, 90=634, 99=1247, 99.9=14503, 99.99=19391] 
2021-03-02 14:43:25:349 315 sec: 1082727 operations; 3288 current ops/sec; est completion in 1 minute [INSERT: Count=3289, Max=16959, Min=440, Avg=605.02, 90=624, 99=1402, 99.9=16639, 99.99=16959] 
2021-03-02 14:43:26:349 316 sec: 1086030 operations; 3303 current ops/sec; est completion in 1 minute [INSERT: Count=3302, Max=16991, Min=460, Avg=601.19, 90=635, 99=1457, 99.9=9871, 99.99=16991] 
2021-03-02 14:43:27:349 317 sec: 1089268 operations; 3238 current ops/sec; est completion in 1 minute [INSERT: Count=3240, Max=17423, Min=465, Avg=613.12, 90=640, 99=1206, 99.9=13127, 99.99=17423] 
2021-03-02 14:43:28:349 318 sec: 1092820 operations; 3552 current ops/sec; est completion in 1 minute [INSERT: Count=3551, Max=14023, Min=463, Avg=558.91, 90=627, 99=956, 99.9=4359, 99.99=14023] 
2021-03-02 14:43:29:349 319 sec: 1096390 operations; 3570 current ops/sec; est completion in 1 minute [INSERT: Count=3570, Max=15647, Min=458, Avg=556.07, 90=612, 99=944, 99.9=4155, 99.99=15647] 
2021-03-02 14:43:30:349 320 sec: 1100028 operations; 3638 current ops/sec; est completion in 1 minute [INSERT: Count=3639, Max=10151, Min=461, Avg=545.32, 90=614, 99=1061, 99.9=1811, 99.99=10151] 
2021-03-02 14:43:31:349 321 sec: 1103641 operations; 3613 current ops/sec; est completion in 1 minute [INSERT: Count=3612, Max=4675, Min=465, Avg=549.09, 90=622, 99=1054, 99.9=1244, 99.99=4675] 
2021-03-02 14:43:32:349 322 sec: 1107359 operations; 3718 current ops/sec; est completion in 1 minute [INSERT: Count=3718, Max=10007, Min=449, Avg=533.34, 90=598, 99=856, 99.9=4063, 99.99=10007] 
2021-03-02 14:43:33:349 323 sec: 1111243 operations; 3884 current ops/sec; est completion in 58 seconds [INSERT: Count=3884, Max=2329, Min=456, Avg=510.64, 90=534, 99=638, 99.9=815, 99.99=2329] 
2021-03-02 14:43:34:349 324 sec: 1115122 operations; 3879 current ops/sec; est completion in 57 seconds [INSERT: Count=3878, Max=10031, Min=455, Avg=511.26, 90=533, 99=626, 99.9=982, 99.99=10031] 
2021-03-02 14:43:35:349 325 sec: 1118778 operations; 3656 current ops/sec; est completion in 56 seconds [INSERT: Count=3657, Max=14735, Min=465, Avg=542.4, 90=563, 99=855, 99.9=8503, 99.99=14735] 
2021-03-02 14:43:36:349 326 sec: 1122213 operations; 3435 current ops/sec; est completion in 55 seconds [INSERT: Count=3436, Max=12135, Min=458, Avg=577.88, 90=627, 99=893, 99.9=9295, 99.99=12135] 
2021-03-02 14:43:37:349 327 sec: 1125974 operations; 3761 current ops/sec; est completion in 54 seconds [INSERT: Count=3761, Max=11255, Min=443, Avg=527.76, 90=571, 99=853, 99.9=1021, 99.99=11255] 
2021-03-02 14:43:38:349 328 sec: 1129857 operations; 3883 current ops/sec; est completion in 53 seconds [INSERT: Count=3882, Max=7939, Min=453, Avg=510.77, 90=527, 99=637, 99.9=886, 99.99=7939] 
2021-03-02 14:43:39:349 329 sec: 1133700 operations; 3843 current ops/sec; est completion in 52 seconds [INSERT: Count=3843, Max=12431, Min=478, Avg=515.6, 90=533, 99=578, 99.9=678, 99.99=12431] 
2021-03-02 14:43:40:349 330 sec: 1137480 operations; 3780 current ops/sec; est completion in 51 seconds [INSERT: Count=3780, Max=2213, Min=470, Avg=524.26, 90=560, 99=653, 99.9=747, 99.99=2213] 
2021-03-02 14:43:41:349 331 sec: 1141232 operations; 3752 current ops/sec; est completion in 50 seconds [INSERT: Count=3751, Max=10183, Min=463, Avg=528.2, 90=546, 99=650, 99.9=2067, 99.99=10183] 
2021-03-02 14:43:42:349 332 sec: 1144919 operations; 3687 current ops/sec; est completion in 49 seconds [INSERT: Count=3687, Max=22687, Min=470, Avg=537.41, 90=555, 99=663, 99.9=2773, 99.99=22687] 
2021-03-02 14:43:43:350 333 sec: 1148623 operations; 3704 current ops/sec; est completion in 47 seconds [INSERT: Count=3704, Max=2541, Min=480, Avg=534.58, 90=563, 99=655, 99.9=1165, 99.99=2541] 
2021-03-02 14:43:44:350 334 sec: 1152292 operations; 3669 current ops/sec; est completion in 46 seconds [INSERT: Count=3672, Max=6315, Min=479, Avg=540.54, 90=567, 99=671, 99.9=1976, 99.99=6315] 
2021-03-02 14:43:45:349 335 sec: 1155969 operations; 3677 current ops/sec; est completion in 45 seconds [INSERT: Count=3675, Max=4123, Min=479, Avg=538.22, 90=570, 99=693, 99.9=1326, 99.99=4123] 
2021-03-02 14:43:46:349 336 sec: 1159666 operations; 3697 current ops/sec; est completion in 44 seconds [INSERT: Count=3697, Max=2553, Min=484, Avg=535.91, 90=565, 99=660, 99.9=1312, 99.99=2553] 
2021-03-02 14:43:47:349 337 sec: 1163347 operations; 3681 current ops/sec; est completion in 43 seconds [INSERT: Count=3680, Max=2191, Min=474, Avg=538.45, 90=576, 99=678, 99.9=1464, 99.99=2191] 
2021-03-02 14:43:48:349 338 sec: 1167034 operations; 3687 current ops/sec; est completion in 42 seconds [INSERT: Count=3687, Max=7179, Min=473, Avg=537.36, 90=576, 99=680, 99.9=1715, 99.99=7179] 
2021-03-02 14:43:49:349 339 sec: 1170679 operations; 3645 current ops/sec; est completion in 41 seconds [INSERT: Count=3645, Max=2401, Min=484, Avg=543.68, 90=581, 99=676, 99.9=1361, 99.99=2401] 
2021-03-02 14:43:50:349 340 sec: 1174358 operations; 3679 current ops/sec; est completion in 40 seconds [INSERT: Count=3679, Max=14415, Min=481, Avg=538.79, 90=565, 99=659, 99.9=820, 99.99=14415] 
2021-03-02 14:43:51:349 341 sec: 1177752 operations; 3394 current ops/sec; est completion in 39 seconds [INSERT: Count=3394, Max=8071, Min=490, Avg=584.47, 90=623, 99=757, 99.9=4803, 99.99=8071] 
2021-03-02 14:43:52:349 342 sec: 1181350 operations; 3598 current ops/sec; est completion in 38 seconds [INSERT: Count=3598, Max=2687, Min=481, Avg=550.98, 90=583, 99=679, 99.9=764, 99.99=2687] 
2021-03-02 14:43:53:349 343 sec: 1184975 operations; 3625 current ops/sec; est completion in 37 seconds [INSERT: Count=3625, Max=2023, Min=479, Avg=546.89, 90=577, 99=648, 99.9=966, 99.99=2023] 
2021-03-02 14:43:54:349 344 sec: 1187588 operations; 2613 current ops/sec; est completion in 36 seconds [INSERT: Count=2613, Max=151935, Min=464, Avg=760.4, 90=593, 99=749, 99.9=107263, 99.99=151935] 
2021-03-02 14:43:55:349 345 sec: 1191214 operations; 3626 current ops/sec; est completion in 35 seconds [INSERT: Count=3627, Max=2873, Min=470, Avg=546.92, 90=589, 99=688, 99.9=800, 99.99=2873] 
2021-03-02 14:43:56:349 346 sec: 1194872 operations; 3658 current ops/sec; est completion in 34 seconds [INSERT: Count=3658, Max=7403, Min=471, Avg=542.1, 90=573, 99=676, 99.9=1244, 99.99=7403] 
2021-03-02 14:43:57:349 347 sec: 1198682 operations; 3810 current ops/sec; est completion in 33 seconds [INSERT: Count=3809, Max=9231, Min=465, Avg=520.18, 90=546, 99=643, 99.9=721, 99.99=9231] 
2021-03-02 14:43:58:349 348 sec: 1202464 operations; 3782 current ops/sec; est completion in 32 seconds [INSERT: Count=3782, Max=2337, Min=471, Avg=523.95, 90=549, 99=630, 99.9=824, 99.99=2337] 
2021-03-02 14:43:59:349 349 sec: 1206269 operations; 3805 current ops/sec; est completion in 31 seconds [INSERT: Count=3805, Max=1967, Min=471, Avg=520.96, 90=542, 99=601, 99.9=898, 99.99=1967] 
2021-03-02 14:44:00:349 350 sec: 1210046 operations; 3777 current ops/sec; est completion in 30 seconds [INSERT: Count=3777, Max=9383, Min=464, Avg=524.59, 90=543, 99=630, 99.9=1060, 99.99=9383] 
2021-03-02 14:44:01:349 351 sec: 1213674 operations; 3628 current ops/sec; est completion in 29 seconds [INSERT: Count=3629, Max=9663, Min=477, Avg=546.01, 90=567, 99=735, 99.9=5835, 99.99=9663] 
2021-03-02 14:44:02:349 352 sec: 1217325 operations; 3651 current ops/sec; est completion in 28 seconds [INSERT: Count=3650, Max=2519, Min=487, Avg=542.6, 90=577, 99=721, 99.9=1232, 99.99=2519] 
2021-03-02 14:44:03:350 353 sec: 1221004 operations; 3679 current ops/sec; est completion in 26 seconds [INSERT: Count=3681, Max=5755, Min=484, Avg=538.68, 90=560, 99=686, 99.9=1737, 99.99=5755] 
2021-03-02 14:44:04:349 354 sec: 1224615 operations; 3611 current ops/sec; est completion in 25 seconds [INSERT: Count=3609, Max=7947, Min=486, Avg=548.47, 90=576, 99=705, 99.9=1566, 99.99=7947] 
2021-03-02 14:44:05:349 355 sec: 1228330 operations; 3715 current ops/sec; est completion in 24 seconds [INSERT: Count=3715, Max=2167, Min=477, Avg=533.54, 90=557, 99=648, 99.9=1563, 99.99=2167] 
2021-03-02 14:44:06:349 356 sec: 1232071 operations; 3741 current ops/sec; est completion in 23 seconds [INSERT: Count=3741, Max=1597, Min=486, Avg=529.33, 90=550, 99=600, 99.9=1257, 99.99=1597] 
2021-03-02 14:44:07:349 357 sec: 1235831 operations; 3760 current ops/sec; est completion in 22 seconds [INSERT: Count=3760, Max=15367, Min=468, Avg=527.34, 90=541, 99=594, 99.9=1550, 99.99=15367] 
2021-03-02 14:44:08:349 358 sec: 1239655 operations; 3824 current ops/sec; est completion in 21 seconds [INSERT: Count=3825, Max=5951, Min=473, Avg=518.55, 90=537, 99=614, 99.9=1156, 99.99=5951] 
2021-03-02 14:44:09:349 359 sec: 1243346 operations; 3691 current ops/sec; est completion in 20 seconds [INSERT: Count=3691, Max=7019, Min=474, Avg=536.91, 90=568, 99=656, 99.9=799, 99.99=7019] 
2021-03-02 14:44:10:349 360 sec: 1247018 operations; 3672 current ops/sec; est completion in 19 seconds [INSERT: Count=3672, Max=4299, Min=473, Avg=539.85, 90=583, 99=678, 99.9=769, 99.99=4299] 
2021-03-02 14:44:11:349 361 sec: 1250711 operations; 3693 current ops/sec; est completion in 18 seconds [INSERT: Count=3692, Max=1937, Min=474, Avg=535.53, 90=577, 99=652, 99.9=759, 99.99=1937] 
2021-03-02 14:44:12:349 362 sec: 1254321 operations; 3610 current ops/sec; est completion in 17 seconds [INSERT: Count=3610, Max=5335, Min=486, Avg=550.45, 90=595, 99=682, 99.9=811, 99.99=5335] 
2021-03-02 14:44:13:349 363 sec: 1257967 operations; 3646 current ops/sec; est completion in 16 seconds [INSERT: Count=3646, Max=2083, Min=485, Avg=543.8, 90=579, 99=713, 99.9=860, 99.99=2083] 
2021-03-02 14:44:14:349 364 sec: 1261585 operations; 3618 current ops/sec; est completion in 15 seconds [INSERT: Count=3619, Max=1861, Min=485, Avg=547.97, 90=588, 99=686, 99.9=959, 99.99=1861] 
2021-03-02 14:44:15:349 365 sec: 1265350 operations; 3765 current ops/sec; est completion in 14 seconds [INSERT: Count=3765, Max=7959, Min=455, Avg=526.94, 90=566, 99=688, 99.9=1181, 99.99=7959] 
2021-03-02 14:44:16:349 366 sec: 1269070 operations; 3720 current ops/sec; est completion in 13 seconds [INSERT: Count=3720, Max=5283, Min=457, Avg=533.1, 90=602, 99=669, 99.9=1779, 99.99=5283] 
2021-03-02 14:44:17:349 367 sec: 1272862 operations; 3792 current ops/sec; est completion in 11 seconds [INSERT: Count=3792, Max=7307, Min=454, Avg=522.8, 90=564, 99=644, 99.9=1058, 99.99=7307] 
2021-03-02 14:44:18:349 368 sec: 1276696 operations; 3834 current ops/sec; est completion in 10 seconds [INSERT: Count=3834, Max=2223, Min=457, Avg=517.86, 90=553, 99=636, 99.9=956, 99.99=2223] 
2021-03-02 14:44:19:349 369 sec: 1280504 operations; 3808 current ops/sec; est completion in 9 second [INSERT: Count=3807, Max=3945, Min=463, Avg=520.93, 90=551, 99=636, 99.9=813, 99.99=3945] 
2021-03-02 14:44:20:349 370 sec: 1284311 operations; 3807 current ops/sec; est completion in 8 second [INSERT: Count=3808, Max=2627, Min=459, Avg=521.21, 90=558, 99=630, 99.9=771, 99.99=2627] 
2021-03-02 14:44:21:349 371 sec: 1288074 operations; 3763 current ops/sec; est completion in 7 second [INSERT: Count=3762, Max=1677, Min=463, Avg=527.08, 90=564, 99=634, 99.9=899, 99.99=1677] 
2021-03-02 14:44:22:349 372 sec: 1291844 operations; 3770 current ops/sec; est completion in 6 second [INSERT: Count=3770, Max=2231, Min=466, Avg=525.99, 90=557, 99=635, 99.9=1276, 99.99=2231] 
2021-03-02 14:44:23:349 373 sec: 1295645 operations; 3801 current ops/sec; est completion in 5 second [INSERT: Count=3803, Max=2951, Min=452, Avg=521.99, 90=559, 99=640, 99.9=897, 99.99=2951] 
2021-03-02 14:44:24:349 374 sec: 1299414 operations; 3769 current ops/sec; est completion in 4 second [INSERT: Count=3769, Max=9015, Min=457, Avg=526.53, 90=557, 99=660, 99.9=5867, 99.99=9015] 
2021-03-02 14:44:25:349 375 sec: 1303327 operations; 3913 current ops/sec; est completion in 3 second [INSERT: Count=3912, Max=751, Min=456, Avg=507.36, 90=543, 99=628, 99.9=726, 99.99=751] 
2021-03-02 14:44:26:349 376 sec: 1307151 operations; 3824 current ops/sec; est completion in 2 second [INSERT: Count=3824, Max=4443, Min=458, Avg=519, 90=551, 99=639, 99.9=781, 99.99=4443] 
2021-03-02 14:44:27:305 376 sec: 1310720 operations; 3733.26 current ops/sec; [CLEANUP: Count=2, Max=8, Min=4, Avg=6, 90=8, 99=8, 99.9=8, 99.99=8] [INSERT: Count=3568, Max=1773, Min=463, Avg=510.86, 90=545, 99=631, 99.9=768, 99.99=1773] 
[OVERALL], RunTime(ms), 376956
[OVERALL], Throughput(ops/sec), 3477.116692664396
[TOTAL_GCS_G1_Young_Generation], Count, 30
[TOTAL_GC_TIME_G1_Young_Generation], Time(ms), 661
[TOTAL_GC_TIME_%_G1_Young_Generation], Time(%), 0.17535203047570538
[TOTAL_GCS_G1_Old_Generation], Count, 0
[TOTAL_GC_TIME_G1_Old_Generation], Time(ms), 0
[TOTAL_GC_TIME_%_G1_Old_Generation], Time(%), 0.0
[TOTAL_GCs], Count, 30
[TOTAL_GC_TIME], Time(ms), 661
[TOTAL_GC_TIME_%], Time(%), 0.17535203047570538
[CLEANUP], Operations, 2
[CLEANUP], AverageLatency(us), 6.0
[CLEANUP], MinLatency(us), 4
[CLEANUP], MaxLatency(us), 8
[CLEANUP], 95thPercentileLatency(us), 8
[CLEANUP], 99thPercentileLatency(us), 8
[INSERT], Operations, 1310720
[INSERT], AverageLatency(us), 569.6959831237793
[INSERT], MinLatency(us), 440
[INSERT], MaxLatency(us), 1535999
[INSERT], 95thPercentileLatency(us), 653
[INSERT], 99thPercentileLatency(us), 1230
[INSERT], Return=OK, 1310720
