Command line: -t -s -db smarttrie.app.client.Client -threads 2 -P config/workload -p recordcount=1310720 -p operationcount=1000000
YCSB Client 0.17.0

Loading workload...
Starting test.
DBWrapper: report latency for each error is false and specific error codes to track for latency are: []
DBWrapper: report latency for each error is false and specific error codes to track for latency are: []
2021-03-02 14:44:39:805 0 sec: 0 operations; est completion in 0 second 
2021-03-02 14:44:40:705 1 sec: 0 operations; est completion in 106751991167300 days 15 hours 
2021-03-02 14:44:40.888 [Thread-2] INFO  b.c.c.n.NettyClientServerCommunicationSystemClientSide - Connecting to replica 0 at /192.168.3.41:11000
2021-03-02 14:44:40.888 [Thread-3] INFO  b.c.c.n.NettyClientServerCommunicationSystemClientSide - Connecting to replica 0 at /192.168.3.41:11000
2021-03-02 14:44:40.918 [nioEventLoopGroup-2-1] INFO  b.c.c.n.NettyClientServerCommunicationSystemClientSide - Channel active
2021-03-02 14:44:40.918 [nioEventLoopGroup-3-1] INFO  b.c.c.n.NettyClientServerCommunicationSystemClientSide - Channel active
2021-03-02 14:44:41:705 2 sec: 707 operations; 707 current ops/sec; est completion in 47 minutes [UPDATE: Count=713, Max=1327103, Min=1081, Avg=5434.82, 90=2423, 99=5051, 99.9=1327103, 99.99=1327103] 
2021-03-02 14:44:42:730 3 sec: 2299 operations; 1554.69 current ops/sec; est completion in 21 minutes [UPDATE: Count=1586, Max=11335, Min=709, Avg=1182.42, 90=1533, 99=2927, 99.9=7315, 99.99=11335] 
2021-03-02 14:44:43:705 4 sec: 4310 operations; 2060.45 current ops/sec; est completion in 15 minutes [UPDATE: Count=2012, Max=32687, Min=656, Avg=967.63, 90=1090, 99=2537, 99.9=12983, 99.99=32687] 
2021-03-02 14:44:44:706 5 sec: 6374 operations; 2064 current ops/sec; est completion in 13 minutes [UPDATE: Count=2063, Max=23167, Min=642, Avg=929.58, 90=1053, 99=2681, 99.9=8319, 99.99=23167] 
2021-03-02 14:44:45:705 6 sec: 8937 operations; 2563 current ops/sec; est completion in 11 minutes [UPDATE: Count=2564, Max=11727, Min=588, Avg=757.78, 90=841, 99=1325, 99.9=4671, 99.99=11727] 
2021-03-02 14:44:46:705 7 sec: 11580 operations; 2643 current ops/sec; est completion in 9 minutes [UPDATE: Count=2646, Max=21727, Min=586, Avg=729.88, 90=777, 99=1018, 99.9=4435, 99.99=21727] 
2021-03-02 14:44:47:705 8 sec: 14512 operations; 2932 current ops/sec; est completion in 9 minutes [UPDATE: Count=2931, Max=3229, Min=580, Avg=665.96, 90=725, 99=892, 99.9=2215, 99.99=3229] 
2021-03-02 14:44:48:705 9 sec: 17232 operations; 2720 current ops/sec; est completion in 8 minutes [UPDATE: Count=2720, Max=6723, Min=597, Avg=715.83, 90=790, 99=1096, 99.9=2333, 99.99=6723] 
2021-03-02 14:44:49:705 10 sec: 19846 operations; 2614 current ops/sec; est completion in 8 minutes [UPDATE: Count=2611, Max=40991, Min=592, Avg=729.74, 90=800, 99=1108, 99.9=6703, 99.99=40991] 
2021-03-02 14:44:50:705 11 sec: 22844 operations; 2998 current ops/sec; est completion in 7 minutes [UPDATE: Count=3001, Max=10847, Min=568, Avg=659.08, 90=702, 99=843, 99.9=5963, 99.99=10847] 
2021-03-02 14:44:51:705 12 sec: 25865 operations; 3021 current ops/sec; est completion in 7 minutes [UPDATE: Count=3021, Max=10879, Min=568, Avg=653.67, 90=706, 99=859, 99.9=1810, 99.99=10879] 
2021-03-02 14:44:52:705 13 sec: 28704 operations; 2839 current ops/sec; est completion in 7 minutes [UPDATE: Count=2839, Max=22367, Min=583, Avg=695.8, 90=752, 99=894, 99.9=1079, 99.99=22367] 
2021-03-02 14:44:53:706 14 sec: 31595 operations; 2891 current ops/sec; est completion in 7 minutes [UPDATE: Count=2892, Max=6651, Min=579, Avg=683.22, 90=749, 99=958, 99.9=3771, 99.99=6651] 
2021-03-02 14:44:54:705 15 sec: 34644 operations; 3049 current ops/sec; est completion in 6 minutes [UPDATE: Count=3045, Max=10415, Min=572, Avg=647.77, 90=688, 99=861, 99.9=6679, 99.99=10415] 
2021-03-02 14:44:55:705 16 sec: 37675 operations; 3031 current ops/sec; est completion in 6 minutes [UPDATE: Count=3032, Max=30255, Min=559, Avg=652.21, 90=680, 99=831, 99.9=5723, 99.99=30255] 
2021-03-02 14:44:56:705 17 sec: 40844 operations; 3169 current ops/sec; est completion in 6 minutes [UPDATE: Count=3168, Max=5111, Min=566, Avg=622.49, 90=654, 99=776, 99.9=1179, 99.99=5111] 
2021-03-02 14:44:57:705 18 sec: 43971 operations; 3127 current ops/sec; est completion in 6 minutes [UPDATE: Count=3128, Max=9711, Min=567, Avg=632.65, 90=669, 99=828, 99.9=3917, 99.99=9711] 
2021-03-02 14:44:58:705 19 sec: 46940 operations; 2969 current ops/sec; est completion in 6 minutes [UPDATE: Count=2970, Max=19855, Min=565, Avg=664.62, 90=690, 99=818, 99.9=6951, 99.99=19855] 
2021-03-02 14:44:59:705 20 sec: 50107 operations; 3167 current ops/sec; est completion in 6 minutes [UPDATE: Count=3168, Max=2743, Min=556, Avg=624.23, 90=670, 99=786, 99.9=1223, 99.99=2743] 
2021-03-02 14:45:00:705 21 sec: 53319 operations; 3212 current ops/sec; est completion in 6 minutes [UPDATE: Count=3211, Max=2123, Min=547, Avg=616.07, 90=655, 99=744, 99.9=841, 99.99=2123] 
2021-03-02 14:45:01:705 22 sec: 56520 operations; 3201 current ops/sec; est completion in 6 minutes [UPDATE: Count=3201, Max=6067, Min=552, Avg=617.63, 90=650, 99=797, 99.9=977, 99.99=6067] 
2021-03-02 14:45:02:705 23 sec: 59614 operations; 3094 current ops/sec; est completion in 6 minutes [UPDATE: Count=3095, Max=1124, Min=561, Avg=639.26, 90=702, 99=835, 99.9=1014, 99.99=1124] 
2021-03-02 14:45:03:705 24 sec: 62564 operations; 2950 current ops/sec; est completion in 6 minutes [UPDATE: Count=2949, Max=24287, Min=578, Avg=670.98, 90=707, 99=859, 99.9=1165, 99.99=24287] 
2021-03-02 14:45:04:705 25 sec: 65714 operations; 3150 current ops/sec; est completion in 5 minutes [UPDATE: Count=3152, Max=886, Min=564, Avg=629.37, 90=679, 99=767, 99.9=833, 99.99=886] 
2021-03-02 14:45:05:705 26 sec: 68855 operations; 3141 current ops/sec; est completion in 5 minutes [UPDATE: Count=3141, Max=906, Min=564, Avg=631.18, 90=688, 99=763, 99.9=849, 99.99=906] 
2021-03-02 14:45:06:705 27 sec: 71964 operations; 3109 current ops/sec; est completion in 5 minutes [UPDATE: Count=3107, Max=7843, Min=560, Avg=637.77, 90=675, 99=781, 99.9=5379, 99.99=7843] 
2021-03-02 14:45:07:705 28 sec: 74861 operations; 2897 current ops/sec; est completion in 5 minutes [UPDATE: Count=2899, Max=10231, Min=583, Avg=682.94, 90=754, 99=888, 99.9=1685, 99.99=10231] 
2021-03-02 14:45:08:705 29 sec: 77858 operations; 2997 current ops/sec; est completion in 5 minutes [UPDATE: Count=2994, Max=1401, Min=602, Avg=660.93, 90=708, 99=861, 99.9=1227, 99.99=1401] 
2021-03-02 14:45:09:705 30 sec: 80818 operations; 2960 current ops/sec; est completion in 5 minutes [UPDATE: Count=2959, Max=21599, Min=579, Avg=665.37, 90=708, 99=843, 99.9=1273, 99.99=21599] 
2021-03-02 14:45:10:705 31 sec: 83753 operations; 2935 current ops/sec; est completion in 5 minutes [UPDATE: Count=2935, Max=5631, Min=593, Avg=674.55, 90=738, 99=896, 99.9=3637, 99.99=5631] 
2021-03-02 14:45:11:705 32 sec: 86614 operations; 2861 current ops/sec; est completion in 5 minutes [UPDATE: Count=2862, Max=6835, Min=597, Avg=691.28, 90=761, 99=932, 99.9=3137, 99.99=6835] 
2021-03-02 14:45:12:705 33 sec: 89551 operations; 2937 current ops/sec; est completion in 5 minutes [UPDATE: Count=2936, Max=4363, Min=569, Avg=673.65, 90=744, 99=896, 99.9=1059, 99.99=4363] 
2021-03-02 14:45:13:705 34 sec: 92658 operations; 3107 current ops/sec; est completion in 5 minutes [UPDATE: Count=3108, Max=3943, Min=573, Avg=637.56, 90=684, 99=865, 99.9=3293, 99.99=3943] 
2021-03-02 14:45:14:705 35 sec: 95542 operations; 2884 current ops/sec; est completion in 5 minutes [UPDATE: Count=2884, Max=2633, Min=601, Avg=687.76, 90=744, 99=875, 99.9=1468, 99.99=2633] 
2021-03-02 14:45:15:705 36 sec: 98331 operations; 2789 current ops/sec; est completion in 5 minutes [UPDATE: Count=2789, Max=4759, Min=615, Avg=710.2, 90=792, 99=932, 99.9=1134, 99.99=4759] 
2021-03-02 14:45:16:705 37 sec: 101043 operations; 2712 current ops/sec; est completion in 5 minutes [UPDATE: Count=2713, Max=27791, Min=606, Avg=730.18, 90=779, 99=939, 99.9=3027, 99.99=27791] 
2021-03-02 14:45:17:705 38 sec: 104069 operations; 3026 current ops/sec; est completion in 5 minutes [UPDATE: Count=3025, Max=5651, Min=574, Avg=655.08, 90=705, 99=814, 99.9=2657, 99.99=5651] 
2021-03-02 14:45:18:705 39 sec: 107265 operations; 3196 current ops/sec; est completion in 5 minutes [UPDATE: Count=3197, Max=2869, Min=556, Avg=620.45, 90=656, 99=794, 99.9=1128, 99.99=2869] 
2021-03-02 14:45:19:705 40 sec: 110544 operations; 3279 current ops/sec; est completion in 5 minutes [UPDATE: Count=3279, Max=844, Min=537, Avg=604.53, 90=633, 99=717, 99.9=780, 99.99=844] 
2021-03-02 14:45:20:705 41 sec: 113840 operations; 3296 current ops/sec; est completion in 5 minutes [UPDATE: Count=3295, Max=1016, Min=538, Avg=601.27, 90=626, 99=716, 99.9=787, 99.99=1016] 
2021-03-02 14:45:21:705 42 sec: 117049 operations; 3209 current ops/sec; est completion in 5 minutes [UPDATE: Count=3208, Max=8003, Min=540, Avg=616.88, 90=668, 99=748, 99.9=1225, 99.99=8003] 
2021-03-02 14:45:22:705 43 sec: 120095 operations; 3046 current ops/sec; est completion in 5 minutes [UPDATE: Count=3046, Max=3635, Min=570, Avg=649.99, 90=708, 99=854, 99.9=1225, 99.99=3635] 
2021-03-02 14:45:23:705 44 sec: 123154 operations; 3059 current ops/sec; est completion in 5 minutes [UPDATE: Count=3059, Max=4383, Min=563, Avg=647.65, 90=701, 99=868, 99.9=1419, 99.99=4383] 
2021-03-02 14:45:24:705 45 sec: 126194 operations; 3040 current ops/sec; est completion in 5 minutes [UPDATE: Count=3040, Max=9543, Min=586, Avg=650.84, 90=677, 99=779, 99.9=2343, 99.99=9543] 
2021-03-02 14:45:25:705 46 sec: 129304 operations; 3113.11 current ops/sec; est completion in 5 minutes [UPDATE: Count=3110, Max=27759, Min=551, Avg=636.99, 90=656, 99=733, 99.9=2887, 99.99=27759] 
2021-03-02 14:45:26:705 47 sec: 132542 operations; 3234.77 current ops/sec; est completion in 5 minutes [UPDATE: Count=3238, Max=7963, Min=559, Avg=611.53, 90=632, 99=729, 99.9=2677, 99.99=7963] 
2021-03-02 14:45:27:705 48 sec: 135698 operations; 3156 current ops/sec; est completion in 5 minutes [UPDATE: Count=3156, Max=12255, Min=569, Avg=627.81, 90=658, 99=801, 99.9=3045, 99.99=12255] 
2021-03-02 14:45:28:705 49 sec: 138802 operations; 3104 current ops/sec; est completion in 5 minutes [UPDATE: Count=3104, Max=6851, Min=580, Avg=638.03, 90=669, 99=800, 99.9=3357, 99.99=6851] 
2021-03-02 14:45:29:705 50 sec: 141812 operations; 3010 current ops/sec; est completion in 5 minutes [UPDATE: Count=3013, Max=6595, Min=586, Avg=658.63, 90=701, 99=812, 99.9=2863, 99.99=6595] 
2021-03-02 14:45:30:705 51 sec: 144894 operations; 3082 current ops/sec; est completion in 5 minutes [UPDATE: Count=3080, Max=1366, Min=558, Avg=642.83, 90=694, 99=883, 99.9=1205, 99.99=1366] 
2021-03-02 14:45:31:705 52 sec: 148121 operations; 3227 current ops/sec; est completion in 5 minutes [UPDATE: Count=3227, Max=4675, Min=557, Avg=613.42, 90=639, 99=752, 99.9=1221, 99.99=4675] 
2021-03-02 14:45:32:705 53 sec: 151351 operations; 3230 current ops/sec; est completion in 4 minutes [UPDATE: Count=3230, Max=2889, Min=559, Avg=613.63, 90=645, 99=749, 99.9=1179, 99.99=2889] 
2021-03-02 14:45:33:705 54 sec: 154498 operations; 3147 current ops/sec; est completion in 4 minutes [UPDATE: Count=3147, Max=2495, Min=567, Avg=629.96, 90=671, 99=782, 99.9=1340, 99.99=2495] 
2021-03-02 14:45:34:705 55 sec: 157466 operations; 2968 current ops/sec; est completion in 4 minutes [UPDATE: Count=2968, Max=7411, Min=566, Avg=667.36, 90=708, 99=850, 99.9=1610, 99.99=7411] 
2021-03-02 14:45:35:705 56 sec: 160390 operations; 2924 current ops/sec; est completion in 4 minutes [UPDATE: Count=2924, Max=30687, Min=576, Avg=677.54, 90=692, 99=857, 99.9=1888, 99.99=30687] 
2021-03-02 14:45:36:705 57 sec: 163478 operations; 3088 current ops/sec; est completion in 4 minutes [UPDATE: Count=3088, Max=1568, Min=577, Avg=641.54, 90=691, 99=822, 99.9=923, 99.99=1568] 
2021-03-02 14:45:37:705 58 sec: 166503 operations; 3025 current ops/sec; est completion in 4 minutes [UPDATE: Count=3024, Max=8895, Min=578, Avg=654.99, 90=699, 99=802, 99.9=2119, 99.99=8895] 
2021-03-02 14:45:38:705 59 sec: 169702 operations; 3199 current ops/sec; est completion in 4 minutes [UPDATE: Count=3200, Max=3469, Min=554, Avg=619.37, 90=649, 99=794, 99.9=1102, 99.99=3469] 
2021-03-02 14:45:39:705 60 sec: 172939 operations; 3237 current ops/sec; est completion in 4 minutes [UPDATE: Count=3237, Max=1340, Min=555, Avg=612.57, 90=642, 99=777, 99.9=1060, 99.99=1340] 
2021-03-02 14:45:40:705 61 sec: 176095 operations; 3156 current ops/sec; est completion in 4 minutes [UPDATE: Count=3155, Max=13023, Min=569, Avg=627.71, 90=660, 99=756, 99.9=892, 99.99=13023] 
2021-03-02 14:45:41:705 62 sec: 179238 operations; 3143 current ops/sec; est completion in 4 minutes [UPDATE: Count=3144, Max=2833, Min=583, Avg=630.37, 90=658, 99=746, 99.9=861, 99.99=2833] 
2021-03-02 14:45:42:705 63 sec: 182366 operations; 3131.13 current ops/sec; est completion in 4 minutes [UPDATE: Count=3127, Max=4531, Min=578, Avg=631.83, 90=668, 99=786, 99.9=977, 99.99=4531] 
2021-03-02 14:45:43:705 64 sec: 185458 operations; 3088.91 current ops/sec; est completion in 4 minutes [UPDATE: Count=3092, Max=10335, Min=583, Avg=642.64, 90=669, 99=770, 99.9=1240, 99.99=10335] 
2021-03-02 14:45:44:705 65 sec: 188541 operations; 3083 current ops/sec; est completion in 4 minutes [UPDATE: Count=3083, Max=2781, Min=561, Avg=642.68, 90=675, 99=773, 99.9=881, 99.99=2781] 
2021-03-02 14:45:45:705 66 sec: 191712 operations; 3171 current ops/sec; est completion in 4 minutes [UPDATE: Count=3171, Max=6019, Min=574, Avg=624.83, 90=659, 99=763, 99.9=1563, 99.99=6019] 
2021-03-02 14:45:46:705 67 sec: 194783 operations; 3071 current ops/sec; est completion in 4 minutes [UPDATE: Count=3071, Max=3129, Min=572, Avg=645.39, 90=687, 99=790, 99.9=883, 99.99=3129] 
2021-03-02 14:45:47:705 68 sec: 197789 operations; 3006 current ops/sec; est completion in 4 minutes [UPDATE: Count=3006, Max=2797, Min=600, Avg=658.98, 90=705, 99=791, 99.9=964, 99.99=2797] 
2021-03-02 14:45:48:705 69 sec: 200679 operations; 2890 current ops/sec; est completion in 4 minutes [UPDATE: Count=2890, Max=33919, Min=585, Avg=684.63, 90=714, 99=876, 99.9=6095, 99.99=33919] 
2021-03-02 14:45:49:705 70 sec: 203720 operations; 3041 current ops/sec; est completion in 4 minutes [UPDATE: Count=3042, Max=7187, Min=564, Avg=651.94, 90=691, 99=833, 99.9=2743, 99.99=7187] 
2021-03-02 14:45:50:705 71 sec: 206775 operations; 3055 current ops/sec; est completion in 4 minutes [UPDATE: Count=3055, Max=1406, Min=585, Avg=649.13, 90=689, 99=788, 99.9=1060, 99.99=1406] 
2021-03-02 14:45:51:705 72 sec: 209908 operations; 3133 current ops/sec; est completion in 4 minutes [UPDATE: Count=3132, Max=1008, Min=578, Avg=632.3, 90=672, 99=771, 99.9=900, 99.99=1008] 
2021-03-02 14:45:52:705 73 sec: 212981 operations; 3073 current ops/sec; est completion in 4 minutes [UPDATE: Count=3074, Max=8279, Min=586, Avg=645.28, 90=679, 99=763, 99.9=1777, 99.99=8279] 
2021-03-02 14:45:53:705 74 sec: 216160 operations; 3179 current ops/sec; est completion in 4 minutes [UPDATE: Count=3178, Max=5503, Min=553, Avg=623.13, 90=664, 99=770, 99.9=923, 99.99=5503] 
2021-03-02 14:45:54:705 75 sec: 219290 operations; 3130 current ops/sec; est completion in 4 minutes [UPDATE: Count=3131, Max=9519, Min=568, Avg=633.21, 90=666, 99=760, 99.9=902, 99.99=9519] 
2021-03-02 14:45:55:705 76 sec: 222463 operations; 3173 current ops/sec; est completion in 4 minutes [UPDATE: Count=3173, Max=2629, Min=565, Avg=625.09, 90=658, 99=745, 99.9=961, 99.99=2629] 
2021-03-02 14:45:56:705 77 sec: 225574 operations; 3111 current ops/sec; est completion in 4 minutes [UPDATE: Count=3110, Max=2347, Min=573, Avg=637.6, 90=677, 99=773, 99.9=882, 99.99=2347] 
2021-03-02 14:45:57:705 78 sec: 228583 operations; 3009 current ops/sec; est completion in 4 minutes [UPDATE: Count=3010, Max=2263, Min=596, Avg=658.7, 90=697, 99=765, 99.9=974, 99.99=2263] 
2021-03-02 14:45:58:705 79 sec: 231569 operations; 2986 current ops/sec; est completion in 4 minutes [UPDATE: Count=2985, Max=9119, Min=605, Avg=663.63, 90=698, 99=776, 99.9=928, 99.99=9119] 
2021-03-02 14:45:59:705 80 sec: 234532 operations; 2963 current ops/sec; est completion in 4 minutes [UPDATE: Count=2964, Max=3213, Min=605, Avg=668.98, 90=709, 99=811, 99.9=1016, 99.99=3213] 
2021-03-02 14:46:00:705 81 sec: 237479 operations; 2949.95 current ops/sec; est completion in 4 minutes [UPDATE: Count=2947, Max=9287, Min=582, Avg=672.46, 90=709, 99=820, 99.9=1246, 99.99=9287] 
2021-03-02 14:46:01:705 82 sec: 240408 operations; 2926.07 current ops/sec; est completion in 4 minutes [UPDATE: Count=2929, Max=27807, Min=575, Avg=676.73, 90=703, 99=785, 99.9=2889, 99.99=27807] 
2021-03-02 14:46:02:705 83 sec: 243415 operations; 3007 current ops/sec; est completion in 4 minutes [UPDATE: Count=3006, Max=3085, Min=599, Avg=659.45, 90=699, 99=817, 99.9=1353, 99.99=3085] 
2021-03-02 14:46:03:706 84 sec: 246420 operations; 3005 current ops/sec; est completion in 4 minutes [UPDATE: Count=3005, Max=5595, Min=591, Avg=659.3, 90=699, 99=814, 99.9=1898, 99.99=5595] 
2021-03-02 14:46:04:705 85 sec: 249437 operations; 3017 current ops/sec; est completion in 4 minutes [UPDATE: Count=3017, Max=7275, Min=582, Avg=656.8, 90=688, 99=826, 99.9=3235, 99.99=7275] 
2021-03-02 14:46:05:705 86 sec: 252487 operations; 3053.05 current ops/sec; est completion in 4 minutes [UPDATE: Count=3051, Max=2773, Min=587, Avg=649.66, 90=690, 99=817, 99.9=1129, 99.99=2773] 
2021-03-02 14:46:06:705 87 sec: 255580 operations; 3089.91 current ops/sec; est completion in 4 minutes [UPDATE: Count=3092, Max=2321, Min=578, Avg=640.69, 90=679, 99=809, 99.9=964, 99.99=2321] 
2021-03-02 14:46:07:705 88 sec: 258638 operations; 3058 current ops/sec; est completion in 4 minutes [UPDATE: Count=3059, Max=2475, Min=586, Avg=647.63, 90=688, 99=815, 99.9=1096, 99.99=2475] 
2021-03-02 14:46:08:705 89 sec: 261721 operations; 3083 current ops/sec; est completion in 4 minutes [UPDATE: Count=3083, Max=2369, Min=588, Avg=642.99, 90=684, 99=806, 99.9=1237, 99.99=2369] 
2021-03-02 14:46:09:705 90 sec: 264769 operations; 3051.05 current ops/sec; est completion in 4 minutes [UPDATE: Count=3048, Max=6287, Min=583, Avg=649.68, 90=683, 99=805, 99.9=1373, 99.99=6287] 
2021-03-02 14:46:10:705 91 sec: 267892 operations; 3119.88 current ops/sec; est completion in 4 minutes [UPDATE: Count=3123, Max=8671, Min=584, Avg=634.65, 90=662, 99=755, 99.9=1461, 99.99=8671] 
2021-03-02 14:46:11:705 92 sec: 270937 operations; 3045 current ops/sec; est completion in 4 minutes [UPDATE: Count=3044, Max=13759, Min=578, Avg=650.74, 90=697, 99=807, 99.9=1286, 99.99=13759] 
2021-03-02 14:46:12:705 93 sec: 273920 operations; 2985.99 current ops/sec; est completion in 4 minutes [UPDATE: Count=2983, Max=2259, Min=589, Avg=664.19, 90=710, 99=832, 99.9=1528, 99.99=2259] 
2021-03-02 14:46:13:705 94 sec: 276857 operations; 2934.07 current ops/sec; est completion in 4 minutes [UPDATE: Count=2937, Max=2419, Min=602, Avg=674.68, 90=713, 99=844, 99.9=1751, 99.99=2419] 
2021-03-02 14:46:14:705 95 sec: 279763 operations; 2906 current ops/sec; est completion in 4 minutes [UPDATE: Count=2906, Max=29935, Min=593, Avg=682.38, 90=706, 99=854, 99.9=3743, 99.99=29935] 
2021-03-02 14:46:15:705 96 sec: 282762 operations; 2999 current ops/sec; est completion in 4 minutes [UPDATE: Count=3000, Max=8775, Min=566, Avg=661.14, 90=691, 99=897, 99.9=3035, 99.99=8775] 
2021-03-02 14:46:16:705 97 sec: 285766 operations; 3004 current ops/sec; est completion in 4 minutes [UPDATE: Count=3004, Max=1951, Min=585, Avg=660.55, 90=702, 99=877, 99.9=1315, 99.99=1951] 
2021-03-02 14:46:17:705 98 sec: 288794 operations; 3028 current ops/sec; est completion in 4 minutes [UPDATE: Count=3027, Max=1665, Min=573, Avg=654.81, 90=695, 99=799, 99.9=1008, 99.99=1665] 
2021-03-02 14:46:18:705 99 sec: 291838 operations; 3044 current ops/sec; est completion in 4 minutes [UPDATE: Count=3044, Max=10975, Min=576, Avg=651.55, 90=681, 99=833, 99.9=2285, 99.99=10975] 
2021-03-02 14:46:19:705 100 sec: 294881 operations; 3043 current ops/sec; est completion in 4 minutes [UPDATE: Count=3043, Max=2463, Min=581, Avg=651.25, 90=697, 99=804, 99.9=925, 99.99=2463] 
2021-03-02 14:46:20:705 101 sec: 297923 operations; 3042 current ops/sec; est completion in 3 minutes [UPDATE: Count=3042, Max=10143, Min=581, Avg=651.86, 90=694, 99=811, 99.9=1196, 99.99=10143] 
2021-03-02 14:46:21:705 102 sec: 301004 operations; 3084.08 current ops/sec; est completion in 3 minutes [UPDATE: Count=3081, Max=3063, Min=578, Avg=643.17, 90=685, 99=791, 99.9=1387, 99.99=3063] 
2021-03-02 14:46:22:706 103 sec: 303956 operations; 2949.05 current ops/sec; est completion in 3 minutes [UPDATE: Count=2953, Max=8139, Min=588, Avg=671.58, 90=710, 99=878, 99.9=2815, 99.99=8139] 
2021-03-02 14:46:23:705 104 sec: 306975 operations; 3019 current ops/sec; est completion in 3 minutes [UPDATE: Count=3018, Max=8311, Min=592, Avg=655.61, 90=686, 99=816, 99.9=1491, 99.99=8311] 
2021-03-02 14:46:24:705 105 sec: 310023 operations; 3051.05 current ops/sec; est completion in 3 minutes [UPDATE: Count=3048, Max=2751, Min=569, Avg=649.99, 90=695, 99=811, 99.9=1428, 99.99=2751] 
2021-03-02 14:46:25:705 106 sec: 313264 operations; 3241 current ops/sec; est completion in 3 minutes [UPDATE: Count=3241, Max=1925, Min=571, Avg=611.54, 90=635, 99=723, 99.9=1334, 99.99=1925] 
2021-03-02 14:46:26:705 107 sec: 316432 operations; 3164.84 current ops/sec; est completion in 3 minutes [UPDATE: Count=3168, Max=6627, Min=564, Avg=625.72, 90=658, 99=778, 99.9=1789, 99.99=6627] 
2021-03-02 14:46:27:705 108 sec: 319490 operations; 3061.06 current ops/sec; est completion in 3 minutes [UPDATE: Count=3058, Max=32431, Min=575, Avg=648.35, 90=658, 99=736, 99.9=2385, 99.99=32431] 
2021-03-02 14:46:28:705 109 sec: 322656 operations; 3162.84 current ops/sec; est completion in 3 minutes [UPDATE: Count=3166, Max=2715, Min=578, Avg=626.08, 90=655, 99=722, 99.9=842, 99.99=2715] 
2021-03-02 14:46:29:705 110 sec: 325834 operations; 3178 current ops/sec; est completion in 3 minutes [UPDATE: Count=3179, Max=2491, Min=573, Avg=623.56, 90=650, 99=719, 99.9=860, 99.99=2491] 
2021-03-02 14:46:30:705 111 sec: 328945 operations; 3111 current ops/sec; est completion in 3 minutes [UPDATE: Count=3110, Max=8327, Min=573, Avg=636.62, 90=666, 99=824, 99.9=1068, 99.99=8327] 
2021-03-02 14:46:31:705 112 sec: 332109 operations; 3164 current ops/sec; est completion in 3 minutes [UPDATE: Count=3165, Max=8495, Min=572, Avg=625.99, 90=650, 99=779, 99.9=1726, 99.99=8495] 
2021-03-02 14:46:32:705 113 sec: 335312 operations; 3203 current ops/sec; est completion in 3 minutes [UPDATE: Count=3203, Max=7507, Min=563, Avg=618.58, 90=644, 99=753, 99.9=1372, 99.99=7507] 
2021-03-02 14:46:33:705 114 sec: 338537 operations; 3225 current ops/sec; est completion in 3 minutes [UPDATE: Count=3225, Max=2385, Min=554, Avg=614.53, 90=644, 99=743, 99.9=1287, 99.99=2385] 
2021-03-02 14:46:34:705 115 sec: 341804 operations; 3267 current ops/sec; est completion in 3 minutes [UPDATE: Count=3268, Max=999, Min=555, Avg=606.88, 90=633, 99=711, 99.9=819, 99.99=999] 
2021-03-02 14:46:35:705 116 sec: 344875 operations; 3071 current ops/sec; est completion in 3 minutes [UPDATE: Count=3069, Max=8783, Min=570, Avg=645.2, 90=682, 99=781, 99.9=1083, 99.99=8783] 
2021-03-02 14:46:36:705 117 sec: 347921 operations; 3046 current ops/sec; est completion in 3 minutes [UPDATE: Count=3046, Max=6443, Min=590, Avg=650.51, 90=678, 99=820, 99.9=1479, 99.99=6443] 
2021-03-02 14:46:37:705 118 sec: 350904 operations; 2983 current ops/sec; est completion in 3 minutes [UPDATE: Count=2983, Max=2703, Min=583, Avg=664.58, 90=700, 99=806, 99.9=1112, 99.99=2703] 
2021-03-02 14:46:38:705 119 sec: 353877 operations; 2973 current ops/sec; est completion in 3 minutes [UPDATE: Count=2974, Max=8743, Min=595, Avg=666.4, 90=700, 99=805, 99.9=1806, 99.99=8743] 
2021-03-02 14:46:39:705 120 sec: 356890 operations; 3013 current ops/sec; est completion in 3 minutes [UPDATE: Count=3012, Max=9791, Min=580, Avg=657.72, 90=680, 99=778, 99.9=1817, 99.99=9791] 
2021-03-02 14:46:40:705 121 sec: 360080 operations; 3190 current ops/sec; est completion in 3 minutes [UPDATE: Count=3191, Max=5259, Min=551, Avg=621.76, 90=653, 99=742, 99.9=931, 99.99=5259] 
2021-03-02 14:46:41:705 122 sec: 363260 operations; 3180 current ops/sec; est completion in 3 minutes [UPDATE: Count=3179, Max=3879, Min=563, Avg=623.22, 90=653, 99=750, 99.9=1920, 99.99=3879] 
2021-03-02 14:46:42:705 123 sec: 366472 operations; 3215.22 current ops/sec; est completion in 3 minutes [UPDATE: Count=3212, Max=4935, Min=560, Avg=617.16, 90=644, 99=752, 99.9=2141, 99.99=4935] 
2021-03-02 14:46:43:705 124 sec: 369671 operations; 3195.8 current ops/sec; est completion in 3 minutes [UPDATE: Count=3200, Max=2225, Min=554, Avg=619.63, 90=658, 99=778, 99.9=915, 99.99=2225] 
2021-03-02 14:46:44:705 125 sec: 372902 operations; 3234.23 current ops/sec; est completion in 3 minutes [UPDATE: Count=3230, Max=2441, Min=573, Avg=613.46, 90=640, 99=766, 99.9=977, 99.99=2441] 
2021-03-02 14:46:45:705 126 sec: 376025 operations; 3119.88 current ops/sec; est completion in 3 minutes [UPDATE: Count=3123, Max=6675, Min=565, Avg=634.42, 90=666, 99=771, 99.9=1940, 99.99=6675] 
2021-03-02 14:46:46:705 127 sec: 379078 operations; 3056.06 current ops/sec; est completion in 3 minutes [UPDATE: Count=3053, Max=9615, Min=580, Avg=648.98, 90=690, 99=829, 99.9=2649, 99.99=9615] 
2021-03-02 14:46:47:705 128 sec: 382149 operations; 3067.93 current ops/sec; est completion in 3 minutes [UPDATE: Count=3072, Max=3065, Min=571, Avg=645.61, 90=685, 99=811, 99.9=1357, 99.99=3065] 
2021-03-02 14:46:48:705 129 sec: 385383 operations; 3234 current ops/sec; est completion in 3 minutes [UPDATE: Count=3235, Max=9559, Min=563, Avg=612.89, 90=639, 99=741, 99.9=969, 99.99=9559] 
2021-03-02 14:46:49:705 130 sec: 388602 operations; 3219 current ops/sec; est completion in 3 minutes [UPDATE: Count=3218, Max=1480, Min=551, Avg=615.63, 90=645, 99=735, 99.9=1063, 99.99=1480] 
2021-03-02 14:46:50:706 131 sec: 391760 operations; 3158 current ops/sec; est completion in 3 minutes [UPDATE: Count=3160, Max=8035, Min=571, Avg=628.41, 90=653, 99=765, 99.9=4227, 99.99=8035] 
2021-03-02 14:46:51:705 132 sec: 394856 operations; 3096 current ops/sec; est completion in 3 minutes [UPDATE: Count=3094, Max=7267, Min=562, Avg=639.61, 90=673, 99=787, 99.9=1548, 99.99=7267] 
2021-03-02 14:46:52:705 133 sec: 397977 operations; 3121 current ops/sec; est completion in 3 minutes [UPDATE: Count=3121, Max=11967, Min=571, Avg=634.87, 90=659, 99=789, 99.9=948, 99.99=11967] 
2021-03-02 14:46:53:705 134 sec: 401069 operations; 3092 current ops/sec; est completion in 3 minutes [UPDATE: Count=3091, Max=2651, Min=591, Avg=641.29, 90=676, 99=742, 99.9=856, 99.99=2651] 
2021-03-02 14:46:54:705 135 sec: 404113 operations; 3044 current ops/sec; est completion in 3 minutes [UPDATE: Count=3044, Max=2273, Min=581, Avg=651.27, 90=697, 99=836, 99.9=1020, 99.99=2273] 
2021-03-02 14:46:55:705 136 sec: 407211 operations; 3101.1 current ops/sec; est completion in 3 minutes [UPDATE: Count=3098, Max=2311, Min=580, Avg=640.21, 90=679, 99=795, 99.9=1025, 99.99=2311] 
2021-03-02 14:46:56:705 137 sec: 410286 operations; 3075 current ops/sec; est completion in 3 minutes [UPDATE: Count=3075, Max=6503, Min=580, Avg=644.51, 90=680, 99=837, 99.9=1230, 99.99=6503] 
2021-03-02 14:46:57:705 138 sec: 413395 operations; 3109 current ops/sec; est completion in 3 minutes [UPDATE: Count=3109, Max=2181, Min=572, Avg=637.25, 90=672, 99=780, 99.9=1331, 99.99=2181] 
2021-03-02 14:46:58:705 139 sec: 416515 operations; 3116.88 current ops/sec; est completion in 3 minutes [UPDATE: Count=3120, Max=2359, Min=578, Avg=635.99, 90=672, 99=772, 99.9=1795, 99.99=2359] 
2021-03-02 14:46:59:705 140 sec: 419610 operations; 3095 current ops/sec; est completion in 3 minutes [UPDATE: Count=3095, Max=10039, Min=578, Avg=640.31, 90=678, 99=761, 99.9=1207, 99.99=10039] 
2021-03-02 14:47:00:705 141 sec: 422765 operations; 3155 current ops/sec; est completion in 3 minutes [UPDATE: Count=3157, Max=2135, Min=572, Avg=628.64, 90=662, 99=768, 99.9=1150, 99.99=2135] 
2021-03-02 14:47:01:705 142 sec: 425917 operations; 3155.16 current ops/sec; est completion in 3 minutes [UPDATE: Count=3151, Max=8171, Min=564, Avg=629.78, 90=663, 99=750, 99.9=1248, 99.99=8171] 
2021-03-02 14:47:02:705 143 sec: 429082 operations; 3165 current ops/sec; est completion in 3 minutes [UPDATE: Count=3165, Max=964, Min=583, Avg=626.8, 90=656, 99=741, 99.9=828, 99.99=964] 
2021-03-02 14:47:03:705 144 sec: 432087 operations; 3005 current ops/sec; est completion in 3 minutes [UPDATE: Count=3006, Max=1688, Min=589, Avg=659.45, 90=691, 99=813, 99.9=1064, 99.99=1688] 
2021-03-02 14:47:04:705 145 sec: 435036 operations; 2946.05 current ops/sec; est completion in 3 minutes [UPDATE: Count=2948, Max=1817, Min=601, Avg=672.19, 90=714, 99=825, 99.9=1020, 99.99=1817] 
2021-03-02 14:47:05:705 146 sec: 438072 operations; 3039.04 current ops/sec; est completion in 3 minutes [UPDATE: Count=3035, Max=9735, Min=582, Avg=653.19, 90=689, 99=812, 99.9=4679, 99.99=9735] 
2021-03-02 14:47:06:705 147 sec: 441249 operations; 3173.83 current ops/sec; est completion in 3 minutes [UPDATE: Count=3179, Max=5035, Min=567, Avg=624.1, 90=656, 99=744, 99.9=1044, 99.99=5035] 
2021-03-02 14:47:07:705 148 sec: 444394 operations; 3145 current ops/sec; est completion in 3 minutes [UPDATE: Count=3145, Max=6363, Min=576, Avg=630.24, 90=660, 99=774, 99.9=1185, 99.99=6363] 
2021-03-02 14:47:08:705 149 sec: 447514 operations; 3120 current ops/sec; est completion in 3 minutes [UPDATE: Count=3120, Max=975, Min=567, Avg=632.02, 90=671, 99=741, 99.9=859, 99.99=975] 
2021-03-02 14:47:09:705 150 sec: 450656 operations; 3142 current ops/sec; est completion in 3 minutes [UPDATE: Count=3140, Max=1234, Min=579, Avg=631.32, 90=670, 99=744, 99.9=873, 99.99=1234] 
2021-03-02 14:47:10:705 151 sec: 453769 operations; 3113 current ops/sec; est completion in 3 minutes [UPDATE: Count=3113, Max=8687, Min=571, Avg=636.9, 90=672, 99=791, 99.9=1115, 99.99=8687] 
2021-03-02 14:47:11:705 152 sec: 456846 operations; 3077 current ops/sec; est completion in 3 minutes [UPDATE: Count=3077, Max=2024, Min=589, Avg=644.01, 90=676, 99=788, 99.9=1237, 99.99=2024] 
2021-03-02 14:47:12:705 153 sec: 459821 operations; 2975 current ops/sec; est completion in 3 minutes [UPDATE: Count=2976, Max=9367, Min=595, Avg=666.31, 90=705, 99=942, 99.9=1996, 99.99=9367] 
2021-03-02 14:47:13:705 154 sec: 462663 operations; 2844.84 current ops/sec; est completion in 2 minutes [UPDATE: Count=2842, Max=2028, Min=597, Avg=697.5, 90=757, 99=897, 99.9=1502, 99.99=2028] 
2021-03-02 14:47:14:705 155 sec: 465494 operations; 2828.17 current ops/sec; est completion in 2 minutes [UPDATE: Count=2830, Max=2273, Min=610, Avg=700.78, 90=753, 99=896, 99.9=1152, 99.99=2273] 
2021-03-02 14:47:15:705 156 sec: 468243 operations; 2749 current ops/sec; est completion in 2 minutes [UPDATE: Count=2749, Max=9975, Min=611, Avg=721.12, 90=771, 99=907, 99.9=7215, 99.99=9975] 
2021-03-02 14:47:16:705 157 sec: 471349 operations; 3106 current ops/sec; est completion in 2 minutes [UPDATE: Count=3107, Max=3477, Min=573, Avg=638.8, 90=683, 99=830, 99.9=1651, 99.99=3477] 
2021-03-02 14:47:17:705 158 sec: 474521 operations; 3172 current ops/sec; est completion in 2 minutes [UPDATE: Count=3172, Max=12431, Min=565, Avg=624.94, 90=652, 99=750, 99.9=1289, 99.99=12431] 
2021-03-02 14:47:18:705 159 sec: 477684 operations; 3163 current ops/sec; est completion in 2 minutes [UPDATE: Count=3162, Max=8959, Min=559, Avg=626.9, 90=651, 99=771, 99.9=1673, 99.99=8959] 
2021-03-02 14:47:19:705 160 sec: 480889 operations; 3205 current ops/sec; est completion in 2 minutes [UPDATE: Count=3205, Max=2797, Min=566, Avg=618.37, 90=646, 99=775, 99.9=840, 99.99=2797] 
2021-03-02 14:47:20:705 161 sec: 484061 operations; 3172 current ops/sec; est completion in 2 minutes [UPDATE: Count=3173, Max=9447, Min=556, Avg=624.58, 90=646, 99=762, 99.9=1919, 99.99=9447] 
2021-03-02 14:47:21:705 162 sec: 487205 operations; 3144 current ops/sec; est completion in 2 minutes [UPDATE: Count=3143, Max=2595, Min=586, Avg=630.33, 90=656, 99=766, 99.9=922, 99.99=2595] 
2021-03-02 14:47:22:705 163 sec: 490393 operations; 3191.19 current ops/sec; est completion in 2 minutes [UPDATE: Count=3189, Max=2229, Min=579, Avg=621.75, 90=646, 99=720, 99.9=1010, 99.99=2229] 
2021-03-02 14:47:23:705 164 sec: 493595 operations; 3198.8 current ops/sec; est completion in 2 minutes [UPDATE: Count=3202, Max=2233, Min=561, Avg=619.22, 90=646, 99=764, 99.9=1005, 99.99=2233] 
2021-03-02 14:47:24:705 165 sec: 496831 operations; 3236 current ops/sec; est completion in 2 minutes [UPDATE: Count=3236, Max=1173, Min=559, Avg=613.11, 90=644, 99=745, 99.9=1017, 99.99=1173] 
2021-03-02 14:47:25:705 166 sec: 500077 operations; 3246 current ops/sec; est completion in 2 minutes [UPDATE: Count=3246, Max=982, Min=557, Avg=611.16, 90=638, 99=721, 99.9=881, 99.99=982] 
2021-03-02 14:47:26:705 167 sec: 503269 operations; 3192 current ops/sec; est completion in 2 minutes [UPDATE: Count=3192, Max=1937, Min=577, Avg=620.91, 90=646, 99=744, 99.9=1212, 99.99=1937] 
2021-03-02 14:47:27:705 168 sec: 506503 operations; 3234 current ops/sec; est completion in 2 minutes [UPDATE: Count=3235, Max=2079, Min=561, Avg=613.3, 90=638, 99=726, 99.9=1001, 99.99=2079] 
2021-03-02 14:47:28:705 169 sec: 509751 operations; 3248 current ops/sec; est completion in 2 minutes [UPDATE: Count=3246, Max=1563, Min=563, Avg=610.65, 90=640, 99=710, 99.9=888, 99.99=1563] 
2021-03-02 14:47:29:705 170 sec: 513020 operations; 3269 current ops/sec; est completion in 2 minutes [UPDATE: Count=3270, Max=1693, Min=549, Avg=606.71, 90=633, 99=693, 99.9=1136, 99.99=1693] 
2021-03-02 14:47:30:705 171 sec: 516186 operations; 3166 current ops/sec; est completion in 2 minutes [UPDATE: Count=3165, Max=9927, Min=564, Avg=625.82, 90=650, 99=724, 99.9=1684, 99.99=9927] 
2021-03-02 14:47:31:705 172 sec: 519333 operations; 3150.15 current ops/sec; est completion in 2 minutes [UPDATE: Count=3147, Max=2481, Min=569, Avg=629.54, 90=659, 99=764, 99.9=965, 99.99=2481] 
2021-03-02 14:47:32:705 173 sec: 522487 operations; 3150.85 current ops/sec; est completion in 2 minutes [UPDATE: Count=3156, Max=5867, Min=570, Avg=628.46, 90=651, 99=728, 99.9=1773, 99.99=5867] 
2021-03-02 14:47:33:705 174 sec: 525718 operations; 3231 current ops/sec; est completion in 2 minutes [UPDATE: Count=3229, Max=2223, Min=563, Avg=612.81, 90=641, 99=745, 99.9=1628, 99.99=2223] 
2021-03-02 14:47:34:705 175 sec: 528916 operations; 3201.2 current ops/sec; est completion in 2 minutes [UPDATE: Count=3199, Max=7535, Min=565, Avg=619.52, 90=641, 99=769, 99.9=3921, 99.99=7535] 
2021-03-02 14:47:35:705 176 sec: 532057 operations; 3137.86 current ops/sec; est completion in 2 minutes [UPDATE: Count=3141, Max=2515, Min=551, Avg=631.26, 90=669, 99=797, 99.9=1157, 99.99=2515] 
2021-03-02 14:47:36:705 177 sec: 535208 operations; 3151 current ops/sec; est completion in 2 minutes [UPDATE: Count=3152, Max=7607, Min=565, Avg=628.8, 90=661, 99=755, 99.9=1464, 99.99=7607] 
2021-03-02 14:47:37:705 178 sec: 538398 operations; 3190 current ops/sec; est completion in 2 minutes [UPDATE: Count=3189, Max=1858, Min=567, Avg=621.72, 90=657, 99=747, 99.9=1085, 99.99=1858] 
2021-03-02 14:47:38:705 179 sec: 541610 operations; 3212 current ops/sec; est completion in 2 minutes [UPDATE: Count=3212, Max=1830, Min=561, Avg=617.22, 90=645, 99=762, 99.9=949, 99.99=1830] 
2021-03-02 14:47:39:705 180 sec: 544783 operations; 3176.18 current ops/sec; est completion in 2 minutes [UPDATE: Count=3173, Max=9359, Min=575, Avg=624.62, 90=652, 99=753, 99.9=1326, 99.99=9359] 
2021-03-02 14:47:40:705 181 sec: 547940 operations; 3153.85 current ops/sec; est completion in 2 minutes [UPDATE: Count=3158, Max=1865, Min=574, Avg=627.69, 90=662, 99=772, 99.9=1254, 99.99=1865] 
2021-03-02 14:47:41:705 182 sec: 551091 operations; 3154.15 current ops/sec; est completion in 2 minutes [UPDATE: Count=3150, Max=1738, Min=581, Avg=628.89, 90=663, 99=734, 99.9=1006, 99.99=1738] 
2021-03-02 14:47:42:705 183 sec: 554216 operations; 3121.88 current ops/sec; est completion in 2 minutes [UPDATE: Count=3125, Max=9655, Min=559, Avg=634.24, 90=669, 99=754, 99.9=1598, 99.99=9655] 
2021-03-02 14:47:43:705 184 sec: 557425 operations; 3209 current ops/sec; est completion in 2 minutes [UPDATE: Count=3209, Max=849, Min=562, Avg=617.74, 90=653, 99=720, 99.9=821, 99.99=849] 
2021-03-02 14:47:44:705 185 sec: 560666 operations; 3241 current ops/sec; est completion in 2 minutes [UPDATE: Count=3241, Max=933, Min=557, Avg=611.41, 90=640, 99=733, 99.9=837, 99.99=933] 
2021-03-02 14:47:45:705 186 sec: 563860 operations; 3194 current ops/sec; est completion in 2 minutes [UPDATE: Count=3193, Max=1713, Min=556, Avg=620.8, 90=656, 99=755, 99.9=879, 99.99=1713] 
2021-03-02 14:47:46:705 187 sec: 567046 operations; 3186 current ops/sec; est completion in 2 minutes [UPDATE: Count=3186, Max=1964, Min=553, Avg=622.65, 90=659, 99=767, 99.9=989, 99.99=1964] 
2021-03-02 14:47:47:705 188 sec: 570247 operations; 3201 current ops/sec; est completion in 2 minutes [UPDATE: Count=3202, Max=6751, Min=566, Avg=619.23, 90=653, 99=775, 99.9=896, 99.99=6751] 
2021-03-02 14:47:48:705 189 sec: 573454 operations; 3207 current ops/sec; est completion in 2 minutes [UPDATE: Count=3206, Max=7243, Min=559, Avg=618.36, 90=653, 99=757, 99.9=904, 99.99=7243] 
2021-03-02 14:47:49:705 190 sec: 576636 operations; 3182 current ops/sec; est completion in 2 minutes [UPDATE: Count=3182, Max=2731, Min=553, Avg=623.16, 90=662, 99=743, 99.9=1059, 99.99=2731] 
2021-03-02 14:47:50:705 191 sec: 579861 operations; 3228.23 current ops/sec; est completion in 2 minutes [UPDATE: Count=3225, Max=1591, Min=546, Avg=614.92, 90=649, 99=743, 99.9=1159, 99.99=1591] 
2021-03-02 14:47:51:705 192 sec: 583032 operations; 3167.83 current ops/sec; est completion in 2 minutes [UPDATE: Count=3172, Max=8623, Min=569, Avg=625.77, 90=671, 99=744, 99.9=890, 99.99=8623] 
2021-03-02 14:47:52:705 193 sec: 586122 operations; 3090 current ops/sec; est completion in 2 minutes [UPDATE: Count=3090, Max=1277, Min=573, Avg=641.7, 90=683, 99=767, 99.9=1122, 99.99=1277] 
2021-03-02 14:47:53:705 194 sec: 589113 operations; 2991 current ops/sec; est completion in 2 minutes [UPDATE: Count=2991, Max=11871, Min=587, Avg=662.65, 90=701, 99=825, 99.9=1160, 99.99=11871] 
2021-03-02 14:47:54:705 195 sec: 592100 operations; 2989.99 current ops/sec; est completion in 2 minutes [UPDATE: Count=2987, Max=2609, Min=588, Avg=662.97, 90=708, 99=815, 99.9=1381, 99.99=2609] 
2021-03-02 14:47:55:705 196 sec: 595097 operations; 2997 current ops/sec; est completion in 2 minutes [UPDATE: Count=2997, Max=11295, Min=574, Avg=661.65, 90=702, 99=811, 99.9=7531, 99.99=11295] 
2021-03-02 14:47:56:705 197 sec: 598249 operations; 3152 current ops/sec; est completion in 2 minutes [UPDATE: Count=3152, Max=2479, Min=574, Avg=628.81, 90=663, 99=746, 99.9=880, 99.99=2479] 
2021-03-02 14:47:57:705 198 sec: 601403 operations; 3154 current ops/sec; est completion in 2 minutes [UPDATE: Count=3155, Max=2097, Min=568, Avg=626.27, 90=658, 99=749, 99.9=932, 99.99=2097] 
2021-03-02 14:47:58:705 199 sec: 604543 operations; 3136.86 current ops/sec; est completion in 2 minutes [UPDATE: Count=3139, Max=1296, Min=562, Avg=631.65, 90=668, 99=774, 99.9=913, 99.99=1296] 
2021-03-02 14:47:59:705 200 sec: 607734 operations; 3191 current ops/sec; est completion in 2 minutes [UPDATE: Count=3191, Max=1494, Min=565, Avg=622.25, 90=659, 99=738, 99.9=930, 99.99=1494] 
2021-03-02 14:48:00:705 201 sec: 610848 operations; 3114 current ops/sec; est completion in 2 minutes [UPDATE: Count=3114, Max=4307, Min=574, Avg=636.41, 90=678, 99=765, 99.9=920, 99.99=4307] 
2021-03-02 14:48:01:705 202 sec: 613938 operations; 3093.09 current ops/sec; est completion in 2 minutes [UPDATE: Count=3089, Max=2523, Min=595, Avg=641.71, 90=674, 99=751, 99.9=1018, 99.99=2523] 
2021-03-02 14:48:02:705 203 sec: 616967 operations; 3029 current ops/sec; est completion in 2 minutes [UPDATE: Count=3029, Max=1782, Min=586, Avg=654.26, 90=690, 99=800, 99.9=1141, 99.99=1782] 
2021-03-02 14:48:03:705 204 sec: 619951 operations; 2984 current ops/sec; est completion in 2 minutes [UPDATE: Count=2984, Max=9503, Min=598, Avg=664.05, 90=698, 99=789, 99.9=1633, 99.99=9503] 
2021-03-02 14:48:04:705 205 sec: 622959 operations; 3005 current ops/sec; est completion in 2 minutes [UPDATE: Count=3008, Max=2627, Min=606, Avg=659.22, 90=687, 99=774, 99.9=1238, 99.99=2627] 
2021-03-02 14:48:05:705 206 sec: 625877 operations; 2920.92 current ops/sec; est completion in 2 minutes [UPDATE: Count=2919, Max=10223, Min=587, Avg=678.38, 90=702, 99=807, 99.9=8687, 99.99=10223] 
2021-03-02 14:48:06:705 207 sec: 628987 operations; 3106.89 current ops/sec; est completion in 2 minutes [UPDATE: Count=3109, Max=2507, Min=580, Avg=636.99, 90=675, 99=800, 99.9=1582, 99.99=2507] 
2021-03-02 14:48:07:705 208 sec: 631983 operations; 2996 current ops/sec; est completion in 2 minutes [UPDATE: Count=2996, Max=3583, Min=575, Avg=662.32, 90=710, 99=817, 99.9=2779, 99.99=3583] 
2021-03-02 14:48:08:705 209 sec: 634982 operations; 2999 current ops/sec; est completion in 2 minutes [UPDATE: Count=3000, Max=7443, Min=564, Avg=660.88, 90=706, 99=846, 99.9=4311, 99.99=7443] 
2021-03-02 14:48:09:705 210 sec: 637936 operations; 2954 current ops/sec; est completion in 2 minutes [UPDATE: Count=2954, Max=2401, Min=580, Avg=671.54, 90=720, 99=836, 99.9=1100, 99.99=2401] 
2021-03-02 14:48:10:706 211 sec: 640831 operations; 2895 current ops/sec; est completion in 1 minute [UPDATE: Count=2897, Max=12223, Min=583, Avg=684.44, 90=742, 99=873, 99.9=2077, 99.99=12223] 
2021-03-02 14:48:11:705 212 sec: 643894 operations; 3063 current ops/sec; est completion in 1 minute [UPDATE: Count=3060, Max=1113, Min=582, Avg=646.83, 90=686, 99=788, 99.9=1013, 99.99=1113] 
2021-03-02 14:48:12:705 213 sec: 646962 operations; 3068 current ops/sec; est completion in 1 minute [UPDATE: Count=3069, Max=1950, Min=586, Avg=646.56, 90=681, 99=803, 99.9=1612, 99.99=1950] 
2021-03-02 14:48:13:705 214 sec: 650018 operations; 3056 current ops/sec; est completion in 1 minute [UPDATE: Count=3056, Max=6483, Min=573, Avg=648.73, 90=693, 99=853, 99.9=1710, 99.99=6483] 
2021-03-02 14:48:14:705 215 sec: 653180 operations; 3162 current ops/sec; est completion in 1 minute [UPDATE: Count=3161, Max=4127, Min=568, Avg=627.04, 90=660, 99=785, 99.9=2383, 99.99=4127] 
2021-03-02 14:48:15:705 216 sec: 656422 operations; 3242 current ops/sec; est completion in 1 minute [UPDATE: Count=3243, Max=2925, Min=560, Avg=611.15, 90=640, 99=747, 99.9=1351, 99.99=2925] 
2021-03-02 14:48:16:705 217 sec: 659648 operations; 3226 current ops/sec; est completion in 1 minute [UPDATE: Count=3226, Max=1912, Min=567, Avg=614.24, 90=639, 99=728, 99.9=1261, 99.99=1912] 
2021-03-02 14:48:17:705 218 sec: 662865 operations; 3217 current ops/sec; est completion in 1 minute [UPDATE: Count=3216, Max=1899, Min=562, Avg=616.23, 90=647, 99=749, 99.9=1063, 99.99=1899] 
2021-03-02 14:48:18:705 219 sec: 666079 operations; 3214 current ops/sec; est completion in 1 minute [UPDATE: Count=3214, Max=2153, Min=574, Avg=616.71, 90=642, 99=743, 99.9=1684, 99.99=2153] 
2021-03-02 14:48:19:705 220 sec: 669298 operations; 3219 current ops/sec; est completion in 1 minute [UPDATE: Count=3220, Max=1903, Min=568, Avg=615.42, 90=638, 99=732, 99.9=1476, 99.99=1903] 
2021-03-02 14:48:20:705 221 sec: 672482 operations; 3184 current ops/sec; est completion in 1 minute [UPDATE: Count=3184, Max=11135, Min=573, Avg=622.25, 90=640, 99=733, 99.9=1939, 99.99=11135] 
2021-03-02 14:48:21:705 222 sec: 675718 operations; 3236 current ops/sec; est completion in 1 minute [UPDATE: Count=3236, Max=2351, Min=568, Avg=612.31, 90=638, 99=741, 99.9=855, 99.99=2351] 
2021-03-02 14:48:22:705 223 sec: 678974 operations; 3256 current ops/sec; est completion in 1 minute [UPDATE: Count=3255, Max=1864, Min=570, Avg=608.49, 90=630, 99=724, 99.9=823, 99.99=1864] 
2021-03-02 14:48:23:705 224 sec: 682215 operations; 3241 current ops/sec; est completion in 1 minute [UPDATE: Count=3242, Max=2175, Min=551, Avg=611.16, 90=639, 99=760, 99.9=1145, 99.99=2175] 
2021-03-02 14:48:24:705 225 sec: 685469 operations; 3254 current ops/sec; est completion in 1 minute [UPDATE: Count=3254, Max=2457, Min=558, Avg=608.98, 90=634, 99=710, 99.9=1382, 99.99=2457] 
2021-03-02 14:48:25:705 226 sec: 688662 operations; 3193 current ops/sec; est completion in 1 minute [UPDATE: Count=3192, Max=7991, Min=546, Avg=621.14, 90=648, 99=776, 99.9=3727, 99.99=7991] 
2021-03-02 14:48:26:705 227 sec: 691926 operations; 3264 current ops/sec; est completion in 1 minute [UPDATE: Count=3264, Max=2595, Min=549, Avg=607.79, 90=636, 99=748, 99.9=971, 99.99=2595] 
2021-03-02 14:48:27:705 228 sec: 695177 operations; 3251 current ops/sec; est completion in 1 minute [UPDATE: Count=3253, Max=8383, Min=563, Avg=609.71, 90=633, 99=752, 99.9=1663, 99.99=8383] 
2021-03-02 14:48:28:705 229 sec: 698423 operations; 3246 current ops/sec; est completion in 1 minute [UPDATE: Count=3246, Max=1449, Min=548, Avg=610.95, 90=635, 99=699, 99.9=1169, 99.99=1449] 
2021-03-02 14:48:29:705 230 sec: 701668 operations; 3245 current ops/sec; est completion in 1 minute [UPDATE: Count=3243, Max=1915, Min=563, Avg=611.14, 90=634, 99=722, 99.9=1418, 99.99=1915] 
2021-03-02 14:48:30:705 231 sec: 704723 operations; 3055 current ops/sec; est completion in 1 minute [UPDATE: Count=3055, Max=8711, Min=571, Avg=648.63, 90=686, 99=936, 99.9=5051, 99.99=8711] 
2021-03-02 14:48:31:705 232 sec: 707558 operations; 2835 current ops/sec; est completion in 1 minute [UPDATE: Count=2835, Max=6511, Min=600, Avg=699.26, 90=748, 99=876, 99.9=4455, 99.99=6511] 
2021-03-02 14:48:32:705 233 sec: 710068 operations; 2510 current ops/sec; est completion in 1 minute [UPDATE: Count=2512, Max=16783, Min=595, Avg=790.31, 90=864, 99=1868, 99.9=11871, 99.99=16783] 
2021-03-02 14:48:33:705 234 sec: 712649 operations; 2581 current ops/sec; est completion in 1 minute [UPDATE: Count=2579, Max=20575, Min=569, Avg=768.85, 90=792, 99=1478, 99.9=16799, 99.99=20575] 
2021-03-02 14:48:34:705 235 sec: 715282 operations; 2633 current ops/sec; est completion in 1 minute [UPDATE: Count=2634, Max=20799, Min=540, Avg=754.24, 90=730, 99=4791, 99.9=14055, 99.99=20799] 
2021-03-02 14:48:35:705 236 sec: 717920 operations; 2638 current ops/sec; est completion in 1 minute [UPDATE: Count=2639, Max=15943, Min=547, Avg=752.02, 90=786, 99=3145, 99.9=11591, 99.99=15943] 
2021-03-02 14:48:36:705 237 sec: 720547 operations; 2627 current ops/sec; est completion in 1 minute [UPDATE: Count=2627, Max=19311, Min=555, Avg=755.41, 90=773, 99=4275, 99.9=15431, 99.99=19311] 
2021-03-02 14:48:37:705 238 sec: 723265 operations; 2718 current ops/sec; est completion in 1 minute [UPDATE: Count=2716, Max=18399, Min=567, Avg=729.55, 90=747, 99=4179, 99.9=8591, 99.99=18399] 
2021-03-02 14:48:38:705 239 sec: 726022 operations; 2757 current ops/sec; est completion in 1 minute [UPDATE: Count=2758, Max=19903, Min=553, Avg=720.91, 90=725, 99=2603, 99.9=14975, 99.99=19903] 
2021-03-02 14:48:39:705 240 sec: 728678 operations; 2656 current ops/sec; est completion in 1 minute [UPDATE: Count=2655, Max=19183, Min=569, Avg=746.66, 90=779, 99=1673, 99.9=14063, 99.99=19183] 
2021-03-02 14:48:40:705 241 sec: 731286 operations; 2608 current ops/sec; est completion in 1 minute [UPDATE: Count=2608, Max=12927, Min=576, Avg=753.29, 90=801, 99=2389, 99.9=9407, 99.99=12927] 
2021-03-02 14:48:41:705 242 sec: 733805 operations; 2519 current ops/sec; est completion in 1 minute [UPDATE: Count=2519, Max=18607, Min=583, Avg=793.83, 90=803, 99=4687, 99.9=16007, 99.99=18607] 
2021-03-02 14:48:42:705 243 sec: 736352 operations; 2547 current ops/sec; est completion in 1 minute [UPDATE: Count=2547, Max=14639, Min=576, Avg=778.51, 90=831, 99=4727, 99.9=12239, 99.99=14639] 
2021-03-02 14:48:43:705 244 sec: 738804 operations; 2452 current ops/sec; est completion in 1 minute [UPDATE: Count=2452, Max=18463, Min=589, Avg=809.54, 90=831, 99=5751, 99.9=17951, 99.99=18463] 
2021-03-02 14:48:44:705 245 sec: 741333 operations; 2529 current ops/sec; est completion in 1 minute [UPDATE: Count=2530, Max=15463, Min=586, Avg=783.76, 90=846, 99=4171, 99.9=11399, 99.99=15463] 
2021-03-02 14:48:45:705 246 sec: 743932 operations; 2599 current ops/sec; est completion in 1 minute [UPDATE: Count=2598, Max=12943, Min=566, Avg=759.48, 90=777, 99=4423, 99.9=9079, 99.99=12943] 
2021-03-02 14:48:46:705 247 sec: 746541 operations; 2609 current ops/sec; est completion in 1 minute [UPDATE: Count=2611, Max=14999, Min=562, Avg=760.91, 90=770, 99=3543, 99.9=14287, 99.99=14999] 
2021-03-02 14:48:47:705 248 sec: 749293 operations; 2752 current ops/sec; est completion in 1 minute [UPDATE: Count=2752, Max=16119, Min=568, Avg=721.22, 90=735, 99=2521, 99.9=12511, 99.99=16119] 
2021-03-02 14:48:48:705 249 sec: 751883 operations; 2590 current ops/sec; est completion in 1 minute [UPDATE: Count=2589, Max=13503, Min=560, Avg=765.91, 90=776, 99=5279, 99.9=10607, 99.99=13503] 
2021-03-02 14:48:49:705 250 sec: 754483 operations; 2600 current ops/sec; est completion in 1 minute [UPDATE: Count=2599, Max=8775, Min=595, Avg=763.89, 90=836, 99=1721, 99.9=8163, 99.99=8775] 
2021-03-02 14:48:50:705 251 sec: 757037 operations; 2554 current ops/sec; est completion in 1 minute [UPDATE: Count=2555, Max=20975, Min=592, Avg=774.91, 90=828, 99=1562, 99.9=11207, 99.99=20975] 
2021-03-02 14:48:51:706 252 sec: 759584 operations; 2547 current ops/sec; est completion in 1 minute [UPDATE: Count=2546, Max=16039, Min=573, Avg=778.87, 90=809, 99=4799, 99.9=14031, 99.99=16039] 
2021-03-02 14:48:52:705 253 sec: 762171 operations; 2587 current ops/sec; est completion in 1 minute [UPDATE: Count=2588, Max=14991, Min=586, Avg=766.71, 90=808, 99=2979, 99.9=13279, 99.99=14991] 
2021-03-02 14:48:53:705 254 sec: 764704 operations; 2533 current ops/sec; est completion in 1 minute [UPDATE: Count=2532, Max=20127, Min=594, Avg=782.99, 90=811, 99=4167, 99.9=12143, 99.99=20127] 
2021-03-02 14:48:54:705 255 sec: 767289 operations; 2585 current ops/sec; est completion in 1 minute [UPDATE: Count=2585, Max=21103, Min=584, Avg=767.65, 90=791, 99=4451, 99.9=13535, 99.99=21103] 
2021-03-02 14:48:55:705 256 sec: 769938 operations; 2649 current ops/sec; est completion in 1 minute [UPDATE: Count=2650, Max=16735, Min=567, Avg=748.75, 90=775, 99=4059, 99.9=15047, 99.99=16735] 
2021-03-02 14:48:56:705 257 sec: 772561 operations; 2623 current ops/sec; est completion in 1 minute [UPDATE: Count=2622, Max=16767, Min=565, Avg=749.65, 90=771, 99=4483, 99.9=13455, 99.99=16767] 
2021-03-02 14:48:57:705 258 sec: 775127 operations; 2566 current ops/sec; est completion in 1 minute [UPDATE: Count=2566, Max=16271, Min=566, Avg=781.08, 90=799, 99=3987, 99.9=13143, 99.99=16271] 
2021-03-02 14:48:58:705 259 sec: 777611 operations; 2484 current ops/sec; est completion in 1 minute [UPDATE: Count=2484, Max=18031, Min=583, Avg=799.21, 90=791, 99=5731, 99.9=13647, 99.99=18031] 
2021-03-02 14:48:59:705 260 sec: 780125 operations; 2516.52 current ops/sec; est completion in 1 minute [UPDATE: Count=2515, Max=18303, Min=569, Avg=788.8, 90=807, 99=5275, 99.9=15263, 99.99=18303] 
2021-03-02 14:49:00:705 261 sec: 782747 operations; 2622 current ops/sec; est completion in 1 minute [UPDATE: Count=2621, Max=19183, Min=571, Avg=756.84, 90=788, 99=4439, 99.9=11183, 99.99=19183] 
2021-03-02 14:49:01:705 262 sec: 785237 operations; 2490 current ops/sec; est completion in 1 minute [UPDATE: Count=2492, Max=19711, Min=568, Avg=797.22, 90=799, 99=6071, 99.9=16975, 99.99=19711] 
2021-03-02 14:49:02:705 263 sec: 787851 operations; 2614 current ops/sec; est completion in 1 minute [UPDATE: Count=2613, Max=15143, Min=572, Avg=759.61, 90=797, 99=1729, 99.9=14711, 99.99=15143] 
2021-03-02 14:49:03:705 264 sec: 790433 operations; 2579.42 current ops/sec; est completion in 1 minute [UPDATE: Count=2581, Max=14255, Min=582, Avg=767.9, 90=798, 99=1727, 99.9=12415, 99.99=14255] 
2021-03-02 14:49:04:705 265 sec: 793006 operations; 2575.58 current ops/sec; est completion in 1 minute [UPDATE: Count=2574, Max=15447, Min=567, Avg=772.08, 90=786, 99=5615, 99.9=15263, 99.99=15447] 
2021-03-02 14:49:05:705 266 sec: 795572 operations; 2566 current ops/sec; est completion in 1 minute [UPDATE: Count=2567, Max=16431, Min=577, Avg=773.27, 90=780, 99=3597, 99.9=15263, 99.99=16431] 
2021-03-02 14:49:06:705 267 sec: 798221 operations; 2646.35 current ops/sec; est completion in 1 minute [UPDATE: Count=2648, Max=19903, Min=576, Avg=749.79, 90=823, 99=1354, 99.9=15495, 99.99=19903] 
2021-03-02 14:49:07:705 268 sec: 800905 operations; 2686.69 current ops/sec; est completion in 1 minute [UPDATE: Count=2683, Max=15599, Min=581, Avg=739.72, 90=776, 99=1674, 99.9=12847, 99.99=15599] 
2021-03-02 14:49:08:705 269 sec: 803565 operations; 2660 current ops/sec; est completion in 1 minute [UPDATE: Count=2661, Max=16911, Min=581, Avg=745.79, 90=747, 99=993, 99.9=15423, 99.99=16911] 
2021-03-02 14:49:09:705 270 sec: 806170 operations; 2605 current ops/sec; est completion in 1 minute [UPDATE: Count=2604, Max=35487, Min=605, Avg=761.71, 90=805, 99=1030, 99.9=11959, 99.99=35487] 
2021-03-02 14:49:10:705 271 sec: 808221 operations; 2051 current ops/sec; est completion in 1 minute [UPDATE: Count=2051, Max=238079, Min=552, Avg=969.54, 90=741, 99=1533, 99.9=131839, 99.99=238079] 
2021-03-02 14:49:11:705 272 sec: 811253 operations; 3032 current ops/sec; est completion in 1 minute [UPDATE: Count=3033, Max=10495, Min=552, Avg=653.71, 90=724, 99=1169, 99.9=3311, 99.99=10495] 
2021-03-02 14:49:12:705 273 sec: 814377 operations; 3124 current ops/sec; est completion in 1 minute [UPDATE: Count=3123, Max=2569, Min=569, Avg=634.88, 90=699, 99=1122, 99.9=1398, 99.99=2569] 
2021-03-02 14:49:13:705 274 sec: 817494 operations; 3117 current ops/sec; est completion in 1 minute [UPDATE: Count=3118, Max=4747, Min=564, Avg=636, 90=667, 99=918, 99.9=4511, 99.99=4747] 
2021-03-02 14:49:14:705 275 sec: 820688 operations; 3194 current ops/sec; est completion in 1 minute [UPDATE: Count=3193, Max=9855, Min=566, Avg=620.58, 90=641, 99=727, 99.9=2141, 99.99=9855] 
2021-03-02 14:49:15:705 276 sec: 823855 operations; 3167 current ops/sec; est completion in 1 minute [UPDATE: Count=3167, Max=2825, Min=556, Avg=625.68, 90=659, 99=752, 99.9=1335, 99.99=2825] 
2021-03-02 14:49:16:705 277 sec: 826860 operations; 3005 current ops/sec; est completion in 59 seconds [UPDATE: Count=3006, Max=12855, Min=600, Avg=659.56, 90=686, 99=821, 99.9=1983, 99.99=12855] 
2021-03-02 14:49:17:705 278 sec: 829908 operations; 3048 current ops/sec; est completion in 57 seconds [UPDATE: Count=3047, Max=9047, Min=573, Avg=650.37, 90=679, 99=736, 99.9=1417, 99.99=9047] 
2021-03-02 14:49:18:705 279 sec: 833146 operations; 3238 current ops/sec; est completion in 56 seconds [UPDATE: Count=3239, Max=4715, Min=556, Avg=612.29, 90=639, 99=711, 99.9=1937, 99.99=4715] 
2021-03-02 14:49:19:705 280 sec: 836370 operations; 3224 current ops/sec; est completion in 55 seconds [UPDATE: Count=3223, Max=2717, Min=549, Avg=615.31, 90=643, 99=725, 99.9=1245, 99.99=2717] 
2021-03-02 14:49:20:705 281 sec: 839570 operations; 3200 current ops/sec; est completion in 54 seconds [UPDATE: Count=3201, Max=9831, Min=561, Avg=620.1, 90=643, 99=748, 99.9=905, 99.99=9831] 
2021-03-02 14:49:21:705 282 sec: 842781 operations; 3211 current ops/sec; est completion in 53 seconds [UPDATE: Count=3212, Max=7347, Min=548, Avg=617.67, 90=651, 99=745, 99.9=845, 99.99=7347] 
2021-03-02 14:49:22:705 283 sec: 846016 operations; 3235 current ops/sec; est completion in 52 seconds [UPDATE: Count=3234, Max=1171, Min=552, Avg=612.67, 90=647, 99=737, 99.9=980, 99.99=1171] 
2021-03-02 14:49:23:705 284 sec: 849124 operations; 3108 current ops/sec; est completion in 51 seconds [UPDATE: Count=3107, Max=9639, Min=573, Avg=637.81, 90=667, 99=805, 99.9=1843, 99.99=9639] 
2021-03-02 14:49:24:705 285 sec: 852289 operations; 3165 current ops/sec; est completion in 50 seconds [UPDATE: Count=3166, Max=2229, Min=572, Avg=626.06, 90=658, 99=746, 99.9=1115, 99.99=2229] 
2021-03-02 14:49:25:705 286 sec: 855386 operations; 3097 current ops/sec; est completion in 49 seconds [UPDATE: Count=3097, Max=2811, Min=583, Avg=639.93, 90=679, 99=757, 99.9=1399, 99.99=2811] 
2021-03-02 14:49:26:705 287 sec: 858351 operations; 2965 current ops/sec; est completion in 48 seconds [UPDATE: Count=2964, Max=1987, Min=597, Avg=668.79, 90=711, 99=825, 99.9=1515, 99.99=1987] 
2021-03-02 14:49:27:705 288 sec: 861451 operations; 3100 current ops/sec; est completion in 47 seconds [UPDATE: Count=3102, Max=1714, Min=586, Avg=639.34, 90=666, 99=745, 99.9=1497, 99.99=1714] 
2021-03-02 14:49:28:705 289 sec: 864660 operations; 3209 current ops/sec; est completion in 46 seconds [UPDATE: Count=3207, Max=1654, Min=563, Avg=617.77, 90=649, 99=717, 99.9=785, 99.99=1654] 
2021-03-02 14:49:29:705 290 sec: 867867 operations; 3207 current ops/sec; est completion in 45 seconds [UPDATE: Count=3207, Max=10079, Min=566, Avg=618.07, 90=642, 99=728, 99.9=1911, 99.99=10079] 
2021-03-02 14:49:30:705 291 sec: 871002 operations; 3135 current ops/sec; est completion in 44 seconds [UPDATE: Count=3135, Max=9271, Min=563, Avg=631.93, 90=669, 99=789, 99.9=1698, 99.99=9271] 
2021-03-02 14:49:31:705 292 sec: 874156 operations; 3154 current ops/sec; est completion in 43 seconds [UPDATE: Count=3155, Max=2975, Min=572, Avg=628.45, 90=662, 99=740, 99.9=920, 99.99=2975] 
2021-03-02 14:49:32:705 293 sec: 877302 operations; 3142.86 current ops/sec; est completion in 41 seconds [UPDATE: Count=3147, Max=8011, Min=576, Avg=630.41, 90=653, 99=717, 99.9=1789, 99.99=8011] 
2021-03-02 14:49:33:705 294 sec: 880377 operations; 3075 current ops/sec; est completion in 40 seconds [UPDATE: Count=3074, Max=1033, Min=577, Avg=644.51, 90=688, 99=814, 99.9=958, 99.99=1033] 
2021-03-02 14:49:34:705 295 sec: 883438 operations; 3064.06 current ops/sec; est completion in 39 seconds [UPDATE: Count=3060, Max=2091, Min=586, Avg=647.85, 90=691, 99=796, 99.9=1076, 99.99=2091] 
2021-03-02 14:49:35:705 296 sec: 886622 operations; 3184 current ops/sec; est completion in 38 seconds [UPDATE: Count=3185, Max=1814, Min=562, Avg=622.84, 90=650, 99=732, 99.9=962, 99.99=1814] 
2021-03-02 14:49:36:705 297 sec: 889840 operations; 3218 current ops/sec; est completion in 37 seconds [UPDATE: Count=3218, Max=9983, Min=545, Avg=615.78, 90=647, 99=768, 99.9=963, 99.99=9983] 
2021-03-02 14:49:37:705 298 sec: 893079 operations; 3239 current ops/sec; est completion in 36 seconds [UPDATE: Count=3238, Max=2373, Min=554, Avg=612.24, 90=651, 99=735, 99.9=1483, 99.99=2373] 
2021-03-02 14:49:38:705 299 sec: 896298 operations; 3219 current ops/sec; est completion in 35 seconds [UPDATE: Count=3219, Max=1715, Min=568, Avg=615.83, 90=656, 99=754, 99.9=1303, 99.99=1715] 
2021-03-02 14:49:39:705 300 sec: 899463 operations; 3165 current ops/sec; est completion in 34 seconds [UPDATE: Count=3166, Max=1940, Min=571, Avg=626.72, 90=665, 99=769, 99.9=1486, 99.99=1940] 
2021-03-02 14:49:40:705 301 sec: 902619 operations; 3156 current ops/sec; est completion in 33 seconds [UPDATE: Count=3155, Max=5199, Min=569, Avg=627.94, 90=664, 99=799, 99.9=1603, 99.99=5199] 
2021-03-02 14:49:41:705 302 sec: 905729 operations; 3110 current ops/sec; est completion in 32 seconds [UPDATE: Count=3110, Max=2889, Min=570, Avg=637.7, 90=685, 99=790, 99.9=1331, 99.99=2889] 
2021-03-02 14:49:42:705 303 sec: 908839 operations; 3110 current ops/sec; est completion in 31 seconds [UPDATE: Count=3110, Max=10543, Min=583, Avg=637.3, 90=663, 99=809, 99.9=1882, 99.99=10543] 
2021-03-02 14:49:43:705 304 sec: 911999 operations; 3156.84 current ops/sec; est completion in 30 seconds [UPDATE: Count=3162, Max=1654, Min=567, Avg=628.01, 90=666, 99=740, 99.9=902, 99.99=1654] 
2021-03-02 14:49:44:705 305 sec: 915096 operations; 3100.1 current ops/sec; est completion in 29 seconds [UPDATE: Count=3096, Max=844, Min=571, Avg=640.33, 90=676, 99=751, 99.9=810, 99.99=844] 
2021-03-02 14:49:45:705 306 sec: 918228 operations; 3128.87 current ops/sec; est completion in 28 seconds [UPDATE: Count=3131, Max=1139, Min=562, Avg=633.12, 90=668, 99=769, 99.9=898, 99.99=1139] 
2021-03-02 14:49:46:705 307 sec: 921385 operations; 3160.16 current ops/sec; est completion in 27 seconds [UPDATE: Count=3158, Max=1486, Min=572, Avg=627.78, 90=660, 99=773, 99.9=905, 99.99=1486] 
2021-03-02 14:49:47:705 308 sec: 924535 operations; 3150 current ops/sec; est completion in 26 seconds [UPDATE: Count=3149, Max=1830, Min=572, Avg=630.25, 90=665, 99=762, 99.9=1083, 99.99=1830] 
2021-03-02 14:49:48:705 309 sec: 927665 operations; 3130 current ops/sec; est completion in 25 seconds [UPDATE: Count=3131, Max=1080, Min=578, Avg=634.38, 90=671, 99=752, 99.9=847, 99.99=1080] 
2021-03-02 14:49:49:705 310 sec: 930789 operations; 3124 current ops/sec; est completion in 24 seconds [UPDATE: Count=3124, Max=1248, Min=574, Avg=635.52, 90=670, 99=741, 99.9=813, 99.99=1248] 
2021-03-02 14:49:50:705 311 sec: 933917 operations; 3128 current ops/sec; est completion in 23 seconds [UPDATE: Count=3127, Max=1050, Min=571, Avg=634.48, 90=665, 99=749, 99.9=938, 99.99=1050] 
2021-03-02 14:49:51:705 312 sec: 937050 operations; 3133 current ops/sec; est completion in 21 seconds [UPDATE: Count=3134, Max=2030, Min=570, Avg=632.59, 90=671, 99=773, 99.9=911, 99.99=2030] 
2021-03-02 14:49:52:705 313 sec: 940158 operations; 3108 current ops/sec; est completion in 20 seconds [UPDATE: Count=3108, Max=4683, Min=576, Avg=638.31, 90=675, 99=789, 99.9=1976, 99.99=4683] 
2021-03-02 14:49:53:705 314 sec: 943260 operations; 3098.9 current ops/sec; est completion in 19 seconds [UPDATE: Count=3102, Max=8975, Min=575, Avg=639.54, 90=670, 99=754, 99.9=1034, 99.99=8975] 
2021-03-02 14:49:54:705 315 sec: 946374 operations; 3117.12 current ops/sec; est completion in 18 seconds [UPDATE: Count=3114, Max=1771, Min=577, Avg=637.35, 90=673, 99=764, 99.9=921, 99.99=1771] 
2021-03-02 14:49:55:705 316 sec: 949443 operations; 3069 current ops/sec; est completion in 17 seconds [UPDATE: Count=3069, Max=7739, Min=593, Avg=646.64, 90=674, 99=780, 99.9=891, 99.99=7739] 
2021-03-02 14:49:56:705 317 sec: 952445 operations; 3002 current ops/sec; est completion in 16 seconds [UPDATE: Count=3002, Max=8383, Min=577, Avg=660.82, 90=700, 99=809, 99.9=2969, 99.99=8383] 
2021-03-02 14:49:57:705 318 sec: 955502 operations; 3057 current ops/sec; est completion in 15 seconds [UPDATE: Count=3056, Max=916, Min=585, Avg=649.21, 90=687, 99=781, 99.9=860, 99.99=916] 
2021-03-02 14:49:58:705 319 sec: 958657 operations; 3155 current ops/sec; est completion in 14 seconds [UPDATE: Count=3155, Max=1050, Min=562, Avg=629.24, 90=663, 99=720, 99.9=826, 99.99=1050] 
2021-03-02 14:49:59:705 320 sec: 961743 operations; 3086 current ops/sec; est completion in 13 seconds [UPDATE: Count=3087, Max=10439, Min=560, Avg=642.68, 90=684, 99=810, 99.9=2723, 99.99=10439] 
2021-03-02 14:50:00:705 321 sec: 964868 operations; 3125 current ops/sec; est completion in 12 seconds [UPDATE: Count=3125, Max=11935, Min=576, Avg=634.64, 90=666, 99=769, 99.9=868, 99.99=11935] 
2021-03-02 14:50:01:705 322 sec: 967935 operations; 3063.94 current ops/sec; est completion in 11 seconds [UPDATE: Count=3067, Max=1825, Min=567, Avg=646.82, 90=718, 99=803, 99.9=984, 99.99=1825] 
2021-03-02 14:50:02:705 323 sec: 971143 operations; 3211.21 current ops/sec; est completion in 10 seconds [UPDATE: Count=3207, Max=1860, Min=559, Avg=617.92, 90=653, 99=758, 99.9=1097, 99.99=1860] 
2021-03-02 14:50:03:705 324 sec: 974200 operations; 3057 current ops/sec; est completion in 9 second [UPDATE: Count=3059, Max=1406, Min=569, Avg=648.69, 90=703, 99=785, 99.9=1109, 99.99=1406] 
2021-03-02 14:50:04:705 325 sec: 977203 operations; 3003 current ops/sec; est completion in 8 second [UPDATE: Count=3001, Max=1744, Min=601, Avg=660.06, 90=697, 99=867, 99.9=1485, 99.99=1744] 
2021-03-02 14:50:05:705 326 sec: 980250 operations; 3047 current ops/sec; est completion in 7 second [UPDATE: Count=3048, Max=2032, Min=595, Avg=650.21, 90=681, 99=792, 99.9=1760, 99.99=2032] 
2021-03-02 14:50:06:705 327 sec: 983259 operations; 3009 current ops/sec; est completion in 6 second [UPDATE: Count=3009, Max=1724, Min=590, Avg=658.71, 90=697, 99=782, 99.9=1601, 99.99=1724] 
2021-03-02 14:50:07:705 328 sec: 986316 operations; 3053.95 current ops/sec; est completion in 5 second [UPDATE: Count=3056, Max=1963, Min=597, Avg=648.33, 90=677, 99=746, 99.9=1310, 99.99=1963] 
2021-03-02 14:50:08:705 329 sec: 989436 operations; 3123.12 current ops/sec; est completion in 4 second [UPDATE: Count=3120, Max=8703, Min=559, Avg=635.85, 90=672, 99=782, 99.9=2121, 99.99=8703] 
2021-03-02 14:50:09:705 330 sec: 992668 operations; 3232 current ops/sec; est completion in 3 second [UPDATE: Count=3232, Max=10391, Min=552, Avg=613.84, 90=638, 99=716, 99.9=913, 99.99=10391] 
2021-03-02 14:50:10:705 331 sec: 995915 operations; 3247 current ops/sec; est completion in 2 second [UPDATE: Count=3247, Max=807, Min=555, Avg=610.6, 90=640, 99=748, 99.9=800, 99.99=807] 
2021-03-02 14:50:11:705 332 sec: 999123 operations; 3208 current ops/sec; est completion in 1 second [UPDATE: Count=3209, Max=1626, Min=554, Avg=617.97, 90=653, 99=752, 99.9=1088, 99.99=1626] 
2021-03-02 14:50:11:995 332 sec: 1000000 operations; 3013.75 current ops/sec; [CLEANUP: Count=2, Max=7, Min=4, Avg=5.5, 90=7, 99=7, 99.9=7, 99.99=7] [UPDATE: Count=876, Max=1965, Min=567, Avg=621.22, 90=646, 99=695, 99.9=739, 99.99=1965] 
[OVERALL], RunTime(ms), 332292
[OVERALL], Throughput(ops/sec), 3009.4013698795034
[TOTAL_GCS_G1_Young_Generation], Count, 33
[TOTAL_GC_TIME_G1_Young_Generation], Time(ms), 556
[TOTAL_GC_TIME_%_G1_Young_Generation], Time(%), 0.1673227161653004
[TOTAL_GCS_G1_Old_Generation], Count, 0
[TOTAL_GC_TIME_G1_Old_Generation], Time(ms), 0
[TOTAL_GC_TIME_%_G1_Old_Generation], Time(%), 0.0
[TOTAL_GCs], Count, 33
[TOTAL_GC_TIME], Time(ms), 556
[TOTAL_GC_TIME_%], Time(%), 0.1673227161653004
[CLEANUP], Operations, 2
[CLEANUP], AverageLatency(us), 5.5
[CLEANUP], MinLatency(us), 4
[CLEANUP], MaxLatency(us), 7
[CLEANUP], 95thPercentileLatency(us), 7
[CLEANUP], 99thPercentileLatency(us), 7
[UPDATE], Operations, 1000000
[UPDATE], AverageLatency(us), 658.067507
[UPDATE], MinLatency(us), 537
[UPDATE], MaxLatency(us), 1327103
[UPDATE], 95thPercentileLatency(us), 740
[UPDATE], 99thPercentileLatency(us), 938
[UPDATE], Return=OK, 1000000
