Command line: -load -s -db smarttrie.app.client.Client -threads 8 -P config/workload
YCSB Client 0.17.0

Loading workload...
Starting test.
DBWrapper: report latency for each error is false and specific error codes to track for latency are: []
DBWrapper: report latency for each error is false and specific error codes to track for latency are: []
DBWrapper: report latency for each error is false and specific error codes to track for latency are: []
DBWrapper: report latency for each error is false and specific error codes to track for latency are: []
DBWrapper: report latency for each error is false and specific error codes to track for latency are: []
DBWrapper: report latency for each error is false and specific error codes to track for latency are: []
DBWrapper: report latency for each error is false and specific error codes to track for latency are: []
DBWrapper: report latency for each error is false and specific error codes to track for latency are: []
2021-02-27 17:40:04:908 0 sec: 0 operations; est completion in 0 second 
2021-02-27 17:40:05:803 1 sec: 0 operations; est completion in 106751991167300 days 15 hours 
2021-02-27 17:40:06.258 [Thread-3] INFO  b.c.c.n.NettyClientServerCommunicationSystemClientSide - Connecting to replica 0 at /192.168.3.41:11000
2021-02-27 17:40:06.258 [Thread-7] INFO  b.c.c.n.NettyClientServerCommunicationSystemClientSide - Connecting to replica 0 at /192.168.3.41:11000
2021-02-27 17:40:06.262 [Thread-6] INFO  b.c.c.n.NettyClientServerCommunicationSystemClientSide - Connecting to replica 0 at /192.168.3.41:11000
2021-02-27 17:40:06.262 [Thread-2] INFO  b.c.c.n.NettyClientServerCommunicationSystemClientSide - Connecting to replica 0 at /192.168.3.41:11000
2021-02-27 17:40:06.258 [Thread-9] INFO  b.c.c.n.NettyClientServerCommunicationSystemClientSide - Connecting to replica 0 at /192.168.3.41:11000
2021-02-27 17:40:06.269 [Thread-8] INFO  b.c.c.n.NettyClientServerCommunicationSystemClientSide - Connecting to replica 0 at /192.168.3.41:11000
2021-02-27 17:40:06.272 [Thread-4] INFO  b.c.c.n.NettyClientServerCommunicationSystemClientSide - Connecting to replica 0 at /192.168.3.41:11000
2021-02-27 17:40:06.276 [Thread-5] INFO  b.c.c.n.NettyClientServerCommunicationSystemClientSide - Connecting to replica 0 at /192.168.3.41:11000
2021-02-27 17:40:06.320 [nioEventLoopGroup-6-1] INFO  b.c.c.n.NettyClientServerCommunicationSystemClientSide - Channel active
2021-02-27 17:40:06.320 [nioEventLoopGroup-2-1] INFO  b.c.c.n.NettyClientServerCommunicationSystemClientSide - Channel active
2021-02-27 17:40:06.322 [nioEventLoopGroup-4-1] INFO  b.c.c.n.NettyClientServerCommunicationSystemClientSide - Channel active
2021-02-27 17:40:06.324 [nioEventLoopGroup-7-1] INFO  b.c.c.n.NettyClientServerCommunicationSystemClientSide - Channel active
2021-02-27 17:40:06.328 [nioEventLoopGroup-8-1] INFO  b.c.c.n.NettyClientServerCommunicationSystemClientSide - Channel active
2021-02-27 17:40:06.328 [nioEventLoopGroup-5-1] INFO  b.c.c.n.NettyClientServerCommunicationSystemClientSide - Channel active
2021-02-27 17:40:06.330 [nioEventLoopGroup-9-1] INFO  b.c.c.n.NettyClientServerCommunicationSystemClientSide - Channel active
2021-02-27 17:40:06.331 [nioEventLoopGroup-3-1] INFO  b.c.c.n.NettyClientServerCommunicationSystemClientSide - Channel active
2021-02-27 17:40:06:803 2 sec: 0 operations; est completion in 106751991167300 days 15 hours 
2021-02-27 17:40:07:803 3 sec: 1279 operations; 1279 current ops/sec; est completion in 58 minutes [INSERT: Count=1289, Max=1987583, Min=1996, Avg=18203.83, 90=9911, 99=20383, 99.9=1986559, 99.99=1987583] 
2021-02-27 17:40:08:803 4 sec: 3778 operations; 2499 current ops/sec; est completion in 26 minutes [INSERT: Count=2489, Max=40127, Min=1281, Avg=3060.04, 90=4029, 99=11751, 99.9=37567, 99.99=40127] 
2021-02-27 17:40:09:804 5 sec: 6954 operations; 3176 current ops/sec; est completion in 17 minutes [INSERT: Count=3183, Max=40831, Min=924, Avg=2536.94, 90=3347, 99=6131, 99.9=37055, 99.99=40831] 
2021-02-27 17:40:10:803 6 sec: 10247 operations; 3293 current ops/sec; est completion in 14 minutes [INSERT: Count=3287, Max=42111, Min=816, Avg=2395.51, 90=2921, 99=5979, 99.9=39743, 99.99=42111] 
2021-02-27 17:40:11:803 7 sec: 13714 operations; 3467 current ops/sec; est completion in 12 minutes [INSERT: Count=3468, Max=30735, Min=827, Avg=2283.87, 90=2785, 99=5087, 99.9=29519, 99.99=30735] 
2021-02-27 17:40:12:803 8 sec: 17295 operations; 3581 current ops/sec; est completion in 11 minutes [INSERT: Count=3582, Max=12423, Min=694, Avg=2223.62, 90=2683, 99=4791, 99.9=8503, 99.99=12423] 
2021-02-27 17:40:13:804 9 sec: 20912 operations; 3617 current ops/sec; est completion in 10 minutes [INSERT: Count=3617, Max=11575, Min=754, Avg=2202.08, 90=2393, 99=4383, 99.9=8839, 99.99=11575] 
2021-02-27 17:40:14:803 10 sec: 25084 operations; 4172 current ops/sec; est completion in 9 minutes [INSERT: Count=4174, Max=42431, Min=650, Avg=1908.44, 90=2125, 99=3001, 99.9=41311, 99.99=42431] 
2021-02-27 17:40:15:803 11 sec: 29517 operations; 4433 current ops/sec; est completion in 9 minutes [INSERT: Count=4429, Max=11015, Min=787, Avg=1797.35, 90=2024, 99=2477, 99.9=9751, 99.99=11015] 
2021-02-27 17:40:16:803 12 sec: 34133 operations; 4616 current ops/sec; est completion in 8 minutes [INSERT: Count=4618, Max=22511, Min=603, Avg=1726.46, 90=1911, 99=5115, 99.9=22111, 99.99=22511] 
2021-02-27 17:40:17:803 13 sec: 38831 operations; 4698 current ops/sec; est completion in 8 minutes [INSERT: Count=4696, Max=11559, Min=607, Avg=1696.95, 90=1829, 99=2523, 99.9=6331, 99.99=11559] 
2021-02-27 17:40:18:803 14 sec: 44339 operations; 5508 current ops/sec; est completion in 7 minutes [INSERT: Count=5511, Max=18783, Min=572, Avg=1445.47, 90=1732, 99=4515, 99.9=11687, 99.99=12279] 
2021-02-27 17:40:19:804 15 sec: 51010 operations; 6671 current ops/sec; est completion in 7 minutes [INSERT: Count=6673, Max=13503, Min=559, Avg=1192.79, 90=1448, 99=1959, 99.9=11087, 99.99=13367] 
2021-02-27 17:40:20:803 16 sec: 57702 operations; 6692 current ops/sec; est completion in 6 minutes [INSERT: Count=6691, Max=17455, Min=584, Avg=1186.94, 90=1394, 99=1932, 99.9=5495, 99.99=12855] 
2021-02-27 17:40:21:803 17 sec: 63792 operations; 6090 current ops/sec; est completion in 6 minutes [INSERT: Count=6092, Max=28175, Min=564, Avg=1304.43, 90=1773, 99=2823, 99.9=25855, 99.99=27055] 
2021-02-27 17:40:22:804 18 sec: 70534 operations; 6742 current ops/sec; est completion in 6 minutes [INSERT: Count=6741, Max=10207, Min=578, Avg=1180.04, 90=1622, 99=2443, 99.9=3379, 99.99=9959] 
2021-02-27 17:40:23:803 19 sec: 77474 operations; 6940 current ops/sec; est completion in 5 minutes [INSERT: Count=6940, Max=6719, Min=572, Avg=1145.6, 90=1601, 99=2367, 99.9=3903, 99.99=6715] 
2021-02-27 17:40:24:803 20 sec: 84165 operations; 6691 current ops/sec; est completion in 5 minutes [INSERT: Count=6688, Max=14487, Min=560, Avg=1190.19, 90=1655, 99=2353, 99.9=13743, 99.99=14335] 
2021-02-27 17:40:25:803 21 sec: 90487 operations; 6322 current ops/sec; est completion in 5 minutes [INSERT: Count=6324, Max=25535, Min=563, Avg=1258.51, 90=1704, 99=2983, 99.9=24191, 99.99=25375] 
2021-02-27 17:40:26:803 22 sec: 97085 operations; 6598 current ops/sec; est completion in 5 minutes [INSERT: Count=6597, Max=11759, Min=561, Avg=1207.6, 90=1650, 99=2837, 99.9=8147, 99.99=10919] 
2021-02-27 17:40:27:803 23 sec: 105541 operations; 8456 current ops/sec; est completion in 5 minutes [INSERT: Count=8458, Max=15487, Min=509, Avg=940.11, 90=1154, 99=1482, 99.9=4691, 99.99=11239] 
2021-02-27 17:40:28:803 24 sec: 114216 operations; 8675 current ops/sec; est completion in 4 minutes [INSERT: Count=8672, Max=9127, Min=503, Avg=916.44, 90=1088, 99=1320, 99.9=5979, 99.99=8951] 
2021-02-27 17:40:29:803 25 sec: 122601 operations; 8385 current ops/sec; est completion in 4 minutes [INSERT: Count=8388, Max=24383, Min=495, Avg=947.75, 90=1104, 99=1442, 99.9=10111, 99.99=23887] 
2021-02-27 17:40:30:803 26 sec: 130679 operations; 8078 current ops/sec; est completion in 4 minutes [INSERT: Count=8079, Max=9967, Min=524, Avg=985.33, 90=1198, 99=1501, 99.9=4479, 99.99=8487] 
2021-02-27 17:40:31:803 27 sec: 138703 operations; 8024 current ops/sec; est completion in 4 minutes [INSERT: Count=8023, Max=21023, Min=520, Avg=990.66, 90=1148, 99=1456, 99.9=7847, 99.99=20831] 
2021-02-27 17:40:32:803 28 sec: 146432 operations; 7729 current ops/sec; est completion in 4 minutes [INSERT: Count=7729, Max=8615, Min=514, Avg=1029.8, 90=1258, 99=1620, 99.9=6951, 99.99=8591] 
2021-02-27 17:40:33:803 29 sec: 154830 operations; 8398 current ops/sec; est completion in 4 minutes [INSERT: Count=8398, Max=8079, Min=519, Avg=947.64, 90=1142, 99=1360, 99.9=4567, 99.99=7963] 
2021-02-27 17:40:34:803 30 sec: 162370 operations; 7540 current ops/sec; est completion in 4 minutes [INSERT: Count=7540, Max=24431, Min=515, Avg=1054.69, 90=1207, 99=1640, 99.9=13095, 99.99=23743] 
2021-02-27 17:40:35:803 31 sec: 170711 operations; 8341 current ops/sec; est completion in 4 minutes [INSERT: Count=8340, Max=6095, Min=503, Avg=954.1, 90=1152, 99=1405, 99.9=5135, 99.99=5983] 
2021-02-27 17:40:36:803 32 sec: 178964 operations; 8253 current ops/sec; est completion in 3 minutes [INSERT: Count=8254, Max=6179, Min=481, Avg=964.3, 90=1154, 99=1474, 99.9=5531, 99.99=6103] 
2021-02-27 17:40:37:803 33 sec: 186056 operations; 7092 current ops/sec; est completion in 3 minutes [INSERT: Count=7092, Max=12575, Min=493, Avg=1122.94, 90=1516, 99=2505, 99.9=6227, 99.99=8607] 
2021-02-27 17:40:38:803 34 sec: 193136 operations; 7080 current ops/sec; est completion in 3 minutes [INSERT: Count=7076, Max=12447, Min=545, Avg=1125.44, 90=1569, 99=2299, 99.9=3977, 99.99=11255] 
2021-02-27 17:40:39:803 35 sec: 200226 operations; 7090 current ops/sec; est completion in 3 minutes [INSERT: Count=7093, Max=11143, Min=530, Avg=1123.11, 90=1592, 99=2331, 99.9=5315, 99.99=10095] 
2021-02-27 17:40:40:803 36 sec: 207164 operations; 6938 current ops/sec; est completion in 3 minutes [INSERT: Count=6937, Max=22895, Min=543, Avg=1147.42, 90=1558, 99=2347, 99.9=22063, 99.99=22671] 
2021-02-27 17:40:41:803 37 sec: 214173 operations; 7009 current ops/sec; est completion in 3 minutes [INSERT: Count=7010, Max=12831, Min=536, Avg=1135.91, 90=1583, 99=2265, 99.9=5367, 99.99=10183] 
2021-02-27 17:40:42:803 38 sec: 221074 operations; 6901 current ops/sec; est completion in 3 minutes [INSERT: Count=6898, Max=6191, Min=557, Avg=1154.31, 90=1610, 99=2407, 99.9=5255, 99.99=5651] 
2021-02-27 17:40:43:803 39 sec: 227810 operations; 6736 current ops/sec; est completion in 3 minutes [INSERT: Count=6738, Max=12575, Min=529, Avg=1181.9, 90=1677, 99=2647, 99.9=6743, 99.99=11735] 
2021-02-27 17:40:44:803 40 sec: 234592 operations; 6782 current ops/sec; est completion in 3 minutes [INSERT: Count=6783, Max=12511, Min=537, Avg=1174.29, 90=1495, 99=2683, 99.9=11783, 99.99=12327] 
2021-02-27 17:40:45:803 41 sec: 242807 operations; 8215 current ops/sec; est completion in 3 minutes [INSERT: Count=8215, Max=5451, Min=521, Avg=968.96, 90=1192, 99=1493, 99.9=4783, 99.99=5447] 
2021-02-27 17:40:46:803 42 sec: 251121 operations; 8314 current ops/sec; est completion in 3 minutes [INSERT: Count=8315, Max=11039, Min=512, Avg=956.86, 90=1160, 99=1442, 99.9=6111, 99.99=11023] 
2021-02-27 17:40:47:803 43 sec: 259305 operations; 8184 current ops/sec; est completion in 3 minutes [INSERT: Count=8182, Max=15999, Min=545, Avg=971.51, 90=1163, 99=1472, 99.9=4215, 99.99=15943] 
2021-02-27 17:40:48:803 44 sec: 266846 operations; 7541 current ops/sec; est completion in 3 minutes [INSERT: Count=7541, Max=26287, Min=499, Avg=1055.74, 90=1243, 99=1602, 99.9=18463, 99.99=25695] 
2021-02-27 17:40:49:803 45 sec: 274936 operations; 8090 current ops/sec; est completion in 3 minutes [INSERT: Count=8091, Max=11127, Min=535, Avg=983.81, 90=1203, 99=1467, 99.9=4831, 99.99=5663] 
2021-02-27 17:40:50:803 46 sec: 283103 operations; 8167 current ops/sec; est completion in 3 minutes [INSERT: Count=8230, Max=11167, Min=517, Avg=975.66, 90=1163, 99=1399, 99.9=2391, 99.99=10767] 
2021-02-27 17:40:51:803 47 sec: 290330 operations; 7227 current ops/sec; est completion in 3 minutes [INSERT: Count=7165, Max=12855, Min=551, Avg=1100.06, 90=1248, 99=5115, 99.9=12351, 99.99=12807] 
2021-02-27 17:40:52:803 48 sec: 298330 operations; 8000 current ops/sec; est completion in 3 minutes [INSERT: Count=7996, Max=15863, Min=539, Avg=992.82, 90=1175, 99=1510, 99.9=4843, 99.99=11943] 
2021-02-27 17:40:53:803 49 sec: 306374 operations; 8044 current ops/sec; est completion in 3 minutes [INSERT: Count=8046, Max=5371, Min=511, Avg=989.14, 90=1152, 99=1445, 99.9=2357, 99.99=4723] 
2021-02-27 17:40:54:803 50 sec: 314385 operations; 8011 current ops/sec; est completion in 3 minutes [INSERT: Count=8011, Max=12967, Min=522, Avg=993.62, 90=1170, 99=1464, 99.9=5887, 99.99=8247] 
2021-02-27 17:40:55:804 51 sec: 322237 operations; 7852 current ops/sec; est completion in 3 minutes [INSERT: Count=7859, Max=11919, Min=518, Avg=1013.18, 90=1222, 99=1615, 99.9=8991, 99.99=9695] 
2021-02-27 17:40:56:803 52 sec: 329818 operations; 7581 current ops/sec; est completion in 3 minutes [INSERT: Count=7574, Max=29183, Min=537, Avg=1048.7, 90=1224, 99=1539, 99.9=9295, 99.99=28687] 
2021-02-27 17:40:57:803 53 sec: 337838 operations; 8020 current ops/sec; est completion in 3 minutes [INSERT: Count=8021, Max=4139, Min=530, Avg=991.55, 90=1206, 99=1484, 99.9=1675, 99.99=4111] 
2021-02-27 17:40:58:803 54 sec: 345634 operations; 7796 current ops/sec; est completion in 3 minutes [INSERT: Count=7794, Max=12215, Min=547, Avg=1020.7, 90=1158, 99=1433, 99.9=2811, 99.99=10383] 
2021-02-27 17:40:59:803 55 sec: 352141 operations; 6507 current ops/sec; est completion in 3 minutes [INSERT: Count=6506, Max=12815, Min=499, Avg=1224.31, 90=1696, 99=2429, 99.9=5399, 99.99=12751] 
2021-02-27 17:41:00:803 56 sec: 358890 operations; 6749 current ops/sec; est completion in 2 minutes [INSERT: Count=6754, Max=7019, Min=554, Avg=1180.08, 90=1657, 99=2323, 99.9=3353, 99.99=6387] 
2021-02-27 17:41:01:803 57 sec: 365573 operations; 6683 current ops/sec; est completion in 2 minutes [INSERT: Count=6680, Max=18479, Min=563, Avg=1192.08, 90=1623, 99=2341, 99.9=16767, 99.99=18399] 
2021-02-27 17:41:02:803 58 sec: 372032 operations; 6459 current ops/sec; est completion in 2 minutes [INSERT: Count=6455, Max=5203, Min=555, Avg=1234.12, 90=1697, 99=2357, 99.9=4635, 99.99=5023] 
2021-02-27 17:41:03:803 59 sec: 378686 operations; 6654 current ops/sec; est completion in 2 minutes [INSERT: Count=6659, Max=6243, Min=556, Avg=1196.93, 90=1656, 99=2351, 99.9=4579, 99.99=6211] 
2021-02-27 17:41:04:803 60 sec: 385073 operations; 6387 current ops/sec; est completion in 2 minutes [INSERT: Count=6383, Max=5899, Min=554, Avg=1247.06, 90=1712, 99=2455, 99.9=5135, 99.99=5823] 
2021-02-27 17:41:05:803 61 sec: 391327 operations; 6254 current ops/sec; est completion in 2 minutes [INSERT: Count=6253, Max=28655, Min=540, Avg=1273.64, 90=1700, 99=2457, 99.9=27055, 99.99=28463] 
2021-02-27 17:41:06:803 62 sec: 397881 operations; 6554 current ops/sec; est completion in 2 minutes [INSERT: Count=6558, Max=3987, Min=573, Avg=1215.96, 90=1660, 99=2393, 99.9=3091, 99.99=3713] 
2021-02-27 17:41:07:803 63 sec: 404529 operations; 6648 current ops/sec; est completion in 2 minutes [INSERT: Count=6647, Max=7759, Min=564, Avg=1198.69, 90=1662, 99=2391, 99.9=4027, 99.99=7087] 
2021-02-27 17:41:08:803 64 sec: 411059 operations; 6530 current ops/sec; est completion in 2 minutes [INSERT: Count=6527, Max=10751, Min=555, Avg=1220.16, 90=1661, 99=2485, 99.9=6035, 99.99=7795] 
2021-02-27 17:41:09:803 65 sec: 417572 operations; 6513 current ops/sec; est completion in 2 minutes [INSERT: Count=6516, Max=5675, Min=546, Avg=1222.87, 90=1657, 99=2395, 99.9=3251, 99.99=5239] 
2021-02-27 17:41:10:803 66 sec: 424175 operations; 6603 current ops/sec; est completion in 2 minutes [INSERT: Count=6602, Max=10103, Min=553, Avg=1206.96, 90=1639, 99=2333, 99.9=3157, 99.99=7587] 
2021-02-27 17:41:11:803 67 sec: 430573 operations; 6398 current ops/sec; est completion in 2 minutes [INSERT: Count=6398, Max=5539, Min=548, Avg=1245, 90=1718, 99=2435, 99.9=5219, 99.99=5535] 
2021-02-27 17:41:12:803 68 sec: 437031 operations; 6458 current ops/sec; est completion in 2 minutes [INSERT: Count=6456, Max=10711, Min=561, Avg=1232.6, 90=1675, 99=2483, 99.9=9735, 99.99=10239] 
2021-02-27 17:41:13:803 69 sec: 443618 operations; 6587 current ops/sec; est completion in 2 minutes [INSERT: Count=6591, Max=6499, Min=567, Avg=1209.33, 90=1689, 99=2329, 99.9=2821, 99.99=4037] 
2021-02-27 17:41:14:803 70 sec: 449919 operations; 6301 current ops/sec; est completion in 2 minutes [INSERT: Count=6298, Max=26815, Min=571, Avg=1264.04, 90=1692, 99=2405, 99.9=25631, 99.99=26719] 
2021-02-27 17:41:15:803 71 sec: 456496 operations; 6577 current ops/sec; est completion in 2 minutes [INSERT: Count=6576, Max=4151, Min=555, Avg=1211.51, 90=1657, 99=2321, 99.9=3013, 99.99=3965] 
2021-02-27 17:41:16:803 72 sec: 462952 operations; 6456 current ops/sec; est completion in 2 minutes [INSERT: Count=6457, Max=5739, Min=563, Avg=1234.58, 90=1686, 99=2429, 99.9=5411, 99.99=5695] 
2021-02-27 17:41:17:803 73 sec: 469353 operations; 6401 current ops/sec; est completion in 2 minutes [INSERT: Count=6403, Max=8855, Min=570, Avg=1244.39, 90=1698, 99=2381, 99.9=4783, 99.99=5195] 
2021-02-27 17:41:18:803 74 sec: 475907 operations; 6554 current ops/sec; est completion in 2 minutes [INSERT: Count=6551, Max=5127, Min=544, Avg=1215.41, 90=1695, 99=2373, 99.9=4919, 99.99=5099] 
2021-02-27 17:41:19:803 75 sec: 482509 operations; 6602 current ops/sec; est completion in 2 minutes [INSERT: Count=6605, Max=7891, Min=563, Avg=1207.67, 90=1648, 99=2331, 99.9=2759, 99.99=4087] 
2021-02-27 17:41:20:803 76 sec: 489202 operations; 6693 current ops/sec; est completion in 2 minutes [INSERT: Count=6691, Max=10639, Min=543, Avg=1190.48, 90=1635, 99=2417, 99.9=5047, 99.99=10495] 
2021-02-27 17:41:21:803 77 sec: 495618 operations; 6416 current ops/sec; est completion in 2 minutes [INSERT: Count=6415, Max=3379, Min=579, Avg=1241.7, 90=1742, 99=2487, 99.9=3105, 99.99=3347] 
2021-02-27 17:41:22:803 78 sec: 502182 operations; 6564 current ops/sec; est completion in 2 minutes [INSERT: Count=6568, Max=11679, Min=576, Avg=1213.15, 90=1680, 99=2385, 99.9=3031, 99.99=4571] 
2021-02-27 17:41:23:803 79 sec: 508838 operations; 6656 current ops/sec; est completion in 2 minutes [INSERT: Count=6652, Max=4123, Min=563, Avg=1196.7, 90=1678, 99=2387, 99.9=3109, 99.99=3895] 
2021-02-27 17:41:24:803 80 sec: 515211 operations; 6373 current ops/sec; est completion in 2 minutes [INSERT: Count=6378, Max=32015, Min=566, Avg=1249.36, 90=1657, 99=2473, 99.9=30879, 99.99=31999] 
2021-02-27 17:41:25:803 81 sec: 522141 operations; 6930 current ops/sec; est completion in 2 minutes [INSERT: Count=6927, Max=6151, Min=555, Avg=1148.83, 90=1602, 99=2271, 99.9=4727, 99.99=5307] 
2021-02-27 17:41:26:803 82 sec: 528605 operations; 6464 current ops/sec; est completion in 2 minutes [INSERT: Count=6463, Max=11527, Min=557, Avg=1231.79, 90=1691, 99=2427, 99.9=3235, 99.99=6131] 
2021-02-27 17:41:27:804 83 sec: 535212 operations; 6607 current ops/sec; est completion in 2 minutes [INSERT: Count=6608, Max=11119, Min=548, Avg=1205.76, 90=1680, 99=2355, 99.9=4955, 99.99=9767] 
2021-02-27 17:41:28:803 84 sec: 541800 operations; 6588 current ops/sec; est completion in 2 minutes [INSERT: Count=6586, Max=10167, Min=556, Avg=1208.1, 90=1682, 99=2405, 99.9=6459, 99.99=7583] 
2021-02-27 17:41:29:803 85 sec: 548611 operations; 6811 current ops/sec; est completion in 2 minutes [INSERT: Count=6815, Max=11383, Min=562, Avg=1168.45, 90=1631, 99=2323, 99.9=4219, 99.99=11103] 
2021-02-27 17:41:30:803 86 sec: 555488 operations; 6877 current ops/sec; est completion in 2 minutes [INSERT: Count=6877, Max=4579, Min=557, Avg=1158.03, 90=1632, 99=2289, 99.9=3969, 99.99=4515] 
2021-02-27 17:41:31:803 87 sec: 562366 operations; 6878 current ops/sec; est completion in 2 minutes [INSERT: Count=6876, Max=8807, Min=565, Avg=1158.72, 90=1587, 99=2333, 99.9=4111, 99.99=8479] 
2021-02-27 17:41:32:803 88 sec: 569089 operations; 6723 current ops/sec; est completion in 2 minutes [INSERT: Count=6725, Max=4955, Min=540, Avg=1185.21, 90=1630, 99=2473, 99.9=3267, 99.99=4615] 
2021-02-27 17:41:33:824 89 sec: 575899 operations; 6676.47 current ops/sec; est completion in 2 minutes [INSERT: Count=6811, Max=35359, Min=553, Avg=1179.03, 90=1625, 99=2265, 99.9=2925, 99.99=34815] 
2021-02-27 17:41:34:803 90 sec: 582223 operations; 6453.06 current ops/sec; est completion in 2 minutes [INSERT: Count=6322, Max=40607, Min=547, Avg=1247.86, 90=1677, 99=2443, 99.9=5187, 99.99=36287] 
2021-02-27 17:41:35:803 91 sec: 588668 operations; 6445 current ops/sec; est completion in 2 minutes [INSERT: Count=6444, Max=6443, Min=569, Avg=1236.32, 90=1719, 99=2389, 99.9=5515, 99.99=5847] 
2021-02-27 17:41:36:803 92 sec: 595106 operations; 6438 current ops/sec; est completion in 2 minutes [INSERT: Count=6436, Max=9143, Min=579, Avg=1237.8, 90=1714, 99=2427, 99.9=5407, 99.99=7919] 
2021-02-27 17:41:37:803 93 sec: 601706 operations; 6600 current ops/sec; est completion in 2 minutes [INSERT: Count=6602, Max=5283, Min=570, Avg=1206.98, 90=1686, 99=2445, 99.9=4055, 99.99=4647] 
2021-02-27 17:41:38:803 94 sec: 608537 operations; 6831 current ops/sec; est completion in 2 minutes [INSERT: Count=6832, Max=6267, Min=534, Avg=1166.37, 90=1647, 99=2367, 99.9=3813, 99.99=5111] 
2021-02-27 17:41:39:803 95 sec: 615343 operations; 6806 current ops/sec; est completion in 2 minutes [INSERT: Count=6805, Max=7979, Min=552, Avg=1170.61, 90=1662, 99=2443, 99.9=5915, 99.99=7371] 
2021-02-27 17:41:40:803 96 sec: 621958 operations; 6615 current ops/sec; est completion in 2 minutes [INSERT: Count=6613, Max=3633, Min=566, Avg=1204.22, 90=1662, 99=2323, 99.9=3057, 99.99=3615] 
2021-02-27 17:41:41:803 97 sec: 628783 operations; 6825 current ops/sec; est completion in 2 minutes [INSERT: Count=6828, Max=10743, Min=539, Avg=1166.67, 90=1637, 99=2351, 99.9=5187, 99.99=10607] 
2021-02-27 17:41:42:803 98 sec: 635512 operations; 6729 current ops/sec; est completion in 2 minutes [INSERT: Count=6730, Max=10407, Min=553, Avg=1182.7, 90=1686, 99=2397, 99.9=3039, 99.99=5251] 
2021-02-27 17:41:43:803 99 sec: 642230 operations; 6718 current ops/sec; est completion in 2 minutes [INSERT: Count=6717, Max=11895, Min=577, Avg=1185.47, 90=1647, 99=2403, 99.9=10255, 99.99=10959] 
2021-02-27 17:41:44:803 100 sec: 648718 operations; 6488 current ops/sec; est completion in 2 minutes [INSERT: Count=6487, Max=3789, Min=563, Avg=1228.45, 90=1684, 99=2427, 99.9=3197, 99.99=3605] 
2021-02-27 17:41:45:803 101 sec: 655069 operations; 6351 current ops/sec; est completion in 2 minutes [INSERT: Count=6356, Max=17183, Min=515, Avg=1253.8, 90=1744, 99=2785, 99.9=16135, 99.99=17167] 
2021-02-27 17:41:46:803 102 sec: 661424 operations; 6355 current ops/sec; est completion in 2 minutes [INSERT: Count=6351, Max=6367, Min=566, Avg=1251.39, 90=1802, 99=2591, 99.9=5915, 99.99=6267] 
2021-02-27 17:41:47:803 103 sec: 667708 operations; 6284 current ops/sec; est completion in 2 minutes [INSERT: Count=6281, Max=19039, Min=573, Avg=1267.7, 90=1796, 99=2563, 99.9=7251, 99.99=11639] 
2021-02-27 17:41:48:803 104 sec: 675350 operations; 7642 current ops/sec; est completion in 2 minutes [INSERT: Count=7644, Max=8927, Min=519, Avg=1041.47, 90=1265, 99=1603, 99.9=5131, 99.99=8759] 
2021-02-27 17:41:49:803 105 sec: 682761 operations; 7411 current ops/sec; est completion in 2 minutes [INSERT: Count=7413, Max=9815, Min=535, Avg=1074.4, 90=1340, 99=1693, 99.9=9031, 99.99=9743] 
2021-02-27 17:41:50:803 106 sec: 690785 operations; 8024 current ops/sec; est completion in 2 minutes [INSERT: Count=8021, Max=7807, Min=525, Avg=991.27, 90=1155, 99=1434, 99.9=2031, 99.99=3631] 
2021-02-27 17:41:51:803 107 sec: 698782 operations; 7997 current ops/sec; est completion in 2 minutes [INSERT: Count=8000, Max=11303, Min=497, Avg=995.62, 90=1210, 99=1495, 99.9=4479, 99.99=10783] 
2021-02-27 17:41:52:803 108 sec: 706719 operations; 7937 current ops/sec; est completion in 2 minutes [INSERT: Count=7938, Max=12391, Min=524, Avg=1002.75, 90=1176, 99=1449, 99.9=3831, 99.99=12007] 
2021-02-27 17:41:53:803 109 sec: 714602 operations; 7883 current ops/sec; est completion in 2 minutes [INSERT: Count=7880, Max=3131, Min=536, Avg=1009.31, 90=1219, 99=1503, 99.9=2155, 99.99=3057] 
2021-02-27 17:41:54:803 110 sec: 722850 operations; 8248 current ops/sec; est completion in 1 minute [INSERT: Count=8253, Max=11431, Min=503, Avg=964.88, 90=1141, 99=1385, 99.9=1676, 99.99=10407] 
2021-02-27 17:41:55:803 111 sec: 731393 operations; 8543 current ops/sec; est completion in 1 minute [INSERT: Count=8538, Max=3301, Min=514, Avg=931.87, 90=1113, 99=1366, 99.9=1654, 99.99=1963] 
2021-02-27 17:41:56:803 112 sec: 739817 operations; 8424 current ops/sec; est completion in 1 minute [INSERT: Count=8428, Max=5855, Min=512, Avg=944.83, 90=1182, 99=1471, 99.9=3887, 99.99=4707] 
2021-02-27 17:41:57:803 113 sec: 747779 operations; 7962 current ops/sec; est completion in 1 minute [INSERT: Count=7960, Max=6131, Min=506, Avg=999.9, 90=1232, 99=1517, 99.9=1701, 99.99=4851] 
2021-02-27 17:41:58:803 114 sec: 755632 operations; 7853 current ops/sec; est completion in 1 minute [INSERT: Count=7852, Max=5383, Min=524, Avg=1014.06, 90=1273, 99=1597, 99.9=2465, 99.99=4927] 
2021-02-27 17:41:59:803 115 sec: 763355 operations; 7723 current ops/sec; est completion in 1 minute [INSERT: Count=7725, Max=14167, Min=521, Avg=1031.03, 90=1223, 99=1535, 99.9=11503, 99.99=13975] 
2021-02-27 17:42:00:803 116 sec: 770588 operations; 7233 current ops/sec; est completion in 1 minute [INSERT: Count=7234, Max=20511, Min=532, Avg=1100.75, 90=1231, 99=3491, 99.9=20015, 99.99=20495] 
2021-02-27 17:42:01:803 117 sec: 778535 operations; 7947 current ops/sec; est completion in 1 minute [INSERT: Count=7944, Max=6539, Min=532, Avg=1001.65, 90=1173, 99=1422, 99.9=1605, 99.99=2625] 
2021-02-27 17:42:02:803 118 sec: 786433 operations; 7898 current ops/sec; est completion in 1 minute [INSERT: Count=7896, Max=6719, Min=511, Avg=1007.71, 90=1212, 99=1482, 99.9=5555, 99.99=6615] 
2021-02-27 17:42:03:803 119 sec: 794402 operations; 7969 current ops/sec; est completion in 1 minute [INSERT: Count=7985, Max=3503, Min=515, Avg=998.73, 90=1170, 99=1423, 99.9=1702, 99.99=2837] 
2021-02-27 17:42:04:803 120 sec: 802530 operations; 8128 current ops/sec; est completion in 1 minute [INSERT: Count=8114, Max=4807, Min=533, Avg=980.04, 90=1180, 99=1449, 99.9=1636, 99.99=4079] 
2021-02-27 17:42:05:803 121 sec: 810601 operations; 8071 current ops/sec; est completion in 1 minute [INSERT: Count=8073, Max=4599, Min=519, Avg=986.27, 90=1133, 99=1369, 99.9=4171, 99.99=4547] 
2021-02-27 17:42:06:803 122 sec: 818493 operations; 7892 current ops/sec; est completion in 1 minute [INSERT: Count=7891, Max=13679, Min=509, Avg=1009.08, 90=1210, 99=1538, 99.9=10911, 99.99=11679] 
2021-02-27 17:42:07:803 123 sec: 826541 operations; 8048 current ops/sec; est completion in 1 minute [INSERT: Count=8049, Max=6579, Min=526, Avg=989.1, 90=1195, 99=1495, 99.9=5023, 99.99=6503] 
2021-02-27 17:42:08:803 124 sec: 834539 operations; 7998 current ops/sec; est completion in 1 minute [INSERT: Count=7996, Max=10615, Min=505, Avg=995.14, 90=1178, 99=1470, 99.9=9007, 99.99=10223] 
2021-02-27 17:42:09:803 125 sec: 842492 operations; 7953 current ops/sec; est completion in 1 minute [INSERT: Count=7953, Max=13335, Min=524, Avg=1001.28, 90=1168, 99=1451, 99.9=1770, 99.99=13223] 
2021-02-27 17:42:10:803 126 sec: 850570 operations; 8078 current ops/sec; est completion in 1 minute [INSERT: Count=8076, Max=6331, Min=526, Avg=985.28, 90=1181, 99=1437, 99.9=2903, 99.99=5255] 
2021-02-27 17:42:11:803 127 sec: 858896 operations; 8326 current ops/sec; est completion in 1 minute [INSERT: Count=8329, Max=13119, Min=519, Avg=956.08, 90=1172, 99=1431, 99.9=2097, 99.99=12623] 
2021-02-27 17:42:12:803 128 sec: 866981 operations; 8085 current ops/sec; est completion in 1 minute [INSERT: Count=8084, Max=8439, Min=515, Avg=984.74, 90=1194, 99=1452, 99.9=3393, 99.99=7743] 
2021-02-27 17:42:13:803 129 sec: 875036 operations; 8055 current ops/sec; est completion in 1 minute [INSERT: Count=8054, Max=3741, Min=524, Avg=988.37, 90=1170, 99=1396, 99.9=1649, 99.99=3035] 
2021-02-27 17:42:14:803 130 sec: 883078 operations; 8042 current ops/sec; est completion in 1 minute [INSERT: Count=8042, Max=5051, Min=519, Avg=989.82, 90=1228, 99=1504, 99.9=1766, 99.99=3379] 
2021-02-27 17:42:15:803 131 sec: 891007 operations; 7929 current ops/sec; est completion in 1 minute [INSERT: Count=7931, Max=8815, Min=506, Avg=1003.59, 90=1203, 99=1473, 99.9=2707, 99.99=8039] 
2021-02-27 17:42:16:803 132 sec: 898968 operations; 7961 current ops/sec; est completion in 1 minute [INSERT: Count=7959, Max=9935, Min=539, Avg=999.45, 90=1189, 99=1475, 99.9=6419, 99.99=9815] 
2021-02-27 17:42:17:803 133 sec: 907320 operations; 8352 current ops/sec; est completion in 1 minute [INSERT: Count=8355, Max=12367, Min=525, Avg=950.83, 90=1147, 99=1415, 99.9=1624, 99.99=12103] 
2021-02-27 17:42:18:803 134 sec: 915487 operations; 8167 current ops/sec; est completion in 1 minute [INSERT: Count=8165, Max=4223, Min=490, Avg=975.03, 90=1132, 99=1368, 99.9=2020, 99.99=4025] 
2021-02-27 17:42:19:803 135 sec: 923511 operations; 8024 current ops/sec; est completion in 1 minute [INSERT: Count=8024, Max=2963, Min=479, Avg=992.1, 90=1201, 99=1467, 99.9=1634, 99.99=2627] 
2021-02-27 17:42:20:803 136 sec: 931595 operations; 8084 current ops/sec; est completion in 1 minute [INSERT: Count=8084, Max=3223, Min=525, Avg=984.98, 90=1196, 99=1488, 99.9=2079, 99.99=3115] 
2021-02-27 17:42:21:803 137 sec: 939730 operations; 8135 current ops/sec; est completion in 1 minute [INSERT: Count=8135, Max=10975, Min=520, Avg=978.26, 90=1193, 99=1436, 99.9=3497, 99.99=6215] 
2021-02-27 17:42:22:803 138 sec: 947701 operations; 7971 current ops/sec; est completion in 1 minute [INSERT: Count=7969, Max=2735, Min=541, Avg=998.36, 90=1263, 99=1534, 99.9=1816, 99.99=2505] 
2021-02-27 17:42:23:803 139 sec: 955774 operations; 8073 current ops/sec; est completion in 1 minute [INSERT: Count=8078, Max=10959, Min=499, Avg=985.66, 90=1223, 99=1503, 99.9=1848, 99.99=4651] 
2021-02-27 17:42:24:803 140 sec: 962403 operations; 6629 current ops/sec; est completion in 1 minute [INSERT: Count=6629, Max=13583, Min=564, Avg=1202.12, 90=1511, 99=1831, 99.9=12159, 99.99=12879] 
2021-02-27 17:42:25:803 141 sec: 969759 operations; 7356 current ops/sec; est completion in 1 minute [INSERT: Count=7351, Max=3927, Min=562, Avg=1083.32, 90=1314, 99=1636, 99.9=3357, 99.99=3847] 
2021-02-27 17:42:26:803 142 sec: 976851 operations; 7092 current ops/sec; est completion in 1 minute [INSERT: Count=7093, Max=11191, Min=581, Avg=1122.39, 90=1351, 99=1631, 99.9=1905, 99.99=9927] 
2021-02-27 17:42:27:803 143 sec: 983859 operations; 7008 current ops/sec; est completion in 1 minute [INSERT: Count=7011, Max=15935, Min=567, Avg=1136.21, 90=1351, 99=1705, 99.9=13759, 99.99=14151] 
2021-02-27 17:42:28:803 144 sec: 990877 operations; 7018 current ops/sec; est completion in 1 minute [INSERT: Count=7018, Max=15759, Min=566, Avg=1134.1, 90=1324, 99=1707, 99.9=15447, 99.99=15631] 
2021-02-27 17:42:29:803 145 sec: 998660 operations; 7783 current ops/sec; est completion in 1 minute [INSERT: Count=7782, Max=12975, Min=552, Avg=1022.76, 90=1180, 99=1431, 99.9=5687, 99.99=12855] 
2021-02-27 17:42:30:803 146 sec: 1007070 operations; 8410 current ops/sec; est completion in 1 minute [INSERT: Count=8410, Max=4131, Min=530, Avg=946.16, 90=1102, 99=1327, 99.9=1824, 99.99=4049] 
2021-02-27 17:42:31:803 147 sec: 1015641 operations; 8571 current ops/sec; est completion in 1 minute [INSERT: Count=8571, Max=5819, Min=518, Avg=928.59, 90=1106, 99=1296, 99.9=1951, 99.99=5803] 
2021-02-27 17:42:32:803 148 sec: 1024085 operations; 8444 current ops/sec; est completion in 1 minute [INSERT: Count=8445, Max=9519, Min=519, Avg=942.38, 90=1121, 99=1319, 99.9=3645, 99.99=9487] 
2021-02-27 17:42:33:803 149 sec: 1032626 operations; 8541 current ops/sec; est completion in 1 minute [INSERT: Count=8539, Max=4283, Min=518, Avg=931.65, 90=1114, 99=1327, 99.9=1498, 99.99=3235] 
2021-02-27 17:42:34:803 150 sec: 1041194 operations; 8568 current ops/sec; est completion in 1 minute [INSERT: Count=8567, Max=3367, Min=503, Avg=928.86, 90=1119, 99=1328, 99.9=1476, 99.99=2605] 
2021-02-27 17:42:35:803 151 sec: 1049501 operations; 8307 current ops/sec; est completion in 1 minute [INSERT: Count=8310, Max=9167, Min=506, Avg=958.1, 90=1112, 99=1365, 99.9=6339, 99.99=9135] 
2021-02-27 17:42:36:803 152 sec: 1057597 operations; 8096 current ops/sec; est completion in 1 minute [INSERT: Count=8094, Max=14927, Min=515, Avg=983.35, 90=1153, 99=1414, 99.9=6707, 99.99=14847] 
2021-02-27 17:42:37:803 153 sec: 1066348 operations; 8751 current ops/sec; est completion in 1 minute [INSERT: Count=8750, Max=3657, Min=491, Avg=909.66, 90=1081, 99=1310, 99.9=1528, 99.99=3311] 
2021-02-27 17:42:38:803 154 sec: 1074945 operations; 8597 current ops/sec; est completion in 1 minute [INSERT: Count=8599, Max=5803, Min=521, Avg=925.68, 90=1128, 99=1425, 99.9=2257, 99.99=5791] 
2021-02-27 17:42:39:803 155 sec: 1083453 operations; 8508 current ops/sec; est completion in 1 minute [INSERT: Count=8509, Max=6743, Min=496, Avg=935.19, 90=1115, 99=1331, 99.9=3317, 99.99=6543] 
2021-02-27 17:42:40:803 156 sec: 1091800 operations; 8347 current ops/sec; est completion in 59 seconds [INSERT: Count=8347, Max=10855, Min=488, Avg=953.86, 90=1143, 99=1413, 99.9=9679, 99.99=10791] 
2021-02-27 17:42:41:803 157 sec: 1100162 operations; 8362 current ops/sec; est completion in 58 seconds [INSERT: Count=8363, Max=3139, Min=519, Avg=951.7, 90=1134, 99=1336, 99.9=1542, 99.99=2008] 
2021-02-27 17:42:42:803 158 sec: 1108793 operations; 8631 current ops/sec; est completion in 56 seconds [INSERT: Count=8630, Max=3553, Min=497, Avg=922.17, 90=1113, 99=1344, 99.9=1584, 99.99=3221] 
2021-02-27 17:42:43:804 159 sec: 1117474 operations; 8681 current ops/sec; est completion in 55 seconds [INSERT: Count=8682, Max=10911, Min=503, Avg=916.75, 90=1104, 99=1328, 99.9=1762, 99.99=6707] 
2021-02-27 17:42:44:803 160 sec: 1125687 operations; 8213 current ops/sec; est completion in 54 seconds [INSERT: Count=8209, Max=11527, Min=511, Avg=969.04, 90=1207, 99=1512, 99.9=2559, 99.99=7611] 
2021-02-27 17:42:45:803 161 sec: 1134399 operations; 8712 current ops/sec; est completion in 52 seconds [INSERT: Count=8715, Max=12879, Min=468, Avg=913.35, 90=1078, 99=1291, 99.9=1808, 99.99=12743] 
2021-02-27 17:42:46:803 162 sec: 1142935 operations; 8536 current ops/sec; est completion in 51 seconds [INSERT: Count=8533, Max=4239, Min=518, Avg=932.52, 90=1112, 99=1288, 99.9=1514, 99.99=3501] 
2021-02-27 17:42:47:803 163 sec: 1151226 operations; 8291 current ops/sec; est completion in 50 seconds [INSERT: Count=8293, Max=8871, Min=530, Avg=959.88, 90=1114, 99=1326, 99.9=3327, 99.99=8487] 
2021-02-27 17:42:48:803 164 sec: 1159304 operations; 8078 current ops/sec; est completion in 49 seconds [INSERT: Count=8079, Max=15263, Min=501, Avg=985.48, 90=1176, 99=1467, 99.9=3845, 99.99=15247] 
2021-02-27 17:42:49:803 165 sec: 1167111 operations; 7807 current ops/sec; est completion in 48 seconds [INSERT: Count=7806, Max=21295, Min=527, Avg=1019.71, 90=1147, 99=1412, 99.9=17391, 99.99=21295] 
2021-02-27 17:42:50:803 166 sec: 1175639 operations; 8528 current ops/sec; est completion in 46 seconds [INSERT: Count=8529, Max=3527, Min=520, Avg=933.62, 90=1126, 99=1341, 99.9=2253, 99.99=3403] 
2021-02-27 17:42:51:803 167 sec: 1184046 operations; 8407 current ops/sec; est completion in 45 seconds [INSERT: Count=8404, Max=5623, Min=526, Avg=946.83, 90=1138, 99=1360, 99.9=1602, 99.99=4827] 
2021-02-27 17:42:52:803 168 sec: 1192366 operations; 8320 current ops/sec; est completion in 44 seconds [INSERT: Count=8322, Max=3077, Min=527, Avg=956.67, 90=1137, 99=1329, 99.9=1528, 99.99=2259] 
2021-02-27 17:42:53:803 169 sec: 1200558 operations; 8192 current ops/sec; est completion in 43 seconds [INSERT: Count=8191, Max=6847, Min=516, Avg=972.06, 90=1152, 99=1398, 99.9=2827, 99.99=3365] 
2021-02-27 17:42:54:803 170 sec: 1208453 operations; 7895 current ops/sec; est completion in 42 seconds [INSERT: Count=7896, Max=6223, Min=519, Avg=1008.36, 90=1265, 99=1558, 99.9=4567, 99.99=6223] 
2021-02-27 17:42:55:803 171 sec: 1216615 operations; 8162 current ops/sec; est completion in 40 seconds [INSERT: Count=8161, Max=12719, Min=523, Avg=975.42, 90=1171, 99=1396, 99.9=3683, 99.99=12463] 
2021-02-27 17:42:56:803 172 sec: 1223894 operations; 7279 current ops/sec; est completion in 39 seconds [INSERT: Count=7282, Max=12479, Min=541, Avg=1093.8, 90=1421, 99=1734, 99.9=3991, 99.99=10911] 
2021-02-27 17:42:57:803 173 sec: 1231021 operations; 7127 current ops/sec; est completion in 38 seconds [INSERT: Count=7121, Max=5315, Min=534, Avg=1117.85, 90=1375, 99=1651, 99.9=1878, 99.99=4999] 
2021-02-27 17:42:58:803 174 sec: 1238186 operations; 7165 current ops/sec; est completion in 37 seconds [INSERT: Count=7167, Max=3753, Min=525, Avg=1111.7, 90=1355, 99=1656, 99.9=2010, 99.99=3493] 
2021-02-27 17:42:59:804 175 sec: 1245585 operations; 7399 current ops/sec; est completion in 36 seconds [INSERT: Count=7401, Max=7475, Min=546, Avg=1077.05, 90=1306, 99=1619, 99.9=5403, 99.99=7319] 
2021-02-27 17:43:00:803 176 sec: 1253626 operations; 8041 current ops/sec; est completion in 35 seconds [INSERT: Count=8039, Max=10391, Min=508, Avg=989.64, 90=1189, 99=1502, 99.9=1929, 99.99=8847] 
2021-02-27 17:43:01:803 177 sec: 1262500 operations; 8874 current ops/sec; est completion in 34 seconds [INSERT: Count=8875, Max=6663, Min=496, Avg=896.55, 90=1081, 99=1294, 99.9=1793, 99.99=6375] 
2021-02-27 17:43:02:803 178 sec: 1271145 operations; 8645 current ops/sec; est completion in 33 seconds [INSERT: Count=8646, Max=13431, Min=511, Avg=920.66, 90=1103, 99=1300, 99.9=1779, 99.99=13399] 
2021-02-27 17:43:03:803 179 sec: 1279626 operations; 8481 current ops/sec; est completion in 31 seconds [INSERT: Count=8484, Max=13879, Min=495, Avg=938.32, 90=1117, 99=1333, 99.9=8719, 99.99=12839] 
2021-02-27 17:43:04:803 180 sec: 1288314 operations; 8688 current ops/sec; est completion in 30 seconds [INSERT: Count=8686, Max=3611, Min=526, Avg=915.96, 90=1101, 99=1305, 99.9=1466, 99.99=1615] 
2021-02-27 17:43:05:803 181 sec: 1296529 operations; 8215 current ops/sec; est completion in 29 seconds [INSERT: Count=8214, Max=7963, Min=505, Avg=968.95, 90=1197, 99=1497, 99.9=7519, 99.99=7883] 
2021-02-27 17:43:06:803 182 sec: 1304915 operations; 8386 current ops/sec; est completion in 28 seconds [INSERT: Count=8386, Max=11327, Min=510, Avg=949.26, 90=1130, 99=1393, 99.9=1617, 99.99=8663] 
2021-02-27 17:43:07:803 183 sec: 1313389 operations; 8474 current ops/sec; est completion in 27 seconds [INSERT: Count=8472, Max=3575, Min=522, Avg=939.47, 90=1117, 99=1316, 99.9=1738, 99.99=3561] 
2021-02-27 17:43:08:803 184 sec: 1321933 operations; 8544 current ops/sec; est completion in 25 seconds [INSERT: Count=8547, Max=3077, Min=517, Avg=931.19, 90=1126, 99=1340, 99.9=1629, 99.99=2605] 
2021-02-27 17:43:09:803 185 sec: 1330413 operations; 8480 current ops/sec; est completion in 24 seconds [INSERT: Count=8478, Max=3091, Min=521, Avg=938.27, 90=1127, 99=1387, 99.9=1978, 99.99=3003] 
2021-02-27 17:43:10:803 186 sec: 1339198 operations; 8785 current ops/sec; est completion in 23 seconds [INSERT: Count=8787, Max=9735, Min=499, Avg=905.52, 90=1081, 99=1287, 99.9=2677, 99.99=9711] 
2021-02-27 17:43:11:803 187 sec: 1347997 operations; 8799 current ops/sec; est completion in 22 seconds [INSERT: Count=8798, Max=7627, Min=486, Avg=904.49, 90=1096, 99=1308, 99.9=1821, 99.99=7339] 
2021-02-27 17:43:12:803 188 sec: 1356774 operations; 8777 current ops/sec; est completion in 20 seconds [INSERT: Count=8777, Max=2927, Min=489, Avg=906.46, 90=1083, 99=1291, 99.9=1507, 99.99=2691] 
2021-02-27 17:43:13:803 189 sec: 1365661 operations; 8887 current ops/sec; est completion in 19 seconds [INSERT: Count=8888, Max=3511, Min=503, Avg=895.48, 90=1076, 99=1265, 99.9=1450, 99.99=3145] 
2021-02-27 17:43:14:803 190 sec: 1374381 operations; 8720 current ops/sec; est completion in 18 seconds [INSERT: Count=8718, Max=6675, Min=526, Avg=912.59, 90=1085, 99=1317, 99.9=2701, 99.99=6631] 
2021-02-27 17:43:15:803 191 sec: 1382442 operations; 8061 current ops/sec; est completion in 17 seconds [INSERT: Count=8063, Max=12727, Min=504, Avg=987.05, 90=1173, 99=1412, 99.9=10175, 99.99=12711] 
2021-02-27 17:43:16:803 192 sec: 1390412 operations; 7970 current ops/sec; est completion in 16 seconds [INSERT: Count=7967, Max=19263, Min=538, Avg=999.24, 90=1148, 99=1381, 99.9=8503, 99.99=19199] 
2021-02-27 17:43:17:803 193 sec: 1398637 operations; 8225 current ops/sec; est completion in 14 seconds [INSERT: Count=8227, Max=15207, Min=515, Avg=967.33, 90=1152, 99=1379, 99.9=6399, 99.99=11567] 
2021-02-27 17:43:18:803 194 sec: 1406849 operations; 8212 current ops/sec; est completion in 13 seconds [INSERT: Count=8212, Max=9759, Min=516, Avg=969.18, 90=1147, 99=1390, 99.9=4411, 99.99=9567] 
2021-02-27 17:43:19:803 195 sec: 1415083 operations; 8234 current ops/sec; est completion in 12 seconds [INSERT: Count=8236, Max=11143, Min=523, Avg=966.84, 90=1135, 99=1328, 99.9=1549, 99.99=5331] 
2021-02-27 17:43:20:803 196 sec: 1423353 operations; 8270 current ops/sec; est completion in 11 seconds [INSERT: Count=8267, Max=3369, Min=518, Avg=962.72, 90=1135, 99=1336, 99.9=1646, 99.99=2123] 
2021-02-27 17:43:21:803 197 sec: 1431660 operations; 8307 current ops/sec; est completion in 10 seconds [INSERT: Count=8309, Max=9383, Min=541, Avg=958, 90=1137, 99=1331, 99.9=1501, 99.99=5131] 
2021-02-27 17:43:22:803 198 sec: 1439906 operations; 8246 current ops/sec; est completion in 9 second [INSERT: Count=8247, Max=2787, Min=529, Avg=964.95, 90=1154, 99=1336, 99.9=1563, 99.99=1712] 
2021-02-27 17:43:23:803 199 sec: 1448168 operations; 8262 current ops/sec; est completion in 8 second [INSERT: Count=8263, Max=2875, Min=538, Avg=963.57, 90=1144, 99=1349, 99.9=1529, 99.99=2777] 
2021-02-27 17:43:24:803 200 sec: 1456508 operations; 8340 current ops/sec; est completion in 6 second [INSERT: Count=8338, Max=2149, Min=503, Avg=954.46, 90=1143, 99=1350, 99.9=1672, 99.99=2018] 
2021-02-27 17:43:25:803 201 sec: 1463861 operations; 7353 current ops/sec; est completion in 5 second [INSERT: Count=7349, Max=13423, Min=550, Avg=1083.23, 90=1340, 99=1725, 99.9=7115, 99.99=13279] 
2021-02-27 17:43:26:803 202 sec: 1471168 operations; 7307 current ops/sec; est completion in 4 second [INSERT: Count=7310, Max=10287, Min=553, Avg=1089.66, 90=1350, 99=1667, 99.9=9303, 99.99=10183] 
2021-02-27 17:43:27:803 203 sec: 1478311 operations; 7143 current ops/sec; est completion in 3 second [INSERT: Count=7144, Max=10999, Min=528, Avg=1115.14, 90=1353, 99=1666, 99.9=1898, 99.99=4723] 
2021-02-27 17:43:28:803 204 sec: 1485565 operations; 7254 current ops/sec; est completion in 2 second [INSERT: Count=7253, Max=4359, Min=567, Avg=1097.64, 90=1353, 99=1688, 99.9=2937, 99.99=3693] 
2021-02-27 17:43:29:803 205 sec: 1493075 operations; 7510 current ops/sec; est completion in 1 second [CLEANUP: Count=2, Max=8, Min=6, Avg=7, 90=8, 99=8, 99.9=8, 99.99=8] [INSERT: Count=7514, Max=12711, Min=498, Avg=1012.23, 90=1262, 99=1622, 99.9=10727, 99.99=12711] 
2021-02-27 17:43:30:803 206 sec: 1499137 operations; 6062 current ops/sec; est completion in 1 second [CLEANUP: Count=4, Max=4, Min=3, Avg=3.75, 90=4, 99=4, 99.9=4, 99.99=4] [INSERT: Count=6058, Max=13471, Min=461, Avg=724.01, 90=979, 99=1292, 99.9=6619, 99.99=13463] 
2021-02-27 17:43:31:092 206 sec: 1500000 operations; 2986.16 current ops/sec; [CLEANUP: Count=2, Max=5, Min=4, Avg=4.5, 90=5, 99=5, 99.9=5, 99.99=5] [INSERT: Count=859, Max=834, Min=476, Avg=514.09, 90=534, 99=581, 99.9=664, 99.99=834] 
[OVERALL], RunTime(ms), 206289
[OVERALL], Throughput(ops/sec), 7271.352326105609
[TOTAL_GCS_G1_Young_Generation], Count, 30
[TOTAL_GC_TIME_G1_Young_Generation], Time(ms), 539
[TOTAL_GC_TIME_%_G1_Young_Generation], Time(%), 0.2612839269180615
[TOTAL_GCS_G1_Old_Generation], Count, 0
[TOTAL_GC_TIME_G1_Old_Generation], Time(ms), 0
[TOTAL_GC_TIME_%_G1_Old_Generation], Time(%), 0.0
[TOTAL_GCs], Count, 30
[TOTAL_GC_TIME], Time(ms), 539
[TOTAL_GC_TIME_%], Time(%), 0.2612839269180615
[CLEANUP], Operations, 8
[CLEANUP], AverageLatency(us), 4.75
[CLEANUP], MinLatency(us), 3
[CLEANUP], MaxLatency(us), 8
[CLEANUP], 95thPercentileLatency(us), 8
[CLEANUP], 99thPercentileLatency(us), 8
[INSERT], Operations, 1500000
[INSERT], AverageLatency(us), 1090.4378706666666
[INSERT], MinLatency(us), 461
[INSERT], MaxLatency(us), 1987583
[INSERT], 95thPercentileLatency(us), 1677
[INSERT], 99thPercentileLatency(us), 2381
[INSERT], Return=OK, 1500000
