2021-02-28 16:21:52.390 [main] INFO  smarttrie.app.server.Server - No previews checkpoints to restore
2021-02-28 16:21:52.395 [main] INFO  smarttrie.app.server.Server - Replica state has been restored with last id CID(-1)
2021-02-28 16:21:52.472 [main] INFO  b.r.ServerViewController - Using view stored on disk
2021-02-28 16:21:52.947 [main] INFO  b.c.c.n.NettyClientServerCommunicationSystemServerSide - ID = 0
2021-02-28 16:21:52.947 [main] INFO  b.c.c.n.NettyClientServerCommunicationSystemServerSide - N = 1
2021-02-28 16:21:52.947 [main] INFO  b.c.c.n.NettyClientServerCommunicationSystemServerSide - F = 1
2021-02-28 16:21:52.948 [main] INFO  b.c.c.n.NettyClientServerCommunicationSystemServerSide - Port = 11000
2021-02-28 16:21:52.948 [main] INFO  b.c.c.n.NettyClientServerCommunicationSystemServerSide - requestTimeout = 2000
2021-02-28 16:21:52.948 [main] INFO  b.c.c.n.NettyClientServerCommunicationSystemServerSide - maxBatch = 1024
2021-02-28 16:21:52.948 [main] INFO  b.c.c.n.NettyClientServerCommunicationSystemServerSide - Binded replica to IP address 192.168.3.41
2021-02-28 16:21:52.948 [main] INFO  bftsmart.tom.ServiceReplica - In current view: ID:0; F:1; Processes:0(/192.168.3.41:11000),
2021-02-28 16:21:53.009 [Server CS] INFO  s.a.s.Server$InternalStateManager - Replica state is up to date
2021-02-28 16:21:53.009 [Delivery Thread] INFO  bftsmart.tom.core.DeliveryThread - Retrieving State
2021-02-28 16:21:53.009 [Delivery Thread] INFO  bftsmart.tom.core.DeliveryThread - Ready to process operations
2021-02-28 16:22:14.627 [nioEventLoopGroup-3-2] INFO  b.c.c.n.NettyClientServerCommunicationSystemServerSide - Session Created, active clients=0
2021-02-28 16:22:14.628 [nioEventLoopGroup-3-6] INFO  b.c.c.n.NettyClientServerCommunicationSystemServerSide - Session Created, active clients=0
2021-02-28 16:22:14.628 [nioEventLoopGroup-3-8] INFO  b.c.c.n.NettyClientServerCommunicationSystemServerSide - Session Created, active clients=0
2021-02-28 16:22:14.629 [nioEventLoopGroup-3-1] INFO  b.c.c.n.NettyClientServerCommunicationSystemServerSide - Session Created, active clients=0
2021-02-28 16:22:14.630 [nioEventLoopGroup-3-4] INFO  b.c.c.n.NettyClientServerCommunicationSystemServerSide - Session Created, active clients=0
2021-02-28 16:22:14.630 [nioEventLoopGroup-3-5] INFO  b.c.c.n.NettyClientServerCommunicationSystemServerSide - Session Created, active clients=0
2021-02-28 16:22:14.630 [nioEventLoopGroup-3-3] INFO  b.c.c.n.NettyClientServerCommunicationSystemServerSide - Session Created, active clients=0
2021-02-28 16:22:14.631 [nioEventLoopGroup-3-7] INFO  b.c.c.n.NettyClientServerCommunicationSystemServerSide - Session Created, active clients=0
2021-02-28 16:22:57.460 [nioEventLoopGroup-3-4] INFO  b.c.c.n.NettyClientServerCommunicationSystemServerSide - Removing client channel with ID= 4
2021-02-28 16:22:57.460 [nioEventLoopGroup-3-4] INFO  b.c.c.n.NettyClientServerCommunicationSystemServerSide - Active clients=7
2021-02-28 16:22:57.461 [nioEventLoopGroup-3-7] INFO  b.c.c.n.NettyClientServerCommunicationSystemServerSide - Removing client channel with ID= 1
2021-02-28 16:22:57.461 [nioEventLoopGroup-3-7] INFO  b.c.c.n.NettyClientServerCommunicationSystemServerSide - Active clients=6
2021-02-28 16:22:57.461 [nioEventLoopGroup-3-3] INFO  b.c.c.n.NettyClientServerCommunicationSystemServerSide - Removing client channel with ID= 3
2021-02-28 16:22:57.461 [nioEventLoopGroup-3-3] INFO  b.c.c.n.NettyClientServerCommunicationSystemServerSide - Active clients=5
2021-02-28 16:22:57.461 [nioEventLoopGroup-3-6] INFO  b.c.c.n.NettyClientServerCommunicationSystemServerSide - Removing client channel with ID= 6
2021-02-28 16:22:57.461 [nioEventLoopGroup-3-6] INFO  b.c.c.n.NettyClientServerCommunicationSystemServerSide - Active clients=4
2021-02-28 16:22:57.461 [nioEventLoopGroup-3-8] INFO  b.c.c.n.NettyClientServerCommunicationSystemServerSide - Removing client channel with ID= 7
2021-02-28 16:22:57.461 [nioEventLoopGroup-3-8] INFO  b.c.c.n.NettyClientServerCommunicationSystemServerSide - Active clients=3
2021-02-28 16:22:57.461 [nioEventLoopGroup-3-1] INFO  b.c.c.n.NettyClientServerCommunicationSystemServerSide - Removing client channel with ID= 2
2021-02-28 16:22:57.461 [nioEventLoopGroup-3-1] INFO  b.c.c.n.NettyClientServerCommunicationSystemServerSide - Active clients=2
2021-02-28 16:22:57.461 [nioEventLoopGroup-3-5] INFO  b.c.c.n.NettyClientServerCommunicationSystemServerSide - Removing client channel with ID= 0
2021-02-28 16:22:57.462 [nioEventLoopGroup-3-5] INFO  b.c.c.n.NettyClientServerCommunicationSystemServerSide - Active clients=1
2021-02-28 16:22:57.462 [nioEventLoopGroup-3-2] INFO  b.c.c.n.NettyClientServerCommunicationSystemServerSide - Removing client channel with ID= 5
2021-02-28 16:22:57.462 [nioEventLoopGroup-3-2] INFO  b.c.c.n.NettyClientServerCommunicationSystemServerSide - Active clients=0
2021-02-28 16:23:18.130 [nioEventLoopGroup-3-1] INFO  b.c.c.n.NettyClientServerCommunicationSystemServerSide - Session Created, active clients=0
2021-02-28 16:23:18.132 [nioEventLoopGroup-3-2] INFO  b.c.c.n.NettyClientServerCommunicationSystemServerSide - Session Created, active clients=0
2021-02-28 16:23:18.132 [nioEventLoopGroup-3-3] INFO  b.c.c.n.NettyClientServerCommunicationSystemServerSide - Session Created, active clients=0
2021-02-28 16:23:18.134 [nioEventLoopGroup-3-5] INFO  b.c.c.n.NettyClientServerCommunicationSystemServerSide - Session Created, active clients=0
2021-02-28 16:23:18.134 [nioEventLoopGroup-3-6] INFO  b.c.c.n.NettyClientServerCommunicationSystemServerSide - Session Created, active clients=0
2021-02-28 16:23:18.135 [nioEventLoopGroup-3-7] INFO  b.c.c.n.NettyClientServerCommunicationSystemServerSide - Session Created, active clients=0
2021-02-28 16:23:18.135 [nioEventLoopGroup-3-4] INFO  b.c.c.n.NettyClientServerCommunicationSystemServerSide - Session Created, active clients=0
2021-02-28 16:23:18.136 [nioEventLoopGroup-3-8] INFO  b.c.c.n.NettyClientServerCommunicationSystemServerSide - Session Created, active clients=0
2021-02-28 16:25:45.458 [nioEventLoopGroup-3-2] INFO  b.c.c.n.NettyClientServerCommunicationSystemServerSide - Removing client channel with ID= 2
2021-02-28 16:25:45.458 [nioEventLoopGroup-3-2] INFO  b.c.c.n.NettyClientServerCommunicationSystemServerSide - Active clients=7
2021-02-28 16:25:45.458 [nioEventLoopGroup-3-3] INFO  b.c.c.n.NettyClientServerCommunicationSystemServerSide - Removing client channel with ID= 0
2021-02-28 16:25:45.459 [nioEventLoopGroup-3-3] INFO  b.c.c.n.NettyClientServerCommunicationSystemServerSide - Active clients=6
2021-02-28 16:25:45.459 [nioEventLoopGroup-3-6] INFO  b.c.c.n.NettyClientServerCommunicationSystemServerSide - Removing client channel with ID= 1
2021-02-28 16:25:45.459 [nioEventLoopGroup-3-6] INFO  b.c.c.n.NettyClientServerCommunicationSystemServerSide - Active clients=5
2021-02-28 16:25:45.459 [nioEventLoopGroup-3-5] INFO  b.c.c.n.NettyClientServerCommunicationSystemServerSide - Removing client channel with ID= 4
2021-02-28 16:25:45.460 [nioEventLoopGroup-3-5] INFO  b.c.c.n.NettyClientServerCommunicationSystemServerSide - Active clients=4
2021-02-28 16:25:45.460 [nioEventLoopGroup-3-7] INFO  b.c.c.n.NettyClientServerCommunicationSystemServerSide - Removing client channel with ID= 5
2021-02-28 16:25:45.460 [nioEventLoopGroup-3-7] INFO  b.c.c.n.NettyClientServerCommunicationSystemServerSide - Active clients=3
2021-02-28 16:25:45.460 [nioEventLoopGroup-3-1] INFO  b.c.c.n.NettyClientServerCommunicationSystemServerSide - Removing client channel with ID= 3
2021-02-28 16:25:45.460 [nioEventLoopGroup-3-1] INFO  b.c.c.n.NettyClientServerCommunicationSystemServerSide - Active clients=2
2021-02-28 16:25:45.461 [nioEventLoopGroup-3-8] INFO  b.c.c.n.NettyClientServerCommunicationSystemServerSide - Removing client channel with ID= 7
2021-02-28 16:25:45.461 [nioEventLoopGroup-3-8] INFO  b.c.c.n.NettyClientServerCommunicationSystemServerSide - Active clients=1
2021-02-28 16:25:45.461 [nioEventLoopGroup-3-4] INFO  b.c.c.n.NettyClientServerCommunicationSystemServerSide - Removing client channel with ID= 6
2021-02-28 16:25:45.461 [nioEventLoopGroup-3-4] INFO  b.c.c.n.NettyClientServerCommunicationSystemServerSide - Active clients=0
2021-02-28 16:26:23.316 [nioEventLoopGroup-3-1] INFO  b.c.c.n.NettyClientServerCommunicationSystemServerSide - Session Created, active clients=0
2021-02-28 16:30:44.227 [Checkpoint-Thread] INFO  s.a.s.CheckpointController$Async - Starting replica checkpoint at CID(1000000)
2021-02-28 16:30:50.505 [Checkpoint-Thread] INFO  s.app.server.Checkpoint$Writer - Saved a checkpoint of 1031MB
2021-02-28 16:30:50.505 [Checkpoint-Thread] INFO  s.a.s.CheckpointController$Async - Checkpoint created after 6s
2021-02-28 16:41:01.266 [Checkpoint-Thread] INFO  s.a.s.CheckpointController$Async - Starting replica checkpoint at CID(2000000)
2021-02-28 16:41:07.631 [Checkpoint-Thread] INFO  s.app.server.Checkpoint$Writer - Saved a checkpoint of 1031MB
2021-02-28 16:41:07.631 [Checkpoint-Thread] INFO  s.a.s.CheckpointController$Async - Checkpoint created after 6s
2021-02-28 16:41:22.737 [nioEventLoopGroup-3-1] INFO  b.c.c.n.NettyClientServerCommunicationSystemServerSide - Removing client channel with ID= 0
2021-02-28 16:41:22.737 [nioEventLoopGroup-3-1] INFO  b.c.c.n.NettyClientServerCommunicationSystemServerSide - Active clients=0
