Command line: -load -s -db smarttrie.app.client.Client -threads 2 -P config/workload -p recordcount=1310720
YCSB Client 0.17.0

Loading workload...
Starting test.
DBWrapper: report latency for each error is false and specific error codes to track for latency are: []
DBWrapper: report latency for each error is false and specific error codes to track for latency are: []
2021-03-02 14:07:00:288 0 sec: 0 operations; est completion in 0 second 
2021-03-02 14:07:01:190 1 sec: 0 operations; est completion in 106751991167300 days 15 hours 
2021-03-02 14:07:01.379 [Thread-3] INFO  b.c.c.n.NettyClientServerCommunicationSystemClientSide - Connecting to replica 0 at /192.168.3.41:11000
2021-03-02 14:07:01.379 [Thread-2] INFO  b.c.c.n.NettyClientServerCommunicationSystemClientSide - Connecting to replica 0 at /192.168.3.41:11000
2021-03-02 14:07:01.410 [nioEventLoopGroup-2-1] INFO  b.c.c.n.NettyClientServerCommunicationSystemClientSide - Channel active
2021-03-02 14:07:01.411 [nioEventLoopGroup-3-1] INFO  b.c.c.n.NettyClientServerCommunicationSystemClientSide - Channel active
2021-03-02 14:07:02:190 2 sec: 235 operations; 235 current ops/sec; est completion in 3 hours 5 minutes [INSERT: Count=237, Max=1527807, Min=1939, Avg=16533.68, 90=5151, 99=13343, 99.9=1527807, 99.99=1527807] 
2021-03-02 14:07:03:190 3 sec: 1076 operations; 841 current ops/sec; est completion in 1 hour [INSERT: Count=840, Max=10959, Min=1164, Avg=2298.76, 90=3211, 99=6647, 99.9=9023, 99.99=10959] 
2021-03-02 14:07:04:190 4 sec: 2725 operations; 1649 current ops/sec; est completion in 32 minutes [INSERT: Count=1650, Max=9911, Min=751, Avg=1183.69, 90=1566, 99=5515, 99.9=9687, 99.99=9911] 
2021-03-02 14:07:05:190 5 sec: 4516 operations; 1791 current ops/sec; est completion in 24 minutes [INSERT: Count=1789, Max=36287, Min=711, Avg=1087.31, 90=1330, 99=2877, 99.9=7507, 99.99=36287] 
2021-03-02 14:07:06:191 6 sec: 6465 operations; 1949 current ops/sec; est completion in 20 minutes [INSERT: Count=1949, Max=8043, Min=711, Avg=995.45, 90=1134, 99=2319, 99.9=5227, 99.99=8043] 
2021-03-02 14:07:07:190 7 sec: 8432 operations; 1967 current ops/sec; est completion in 18 minutes [INSERT: Count=1968, Max=34591, Min=632, Avg=989.02, 90=1153, 99=2709, 99.9=11215, 99.99=34591] 
2021-03-02 14:07:08:190 8 sec: 10740 operations; 2308 current ops/sec; est completion in 16 minutes [INSERT: Count=2308, Max=11527, Min=612, Avg=852.54, 90=994, 99=1972, 99.9=4911, 99.99=11527] 
2021-03-02 14:07:09:190 9 sec: 13324 operations; 2584 current ops/sec; est completion in 14 minutes [INSERT: Count=2584, Max=5083, Min=589, Avg=765.34, 90=877, 99=1276, 99.9=4783, 99.99=5083] 
2021-03-02 14:07:10:190 10 sec: 15876 operations; 2552 current ops/sec; est completion in 13 minutes [INSERT: Count=2551, Max=28559, Min=579, Avg=776.21, 90=874, 99=1379, 99.9=5015, 99.99=28559] 
2021-03-02 14:07:11:191 11 sec: 18835 operations; 2959 current ops/sec; est completion in 12 minutes [INSERT: Count=2961, Max=6751, Min=513, Avg=670.55, 90=756, 99=1183, 99.9=4239, 99.99=6751] 
2021-03-02 14:07:12:190 12 sec: 21932 operations; 3097 current ops/sec; est completion in 11 minutes [INSERT: Count=3097, Max=17871, Min=520, Avg=637.92, 90=671, 99=896, 99.9=13591, 99.99=17871] 
2021-03-02 14:07:13:190 13 sec: 25251 operations; 3319 current ops/sec; est completion in 11 minutes [INSERT: Count=3319, Max=19743, Min=513, Avg=595.59, 90=621, 99=728, 99.9=5643, 99.99=19743] 
2021-03-02 14:07:14:190 14 sec: 28649 operations; 3398 current ops/sec; est completion in 10 minutes [INSERT: Count=3398, Max=7159, Min=504, Avg=579.95, 90=613, 99=719, 99.9=3111, 99.99=7159] 
2021-03-02 14:07:15:190 15 sec: 31977 operations; 3328 current ops/sec; est completion in 10 minutes [INSERT: Count=3326, Max=14255, Min=488, Avg=595.06, 90=607, 99=709, 99.9=11399, 99.99=14255] 
2021-03-02 14:07:16:190 16 sec: 35283 operations; 3306 current ops/sec; est completion in 9 minutes [INSERT: Count=3309, Max=19199, Min=512, Avg=598.48, 90=614, 99=744, 99.9=11479, 99.99=19199] 
2021-03-02 14:07:17:190 17 sec: 38526 operations; 3243 current ops/sec; est completion in 9 minutes [INSERT: Count=3243, Max=12527, Min=509, Avg=610.92, 90=640, 99=802, 99.9=10687, 99.99=12527] 
2021-03-02 14:07:18:190 18 sec: 41829 operations; 3303 current ops/sec; est completion in 9 minutes [INSERT: Count=3303, Max=9751, Min=486, Avg=599.19, 90=648, 99=826, 99.9=4085, 99.99=9751] 
2021-03-02 14:07:19:190 19 sec: 45137 operations; 3308 current ops/sec; est completion in 8 minutes [INSERT: Count=3307, Max=11279, Min=505, Avg=597.65, 90=643, 99=776, 99.9=3041, 99.99=11279] 
2021-03-02 14:07:20:190 20 sec: 48470 operations; 3333 current ops/sec; est completion in 8 minutes [INSERT: Count=3334, Max=1467, Min=517, Avg=593.91, 90=643, 99=811, 99.9=885, 99.99=1467] 
2021-03-02 14:07:21:192 21 sec: 51677 operations; 3207 current ops/sec; est completion in 8 minutes [INSERT: Count=3210, Max=25311, Min=504, Avg=618.31, 90=633, 99=766, 99.9=10815, 99.99=25311] 
2021-03-02 14:07:22:190 22 sec: 54919 operations; 3242 current ops/sec; est completion in 8 minutes [INSERT: Count=3239, Max=5563, Min=509, Avg=608.36, 90=664, 99=1096, 99.9=1532, 99.99=5563] 
2021-03-02 14:07:23:190 23 sec: 58097 operations; 3178 current ops/sec; est completion in 8 minutes [INSERT: Count=3179, Max=10663, Min=517, Avg=622.6, 90=675, 99=1390, 99.9=2141, 99.99=10663] 
2021-03-02 14:07:24:190 24 sec: 61343 operations; 3246 current ops/sec; est completion in 8 minutes [INSERT: Count=3245, Max=3459, Min=512, Avg=610.26, 90=648, 99=1367, 99.9=2921, 99.99=3459] 
2021-03-02 14:07:25:190 25 sec: 64476 operations; 3133 current ops/sec; est completion in 8 minutes [INSERT: Count=3133, Max=7343, Min=522, Avg=632.57, 90=686, 99=1399, 99.9=5967, 99.99=7343] 
2021-03-02 14:07:26:190 26 sec: 67653 operations; 3177 current ops/sec; est completion in 7 minutes [INSERT: Count=3177, Max=30927, Min=510, Avg=624.36, 90=651, 99=1367, 99.9=4903, 99.99=30927] 
2021-03-02 14:07:27:190 27 sec: 70943 operations; 3290 current ops/sec; est completion in 7 minutes [INSERT: Count=3289, Max=4211, Min=515, Avg=602.85, 90=657, 99=1358, 99.9=4081, 99.99=4211] 
2021-03-02 14:07:28:190 28 sec: 74158 operations; 3215 current ops/sec; est completion in 7 minutes [INSERT: Count=3214, Max=10335, Min=503, Avg=616.57, 90=678, 99=1391, 99.9=4223, 99.99=10335] 
2021-03-02 14:07:29:190 29 sec: 77497 operations; 3339 current ops/sec; est completion in 7 minutes [INSERT: Count=3341, Max=6371, Min=499, Avg=593.94, 90=654, 99=1356, 99.9=1608, 99.99=6371] 
2021-03-02 14:07:30:190 30 sec: 80767 operations; 3270 current ops/sec; est completion in 7 minutes [INSERT: Count=3269, Max=4123, Min=503, Avg=603.35, 90=658, 99=1356, 99.9=3529, 99.99=4123] 
2021-03-02 14:07:31:190 31 sec: 84010 operations; 3243 current ops/sec; est completion in 7 minutes [INSERT: Count=3245, Max=4723, Min=520, Avg=610.59, 90=643, 99=1340, 99.9=1528, 99.99=4723] 
2021-03-02 14:07:32:190 32 sec: 87239 operations; 3229 current ops/sec; est completion in 7 minutes [INSERT: Count=3228, Max=10535, Min=510, Avg=613.35, 90=646, 99=1352, 99.9=1958, 99.99=10535] 
2021-03-02 14:07:33:190 33 sec: 90446 operations; 3207 current ops/sec; est completion in 7 minutes [INSERT: Count=3204, Max=19919, Min=498, Avg=617.51, 90=660, 99=1362, 99.9=5315, 99.99=19919] 
2021-03-02 14:07:34:190 34 sec: 93948 operations; 3502 current ops/sec; est completion in 7 minutes [INSERT: Count=3503, Max=4483, Min=488, Avg=564.67, 90=617, 99=769, 99.9=1613, 99.99=4483] 
2021-03-02 14:07:35:191 35 sec: 97527 operations; 3579 current ops/sec; est completion in 7 minutes [INSERT: Count=3581, Max=5699, Min=478, Avg=553.9, 90=608, 99=724, 99.9=1435, 99.99=5699] 
2021-03-02 14:07:36:190 36 sec: 101049 operations; 3522 current ops/sec; est completion in 7 minutes [INSERT: Count=3520, Max=4675, Min=486, Avg=561.08, 90=617, 99=779, 99.9=1604, 99.99=4675] 
2021-03-02 14:07:37:190 37 sec: 104604 operations; 3555 current ops/sec; est completion in 7 minutes [INSERT: Count=3555, Max=7991, Min=442, Avg=556.82, 90=609, 99=799, 99.9=4623, 99.99=7991] 
2021-03-02 14:07:38:190 38 sec: 108347 operations; 3743 current ops/sec; est completion in 7 minutes [INSERT: Count=3744, Max=4135, Min=473, Avg=529.49, 90=564, 99=675, 99.9=1146, 99.99=4135] 
2021-03-02 14:07:39:190 39 sec: 112016 operations; 3669 current ops/sec; est completion in 6 minutes [INSERT: Count=3668, Max=4795, Min=468, Avg=539.9, 90=585, 99=702, 99.9=1830, 99.99=4795] 
2021-03-02 14:07:40:190 40 sec: 115653 operations; 3637 current ops/sec; est completion in 6 minutes [INSERT: Count=3637, Max=1536, Min=488, Avg=544.07, 90=586, 99=695, 99.9=852, 99.99=1536] 
2021-03-02 14:07:41:190 41 sec: 119287 operations; 3634 current ops/sec; est completion in 6 minutes [INSERT: Count=3633, Max=23631, Min=453, Avg=546.09, 90=578, 99=690, 99.9=1398, 99.99=23631] 
2021-03-02 14:07:42:190 42 sec: 122933 operations; 3646 current ops/sec; est completion in 6 minutes [INSERT: Count=3647, Max=4631, Min=467, Avg=543.57, 90=598, 99=760, 99.9=1832, 99.99=4631] 
2021-03-02 14:07:43:190 43 sec: 126584 operations; 3651 current ops/sec; est completion in 6 minutes [INSERT: Count=3650, Max=5155, Min=465, Avg=543.59, 90=591, 99=714, 99.9=2237, 99.99=5155] 
2021-03-02 14:07:44:190 44 sec: 130239 operations; 3655 current ops/sec; est completion in 6 minutes [INSERT: Count=3656, Max=12519, Min=470, Avg=542.19, 90=591, 99=704, 99.9=2001, 99.99=12519] 
2021-03-02 14:07:45:190 45 sec: 133869 operations; 3630 current ops/sec; est completion in 6 minutes [INSERT: Count=3630, Max=9735, Min=483, Avg=545.48, 90=586, 99=687, 99.9=882, 99.99=9735] 
2021-03-02 14:07:46:190 46 sec: 137530 operations; 3661 current ops/sec; est completion in 6 minutes [INSERT: Count=3661, Max=1806, Min=485, Avg=541.43, 90=582, 99=681, 99.9=924, 99.99=1806] 
2021-03-02 14:07:47:192 47 sec: 141064 operations; 3534 current ops/sec; est completion in 6 minutes [INSERT: Count=3539, Max=4915, Min=475, Avg=560.7, 90=616, 99=757, 99.9=2519, 99.99=4915] 
2021-03-02 14:07:48:190 48 sec: 144619 operations; 3555 current ops/sec; est completion in 6 minutes [INSERT: Count=3550, Max=1521, Min=486, Avg=556.48, 90=617, 99=734, 99.9=986, 99.99=1521] 
2021-03-02 14:07:49:190 49 sec: 148190 operations; 3571 current ops/sec; est completion in 6 minutes [INSERT: Count=3570, Max=4751, Min=485, Avg=554.91, 90=597, 99=707, 99.9=1082, 99.99=4751] 
2021-03-02 14:07:50:190 50 sec: 151632 operations; 3442 current ops/sec; est completion in 6 minutes [INSERT: Count=3443, Max=48255, Min=491, Avg=575.26, 90=582, 99=716, 99.9=2583, 99.99=48255] 
2021-03-02 14:07:51:190 51 sec: 155339 operations; 3707 current ops/sec; est completion in 6 minutes [INSERT: Count=3706, Max=9143, Min=485, Avg=534.13, 90=559, 99=654, 99.9=789, 99.99=9143] 
2021-03-02 14:07:52:190 52 sec: 159033 operations; 3694 current ops/sec; est completion in 6 minutes [INSERT: Count=3695, Max=5011, Min=488, Avg=536.22, 90=566, 99=631, 99.9=1413, 99.99=5011] 
2021-03-02 14:07:53:190 53 sec: 162620 operations; 3587 current ops/sec; est completion in 6 minutes [INSERT: Count=3587, Max=9255, Min=483, Avg=551.89, 90=595, 99=708, 99.9=1790, 99.99=9255] 
2021-03-02 14:07:54:190 54 sec: 166280 operations; 3660 current ops/sec; est completion in 6 minutes [INSERT: Count=3661, Max=5763, Min=482, Avg=540.99, 90=576, 99=684, 99.9=989, 99.99=5763] 
2021-03-02 14:07:55:190 55 sec: 169738 operations; 3458 current ops/sec; est completion in 6 minutes [INSERT: Count=3456, Max=9111, Min=486, Avg=572.8, 90=605, 99=1278, 99.9=4519, 99.99=9111] 
2021-03-02 14:07:56:190 56 sec: 173046 operations; 3308 current ops/sec; est completion in 6 minutes [INSERT: Count=3310, Max=4639, Min=506, Avg=599.37, 90=625, 99=1343, 99.9=2121, 99.99=4639] 
2021-03-02 14:07:57:190 57 sec: 176417 operations; 3371 current ops/sec; est completion in 6 minutes [INSERT: Count=3370, Max=8059, Min=508, Avg=588.08, 90=601, 99=1314, 99.9=1550, 99.99=8059] 
2021-03-02 14:07:58:190 58 sec: 179803 operations; 3386 current ops/sec; est completion in 6 minutes [INSERT: Count=3385, Max=2053, Min=490, Avg=585.63, 90=609, 99=1310, 99.9=1503, 99.99=2053] 
2021-03-02 14:07:59:190 59 sec: 183008 operations; 3205 current ops/sec; est completion in 6 minutes [INSERT: Count=3205, Max=9639, Min=508, Avg=618.98, 90=657, 99=1354, 99.9=4375, 99.99=9639] 
2021-03-02 14:08:00:190 60 sec: 186298 operations; 3290 current ops/sec; est completion in 6 minutes [INSERT: Count=3291, Max=2255, Min=511, Avg=603.18, 90=633, 99=1339, 99.9=1888, 99.99=2255] 
2021-03-02 14:08:01:190 61 sec: 189528 operations; 3230 current ops/sec; est completion in 6 minutes [INSERT: Count=3230, Max=8223, Min=512, Avg=614, 90=643, 99=1360, 99.9=1976, 99.99=8223] 
2021-03-02 14:08:02:190 62 sec: 192650 operations; 3122 current ops/sec; est completion in 6 minutes [INSERT: Count=3121, Max=35295, Min=512, Avg=634.81, 90=651, 99=1354, 99.9=4339, 99.99=35295] 
2021-03-02 14:08:03:190 63 sec: 195960 operations; 3310 current ops/sec; est completion in 5 minutes [INSERT: Count=3311, Max=5599, Min=509, Avg=597.56, 90=629, 99=1321, 99.9=2018, 99.99=5599] 
2021-03-02 14:08:04:190 64 sec: 199316 operations; 3356 current ops/sec; est completion in 5 minutes [INSERT: Count=3356, Max=2431, Min=509, Avg=590.78, 90=620, 99=1315, 99.9=1519, 99.99=2431] 
2021-03-02 14:08:05:191 65 sec: 202635 operations; 3319 current ops/sec; est completion in 5 minutes [INSERT: Count=3320, Max=5611, Min=506, Avg=598.11, 90=637, 99=1336, 99.9=1906, 99.99=5611] 
2021-03-02 14:08:06:190 66 sec: 205888 operations; 3253 current ops/sec; est completion in 5 minutes [INSERT: Count=3251, Max=2071, Min=509, Avg=608.32, 90=662, 99=1344, 99.9=1499, 99.99=2071] 
2021-03-02 14:08:07:190 67 sec: 209186 operations; 3298 current ops/sec; est completion in 5 minutes [INSERT: Count=3298, Max=4359, Min=513, Avg=601.78, 90=635, 99=1351, 99.9=2445, 99.99=4359] 
2021-03-02 14:08:08:190 68 sec: 212443 operations; 3257 current ops/sec; est completion in 5 minutes [INSERT: Count=3257, Max=4211, Min=509, Avg=608.77, 90=651, 99=1360, 99.9=2133, 99.99=4211] 
2021-03-02 14:08:09:190 69 sec: 215754 operations; 3311 current ops/sec; est completion in 5 minutes [INSERT: Count=3312, Max=8999, Min=497, Avg=599.14, 90=631, 99=1327, 99.9=2869, 99.99=8999] 
2021-03-02 14:08:10:190 70 sec: 219295 operations; 3541 current ops/sec; est completion in 5 minutes [INSERT: Count=3540, Max=5099, Min=475, Avg=559.74, 90=625, 99=796, 99.9=2249, 99.99=5099] 
2021-03-02 14:08:11:190 71 sec: 223030 operations; 3735 current ops/sec; est completion in 5 minutes [INSERT: Count=3736, Max=3039, Min=465, Avg=531.77, 90=565, 99=655, 99.9=843, 99.99=3039] 
2021-03-02 14:08:12:190 72 sec: 226743 operations; 3713 current ops/sec; est completion in 5 minutes [INSERT: Count=3714, Max=2457, Min=466, Avg=534.33, 90=574, 99=693, 99.9=1226, 99.99=2457] 
2021-03-02 14:08:13:190 73 sec: 230503 operations; 3760 current ops/sec; est completion in 5 minutes [INSERT: Count=3758, Max=2909, Min=460, Avg=527.32, 90=565, 99=660, 99.9=1276, 99.99=2909] 
2021-03-02 14:08:14:190 74 sec: 234076 operations; 3573 current ops/sec; est completion in 5 minutes [INSERT: Count=3574, Max=9375, Min=473, Avg=554.48, 90=588, 99=735, 99.9=2451, 99.99=9375] 
2021-03-02 14:08:15:190 75 sec: 237615 operations; 3539 current ops/sec; est completion in 5 minutes [INSERT: Count=3539, Max=6959, Min=491, Avg=560.57, 90=594, 99=737, 99.9=1567, 99.99=6959] 
2021-03-02 14:08:16:190 76 sec: 241156 operations; 3541 current ops/sec; est completion in 5 minutes [INSERT: Count=3540, Max=35103, Min=462, Avg=560.54, 90=583, 99=719, 99.9=4159, 99.99=35103] 
2021-03-02 14:08:17:190 77 sec: 244898 operations; 3742 current ops/sec; est completion in 5 minutes [INSERT: Count=3743, Max=9079, Min=474, Avg=529.72, 90=562, 99=662, 99.9=828, 99.99=9079] 
2021-03-02 14:08:18:190 78 sec: 248439 operations; 3541 current ops/sec; est completion in 5 minutes [INSERT: Count=3542, Max=9751, Min=475, Avg=560.1, 90=623, 99=724, 99.9=1926, 99.99=9751] 
2021-03-02 14:08:19:190 79 sec: 252095 operations; 3656 current ops/sec; est completion in 5 minutes [INSERT: Count=3656, Max=876, Min=468, Avg=542.21, 90=590, 99=692, 99.9=798, 99.99=876] 
2021-03-02 14:08:20:190 80 sec: 255744 operations; 3649 current ops/sec; est completion in 5 minutes [INSERT: Count=3649, Max=5019, Min=487, Avg=543.01, 90=573, 99=678, 99.9=824, 99.99=5019] 
2021-03-02 14:08:21:191 81 sec: 259342 operations; 3598 current ops/sec; est completion in 5 minutes [INSERT: Count=3600, Max=5815, Min=479, Avg=550.99, 90=588, 99=713, 99.9=3891, 99.99=5815] 
2021-03-02 14:08:22:190 82 sec: 263043 operations; 3701 current ops/sec; est completion in 5 minutes [INSERT: Count=3698, Max=2837, Min=476, Avg=535.11, 90=562, 99=648, 99.9=1265, 99.99=2837] 
2021-03-02 14:08:23:190 83 sec: 266695 operations; 3652 current ops/sec; est completion in 5 minutes [INSERT: Count=3652, Max=1729, Min=479, Avg=542.76, 90=577, 99=666, 99.9=1385, 99.99=1729] 
2021-03-02 14:08:24:190 84 sec: 270346 operations; 3651 current ops/sec; est completion in 5 minutes [INSERT: Count=3651, Max=7623, Min=484, Avg=542.77, 90=576, 99=666, 99.9=1036, 99.99=7623] 
2021-03-02 14:08:25:190 85 sec: 273995 operations; 3649 current ops/sec; est completion in 5 minutes [INSERT: Count=3650, Max=4787, Min=478, Avg=543.42, 90=575, 99=695, 99.9=1039, 99.99=4787] 
2021-03-02 14:08:26:190 86 sec: 277601 operations; 3606 current ops/sec; est completion in 5 minutes [INSERT: Count=3605, Max=8503, Min=477, Avg=549.28, 90=579, 99=680, 99.9=1839, 99.99=8503] 
2021-03-02 14:08:27:190 87 sec: 281210 operations; 3609 current ops/sec; est completion in 5 minutes [INSERT: Count=3609, Max=4711, Min=474, Avg=549.25, 90=579, 99=688, 99.9=1079, 99.99=4711] 
2021-03-02 14:08:28:190 88 sec: 284749 operations; 3539 current ops/sec; est completion in 5 minutes [INSERT: Count=3540, Max=4859, Min=492, Avg=559.34, 90=594, 99=720, 99.9=1374, 99.99=4859] 
2021-03-02 14:08:29:190 89 sec: 288304 operations; 3555 current ops/sec; est completion in 5 minutes [INSERT: Count=3553, Max=9055, Min=490, Avg=557.83, 90=594, 99=699, 99.9=1507, 99.99=9055] 
2021-03-02 14:08:30:190 90 sec: 291855 operations; 3551 current ops/sec; est completion in 5 minutes [INSERT: Count=3552, Max=4623, Min=489, Avg=558.11, 90=617, 99=721, 99.9=1518, 99.99=4623] 
2021-03-02 14:08:31:190 91 sec: 295230 operations; 3375 current ops/sec; est completion in 5 minutes [INSERT: Count=3374, Max=31471, Min=491, Avg=587.19, 90=605, 99=739, 99.9=4751, 99.99=31471] 
2021-03-02 14:08:32:190 92 sec: 298852 operations; 3622 current ops/sec; est completion in 5 minutes [INSERT: Count=3622, Max=1894, Min=487, Avg=547.32, 90=588, 99=680, 99.9=794, 99.99=1894] 
2021-03-02 14:08:33:191 93 sec: 302439 operations; 3587 current ops/sec; est completion in 5 minutes [INSERT: Count=3589, Max=9527, Min=474, Avg=552.11, 90=591, 99=720, 99.9=1874, 99.99=9527] 
2021-03-02 14:08:34:190 94 sec: 306115 operations; 3676 current ops/sec; est completion in 5 minutes [INSERT: Count=3674, Max=1786, Min=481, Avg=538.73, 90=568, 99=649, 99.9=759, 99.99=1786] 
2021-03-02 14:08:35:190 95 sec: 309749 operations; 3634 current ops/sec; est completion in 5 minutes [INSERT: Count=3634, Max=10775, Min=482, Avg=545.07, 90=569, 99=680, 99.9=1895, 99.99=10775] 
2021-03-02 14:08:36:190 96 sec: 313429 operations; 3680 current ops/sec; est completion in 5 minutes [INSERT: Count=3680, Max=4631, Min=486, Avg=537.95, 90=560, 99=630, 99.9=1047, 99.99=4631] 
2021-03-02 14:08:37:190 97 sec: 317125 operations; 3696 current ops/sec; est completion in 5 minutes [INSERT: Count=3696, Max=2733, Min=480, Avg=536.19, 90=562, 99=638, 99.9=891, 99.99=2733] 
2021-03-02 14:08:38:190 98 sec: 320810 operations; 3685 current ops/sec; est completion in 5 minutes [INSERT: Count=3686, Max=2177, Min=488, Avg=537.68, 90=567, 99=656, 99.9=1076, 99.99=2177] 
2021-03-02 14:08:39:190 99 sec: 324504 operations; 3694 current ops/sec; est completion in 5 minutes [INSERT: Count=3694, Max=2545, Min=477, Avg=536.3, 90=564, 99=654, 99.9=968, 99.99=2545] 
2021-03-02 14:08:40:190 100 sec: 327874 operations; 3370 current ops/sec; est completion in 5 minutes [INSERT: Count=3369, Max=1991, Min=478, Avg=588.86, 90=621, 99=1336, 99.9=1518, 99.99=1991] 
2021-03-02 14:08:41:190 101 sec: 331151 operations; 3277 current ops/sec; est completion in 4 minutes [INSERT: Count=3278, Max=4799, Min=514, Avg=605.31, 90=630, 99=1337, 99.9=4367, 99.99=4799] 
2021-03-02 14:08:42:190 102 sec: 334432 operations; 3281 current ops/sec; est completion in 4 minutes [INSERT: Count=3281, Max=11351, Min=505, Avg=604.77, 90=649, 99=1336, 99.9=2151, 99.99=11351] 
2021-03-02 14:08:43:190 103 sec: 337642 operations; 3210 current ops/sec; est completion in 4 minutes [INSERT: Count=3209, Max=9183, Min=515, Avg=617.93, 90=643, 99=1363, 99.9=2401, 99.99=9183] 
2021-03-02 14:08:44:190 104 sec: 340887 operations; 3245 current ops/sec; est completion in 4 minutes [INSERT: Count=3246, Max=3045, Min=522, Avg=611.66, 90=643, 99=1345, 99.9=1556, 99.99=3045] 
2021-03-02 14:08:45:190 105 sec: 344120 operations; 3233 current ops/sec; est completion in 4 minutes [INSERT: Count=3232, Max=8719, Min=519, Avg=613.56, 90=640, 99=1350, 99.9=2353, 99.99=8719] 
2021-03-02 14:08:46:190 106 sec: 347148 operations; 3028 current ops/sec; est completion in 4 minutes [INSERT: Count=3029, Max=12351, Min=501, Avg=655.25, 90=737, 99=1525, 99.9=5435, 99.99=12351] 
2021-03-02 14:08:47:190 107 sec: 350390 operations; 3242 current ops/sec; est completion in 4 minutes [INSERT: Count=3241, Max=4695, Min=514, Avg=611.61, 90=641, 99=1347, 99.9=1668, 99.99=4695] 
2021-03-02 14:08:48:190 108 sec: 353645 operations; 3255 current ops/sec; est completion in 4 minutes [INSERT: Count=3256, Max=3135, Min=513, Avg=609.64, 90=645, 99=1346, 99.9=2199, 99.99=3135] 
2021-03-02 14:08:49:190 109 sec: 356871 operations; 3226 current ops/sec; est completion in 4 minutes [INSERT: Count=3228, Max=6123, Min=517, Avg=615.32, 90=643, 99=1343, 99.9=2381, 99.99=6123] 
2021-03-02 14:08:50:190 110 sec: 359994 operations; 3123 current ops/sec; est completion in 4 minutes [INSERT: Count=3120, Max=33663, Min=496, Avg=635.1, 90=657, 99=1356, 99.9=4399, 99.99=33663] 
2021-03-02 14:08:51:190 111 sec: 363288 operations; 3294 current ops/sec; est completion in 4 minutes [INSERT: Count=3294, Max=2513, Min=511, Avg=601.98, 90=631, 99=1355, 99.9=2251, 99.99=2513] 
2021-03-02 14:08:52:190 112 sec: 366612 operations; 3324 current ops/sec; est completion in 4 minutes [INSERT: Count=3325, Max=2042, Min=511, Avg=596.88, 90=619, 99=1334, 99.9=1726, 99.99=2042] 
2021-03-02 14:08:53:190 113 sec: 369950 operations; 3338 current ops/sec; est completion in 4 minutes [INSERT: Count=3337, Max=2081, Min=503, Avg=594.17, 90=617, 99=1319, 99.9=1781, 99.99=2081] 
2021-03-02 14:08:54:190 114 sec: 373274 operations; 3324 current ops/sec; est completion in 4 minutes [INSERT: Count=3324, Max=2155, Min=516, Avg=594.39, 90=617, 99=1336, 99.9=1859, 99.99=2155] 
2021-03-02 14:08:55:190 115 sec: 376599 operations; 3325 current ops/sec; est completion in 4 minutes [INSERT: Count=3326, Max=12231, Min=511, Avg=596.76, 90=616, 99=1336, 99.9=2021, 99.99=12231] 
2021-03-02 14:08:56:190 116 sec: 379949 operations; 3350 current ops/sec; est completion in 4 minutes [INSERT: Count=3349, Max=4523, Min=511, Avg=592.36, 90=612, 99=1322, 99.9=1736, 99.99=4523] 
2021-03-02 14:08:57:190 117 sec: 383255 operations; 3306 current ops/sec; est completion in 4 minutes [INSERT: Count=3307, Max=4883, Min=512, Avg=599.82, 90=636, 99=1324, 99.9=2185, 99.99=4883] 
2021-03-02 14:08:58:190 118 sec: 386589 operations; 3334 current ops/sec; est completion in 4 minutes [INSERT: Count=3334, Max=6003, Min=513, Avg=594.95, 90=614, 99=1329, 99.9=1532, 99.99=6003] 
2021-03-02 14:08:59:190 119 sec: 389917 operations; 3328 current ops/sec; est completion in 4 minutes [INSERT: Count=3327, Max=2167, Min=515, Avg=596.37, 90=628, 99=1344, 99.9=1516, 99.99=2167] 
2021-03-02 14:09:00:190 120 sec: 393211 operations; 3294 current ops/sec; est completion in 4 minutes [INSERT: Count=3294, Max=9447, Min=509, Avg=602.37, 90=684, 99=1342, 99.9=1581, 99.99=9447] 
2021-03-02 14:09:01:190 121 sec: 396528 operations; 3317 current ops/sec; est completion in 4 minutes [INSERT: Count=3318, Max=9591, Min=516, Avg=597.42, 90=612, 99=1339, 99.9=1538, 99.99=9591] 
2021-03-02 14:09:02:191 122 sec: 399773 operations; 3245 current ops/sec; est completion in 4 minutes [INSERT: Count=3246, Max=3279, Min=509, Avg=609.9, 90=638, 99=1365, 99.9=2423, 99.99=3279] 
2021-03-02 14:09:03:190 123 sec: 403028 operations; 3255 current ops/sec; est completion in 4 minutes [INSERT: Count=3254, Max=3009, Min=525, Avg=609.24, 90=643, 99=1374, 99.9=1609, 99.99=3009] 
2021-03-02 14:09:04:190 124 sec: 406266 operations; 3238 current ops/sec; est completion in 4 minutes [INSERT: Count=3238, Max=3935, Min=522, Avg=612.58, 90=645, 99=1364, 99.9=1837, 99.99=3935] 
2021-03-02 14:09:05:190 125 sec: 409505 operations; 3239 current ops/sec; est completion in 4 minutes [INSERT: Count=3239, Max=2153, Min=514, Avg=612.27, 90=647, 99=1351, 99.9=1628, 99.99=2153] 
2021-03-02 14:09:06:190 126 sec: 412729 operations; 3224 current ops/sec; est completion in 4 minutes [INSERT: Count=3223, Max=3517, Min=518, Avg=615.59, 90=644, 99=1358, 99.9=2135, 99.99=3517] 
2021-03-02 14:09:07:190 127 sec: 416018 operations; 3289 current ops/sec; est completion in 4 minutes [INSERT: Count=3290, Max=1914, Min=518, Avg=603.41, 90=628, 99=1357, 99.9=1636, 99.99=1914] 
2021-03-02 14:09:08:190 128 sec: 419248 operations; 3230 current ops/sec; est completion in 4 minutes [INSERT: Count=3230, Max=6603, Min=524, Avg=614.06, 90=647, 99=1353, 99.9=1763, 99.99=6603] 
2021-03-02 14:09:09:190 129 sec: 422428 operations; 3180 current ops/sec; est completion in 4 minutes [INSERT: Count=3181, Max=35007, Min=504, Avg=623.87, 90=624, 99=1328, 99.9=2271, 99.99=35007] 
2021-03-02 14:09:10:190 130 sec: 425729 operations; 3301 current ops/sec; est completion in 4 minutes [INSERT: Count=3301, Max=3879, Min=513, Avg=600.31, 90=629, 99=1331, 99.9=1478, 99.99=3879] 
2021-03-02 14:09:11:190 131 sec: 429022 operations; 3293 current ops/sec; est completion in 4 minutes [INSERT: Count=3292, Max=11455, Min=513, Avg=600.56, 90=621, 99=1318, 99.9=3535, 99.99=11455] 
2021-03-02 14:09:12:190 132 sec: 432301 operations; 3279 current ops/sec; est completion in 4 minutes [INSERT: Count=3279, Max=9231, Min=505, Avg=603.86, 90=620, 99=1369, 99.9=4611, 99.99=9231] 
2021-03-02 14:09:13:190 133 sec: 435539 operations; 3238 current ops/sec; est completion in 4 minutes [INSERT: Count=3237, Max=8895, Min=514, Avg=612.99, 90=644, 99=1354, 99.9=3543, 99.99=8895] 
2021-03-02 14:09:14:190 134 sec: 438866 operations; 3327 current ops/sec; est completion in 4 minutes [INSERT: Count=3328, Max=6735, Min=510, Avg=596.25, 90=614, 99=1350, 99.9=1588, 99.99=6735] 
2021-03-02 14:09:15:190 135 sec: 442218 operations; 3352 current ops/sec; est completion in 4 minutes [INSERT: Count=3352, Max=1700, Min=511, Avg=591.9, 90=616, 99=1331, 99.9=1423, 99.99=1700] 
2021-03-02 14:09:16:190 136 sec: 445554 operations; 3336 current ops/sec; est completion in 4 minutes [INSERT: Count=3335, Max=1998, Min=512, Avg=594.58, 90=621, 99=1330, 99.9=1551, 99.99=1998] 
2021-03-02 14:09:17:190 137 sec: 448882 operations; 3328 current ops/sec; est completion in 4 minutes [INSERT: Count=3329, Max=3759, Min=515, Avg=596.38, 90=619, 99=1325, 99.9=2038, 99.99=3759] 
2021-03-02 14:09:18:190 138 sec: 452152 operations; 3270 current ops/sec; est completion in 4 minutes [INSERT: Count=3269, Max=3743, Min=518, Avg=606.61, 90=653, 99=1320, 99.9=1514, 99.99=3743] 
2021-03-02 14:09:19:190 139 sec: 455381 operations; 3229 current ops/sec; est completion in 4 minutes [INSERT: Count=3229, Max=10023, Min=515, Avg=614.22, 90=643, 99=1345, 99.9=3663, 99.99=10023] 
2021-03-02 14:09:20:190 140 sec: 458614 operations; 3233 current ops/sec; est completion in 4 minutes [INSERT: Count=3235, Max=5815, Min=516, Avg=613.81, 90=681, 99=1358, 99.9=3707, 99.99=5815] 
2021-03-02 14:09:21:190 141 sec: 461853 operations; 3239 current ops/sec; est completion in 4 minutes [INSERT: Count=3238, Max=2003, Min=526, Avg=612.4, 90=653, 99=1335, 99.9=1540, 99.99=2003] 
2021-03-02 14:09:22:190 142 sec: 465078 operations; 3225 current ops/sec; est completion in 4 minutes [INSERT: Count=3224, Max=2371, Min=525, Avg=615.03, 90=646, 99=1344, 99.9=1455, 99.99=2371] 
2021-03-02 14:09:23:190 143 sec: 468245 operations; 3167 current ops/sec; est completion in 4 minutes [INSERT: Count=3168, Max=3811, Min=525, Avg=626.01, 90=683, 99=1356, 99.9=3173, 99.99=3811] 
2021-03-02 14:09:24:190 144 sec: 471471 operations; 3226 current ops/sec; est completion in 4 minutes [INSERT: Count=3226, Max=3741, Min=509, Avg=614.99, 90=644, 99=1332, 99.9=1745, 99.99=3741] 
2021-03-02 14:09:25:190 145 sec: 474731 operations; 3260 current ops/sec; est completion in 4 minutes [INSERT: Count=3259, Max=1852, Min=528, Avg=608.48, 90=635, 99=1334, 99.9=1566, 99.99=1852] 
2021-03-02 14:09:26:190 146 sec: 477954 operations; 3223 current ops/sec; est completion in 4 minutes [INSERT: Count=3223, Max=6959, Min=517, Avg=615.42, 90=648, 99=1370, 99.9=2173, 99.99=6959] 
2021-03-02 14:09:27:190 147 sec: 481152 operations; 3198 current ops/sec; est completion in 4 minutes [INSERT: Count=3198, Max=11231, Min=523, Avg=620.28, 90=645, 99=1384, 99.9=2087, 99.99=11231] 
2021-03-02 14:09:28:190 148 sec: 484354 operations; 3202 current ops/sec; est completion in 4 minutes [INSERT: Count=3203, Max=4135, Min=526, Avg=619.64, 90=665, 99=1383, 99.9=1919, 99.99=4135] 
2021-03-02 14:09:29:190 149 sec: 487564 operations; 3210 current ops/sec; est completion in 4 minutes [INSERT: Count=3209, Max=36127, Min=515, Avg=617.99, 90=621, 99=1350, 99.9=1836, 99.99=36127] 
2021-03-02 14:09:30:190 150 sec: 490893 operations; 3329 current ops/sec; est completion in 4 minutes [INSERT: Count=3330, Max=2297, Min=516, Avg=595.71, 90=619, 99=1342, 99.9=1579, 99.99=2297] 
2021-03-02 14:09:31:190 151 sec: 494231 operations; 3338 current ops/sec; est completion in 4 minutes [INSERT: Count=3339, Max=2349, Min=513, Avg=594.42, 90=617, 99=1342, 99.9=1578, 99.99=2349] 
2021-03-02 14:09:32:190 152 sec: 497548 operations; 3317 current ops/sec; est completion in 4 minutes [INSERT: Count=3315, Max=2685, Min=515, Avg=597.74, 90=627, 99=1319, 99.9=1734, 99.99=2685] 
2021-03-02 14:09:33:190 153 sec: 500853 operations; 3305 current ops/sec; est completion in 4 minutes [INSERT: Count=3306, Max=4271, Min=506, Avg=600.45, 90=638, 99=1345, 99.9=2111, 99.99=4271] 
2021-03-02 14:09:34:190 154 sec: 504204 operations; 3351 current ops/sec; est completion in 4 minutes [INSERT: Count=3351, Max=4017, Min=501, Avg=592.24, 90=650, 99=1321, 99.9=1492, 99.99=4017] 
2021-03-02 14:09:35:190 155 sec: 507616 operations; 3412 current ops/sec; est completion in 4 minutes [INSERT: Count=3412, Max=2249, Min=496, Avg=582.24, 90=615, 99=1329, 99.9=1841, 99.99=2249] 
2021-03-02 14:09:36:190 156 sec: 510979 operations; 3363 current ops/sec; est completion in 4 minutes [INSERT: Count=3362, Max=3483, Min=499, Avg=590.21, 90=639, 99=1330, 99.9=1977, 99.99=3483] 
2021-03-02 14:09:37:190 157 sec: 514241 operations; 3262 current ops/sec; est completion in 4 minutes [INSERT: Count=3263, Max=5575, Min=503, Avg=608.18, 90=665, 99=1409, 99.9=3063, 99.99=5575] 
2021-03-02 14:09:38:190 158 sec: 517492 operations; 3251 current ops/sec; est completion in 4 minutes [INSERT: Count=3251, Max=9327, Min=498, Avg=610.5, 90=637, 99=1447, 99.9=2014, 99.99=9327] 
2021-03-02 14:09:39:190 159 sec: 520962 operations; 3470 current ops/sec; est completion in 4 minutes [INSERT: Count=3470, Max=11079, Min=486, Avg=571.39, 90=614, 99=794, 99.9=1815, 99.99=11079] 
2021-03-02 14:09:40:190 160 sec: 524592 operations; 3630 current ops/sec; est completion in 4 minutes [INSERT: Count=3629, Max=1731, Min=486, Avg=545.67, 90=576, 99=705, 99.9=1211, 99.99=1731] 
2021-03-02 14:09:41:190 161 sec: 528195 operations; 3603 current ops/sec; est completion in 3 minutes [INSERT: Count=3603, Max=9007, Min=497, Avg=549.95, 90=576, 99=660, 99.9=1367, 99.99=9007] 
2021-03-02 14:09:42:190 162 sec: 531806 operations; 3611 current ops/sec; est completion in 3 minutes [INSERT: Count=3612, Max=9791, Min=486, Avg=548.43, 90=571, 99=624, 99.9=1481, 99.99=9791] 
2021-03-02 14:09:43:190 163 sec: 535430 operations; 3624 current ops/sec; est completion in 3 minutes [INSERT: Count=3624, Max=2909, Min=491, Avg=546.89, 90=571, 99=636, 99.9=1401, 99.99=2909] 
2021-03-02 14:09:44:190 164 sec: 539000 operations; 3570 current ops/sec; est completion in 3 minutes [INSERT: Count=3571, Max=5843, Min=484, Avg=554.7, 90=582, 99=674, 99.9=1511, 99.99=5843] 
2021-03-02 14:09:45:190 165 sec: 542704 operations; 3704 current ops/sec; est completion in 3 minutes [INSERT: Count=3702, Max=3301, Min=471, Avg=534.84, 90=561, 99=674, 99.9=1665, 99.99=3301] 
2021-03-02 14:09:46:190 166 sec: 546456 operations; 3752 current ops/sec; est completion in 3 minutes [INSERT: Count=3753, Max=2215, Min=469, Avg=528.66, 90=558, 99=638, 99.9=759, 99.99=2215] 
2021-03-02 14:09:47:190 167 sec: 550090 operations; 3634 current ops/sec; est completion in 3 minutes [INSERT: Count=3634, Max=15391, Min=474, Avg=545.43, 90=569, 99=668, 99.9=1349, 99.99=15391] 
2021-03-02 14:09:48:190 168 sec: 553777 operations; 3687 current ops/sec; est completion in 3 minutes [INSERT: Count=3687, Max=2499, Min=485, Avg=537.35, 90=562, 99=657, 99.9=715, 99.99=2499] 
2021-03-02 14:09:49:190 169 sec: 557460 operations; 3683 current ops/sec; est completion in 3 minutes [INSERT: Count=3683, Max=4139, Min=484, Avg=538.04, 90=567, 99=660, 99.9=769, 99.99=4139] 
2021-03-02 14:09:50:190 170 sec: 561149 operations; 3689 current ops/sec; est completion in 3 minutes [INSERT: Count=3688, Max=2038, Min=483, Avg=537.16, 90=565, 99=658, 99.9=777, 99.99=2038] 
2021-03-02 14:09:51:190 171 sec: 564834 operations; 3685 current ops/sec; est completion in 3 minutes [INSERT: Count=3685, Max=2095, Min=484, Avg=538.02, 90=566, 99=655, 99.9=880, 99.99=2095] 
2021-03-02 14:09:52:190 172 sec: 568507 operations; 3673 current ops/sec; est completion in 3 minutes [INSERT: Count=3674, Max=1708, Min=481, Avg=539.37, 90=565, 99=670, 99.9=717, 99.99=1708] 
2021-03-02 14:09:53:190 173 sec: 572190 operations; 3683 current ops/sec; est completion in 3 minutes [INSERT: Count=3682, Max=1707, Min=485, Avg=538.29, 90=569, 99=671, 99.9=818, 99.99=1707] 
2021-03-02 14:09:54:190 174 sec: 575889 operations; 3699 current ops/sec; est completion in 3 minutes [INSERT: Count=3700, Max=1880, Min=481, Avg=535.85, 90=563, 99=670, 99.9=1023, 99.99=1880] 
2021-03-02 14:09:55:190 175 sec: 579542 operations; 3653 current ops/sec; est completion in 3 minutes [INSERT: Count=3653, Max=8687, Min=461, Avg=542.54, 90=573, 99=677, 99.9=1666, 99.99=8687] 
2021-03-02 14:09:56:190 176 sec: 583311 operations; 3769 current ops/sec; est completion in 3 minutes [INSERT: Count=3769, Max=2149, Min=462, Avg=525.79, 90=558, 99=672, 99.9=886, 99.99=2149] 
2021-03-02 14:09:57:190 177 sec: 587071 operations; 3760 current ops/sec; est completion in 3 minutes [INSERT: Count=3759, Max=1803, Min=473, Avg=527.46, 90=557, 99=659, 99.9=919, 99.99=1803] 
2021-03-02 14:09:58:190 178 sec: 590825 operations; 3754 current ops/sec; est completion in 3 minutes [INSERT: Count=3755, Max=1544, Min=473, Avg=528.02, 90=557, 99=664, 99.9=941, 99.99=1544] 
2021-03-02 14:09:59:190 179 sec: 594494 operations; 3669 current ops/sec; est completion in 3 minutes [INSERT: Count=3669, Max=13807, Min=475, Avg=540.26, 90=566, 99=673, 99.9=955, 99.99=13807] 
2021-03-02 14:10:00:190 180 sec: 598120 operations; 3626 current ops/sec; est completion in 3 minutes [INSERT: Count=3625, Max=9415, Min=491, Avg=546.6, 90=567, 99=639, 99.9=1091, 99.99=9415] 
2021-03-02 14:10:01:190 181 sec: 601707 operations; 3587 current ops/sec; est completion in 3 minutes [INSERT: Count=3587, Max=4183, Min=493, Avg=552.52, 90=582, 99=671, 99.9=1568, 99.99=4183] 
2021-03-02 14:10:02:190 182 sec: 605264 operations; 3557 current ops/sec; est completion in 3 minutes [INSERT: Count=3557, Max=8519, Min=485, Avg=556.82, 90=584, 99=656, 99.9=1694, 99.99=8519] 
2021-03-02 14:10:03:190 183 sec: 608831 operations; 3567 current ops/sec; est completion in 3 minutes [INSERT: Count=3568, Max=4019, Min=486, Avg=555.56, 90=586, 99=669, 99.9=1776, 99.99=4019] 
2021-03-02 14:10:04:190 184 sec: 612433 operations; 3602 current ops/sec; est completion in 3 minutes [INSERT: Count=3602, Max=11839, Min=480, Avg=550.04, 90=572, 99=666, 99.9=1697, 99.99=11839] 
2021-03-02 14:10:05:190 185 sec: 616159 operations; 3726 current ops/sec; est completion in 3 minutes [INSERT: Count=3726, Max=9631, Min=465, Avg=532.03, 90=562, 99=658, 99.9=1489, 99.99=9631] 
2021-03-02 14:10:06:190 186 sec: 619852 operations; 3693 current ops/sec; est completion in 3 minutes [INSERT: Count=3692, Max=3361, Min=477, Avg=536.89, 90=567, 99=644, 99.9=794, 99.99=3361] 
2021-03-02 14:10:07:191 187 sec: 623531 operations; 3679 current ops/sec; est completion in 3 minutes [INSERT: Count=3681, Max=5579, Min=478, Avg=538.84, 90=570, 99=665, 99.9=824, 99.99=5579] 
2021-03-02 14:10:08:190 188 sec: 627222 operations; 3691 current ops/sec; est completion in 3 minutes [INSERT: Count=3690, Max=769, Min=473, Avg=536.71, 90=570, 99=662, 99.9=747, 99.99=769] 
2021-03-02 14:10:09:190 189 sec: 630909 operations; 3687 current ops/sec; est completion in 3 minutes [INSERT: Count=3687, Max=1636, Min=482, Avg=537.66, 90=570, 99=670, 99.9=948, 99.99=1636] 
2021-03-02 14:10:10:190 190 sec: 634567 operations; 3658 current ops/sec; est completion in 3 minutes [INSERT: Count=3658, Max=1260, Min=485, Avg=542.1, 90=583, 99=683, 99.9=806, 99.99=1260] 
2021-03-02 14:10:11:190 191 sec: 638276 operations; 3709 current ops/sec; est completion in 3 minutes [INSERT: Count=3708, Max=1742, Min=484, Avg=534.3, 90=565, 99=647, 99.9=873, 99.99=1742] 
2021-03-02 14:10:12:190 192 sec: 641961 operations; 3685 current ops/sec; est completion in 3 minutes [INSERT: Count=3686, Max=1895, Min=479, Avg=538.02, 90=570, 99=678, 99.9=854, 99.99=1895] 
2021-03-02 14:10:13:190 193 sec: 645641 operations; 3680 current ops/sec; est completion in 3 minutes [INSERT: Count=3680, Max=8711, Min=484, Avg=538.33, 90=566, 99=667, 99.9=1157, 99.99=8711] 
2021-03-02 14:10:14:190 194 sec: 649326 operations; 3685 current ops/sec; est completion in 3 minutes [INSERT: Count=3684, Max=2029, Min=476, Avg=537.9, 90=569, 99=657, 99.9=1000, 99.99=2029] 
2021-03-02 14:10:15:190 195 sec: 652934 operations; 3608 current ops/sec; est completion in 3 minutes [INSERT: Count=3608, Max=4315, Min=488, Avg=549.46, 90=580, 99=667, 99.9=1208, 99.99=4315] 
2021-03-02 14:10:16:190 196 sec: 656509 operations; 3575 current ops/sec; est completion in 3 minutes [INSERT: Count=3575, Max=10519, Min=486, Avg=554.24, 90=581, 99=682, 99.9=1744, 99.99=10519] 
2021-03-02 14:10:17:190 197 sec: 660057 operations; 3548 current ops/sec; est completion in 3 minutes [INSERT: Count=3549, Max=9687, Min=494, Avg=558.4, 90=583, 99=683, 99.9=2395, 99.99=9687] 
2021-03-02 14:10:18:190 198 sec: 663632 operations; 3575 current ops/sec; est completion in 3 minutes [INSERT: Count=3574, Max=2029, Min=492, Avg=554.52, 90=590, 99=683, 99.9=1256, 99.99=2029] 
2021-03-02 14:10:19:190 199 sec: 667180 operations; 3548 current ops/sec; est completion in 3 minutes [INSERT: Count=3548, Max=1991, Min=491, Avg=558.77, 90=591, 99=675, 99.9=1623, 99.99=1991] 
2021-03-02 14:10:20:190 200 sec: 670731 operations; 3551 current ops/sec; est completion in 3 minutes [INSERT: Count=3551, Max=8911, Min=489, Avg=558.08, 90=588, 99=681, 99.9=1700, 99.99=8911] 
2021-03-02 14:10:21:190 201 sec: 674340 operations; 3609 current ops/sec; est completion in 3 minutes [INSERT: Count=3610, Max=1742, Min=491, Avg=549.1, 90=580, 99=649, 99.9=1376, 99.99=1742] 
2021-03-02 14:10:22:190 202 sec: 677968 operations; 3628 current ops/sec; est completion in 3 minutes [INSERT: Count=3627, Max=16399, Min=478, Avg=546.31, 90=569, 99=636, 99.9=823, 99.99=16399] 
2021-03-02 14:10:23:190 203 sec: 681735 operations; 3767 current ops/sec; est completion in 3 minutes [INSERT: Count=3767, Max=2623, Min=471, Avg=526.17, 90=556, 99=669, 99.9=793, 99.99=2623] 
2021-03-02 14:10:24:190 204 sec: 685531 operations; 3796 current ops/sec; est completion in 3 minutes [INSERT: Count=3796, Max=1616, Min=467, Avg=521.97, 90=553, 99=650, 99.9=749, 99.99=1616] 
2021-03-02 14:10:25:190 205 sec: 689301 operations; 3770 current ops/sec; est completion in 3 minutes [INSERT: Count=3772, Max=1744, Min=468, Avg=525.9, 90=559, 99=658, 99.9=784, 99.99=1744] 
2021-03-02 14:10:26:190 206 sec: 692972 operations; 3671 current ops/sec; est completion in 3 minutes [INSERT: Count=3669, Max=7415, Min=470, Avg=539.8, 90=565, 99=682, 99.9=1819, 99.99=7415] 
2021-03-02 14:10:27:190 207 sec: 696631 operations; 3659 current ops/sec; est completion in 3 minutes [INSERT: Count=3660, Max=9631, Min=475, Avg=541.55, 90=573, 99=683, 99.9=836, 99.99=9631] 
2021-03-02 14:10:28:190 208 sec: 700322 operations; 3691 current ops/sec; est completion in 3 minutes [INSERT: Count=3690, Max=1734, Min=482, Avg=537.02, 90=567, 99=644, 99.9=813, 99.99=1734] 
2021-03-02 14:10:29:191 209 sec: 704017 operations; 3695 current ops/sec; est completion in 3 minutes [INSERT: Count=3698, Max=5655, Min=477, Avg=536.78, 90=563, 99=653, 99.9=1719, 99.99=5655] 
2021-03-02 14:10:30:190 210 sec: 707698 operations; 3681 current ops/sec; est completion in 2 minutes [INSERT: Count=3679, Max=1058, Min=474, Avg=537.96, 90=573, 99=664, 99.9=816, 99.99=1058] 
2021-03-02 14:10:31:190 211 sec: 711408 operations; 3710 current ops/sec; est completion in 2 minutes [INSERT: Count=3709, Max=1518, Min=484, Avg=534.3, 90=565, 99=653, 99.9=868, 99.99=1518] 
2021-03-02 14:10:32:190 212 sec: 715035 operations; 3627 current ops/sec; est completion in 2 minutes [INSERT: Count=3628, Max=2243, Min=482, Avg=546.37, 90=578, 99=667, 99.9=889, 99.99=2243] 
2021-03-02 14:10:33:190 213 sec: 718727 operations; 3692 current ops/sec; est completion in 2 minutes [INSERT: Count=3691, Max=3959, Min=475, Avg=536.73, 90=569, 99=655, 99.9=1126, 99.99=3959] 
2021-03-02 14:10:34:190 214 sec: 722470 operations; 3743 current ops/sec; est completion in 2 minutes [INSERT: Count=3743, Max=2379, Min=460, Avg=529.9, 90=563, 99=661, 99.9=1609, 99.99=2379] 
2021-03-02 14:10:35:190 215 sec: 726195 operations; 3725 current ops/sec; est completion in 2 minutes [INSERT: Count=3726, Max=2337, Min=468, Avg=532.54, 90=567, 99=688, 99.9=1326, 99.99=2337] 
2021-03-02 14:10:36:190 216 sec: 729900 operations; 3705 current ops/sec; est completion in 2 minutes [INSERT: Count=3704, Max=1921, Min=470, Avg=535.37, 90=571, 99=674, 99.9=1671, 99.99=1921] 
2021-03-02 14:10:37:190 217 sec: 733591 operations; 3691 current ops/sec; est completion in 2 minutes [INSERT: Count=3691, Max=4363, Min=473, Avg=537.51, 90=572, 99=668, 99.9=1716, 99.99=4363] 
2021-03-02 14:10:38:190 218 sec: 737296 operations; 3705 current ops/sec; est completion in 2 minutes [INSERT: Count=3706, Max=2103, Min=476, Avg=535.15, 90=566, 99=661, 99.9=951, 99.99=2103] 
2021-03-02 14:10:39:190 219 sec: 740911 operations; 3615 current ops/sec; est completion in 2 minutes [INSERT: Count=3615, Max=17215, Min=473, Avg=548.43, 90=573, 99=688, 99.9=1570, 99.99=17215] 
2021-03-02 14:10:40:190 220 sec: 744588 operations; 3677 current ops/sec; est completion in 2 minutes [INSERT: Count=3676, Max=2161, Min=486, Avg=539.29, 90=571, 99=660, 99.9=800, 99.99=2161] 
2021-03-02 14:10:41:190 221 sec: 748230 operations; 3642 current ops/sec; est completion in 2 minutes [INSERT: Count=3642, Max=8099, Min=481, Avg=544.22, 90=576, 99=672, 99.9=781, 99.99=8099] 
2021-03-02 14:10:42:190 222 sec: 751928 operations; 3698 current ops/sec; est completion in 2 minutes [INSERT: Count=3699, Max=2255, Min=487, Avg=535.75, 90=565, 99=655, 99.9=759, 99.99=2255] 
2021-03-02 14:10:43:190 223 sec: 755676 operations; 3748 current ops/sec; est completion in 2 minutes [INSERT: Count=3748, Max=1900, Min=475, Avg=529.24, 90=560, 99=660, 99.9=789, 99.99=1900] 
2021-03-02 14:10:44:190 224 sec: 759450 operations; 3774 current ops/sec; est completion in 2 minutes [INSERT: Count=3773, Max=1580, Min=477, Avg=525.37, 90=552, 99=644, 99.9=718, 99.99=1580] 
2021-03-02 14:10:45:190 225 sec: 763154 operations; 3704 current ops/sec; est completion in 2 minutes [INSERT: Count=3705, Max=11287, Min=476, Avg=535.25, 90=564, 99=665, 99.9=1282, 99.99=11287] 
2021-03-02 14:10:46:190 226 sec: 766887 operations; 3733 current ops/sec; est completion in 2 minutes [INSERT: Count=3732, Max=1670, Min=466, Avg=531.6, 90=563, 99=656, 99.9=1417, 99.99=1670] 
2021-03-02 14:10:47:190 227 sec: 770604 operations; 3717 current ops/sec; est completion in 2 minutes [INSERT: Count=3717, Max=1950, Min=455, Avg=533.35, 90=572, 99=689, 99.9=934, 99.99=1950] 
2021-03-02 14:10:48:190 228 sec: 774256 operations; 3652 current ops/sec; est completion in 2 minutes [INSERT: Count=3652, Max=9255, Min=474, Avg=542.76, 90=574, 99=672, 99.9=1243, 99.99=9255] 
2021-03-02 14:10:49:190 229 sec: 777863 operations; 3607 current ops/sec; est completion in 2 minutes [INSERT: Count=3607, Max=2185, Min=474, Avg=549.48, 90=585, 99=671, 99.9=1090, 99.99=2185] 
2021-03-02 14:10:50:190 230 sec: 781417 operations; 3554 current ops/sec; est completion in 2 minutes [INSERT: Count=3556, Max=9135, Min=487, Avg=557.61, 90=589, 99=677, 99.9=1005, 99.99=9135] 
2021-03-02 14:10:51:190 231 sec: 784982 operations; 3565 current ops/sec; est completion in 2 minutes [INSERT: Count=3564, Max=4747, Min=488, Avg=555.72, 90=584, 99=671, 99.9=1317, 99.99=4747] 
2021-03-02 14:10:52:190 232 sec: 788262 operations; 3280 current ops/sec; est completion in 2 minutes [INSERT: Count=3279, Max=2373, Min=501, Avg=604.43, 90=626, 99=1380, 99.9=1744, 99.99=2373] 
2021-03-02 14:10:53:191 233 sec: 791518 operations; 3256 current ops/sec; est completion in 2 minutes [INSERT: Count=3256, Max=5683, Min=503, Avg=608.83, 90=635, 99=1350, 99.9=2557, 99.99=5683] 
2021-03-02 14:10:54:190 234 sec: 794754 operations; 3236 current ops/sec; est completion in 2 minutes [INSERT: Count=3236, Max=7647, Min=526, Avg=613.38, 90=632, 99=1365, 99.9=4475, 99.99=7647] 
2021-03-02 14:10:55:190 235 sec: 797987 operations; 3233 current ops/sec; est completion in 2 minutes [INSERT: Count=3234, Max=2221, Min=519, Avg=613.85, 90=651, 99=1368, 99.9=1578, 99.99=2221] 
2021-03-02 14:10:56:190 236 sec: 801225 operations; 3238 current ops/sec; est completion in 2 minutes [INSERT: Count=3237, Max=2793, Min=530, Avg=612.73, 90=632, 99=1365, 99.9=1672, 99.99=2793] 
2021-03-02 14:10:57:190 237 sec: 804462 operations; 3237 current ops/sec; est completion in 2 minutes [INSERT: Count=3237, Max=14431, Min=517, Avg=612.74, 90=621, 99=1344, 99.9=1973, 99.99=14431] 
2021-03-02 14:10:58:190 238 sec: 807793 operations; 3331 current ops/sec; est completion in 2 minutes [INSERT: Count=3331, Max=1860, Min=509, Avg=595.59, 90=611, 99=1334, 99.9=1495, 99.99=1860] 
2021-03-02 14:10:59:190 239 sec: 811112 operations; 3319 current ops/sec; est completion in 2 minutes [INSERT: Count=3319, Max=2243, Min=515, Avg=597.88, 90=610, 99=1357, 99.9=1554, 99.99=2243] 
2021-03-02 14:11:00:190 240 sec: 814429 operations; 3317 current ops/sec; est completion in 2 minutes [INSERT: Count=3317, Max=3965, Min=521, Avg=598.29, 90=613, 99=1330, 99.9=1639, 99.99=3965] 
2021-03-02 14:11:01:190 241 sec: 817739 operations; 3310 current ops/sec; est completion in 2 minutes [INSERT: Count=3311, Max=2255, Min=519, Avg=599.22, 90=613, 99=1357, 99.9=1666, 99.99=2255] 
2021-03-02 14:11:02:190 242 sec: 821047 operations; 3308 current ops/sec; est completion in 2 minutes [INSERT: Count=3307, Max=8735, Min=505, Avg=599.59, 90=619, 99=1322, 99.9=3779, 99.99=8735] 
2021-03-02 14:11:03:190 243 sec: 824290 operations; 3243 current ops/sec; est completion in 2 minutes [INSERT: Count=3243, Max=11335, Min=520, Avg=611.95, 90=687, 99=1352, 99.9=1503, 99.99=11335] 
2021-03-02 14:11:04:190 244 sec: 827616 operations; 3326 current ops/sec; est completion in 2 minutes [INSERT: Count=3326, Max=2361, Min=511, Avg=596.71, 90=614, 99=1346, 99.9=1464, 99.99=2361] 
2021-03-02 14:11:05:190 245 sec: 830910 operations; 3294 current ops/sec; est completion in 2 minutes [INSERT: Count=3295, Max=6843, Min=510, Avg=602.72, 90=621, 99=1335, 99.9=2955, 99.99=6843] 
2021-03-02 14:11:06:190 246 sec: 834221 operations; 3311 current ops/sec; est completion in 2 minutes [INSERT: Count=3311, Max=8367, Min=510, Avg=599.46, 90=618, 99=1337, 99.9=2081, 99.99=8367] 
2021-03-02 14:11:07:190 247 sec: 837545 operations; 3324 current ops/sec; est completion in 2 minutes [INSERT: Count=3323, Max=8871, Min=508, Avg=596.7, 90=615, 99=1352, 99.9=1731, 99.99=8871] 
2021-03-02 14:11:08:190 248 sec: 840850 operations; 3305 current ops/sec; est completion in 2 minutes [INSERT: Count=3306, Max=2323, Min=516, Avg=600.36, 90=629, 99=1342, 99.9=1599, 99.99=2323] 
2021-03-02 14:11:09:190 249 sec: 844131 operations; 3281 current ops/sec; est completion in 2 minutes [INSERT: Count=3281, Max=1672, Min=518, Avg=604.85, 90=629, 99=1327, 99.9=1503, 99.99=1672] 
2021-03-02 14:11:10:190 250 sec: 847355 operations; 3224 current ops/sec; est completion in 2 minutes [INSERT: Count=3223, Max=10679, Min=525, Avg=615.18, 90=645, 99=1351, 99.9=1778, 99.99=10679] 
2021-03-02 14:11:11:190 251 sec: 850595 operations; 3240 current ops/sec; est completion in 2 minutes [INSERT: Count=3240, Max=1919, Min=522, Avg=612.01, 90=646, 99=1369, 99.9=1630, 99.99=1919] 
2021-03-02 14:11:12:190 252 sec: 853857 operations; 3262 current ops/sec; est completion in 2 minutes [INSERT: Count=3262, Max=4987, Min=518, Avg=608.15, 90=637, 99=1347, 99.9=2397, 99.99=4987] 
2021-03-02 14:11:13:190 253 sec: 857123 operations; 3266 current ops/sec; est completion in 2 minutes [INSERT: Count=3268, Max=5427, Min=525, Avg=607.18, 90=631, 99=1344, 99.9=1757, 99.99=5427] 
2021-03-02 14:11:14:190 254 sec: 860380 operations; 3257 current ops/sec; est completion in 2 minutes [INSERT: Count=3255, Max=2793, Min=519, Avg=608.37, 90=637, 99=1335, 99.9=1839, 99.99=2793] 
2021-03-02 14:11:15:190 255 sec: 863626 operations; 3246 current ops/sec; est completion in 2 minutes [INSERT: Count=3246, Max=3299, Min=521, Avg=611.22, 90=637, 99=1352, 99.9=1832, 99.99=3299] 
2021-03-02 14:11:16:190 256 sec: 866858 operations; 3232 current ops/sec; est completion in 2 minutes [INSERT: Count=3232, Max=15719, Min=518, Avg=613.77, 90=627, 99=1347, 99.9=2323, 99.99=15719] 
2021-03-02 14:11:17:190 257 sec: 870154 operations; 3296 current ops/sec; est completion in 2 minutes [INSERT: Count=3297, Max=9703, Min=510, Avg=601.53, 90=618, 99=1336, 99.9=2327, 99.99=9703] 
2021-03-02 14:11:18:190 258 sec: 873445 operations; 3291 current ops/sec; est completion in 2 minutes [INSERT: Count=3291, Max=4367, Min=514, Avg=602.91, 90=629, 99=1344, 99.9=1872, 99.99=4367] 
2021-03-02 14:11:19:190 259 sec: 876772 operations; 3327 current ops/sec; est completion in 2 minutes [INSERT: Count=3327, Max=1818, Min=512, Avg=596.52, 90=615, 99=1336, 99.9=1520, 99.99=1818] 
2021-03-02 14:11:20:190 260 sec: 879970 operations; 3198 current ops/sec; est completion in 2 minutes [INSERT: Count=3197, Max=5191, Min=517, Avg=620.76, 90=651, 99=1543, 99.9=3479, 99.99=5191] 
2021-03-02 14:11:21:190 261 sec: 883208 operations; 3238 current ops/sec; est completion in 2 minutes [INSERT: Count=3239, Max=4263, Min=518, Avg=612.9, 90=638, 99=1419, 99.9=2277, 99.99=4263] 
2021-03-02 14:11:22:190 262 sec: 886481 operations; 3273 current ops/sec; est completion in 2 minutes [INSERT: Count=3272, Max=3347, Min=520, Avg=606.25, 90=645, 99=1355, 99.9=1969, 99.99=3347] 
2021-03-02 14:11:23:190 263 sec: 889896 operations; 3415 current ops/sec; est completion in 2 minutes [INSERT: Count=3415, Max=9799, Min=487, Avg=580.78, 90=631, 99=760, 99.9=4903, 99.99=9799] 
2021-03-02 14:11:24:190 264 sec: 893485 operations; 3589 current ops/sec; est completion in 2 minutes [INSERT: Count=3590, Max=2379, Min=482, Avg=552.32, 90=609, 99=728, 99.9=1003, 99.99=2379] 
2021-03-02 14:11:25:190 265 sec: 897257 operations; 3772 current ops/sec; est completion in 2 minutes [INSERT: Count=3772, Max=1981, Min=474, Avg=525.74, 90=553, 99=620, 99.9=793, 99.99=1981] 
2021-03-02 14:11:26:190 266 sec: 901008 operations; 3751 current ops/sec; est completion in 2 minutes [INSERT: Count=3751, Max=8431, Min=470, Avg=528.39, 90=557, 99=691, 99.9=1193, 99.99=8431] 
2021-03-02 14:11:27:190 267 sec: 904794 operations; 3786 current ops/sec; est completion in 2 minutes [INSERT: Count=3786, Max=1714, Min=475, Avg=523.92, 90=549, 99=644, 99.9=1444, 99.99=1714] 
2021-03-02 14:11:28:190 268 sec: 908602 operations; 3808 current ops/sec; est completion in 1 minute [INSERT: Count=3808, Max=4607, Min=472, Avg=520.45, 90=542, 99=638, 99.9=1267, 99.99=4607] 
2021-03-02 14:11:29:190 269 sec: 912266 operations; 3664 current ops/sec; est completion in 1 minute [INSERT: Count=3664, Max=2071, Min=472, Avg=538.12, 90=567, 99=618, 99.9=1123, 99.99=2071] 
2021-03-02 14:11:30:190 270 sec: 915904 operations; 3638 current ops/sec; est completion in 1 minute [INSERT: Count=3638, Max=8751, Min=489, Avg=544.56, 90=568, 99=622, 99.9=1362, 99.99=8751] 
2021-03-02 14:11:31:190 271 sec: 919570 operations; 3666 current ops/sec; est completion in 1 minute [INSERT: Count=3665, Max=2441, Min=493, Avg=540.73, 90=566, 99=659, 99.9=1503, 99.99=2441] 
2021-03-02 14:11:32:190 272 sec: 923177 operations; 3607 current ops/sec; est completion in 1 minute [INSERT: Count=3608, Max=6683, Min=495, Avg=549.41, 90=571, 99=665, 99.9=1671, 99.99=6683] 
2021-03-02 14:11:33:190 273 sec: 926809 operations; 3632 current ops/sec; est completion in 1 minute [INSERT: Count=3631, Max=1849, Min=486, Avg=546.05, 90=577, 99=677, 99.9=1627, 99.99=1849] 
2021-03-02 14:11:34:190 274 sec: 930335 operations; 3526 current ops/sec; est completion in 1 minute [INSERT: Count=3527, Max=10895, Min=478, Avg=562.07, 90=573, 99=661, 99.9=5367, 99.99=10895] 
2021-03-02 14:11:35:190 275 sec: 934077 operations; 3742 current ops/sec; est completion in 1 minute [INSERT: Count=3741, Max=9847, Min=457, Avg=530.23, 90=552, 99=620, 99.9=1233, 99.99=9847] 
2021-03-02 14:11:36:190 276 sec: 937763 operations; 3686 current ops/sec; est completion in 1 minute [INSERT: Count=3687, Max=2083, Min=472, Avg=537.83, 90=563, 99=669, 99.9=917, 99.99=2083] 
2021-03-02 14:11:37:191 277 sec: 941456 operations; 3693 current ops/sec; est completion in 1 minute [INSERT: Count=3692, Max=5799, Min=482, Avg=536.64, 90=558, 99=610, 99.9=1467, 99.99=5799] 
2021-03-02 14:11:38:190 278 sec: 945153 operations; 3697 current ops/sec; est completion in 1 minute [INSERT: Count=3698, Max=4575, Min=465, Avg=536.08, 90=561, 99=663, 99.9=1326, 99.99=4575] 
2021-03-02 14:11:39:190 279 sec: 948827 operations; 3674 current ops/sec; est completion in 1 minute [INSERT: Count=3674, Max=5415, Min=479, Avg=539.6, 90=568, 99=652, 99.9=811, 99.99=5415] 
2021-03-02 14:11:40:190 280 sec: 952456 operations; 3629 current ops/sec; est completion in 1 minute [INSERT: Count=3629, Max=3859, Min=485, Avg=546.13, 90=584, 99=685, 99.9=791, 99.99=3859] 
2021-03-02 14:11:41:190 281 sec: 956048 operations; 3592 current ops/sec; est completion in 1 minute [INSERT: Count=3591, Max=1965, Min=483, Avg=552.14, 90=597, 99=710, 99.9=947, 99.99=1965] 
2021-03-02 14:11:42:190 282 sec: 959671 operations; 3623 current ops/sec; est completion in 1 minute [INSERT: Count=3624, Max=8967, Min=487, Avg=547.13, 90=580, 99=687, 99.9=1686, 99.99=8967] 
2021-03-02 14:11:43:190 283 sec: 963301 operations; 3630 current ops/sec; est completion in 1 minute [INSERT: Count=3629, Max=10295, Min=482, Avg=546.31, 90=586, 99=696, 99.9=814, 99.99=10295] 
2021-03-02 14:11:44:190 284 sec: 966978 operations; 3677 current ops/sec; est completion in 1 minute [INSERT: Count=3678, Max=2185, Min=481, Avg=538.85, 90=573, 99=647, 99.9=771, 99.99=2185] 
2021-03-02 14:11:45:190 285 sec: 970573 operations; 3595 current ops/sec; est completion in 1 minute [INSERT: Count=3595, Max=5387, Min=488, Avg=551.44, 90=581, 99=678, 99.9=1230, 99.99=5387] 
2021-03-02 14:11:46:190 286 sec: 974157 operations; 3584 current ops/sec; est completion in 1 minute [INSERT: Count=3584, Max=9551, Min=489, Avg=552.62, 90=580, 99=673, 99.9=1337, 99.99=9551] 
2021-03-02 14:11:47:190 287 sec: 977761 operations; 3604 current ops/sec; est completion in 1 minute [INSERT: Count=3603, Max=8951, Min=484, Avg=550.11, 90=578, 99=674, 99.9=1201, 99.99=8951] 
2021-03-02 14:11:48:190 288 sec: 981326 operations; 3565 current ops/sec; est completion in 1 minute [INSERT: Count=3565, Max=3963, Min=492, Avg=556.07, 90=589, 99=696, 99.9=1316, 99.99=3963] 
2021-03-02 14:11:49:190 289 sec: 984862 operations; 3536 current ops/sec; est completion in 1 minute [INSERT: Count=3536, Max=9239, Min=488, Avg=560.25, 90=593, 99=692, 99.9=1680, 99.99=9239] 
2021-03-02 14:11:50:190 290 sec: 988401 operations; 3539 current ops/sec; est completion in 1 minute [INSERT: Count=3539, Max=5151, Min=490, Avg=559.79, 90=594, 99=713, 99.9=3819, 99.99=5151] 
2021-03-02 14:11:51:190 291 sec: 991976 operations; 3575 current ops/sec; est completion in 1 minute [INSERT: Count=3576, Max=2007, Min=483, Avg=554.48, 90=587, 99=682, 99.9=1420, 99.99=2007] 
2021-03-02 14:11:52:190 292 sec: 995544 operations; 3568 current ops/sec; est completion in 1 minute [INSERT: Count=3567, Max=14607, Min=485, Avg=555.96, 90=584, 99=708, 99.9=1733, 99.99=14607] 
2021-03-02 14:11:53:190 293 sec: 999180 operations; 3636 current ops/sec; est completion in 1 minute [INSERT: Count=3637, Max=1864, Min=481, Avg=545.11, 90=583, 99=659, 99.9=713, 99.99=1864] 
2021-03-02 14:11:54:190 294 sec: 1002810 operations; 3630 current ops/sec; est completion in 1 minute [INSERT: Count=3630, Max=3855, Min=479, Avg=546.18, 90=582, 99=678, 99.9=898, 99.99=3855] 
2021-03-02 14:11:55:190 295 sec: 1006433 operations; 3623 current ops/sec; est completion in 1 minute [INSERT: Count=3622, Max=5167, Min=472, Avg=547.11, 90=579, 99=680, 99.9=951, 99.99=5167] 
2021-03-02 14:11:56:190 296 sec: 1007712 operations; 1279 current ops/sec; est completion in 1 minute [INSERT: Count=1279, Max=2038, Min=483, Avg=543.94, 90=578, 99=648, 99.9=1633, 99.99=2038] 
2021-03-02 14:11:57:190 297 sec: 1007712 operations; 0 current ops/sec; est completion in 1 minute [INSERT: Count=0, Max=0, Min=9223372036854775807, Avg=NaN, 90=0, 99=0, 99.9=0, 99.99=0] 
2021-03-02 14:11:58:190 298 sec: 1007712 operations; 0 current ops/sec; est completion in 1 minute [INSERT: Count=0, Max=0, Min=9223372036854775807, Avg=NaN, 90=0, 99=0, 99.9=0, 99.99=0] 
2021-03-02 14:11:59:190 299 sec: 1007712 operations; 0 current ops/sec; est completion in 1 minute [INSERT: Count=0, Max=0, Min=9223372036854775807, Avg=NaN, 90=0, 99=0, 99.9=0, 99.99=0] 
2021-03-02 14:12:00:190 300 sec: 1007712 operations; 0 current ops/sec; est completion in 1 minute [INSERT: Count=0, Max=0, Min=9223372036854775807, Avg=NaN, 90=0, 99=0, 99.9=0, 99.99=0] 
2021-03-02 14:12:01:190 301 sec: 1007712 operations; 0 current ops/sec; est completion in 1 minute [INSERT: Count=0, Max=0, Min=9223372036854775807, Avg=NaN, 90=0, 99=0, 99.9=0, 99.99=0] 
2021-03-02 14:12:02:190 302 sec: 1007712 operations; 0 current ops/sec; est completion in 1 minute [INSERT: Count=0, Max=0, Min=9223372036854775807, Avg=NaN, 90=0, 99=0, 99.9=0, 99.99=0] 
2021-03-02 14:12:03:190 303 sec: 1007712 operations; 0 current ops/sec; est completion in 1 minute [INSERT: Count=0, Max=0, Min=9223372036854775807, Avg=NaN, 90=0, 99=0, 99.9=0, 99.99=0] 
2021-03-02 14:12:04:190 304 sec: 1007712 operations; 0 current ops/sec; est completion in 1 minute [INSERT: Count=0, Max=0, Min=9223372036854775807, Avg=NaN, 90=0, 99=0, 99.9=0, 99.99=0] 
2021-03-02 14:12:05:190 305 sec: 1007712 operations; 0 current ops/sec; est completion in 1 minute [INSERT: Count=0, Max=0, Min=9223372036854775807, Avg=NaN, 90=0, 99=0, 99.9=0, 99.99=0] 
2021-03-02 14:12:06:190 306 sec: 1007712 operations; 0 current ops/sec; est completion in 1 minute [INSERT: Count=0, Max=0, Min=9223372036854775807, Avg=NaN, 90=0, 99=0, 99.9=0, 99.99=0] 
2021-03-02 14:12:07:190 307 sec: 1007712 operations; 0 current ops/sec; est completion in 1 minute [INSERT: Count=0, Max=0, Min=9223372036854775807, Avg=NaN, 90=0, 99=0, 99.9=0, 99.99=0] 
2021-03-02 14:12:08:190 308 sec: 1007712 operations; 0 current ops/sec; est completion in 1 minute [INSERT: Count=0, Max=0, Min=9223372036854775807, Avg=NaN, 90=0, 99=0, 99.9=0, 99.99=0] 
2021-03-02 14:12:09:190 309 sec: 1007712 operations; 0 current ops/sec; est completion in 1 minute [INSERT: Count=0, Max=0, Min=9223372036854775807, Avg=NaN, 90=0, 99=0, 99.9=0, 99.99=0] 
2021-03-02 14:12:10:190 310 sec: 1007712 operations; 0 current ops/sec; est completion in 1 minute [INSERT: Count=0, Max=0, Min=9223372036854775807, Avg=NaN, 90=0, 99=0, 99.9=0, 99.99=0] 
2021-03-02 14:12:11:190 311 sec: 1007712 operations; 0 current ops/sec; est completion in 1 minute [INSERT: Count=0, Max=0, Min=9223372036854775807, Avg=NaN, 90=0, 99=0, 99.9=0, 99.99=0] 
2021-03-02 14:12:12:190 312 sec: 1007712 operations; 0 current ops/sec; est completion in 1 minute [INSERT: Count=0, Max=0, Min=9223372036854775807, Avg=NaN, 90=0, 99=0, 99.9=0, 99.99=0] 
2021-03-02 14:12:13:190 313 sec: 1007712 operations; 0 current ops/sec; est completion in 1 minute [INSERT: Count=0, Max=0, Min=9223372036854775807, Avg=NaN, 90=0, 99=0, 99.9=0, 99.99=0] 
2021-03-02 14:12:14:190 314 sec: 1007712 operations; 0 current ops/sec; est completion in 1 minute [INSERT: Count=0, Max=0, Min=9223372036854775807, Avg=NaN, 90=0, 99=0, 99.9=0, 99.99=0] 
2021-03-02 14:12:15:190 315 sec: 1007712 operations; 0 current ops/sec; est completion in 1 minute [INSERT: Count=0, Max=0, Min=9223372036854775807, Avg=NaN, 90=0, 99=0, 99.9=0, 99.99=0] 
2021-03-02 14:12:16:190 316 sec: 1007712 operations; 0 current ops/sec; est completion in 1 minute [INSERT: Count=0, Max=0, Min=9223372036854775807, Avg=NaN, 90=0, 99=0, 99.9=0, 99.99=0] 
2021-03-02 14:12:17:190 317 sec: 1007712 operations; 0 current ops/sec; est completion in 1 minute [INSERT: Count=0, Max=0, Min=9223372036854775807, Avg=NaN, 90=0, 99=0, 99.9=0, 99.99=0] 
2021-03-02 14:12:18:190 318 sec: 1007712 operations; 0 current ops/sec; est completion in 1 minute [INSERT: Count=0, Max=0, Min=9223372036854775807, Avg=NaN, 90=0, 99=0, 99.9=0, 99.99=0] 
2021-03-02 14:12:19:190 319 sec: 1007712 operations; 0 current ops/sec; est completion in 1 minute [INSERT: Count=0, Max=0, Min=9223372036854775807, Avg=NaN, 90=0, 99=0, 99.9=0, 99.99=0] 
2021-03-02 14:12:20:190 320 sec: 1007712 operations; 0 current ops/sec; est completion in 1 minute [INSERT: Count=0, Max=0, Min=9223372036854775807, Avg=NaN, 90=0, 99=0, 99.9=0, 99.99=0] 
2021-03-02 14:12:21:190 321 sec: 1007712 operations; 0 current ops/sec; est completion in 1 minute [INSERT: Count=0, Max=0, Min=9223372036854775807, Avg=NaN, 90=0, 99=0, 99.9=0, 99.99=0] 
2021-03-02 14:12:22:190 322 sec: 1007712 operations; 0 current ops/sec; est completion in 1 minute [INSERT: Count=0, Max=0, Min=9223372036854775807, Avg=NaN, 90=0, 99=0, 99.9=0, 99.99=0] 
2021-03-02 14:12:23:190 323 sec: 1007712 operations; 0 current ops/sec; est completion in 1 minute [INSERT: Count=0, Max=0, Min=9223372036854775807, Avg=NaN, 90=0, 99=0, 99.9=0, 99.99=0] 
2021-03-02 14:12:24:190 324 sec: 1007712 operations; 0 current ops/sec; est completion in 1 minute [INSERT: Count=0, Max=0, Min=9223372036854775807, Avg=NaN, 90=0, 99=0, 99.9=0, 99.99=0] 
2021-03-02 14:12:25:190 325 sec: 1009020 operations; 1308 current ops/sec; est completion in 1 minute [INSERT: Count=1308, Max=29294591, Min=473, Avg=45340.47, 90=587, 99=813, 99.9=29294591, 99.99=29294591] 
2021-03-02 14:12:26:190 326 sec: 1012699 operations; 3679 current ops/sec; est completion in 1 minute [INSERT: Count=3679, Max=1949, Min=485, Avg=538.79, 90=569, 99=684, 99.9=790, 99.99=1949] 
2021-03-02 14:12:27:190 327 sec: 1015990 operations; 3291 current ops/sec; est completion in 1 minute [INSERT: Count=3291, Max=17167, Min=480, Avg=603.08, 90=659, 99=970, 99.9=12743, 99.99=17167] 
2021-03-02 14:12:28:190 328 sec: 1019313 operations; 3323 current ops/sec; est completion in 1 minute [INSERT: Count=3323, Max=7983, Min=484, Avg=596.77, 90=672, 99=1007, 99.9=7043, 99.99=7983] 
2021-03-02 14:12:29:190 329 sec: 1022811 operations; 3498 current ops/sec; est completion in 1 minute [INSERT: Count=3499, Max=7423, Min=488, Avg=566.71, 90=637, 99=944, 99.9=2539, 99.99=7423] 
2021-03-02 14:12:30:190 330 sec: 1026388 operations; 3577 current ops/sec; est completion in 1 minute [INSERT: Count=3576, Max=10687, Min=478, Avg=554.3, 90=581, 99=876, 99.9=1302, 99.99=10687] 
2021-03-02 14:12:31:190 331 sec: 1030064 operations; 3676 current ops/sec; est completion in 1 minute [INSERT: Count=3676, Max=1891, Min=487, Avg=539.18, 90=569, 99=655, 99.9=840, 99.99=1891] 
2021-03-02 14:12:32:190 332 sec: 1033683 operations; 3619 current ops/sec; est completion in 1 minute [INSERT: Count=3620, Max=1760, Min=470, Avg=547.76, 90=584, 99=663, 99.9=925, 99.99=1760] 
2021-03-02 14:12:33:190 333 sec: 1037362 operations; 3679 current ops/sec; est completion in 1 minute [INSERT: Count=3679, Max=7811, Min=473, Avg=539.01, 90=570, 99=699, 99.9=1311, 99.99=7811] 
2021-03-02 14:12:34:190 334 sec: 1040908 operations; 3546 current ops/sec; est completion in 1 minute [INSERT: Count=3547, Max=11951, Min=469, Avg=557.92, 90=586, 99=795, 99.9=4387, 99.99=11951] 
2021-03-02 14:12:35:190 335 sec: 1044418 operations; 3510 current ops/sec; est completion in 1 minute [INSERT: Count=3509, Max=10495, Min=492, Avg=562.74, 90=586, 99=710, 99.9=1925, 99.99=10495] 
2021-03-02 14:12:36:190 336 sec: 1048002 operations; 3584 current ops/sec; est completion in 1 minute [INSERT: Count=3584, Max=10807, Min=489, Avg=552.24, 90=576, 99=702, 99.9=1725, 99.99=10807] 
2021-03-02 14:12:37:190 337 sec: 1051649 operations; 3647 current ops/sec; est completion in 1 minute [INSERT: Count=3646, Max=9751, Min=478, Avg=543.37, 90=569, 99=682, 99.9=1900, 99.99=9751] 
2021-03-02 14:12:38:190 338 sec: 1055279 operations; 3630 current ops/sec; est completion in 1 minute [INSERT: Count=3631, Max=1761, Min=487, Avg=545.88, 90=571, 99=664, 99.9=804, 99.99=1761] 
2021-03-02 14:12:39:190 339 sec: 1058884 operations; 3605 current ops/sec; est completion in 1 minute [INSERT: Count=3605, Max=11847, Min=487, Avg=549.77, 90=574, 99=684, 99.9=1775, 99.99=11847] 
2021-03-02 14:12:40:190 340 sec: 1062537 operations; 3653 current ops/sec; est completion in 1 minute [INSERT: Count=3654, Max=5783, Min=474, Avg=542.62, 90=572, 99=672, 99.9=1226, 99.99=5783] 
2021-03-02 14:12:41:190 341 sec: 1066242 operations; 3705 current ops/sec; est completion in 1 minute [INSERT: Count=3703, Max=5155, Min=482, Avg=534.88, 90=562, 99=661, 99.9=832, 99.99=5155] 
2021-03-02 14:12:42:190 342 sec: 1069934 operations; 3692 current ops/sec; est completion in 1 minute [INSERT: Count=3693, Max=3927, Min=473, Avg=536.85, 90=566, 99=663, 99.9=780, 99.99=3927] 
2021-03-02 14:12:43:190 343 sec: 1073622 operations; 3688 current ops/sec; est completion in 1 minute [INSERT: Count=3689, Max=1677, Min=469, Avg=537.63, 90=571, 99=692, 99.9=791, 99.99=1677] 
2021-03-02 14:12:44:190 344 sec: 1077303 operations; 3681 current ops/sec; est completion in 1 minute [INSERT: Count=3680, Max=10767, Min=474, Avg=538.7, 90=568, 99=653, 99.9=774, 99.99=10767] 
2021-03-02 14:12:45:190 345 sec: 1080981 operations; 3678 current ops/sec; est completion in 1 minute [INSERT: Count=3677, Max=5315, Min=477, Avg=539.17, 90=568, 99=661, 99.9=922, 99.99=5315] 
2021-03-02 14:12:46:190 346 sec: 1084656 operations; 3675 current ops/sec; est completion in 1 minute [INSERT: Count=3676, Max=10543, Min=476, Avg=539.54, 90=564, 99=672, 99.9=1042, 99.99=10543] 
2021-03-02 14:12:47:190 347 sec: 1088343 operations; 3687 current ops/sec; est completion in 1 minute [INSERT: Count=3687, Max=8119, Min=480, Avg=537.68, 90=564, 99=662, 99.9=956, 99.99=8119] 
2021-03-02 14:12:48:190 348 sec: 1091959 operations; 3616 current ops/sec; est completion in 1 minute [INSERT: Count=3615, Max=10695, Min=482, Avg=548.32, 90=586, 99=688, 99.9=1188, 99.99=10695] 
2021-03-02 14:12:49:190 349 sec: 1095546 operations; 3587 current ops/sec; est completion in 1 minute [INSERT: Count=3588, Max=10551, Min=487, Avg=552.77, 90=581, 99=681, 99.9=1706, 99.99=10551] 
2021-03-02 14:12:50:190 350 sec: 1099064 operations; 3518 current ops/sec; est completion in 1 minute [INSERT: Count=3517, Max=10199, Min=492, Avg=563.74, 90=596, 99=705, 99.9=1014, 99.99=10199] 
2021-03-02 14:12:51:190 351 sec: 1102657 operations; 3593 current ops/sec; est completion in 1 minute [INSERT: Count=3594, Max=1831, Min=493, Avg=551.59, 90=584, 99=673, 99.9=1102, 99.99=1831] 
2021-03-02 14:12:52:190 352 sec: 1106208 operations; 3551 current ops/sec; est completion in 1 minute [INSERT: Count=3550, Max=24287, Min=492, Avg=558.53, 90=587, 99=674, 99.9=1164, 99.99=24287] 
2021-03-02 14:12:53:190 353 sec: 1109719 operations; 3511 current ops/sec; est completion in 1 minute [INSERT: Count=3511, Max=11143, Min=486, Avg=564.61, 90=593, 99=701, 99.9=2227, 99.99=11143] 
2021-03-02 14:12:54:190 354 sec: 1113349 operations; 3630 current ops/sec; est completion in 1 minute [INSERT: Count=3630, Max=2273, Min=491, Avg=546.46, 90=577, 99=665, 99.9=1204, 99.99=2273] 
2021-03-02 14:12:55:190 355 sec: 1116892 operations; 3543 current ops/sec; est completion in 1 minute [INSERT: Count=3543, Max=9007, Min=494, Avg=559.29, 90=589, 99=706, 99.9=1514, 99.99=9007] 
2021-03-02 14:12:56:190 356 sec: 1120499 operations; 3607 current ops/sec; est completion in 1 minute [INSERT: Count=3607, Max=2205, Min=490, Avg=549.85, 90=578, 99=673, 99.9=1276, 99.99=2205] 
2021-03-02 14:12:57:190 357 sec: 1124145 operations; 3646 current ops/sec; est completion in 1 minute [INSERT: Count=3647, Max=19503, Min=474, Avg=544.41, 90=573, 99=654, 99.9=3691, 99.99=19503] 
2021-03-02 14:12:58:190 358 sec: 1127896 operations; 3751 current ops/sec; est completion in 59 seconds [INSERT: Count=3751, Max=1692, Min=467, Avg=529.07, 90=559, 99=634, 99.9=748, 99.99=1692] 
2021-03-02 14:12:59:190 359 sec: 1131668 operations; 3772 current ops/sec; est completion in 57 seconds [INSERT: Count=3771, Max=1734, Min=467, Avg=525.88, 90=555, 99=655, 99.9=772, 99.99=1734] 
2021-03-02 14:13:00:190 360 sec: 1135395 operations; 3727 current ops/sec; est completion in 56 seconds [INSERT: Count=3727, Max=1333, Min=474, Avg=528.23, 90=561, 99=636, 99.9=770, 99.99=1333] 
2021-03-02 14:13:01:190 361 sec: 1139023 operations; 3628 current ops/sec; est completion in 55 seconds [INSERT: Count=3628, Max=23263, Min=482, Avg=550.38, 90=569, 99=645, 99.9=824, 99.99=23263] 
2021-03-02 14:13:02:190 362 sec: 1142714 operations; 3691 current ops/sec; est completion in 54 seconds [INSERT: Count=3692, Max=2211, Min=479, Avg=536.97, 90=567, 99=661, 99.9=908, 99.99=2211] 
2021-03-02 14:13:03:190 363 sec: 1146330 operations; 3616 current ops/sec; est completion in 53 seconds [INSERT: Count=3615, Max=20463, Min=483, Avg=548.44, 90=572, 99=687, 99.9=821, 99.99=20463] 
2021-03-02 14:13:04:190 364 sec: 1149992 operations; 3662 current ops/sec; est completion in 51 seconds [INSERT: Count=3663, Max=6231, Min=480, Avg=541.48, 90=576, 99=671, 99.9=910, 99.99=6231] 
2021-03-02 14:13:05:190 365 sec: 1153709 operations; 3717 current ops/sec; est completion in 50 seconds [INSERT: Count=3716, Max=2067, Min=486, Avg=533.76, 90=563, 99=654, 99.9=836, 99.99=2067] 
2021-03-02 14:13:06:190 366 sec: 1157393 operations; 3684 current ops/sec; est completion in 49 seconds [INSERT: Count=3684, Max=1429, Min=483, Avg=538.13, 90=568, 99=679, 99.9=948, 99.99=1429] 
2021-03-02 14:13:07:190 367 sec: 1160983 operations; 3590 current ops/sec; est completion in 48 seconds [INSERT: Count=3591, Max=4631, Min=484, Avg=551.81, 90=579, 99=689, 99.9=1381, 99.99=4631] 
2021-03-02 14:13:08:190 368 sec: 1164715 operations; 3732 current ops/sec; est completion in 47 seconds [INSERT: Count=3731, Max=1927, Min=475, Avg=531.62, 90=564, 99=653, 99.9=1035, 99.99=1927] 
2021-03-02 14:13:09:190 369 sec: 1168446 operations; 3731 current ops/sec; est completion in 45 seconds [INSERT: Count=3731, Max=2395, Min=480, Avg=531.5, 90=559, 99=665, 99.9=1362, 99.99=2395] 
2021-03-02 14:13:10:190 370 sec: 1172129 operations; 3683 current ops/sec; est completion in 44 seconds [INSERT: Count=3685, Max=23311, Min=470, Avg=539.02, 90=562, 99=662, 99.9=1655, 99.99=23311] 
2021-03-02 14:13:11:190 371 sec: 1175920 operations; 3791 current ops/sec; est completion in 43 seconds [INSERT: Count=3789, Max=1539, Min=472, Avg=523.21, 90=551, 99=640, 99.9=865, 99.99=1539] 
2021-03-02 14:13:12:190 372 sec: 1179569 operations; 3649 current ops/sec; est completion in 42 seconds [INSERT: Count=3649, Max=21983, Min=472, Avg=543.51, 90=562, 99=683, 99.9=1549, 99.99=21983] 
2021-03-02 14:13:13:190 373 sec: 1183252 operations; 3683 current ops/sec; est completion in 41 seconds [INSERT: Count=3683, Max=7935, Min=476, Avg=538.39, 90=569, 99=665, 99.9=1793, 99.99=7935] 
2021-03-02 14:13:14:190 374 sec: 1186955 operations; 3703 current ops/sec; est completion in 39 seconds [INSERT: Count=3703, Max=11583, Min=457, Avg=535.76, 90=556, 99=634, 99.9=4939, 99.99=11583] 
2021-03-02 14:13:15:190 375 sec: 1190386 operations; 3431 current ops/sec; est completion in 38 seconds [INSERT: Count=3432, Max=20911, Min=484, Avg=578.9, 90=624, 99=753, 99.9=4187, 99.99=20911] 
2021-03-02 14:13:16:190 376 sec: 1194052 operations; 3666 current ops/sec; est completion in 37 seconds [INSERT: Count=3666, Max=902, Min=476, Avg=541.89, 90=584, 99=680, 99.9=775, 99.99=902] 
2021-03-02 14:13:17:190 377 sec: 1197250 operations; 3198 current ops/sec; est completion in 36 seconds [INSERT: Count=3197, Max=56735, Min=478, Avg=597.05, 90=579, 99=676, 99.9=27615, 99.99=56735] 
2021-03-02 14:13:18:190 378 sec: 1200603 operations; 3353 current ops/sec; est completion in 35 seconds [INSERT: Count=3354, Max=97983, Min=469, Avg=615.81, 90=565, 99=709, 99.9=56159, 99.99=97983] 
2021-03-02 14:13:19:190 379 sec: 1204367 operations; 3764 current ops/sec; est completion in 34 seconds [INSERT: Count=3764, Max=1552, Min=470, Avg=527.25, 90=563, 99=630, 99.9=754, 99.99=1552] 
2021-03-02 14:13:20:190 380 sec: 1208198 operations; 3831 current ops/sec; est completion in 33 seconds [INSERT: Count=3831, Max=1718, Min=466, Avg=517.74, 90=544, 99=637, 99.9=985, 99.99=1718] 
2021-03-02 14:13:21:190 381 sec: 1211994 operations; 3796 current ops/sec; est completion in 32 seconds [INSERT: Count=3795, Max=7975, Min=465, Avg=522.52, 90=546, 99=634, 99.9=774, 99.99=7975] 
2021-03-02 14:13:22:190 382 sec: 1215807 operations; 3813 current ops/sec; est completion in 30 seconds [INSERT: Count=3814, Max=5531, Min=462, Avg=520.26, 90=546, 99=631, 99.9=800, 99.99=5531] 
2021-03-02 14:13:23:190 383 sec: 1219575 operations; 3768 current ops/sec; est completion in 29 seconds [INSERT: Count=3768, Max=2063, Min=462, Avg=526.48, 90=561, 99=678, 99.9=1125, 99.99=2063] 
2021-03-02 14:13:24:190 384 sec: 1223402 operations; 3827 current ops/sec; est completion in 28 seconds [INSERT: Count=3827, Max=1825, Min=455, Avg=518.92, 90=544, 99=638, 99.9=934, 99.99=1825] 
2021-03-02 14:13:25:190 385 sec: 1227149 operations; 3747 current ops/sec; est completion in 27 seconds [INSERT: Count=3747, Max=1290, Min=465, Avg=529.29, 90=562, 99=681, 99.9=1029, 99.99=1290] 
2021-03-02 14:13:26:190 386 sec: 1230922 operations; 3773 current ops/sec; est completion in 26 seconds [INSERT: Count=3773, Max=2083, Min=463, Avg=525.71, 90=554, 99=665, 99.9=1495, 99.99=2083] 
2021-03-02 14:13:27:190 387 sec: 1234679 operations; 3757 current ops/sec; est completion in 24 seconds [INSERT: Count=3757, Max=11751, Min=456, Avg=528.23, 90=551, 99=636, 99.9=1722, 99.99=11751] 
2021-03-02 14:13:28:190 388 sec: 1238432 operations; 3753 current ops/sec; est completion in 23 seconds [INSERT: Count=3754, Max=5607, Min=471, Avg=528.86, 90=560, 99=665, 99.9=804, 99.99=5607] 
2021-03-02 14:13:29:190 389 sec: 1242132 operations; 3700 current ops/sec; est completion in 22 seconds [INSERT: Count=3699, Max=1962, Min=467, Avg=535.44, 90=575, 99=674, 99.9=793, 99.99=1962] 
2021-03-02 14:13:30:190 390 sec: 1245873 operations; 3741 current ops/sec; est completion in 21 seconds [INSERT: Count=3741, Max=4723, Min=473, Avg=530.43, 90=560, 99=695, 99.9=1576, 99.99=4723] 
2021-03-02 14:13:31:190 391 sec: 1249569 operations; 3696 current ops/sec; est completion in 20 seconds [INSERT: Count=3695, Max=14831, Min=466, Avg=536.37, 90=560, 99=665, 99.9=798, 99.99=14831] 
2021-03-02 14:13:32:190 392 sec: 1253251 operations; 3682 current ops/sec; est completion in 18 seconds [INSERT: Count=3682, Max=4711, Min=479, Avg=538.37, 90=564, 99=650, 99.9=837, 99.99=4711] 
2021-03-02 14:13:33:190 393 sec: 1256963 operations; 3712 current ops/sec; est completion in 17 seconds [INSERT: Count=3712, Max=2003, Min=487, Avg=534.22, 90=555, 99=608, 99.9=766, 99.99=2003] 
2021-03-02 14:13:34:190 394 sec: 1260662 operations; 3699 current ops/sec; est completion in 16 seconds [INSERT: Count=3700, Max=4195, Min=479, Avg=535.5, 90=558, 99=636, 99.9=783, 99.99=4195] 
2021-03-02 14:13:35:190 395 sec: 1264468 operations; 3806 current ops/sec; est completion in 15 seconds [INSERT: Count=3806, Max=1946, Min=466, Avg=521.09, 90=550, 99=632, 99.9=744, 99.99=1946] 
2021-03-02 14:13:36:190 396 sec: 1268272 operations; 3804 current ops/sec; est completion in 14 seconds [INSERT: Count=3803, Max=1487, Min=469, Avg=521.59, 90=544, 99=591, 99.9=741, 99.99=1487] 
2021-03-02 14:13:37:190 397 sec: 1272074 operations; 3802 current ops/sec; est completion in 13 seconds [INSERT: Count=3802, Max=1854, Min=470, Avg=521.98, 90=543, 99=599, 99.9=1126, 99.99=1854] 
2021-03-02 14:13:38:190 398 sec: 1275894 operations; 3820 current ops/sec; est completion in 11 seconds [INSERT: Count=3820, Max=1261, Min=472, Avg=519.28, 90=543, 99=595, 99.9=804, 99.99=1261] 
2021-03-02 14:13:39:190 399 sec: 1279711 operations; 3817 current ops/sec; est completion in 10 seconds [INSERT: Count=3817, Max=1284, Min=461, Avg=519.62, 90=543, 99=595, 99.9=898, 99.99=1284] 
2021-03-02 14:13:40:190 400 sec: 1283481 operations; 3770 current ops/sec; est completion in 9 second [INSERT: Count=3770, Max=5139, Min=457, Avg=526.29, 90=548, 99=619, 99.9=1658, 99.99=5139] 
2021-03-02 14:13:41:190 401 sec: 1287224 operations; 3743 current ops/sec; est completion in 8 second [INSERT: Count=3744, Max=5859, Min=472, Avg=529.6, 90=555, 99=667, 99.9=1487, 99.99=5859] 
2021-03-02 14:13:42:190 402 sec: 1290995 operations; 3771 current ops/sec; est completion in 7 second [INSERT: Count=3770, Max=2044, Min=466, Avg=526.04, 90=555, 99=645, 99.9=868, 99.99=2044] 
2021-03-02 14:13:43:190 403 sec: 1294707 operations; 3712 current ops/sec; est completion in 5 second [INSERT: Count=3713, Max=3455, Min=462, Avg=534.1, 90=569, 99=699, 99.9=1416, 99.99=3455] 
2021-03-02 14:13:44:190 404 sec: 1298464 operations; 3757 current ops/sec; est completion in 4 second [INSERT: Count=3756, Max=1647, Min=471, Avg=527.99, 90=559, 99=656, 99.9=781, 99.99=1647] 
2021-03-02 14:13:45:190 405 sec: 1302234 operations; 3770 current ops/sec; est completion in 3 second [INSERT: Count=3770, Max=1843, Min=473, Avg=525.95, 90=554, 99=633, 99.9=1348, 99.99=1843] 
2021-03-02 14:13:46:190 406 sec: 1305978 operations; 3744 current ops/sec; est completion in 2 second [INSERT: Count=3744, Max=1648, Min=475, Avg=529.83, 90=560, 99=641, 99.9=1009, 99.99=1648] 
2021-03-02 14:13:47:190 407 sec: 1309761 operations; 3783 current ops/sec; est completion in 1 second [INSERT: Count=3785, Max=1726, Min=473, Avg=524.19, 90=553, 99=645, 99.9=1246, 99.99=1726] 
2021-03-02 14:13:47:503 407 sec: 1310720 operations; 3063.9 current ops/sec; [CLEANUP: Count=2, Max=6, Min=3, Avg=4.5, 90=6, 99=6, 99.9=6, 99.99=6] [INSERT: Count=957, Max=1654, Min=471, Avg=530.09, 90=578, 99=684, 99.9=1394, 99.99=1654] 
[OVERALL], RunTime(ms), 407313
[OVERALL], Throughput(ops/sec), 3217.9675090164073
[TOTAL_GCS_G1_Young_Generation], Count, 28
[TOTAL_GC_TIME_G1_Young_Generation], Time(ms), 617
[TOTAL_GC_TIME_%_G1_Young_Generation], Time(%), 0.15148055672173488
[TOTAL_GCS_G1_Old_Generation], Count, 0
[TOTAL_GC_TIME_G1_Old_Generation], Time(ms), 0
[TOTAL_GC_TIME_%_G1_Old_Generation], Time(%), 0.0
[TOTAL_GCs], Count, 28
[TOTAL_GC_TIME], Time(ms), 617
[TOTAL_GC_TIME_%], Time(%), 0.15148055672173488
[CLEANUP], Operations, 2
[CLEANUP], AverageLatency(us), 4.5
[CLEANUP], MinLatency(us), 3
[CLEANUP], MaxLatency(us), 6
[CLEANUP], 95thPercentileLatency(us), 6
[CLEANUP], 99thPercentileLatency(us), 6
[INSERT], Operations, 1310720
[INSERT], AverageLatency(us), 616.1674301147461
[INSERT], MinLatency(us), 442
[INSERT], MaxLatency(us), 29294591
[INSERT], 95thPercentileLatency(us), 653
[INSERT], 99thPercentileLatency(us), 1194
[INSERT], Return=OK, 1310720
