Command line: -t -s -db smarttrie.app.client.Client -threads 2 -P config/workload -p recordcount=1310720 -p operationcount=1000000
YCSB Client 0.17.0

Loading workload...
Starting test.
DBWrapper: report latency for each error is false and specific error codes to track for latency are: []
DBWrapper: report latency for each error is false and specific error codes to track for latency are: []
2021-03-02 14:14:03:989 0 sec: 0 operations; est completion in 0 second 
2021-03-02 14:14:04:895 1 sec: 0 operations; est completion in 106751991167300 days 15 hours 
2021-03-02 14:14:05.056 [Thread-3] INFO  b.c.c.n.NettyClientServerCommunicationSystemClientSide - Connecting to replica 0 at /192.168.3.41:11000
2021-03-02 14:14:05.056 [Thread-2] INFO  b.c.c.n.NettyClientServerCommunicationSystemClientSide - Connecting to replica 0 at /192.168.3.41:11000
2021-03-02 14:14:05.094 [nioEventLoopGroup-3-1] INFO  b.c.c.n.NettyClientServerCommunicationSystemClientSide - Channel active
2021-03-02 14:14:05.094 [nioEventLoopGroup-2-1] INFO  b.c.c.n.NettyClientServerCommunicationSystemClientSide - Channel active
2021-03-02 14:14:05:894 2 sec: 665 operations; 665 current ops/sec; est completion in 50 minutes [UPDATE: Count=670, Max=1311743, Min=1068, Avg=5773.97, 90=2677, 99=5739, 99.9=1310719, 99.99=1311743] 
2021-03-02 14:14:06:894 3 sec: 2240 operations; 1575 current ops/sec; est completion in 22 minutes [UPDATE: Count=1571, Max=8983, Min=730, Avg=1199.75, 90=1554, 99=3187, 99.9=6587, 99.99=8983] 
2021-03-02 14:14:07:895 4 sec: 4333 operations; 2093 current ops/sec; est completion in 15 minutes [UPDATE: Count=2092, Max=24639, Min=685, Avg=926.09, 90=1038, 99=2175, 99.9=11039, 99.99=24639] 
2021-03-02 14:14:08:895 5 sec: 6471 operations; 2138 current ops/sec; est completion in 12 minutes [UPDATE: Count=2138, Max=25807, Min=632, Avg=909.63, 90=1066, 99=2059, 99.9=8671, 99.99=25807] 
2021-03-02 14:14:09:894 6 sec: 8960 operations; 2489 current ops/sec; est completion in 11 minutes [UPDATE: Count=2489, Max=12519, Min=617, Avg=780.19, 90=847, 99=1406, 99.9=8975, 99.99=12519] 
2021-03-02 14:14:10:894 7 sec: 11545 operations; 2585 current ops/sec; est completion in 10 minutes [UPDATE: Count=2588, Max=33535, Min=614, Avg=752.26, 90=796, 99=1120, 99.9=5739, 99.99=33535] 
2021-03-02 14:14:11:894 8 sec: 14380 operations; 2835 current ops/sec; est completion in 9 minutes [UPDATE: Count=2832, Max=8871, Min=578, Avg=691.32, 90=744, 99=924, 99.9=6407, 99.99=8871] 
2021-03-02 14:14:12:895 9 sec: 17005 operations; 2625 current ops/sec; est completion in 8 minutes [UPDATE: Count=2626, Max=34143, Min=624, Avg=746.88, 90=783, 99=1012, 99.9=4655, 99.99=34143] 
2021-03-02 14:14:13:894 10 sec: 19835 operations; 2830 current ops/sec; est completion in 8 minutes [UPDATE: Count=2831, Max=13119, Min=601, Avg=695.7, 90=742, 99=928, 99.9=4295, 99.99=13119] 
2021-03-02 14:14:14:910 11 sec: 22504 operations; 2629.56 current ops/sec; est completion in 7 minutes [UPDATE: Count=2669, Max=28735, Min=590, Avg=742.32, 90=779, 99=1084, 99.9=11391, 99.99=28735] 
2021-03-02 14:14:15:895 12 sec: 25370 operations; 2909.64 current ops/sec; est completion in 7 minutes [UPDATE: Count=2867, Max=5879, Min=591, Avg=678.69, 90=741, 99=861, 99.9=3209, 99.99=5879] 
2021-03-02 14:14:16:895 13 sec: 28387 operations; 3017 current ops/sec; est completion in 7 minutes [UPDATE: Count=3015, Max=3941, Min=564, Avg=654.69, 90=705, 99=855, 99.9=1037, 99.99=3941] 
2021-03-02 14:14:17:894 14 sec: 31344 operations; 2957 current ops/sec; est completion in 7 minutes [UPDATE: Count=2956, Max=21663, Min=572, Avg=668.76, 90=688, 99=801, 99.9=6499, 99.99=21663] 
2021-03-02 14:14:18:894 15 sec: 34467 operations; 3123 current ops/sec; est completion in 7 minutes [UPDATE: Count=3125, Max=5307, Min=566, Avg=633.79, 90=676, 99=794, 99.9=2239, 99.99=5307] 
2021-03-02 14:14:19:894 16 sec: 37557 operations; 3090 current ops/sec; est completion in 6 minutes [UPDATE: Count=3091, Max=1432, Min=572, Avg=641.41, 90=687, 99=773, 99.9=942, 99.99=1432] 
2021-03-02 14:14:20:919 17 sec: 40547 operations; 2990 current ops/sec; est completion in 6 minutes [UPDATE: Count=2989, Max=25327, Min=572, Avg=678.35, 90=712, 99=813, 99.9=3747, 99.99=25327] 
2021-03-02 14:14:21:894 18 sec: 43542 operations; 2995 current ops/sec; est completion in 6 minutes [UPDATE: Count=2994, Max=3489, Min=573, Avg=644.02, 90=690, 99=791, 99.9=1350, 99.99=3489] 
2021-03-02 14:14:22:894 19 sec: 46620 operations; 3078 current ops/sec; est completion in 6 minutes [UPDATE: Count=3078, Max=1201, Min=566, Avg=643.53, 90=699, 99=789, 99.9=932, 99.99=1201] 
2021-03-02 14:14:23:894 20 sec: 49698 operations; 3078 current ops/sec; est completion in 6 minutes [UPDATE: Count=3078, Max=1604, Min=574, Avg=643.72, 90=688, 99=763, 99.9=878, 99.99=1604] 
2021-03-02 14:14:24:894 21 sec: 52672 operations; 2974 current ops/sec; est completion in 6 minutes [UPDATE: Count=2975, Max=3701, Min=571, Avg=665.83, 90=709, 99=802, 99.9=3351, 99.99=3701] 
2021-03-02 14:14:25:894 22 sec: 55550 operations; 2878 current ops/sec; est completion in 6 minutes [UPDATE: Count=2877, Max=20527, Min=582, Avg=687.24, 90=725, 99=832, 99.9=1165, 99.99=20527] 
2021-03-02 14:14:26:894 23 sec: 58438 operations; 2888 current ops/sec; est completion in 6 minutes [UPDATE: Count=2889, Max=5351, Min=588, Avg=684.87, 90=739, 99=918, 99.9=1557, 99.99=5351] 
2021-03-02 14:14:27:894 24 sec: 61292 operations; 2854 current ops/sec; est completion in 6 minutes [UPDATE: Count=2855, Max=6235, Min=596, Avg=691.89, 90=763, 99=881, 99.9=993, 99.99=6235] 
2021-03-02 14:14:28:894 25 sec: 64367 operations; 3075 current ops/sec; est completion in 6 minutes [UPDATE: Count=3075, Max=5175, Min=574, Avg=644.53, 90=694, 99=805, 99.9=961, 99.99=5175] 
2021-03-02 14:14:29:894 26 sec: 67392 operations; 3025 current ops/sec; est completion in 6 minutes [UPDATE: Count=3025, Max=4275, Min=559, Avg=655.21, 90=705, 99=820, 99.9=939, 99.99=4275] 
2021-03-02 14:14:30:895 27 sec: 70314 operations; 2922 current ops/sec; est completion in 5 minutes [UPDATE: Count=2920, Max=19311, Min=575, Avg=677.82, 90=727, 99=855, 99.9=2639, 99.99=19311] 
2021-03-02 14:14:31:894 28 sec: 73405 operations; 3091 current ops/sec; est completion in 5 minutes [UPDATE: Count=3093, Max=3733, Min=573, Avg=640.52, 90=684, 99=769, 99.9=983, 99.99=3733] 
2021-03-02 14:14:32:895 29 sec: 76514 operations; 3109 current ops/sec; est completion in 5 minutes [UPDATE: Count=3108, Max=6443, Min=566, Avg=636.43, 90=675, 99=789, 99.9=1210, 99.99=6443] 
2021-03-02 14:14:33:894 30 sec: 79611 operations; 3097 current ops/sec; est completion in 5 minutes [UPDATE: Count=3098, Max=4367, Min=568, Avg=639.58, 90=679, 99=763, 99.9=1112, 99.99=4367] 
2021-03-02 14:14:34:894 31 sec: 82707 operations; 3096 current ops/sec; est completion in 5 minutes [UPDATE: Count=3097, Max=11983, Min=569, Avg=639.34, 90=683, 99=799, 99.9=990, 99.99=11983] 
2021-03-02 14:14:35:894 32 sec: 85678 operations; 2971 current ops/sec; est completion in 5 minutes [UPDATE: Count=2969, Max=1891, Min=577, Avg=666.87, 90=713, 99=842, 99.9=966, 99.99=1891] 
2021-03-02 14:14:36:894 33 sec: 88679 operations; 3001 current ops/sec; est completion in 5 minutes [UPDATE: Count=3001, Max=5139, Min=595, Avg=660.28, 90=691, 99=810, 99.9=1298, 99.99=5139] 
2021-03-02 14:14:37:894 34 sec: 91600 operations; 2921 current ops/sec; est completion in 5 minutes [UPDATE: Count=2920, Max=23871, Min=563, Avg=676.89, 90=717, 99=817, 99.9=1304, 99.99=23871] 
2021-03-02 14:14:38:895 35 sec: 94704 operations; 3104 current ops/sec; est completion in 5 minutes [UPDATE: Count=3104, Max=3373, Min=572, Avg=639.45, 90=683, 99=761, 99.9=886, 99.99=3373] 
2021-03-02 14:14:39:894 36 sec: 97830 operations; 3126 current ops/sec; est completion in 5 minutes [UPDATE: Count=3127, Max=2679, Min=554, Avg=634.82, 90=680, 99=754, 99.9=963, 99.99=2679] 
2021-03-02 14:14:40:894 37 sec: 100937 operations; 3107 current ops/sec; est completion in 5 minutes [UPDATE: Count=3106, Max=1270, Min=561, Avg=638.84, 90=689, 99=774, 99.9=966, 99.99=1270] 
2021-03-02 14:14:41:894 38 sec: 104036 operations; 3099 current ops/sec; est completion in 5 minutes [UPDATE: Count=3101, Max=1559, Min=554, Avg=640.09, 90=688, 99=782, 99.9=1225, 99.99=1559] 
2021-03-02 14:14:42:894 39 sec: 107167 operations; 3131 current ops/sec; est completion in 5 minutes [UPDATE: Count=3128, Max=5315, Min=562, Avg=633.48, 90=668, 99=777, 99.9=1519, 99.99=5315] 
2021-03-02 14:14:43:894 40 sec: 110186 operations; 3019 current ops/sec; est completion in 5 minutes [UPDATE: Count=3020, Max=3339, Min=580, Avg=656.13, 90=704, 99=821, 99.9=1851, 99.99=3339] 
2021-03-02 14:14:44:894 41 sec: 113188 operations; 3002 current ops/sec; est completion in 5 minutes [UPDATE: Count=3003, Max=8783, Min=586, Avg=660.53, 90=695, 99=808, 99.9=1140, 99.99=8783] 
2021-03-02 14:14:45:894 42 sec: 116139 operations; 2951 current ops/sec; est completion in 5 minutes [UPDATE: Count=2951, Max=7719, Min=587, Avg=671.43, 90=711, 99=813, 99.9=913, 99.99=7719] 
2021-03-02 14:14:46:894 43 sec: 119041 operations; 2902 current ops/sec; est completion in 5 minutes [UPDATE: Count=2900, Max=21215, Min=593, Avg=682.46, 90=701, 99=789, 99.9=4771, 99.99=21215] 
2021-03-02 14:14:47:894 44 sec: 122170 operations; 3129 current ops/sec; est completion in 5 minutes [UPDATE: Count=3131, Max=9447, Min=560, Avg=632.69, 90=653, 99=806, 99.9=2827, 99.99=9447] 
2021-03-02 14:14:48:894 45 sec: 125421 operations; 3251 current ops/sec; est completion in 5 minutes [UPDATE: Count=3250, Max=1105, Min=560, Avg=610.22, 90=640, 99=730, 99.9=783, 99.99=1105] 
2021-03-02 14:14:49:894 46 sec: 128652 operations; 3231 current ops/sec; est completion in 5 minutes [UPDATE: Count=3232, Max=2127, Min=547, Avg=613.36, 90=643, 99=704, 99.9=925, 99.99=2127] 
2021-03-02 14:14:50:894 47 sec: 131822 operations; 3170 current ops/sec; est completion in 5 minutes [UPDATE: Count=3170, Max=2619, Min=556, Avg=625.42, 90=661, 99=763, 99.9=846, 99.99=2619] 
2021-03-02 14:14:51:894 48 sec: 135005 operations; 3183 current ops/sec; est completion in 5 minutes [UPDATE: Count=3181, Max=893, Min=567, Avg=622.97, 90=655, 99=751, 99.9=843, 99.99=893] 
2021-03-02 14:14:52:894 49 sec: 138208 operations; 3203 current ops/sec; est completion in 5 minutes [UPDATE: Count=3204, Max=5719, Min=567, Avg=619.47, 90=646, 99=735, 99.9=1208, 99.99=5719] 
2021-03-02 14:14:53:894 50 sec: 141434 operations; 3226 current ops/sec; est completion in 5 minutes [UPDATE: Count=3227, Max=3197, Min=553, Avg=614.95, 90=645, 99=723, 99.9=1291, 99.99=3197] 
2021-03-02 14:14:54:894 51 sec: 144577 operations; 3143 current ops/sec; est completion in 5 minutes [UPDATE: Count=3141, Max=1248, Min=563, Avg=630.89, 90=685, 99=756, 99.9=847, 99.99=1248] 
2021-03-02 14:14:55:894 52 sec: 147610 operations; 3033 current ops/sec; est completion in 5 minutes [UPDATE: Count=3036, Max=9359, Min=568, Avg=652.86, 90=701, 99=805, 99.9=2151, 99.99=9359] 
2021-03-02 14:14:56:894 53 sec: 150639 operations; 3029 current ops/sec; est completion in 4 minutes [UPDATE: Count=3028, Max=955, Min=599, Avg=654.14, 90=689, 99=808, 99.9=922, 99.99=955] 
2021-03-02 14:14:57:894 54 sec: 153607 operations; 2968 current ops/sec; est completion in 4 minutes [UPDATE: Count=2967, Max=26479, Min=554, Avg=667.88, 90=701, 99=813, 99.9=1603, 99.99=26479] 
2021-03-02 14:14:58:894 55 sec: 156774 operations; 3167 current ops/sec; est completion in 4 minutes [UPDATE: Count=3168, Max=7435, Min=564, Avg=625.36, 90=652, 99=755, 99.9=962, 99.99=7435] 
2021-03-02 14:14:59:894 56 sec: 159943 operations; 3169 current ops/sec; est completion in 4 minutes [UPDATE: Count=3169, Max=2113, Min=561, Avg=625.34, 90=660, 99=780, 99.9=898, 99.99=2113] 
2021-03-02 14:15:00:894 57 sec: 163105 operations; 3162 current ops/sec; est completion in 4 minutes [UPDATE: Count=3160, Max=6219, Min=564, Avg=627.04, 90=665, 99=773, 99.9=858, 99.99=6219] 
2021-03-02 14:15:01:894 58 sec: 166041 operations; 2936 current ops/sec; est completion in 4 minutes [UPDATE: Count=2937, Max=10599, Min=568, Avg=674.18, 90=732, 99=851, 99.9=1081, 99.99=10599] 
2021-03-02 14:15:02:894 59 sec: 168991 operations; 2950 current ops/sec; est completion in 4 minutes [UPDATE: Count=2949, Max=1576, Min=588, Avg=671.72, 90=729, 99=898, 99.9=1106, 99.99=1576] 
2021-03-02 14:15:03:894 60 sec: 172013 operations; 3022 current ops/sec; est completion in 4 minutes [UPDATE: Count=3022, Max=2167, Min=583, Avg=655.86, 90=716, 99=820, 99.9=1103, 99.99=2167] 
2021-03-02 14:15:04:894 61 sec: 175020 operations; 3007 current ops/sec; est completion in 4 minutes [UPDATE: Count=3009, Max=11647, Min=587, Avg=658.74, 90=695, 99=785, 99.9=1053, 99.99=11647] 
2021-03-02 14:15:05:894 62 sec: 178075 operations; 3055 current ops/sec; est completion in 4 minutes [UPDATE: Count=3054, Max=1594, Min=572, Avg=648.95, 90=688, 99=790, 99.9=1049, 99.99=1594] 
2021-03-02 14:15:06:894 63 sec: 181244 operations; 3169 current ops/sec; est completion in 4 minutes [UPDATE: Count=3168, Max=2059, Min=578, Avg=626.1, 90=659, 99=753, 99.9=995, 99.99=2059] 
2021-03-02 14:15:07:894 64 sec: 184422 operations; 3178 current ops/sec; est completion in 4 minutes [UPDATE: Count=3179, Max=2275, Min=568, Avg=623.99, 90=654, 99=730, 99.9=1044, 99.99=2275] 
2021-03-02 14:15:08:894 65 sec: 187580 operations; 3158 current ops/sec; est completion in 4 minutes [UPDATE: Count=3158, Max=917, Min=572, Avg=628.41, 90=666, 99=759, 99.9=855, 99.99=917] 
2021-03-02 14:15:09:894 66 sec: 190534 operations; 2954 current ops/sec; est completion in 4 minutes [UPDATE: Count=2954, Max=21935, Min=600, Avg=670.79, 90=693, 99=789, 99.9=1576, 99.99=21935] 
2021-03-02 14:15:10:894 67 sec: 193585 operations; 3051 current ops/sec; est completion in 4 minutes [UPDATE: Count=3051, Max=2009, Min=571, Avg=649.21, 90=690, 99=792, 99.9=1013, 99.99=2009] 
2021-03-02 14:15:11:894 68 sec: 196598 operations; 3013 current ops/sec; est completion in 4 minutes [UPDATE: Count=3013, Max=2455, Min=591, Avg=658.25, 90=709, 99=810, 99.9=897, 99.99=2455] 
2021-03-02 14:15:12:894 69 sec: 199646 operations; 3048 current ops/sec; est completion in 4 minutes [UPDATE: Count=3048, Max=4939, Min=575, Avg=649.39, 90=691, 99=838, 99.9=1778, 99.99=4939] 
2021-03-02 14:15:13:894 70 sec: 202783 operations; 3137 current ops/sec; est completion in 4 minutes [UPDATE: Count=3137, Max=1087, Min=569, Avg=631.67, 90=669, 99=786, 99.9=880, 99.99=1087] 
2021-03-02 14:15:14:894 71 sec: 205926 operations; 3143 current ops/sec; est completion in 4 minutes [UPDATE: Count=3142, Max=6495, Min=572, Avg=630.8, 90=667, 99=745, 99.9=884, 99.99=6495] 
2021-03-02 14:15:15:894 72 sec: 209038 operations; 3112 current ops/sec; est completion in 4 minutes [UPDATE: Count=3113, Max=1305, Min=573, Avg=637.62, 90=676, 99=761, 99.9=864, 99.99=1305] 
2021-03-02 14:15:16:894 73 sec: 212164 operations; 3126 current ops/sec; est completion in 4 minutes [UPDATE: Count=3126, Max=951, Min=572, Avg=634.65, 90=675, 99=755, 99.9=845, 99.99=951] 
2021-03-02 14:15:17:894 74 sec: 215350 operations; 3186 current ops/sec; est completion in 4 minutes [UPDATE: Count=3186, Max=1488, Min=572, Avg=622.82, 90=651, 99=745, 99.9=940, 99.99=1488] 
2021-03-02 14:15:18:895 75 sec: 218478 operations; 3128 current ops/sec; est completion in 4 minutes [UPDATE: Count=3130, Max=6143, Min=577, Avg=633.17, 90=663, 99=746, 99.9=1068, 99.99=6143] 
2021-03-02 14:15:19:894 76 sec: 221584 operations; 3106 current ops/sec; est completion in 4 minutes [UPDATE: Count=3103, Max=1059, Min=580, Avg=637.81, 90=680, 99=811, 99.9=960, 99.99=1059] 
2021-03-02 14:15:20:894 77 sec: 224662 operations; 3078 current ops/sec; est completion in 4 minutes [UPDATE: Count=3078, Max=2297, Min=567, Avg=643.88, 90=689, 99=794, 99.9=972, 99.99=2297] 
2021-03-02 14:15:21:894 78 sec: 227701 operations; 3039 current ops/sec; est completion in 4 minutes [UPDATE: Count=3039, Max=1768, Min=585, Avg=652.03, 90=693, 99=778, 99.9=934, 99.99=1768] 
2021-03-02 14:15:22:895 79 sec: 230557 operations; 2856 current ops/sec; est completion in 4 minutes [UPDATE: Count=2856, Max=26463, Min=581, Avg=694.02, 90=727, 99=856, 99.9=4887, 99.99=26463] 
2021-03-02 14:15:23:894 80 sec: 233669 operations; 3112 current ops/sec; est completion in 4 minutes [UPDATE: Count=3113, Max=1898, Min=573, Avg=637.4, 90=676, 99=755, 99.9=886, 99.99=1898] 
2021-03-02 14:15:24:894 81 sec: 236771 operations; 3102 current ops/sec; est completion in 4 minutes [UPDATE: Count=3102, Max=7227, Min=559, Avg=638.89, 90=681, 99=762, 99.9=890, 99.99=7227] 
2021-03-02 14:15:25:894 82 sec: 239864 operations; 3093 current ops/sec; est completion in 4 minutes [UPDATE: Count=3092, Max=1599, Min=567, Avg=641.35, 90=692, 99=816, 99.9=980, 99.99=1599] 
2021-03-02 14:15:26:894 83 sec: 242951 operations; 3087 current ops/sec; est completion in 4 minutes [UPDATE: Count=3088, Max=7271, Min=568, Avg=642.18, 90=689, 99=775, 99.9=1120, 99.99=7271] 
2021-03-02 14:15:27:894 84 sec: 246041 operations; 3090 current ops/sec; est completion in 4 minutes [UPDATE: Count=3090, Max=9575, Min=574, Avg=641.63, 90=684, 99=812, 99.9=1761, 99.99=9575] 
2021-03-02 14:15:28:894 85 sec: 249124 operations; 3083 current ops/sec; est completion in 4 minutes [UPDATE: Count=3083, Max=1963, Min=575, Avg=640.31, 90=687, 99=778, 99.9=875, 99.99=1963] 
2021-03-02 14:15:29:894 86 sec: 252218 operations; 3094 current ops/sec; est completion in 4 minutes [UPDATE: Count=3094, Max=9895, Min=569, Avg=640.85, 90=679, 99=759, 99.9=1058, 99.99=9895] 
2021-03-02 14:15:30:894 87 sec: 255209 operations; 2991 current ops/sec; est completion in 4 minutes [UPDATE: Count=2991, Max=2093, Min=588, Avg=662.63, 90=706, 99=837, 99.9=970, 99.99=2093] 
2021-03-02 14:15:31:894 88 sec: 258191 operations; 2982 current ops/sec; est completion in 4 minutes [UPDATE: Count=2981, Max=1978, Min=575, Avg=665.09, 90=712, 99=823, 99.9=967, 99.99=1978] 
2021-03-02 14:15:32:894 89 sec: 261210 operations; 3019 current ops/sec; est completion in 4 minutes [UPDATE: Count=3020, Max=1908, Min=589, Avg=656.81, 90=699, 99=799, 99.9=1567, 99.99=1908] 
2021-03-02 14:15:33:894 90 sec: 264165 operations; 2955 current ops/sec; est completion in 4 minutes [UPDATE: Count=2955, Max=9895, Min=594, Avg=670.17, 90=710, 99=818, 99.9=1930, 99.99=9895] 
2021-03-02 14:15:34:894 91 sec: 267113 operations; 2948 current ops/sec; est completion in 4 minutes [UPDATE: Count=2947, Max=6587, Min=608, Avg=671.83, 90=707, 99=824, 99.9=1002, 99.99=6587] 
2021-03-02 14:15:35:894 92 sec: 270016 operations; 2903 current ops/sec; est completion in 4 minutes [UPDATE: Count=2903, Max=26463, Min=581, Avg=682.93, 90=712, 99=821, 99.9=4355, 99.99=26463] 
2021-03-02 14:15:36:895 93 sec: 272980 operations; 2964 current ops/sec; est completion in 4 minutes [UPDATE: Count=2966, Max=6071, Min=589, Avg=668.68, 90=713, 99=856, 99.9=1769, 99.99=6071] 
2021-03-02 14:15:37:894 94 sec: 275926 operations; 2946 current ops/sec; est completion in 4 minutes [UPDATE: Count=2944, Max=6283, Min=583, Avg=672.24, 90=721, 99=851, 99.9=1066, 99.99=6283] 
2021-03-02 14:15:38:894 95 sec: 278944 operations; 3018 current ops/sec; est completion in 4 minutes [UPDATE: Count=3018, Max=2065, Min=596, Avg=656.65, 90=697, 99=812, 99.9=902, 99.99=2065] 
2021-03-02 14:15:39:894 96 sec: 281906 operations; 2962 current ops/sec; est completion in 4 minutes [UPDATE: Count=2962, Max=4935, Min=581, Avg=669.33, 90=713, 99=827, 99.9=1347, 99.99=4935] 
2021-03-02 14:15:40:894 97 sec: 284911 operations; 3005 current ops/sec; est completion in 4 minutes [UPDATE: Count=3006, Max=2044, Min=575, Avg=659.66, 90=709, 99=834, 99.9=1080, 99.99=2044] 
2021-03-02 14:15:41:894 98 sec: 287871 operations; 2960 current ops/sec; est completion in 4 minutes [UPDATE: Count=2959, Max=2663, Min=576, Avg=669.58, 90=714, 99=856, 99.9=1442, 99.99=2663] 
2021-03-02 14:15:42:894 99 sec: 290836 operations; 2965 current ops/sec; est completion in 4 minutes [UPDATE: Count=2965, Max=1912, Min=593, Avg=668.87, 90=718, 99=852, 99.9=1483, 99.99=1912] 
2021-03-02 14:15:43:894 100 sec: 293923 operations; 3087 current ops/sec; est completion in 4 minutes [UPDATE: Count=3088, Max=1811, Min=559, Avg=642.11, 90=688, 99=786, 99.9=1497, 99.99=1811] 
2021-03-02 14:15:44:894 101 sec: 297014 operations; 3091 current ops/sec; est completion in 4 minutes [UPDATE: Count=3090, Max=4803, Min=569, Avg=641.31, 90=681, 99=792, 99.9=1848, 99.99=4803] 
2021-03-02 14:15:45:894 102 sec: 300044 operations; 3030 current ops/sec; est completion in 3 minutes [UPDATE: Count=3030, Max=6391, Min=563, Avg=654.2, 90=702, 99=789, 99.9=2647, 99.99=6391] 
2021-03-02 14:15:46:894 103 sec: 303069 operations; 3025 current ops/sec; est completion in 3 minutes [UPDATE: Count=3025, Max=9239, Min=585, Avg=654.99, 90=686, 99=821, 99.9=2016, 99.99=9239] 
2021-03-02 14:15:47:894 104 sec: 306043 operations; 2974 current ops/sec; est completion in 3 minutes [UPDATE: Count=2974, Max=9407, Min=601, Avg=666.82, 90=707, 99=835, 99.9=1905, 99.99=9407] 
2021-03-02 14:15:48:894 105 sec: 308773 operations; 2730 current ops/sec; est completion in 3 minutes [UPDATE: Count=2730, Max=32863, Min=587, Avg=725.75, 90=742, 99=924, 99.9=10599, 99.99=32863] 
2021-03-02 14:15:49:894 106 sec: 311918 operations; 3145 current ops/sec; est completion in 3 minutes [UPDATE: Count=3145, Max=7667, Min=563, Avg=630.03, 90=654, 99=786, 99.9=2777, 99.99=7667] 
2021-03-02 14:15:50:894 107 sec: 315051 operations; 3133 current ops/sec; est completion in 3 minutes [UPDATE: Count=3133, Max=1988, Min=574, Avg=632.23, 90=668, 99=779, 99.9=872, 99.99=1988] 
2021-03-02 14:15:51:894 108 sec: 318154 operations; 3103 current ops/sec; est completion in 3 minutes [UPDATE: Count=3104, Max=2005, Min=570, Avg=639.01, 90=682, 99=763, 99.9=898, 99.99=2005] 
2021-03-02 14:15:52:894 109 sec: 321271 operations; 3117 current ops/sec; est completion in 3 minutes [UPDATE: Count=3117, Max=6027, Min=567, Avg=636.1, 90=675, 99=750, 99.9=1126, 99.99=6027] 
2021-03-02 14:15:53:894 110 sec: 324268 operations; 2997 current ops/sec; est completion in 3 minutes [UPDATE: Count=2997, Max=10439, Min=582, Avg=661.42, 90=704, 99=797, 99.9=1751, 99.99=10439] 
2021-03-02 14:15:54:895 111 sec: 327254 operations; 2986 current ops/sec; est completion in 3 minutes [UPDATE: Count=2987, Max=5967, Min=587, Avg=660.52, 90=709, 99=849, 99.9=2375, 99.99=5967] 
2021-03-02 14:15:55:894 112 sec: 330315 operations; 3061 current ops/sec; est completion in 3 minutes [UPDATE: Count=3059, Max=1466, Min=585, Avg=646.8, 90=681, 99=809, 99.9=1101, 99.99=1466] 
2021-03-02 14:15:56:894 113 sec: 333358 operations; 3043 current ops/sec; est completion in 3 minutes [UPDATE: Count=3043, Max=1746, Min=583, Avg=651.48, 90=694, 99=809, 99.9=1508, 99.99=1746] 
2021-03-02 14:15:57:894 114 sec: 336422 operations; 3064 current ops/sec; est completion in 3 minutes [UPDATE: Count=3064, Max=1749, Min=581, Avg=646.29, 90=683, 99=787, 99.9=1180, 99.99=1749] 
2021-03-02 14:15:58:894 115 sec: 339508 operations; 3086 current ops/sec; est completion in 3 minutes [UPDATE: Count=3088, Max=1999, Min=587, Avg=642.5, 90=676, 99=787, 99.9=1229, 99.99=1999] 
2021-03-02 14:15:59:894 116 sec: 342628 operations; 3120 current ops/sec; est completion in 3 minutes [UPDATE: Count=3118, Max=3157, Min=576, Avg=634.83, 90=673, 99=779, 99.9=1113, 99.99=3157] 
2021-03-02 14:16:00:894 117 sec: 345781 operations; 3153 current ops/sec; est completion in 3 minutes [UPDATE: Count=3154, Max=2087, Min=570, Avg=628.45, 90=662, 99=767, 99.9=1202, 99.99=2087] 
2021-03-02 14:16:01:894 118 sec: 348852 operations; 3071 current ops/sec; est completion in 3 minutes [UPDATE: Count=3071, Max=12207, Min=575, Avg=645.09, 90=670, 99=776, 99.9=1896, 99.99=12207] 
2021-03-02 14:16:02:894 119 sec: 351930 operations; 3078 current ops/sec; est completion in 3 minutes [UPDATE: Count=3077, Max=1474, Min=592, Avg=643.91, 90=677, 99=794, 99.9=1020, 99.99=1474] 
2021-03-02 14:16:03:894 120 sec: 354990 operations; 3060 current ops/sec; est completion in 3 minutes [UPDATE: Count=3060, Max=2019, Min=584, Avg=647.67, 90=685, 99=827, 99.9=1438, 99.99=2019] 
2021-03-02 14:16:04:894 121 sec: 358061 operations; 3071 current ops/sec; est completion in 3 minutes [UPDATE: Count=3071, Max=8231, Min=576, Avg=645.55, 90=675, 99=775, 99.9=1064, 99.99=8231] 
2021-03-02 14:16:05:894 122 sec: 361147 operations; 3086 current ops/sec; est completion in 3 minutes [UPDATE: Count=3088, Max=2791, Min=574, Avg=641.91, 90=673, 99=781, 99.9=1070, 99.99=2791] 
2021-03-02 14:16:06:894 123 sec: 364341 operations; 3194 current ops/sec; est completion in 3 minutes [UPDATE: Count=3192, Max=1397, Min=574, Avg=620.28, 90=652, 99=769, 99.9=1003, 99.99=1397] 
2021-03-02 14:16:07:894 124 sec: 367503 operations; 3162 current ops/sec; est completion in 3 minutes [UPDATE: Count=3162, Max=7079, Min=557, Avg=627.28, 90=656, 99=765, 99.9=1719, 99.99=7079] 
2021-03-02 14:16:08:894 125 sec: 370627 operations; 3124 current ops/sec; est completion in 3 minutes [UPDATE: Count=3124, Max=2371, Min=574, Avg=635.17, 90=677, 99=770, 99.9=858, 99.99=2371] 
2021-03-02 14:16:09:894 126 sec: 373766 operations; 3139 current ops/sec; est completion in 3 minutes [UPDATE: Count=3140, Max=2445, Min=575, Avg=631.84, 90=666, 99=752, 99.9=853, 99.99=2445] 
2021-03-02 14:16:10:894 127 sec: 376851 operations; 3085 current ops/sec; est completion in 3 minutes [UPDATE: Count=3084, Max=4915, Min=568, Avg=639.83, 90=675, 99=812, 99.9=1220, 99.99=4915] 
2021-03-02 14:16:11:894 128 sec: 379855 operations; 3004 current ops/sec; est completion in 3 minutes [UPDATE: Count=3004, Max=6447, Min=562, Avg=659.72, 90=706, 99=834, 99.9=1815, 99.99=6447] 
2021-03-02 14:16:12:894 129 sec: 382813 operations; 2958 current ops/sec; est completion in 3 minutes [UPDATE: Count=2960, Max=1973, Min=585, Avg=670.06, 90=712, 99=840, 99.9=1675, 99.99=1973] 
2021-03-02 14:16:13:894 130 sec: 385728 operations; 2915 current ops/sec; est completion in 3 minutes [UPDATE: Count=2914, Max=1908, Min=600, Avg=680.12, 90=721, 99=842, 99.9=1686, 99.99=1908] 
2021-03-02 14:16:14:894 131 sec: 388718 operations; 2990 current ops/sec; est completion in 3 minutes [UPDATE: Count=2990, Max=10311, Min=570, Avg=662.73, 90=694, 99=826, 99.9=4611, 99.99=10311] 
2021-03-02 14:16:15:894 132 sec: 391792 operations; 3074 current ops/sec; est completion in 3 minutes [UPDATE: Count=3074, Max=9999, Min=572, Avg=645.05, 90=684, 99=762, 99.9=963, 99.99=9999] 
2021-03-02 14:16:16:894 133 sec: 394921 operations; 3129 current ops/sec; est completion in 3 minutes [UPDATE: Count=3128, Max=3101, Min=573, Avg=633.4, 90=670, 99=753, 99.9=911, 99.99=3101] 
2021-03-02 14:16:17:894 134 sec: 397898 operations; 2977 current ops/sec; est completion in 3 minutes [UPDATE: Count=2977, Max=1436, Min=582, Avg=665.86, 90=712, 99=877, 99.9=1221, 99.99=1436] 
2021-03-02 14:16:18:894 135 sec: 400930 operations; 3032 current ops/sec; est completion in 3 minutes [UPDATE: Count=3032, Max=1445, Min=580, Avg=653.66, 90=703, 99=826, 99.9=949, 99.99=1445] 
2021-03-02 14:16:19:894 136 sec: 403971 operations; 3041 current ops/sec; est completion in 3 minutes [UPDATE: Count=3042, Max=1830, Min=589, Avg=651.73, 90=689, 99=821, 99.9=937, 99.99=1830] 
2021-03-02 14:16:20:894 137 sec: 407000 operations; 3029 current ops/sec; est completion in 3 minutes [UPDATE: Count=3028, Max=2211, Min=598, Avg=654.02, 90=688, 99=819, 99.9=1025, 99.99=2211] 
2021-03-02 14:16:21:894 138 sec: 410010 operations; 3010 current ops/sec; est completion in 3 minutes [UPDATE: Count=3011, Max=1916, Min=592, Avg=658.85, 90=694, 99=825, 99.9=1552, 99.99=1916] 
2021-03-02 14:16:22:894 139 sec: 412967 operations; 2957 current ops/sec; est completion in 3 minutes [UPDATE: Count=2956, Max=11063, Min=589, Avg=670.17, 90=712, 99=856, 99.9=1653, 99.99=11063] 
2021-03-02 14:16:23:894 140 sec: 415967 operations; 3000 current ops/sec; est completion in 3 minutes [UPDATE: Count=3001, Max=1998, Min=579, Avg=660.63, 90=706, 99=832, 99.9=1702, 99.99=1998] 
2021-03-02 14:16:24:894 141 sec: 419052 operations; 3085 current ops/sec; est completion in 3 minutes [UPDATE: Count=3084, Max=1652, Min=581, Avg=643, 90=686, 99=753, 99.9=1018, 99.99=1652] 
2021-03-02 14:16:25:895 142 sec: 422140 operations; 3088 current ops/sec; est completion in 3 minutes [UPDATE: Count=3089, Max=6723, Min=573, Avg=641.66, 90=677, 99=806, 99.9=2753, 99.99=6723] 
2021-03-02 14:16:26:894 143 sec: 425187 operations; 3047 current ops/sec; est completion in 3 minutes [UPDATE: Count=3047, Max=2351, Min=591, Avg=650.69, 90=695, 99=773, 99.9=1865, 99.99=2351] 
2021-03-02 14:16:27:894 144 sec: 428145 operations; 2958 current ops/sec; est completion in 3 minutes [UPDATE: Count=2957, Max=14135, Min=581, Avg=669.99, 90=717, 99=851, 99.9=4599, 99.99=14135] 
2021-03-02 14:16:28:894 145 sec: 431140 operations; 2995 current ops/sec; est completion in 3 minutes [UPDATE: Count=2995, Max=1898, Min=598, Avg=661.77, 90=707, 99=835, 99.9=1157, 99.99=1898] 
2021-03-02 14:16:29:894 146 sec: 434127 operations; 2987 current ops/sec; est completion in 3 minutes [UPDATE: Count=2987, Max=1998, Min=585, Avg=663.48, 90=710, 99=864, 99.9=1134, 99.99=1998] 
2021-03-02 14:16:30:894 147 sec: 437257 operations; 3130 current ops/sec; est completion in 3 minutes [UPDATE: Count=3131, Max=1990, Min=573, Avg=634.41, 90=678, 99=762, 99.9=916, 99.99=1990] 
2021-03-02 14:16:31:894 148 sec: 440344 operations; 3087 current ops/sec; est completion in 3 minutes [UPDATE: Count=3087, Max=2193, Min=557, Avg=642.02, 90=688, 99=789, 99.9=960, 99.99=2193] 
2021-03-02 14:16:32:894 149 sec: 443395 operations; 3051 current ops/sec; est completion in 3 minutes [UPDATE: Count=3051, Max=1978, Min=584, Avg=649.61, 90=696, 99=776, 99.9=859, 99.99=1978] 
2021-03-02 14:16:33:894 150 sec: 446454 operations; 3059 current ops/sec; est completion in 3 minutes [UPDATE: Count=3059, Max=2237, Min=563, Avg=648.13, 90=691, 99=779, 99.9=1436, 99.99=2237] 
2021-03-02 14:16:34:894 151 sec: 449556 operations; 3102 current ops/sec; est completion in 3 minutes [UPDATE: Count=3101, Max=2205, Min=562, Avg=639.16, 90=677, 99=772, 99.9=1486, 99.99=2205] 
2021-03-02 14:16:35:894 152 sec: 452664 operations; 3108 current ops/sec; est completion in 3 minutes [UPDATE: Count=3108, Max=1815, Min=569, Avg=637.79, 90=679, 99=780, 99.9=1015, 99.99=1815] 
2021-03-02 14:16:36:894 153 sec: 455809 operations; 3145 current ops/sec; est completion in 3 minutes [UPDATE: Count=3146, Max=2751, Min=561, Avg=630.59, 90=671, 99=760, 99.9=1498, 99.99=2751] 
2021-03-02 14:16:37:894 154 sec: 458863 operations; 3054 current ops/sec; est completion in 3 minutes [UPDATE: Count=3053, Max=6459, Min=585, Avg=648.95, 90=692, 99=751, 99.9=1232, 99.99=6459] 
2021-03-02 14:16:38:894 155 sec: 461807 operations; 2944 current ops/sec; est completion in 3 minutes [UPDATE: Count=2944, Max=1985, Min=590, Avg=673.16, 90=714, 99=796, 99.9=1028, 99.99=1985] 
2021-03-02 14:16:39:894 156 sec: 464749 operations; 2942 current ops/sec; est completion in 3 minutes [UPDATE: Count=2943, Max=8543, Min=600, Avg=673.56, 90=705, 99=792, 99.9=2032, 99.99=8543] 
2021-03-02 14:16:40:894 157 sec: 467815 operations; 3066 current ops/sec; est completion in 2 minutes [UPDATE: Count=3065, Max=8999, Min=572, Avg=646.32, 90=682, 99=765, 99.9=2145, 99.99=8999] 
2021-03-02 14:16:41:894 158 sec: 470895 operations; 3080 current ops/sec; est completion in 2 minutes [UPDATE: Count=3080, Max=7207, Min=570, Avg=644.22, 90=685, 99=776, 99.9=979, 99.99=7207] 
2021-03-02 14:16:42:894 159 sec: 473982 operations; 3087 current ops/sec; est completion in 2 minutes [UPDATE: Count=3087, Max=2193, Min=578, Avg=642.18, 90=684, 99=754, 99.9=1039, 99.99=2193] 
2021-03-02 14:16:43:894 160 sec: 477046 operations; 3064 current ops/sec; est completion in 2 minutes [UPDATE: Count=3064, Max=10919, Min=573, Avg=645.05, 90=686, 99=815, 99.9=2211, 99.99=10919] 
2021-03-02 14:16:44:894 161 sec: 480115 operations; 3069 current ops/sec; est completion in 2 minutes [UPDATE: Count=3071, Max=4379, Min=578, Avg=647.71, 90=690, 99=771, 99.9=1690, 99.99=4379] 
2021-03-02 14:16:45:894 162 sec: 483102 operations; 2987 current ops/sec; est completion in 2 minutes [UPDATE: Count=2985, Max=4671, Min=587, Avg=663.77, 90=712, 99=825, 99.9=1295, 99.99=4671] 
2021-03-02 14:16:46:894 163 sec: 486013 operations; 2911 current ops/sec; est completion in 2 minutes [UPDATE: Count=2912, Max=3661, Min=591, Avg=680.9, 90=729, 99=866, 99.9=1423, 99.99=3661] 
2021-03-02 14:16:47:894 164 sec: 488950 operations; 2937 current ops/sec; est completion in 2 minutes [UPDATE: Count=2936, Max=2119, Min=593, Avg=675.07, 90=716, 99=862, 99.9=1275, 99.99=2119] 
2021-03-02 14:16:48:894 165 sec: 491904 operations; 2954 current ops/sec; est completion in 2 minutes [UPDATE: Count=2955, Max=8863, Min=592, Avg=670.77, 90=705, 99=874, 99.9=4159, 99.99=8863] 
2021-03-02 14:16:49:894 166 sec: 494942 operations; 3038 current ops/sec; est completion in 2 minutes [UPDATE: Count=3037, Max=13271, Min=582, Avg=648.23, 90=682, 99=819, 99.9=1578, 99.99=13271] 
2021-03-02 14:16:50:894 167 sec: 497947 operations; 3005 current ops/sec; est completion in 2 minutes [UPDATE: Count=3005, Max=13111, Min=579, Avg=663.57, 90=701, 99=852, 99.9=1825, 99.99=13111] 
2021-03-02 14:16:51:894 168 sec: 501176 operations; 3229 current ops/sec; est completion in 2 minutes [UPDATE: Count=3230, Max=2273, Min=555, Avg=614.14, 90=644, 99=730, 99.9=1270, 99.99=2273] 
2021-03-02 14:16:52:894 169 sec: 504459 operations; 3283 current ops/sec; est completion in 2 minutes [UPDATE: Count=3282, Max=2119, Min=548, Avg=604.05, 90=632, 99=691, 99.9=1366, 99.99=2119] 
2021-03-02 14:16:53:896 170 sec: 507561 operations; 3098.9 current ops/sec; est completion in 2 minutes [UPDATE: Count=3103, Max=11151, Min=553, Avg=639.6, 90=672, 99=787, 99.9=2185, 99.99=11151] 
2021-03-02 14:16:54:894 171 sec: 510619 operations; 3061.06 current ops/sec; est completion in 2 minutes [UPDATE: Count=3059, Max=2773, Min=579, Avg=647, 90=684, 99=746, 99.9=1043, 99.99=2773] 
2021-03-02 14:16:55:894 172 sec: 513624 operations; 3005 current ops/sec; est completion in 2 minutes [UPDATE: Count=3003, Max=1130, Min=570, Avg=660.05, 90=707, 99=832, 99.9=956, 99.99=1130] 
2021-03-02 14:16:56:895 173 sec: 516625 operations; 3001 current ops/sec; est completion in 2 minutes [UPDATE: Count=3004, Max=5595, Min=576, Avg=660.5, 90=703, 99=840, 99.9=1699, 99.99=5595] 
2021-03-02 14:16:57:894 174 sec: 519699 operations; 3074 current ops/sec; est completion in 2 minutes [UPDATE: Count=3071, Max=4447, Min=576, Avg=644.26, 90=679, 99=815, 99.9=1759, 99.99=4447] 
2021-03-02 14:16:58:894 175 sec: 522718 operations; 3019 current ops/sec; est completion in 2 minutes [UPDATE: Count=3020, Max=8047, Min=569, Avg=656.46, 90=709, 99=842, 99.9=1627, 99.99=8047] 
2021-03-02 14:16:59:894 176 sec: 525813 operations; 3095 current ops/sec; est completion in 2 minutes [UPDATE: Count=3095, Max=5655, Min=567, Avg=637.65, 90=676, 99=801, 99.9=1939, 99.99=5655] 
2021-03-02 14:17:00:894 177 sec: 528904 operations; 3091 current ops/sec; est completion in 2 minutes [UPDATE: Count=3090, Max=7715, Min=573, Avg=641.24, 90=672, 99=809, 99.9=3951, 99.99=7715] 
2021-03-02 14:17:01:894 178 sec: 532017 operations; 3113 current ops/sec; est completion in 2 minutes [UPDATE: Count=3114, Max=1861, Min=569, Avg=636.73, 90=678, 99=780, 99.9=1571, 99.99=1861] 
2021-03-02 14:17:02:894 179 sec: 535139 operations; 3122 current ops/sec; est completion in 2 minutes [UPDATE: Count=3121, Max=2018, Min=575, Avg=634.84, 90=673, 99=768, 99.9=1254, 99.99=2018] 
2021-03-02 14:17:03:894 180 sec: 538238 operations; 3099 current ops/sec; est completion in 2 minutes [UPDATE: Count=3099, Max=5675, Min=572, Avg=639.54, 90=679, 99=809, 99.9=1869, 99.99=5675] 
2021-03-02 14:17:04:894 181 sec: 541297 operations; 3059 current ops/sec; est completion in 2 minutes [UPDATE: Count=3059, Max=2317, Min=567, Avg=647.81, 90=689, 99=831, 99.9=1894, 99.99=2317] 
2021-03-02 14:17:05:894 182 sec: 544291 operations; 2994 current ops/sec; est completion in 2 minutes [UPDATE: Count=2995, Max=11303, Min=570, Avg=657.79, 90=695, 99=867, 99.9=2079, 99.99=11303] 
2021-03-02 14:17:06:894 183 sec: 547412 operations; 3121 current ops/sec; est completion in 2 minutes [UPDATE: Count=3121, Max=2205, Min=569, Avg=633.92, 90=666, 99=793, 99.9=963, 99.99=2205] 
2021-03-02 14:17:07:894 184 sec: 550526 operations; 3114 current ops/sec; est completion in 2 minutes [UPDATE: Count=3113, Max=8303, Min=576, Avg=636.31, 90=672, 99=793, 99.9=1265, 99.99=8303] 
2021-03-02 14:17:08:894 185 sec: 553690 operations; 3164 current ops/sec; est completion in 2 minutes [UPDATE: Count=3164, Max=5959, Min=569, Avg=626.58, 90=651, 99=764, 99.9=2081, 99.99=5959] 
2021-03-02 14:17:09:894 186 sec: 556874 operations; 3184 current ops/sec; est completion in 2 minutes [UPDATE: Count=3186, Max=2395, Min=571, Avg=622.6, 90=649, 99=784, 99.9=953, 99.99=2395] 
2021-03-02 14:17:10:894 187 sec: 560000 operations; 3126 current ops/sec; est completion in 2 minutes [UPDATE: Count=3125, Max=1134, Min=576, Avg=634.86, 90=672, 99=760, 99.9=857, 99.99=1134] 
2021-03-02 14:17:11:894 188 sec: 563168 operations; 3168 current ops/sec; est completion in 2 minutes [UPDATE: Count=3168, Max=9343, Min=580, Avg=626.02, 90=650, 99=746, 99.9=898, 99.99=9343] 
2021-03-02 14:17:12:894 189 sec: 566367 operations; 3199 current ops/sec; est completion in 2 minutes [UPDATE: Count=3199, Max=1207, Min=564, Avg=620.04, 90=652, 99=726, 99.9=833, 99.99=1207] 
2021-03-02 14:17:13:894 190 sec: 569472 operations; 3105 current ops/sec; est completion in 2 minutes [UPDATE: Count=3104, Max=10863, Min=564, Avg=638.78, 90=670, 99=768, 99.9=916, 99.99=10863] 
2021-03-02 14:17:14:894 191 sec: 572516 operations; 3044 current ops/sec; est completion in 2 minutes [UPDATE: Count=3044, Max=1902, Min=587, Avg=651.07, 90=686, 99=796, 99.9=1619, 99.99=1902] 
2021-03-02 14:17:15:894 192 sec: 575524 operations; 3008 current ops/sec; est completion in 2 minutes [UPDATE: Count=3009, Max=1956, Min=587, Avg=659.11, 90=695, 99=815, 99.9=1593, 99.99=1956] 
2021-03-02 14:17:16:894 193 sec: 578543 operations; 3019 current ops/sec; est completion in 2 minutes [UPDATE: Count=3020, Max=9951, Min=591, Avg=655.8, 90=685, 99=806, 99.9=1324, 99.99=9951] 
2021-03-02 14:17:17:894 194 sec: 581503 operations; 2960 current ops/sec; est completion in 2 minutes [UPDATE: Count=2959, Max=1915, Min=606, Avg=668.98, 90=706, 99=838, 99.9=1539, 99.99=1915] 
2021-03-02 14:17:18:894 195 sec: 584534 operations; 3031 current ops/sec; est completion in 2 minutes [UPDATE: Count=3030, Max=8623, Min=581, Avg=654.05, 90=680, 99=768, 99.9=2389, 99.99=8623] 
2021-03-02 14:17:19:894 196 sec: 587702 operations; 3168 current ops/sec; est completion in 2 minutes [UPDATE: Count=3169, Max=4339, Min=565, Avg=625.93, 90=660, 99=751, 99.9=1693, 99.99=4339] 
2021-03-02 14:17:20:894 197 sec: 590857 operations; 3155 current ops/sec; est completion in 2 minutes [UPDATE: Count=3155, Max=848, Min=578, Avg=628.35, 90=661, 99=748, 99.9=825, 99.99=848] 
2021-03-02 14:17:21:894 198 sec: 593906 operations; 3049 current ops/sec; est completion in 2 minutes [UPDATE: Count=3049, Max=11319, Min=570, Avg=649.76, 90=682, 99=785, 99.9=992, 99.99=11319] 
2021-03-02 14:17:22:894 199 sec: 596889 operations; 2983 current ops/sec; est completion in 2 minutes [UPDATE: Count=2983, Max=2035, Min=590, Avg=664.84, 90=709, 99=826, 99.9=929, 99.99=2035] 
2021-03-02 14:17:23:894 200 sec: 599902 operations; 3013 current ops/sec; est completion in 2 minutes [UPDATE: Count=3013, Max=2089, Min=595, Avg=657.7, 90=696, 99=794, 99.9=1103, 99.99=2089] 
2021-03-02 14:17:24:895 201 sec: 602893 operations; 2991 current ops/sec; est completion in 2 minutes [UPDATE: Count=2992, Max=5963, Min=579, Avg=662.85, 90=704, 99=815, 99.9=1723, 99.99=5963] 
2021-03-02 14:17:25:894 202 sec: 605867 operations; 2974 current ops/sec; est completion in 2 minutes [UPDATE: Count=2972, Max=2841, Min=594, Avg=666.38, 90=709, 99=862, 99.9=1517, 99.99=2841] 
2021-03-02 14:17:26:894 203 sec: 608882 operations; 3015 current ops/sec; est completion in 2 minutes [UPDATE: Count=3015, Max=1549, Min=587, Avg=657.65, 90=702, 99=816, 99.9=1013, 99.99=1549] 
2021-03-02 14:17:27:894 204 sec: 611940 operations; 3058 current ops/sec; est completion in 2 minutes [UPDATE: Count=3058, Max=1865, Min=589, Avg=648.37, 90=690, 99=763, 99.9=1598, 99.99=1865] 
2021-03-02 14:17:28:894 205 sec: 615034 operations; 3094 current ops/sec; est completion in 2 minutes [UPDATE: Count=3096, Max=1957, Min=578, Avg=640.71, 90=682, 99=774, 99.9=1587, 99.99=1957] 
2021-03-02 14:17:29:894 206 sec: 618096 operations; 3062 current ops/sec; est completion in 2 minutes [UPDATE: Count=3060, Max=2843, Min=576, Avg=646.86, 90=684, 99=795, 99.9=2105, 99.99=2843] 
2021-03-02 14:17:30:894 207 sec: 621193 operations; 3097 current ops/sec; est completion in 2 minutes [UPDATE: Count=3097, Max=2313, Min=561, Avg=639.87, 90=679, 99=816, 99.9=2000, 99.99=2313] 
2021-03-02 14:17:31:894 208 sec: 624213 operations; 3020 current ops/sec; est completion in 2 minutes [UPDATE: Count=3020, Max=11343, Min=584, Avg=656.43, 90=689, 99=815, 99.9=2065, 99.99=11343] 
2021-03-02 14:17:32:894 209 sec: 627200 operations; 2987 current ops/sec; est completion in 2 minutes [UPDATE: Count=2987, Max=1677, Min=585, Avg=663.5, 90=711, 99=826, 99.9=1046, 99.99=1677] 
2021-03-02 14:17:33:894 210 sec: 630138 operations; 2938 current ops/sec; est completion in 2 minutes [UPDATE: Count=2938, Max=2061, Min=593, Avg=674.51, 90=727, 99=863, 99.9=1025, 99.99=2061] 
2021-03-02 14:17:34:894 211 sec: 633206 operations; 3068 current ops/sec; est completion in 2 minutes [UPDATE: Count=3068, Max=1382, Min=572, Avg=646.41, 90=693, 99=801, 99.9=959, 99.99=1382] 
2021-03-02 14:17:35:894 212 sec: 636241 operations; 3035 current ops/sec; est completion in 2 minutes [UPDATE: Count=3036, Max=2145, Min=577, Avg=652.86, 90=695, 99=839, 99.9=1678, 99.99=2145] 
2021-03-02 14:17:36:894 213 sec: 639340 operations; 3099 current ops/sec; est completion in 2 minutes [UPDATE: Count=3098, Max=3669, Min=577, Avg=639.76, 90=675, 99=792, 99.9=2181, 99.99=3669] 
2021-03-02 14:17:37:894 214 sec: 642370 operations; 3030 current ops/sec; est completion in 2 minutes [UPDATE: Count=3031, Max=8011, Min=581, Avg=653.81, 90=690, 99=792, 99.9=1757, 99.99=8011] 
2021-03-02 14:17:38:894 215 sec: 645439 operations; 3069 current ops/sec; est completion in 1 minute [UPDATE: Count=3070, Max=1869, Min=576, Avg=646.39, 90=694, 99=779, 99.9=1207, 99.99=1869] 
2021-03-02 14:17:39:894 216 sec: 648557 operations; 3118 current ops/sec; est completion in 1 minute [UPDATE: Count=3116, Max=1775, Min=570, Avg=635.68, 90=676, 99=762, 99.9=927, 99.99=1775] 
2021-03-02 14:17:40:894 217 sec: 651684 operations; 3127 current ops/sec; est completion in 1 minute [UPDATE: Count=3128, Max=1952, Min=560, Avg=634.35, 90=674, 99=755, 99.9=862, 99.99=1952] 
2021-03-02 14:17:41:894 218 sec: 654817 operations; 3133 current ops/sec; est completion in 1 minute [UPDATE: Count=3133, Max=7263, Min=569, Avg=632.77, 90=662, 99=751, 99.9=1688, 99.99=7263] 
2021-03-02 14:17:42:894 219 sec: 657860 operations; 3043 current ops/sec; est completion in 1 minute [UPDATE: Count=3043, Max=4447, Min=560, Avg=651.44, 90=686, 99=797, 99.9=1847, 99.99=4447] 
2021-03-02 14:17:43:894 220 sec: 661007 operations; 3147 current ops/sec; est completion in 1 minute [UPDATE: Count=3147, Max=2209, Min=577, Avg=630.2, 90=662, 99=782, 99.9=900, 99.99=2209] 
2021-03-02 14:17:44:894 221 sec: 664112 operations; 3105 current ops/sec; est completion in 1 minute [UPDATE: Count=3105, Max=8839, Min=562, Avg=638.22, 90=666, 99=825, 99.9=1350, 99.99=8839] 
2021-03-02 14:17:45:894 222 sec: 667139 operations; 3027 current ops/sec; est completion in 1 minute [UPDATE: Count=3027, Max=4719, Min=570, Avg=654.6, 90=691, 99=864, 99.9=1861, 99.99=4719] 
2021-03-02 14:17:46:894 223 sec: 670310 operations; 3171 current ops/sec; est completion in 1 minute [UPDATE: Count=3170, Max=1982, Min=557, Avg=625.48, 90=657, 99=762, 99.9=936, 99.99=1982] 
2021-03-02 14:17:47:894 224 sec: 673494 operations; 3184 current ops/sec; est completion in 1 minute [UPDATE: Count=3185, Max=1957, Min=561, Avg=623.2, 90=654, 99=736, 99.9=851, 99.99=1957] 
2021-03-02 14:17:48:894 225 sec: 676648 operations; 3154 current ops/sec; est completion in 1 minute [UPDATE: Count=3154, Max=1986, Min=570, Avg=628.87, 90=663, 99=765, 99.9=842, 99.99=1986] 
2021-03-02 14:17:49:894 226 sec: 679847 operations; 3199 current ops/sec; est completion in 1 minute [UPDATE: Count=3200, Max=2241, Min=568, Avg=619.42, 90=649, 99=727, 99.9=893, 99.99=2241] 
2021-03-02 14:17:50:894 227 sec: 683095 operations; 3248 current ops/sec; est completion in 1 minute [UPDATE: Count=3247, Max=736, Min=559, Avg=610.64, 90=640, 99=681, 99.9=713, 99.99=736] 
2021-03-02 14:17:51:894 228 sec: 686300 operations; 3205 current ops/sec; est completion in 1 minute [UPDATE: Count=3204, Max=5259, Min=556, Avg=618.13, 90=648, 99=703, 99.9=1239, 99.99=5259] 
2021-03-02 14:17:52:894 229 sec: 689509 operations; 3209 current ops/sec; est completion in 1 minute [UPDATE: Count=3209, Max=1463, Min=563, Avg=617.7, 90=649, 99=703, 99.9=1066, 99.99=1463] 
2021-03-02 14:17:53:894 230 sec: 692719 operations; 3210 current ops/sec; est completion in 1 minute [UPDATE: Count=3211, Max=1960, Min=562, Avg=617.87, 90=650, 99=746, 99.9=1442, 99.99=1960] 
2021-03-02 14:17:54:894 231 sec: 695923 operations; 3204 current ops/sec; est completion in 1 minute [UPDATE: Count=3205, Max=857, Min=555, Avg=619.24, 90=654, 99=746, 99.9=832, 99.99=857] 
2021-03-02 14:17:55:894 232 sec: 699131 operations; 3208 current ops/sec; est completion in 1 minute [UPDATE: Count=3207, Max=1132, Min=540, Avg=618.72, 90=653, 99=717, 99.9=790, 99.99=1132] 
2021-03-02 14:17:56:894 233 sec: 702266 operations; 3135 current ops/sec; est completion in 1 minute [UPDATE: Count=3134, Max=11231, Min=564, Avg=632.85, 90=660, 99=773, 99.9=1569, 99.99=11231] 
2021-03-02 14:17:57:894 234 sec: 702468 operations; 202 current ops/sec; est completion in 1 minute [UPDATE: Count=202, Max=1104, Min=586, Avg=617.28, 90=640, 99=763, 99.9=1104, 99.99=1104] 
2021-03-02 14:17:58:894 235 sec: 702468 operations; 0 current ops/sec; est completion in 1 minute [UPDATE: Count=0, Max=0, Min=9223372036854775807, Avg=NaN, 90=0, 99=0, 99.9=0, 99.99=0] 
2021-03-02 14:17:59:894 236 sec: 702468 operations; 0 current ops/sec; est completion in 1 minute [UPDATE: Count=0, Max=0, Min=9223372036854775807, Avg=NaN, 90=0, 99=0, 99.9=0, 99.99=0] 
2021-03-02 14:18:00:894 237 sec: 702468 operations; 0 current ops/sec; est completion in 1 minute [UPDATE: Count=0, Max=0, Min=9223372036854775807, Avg=NaN, 90=0, 99=0, 99.9=0, 99.99=0] 
2021-03-02 14:18:01:894 238 sec: 702468 operations; 0 current ops/sec; est completion in 1 minute [UPDATE: Count=0, Max=0, Min=9223372036854775807, Avg=NaN, 90=0, 99=0, 99.9=0, 99.99=0] 
2021-03-02 14:18:02:894 239 sec: 702468 operations; 0 current ops/sec; est completion in 1 minute [UPDATE: Count=0, Max=0, Min=9223372036854775807, Avg=NaN, 90=0, 99=0, 99.9=0, 99.99=0] 
2021-03-02 14:18:03:894 240 sec: 702468 operations; 0 current ops/sec; est completion in 1 minute [UPDATE: Count=0, Max=0, Min=9223372036854775807, Avg=NaN, 90=0, 99=0, 99.9=0, 99.99=0] 
2021-03-02 14:18:04:894 241 sec: 702468 operations; 0 current ops/sec; est completion in 1 minute [UPDATE: Count=0, Max=0, Min=9223372036854775807, Avg=NaN, 90=0, 99=0, 99.9=0, 99.99=0] 
2021-03-02 14:18:05:894 242 sec: 702468 operations; 0 current ops/sec; est completion in 1 minute [UPDATE: Count=0, Max=0, Min=9223372036854775807, Avg=NaN, 90=0, 99=0, 99.9=0, 99.99=0] 
2021-03-02 14:18:06:894 243 sec: 702468 operations; 0 current ops/sec; est completion in 1 minute [UPDATE: Count=0, Max=0, Min=9223372036854775807, Avg=NaN, 90=0, 99=0, 99.9=0, 99.99=0] 
2021-03-02 14:18:07:894 244 sec: 702468 operations; 0 current ops/sec; est completion in 1 minute [UPDATE: Count=0, Max=0, Min=9223372036854775807, Avg=NaN, 90=0, 99=0, 99.9=0, 99.99=0] 
2021-03-02 14:18:08:894 245 sec: 702468 operations; 0 current ops/sec; est completion in 1 minute [UPDATE: Count=0, Max=0, Min=9223372036854775807, Avg=NaN, 90=0, 99=0, 99.9=0, 99.99=0] 
2021-03-02 14:18:09:894 246 sec: 702468 operations; 0 current ops/sec; est completion in 1 minute [UPDATE: Count=0, Max=0, Min=9223372036854775807, Avg=NaN, 90=0, 99=0, 99.9=0, 99.99=0] 
2021-03-02 14:18:10:894 247 sec: 702468 operations; 0 current ops/sec; est completion in 1 minute [UPDATE: Count=0, Max=0, Min=9223372036854775807, Avg=NaN, 90=0, 99=0, 99.9=0, 99.99=0] 
2021-03-02 14:18:11:894 248 sec: 702468 operations; 0 current ops/sec; est completion in 1 minute [UPDATE: Count=0, Max=0, Min=9223372036854775807, Avg=NaN, 90=0, 99=0, 99.9=0, 99.99=0] 
2021-03-02 14:18:12:894 249 sec: 702468 operations; 0 current ops/sec; est completion in 1 minute [UPDATE: Count=0, Max=0, Min=9223372036854775807, Avg=NaN, 90=0, 99=0, 99.9=0, 99.99=0] 
2021-03-02 14:18:13:894 250 sec: 702468 operations; 0 current ops/sec; est completion in 1 minute [UPDATE: Count=0, Max=0, Min=9223372036854775807, Avg=NaN, 90=0, 99=0, 99.9=0, 99.99=0] 
2021-03-02 14:18:14:894 251 sec: 702468 operations; 0 current ops/sec; est completion in 1 minute [UPDATE: Count=0, Max=0, Min=9223372036854775807, Avg=NaN, 90=0, 99=0, 99.9=0, 99.99=0] 
2021-03-02 14:18:15:894 252 sec: 702468 operations; 0 current ops/sec; est completion in 1 minute [UPDATE: Count=0, Max=0, Min=9223372036854775807, Avg=NaN, 90=0, 99=0, 99.9=0, 99.99=0] 
2021-03-02 14:18:16:894 253 sec: 702468 operations; 0 current ops/sec; est completion in 1 minute [UPDATE: Count=0, Max=0, Min=9223372036854775807, Avg=NaN, 90=0, 99=0, 99.9=0, 99.99=0] 
2021-03-02 14:18:17:894 254 sec: 702468 operations; 0 current ops/sec; est completion in 1 minute [UPDATE: Count=0, Max=0, Min=9223372036854775807, Avg=NaN, 90=0, 99=0, 99.9=0, 99.99=0] 
2021-03-02 14:18:18:894 255 sec: 702468 operations; 0 current ops/sec; est completion in 1 minute [UPDATE: Count=0, Max=0, Min=9223372036854775807, Avg=NaN, 90=0, 99=0, 99.9=0, 99.99=0] 
2021-03-02 14:18:19:894 256 sec: 702468 operations; 0 current ops/sec; est completion in 1 minute [UPDATE: Count=0, Max=0, Min=9223372036854775807, Avg=NaN, 90=0, 99=0, 99.9=0, 99.99=0] 
2021-03-02 14:18:20:894 257 sec: 702468 operations; 0 current ops/sec; est completion in 1 minute [UPDATE: Count=0, Max=0, Min=9223372036854775807, Avg=NaN, 90=0, 99=0, 99.9=0, 99.99=0] 
2021-03-02 14:18:21:894 258 sec: 702468 operations; 0 current ops/sec; est completion in 1 minute [UPDATE: Count=0, Max=0, Min=9223372036854775807, Avg=NaN, 90=0, 99=0, 99.9=0, 99.99=0] 
2021-03-02 14:18:22:894 259 sec: 702468 operations; 0 current ops/sec; est completion in 1 minute [UPDATE: Count=0, Max=0, Min=9223372036854775807, Avg=NaN, 90=0, 99=0, 99.9=0, 99.99=0] 
2021-03-02 14:18:23:894 260 sec: 702468 operations; 0 current ops/sec; est completion in 1 minute [UPDATE: Count=0, Max=0, Min=9223372036854775807, Avg=NaN, 90=0, 99=0, 99.9=0, 99.99=0] 
2021-03-02 14:18:24:894 261 sec: 702468 operations; 0 current ops/sec; est completion in 1 minute [UPDATE: Count=0, Max=0, Min=9223372036854775807, Avg=NaN, 90=0, 99=0, 99.9=0, 99.99=0] 
2021-03-02 14:18:25:894 262 sec: 702468 operations; 0 current ops/sec; est completion in 1 minute [UPDATE: Count=0, Max=0, Min=9223372036854775807, Avg=NaN, 90=0, 99=0, 99.9=0, 99.99=0] 
2021-03-02 14:18:26:894 263 sec: 702468 operations; 0 current ops/sec; est completion in 1 minute [UPDATE: Count=0, Max=0, Min=9223372036854775807, Avg=NaN, 90=0, 99=0, 99.9=0, 99.99=0] 
2021-03-02 14:18:27:894 264 sec: 702468 operations; 0 current ops/sec; est completion in 1 minute [UPDATE: Count=0, Max=0, Min=9223372036854775807, Avg=NaN, 90=0, 99=0, 99.9=0, 99.99=0] 
2021-03-02 14:18:28:894 265 sec: 702468 operations; 0 current ops/sec; est completion in 1 minute [UPDATE: Count=0, Max=0, Min=9223372036854775807, Avg=NaN, 90=0, 99=0, 99.9=0, 99.99=0] 
2021-03-02 14:18:29:894 266 sec: 702468 operations; 0 current ops/sec; est completion in 1 minute [UPDATE: Count=0, Max=0, Min=9223372036854775807, Avg=NaN, 90=0, 99=0, 99.9=0, 99.99=0] 
2021-03-02 14:18:30:894 267 sec: 702468 operations; 0 current ops/sec; est completion in 1 minute [UPDATE: Count=0, Max=0, Min=9223372036854775807, Avg=NaN, 90=0, 99=0, 99.9=0, 99.99=0] 
2021-03-02 14:18:31:894 268 sec: 702468 operations; 0 current ops/sec; est completion in 1 minute [UPDATE: Count=0, Max=0, Min=9223372036854775807, Avg=NaN, 90=0, 99=0, 99.9=0, 99.99=0] 
2021-03-02 14:18:32:894 269 sec: 702468 operations; 0 current ops/sec; est completion in 1 minute [UPDATE: Count=0, Max=0, Min=9223372036854775807, Avg=NaN, 90=0, 99=0, 99.9=0, 99.99=0] 
2021-03-02 14:18:33:894 270 sec: 702468 operations; 0 current ops/sec; est completion in 1 minute [UPDATE: Count=0, Max=0, Min=9223372036854775807, Avg=NaN, 90=0, 99=0, 99.9=0, 99.99=0] 
2021-03-02 14:18:34:894 271 sec: 702468 operations; 0 current ops/sec; est completion in 1 minute [UPDATE: Count=0, Max=0, Min=9223372036854775807, Avg=NaN, 90=0, 99=0, 99.9=0, 99.99=0] 
2021-03-02 14:18:35:894 272 sec: 702468 operations; 0 current ops/sec; est completion in 1 minute [UPDATE: Count=0, Max=0, Min=9223372036854775807, Avg=NaN, 90=0, 99=0, 99.9=0, 99.99=0] 
2021-03-02 14:18:36:894 273 sec: 702468 operations; 0 current ops/sec; est completion in 1 minute [UPDATE: Count=0, Max=0, Min=9223372036854775807, Avg=NaN, 90=0, 99=0, 99.9=0, 99.99=0] 
2021-03-02 14:18:36.957 [Thread-3] INFO  bftsmart.tom.ServiceProxy - ###################TIMEOUT#######################
2021-03-02 14:18:36.957 [Thread-2] INFO  bftsmart.tom.ServiceProxy - ###################TIMEOUT#######################
2021-03-02 14:18:36.957 [Thread-3] INFO  bftsmart.tom.ServiceProxy - Reply timeout for reqId=351288, Replies received: 0
2021-03-02 14:18:36.957 [Thread-2] INFO  bftsmart.tom.ServiceProxy - Reply timeout for reqId=351180, Replies received: 0
2021-03-02 14:18:36.971 [Thread-2] ERROR smarttrie.app.client.Client$ - Request failed
java.lang.NullPointerException: null
	at java.base/java.io.ByteArrayInputStream.<init>(ByteArrayInputStream.java:108)
	at smarttrie.io.Codec$.reader(Codec.scala:206)
	at smarttrie.io.Codec$.decode(Codec.scala:203)
	at smarttrie.app.client.Client.execute(Client.scala:107)
	at smarttrie.app.client.Client.update(Client.scala:53)
	at site.ycsb.DBWrapper.update(DBWrapper.java:198)
	at site.ycsb.workloads.CoreWorkload.doTransactionUpdate(CoreWorkload.java:814)
	at site.ycsb.workloads.CoreWorkload.doTransaction(CoreWorkload.java:647)
	at site.ycsb.ClientThread.run(ClientThread.java:122)
	at java.base/java.lang.Thread.run(Thread.java:834)
2021-03-02 14:18:36.971 [Thread-3] ERROR smarttrie.app.client.Client$ - Request failed
java.lang.NullPointerException: null
	at java.base/java.io.ByteArrayInputStream.<init>(ByteArrayInputStream.java:108)
	at smarttrie.io.Codec$.reader(Codec.scala:206)
	at smarttrie.io.Codec$.decode(Codec.scala:203)
	at smarttrie.app.client.Client.execute(Client.scala:107)
	at smarttrie.app.client.Client.update(Client.scala:53)
	at site.ycsb.DBWrapper.update(DBWrapper.java:198)
	at site.ycsb.workloads.CoreWorkload.doTransactionUpdate(CoreWorkload.java:814)
	at site.ycsb.workloads.CoreWorkload.doTransaction(CoreWorkload.java:647)
	at site.ycsb.ClientThread.run(ClientThread.java:122)
	at java.base/java.lang.Thread.run(Thread.java:834)
2021-03-02 14:18:37:894 274 sec: 702470 operations; 2 current ops/sec; est completion in 1 minute [UPDATE-FAILED: Count=2, Max=40042495, Min=40009728, Avg=40026112, 90=40042495, 99=40042495, 99.9=40042495, 99.99=40042495] [UPDATE: Count=0, Max=0, Min=9223372036854775807, Avg=NaN, 90=0, 99=0, 99.9=0, 99.99=0] 
2021-03-02 14:18:38:894 275 sec: 702470 operations; 0 current ops/sec; est completion in 1 minute [UPDATE-FAILED: Count=0, Max=0, Min=9223372036854775807, Avg=NaN, 90=0, 99=0, 99.9=0, 99.99=0] [UPDATE: Count=0, Max=0, Min=9223372036854775807, Avg=NaN, 90=0, 99=0, 99.9=0, 99.99=0] 
2021-03-02 14:18:39:894 276 sec: 705157 operations; 2687 current ops/sec; est completion in 1 minute [UPDATE-FAILED: Count=0, Max=0, Min=9223372036854775807, Avg=NaN, 90=0, 99=0, 99.9=0, 99.99=0] [UPDATE: Count=2691, Max=2080767, Min=566, Avg=2165.02, 90=651, 99=737, 99.9=1998, 99.99=2080767] 
2021-03-02 14:18:40:894 277 sec: 708222 operations; 3065 current ops/sec; est completion in 1 minute [UPDATE-FAILED: Count=0, Max=0, Min=9223372036854775807, Avg=NaN, 90=0, 99=0, 99.9=0, 99.99=0] [UPDATE: Count=3063, Max=21951, Min=569, Avg=646.83, 90=674, 99=779, 99.9=4627, 99.99=21951] 
2021-03-02 14:18:41:894 278 sec: 711364 operations; 3142 current ops/sec; est completion in 1 minute [UPDATE-FAILED: Count=0, Max=0, Min=9223372036854775807, Avg=NaN, 90=0, 99=0, 99.9=0, 99.99=0] [UPDATE: Count=3143, Max=5519, Min=568, Avg=630.88, 90=660, 99=782, 99.9=1172, 99.99=5519] 
2021-03-02 14:18:42:894 279 sec: 714543 operations; 3179 current ops/sec; est completion in 1 minute [UPDATE-FAILED: Count=0, Max=0, Min=9223372036854775807, Avg=NaN, 90=0, 99=0, 99.9=0, 99.99=0] [UPDATE: Count=3179, Max=1422, Min=566, Avg=623.79, 90=661, 99=770, 99.9=863, 99.99=1422] 
2021-03-02 14:18:43:894 280 sec: 717679 operations; 3136 current ops/sec; est completion in 1 minute [UPDATE-FAILED: Count=0, Max=0, Min=9223372036854775807, Avg=NaN, 90=0, 99=0, 99.9=0, 99.99=0] [UPDATE: Count=3135, Max=1151, Min=571, Avg=632, 90=674, 99=763, 99.9=841, 99.99=1151] 
2021-03-02 14:18:44:894 281 sec: 720886 operations; 3207 current ops/sec; est completion in 1 minute [UPDATE-FAILED: Count=0, Max=0, Min=9223372036854775807, Avg=NaN, 90=0, 99=0, 99.9=0, 99.99=0] [UPDATE: Count=3206, Max=1303, Min=562, Avg=618.21, 90=651, 99=716, 99.9=877, 99.99=1303] 
2021-03-02 14:18:45:894 282 sec: 723997 operations; 3111 current ops/sec; est completion in 1 minute [UPDATE-FAILED: Count=0, Max=0, Min=9223372036854775807, Avg=NaN, 90=0, 99=0, 99.9=0, 99.99=0] [UPDATE: Count=3112, Max=8311, Min=571, Avg=636.94, 90=678, 99=769, 99.9=1269, 99.99=8311] 
2021-03-02 14:18:46:894 283 sec: 727138 operations; 3141 current ops/sec; est completion in 1 minute [UPDATE-FAILED: Count=0, Max=0, Min=9223372036854775807, Avg=NaN, 90=0, 99=0, 99.9=0, 99.99=0] [UPDATE: Count=3141, Max=3113, Min=561, Avg=631.5, 90=669, 99=767, 99.9=982, 99.99=3113] 
2021-03-02 14:18:47:894 284 sec: 730279 operations; 3141 current ops/sec; est completion in 1 minute [UPDATE-FAILED: Count=0, Max=0, Min=9223372036854775807, Avg=NaN, 90=0, 99=0, 99.9=0, 99.99=0] [UPDATE: Count=3142, Max=2815, Min=567, Avg=631.21, 90=666, 99=771, 99.9=1645, 99.99=2815] 
2021-03-02 14:18:48:894 285 sec: 733348 operations; 3069 current ops/sec; est completion in 1 minute [UPDATE-FAILED: Count=0, Max=0, Min=9223372036854775807, Avg=NaN, 90=0, 99=0, 99.9=0, 99.99=0] [UPDATE: Count=3066, Max=1807, Min=585, Avg=645.97, 90=685, 99=758, 99.9=1375, 99.99=1807] 
2021-03-02 14:18:49:894 286 sec: 736327 operations; 2979 current ops/sec; est completion in 1 minute [UPDATE-FAILED: Count=0, Max=0, Min=9223372036854775807, Avg=NaN, 90=0, 99=0, 99.9=0, 99.99=0] [UPDATE: Count=2979, Max=2069, Min=589, Avg=665.76, 90=710, 99=813, 99.9=1796, 99.99=2069] 
2021-03-02 14:18:50:894 287 sec: 739230 operations; 2903 current ops/sec; est completion in 1 minute [UPDATE-FAILED: Count=0, Max=0, Min=9223372036854775807, Avg=NaN, 90=0, 99=0, 99.9=0, 99.99=0] [UPDATE: Count=2905, Max=9423, Min=599, Avg=682.67, 90=724, 99=827, 99.9=1689, 99.99=9423] 
2021-03-02 14:18:51:894 288 sec: 742161 operations; 2931 current ops/sec; est completion in 1 minute [UPDATE-FAILED: Count=0, Max=0, Min=9223372036854775807, Avg=NaN, 90=0, 99=0, 99.9=0, 99.99=0] [UPDATE: Count=2931, Max=12151, Min=587, Avg=675.8, 90=717, 99=813, 99.9=1042, 99.99=12151] 
2021-03-02 14:18:52:894 289 sec: 745331 operations; 3170 current ops/sec; est completion in 1 minute [UPDATE-FAILED: Count=0, Max=0, Min=9223372036854775807, Avg=NaN, 90=0, 99=0, 99.9=0, 99.99=0] [UPDATE: Count=3170, Max=1930, Min=555, Avg=625.92, 90=660, 99=742, 99.9=809, 99.99=1930] 
2021-03-02 14:18:53:894 290 sec: 748477 operations; 3146 current ops/sec; est completion in 1 minute [UPDATE-FAILED: Count=0, Max=0, Min=9223372036854775807, Avg=NaN, 90=0, 99=0, 99.9=0, 99.99=0] [UPDATE: Count=3146, Max=2615, Min=555, Avg=630.16, 90=663, 99=745, 99.9=885, 99.99=2615] 
2021-03-02 14:18:54:894 291 sec: 751660 operations; 3183 current ops/sec; est completion in 1 minute [UPDATE-FAILED: Count=0, Max=0, Min=9223372036854775807, Avg=NaN, 90=0, 99=0, 99.9=0, 99.99=0] [UPDATE: Count=3184, Max=2503, Min=555, Avg=622.89, 90=656, 99=758, 99.9=836, 99.99=2503] 
2021-03-02 14:18:55:894 292 sec: 754704 operations; 3044 current ops/sec; est completion in 1 minute [UPDATE-FAILED: Count=0, Max=0, Min=9223372036854775807, Avg=NaN, 90=0, 99=0, 99.9=0, 99.99=0] [UPDATE: Count=3044, Max=10559, Min=566, Avg=651.47, 90=696, 99=778, 99.9=876, 99.99=10559] 
2021-03-02 14:18:56:894 293 sec: 757756 operations; 3052 current ops/sec; est completion in 1 minute [UPDATE-FAILED: Count=0, Max=0, Min=9223372036854775807, Avg=NaN, 90=0, 99=0, 99.9=0, 99.99=0] [UPDATE: Count=3050, Max=1554, Min=583, Avg=649.91, 90=693, 99=767, 99.9=900, 99.99=1554] 
2021-03-02 14:18:57:894 294 sec: 760700 operations; 2944 current ops/sec; est completion in 1 minute [UPDATE-FAILED: Count=0, Max=0, Min=9223372036854775807, Avg=NaN, 90=0, 99=0, 99.9=0, 99.99=0] [UPDATE: Count=2945, Max=10623, Min=607, Avg=672.93, 90=709, 99=842, 99.9=2475, 99.99=10623] 
2021-03-02 14:18:58:894 295 sec: 763623 operations; 2923 current ops/sec; est completion in 1 minute [UPDATE-FAILED: Count=0, Max=0, Min=9223372036854775807, Avg=NaN, 90=0, 99=0, 99.9=0, 99.99=0] [UPDATE: Count=2921, Max=10063, Min=602, Avg=678.06, 90=716, 99=825, 99.9=1156, 99.99=10063] 
2021-03-02 14:18:59:894 296 sec: 766599 operations; 2976 current ops/sec; est completion in 1 minute [UPDATE-FAILED: Count=0, Max=0, Min=9223372036854775807, Avg=NaN, 90=0, 99=0, 99.9=0, 99.99=0] [UPDATE: Count=2976, Max=9991, Min=590, Avg=665.41, 90=698, 99=802, 99.9=879, 99.99=9991] 
2021-03-02 14:19:00:894 297 sec: 769595 operations; 2996 current ops/sec; est completion in 1 minute [UPDATE-FAILED: Count=0, Max=0, Min=9223372036854775807, Avg=NaN, 90=0, 99=0, 99.9=0, 99.99=0] [UPDATE: Count=2996, Max=2853, Min=598, Avg=661.2, 90=699, 99=832, 99.9=949, 99.99=2853] 
2021-03-02 14:19:01:894 298 sec: 772537 operations; 2942 current ops/sec; est completion in 1 minute [UPDATE-FAILED: Count=0, Max=0, Min=9223372036854775807, Avg=NaN, 90=0, 99=0, 99.9=0, 99.99=0] [UPDATE: Count=2945, Max=10623, Min=592, Avg=672.29, 90=705, 99=806, 99.9=1880, 99.99=10623] 
2021-03-02 14:19:02:894 299 sec: 775578 operations; 3041 current ops/sec; est completion in 1 minute [UPDATE-FAILED: Count=0, Max=0, Min=9223372036854775807, Avg=NaN, 90=0, 99=0, 99.9=0, 99.99=0] [UPDATE: Count=3041, Max=939, Min=588, Avg=651.76, 90=694, 99=781, 99.9=904, 99.99=939] 
2021-03-02 14:19:03:894 300 sec: 778657 operations; 3079 current ops/sec; est completion in 1 minute [UPDATE-FAILED: Count=0, Max=0, Min=9223372036854775807, Avg=NaN, 90=0, 99=0, 99.9=0, 99.99=0] [UPDATE: Count=3078, Max=1833, Min=583, Avg=643.82, 90=683, 99=759, 99.9=863, 99.99=1833] 
2021-03-02 14:19:04:894 301 sec: 781708 operations; 3051 current ops/sec; est completion in 1 minute [UPDATE-FAILED: Count=0, Max=0, Min=9223372036854775807, Avg=NaN, 90=0, 99=0, 99.9=0, 99.99=0] [UPDATE: Count=3052, Max=9335, Min=570, Avg=649.76, 90=689, 99=786, 99.9=1258, 99.99=9335] 
2021-03-02 14:19:05:894 302 sec: 784790 operations; 3082 current ops/sec; est completion in 1 minute [UPDATE-FAILED: Count=0, Max=0, Min=9223372036854775807, Avg=NaN, 90=0, 99=0, 99.9=0, 99.99=0] [UPDATE: Count=3081, Max=10615, Min=579, Avg=643.67, 90=678, 99=763, 99.9=968, 99.99=10615] 
2021-03-02 14:19:06:894 303 sec: 787804 operations; 3014 current ops/sec; est completion in 1 minute [UPDATE-FAILED: Count=0, Max=0, Min=9223372036854775807, Avg=NaN, 90=0, 99=0, 99.9=0, 99.99=0] [UPDATE: Count=3012, Max=11455, Min=577, Avg=657.62, 90=695, 99=808, 99.9=1159, 99.99=11455] 
2021-03-02 14:19:07:894 304 sec: 790750 operations; 2946 current ops/sec; est completion in 1 minute [UPDATE-FAILED: Count=0, Max=0, Min=9223372036854775807, Avg=NaN, 90=0, 99=0, 99.9=0, 99.99=0] [UPDATE: Count=2947, Max=2103, Min=594, Avg=673.22, 90=715, 99=848, 99.9=1710, 99.99=2103] 
2021-03-02 14:19:08:894 305 sec: 793724 operations; 2974 current ops/sec; est completion in 1 minute [UPDATE-FAILED: Count=0, Max=0, Min=9223372036854775807, Avg=NaN, 90=0, 99=0, 99.9=0, 99.99=0] [UPDATE: Count=2973, Max=11431, Min=585, Avg=666.03, 90=705, 99=814, 99.9=1072, 99.99=11431] 
2021-03-02 14:19:09:895 306 sec: 796666 operations; 2942 current ops/sec; est completion in 1 minute [UPDATE-FAILED: Count=0, Max=0, Min=9223372036854775807, Avg=NaN, 90=0, 99=0, 99.9=0, 99.99=0] [UPDATE: Count=2942, Max=6271, Min=583, Avg=669.27, 90=721, 99=829, 99.9=1862, 99.99=6271] 
2021-03-02 14:19:10:894 307 sec: 799763 operations; 3097 current ops/sec; est completion in 1 minute [UPDATE-FAILED: Count=0, Max=0, Min=9223372036854775807, Avg=NaN, 90=0, 99=0, 99.9=0, 99.99=0] [UPDATE: Count=3099, Max=10791, Min=554, Avg=644.31, 90=689, 99=812, 99.9=1014, 99.99=10791] 
2021-03-02 14:19:11:894 308 sec: 802859 operations; 3096 current ops/sec; est completion in 1 minute [UPDATE-FAILED: Count=0, Max=0, Min=9223372036854775807, Avg=NaN, 90=0, 99=0, 99.9=0, 99.99=0] [UPDATE: Count=3095, Max=10159, Min=580, Avg=640.29, 90=676, 99=765, 99.9=1000, 99.99=10159] 
2021-03-02 14:19:12:894 309 sec: 805912 operations; 3053 current ops/sec; est completion in 1 minute [UPDATE-FAILED: Count=0, Max=0, Min=9223372036854775807, Avg=NaN, 90=0, 99=0, 99.9=0, 99.99=0] [UPDATE: Count=3052, Max=1611, Min=573, Avg=649.35, 90=703, 99=803, 99.9=1016, 99.99=1611] 
2021-03-02 14:19:13:894 310 sec: 809038 operations; 3126 current ops/sec; est completion in 1 minute [UPDATE-FAILED: Count=0, Max=0, Min=9223372036854775807, Avg=NaN, 90=0, 99=0, 99.9=0, 99.99=0] [UPDATE: Count=3127, Max=1914, Min=564, Avg=634.21, 90=672, 99=771, 99.9=1296, 99.99=1914] 
2021-03-02 14:19:14:894 311 sec: 812079 operations; 3041 current ops/sec; est completion in 1 minute [UPDATE-FAILED: Count=0, Max=0, Min=9223372036854775807, Avg=NaN, 90=0, 99=0, 99.9=0, 99.99=0] [UPDATE: Count=3041, Max=11007, Min=571, Avg=651.52, 90=692, 99=757, 99.9=868, 99.99=11007] 
2021-03-02 14:19:15:894 312 sec: 815199 operations; 3120 current ops/sec; est completion in 1 minute [UPDATE-FAILED: Count=0, Max=0, Min=9223372036854775807, Avg=NaN, 90=0, 99=0, 99.9=0, 99.99=0] [UPDATE: Count=3121, Max=1780, Min=579, Avg=635.09, 90=669, 99=768, 99.9=849, 99.99=1780] 
2021-03-02 14:19:16:894 313 sec: 818319 operations; 3120 current ops/sec; est completion in 1 minute [UPDATE-FAILED: Count=0, Max=0, Min=9223372036854775807, Avg=NaN, 90=0, 99=0, 99.9=0, 99.99=0] [UPDATE: Count=3119, Max=9247, Min=575, Avg=635.8, 90=665, 99=792, 99.9=1376, 99.99=9247] 
2021-03-02 14:19:17:894 314 sec: 821350 operations; 3031 current ops/sec; est completion in 1 minute [UPDATE-FAILED: Count=0, Max=0, Min=9223372036854775807, Avg=NaN, 90=0, 99=0, 99.9=0, 99.99=0] [UPDATE: Count=3032, Max=13087, Min=582, Avg=653.66, 90=677, 99=779, 99.9=929, 99.99=13087] 
2021-03-02 14:19:18:894 315 sec: 824327 operations; 2977 current ops/sec; est completion in 1 minute [UPDATE-FAILED: Count=0, Max=0, Min=9223372036854775807, Avg=NaN, 90=0, 99=0, 99.9=0, 99.99=0] [UPDATE: Count=2976, Max=11703, Min=580, Avg=665.84, 90=701, 99=829, 99.9=1796, 99.99=11703] 
2021-03-02 14:19:19:894 316 sec: 827427 operations; 3100 current ops/sec; est completion in 1 minute [UPDATE-FAILED: Count=0, Max=0, Min=9223372036854775807, Avg=NaN, 90=0, 99=0, 99.9=0, 99.99=0] [UPDATE: Count=3102, Max=3499, Min=577, Avg=639.25, 90=687, 99=810, 99.9=1683, 99.99=3499] 
2021-03-02 14:19:20:894 317 sec: 830568 operations; 3141 current ops/sec; est completion in 1 minute [UPDATE-FAILED: Count=0, Max=0, Min=9223372036854775807, Avg=NaN, 90=0, 99=0, 99.9=0, 99.99=0] [UPDATE: Count=3138, Max=1100, Min=584, Avg=630.93, 90=665, 99=764, 99.9=923, 99.99=1100] 
2021-03-02 14:19:21:894 318 sec: 833664 operations; 3096 current ops/sec; est completion in 1 minute [UPDATE-FAILED: Count=0, Max=0, Min=9223372036854775807, Avg=NaN, 90=0, 99=0, 99.9=0, 99.99=0] [UPDATE: Count=3096, Max=8767, Min=568, Avg=640.82, 90=674, 99=789, 99.9=1001, 99.99=8767] 
2021-03-02 14:19:22:894 319 sec: 835875 operations; 2211 current ops/sec; est completion in 1 minute [UPDATE-FAILED: Count=0, Max=0, Min=9223372036854775807, Avg=NaN, 90=0, 99=0, 99.9=0, 99.99=0] [UPDATE: Count=2211, Max=193279, Min=573, Avg=898, 90=699, 99=855, 99.9=108927, 99.99=193279] 
2021-03-02 14:19:23:894 320 sec: 839036 operations; 3161 current ops/sec; est completion in 1 minute [UPDATE-FAILED: Count=0, Max=0, Min=9223372036854775807, Avg=NaN, 90=0, 99=0, 99.9=0, 99.99=0] [UPDATE: Count=3161, Max=2301, Min=569, Avg=626.83, 90=660, 99=755, 99.9=2055, 99.99=2301] 
2021-03-02 14:19:24:894 321 sec: 842232 operations; 3196 current ops/sec; est completion in 1 minute [UPDATE-FAILED: Count=0, Max=0, Min=9223372036854775807, Avg=NaN, 90=0, 99=0, 99.9=0, 99.99=0] [UPDATE: Count=3197, Max=9063, Min=566, Avg=620.31, 90=651, 99=740, 99.9=871, 99.99=9063] 
2021-03-02 14:19:25:894 322 sec: 845377 operations; 3145 current ops/sec; est completion in 59 seconds [UPDATE-FAILED: Count=0, Max=0, Min=9223372036854775807, Avg=NaN, 90=0, 99=0, 99.9=0, 99.99=0] [UPDATE: Count=3146, Max=2843, Min=561, Avg=629.85, 90=670, 99=789, 99.9=916, 99.99=2843] 
2021-03-02 14:19:26:894 323 sec: 848469 operations; 3092 current ops/sec; est completion in 58 seconds [UPDATE-FAILED: Count=0, Max=0, Min=9223372036854775807, Avg=NaN, 90=0, 99=0, 99.9=0, 99.99=0] [UPDATE: Count=3090, Max=10303, Min=572, Avg=641.03, 90=676, 99=808, 99.9=998, 99.99=10303] 
2021-03-02 14:19:27:894 324 sec: 851455 operations; 2986 current ops/sec; est completion in 57 seconds [UPDATE-FAILED: Count=0, Max=0, Min=9223372036854775807, Avg=NaN, 90=0, 99=0, 99.9=0, 99.99=0] [UPDATE: Count=2988, Max=8983, Min=583, Avg=663.39, 90=703, 99=829, 99.9=1942, 99.99=8983] 
2021-03-02 14:19:28:894 325 sec: 854481 operations; 3026 current ops/sec; est completion in 56 seconds [UPDATE-FAILED: Count=0, Max=0, Min=9223372036854775807, Avg=NaN, 90=0, 99=0, 99.9=0, 99.99=0] [UPDATE: Count=3027, Max=1999, Min=587, Avg=654.95, 90=690, 99=807, 99.9=1754, 99.99=1999] 
2021-03-02 14:19:29:894 326 sec: 857477 operations; 2996 current ops/sec; est completion in 55 seconds [UPDATE-FAILED: Count=0, Max=0, Min=9223372036854775807, Avg=NaN, 90=0, 99=0, 99.9=0, 99.99=0] [UPDATE: Count=2995, Max=930, Min=611, Avg=661.3, 90=700, 99=785, 99.9=879, 99.99=930] 
2021-03-02 14:19:30:894 327 sec: 860517 operations; 3040 current ops/sec; est completion in 54 seconds [UPDATE-FAILED: Count=0, Max=0, Min=9223372036854775807, Avg=NaN, 90=0, 99=0, 99.9=0, 99.99=0] [UPDATE: Count=3040, Max=11759, Min=578, Avg=651.35, 90=675, 99=796, 99.9=9079, 99.99=11759] 
2021-03-02 14:19:31:894 328 sec: 863681 operations; 3164 current ops/sec; est completion in 52 seconds [UPDATE-FAILED: Count=0, Max=0, Min=9223372036854775807, Avg=NaN, 90=0, 99=0, 99.9=0, 99.99=0] [UPDATE: Count=3163, Max=1973, Min=570, Avg=626.53, 90=657, 99=779, 99.9=855, 99.99=1973] 
2021-03-02 14:19:32:894 329 sec: 866845 operations; 3164 current ops/sec; est completion in 51 seconds [UPDATE-FAILED: Count=0, Max=0, Min=9223372036854775807, Avg=NaN, 90=0, 99=0, 99.9=0, 99.99=0] [UPDATE: Count=3165, Max=1961, Min=564, Avg=627.08, 90=659, 99=764, 99.9=1255, 99.99=1961] 
2021-03-02 14:19:33:894 330 sec: 869965 operations; 3120 current ops/sec; est completion in 50 seconds [UPDATE-FAILED: Count=0, Max=0, Min=9223372036854775807, Avg=NaN, 90=0, 99=0, 99.9=0, 99.99=0] [UPDATE: Count=3121, Max=5147, Min=570, Avg=634.69, 90=669, 99=774, 99.9=931, 99.99=5147] 
2021-03-02 14:19:34:894 331 sec: 873091 operations; 3126 current ops/sec; est completion in 49 seconds [UPDATE-FAILED: Count=0, Max=0, Min=9223372036854775807, Avg=NaN, 90=0, 99=0, 99.9=0, 99.99=0] [UPDATE: Count=3126, Max=952, Min=573, Avg=634, 90=676, 99=772, 99.9=839, 99.99=952] 
2021-03-02 14:19:35:894 332 sec: 876133 operations; 3042 current ops/sec; est completion in 47 seconds [UPDATE-FAILED: Count=0, Max=0, Min=9223372036854775807, Avg=NaN, 90=0, 99=0, 99.9=0, 99.99=0] [UPDATE: Count=3040, Max=11279, Min=583, Avg=651.72, 90=691, 99=795, 99.9=987, 99.99=11279] 
2021-03-02 14:19:36:894 333 sec: 879157 operations; 3024 current ops/sec; est completion in 46 seconds [UPDATE-FAILED: Count=0, Max=0, Min=9223372036854775807, Avg=NaN, 90=0, 99=0, 99.9=0, 99.99=0] [UPDATE: Count=3024, Max=1537, Min=578, Avg=655.26, 90=704, 99=816, 99.9=951, 99.99=1537] 
2021-03-02 14:19:37:894 334 sec: 882168 operations; 3011 current ops/sec; est completion in 45 seconds [UPDATE-FAILED: Count=0, Max=0, Min=9223372036854775807, Avg=NaN, 90=0, 99=0, 99.9=0, 99.99=0] [UPDATE: Count=3012, Max=11479, Min=590, Avg=658.16, 90=696, 99=815, 99.9=1064, 99.99=11479] 
2021-03-02 14:19:38:894 335 sec: 885305 operations; 3137 current ops/sec; est completion in 44 seconds [UPDATE-FAILED: Count=0, Max=0, Min=9223372036854775807, Avg=NaN, 90=0, 99=0, 99.9=0, 99.99=0] [UPDATE: Count=3135, Max=1802, Min=574, Avg=631.78, 90=669, 99=797, 99.9=1350, 99.99=1802] 
2021-03-02 14:19:39:895 336 sec: 888440 operations; 3135 current ops/sec; est completion in 43 seconds [UPDATE-FAILED: Count=0, Max=0, Min=9223372036854775807, Avg=NaN, 90=0, 99=0, 99.9=0, 99.99=0] [UPDATE: Count=3135, Max=5983, Min=565, Avg=632.1, 90=669, 99=797, 99.9=1039, 99.99=5983] 
2021-03-02 14:19:40:894 337 sec: 891564 operations; 3124 current ops/sec; est completion in 41 seconds [UPDATE-FAILED: Count=0, Max=0, Min=9223372036854775807, Avg=NaN, 90=0, 99=0, 99.9=0, 99.99=0] [UPDATE: Count=3125, Max=2335, Min=569, Avg=634.77, 90=672, 99=773, 99.9=953, 99.99=2335] 
2021-03-02 14:19:41:894 338 sec: 894719 operations; 3155 current ops/sec; est completion in 40 seconds [UPDATE-FAILED: Count=0, Max=0, Min=9223372036854775807, Avg=NaN, 90=0, 99=0, 99.9=0, 99.99=0] [UPDATE: Count=3155, Max=1533, Min=580, Avg=628.5, 90=660, 99=748, 99.9=901, 99.99=1533] 
2021-03-02 14:19:42:894 339 sec: 897810 operations; 3091 current ops/sec; est completion in 39 seconds [UPDATE-FAILED: Count=0, Max=0, Min=9223372036854775807, Avg=NaN, 90=0, 99=0, 99.9=0, 99.99=0] [UPDATE: Count=3091, Max=13735, Min=573, Avg=641.64, 90=675, 99=805, 99.9=1301, 99.99=13735] 
2021-03-02 14:19:43:894 340 sec: 900833 operations; 3023 current ops/sec; est completion in 38 seconds [UPDATE-FAILED: Count=0, Max=0, Min=9223372036854775807, Avg=NaN, 90=0, 99=0, 99.9=0, 99.99=0] [UPDATE: Count=3024, Max=2069, Min=591, Avg=655.22, 90=692, 99=799, 99.9=937, 99.99=2069] 
2021-03-02 14:19:44:894 341 sec: 903903 operations; 3070 current ops/sec; est completion in 37 seconds [UPDATE-FAILED: Count=0, Max=0, Min=9223372036854775807, Avg=NaN, 90=0, 99=0, 99.9=0, 99.99=0] [UPDATE: Count=3069, Max=1658, Min=593, Avg=646.13, 90=672, 99=772, 99.9=828, 99.99=1658] 
2021-03-02 14:19:45:894 342 sec: 906900 operations; 2997 current ops/sec; est completion in 36 seconds [UPDATE-FAILED: Count=0, Max=0, Min=9223372036854775807, Avg=NaN, 90=0, 99=0, 99.9=0, 99.99=0] [UPDATE: Count=2997, Max=7919, Min=583, Avg=661.26, 90=696, 99=795, 99.9=993, 99.99=7919] 
2021-03-02 14:19:46:894 343 sec: 909891 operations; 2991 current ops/sec; est completion in 34 seconds [UPDATE-FAILED: Count=0, Max=0, Min=9223372036854775807, Avg=NaN, 90=0, 99=0, 99.9=0, 99.99=0] [UPDATE: Count=2991, Max=1909, Min=583, Avg=662.59, 90=703, 99=799, 99.9=948, 99.99=1909] 
2021-03-02 14:19:47:894 344 sec: 912859 operations; 2968 current ops/sec; est completion in 33 seconds [UPDATE-FAILED: Count=0, Max=0, Min=9223372036854775807, Avg=NaN, 90=0, 99=0, 99.9=0, 99.99=0] [UPDATE: Count=2968, Max=7547, Min=597, Avg=667.54, 90=705, 99=846, 99.9=1425, 99.99=7547] 
2021-03-02 14:19:48:894 345 sec: 915937 operations; 3078 current ops/sec; est completion in 32 seconds [UPDATE-FAILED: Count=0, Max=0, Min=9223372036854775807, Avg=NaN, 90=0, 99=0, 99.9=0, 99.99=0] [UPDATE: Count=3078, Max=1994, Min=573, Avg=644.3, 90=686, 99=773, 99.9=1435, 99.99=1994] 
2021-03-02 14:19:49:894 346 sec: 918998 operations; 3061 current ops/sec; est completion in 31 seconds [UPDATE-FAILED: Count=0, Max=0, Min=9223372036854775807, Avg=NaN, 90=0, 99=0, 99.9=0, 99.99=0] [UPDATE: Count=3060, Max=1488, Min=570, Avg=647.55, 90=701, 99=822, 99.9=992, 99.99=1488] 
2021-03-02 14:19:50:894 347 sec: 922026 operations; 3028 current ops/sec; est completion in 30 seconds [UPDATE-FAILED: Count=0, Max=0, Min=9223372036854775807, Avg=NaN, 90=0, 99=0, 99.9=0, 99.99=0] [UPDATE: Count=3029, Max=5927, Min=594, Avg=654.74, 90=693, 99=757, 99.9=1774, 99.99=5927] 
2021-03-02 14:19:51:894 348 sec: 925150 operations; 3124 current ops/sec; est completion in 29 seconds [UPDATE-FAILED: Count=0, Max=0, Min=9223372036854775807, Avg=NaN, 90=0, 99=0, 99.9=0, 99.99=0] [UPDATE: Count=3125, Max=1516, Min=583, Avg=634.49, 90=673, 99=756, 99.9=863, 99.99=1516] 
2021-03-02 14:19:52:894 349 sec: 928255 operations; 3105 current ops/sec; est completion in 27 seconds [UPDATE-FAILED: Count=0, Max=0, Min=9223372036854775807, Avg=NaN, 90=0, 99=0, 99.9=0, 99.99=0] [UPDATE: Count=3105, Max=8303, Min=578, Avg=638.28, 90=669, 99=761, 99.9=887, 99.99=8303] 
2021-03-02 14:19:53:894 350 sec: 931282 operations; 3027 current ops/sec; est completion in 26 seconds [UPDATE-FAILED: Count=0, Max=0, Min=9223372036854775807, Avg=NaN, 90=0, 99=0, 99.9=0, 99.99=0] [UPDATE: Count=3027, Max=1016, Min=575, Avg=654.77, 90=694, 99=778, 99.9=889, 99.99=1016] 
2021-03-02 14:19:54:894 351 sec: 934181 operations; 2899 current ops/sec; est completion in 25 seconds [UPDATE-FAILED: Count=0, Max=0, Min=9223372036854775807, Avg=NaN, 90=0, 99=0, 99.9=0, 99.99=0] [UPDATE: Count=2899, Max=2005, Min=601, Avg=684.21, 90=725, 99=835, 99.9=976, 99.99=2005] 
2021-03-02 14:19:55:894 352 sec: 937079 operations; 2898 current ops/sec; est completion in 24 seconds [UPDATE-FAILED: Count=0, Max=0, Min=9223372036854775807, Avg=NaN, 90=0, 99=0, 99.9=0, 99.99=0] [UPDATE: Count=2898, Max=9855, Min=588, Avg=683.98, 90=724, 99=862, 99.9=1044, 99.99=9855] 
2021-03-02 14:19:56:894 353 sec: 940157 operations; 3078 current ops/sec; est completion in 23 seconds [UPDATE-FAILED: Count=0, Max=0, Min=9223372036854775807, Avg=NaN, 90=0, 99=0, 99.9=0, 99.99=0] [UPDATE: Count=3079, Max=1140, Min=562, Avg=644.25, 90=687, 99=780, 99.9=857, 99.99=1140] 
2021-03-02 14:19:57:894 354 sec: 943220 operations; 3063 current ops/sec; est completion in 22 seconds [UPDATE-FAILED: Count=0, Max=0, Min=9223372036854775807, Avg=NaN, 90=0, 99=0, 99.9=0, 99.99=0] [UPDATE: Count=3060, Max=981, Min=562, Avg=647.25, 90=689, 99=802, 99.9=880, 99.99=981] 
2021-03-02 14:19:58:894 355 sec: 946283 operations; 3063 current ops/sec; est completion in 21 seconds [UPDATE-FAILED: Count=0, Max=0, Min=9223372036854775807, Avg=NaN, 90=0, 99=0, 99.9=0, 99.99=0] [UPDATE: Count=3064, Max=2765, Min=583, Avg=647.29, 90=692, 99=805, 99.9=1767, 99.99=2765] 
2021-03-02 14:19:59:894 356 sec: 949357 operations; 3074 current ops/sec; est completion in 19 seconds [UPDATE-FAILED: Count=0, Max=0, Min=9223372036854775807, Avg=NaN, 90=0, 99=0, 99.9=0, 99.99=0] [UPDATE: Count=3074, Max=1776, Min=582, Avg=645.21, 90=691, 99=760, 99.9=1390, 99.99=1776] 
2021-03-02 14:20:00:894 357 sec: 952437 operations; 3080 current ops/sec; est completion in 18 seconds [UPDATE-FAILED: Count=0, Max=0, Min=9223372036854775807, Avg=NaN, 90=0, 99=0, 99.9=0, 99.99=0] [UPDATE: Count=3080, Max=1888, Min=564, Avg=644.36, 90=687, 99=758, 99.9=999, 99.99=1888] 
2021-03-02 14:20:01:894 358 sec: 955522 operations; 3085 current ops/sec; est completion in 17 seconds [UPDATE-FAILED: Count=0, Max=0, Min=9223372036854775807, Avg=NaN, 90=0, 99=0, 99.9=0, 99.99=0] [UPDATE: Count=3085, Max=2007, Min=572, Avg=642.93, 90=680, 99=755, 99.9=856, 99.99=2007] 
2021-03-02 14:20:02:894 359 sec: 958594 operations; 3072 current ops/sec; est completion in 16 seconds [UPDATE-FAILED: Count=0, Max=0, Min=9223372036854775807, Avg=NaN, 90=0, 99=0, 99.9=0, 99.99=0] [UPDATE: Count=3073, Max=10631, Min=575, Avg=645.67, 90=685, 99=770, 99.9=1070, 99.99=10631] 
2021-03-02 14:20:03:894 360 sec: 961726 operations; 3132 current ops/sec; est completion in 15 seconds [UPDATE-FAILED: Count=0, Max=0, Min=9223372036854775807, Avg=NaN, 90=0, 99=0, 99.9=0, 99.99=0] [UPDATE: Count=3132, Max=1189, Min=564, Avg=633.51, 90=674, 99=759, 99.9=923, 99.99=1189] 
2021-03-02 14:20:04:894 361 sec: 964735 operations; 3009 current ops/sec; est completion in 14 seconds [UPDATE-FAILED: Count=0, Max=0, Min=9223372036854775807, Avg=NaN, 90=0, 99=0, 99.9=0, 99.99=0] [UPDATE: Count=3009, Max=1602, Min=587, Avg=658.49, 90=695, 99=794, 99.9=928, 99.99=1602] 
2021-03-02 14:20:05:894 362 sec: 967709 operations; 2974 current ops/sec; est completion in 13 seconds [UPDATE-FAILED: Count=0, Max=0, Min=9223372036854775807, Avg=NaN, 90=0, 99=0, 99.9=0, 99.99=0] [UPDATE: Count=2973, Max=9839, Min=575, Avg=666.56, 90=707, 99=798, 99.9=915, 99.99=9839] 
2021-03-02 14:20:06:894 363 sec: 970702 operations; 2993 current ops/sec; est completion in 11 seconds [UPDATE-FAILED: Count=0, Max=0, Min=9223372036854775807, Avg=NaN, 90=0, 99=0, 99.9=0, 99.99=0] [UPDATE: Count=2992, Max=8247, Min=582, Avg=661.84, 90=697, 99=834, 99.9=1401, 99.99=8247] 
2021-03-02 14:20:07:894 364 sec: 973757 operations; 3055 current ops/sec; est completion in 10 seconds [UPDATE-FAILED: Count=0, Max=0, Min=9223372036854775807, Avg=NaN, 90=0, 99=0, 99.9=0, 99.99=0] [UPDATE: Count=3057, Max=7891, Min=569, Avg=649.16, 90=682, 99=795, 99.9=2155, 99.99=7891] 
2021-03-02 14:20:08:894 365 sec: 976819 operations; 3062 current ops/sec; est completion in 9 second [UPDATE-FAILED: Count=0, Max=0, Min=9223372036854775807, Avg=NaN, 90=0, 99=0, 99.9=0, 99.99=0] [UPDATE: Count=3062, Max=9167, Min=575, Avg=647.11, 90=682, 99=768, 99.9=1196, 99.99=9167] 
2021-03-02 14:20:09:894 366 sec: 979914 operations; 3095 current ops/sec; est completion in 8 second [UPDATE-FAILED: Count=0, Max=0, Min=9223372036854775807, Avg=NaN, 90=0, 99=0, 99.9=0, 99.99=0] [UPDATE: Count=3096, Max=1867, Min=573, Avg=640.97, 90=683, 99=764, 99.9=1627, 99.99=1867] 
2021-03-02 14:20:10:894 367 sec: 982968 operations; 3054 current ops/sec; est completion in 7 second [UPDATE-FAILED: Count=0, Max=0, Min=9223372036854775807, Avg=NaN, 90=0, 99=0, 99.9=0, 99.99=0] [UPDATE: Count=3052, Max=1049, Min=586, Avg=649.11, 90=690, 99=767, 99.9=841, 99.99=1049] 
2021-03-02 14:20:11:894 368 sec: 986073 operations; 3105 current ops/sec; est completion in 6 second [UPDATE-FAILED: Count=0, Max=0, Min=9223372036854775807, Avg=NaN, 90=0, 99=0, 99.9=0, 99.99=0] [UPDATE: Count=3107, Max=2837, Min=563, Avg=638.84, 90=677, 99=807, 99.9=1533, 99.99=2837] 
2021-03-02 14:20:12:894 369 sec: 989079 operations; 3006 current ops/sec; est completion in 5 second [UPDATE-FAILED: Count=0, Max=0, Min=9223372036854775807, Avg=NaN, 90=0, 99=0, 99.9=0, 99.99=0] [UPDATE: Count=3005, Max=972, Min=590, Avg=660.54, 90=706, 99=763, 99.9=823, 99.99=972] 
2021-03-02 14:20:13:894 370 sec: 992074 operations; 2995 current ops/sec; est completion in 3 second [UPDATE-FAILED: Count=0, Max=0, Min=9223372036854775807, Avg=NaN, 90=0, 99=0, 99.9=0, 99.99=0] [UPDATE: Count=2995, Max=1562, Min=590, Avg=662.93, 90=709, 99=780, 99.9=884, 99.99=1562] 
2021-03-02 14:20:14:894 371 sec: 995080 operations; 3006 current ops/sec; est completion in 2 second [UPDATE-FAILED: Count=0, Max=0, Min=9223372036854775807, Avg=NaN, 90=0, 99=0, 99.9=0, 99.99=0] [UPDATE: Count=3005, Max=3899, Min=592, Avg=659.45, 90=705, 99=831, 99.9=1088, 99.99=3899] 
2021-03-02 14:20:15:894 372 sec: 998085 operations; 3005 current ops/sec; est completion in 1 second [UPDATE-FAILED: Count=0, Max=0, Min=9223372036854775807, Avg=NaN, 90=0, 99=0, 99.9=0, 99.99=0] [UPDATE: Count=3006, Max=2289, Min=592, Avg=659.32, 90=694, 99=848, 99.9=1880, 99.99=2289] 
2021-03-02 14:20:16:590 372 sec: 1000000 operations; 2751.44 current ops/sec; [UPDATE-FAILED: Count=0, Max=0, Min=9223372036854775807, Avg=NaN, 90=0, 99=0, 99.9=0, 99.99=0] [CLEANUP: Count=2, Max=7, Min=4, Avg=5.5, 90=7, 99=7, 99.9=7, 99.99=7] [UPDATE: Count=1913, Max=1987, Min=602, Avg=661.33, 90=695, 99=826, 99.9=979, 99.99=1987] 
[OVERALL], RunTime(ms), 372697
[OVERALL], Throughput(ops/sec), 2683.144752976278
[TOTAL_GCS_G1_Young_Generation], Count, 33
[TOTAL_GC_TIME_G1_Young_Generation], Time(ms), 551
[TOTAL_GC_TIME_%_G1_Young_Generation], Time(%), 0.14784127588899293
[TOTAL_GCS_G1_Old_Generation], Count, 0
[TOTAL_GC_TIME_G1_Old_Generation], Time(ms), 0
[TOTAL_GC_TIME_%_G1_Old_Generation], Time(%), 0.0
[TOTAL_GCs], Count, 33
[TOTAL_GC_TIME], Time(ms), 551
[TOTAL_GC_TIME_%], Time(%), 0.14784127588899293
[UPDATE-FAILED], Operations, 2
[UPDATE-FAILED], AverageLatency(us), 4.0026112E7
[UPDATE-FAILED], MinLatency(us), 40009728
[UPDATE-FAILED], MaxLatency(us), 40042495
[UPDATE-FAILED], 95thPercentileLatency(us), 40042495
[UPDATE-FAILED], 99thPercentileLatency(us), 40042495
[CLEANUP], Operations, 2
[CLEANUP], AverageLatency(us), 5.5
[CLEANUP], MinLatency(us), 4
[CLEANUP], MaxLatency(us), 7
[CLEANUP], 95thPercentileLatency(us), 7
[CLEANUP], 99thPercentileLatency(us), 7
[UPDATE], Operations, 999998
[UPDATE], AverageLatency(us), 658.8264276528553
[UPDATE], MinLatency(us), 540
[UPDATE], MaxLatency(us), 2080767
[UPDATE], 95thPercentileLatency(us), 727
[UPDATE], 99thPercentileLatency(us), 842
[UPDATE], Return=OK, 999998
[UPDATE], Return=ERROR, 2
