2020-11-05 13:08:07.337 [Thread-2] INFO  b.c.c.n.NettyClientServerCommunicationSystemClientSide - Connecting to replica 0 at /192.168.3.41:11000
2020-11-05 13:08:07.371 [nioEventLoopGroup-2-1] INFO  b.c.c.n.NettyClientServerCommunicationSystemClientSide - Channel active
2020-11-05 13:13:03.494 [Thread-2] INFO  b.c.c.n.NettyClientServerCommunicationSystemClientSide - Connecting to replica 0 at /192.168.3.41:11000
2020-11-05 13:13:03.523 [nioEventLoopGroup-2-1] INFO  b.c.c.n.NettyClientServerCommunicationSystemClientSide - Channel active
2020-11-05 13:17:53.207 [Thread-2] INFO  b.c.c.n.NettyClientServerCommunicationSystemClientSide - Connecting to replica 0 at /192.168.3.41:11000
2020-11-05 13:17:53.243 [nioEventLoopGroup-2-1] INFO  b.c.c.n.NettyClientServerCommunicationSystemClientSide - Channel active
2020-11-05 13:18:33.250 [Thread-2] INFO  bftsmart.tom.ServiceProxy - ###################TIMEOUT#######################
2020-11-05 13:18:33.251 [Thread-2] INFO  bftsmart.tom.ServiceProxy - Reply timeout for reqId=0, Replies received: 0
2020-11-05 13:18:33.260 [Thread-2] ERROR smarttrie.app.client.Client$ - Request failed
java.lang.NullPointerException: null
	at java.base/java.io.ByteArrayInputStream.<init>(ByteArrayInputStream.java:108)
	at smarttrie.io.Codec$.reader(Codec.scala:243)
	at smarttrie.io.Codec$.decode(Codec.scala:240)
	at smarttrie.app.client.Client.execute(Client.scala:107)
	at smarttrie.app.client.Client.update(Client.scala:53)
	at site.ycsb.DBWrapper.update(DBWrapper.java:198)
	at site.ycsb.workloads.CoreWorkload.doTransactionUpdate(CoreWorkload.java:814)
	at site.ycsb.workloads.CoreWorkload.doTransaction(CoreWorkload.java:647)
	at site.ycsb.ClientThread.run(ClientThread.java:122)
	at java.base/java.lang.Thread.run(Thread.java:834)
2020-11-05 13:19:58.000 [Thread-2] INFO  b.c.c.n.NettyClientServerCommunicationSystemClientSide - Connecting to replica 0 at /192.168.3.41:11000
2020-11-05 13:19:58.029 [nioEventLoopGroup-2-1] INFO  b.c.c.n.NettyClientServerCommunicationSystemClientSide - Channel active
