Command line: -load -s -db smarttrie.app.client.Client -P config/workload
YCSB Client 0.17.0

Loading workload...
Starting test.
DBWrapper: report latency for each error is false and specific error codes to track for latency are: []
2020-11-05 13:08:06:342 0 sec: 0 operations; est completion in 0 second 
2020-11-05 13:08:07:246 1 sec: 0 operations; est completion in 106751991167300 days 15 hours 
2020-11-05 13:08:07.337 [Thread-2] INFO  b.c.c.n.NettyClientServerCommunicationSystemClientSide - Connecting to replica 0 at /192.168.3.41:11000
2020-11-05 13:08:07.371 [nioEventLoopGroup-2-1] INFO  b.c.c.n.NettyClientServerCommunicationSystemClientSide - Channel active
2020-11-05 13:08:08:245 2 sec: 186 operations; 186 current ops/sec; est completion in 1 hour 29 minutes [INSERT: Count=188, Max=1388543, Min=2330, Avg=10455.11, 90=4171, 99=8959, 99.9=1388543, 99.99=1388543] 
2020-11-05 13:08:09:245 3 sec: 621 operations; 435 current ops/sec; est completion in 40 minutes [INSERT: Count=434, Max=7067, Min=1803, Avg=2235.1, 90=2577, 99=4283, 99.9=7067, 99.99=7067] 
2020-11-05 13:08:10:246 4 sec: 1203 operations; 582 current ops/sec; est completion in 27 minutes [INSERT: Count=581, Max=7851, Min=1000, Avg=1679.45, 90=2000, 99=3009, 99.9=6755, 99.99=7851] 
2020-11-05 13:08:11:246 5 sec: 2204 operations; 1001 current ops/sec; est completion in 18 minutes [INSERT: Count=1003, Max=8295, Min=755, Avg=974.04, 90=1175, 99=2379, 99.9=4787, 99.99=8295] 
2020-11-05 13:08:12:245 6 sec: 3417 operations; 1213 current ops/sec; est completion in 14 minutes [INSERT: Count=1212, Max=4775, Min=713, Avg=807.46, 90=854, 99=1303, 99.9=4239, 99.99=4775] 
2020-11-05 13:08:13:245 7 sec: 4618 operations; 1201 current ops/sec; est completion in 12 minutes [INSERT: Count=1201, Max=31359, Min=674, Avg=816.52, 90=861, 99=1144, 99.9=5927, 99.99=31359] 
2020-11-05 13:08:14:245 8 sec: 5800 operations; 1182 current ops/sec; est completion in 11 minutes [INSERT: Count=1182, Max=13295, Min=660, Avg=828.47, 90=914, 99=1099, 99.9=6195, 99.99=13295] 
2020-11-05 13:08:15:245 9 sec: 7132 operations; 1332 current ops/sec; est completion in 10 minutes [INSERT: Count=1332, Max=11655, Min=617, Avg=739.16, 90=794, 99=1310, 99.9=5115, 99.99=11655] 
2020-11-05 13:08:16:246 10 sec: 8552 operations; 1420 current ops/sec; est completion in 9 minutes [INSERT: Count=1420, Max=25263, Min=577, Avg=692.25, 90=746, 99=884, 99.9=5763, 99.99=25263] 
2020-11-05 13:08:17:245 11 sec: 10115 operations; 1563 current ops/sec; est completion in 8 minutes [INSERT: Count=1562, Max=4679, Min=563, Avg=629.86, 90=664, 99=823, 99.9=2773, 99.99=4679] 
2020-11-05 13:08:18:246 12 sec: 11663 operations; 1548 current ops/sec; est completion in 8 minutes [INSERT: Count=1550, Max=5419, Min=549, Avg=637.94, 90=689, 99=835, 99.9=2345, 99.99=5419] 
2020-11-05 13:08:19:246 13 sec: 13302 operations; 1639 current ops/sec; est completion in 7 minutes [INSERT: Count=1639, Max=10215, Min=515, Avg=603.31, 90=647, 99=807, 99.9=4687, 99.99=10215] 
2020-11-05 13:08:20:245 14 sec: 14914 operations; 1612 current ops/sec; est completion in 7 minutes [INSERT: Count=1612, Max=22239, Min=504, Avg=612.54, 90=631, 99=929, 99.9=6383, 99.99=22239] 
2020-11-05 13:08:21:245 15 sec: 16703 operations; 1789 current ops/sec; est completion in 7 minutes [INSERT: Count=1789, Max=8959, Min=495, Avg=553.35, 90=570, 99=676, 99.9=2529, 99.99=8959] 
2020-11-05 13:08:22:245 16 sec: 18524 operations; 1821 current ops/sec; est completion in 6 minutes [INSERT: Count=1821, Max=4443, Min=501, Avg=543.83, 90=562, 99=644, 99.9=1128, 99.99=4443] 
2020-11-05 13:08:23:245 17 sec: 20158 operations; 1634 current ops/sec; est completion in 6 minutes [INSERT: Count=1633, Max=84671, Min=513, Avg=606.37, 90=578, 99=674, 99.9=1133, 99.99=84671] 
2020-11-05 13:08:24:245 18 sec: 21973 operations; 1815 current ops/sec; est completion in 6 minutes [INSERT: Count=1815, Max=837, Min=508, Avg=545.4, 90=567, 99=643, 99.9=700, 99.99=837] 
2020-11-05 13:08:25:245 19 sec: 23783 operations; 1810 current ops/sec; est completion in 6 minutes [INSERT: Count=1810, Max=680, Min=512, Avg=547.08, 90=570, 99=627, 99.9=653, 99.99=680] 
2020-11-05 13:08:26:246 20 sec: 25561 operations; 1778 current ops/sec; est completion in 6 minutes [INSERT: Count=1778, Max=8663, Min=511, Avg=556.53, 90=575, 99=644, 99.9=781, 99.99=8663] 
2020-11-05 13:08:27:245 21 sec: 27366 operations; 1805 current ops/sec; est completion in 6 minutes [INSERT: Count=1806, Max=4599, Min=505, Avg=548.21, 90=567, 99=626, 99.9=874, 99.99=4599] 
2020-11-05 13:08:28:246 22 sec: 29125 operations; 1759 current ops/sec; est completion in 5 minutes [INSERT: Count=1759, Max=22143, Min=504, Avg=563.28, 90=578, 99=634, 99.9=986, 99.99=22143] 
2020-11-05 13:08:29:245 23 sec: 30911 operations; 1786 current ops/sec; est completion in 5 minutes [INSERT: Count=1786, Max=10215, Min=499, Avg=553.64, 90=574, 99=633, 99.9=1217, 99.99=10215] 
2020-11-05 13:08:30:245 24 sec: 32743 operations; 1832 current ops/sec; est completion in 5 minutes [INSERT: Count=1832, Max=8711, Min=492, Avg=540.33, 90=556, 99=627, 99.9=1796, 99.99=8711] 
2020-11-05 13:08:31:245 25 sec: 34551 operations; 1808 current ops/sec; est completion in 5 minutes [INSERT: Count=1808, Max=9935, Min=494, Avg=547.22, 90=574, 99=639, 99.9=2183, 99.99=9935] 
2020-11-05 13:08:32:245 26 sec: 36352 operations; 1801 current ops/sec; est completion in 5 minutes [INSERT: Count=1799, Max=11831, Min=494, Avg=549.3, 90=561, 99=629, 99.9=4715, 99.99=11831] 
2020-11-05 13:08:33:245 27 sec: 38107 operations; 1755 current ops/sec; est completion in 5 minutes [INSERT: Count=1755, Max=2417, Min=494, Avg=564.19, 90=592, 99=650, 99.9=766, 99.99=2417] 
2020-11-05 13:08:34:245 28 sec: 39866 operations; 1759 current ops/sec; est completion in 5 minutes [INSERT: Count=1759, Max=4991, Min=488, Avg=563.03, 90=582, 99=649, 99.9=1572, 99.99=4991] 
2020-11-05 13:08:35:245 29 sec: 41701 operations; 1835 current ops/sec; est completion in 5 minutes [INSERT: Count=1835, Max=5203, Min=479, Avg=539.48, 90=573, 99=640, 99.9=1524, 99.99=5203] 
2020-11-05 13:08:36:245 30 sec: 43353 operations; 1652 current ops/sec; est completion in 5 minutes [INSERT: Count=1652, Max=2149, Min=539, Avg=599.89, 90=638, 99=691, 99.9=787, 99.99=2149] 
2020-11-05 13:08:37:245 31 sec: 45117 operations; 1764 current ops/sec; est completion in 5 minutes [INSERT: Count=1764, Max=2643, Min=501, Avg=561.26, 90=597, 99=659, 99.9=1083, 99.99=2643] 
2020-11-05 13:08:38:245 32 sec: 46884 operations; 1767 current ops/sec; est completion in 5 minutes [INSERT: Count=1768, Max=21423, Min=505, Avg=560.89, 90=574, 99=630, 99.9=1496, 99.99=21423] 
2020-11-05 13:08:39:246 33 sec: 48619 operations; 1735 current ops/sec; est completion in 5 minutes [INSERT: Count=1735, Max=3869, Min=492, Avg=571.46, 90=602, 99=656, 99.9=869, 99.99=3869] 
2020-11-05 13:08:40:245 34 sec: 50492 operations; 1873 current ops/sec; est completion in 5 minutes [INSERT: Count=1873, Max=697, Min=489, Avg=529.15, 90=558, 99=601, 99.9=644, 99.99=697] 
2020-11-05 13:08:41:246 35 sec: 52315 operations; 1823 current ops/sec; est completion in 5 minutes [INSERT: Count=1822, Max=4635, Min=483, Avg=542.66, 90=581, 99=651, 99.9=927, 99.99=4635] 
2020-11-05 13:08:42:246 36 sec: 54070 operations; 1755 current ops/sec; est completion in 4 minutes [INSERT: Count=1756, Max=6835, Min=505, Avg=564.6, 90=592, 99=645, 99.9=734, 99.99=6835] 
2020-11-05 13:08:43:246 37 sec: 55757 operations; 1687 current ops/sec; est completion in 4 minutes [INSERT: Count=1686, Max=10743, Min=493, Avg=586.74, 90=601, 99=841, 99.9=4463, 99.99=10743] 
2020-11-05 13:08:44:245 38 sec: 57115 operations; 1358 current ops/sec; est completion in 4 minutes [INSERT: Count=1359, Max=219135, Min=480, Avg=730.07, 90=594, 99=727, 99.9=10455, 99.99=219135] 
2020-11-05 13:08:45:245 39 sec: 58977 operations; 1862 current ops/sec; est completion in 4 minutes [INSERT: Count=1861, Max=654, Min=481, Avg=531.72, 90=560, 99=604, 99.9=635, 99.99=654] 
2020-11-05 13:08:46:245 40 sec: 60766 operations; 1789 current ops/sec; est completion in 4 minutes [INSERT: Count=1789, Max=4555, Min=473, Avg=553.43, 90=581, 99=633, 99.9=2008, 99.99=4555] 
2020-11-05 13:08:47:245 41 sec: 62533 operations; 1767 current ops/sec; est completion in 4 minutes [INSERT: Count=1767, Max=2867, Min=494, Avg=560.4, 90=585, 99=637, 99.9=2167, 99.99=2867] 
2020-11-05 13:08:48:245 42 sec: 64252 operations; 1719 current ops/sec; est completion in 4 minutes [INSERT: Count=1719, Max=4643, Min=531, Avg=578.29, 90=611, 99=650, 99.9=732, 99.99=4643] 
2020-11-05 13:08:49:245 43 sec: 66026 operations; 1774 current ops/sec; est completion in 4 minutes [INSERT: Count=1774, Max=26575, Min=482, Avg=559.13, 90=565, 99=616, 99.9=4799, 99.99=26575] 
2020-11-05 13:08:50:246 44 sec: 67770 operations; 1744 current ops/sec; est completion in 4 minutes [INSERT: Count=1744, Max=8279, Min=495, Avg=568.19, 90=587, 99=640, 99.9=1033, 99.99=8279] 
2020-11-05 13:08:51:246 45 sec: 69643 operations; 1873 current ops/sec; est completion in 4 minutes [INSERT: Count=1876, Max=4227, Min=476, Avg=529.12, 90=563, 99=617, 99.9=1100, 99.99=4227] 
2020-11-05 13:08:52:245 46 sec: 71446 operations; 1803 current ops/sec; est completion in 4 minutes [INSERT: Count=1801, Max=5811, Min=486, Avg=549.54, 90=576, 99=654, 99.9=1132, 99.99=5811] 
2020-11-05 13:08:53:245 47 sec: 73179 operations; 1733 current ops/sec; est completion in 4 minutes [INSERT: Count=1732, Max=2397, Min=515, Avg=572.25, 90=595, 99=654, 99.9=1317, 99.99=2397] 
2020-11-05 13:08:54:245 48 sec: 74934 operations; 1755 current ops/sec; est completion in 4 minutes [INSERT: Count=1755, Max=2577, Min=503, Avg=565.73, 90=593, 99=665, 99.9=1388, 99.99=2577] 
2020-11-05 13:08:55:245 49 sec: 76740 operations; 1806 current ops/sec; est completion in 4 minutes [INSERT: Count=1806, Max=1230, Min=475, Avg=549.13, 90=583, 99=626, 99.9=667, 99.99=1230] 
2020-11-05 13:08:56:245 50 sec: 78541 operations; 1801 current ops/sec; est completion in 4 minutes [INSERT: Count=1802, Max=2131, Min=487, Avg=551.12, 90=575, 99=616, 99.9=690, 99.99=2131] 
2020-11-05 13:08:57:245 51 sec: 80481 operations; 1940 current ops/sec; est completion in 4 minutes [INSERT: Count=1940, Max=695, Min=466, Avg=511.52, 90=544, 99=589, 99.9=664, 99.99=695] 
2020-11-05 13:08:58:245 52 sec: 82412 operations; 1931 current ops/sec; est completion in 4 minutes [INSERT: Count=1931, Max=751, Min=476, Avg=513.81, 90=545, 99=598, 99.9=730, 99.99=751] 
2020-11-05 13:08:59:245 53 sec: 84335 operations; 1923 current ops/sec; est completion in 4 minutes [INSERT: Count=1923, Max=6355, Min=469, Avg=515.87, 90=534, 99=585, 99.9=1311, 99.99=6355] 
2020-11-05 13:09:00:245 54 sec: 86197 operations; 1862 current ops/sec; est completion in 4 minutes [INSERT: Count=1861, Max=26431, Min=476, Avg=531.94, 90=533, 99=577, 99.9=1167, 99.99=26431] 
2020-11-05 13:09:01:245 55 sec: 88091 operations; 1894 current ops/sec; est completion in 4 minutes [INSERT: Count=1895, Max=1587, Min=489, Avg=523.98, 90=547, 99=610, 99.9=1043, 99.99=1587] 
2020-11-05 13:09:02:246 56 sec: 89969 operations; 1878 current ops/sec; est completion in 4 minutes [INSERT: Count=1877, Max=11431, Min=471, Avg=527.37, 90=544, 99=687, 99.9=1180, 99.99=11431] 
2020-11-05 13:09:03:245 57 sec: 91805 operations; 1836 current ops/sec; est completion in 4 minutes [INSERT: Count=1836, Max=10559, Min=477, Avg=539.78, 90=571, 99=623, 99.9=796, 99.99=10559] 
2020-11-05 13:09:04:245 58 sec: 93669 operations; 1864 current ops/sec; est completion in 4 minutes [INSERT: Count=1864, Max=2539, Min=488, Avg=532.3, 90=573, 99=614, 99.9=662, 99.99=2539] 
2020-11-05 13:09:05:245 59 sec: 95539 operations; 1870 current ops/sec; est completion in 4 minutes [INSERT: Count=1870, Max=11871, Min=479, Avg=529.87, 90=568, 99=610, 99.9=744, 99.99=11871] 
2020-11-05 13:09:06:245 60 sec: 96821 operations; 1282 current ops/sec; est completion in 4 minutes [INSERT: Count=1282, Max=2485, Min=500, Avg=557.05, 90=582, 99=626, 99.9=819, 99.99=2485] 
2020-11-05 13:09:07:245 61 sec: 98616 operations; 1795 current ops/sec; est completion in 4 minutes [INSERT: Count=1795, Max=336127, Min=483, Avg=708.64, 90=544, 99=629, 99.9=1090, 99.99=336127] 
2020-11-05 13:09:08:245 62 sec: 100503 operations; 1887 current ops/sec; est completion in 4 minutes [INSERT: Count=1887, Max=4435, Min=479, Avg=525.02, 90=543, 99=600, 99.9=2627, 99.99=4435] 
2020-11-05 13:09:09:245 63 sec: 102397 operations; 1894 current ops/sec; est completion in 4 minutes [INSERT: Count=1894, Max=8983, Min=462, Avg=522.52, 90=550, 99=590, 99.9=2641, 99.99=8983] 
2020-11-05 13:09:10:245 64 sec: 104280 operations; 1883 current ops/sec; est completion in 4 minutes [INSERT: Count=1883, Max=8111, Min=475, Avg=526.05, 90=558, 99=600, 99.9=1436, 99.99=8111] 
2020-11-05 13:09:11:245 65 sec: 106193 operations; 1913 current ops/sec; est completion in 4 minutes [INSERT: Count=1914, Max=2639, Min=469, Avg=518.26, 90=544, 99=596, 99.9=663, 99.99=2639] 
2020-11-05 13:09:12:246 66 sec: 107963 operations; 1770 current ops/sec; est completion in 4 minutes [INSERT: Count=1770, Max=4127, Min=491, Avg=560.28, 90=588, 99=650, 99.9=1118, 99.99=4127] 
2020-11-05 13:09:13:245 67 sec: 109847 operations; 1884 current ops/sec; est completion in 3 minutes [INSERT: Count=1883, Max=3971, Min=477, Avg=525.58, 90=546, 99=632, 99.9=2777, 99.99=3971] 
2020-11-05 13:09:14:245 68 sec: 111709 operations; 1862 current ops/sec; est completion in 3 minutes [INSERT: Count=1863, Max=11559, Min=481, Avg=531.76, 90=558, 99=614, 99.9=707, 99.99=11559] 
2020-11-05 13:09:15:245 69 sec: 113618 operations; 1909 current ops/sec; est completion in 3 minutes [INSERT: Count=1908, Max=1699, Min=468, Avg=516.54, 90=536, 99=577, 99.9=794, 99.99=1699] 
2020-11-05 13:09:16:245 70 sec: 115460 operations; 1842 current ops/sec; est completion in 3 minutes [INSERT: Count=1842, Max=11391, Min=486, Avg=540.87, 90=561, 99=650, 99.9=1038, 99.99=11391] 
2020-11-05 13:09:17:245 71 sec: 117304 operations; 1844 current ops/sec; est completion in 3 minutes [INSERT: Count=1845, Max=6343, Min=484, Avg=537.57, 90=574, 99=633, 99.9=2441, 99.99=6343] 
2020-11-05 13:09:18:245 72 sec: 119156 operations; 1852 current ops/sec; est completion in 3 minutes [INSERT: Count=1852, Max=1675, Min=485, Avg=535.73, 90=571, 99=611, 99.9=1024, 99.99=1675] 
2020-11-05 13:09:19:246 73 sec: 120946 operations; 1790 current ops/sec; est completion in 3 minutes [INSERT: Count=1790, Max=8695, Min=481, Avg=554.59, 90=583, 99=646, 99.9=2157, 99.99=8695] 
2020-11-05 13:09:20:245 74 sec: 122767 operations; 1821 current ops/sec; est completion in 3 minutes [INSERT: Count=1821, Max=1227, Min=491, Avg=544.29, 90=572, 99=623, 99.9=744, 99.99=1227] 
2020-11-05 13:09:21:245 75 sec: 124573 operations; 1806 current ops/sec; est completion in 3 minutes [INSERT: Count=1805, Max=3743, Min=490, Avg=548.95, 90=578, 99=622, 99.9=1136, 99.99=3743] 
2020-11-05 13:09:22:245 76 sec: 126370 operations; 1797 current ops/sec; est completion in 3 minutes [INSERT: Count=1798, Max=2423, Min=487, Avg=551.84, 90=595, 99=657, 99.9=949, 99.99=2423] 
2020-11-05 13:09:23:245 77 sec: 128181 operations; 1811 current ops/sec; est completion in 3 minutes [INSERT: Count=1810, Max=6923, Min=478, Avg=547.33, 90=586, 99=643, 99.9=990, 99.99=6923] 
2020-11-05 13:09:24:245 78 sec: 129996 operations; 1815 current ops/sec; est completion in 3 minutes [INSERT: Count=1815, Max=2071, Min=474, Avg=543.02, 90=582, 99=618, 99.9=826, 99.99=2071] 
2020-11-05 13:09:25:245 79 sec: 131825 operations; 1829 current ops/sec; est completion in 3 minutes [INSERT: Count=1830, Max=8775, Min=487, Avg=545.67, 90=575, 99=641, 99.9=1630, 99.99=8775] 
2020-11-05 13:09:26:245 80 sec: 133547 operations; 1722 current ops/sec; est completion in 3 minutes [INSERT: Count=1721, Max=10311, Min=486, Avg=575.9, 90=608, 99=647, 99.9=866, 99.99=10311] 
2020-11-05 13:09:27:245 81 sec: 135234 operations; 1687 current ops/sec; est completion in 3 minutes [INSERT: Count=1688, Max=10863, Min=501, Avg=587.77, 90=616, 99=666, 99.9=10135, 99.99=10863] 
2020-11-05 13:09:28:245 82 sec: 136976 operations; 1742 current ops/sec; est completion in 3 minutes [INSERT: Count=1741, Max=9975, Min=495, Avg=569.58, 90=596, 99=649, 99.9=974, 99.99=9975] 
2020-11-05 13:09:29:245 83 sec: 138735 operations; 1759 current ops/sec; est completion in 3 minutes [INSERT: Count=1759, Max=12831, Min=493, Avg=563.86, 90=584, 99=637, 99.9=8051, 99.99=12831] 
2020-11-05 13:09:30:245 84 sec: 139844 operations; 1109 current ops/sec; est completion in 3 minutes [INSERT: Count=1109, Max=352255, Min=501, Avg=896.69, 90=611, 99=653, 99.9=1292, 99.99=352255] 
2020-11-05 13:09:31:245 85 sec: 141634 operations; 1790 current ops/sec; est completion in 3 minutes [INSERT: Count=1791, Max=8663, Min=500, Avg=554.15, 90=583, 99=636, 99.9=1280, 99.99=8663] 
2020-11-05 13:09:32:245 86 sec: 143338 operations; 1704 current ops/sec; est completion in 3 minutes [INSERT: Count=1703, Max=8095, Min=489, Avg=581.63, 90=620, 99=685, 99.9=3609, 99.99=8095] 
2020-11-05 13:09:33:246 87 sec: 145109 operations; 1771 current ops/sec; est completion in 3 minutes [INSERT: Count=1772, Max=12367, Min=484, Avg=560.11, 90=581, 99=653, 99.9=8695, 99.99=12367] 
2020-11-05 13:09:34:245 88 sec: 146905 operations; 1796 current ops/sec; est completion in 3 minutes [INSERT: Count=1795, Max=7807, Min=498, Avg=551.8, 90=576, 99=613, 99.9=1357, 99.99=7807] 
2020-11-05 13:09:35:245 89 sec: 148589 operations; 1684 current ops/sec; est completion in 3 minutes [INSERT: Count=1684, Max=37247, Min=495, Avg=588.69, 90=592, 99=643, 99.9=2605, 99.99=37247] 
2020-11-05 13:09:36:245 90 sec: 150368 operations; 1779 current ops/sec; est completion in 3 minutes [INSERT: Count=1779, Max=8359, Min=481, Avg=557.44, 90=589, 99=629, 99.9=2561, 99.99=8359] 
2020-11-05 13:09:37:245 91 sec: 152240 operations; 1872 current ops/sec; est completion in 3 minutes [INSERT: Count=1872, Max=10351, Min=479, Avg=530.13, 90=555, 99=606, 99.9=772, 99.99=10351] 
2020-11-05 13:09:38:245 92 sec: 153983 operations; 1743 current ops/sec; est completion in 3 minutes [INSERT: Count=1743, Max=11663, Min=501, Avg=569.26, 90=586, 99=641, 99.9=947, 99.99=11663] 
2020-11-05 13:09:39:245 93 sec: 155857 operations; 1874 current ops/sec; est completion in 3 minutes [INSERT: Count=1874, Max=1105, Min=482, Avg=529.32, 90=558, 99=613, 99.9=817, 99.99=1105] 
2020-11-05 13:09:40:245 94 sec: 157654 operations; 1797 current ops/sec; est completion in 3 minutes [INSERT: Count=1797, Max=5371, Min=484, Avg=552.25, 90=591, 99=633, 99.9=1572, 99.99=5371] 
2020-11-05 13:09:41:245 95 sec: 159444 operations; 1790 current ops/sec; est completion in 3 minutes [INSERT: Count=1791, Max=2237, Min=490, Avg=554.63, 90=592, 99=630, 99.9=765, 99.99=2237] 
2020-11-05 13:09:42:245 96 sec: 161248 operations; 1804 current ops/sec; est completion in 3 minutes [INSERT: Count=1803, Max=1567, Min=490, Avg=550.51, 90=588, 99=629, 99.9=1004, 99.99=1567] 
2020-11-05 13:09:43:245 97 sec: 163018 operations; 1770 current ops/sec; est completion in 3 minutes [INSERT: Count=1771, Max=1328, Min=485, Avg=560.74, 90=602, 99=658, 99.9=828, 99.99=1328] 
2020-11-05 13:09:44:245 98 sec: 164831 operations; 1813 current ops/sec; est completion in 3 minutes [INSERT: Count=1812, Max=831, Min=479, Avg=547.32, 90=584, 99=628, 99.9=663, 99.99=831] 
2020-11-05 13:09:45:245 99 sec: 166636 operations; 1805 current ops/sec; est completion in 3 minutes [INSERT: Count=1805, Max=8911, Min=475, Avg=549.46, 90=587, 99=637, 99.9=1872, 99.99=8911] 
2020-11-05 13:09:46:245 100 sec: 168498 operations; 1862 current ops/sec; est completion in 3 minutes [INSERT: Count=1863, Max=9879, Min=474, Avg=532.58, 90=554, 99=599, 99.9=2783, 99.99=9879] 
2020-11-05 13:09:47:245 101 sec: 170352 operations; 1854 current ops/sec; est completion in 3 minutes [INSERT: Count=1853, Max=722, Min=481, Avg=535.21, 90=564, 99=608, 99.9=656, 99.99=722] 
2020-11-05 13:09:48:245 102 sec: 172128 operations; 1776 current ops/sec; est completion in 3 minutes [INSERT: Count=1777, Max=9439, Min=487, Avg=558.3, 90=575, 99=617, 99.9=7323, 99.99=9439] 
2020-11-05 13:09:49:246 103 sec: 173909 operations; 1781 current ops/sec; est completion in 3 minutes [INSERT: Count=1781, Max=11511, Min=496, Avg=557.12, 90=565, 99=640, 99.9=9391, 99.99=11511] 
2020-11-05 13:09:50:245 104 sec: 175780 operations; 1871 current ops/sec; est completion in 3 minutes [INSERT: Count=1870, Max=3413, Min=488, Avg=529.42, 90=552, 99=594, 99.9=1016, 99.99=3413] 
2020-11-05 13:09:51:245 105 sec: 177594 operations; 1814 current ops/sec; est completion in 3 minutes [INSERT: Count=1814, Max=10343, Min=495, Avg=546.71, 90=571, 99=619, 99.9=1722, 99.99=10343] 
2020-11-05 13:09:52:245 106 sec: 179427 operations; 1833 current ops/sec; est completion in 3 minutes [INSERT: Count=1833, Max=10463, Min=492, Avg=540.66, 90=561, 99=605, 99.9=2215, 99.99=10463] 
2020-11-05 13:09:53:246 107 sec: 181230 operations; 1803 current ops/sec; est completion in 3 minutes [INSERT: Count=1804, Max=8455, Min=493, Avg=549.83, 90=578, 99=627, 99.9=2105, 99.99=8455] 
2020-11-05 13:09:54:245 108 sec: 182635 operations; 1405 current ops/sec; est completion in 3 minutes [INSERT: Count=1404, Max=11663, Min=508, Avg=580.63, 90=601, 99=670, 99.9=7479, 99.99=11663] 
2020-11-05 13:09:55:245 109 sec: 184205 operations; 1570 current ops/sec; est completion in 3 minutes [INSERT: Count=1570, Max=329983, Min=483, Avg=744.56, 90=561, 99=613, 99.9=1629, 99.99=329983] 
2020-11-05 13:09:56:245 110 sec: 186043 operations; 1838 current ops/sec; est completion in 3 minutes [INSERT: Count=1838, Max=11343, Min=483, Avg=539.28, 90=566, 99=617, 99.9=1411, 99.99=11343] 
2020-11-05 13:09:57:245 111 sec: 187927 operations; 1884 current ops/sec; est completion in 3 minutes [INSERT: Count=1885, Max=2661, Min=470, Avg=526.55, 90=564, 99=603, 99.9=914, 99.99=2661] 
2020-11-05 13:09:58:245 112 sec: 189767 operations; 1840 current ops/sec; est completion in 3 minutes [INSERT: Count=1840, Max=4303, Min=491, Avg=538.95, 90=575, 99=621, 99.9=866, 99.99=4303] 
2020-11-05 13:09:59:245 113 sec: 191593 operations; 1826 current ops/sec; est completion in 3 minutes [INSERT: Count=1825, Max=1592, Min=477, Avg=543.23, 90=593, 99=635, 99.9=796, 99.99=1592] 
2020-11-05 13:10:00:246 114 sec: 193438 operations; 1845 current ops/sec; est completion in 3 minutes [INSERT: Count=1846, Max=8615, Min=478, Avg=537.93, 90=577, 99=619, 99.9=748, 99.99=8615] 
2020-11-05 13:10:01:245 115 sec: 195283 operations; 1845 current ops/sec; est completion in 3 minutes [INSERT: Count=1844, Max=11831, Min=477, Avg=537.58, 90=571, 99=615, 99.9=652, 99.99=11831] 
2020-11-05 13:10:02:245 116 sec: 197168 operations; 1885 current ops/sec; est completion in 2 minutes [INSERT: Count=1885, Max=943, Min=476, Avg=526.6, 90=565, 99=612, 99.9=765, 99.99=943] 
2020-11-05 13:10:03:245 117 sec: 199083 operations; 1915 current ops/sec; est completion in 2 minutes [INSERT: Count=1915, Max=9871, Min=480, Avg=518.02, 90=539, 99=582, 99.9=679, 99.99=9871] 
2020-11-05 13:10:04:245 118 sec: 200963 operations; 1880 current ops/sec; est completion in 2 minutes [INSERT: Count=1880, Max=3953, Min=479, Avg=527.78, 90=560, 99=606, 99.9=667, 99.99=3953] 
2020-11-05 13:10:05:245 119 sec: 202789 operations; 1826 current ops/sec; est completion in 2 minutes [INSERT: Count=1827, Max=1087, Min=483, Avg=543.46, 90=574, 99=614, 99.9=710, 99.99=1087] 
2020-11-05 13:10:06:245 120 sec: 204658 operations; 1869 current ops/sec; est completion in 2 minutes [INSERT: Count=1868, Max=769, Min=479, Avg=531.2, 90=580, 99=615, 99.9=649, 99.99=769] 
2020-11-05 13:10:07:245 121 sec: 206562 operations; 1904 current ops/sec; est completion in 2 minutes [INSERT: Count=1905, Max=738, Min=471, Avg=521.24, 90=553, 99=595, 99.9=683, 99.99=738] 
2020-11-05 13:10:08:245 122 sec: 208433 operations; 1871 current ops/sec; est completion in 2 minutes [INSERT: Count=1871, Max=11383, Min=475, Avg=530.03, 90=553, 99=595, 99.9=1938, 99.99=11383] 
2020-11-05 13:10:09:245 123 sec: 210320 operations; 1887 current ops/sec; est completion in 2 minutes [INSERT: Count=1887, Max=729, Min=482, Avg=526, 90=559, 99=603, 99.9=672, 99.99=729] 
2020-11-05 13:10:10:246 124 sec: 212175 operations; 1855 current ops/sec; est completion in 2 minutes [INSERT: Count=1855, Max=25055, Min=482, Avg=535.15, 90=551, 99=592, 99.9=723, 99.99=25055] 
2020-11-05 13:10:11:245 125 sec: 214044 operations; 1869 current ops/sec; est completion in 2 minutes [INSERT: Count=1869, Max=5111, Min=481, Avg=530.67, 90=557, 99=618, 99.9=903, 99.99=5111] 
2020-11-05 13:10:12:246 126 sec: 215928 operations; 1884 current ops/sec; est completion in 2 minutes [INSERT: Count=1883, Max=6559, Min=487, Avg=526.79, 90=548, 99=605, 99.9=728, 99.99=6559] 
2020-11-05 13:10:13:245 127 sec: 217740 operations; 1812 current ops/sec; est completion in 2 minutes [INSERT: Count=1813, Max=10399, Min=478, Avg=546.91, 90=580, 99=640, 99.9=774, 99.99=10399] 
2020-11-05 13:10:14:245 128 sec: 219611 operations; 1871 current ops/sec; est completion in 2 minutes [INSERT: Count=1870, Max=3849, Min=486, Avg=530.35, 90=560, 99=614, 99.9=773, 99.99=3849] 
2020-11-05 13:10:15:245 129 sec: 221444 operations; 1833 current ops/sec; est completion in 2 minutes [INSERT: Count=1833, Max=2111, Min=489, Avg=541.48, 90=576, 99=639, 99.9=1079, 99.99=2111] 
2020-11-05 13:10:16:246 130 sec: 223235 operations; 1791 current ops/sec; est completion in 2 minutes [INSERT: Count=1792, Max=13727, Min=480, Avg=553.88, 90=580, 99=641, 99.9=868, 99.99=13727] 
2020-11-05 13:10:17:245 131 sec: 225096 operations; 1861 current ops/sec; est completion in 2 minutes [INSERT: Count=1860, Max=9455, Min=484, Avg=532.59, 90=559, 99=627, 99.9=784, 99.99=9455] 
2020-11-05 13:10:18:245 132 sec: 226828 operations; 1732 current ops/sec; est completion in 2 minutes [INSERT: Count=1732, Max=5451, Min=475, Avg=520.07, 90=543, 99=612, 99.9=706, 99.99=5451] 
2020-11-05 13:10:19:247 133 sec: 228348 operations; 1520 current ops/sec; est completion in 2 minutes [INSERT: Count=1524, Max=308479, Min=472, Avg=714.18, 90=532, 99=604, 99.9=1096, 99.99=308479] 
2020-11-05 13:10:20:245 134 sec: 230332 operations; 1984 current ops/sec; est completion in 2 minutes [INSERT: Count=1980, Max=729, Min=470, Avg=499.41, 90=520, 99=570, 99.9=641, 99.99=729] 
2020-11-05 13:10:21:245 135 sec: 232291 operations; 1959 current ops/sec; est completion in 2 minutes [INSERT: Count=1960, Max=12591, Min=464, Avg=504.82, 90=517, 99=571, 99.9=863, 99.99=12591] 
2020-11-05 13:10:22:245 136 sec: 234253 operations; 1962 current ops/sec; est completion in 2 minutes [INSERT: Count=1962, Max=7739, Min=472, Avg=505.55, 90=517, 99=576, 99.9=1012, 99.99=7739] 
2020-11-05 13:10:23:245 137 sec: 236227 operations; 1974 current ops/sec; est completion in 2 minutes [INSERT: Count=1973, Max=2339, Min=473, Avg=502.27, 90=515, 99=581, 99.9=795, 99.99=2339] 
2020-11-05 13:10:24:246 138 sec: 238183 operations; 1956 current ops/sec; est completion in 2 minutes [INSERT: Count=1958, Max=4691, Min=471, Avg=506.36, 90=533, 99=589, 99.9=1317, 99.99=4691] 
2020-11-05 13:10:25:245 139 sec: 240121 operations; 1938 current ops/sec; est completion in 2 minutes [INSERT: Count=1937, Max=710, Min=482, Avg=511.78, 90=532, 99=588, 99.9=701, 99.99=710] 
2020-11-05 13:10:26:245 140 sec: 242068 operations; 1947 current ops/sec; est completion in 2 minutes [INSERT: Count=1946, Max=3349, Min=478, Avg=509.15, 90=522, 99=575, 99.9=691, 99.99=3349] 
2020-11-05 13:10:27:245 141 sec: 244002 operations; 1934 current ops/sec; est completion in 2 minutes [INSERT: Count=1934, Max=10047, Min=483, Avg=512.92, 90=524, 99=583, 99.9=711, 99.99=10047] 
2020-11-05 13:10:28:245 142 sec: 245944 operations; 1942 current ops/sec; est completion in 2 minutes [INSERT: Count=1942, Max=3543, Min=461, Avg=510.38, 90=526, 99=588, 99.9=851, 99.99=3543] 
2020-11-05 13:10:29:245 143 sec: 247891 operations; 1947 current ops/sec; est completion in 2 minutes [INSERT: Count=1948, Max=2541, Min=481, Avg=509.47, 90=524, 99=596, 99.9=1114, 99.99=2541] 
2020-11-05 13:10:30:245 144 sec: 249838 operations; 1947 current ops/sec; est completion in 2 minutes [INSERT: Count=1947, Max=6287, Min=480, Avg=509.4, 90=521, 99=581, 99.9=700, 99.99=6287] 
2020-11-05 13:10:31:245 145 sec: 251529 operations; 1691 current ops/sec; est completion in 2 minutes [INSERT: Count=1691, Max=141183, Min=476, Avg=586.81, 90=518, 99=572, 99.9=724, 99.99=141183] 
2020-11-05 13:10:32:246 146 sec: 253484 operations; 1955 current ops/sec; est completion in 2 minutes [INSERT: Count=1955, Max=8071, Min=476, Avg=507.05, 90=518, 99=579, 99.9=1072, 99.99=8071] 
2020-11-05 13:10:33:245 147 sec: 255454 operations; 1970 current ops/sec; est completion in 2 minutes [INSERT: Count=1969, Max=1444, Min=477, Avg=503.27, 90=516, 99=578, 99.9=762, 99.99=1444] 
2020-11-05 13:10:34:245 148 sec: 257423 operations; 1969 current ops/sec; est completion in 2 minutes [INSERT: Count=1970, Max=2847, Min=468, Avg=503.81, 90=517, 99=588, 99.9=1615, 99.99=2847] 
2020-11-05 13:10:35:245 149 sec: 259307 operations; 1884 current ops/sec; est completion in 2 minutes [INSERT: Count=1883, Max=10327, Min=472, Avg=526.15, 90=564, 99=627, 99.9=1507, 99.99=10327] 
2020-11-05 13:10:36:245 150 sec: 261150 operations; 1843 current ops/sec; est completion in 2 minutes [INSERT: Count=1843, Max=10015, Min=494, Avg=538.14, 90=558, 99=624, 99.9=5795, 99.99=10015] 
2020-11-05 13:10:37:245 151 sec: 262951 operations; 1801 current ops/sec; est completion in 2 minutes [INSERT: Count=1801, Max=10215, Min=495, Avg=550.72, 90=595, 99=670, 99.9=2305, 99.99=10215] 
2020-11-05 13:10:38:246 152 sec: 264770 operations; 1819 current ops/sec; est completion in 2 minutes [INSERT: Count=1820, Max=14519, Min=497, Avg=544.62, 90=561, 99=635, 99.9=2018, 99.99=14519] 
2020-11-05 13:10:39:245 153 sec: 266532 operations; 1762 current ops/sec; est completion in 2 minutes [INSERT: Count=1761, Max=9599, Min=496, Avg=561.64, 90=605, 99=668, 99.9=1380, 99.99=9599] 
2020-11-05 13:10:40:245 154 sec: 268358 operations; 1826 current ops/sec; est completion in 2 minutes [INSERT: Count=1826, Max=11591, Min=498, Avg=544.33, 90=574, 99=638, 99.9=1413, 99.99=11591] 
2020-11-05 13:10:41:245 155 sec: 270176 operations; 1818 current ops/sec; est completion in 2 minutes [INSERT: Count=1818, Max=11335, Min=499, Avg=545.94, 90=570, 99=630, 99.9=1258, 99.99=11335] 
2020-11-05 13:10:42:245 156 sec: 272006 operations; 1830 current ops/sec; est completion in 2 minutes [INSERT: Count=1831, Max=6343, Min=498, Avg=542, 90=568, 99=639, 99.9=1773, 99.99=6343] 
2020-11-05 13:10:43:245 157 sec: 273314 operations; 1308 current ops/sec; est completion in 2 minutes [INSERT: Count=1307, Max=281343, Min=494, Avg=759.78, 90=569, 99=650, 99.9=7751, 99.99=281343] 
2020-11-05 13:10:44:245 158 sec: 275039 operations; 1725 current ops/sec; est completion in 2 minutes [INSERT: Count=1726, Max=33343, Min=494, Avg=574.59, 90=589, 99=650, 99.9=1706, 99.99=33343] 
2020-11-05 13:10:45:245 159 sec: 276767 operations; 1728 current ops/sec; est completion in 2 minutes [INSERT: Count=1728, Max=10639, Min=510, Avg=573.01, 90=601, 99=660, 99.9=788, 99.99=10639] 
2020-11-05 13:10:46:246 160 sec: 278506 operations; 1739 current ops/sec; est completion in 2 minutes [INSERT: Count=1738, Max=4527, Min=509, Avg=569.12, 90=605, 99=658, 99.9=914, 99.99=4527] 
2020-11-05 13:10:47:245 161 sec: 280257 operations; 1751 current ops/sec; est completion in 2 minutes [INSERT: Count=1751, Max=1909, Min=509, Avg=565.4, 90=599, 99=655, 99.9=714, 99.99=1909] 
2020-11-05 13:10:48:245 162 sec: 281999 operations; 1742 current ops/sec; est completion in 2 minutes [INSERT: Count=1743, Max=1735, Min=500, Avg=568.73, 90=606, 99=657, 99.9=697, 99.99=1735] 
2020-11-05 13:10:49:245 163 sec: 283821 operations; 1822 current ops/sec; est completion in 2 minutes [INSERT: Count=1822, Max=2057, Min=487, Avg=543.34, 90=568, 99=638, 99.9=898, 99.99=2057] 
2020-11-05 13:10:50:245 164 sec: 285627 operations; 1806 current ops/sec; est completion in 2 minutes [INSERT: Count=1805, Max=15495, Min=481, Avg=547.51, 90=560, 99=618, 99.9=811, 99.99=15495] 
2020-11-05 13:10:51:245 165 sec: 287464 operations; 1837 current ops/sec; est completion in 2 minutes [INSERT: Count=1838, Max=2665, Min=483, Avg=538.87, 90=561, 99=625, 99.9=744, 99.99=2665] 
2020-11-05 13:10:52:246 166 sec: 289299 operations; 1835 current ops/sec; est completion in 2 minutes [INSERT: Count=1834, Max=3957, Min=495, Avg=539.22, 90=561, 99=620, 99.9=783, 99.99=3957] 
2020-11-05 13:10:53:245 167 sec: 291118 operations; 1819 current ops/sec; est completion in 2 minutes [INSERT: Count=1819, Max=3569, Min=491, Avg=544.13, 90=567, 99=616, 99.9=808, 99.99=3569] 
2020-11-05 13:10:54:245 168 sec: 292957 operations; 1839 current ops/sec; est completion in 1 minute [INSERT: Count=1840, Max=3041, Min=486, Avg=538.36, 90=560, 99=618, 99.9=715, 99.99=3041] 
2020-11-05 13:10:55:245 169 sec: 294891 operations; 1934 current ops/sec; est completion in 1 minute [INSERT: Count=1933, Max=13687, Min=474, Avg=512.47, 90=537, 99=579, 99.9=694, 99.99=13687] 
2020-11-05 13:10:56:245 170 sec: 296868 operations; 1977 current ops/sec; est completion in 1 minute [INSERT: Count=1978, Max=4107, Min=472, Avg=501.66, 90=518, 99=566, 99.9=768, 99.99=4107] 
2020-11-05 13:10:57:245 171 sec: 298856 operations; 1988 current ops/sec; est completion in 1 minute [INSERT: Count=1987, Max=648, Min=468, Avg=499.19, 90=520, 99=576, 99.9=606, 99.99=648] 
2020-11-05 13:10:58:246 172 sec: 300393 operations; 1537 current ops/sec; est completion in 1 minute [INSERT: Count=1539, Max=227199, Min=471, Avg=646.3, 90=514, 99=574, 99.9=771, 99.99=227199] 
2020-11-05 13:10:59:245 173 sec: 302351 operations; 1958 current ops/sec; est completion in 1 minute [INSERT: Count=1957, Max=7663, Min=468, Avg=506.11, 90=523, 99=580, 99.9=955, 99.99=7663] 
2020-11-05 13:11:00:245 174 sec: 304336 operations; 1985 current ops/sec; est completion in 1 minute [INSERT: Count=1984, Max=1013, Min=476, Avg=499.55, 90=516, 99=567, 99.9=724, 99.99=1013] 
2020-11-05 13:11:01:245 175 sec: 306270 operations; 1934 current ops/sec; est completion in 1 minute [INSERT: Count=1934, Max=11039, Min=473, Avg=512.87, 90=526, 99=571, 99.9=1350, 99.99=11039] 
2020-11-05 13:11:02:245 176 sec: 308217 operations; 1947 current ops/sec; est completion in 1 minute [INSERT: Count=1947, Max=7923, Min=472, Avg=508.98, 90=525, 99=597, 99.9=1916, 99.99=7923] 
2020-11-05 13:11:03:245 177 sec: 310179 operations; 1962 current ops/sec; est completion in 1 minute [INSERT: Count=1962, Max=1927, Min=481, Avg=505.59, 90=526, 99=588, 99.9=1162, 99.99=1927] 
2020-11-05 13:11:04:245 178 sec: 312137 operations; 1958 current ops/sec; est completion in 1 minute [INSERT: Count=1958, Max=9599, Min=470, Avg=506.17, 90=523, 99=580, 99.9=1088, 99.99=9599] 
2020-11-05 13:11:05:245 179 sec: 313992 operations; 1855 current ops/sec; est completion in 1 minute [INSERT: Count=1855, Max=3875, Min=481, Avg=535.02, 90=569, 99=620, 99.9=2271, 99.99=3875] 
2020-11-05 13:11:06:245 180 sec: 315827 operations; 1835 current ops/sec; est completion in 1 minute [INSERT: Count=1836, Max=10255, Min=500, Avg=540.75, 90=569, 99=629, 99.9=1207, 99.99=10255] 
2020-11-05 13:11:07:245 181 sec: 317613 operations; 1786 current ops/sec; est completion in 1 minute [INSERT: Count=1786, Max=9431, Min=494, Avg=555.26, 90=601, 99=664, 99.9=1282, 99.99=9431] 
2020-11-05 13:11:08:245 182 sec: 319419 operations; 1806 current ops/sec; est completion in 1 minute [INSERT: Count=1805, Max=7579, Min=499, Avg=549.22, 90=587, 99=638, 99.9=1408, 99.99=7579] 
2020-11-05 13:11:09:245 183 sec: 321224 operations; 1805 current ops/sec; est completion in 1 minute [INSERT: Count=1806, Max=4507, Min=491, Avg=549.78, 90=591, 99=647, 99.9=1246, 99.99=4507] 
2020-11-05 13:11:10:245 184 sec: 323047 operations; 1823 current ops/sec; est completion in 1 minute [INSERT: Count=1822, Max=1361, Min=498, Avg=544.01, 90=580, 99=633, 99.9=768, 99.99=1361] 
2020-11-05 13:11:11:245 185 sec: 324848 operations; 1801 current ops/sec; est completion in 1 minute [INSERT: Count=1801, Max=11399, Min=496, Avg=551.18, 90=581, 99=639, 99.9=1780, 99.99=11399] 
2020-11-05 13:11:12:245 186 sec: 326084 operations; 1236 current ops/sec; est completion in 1 minute [INSERT: Count=1236, Max=342527, Min=491, Avg=803.92, 90=557, 99=626, 99.9=2461, 99.99=342527] 
2020-11-05 13:11:13:245 187 sec: 327931 operations; 1847 current ops/sec; est completion in 1 minute [INSERT: Count=1847, Max=7475, Min=484, Avg=536.84, 90=566, 99=655, 99.9=2485, 99.99=7475] 
2020-11-05 13:11:14:245 188 sec: 329781 operations; 1850 current ops/sec; est completion in 1 minute [INSERT: Count=1850, Max=7811, Min=476, Avg=536.16, 90=564, 99=610, 99.9=1490, 99.99=7811] 
2020-11-05 13:11:15:245 189 sec: 331635 operations; 1854 current ops/sec; est completion in 1 minute [INSERT: Count=1855, Max=10383, Min=483, Avg=534.97, 90=571, 99=621, 99.9=1423, 99.99=10383] 
2020-11-05 13:11:16:245 190 sec: 333502 operations; 1867 current ops/sec; est completion in 1 minute [INSERT: Count=1867, Max=1401, Min=485, Avg=531.4, 90=577, 99=644, 99.9=1283, 99.99=1401] 
2020-11-05 13:11:17:245 191 sec: 335302 operations; 1800 current ops/sec; est completion in 1 minute [INSERT: Count=1799, Max=7955, Min=480, Avg=551.31, 90=579, 99=661, 99.9=7703, 99.99=7955] 
2020-11-05 13:11:18:245 192 sec: 337183 operations; 1881 current ops/sec; est completion in 1 minute [INSERT: Count=1882, Max=8003, Min=490, Avg=527.24, 90=541, 99=601, 99.9=2551, 99.99=8003] 
2020-11-05 13:11:19:245 193 sec: 339026 operations; 1843 current ops/sec; est completion in 1 minute [INSERT: Count=1843, Max=29231, Min=475, Avg=538.23, 90=546, 99=596, 99.9=3959, 99.99=29231] 
2020-11-05 13:11:20:245 194 sec: 340966 operations; 1940 current ops/sec; est completion in 1 minute [INSERT: Count=1939, Max=4307, Min=464, Avg=510.49, 90=532, 99=611, 99.9=1123, 99.99=4307] 
2020-11-05 13:11:21:245 195 sec: 342910 operations; 1944 current ops/sec; est completion in 1 minute [INSERT: Count=1944, Max=9135, Min=472, Avg=510.19, 90=528, 99=565, 99.9=651, 99.99=9135] 
2020-11-05 13:11:22:245 196 sec: 344879 operations; 1969 current ops/sec; est completion in 1 minute [INSERT: Count=1969, Max=1031, Min=467, Avg=503.68, 90=526, 99=564, 99.9=622, 99.99=1031] 
2020-11-05 13:11:23:245 197 sec: 346859 operations; 1980 current ops/sec; est completion in 1 minute [INSERT: Count=1980, Max=4511, Min=460, Avg=501.02, 90=519, 99=567, 99.9=747, 99.99=4511] 
2020-11-05 13:11:24:245 198 sec: 348823 operations; 1964 current ops/sec; est completion in 1 minute [INSERT: Count=1964, Max=9047, Min=460, Avg=504.73, 90=523, 99=587, 99.9=785, 99.99=9047] 
2020-11-05 13:11:25:245 199 sec: 350755 operations; 1932 current ops/sec; est completion in 1 minute [INSERT: Count=1932, Max=8855, Min=480, Avg=513.33, 90=531, 99=575, 99.9=722, 99.99=8855] 
2020-11-05 13:11:26:245 200 sec: 352560 operations; 1805 current ops/sec; est completion in 1 minute [INSERT: Count=1805, Max=9335, Min=468, Avg=524.96, 90=551, 99=619, 99.9=1956, 99.99=9335] 
2020-11-05 13:11:27:245 201 sec: 354018 operations; 1458 current ops/sec; est completion in 1 minute [INSERT: Count=1458, Max=268543, Min=490, Avg=712.12, 90=557, 99=596, 99.9=6851, 99.99=268543] 
2020-11-05 13:11:28:245 202 sec: 355925 operations; 1907 current ops/sec; est completion in 1 minute [INSERT: Count=1907, Max=2479, Min=476, Avg=520.2, 90=547, 99=591, 99.9=844, 99.99=2479] 
2020-11-05 13:11:29:245 203 sec: 357825 operations; 1900 current ops/sec; est completion in 1 minute [INSERT: Count=1900, Max=847, Min=485, Avg=522.03, 90=550, 99=597, 99.9=694, 99.99=847] 
2020-11-05 13:11:30:245 204 sec: 359690 operations; 1865 current ops/sec; est completion in 1 minute [INSERT: Count=1865, Max=10551, Min=490, Avg=532.22, 90=554, 99=600, 99.9=736, 99.99=10551] 
2020-11-05 13:11:31:245 205 sec: 361590 operations; 1900 current ops/sec; est completion in 1 minute [INSERT: Count=1901, Max=935, Min=490, Avg=522.03, 90=544, 99=594, 99.9=727, 99.99=935] 
2020-11-05 13:11:32:245 206 sec: 363476 operations; 1886 current ops/sec; est completion in 1 minute [INSERT: Count=1885, Max=13639, Min=488, Avg=525.91, 90=540, 99=598, 99.9=763, 99.99=13639] 
2020-11-05 13:11:33:245 207 sec: 365391 operations; 1915 current ops/sec; est completion in 1 minute [INSERT: Count=1915, Max=3649, Min=484, Avg=518.22, 90=537, 99=594, 99.9=2145, 99.99=3649] 
2020-11-05 13:11:34:245 208 sec: 367277 operations; 1886 current ops/sec; est completion in 1 minute [INSERT: Count=1886, Max=9055, Min=483, Avg=525.82, 90=538, 99=592, 99.9=983, 99.99=9055] 
2020-11-05 13:11:35:245 209 sec: 369189 operations; 1912 current ops/sec; est completion in 1 minute [INSERT: Count=1912, Max=7987, Min=486, Avg=518.73, 90=534, 99=587, 99.9=1008, 99.99=7987] 
2020-11-05 13:11:36:245 210 sec: 371114 operations; 1925 current ops/sec; est completion in 1 minute [INSERT: Count=1925, Max=1152, Min=477, Avg=511.99, 90=531, 99=589, 99.9=817, 99.99=1152] 
2020-11-05 13:11:37:246 211 sec: 373046 operations; 1932 current ops/sec; est completion in 1 minute [INSERT: Count=1932, Max=7339, Min=481, Avg=516.41, 90=530, 99=613, 99.9=2075, 99.99=7339] 
2020-11-05 13:11:38:245 212 sec: 374976 operations; 1930 current ops/sec; est completion in 1 minute [INSERT: Count=1930, Max=2991, Min=476, Avg=513.9, 90=533, 99=587, 99.9=1114, 99.99=2991] 
2020-11-05 13:11:39:245 213 sec: 376848 operations; 1872 current ops/sec; est completion in 1 minute [INSERT: Count=1872, Max=9343, Min=484, Avg=529.83, 90=556, 99=607, 99.9=2821, 99.99=9343] 
2020-11-05 13:11:40:245 214 sec: 378682 operations; 1834 current ops/sec; est completion in 1 minute [INSERT: Count=1834, Max=1249, Min=480, Avg=541.07, 90=578, 99=637, 99.9=926, 99.99=1249] 
2020-11-05 13:11:41:246 215 sec: 380255 operations; 1573 current ops/sec; est completion in 1 minute [INSERT: Count=1574, Max=171519, Min=479, Avg=630.5, 90=537, 99=589, 99.9=6931, 99.99=171519] 
2020-11-05 13:11:42:245 216 sec: 382244 operations; 1989 current ops/sec; est completion in 1 minute [INSERT: Count=1989, Max=1906, Min=471, Avg=498.41, 90=514, 99=581, 99.9=1200, 99.99=1906] 
2020-11-05 13:11:43:245 217 sec: 384225 operations; 1981 current ops/sec; est completion in 1 minute [INSERT: Count=1980, Max=2883, Min=478, Avg=500.64, 90=513, 99=565, 99.9=1227, 99.99=2883] 
2020-11-05 13:11:44:245 218 sec: 386187 operations; 1962 current ops/sec; est completion in 1 minute [INSERT: Count=1962, Max=7275, Min=470, Avg=505.39, 90=512, 99=565, 99.9=1609, 99.99=7275] 
2020-11-05 13:11:45:245 219 sec: 388145 operations; 1958 current ops/sec; est completion in 1 minute [INSERT: Count=1959, Max=9343, Min=471, Avg=505.93, 90=520, 99=568, 99.9=1416, 99.99=9343] 
2020-11-05 13:11:46:245 220 sec: 390129 operations; 1984 current ops/sec; est completion in 1 minute [INSERT: Count=1983, Max=1272, Min=469, Avg=499.9, 90=520, 99=577, 99.9=1014, 99.99=1272] 
2020-11-05 13:11:47:245 221 sec: 392106 operations; 1977 current ops/sec; est completion in 1 minute [INSERT: Count=1977, Max=5003, Min=472, Avg=501.19, 90=518, 99=580, 99.9=1335, 99.99=5003] 
2020-11-05 13:11:48:245 222 sec: 394081 operations; 1975 current ops/sec; est completion in 1 minute [INSERT: Count=1975, Max=6331, Min=474, Avg=502.13, 90=517, 99=569, 99.9=1426, 99.99=6331] 
2020-11-05 13:11:49:245 223 sec: 396054 operations; 1973 current ops/sec; est completion in 59 seconds [INSERT: Count=1973, Max=2459, Min=475, Avg=501.08, 90=522, 99=564, 99.9=1344, 99.99=2459] 
2020-11-05 13:11:50:246 224 sec: 398026 operations; 1972 current ops/sec; est completion in 58 seconds [INSERT: Count=1972, Max=1304, Min=468, Avg=498.17, 90=519, 99=569, 99.9=797, 99.99=1304] 
2020-11-05 13:11:51:245 225 sec: 400006 operations; 1980 current ops/sec; est completion in 57 seconds [INSERT: Count=1980, Max=3247, Min=473, Avg=500.4, 90=519, 99=557, 99.9=1783, 99.99=3247] 
2020-11-05 13:11:52:245 226 sec: 401928 operations; 1922 current ops/sec; est completion in 56 seconds [INSERT: Count=1922, Max=25423, Min=469, Avg=516.04, 90=518, 99=582, 99.9=2073, 99.99=25423] 
2020-11-05 13:11:53:245 227 sec: 403905 operations; 1977 current ops/sec; est completion in 55 seconds [INSERT: Count=1978, Max=9103, Min=471, Avg=501.34, 90=517, 99=554, 99.9=668, 99.99=9103] 
2020-11-05 13:11:54:245 228 sec: 405905 operations; 2000 current ops/sec; est completion in 53 seconds [INSERT: Count=1999, Max=685, Min=471, Avg=496.18, 90=517, 99=559, 99.9=649, 99.99=685] 
2020-11-05 13:11:55:245 229 sec: 407564 operations; 1659 current ops/sec; est completion in 52 seconds [INSERT: Count=1659, Max=156543, Min=472, Avg=598.2, 90=528, 99=571, 99.9=617, 99.99=156543] 
2020-11-05 13:11:56:245 230 sec: 409438 operations; 1874 current ops/sec; est completion in 51 seconds [INSERT: Count=1874, Max=9903, Min=481, Avg=529.16, 90=547, 99=597, 99.9=2415, 99.99=9903] 
2020-11-05 13:11:57:245 231 sec: 411337 operations; 1899 current ops/sec; est completion in 50 seconds [INSERT: Count=1900, Max=7043, Min=486, Avg=522.14, 90=541, 99=586, 99.9=672, 99.99=7043] 
2020-11-05 13:11:58:245 232 sec: 413253 operations; 1916 current ops/sec; est completion in 49 seconds [INSERT: Count=1916, Max=680, Min=482, Avg=517.8, 90=540, 99=575, 99.9=617, 99.99=680] 
2020-11-05 13:11:59:245 233 sec: 415148 operations; 1895 current ops/sec; est completion in 48 seconds [INSERT: Count=1894, Max=9295, Min=483, Avg=523.47, 90=540, 99=589, 99.9=747, 99.99=9295] 
2020-11-05 13:12:00:245 234 sec: 417034 operations; 1886 current ops/sec; est completion in 47 seconds [INSERT: Count=1887, Max=6591, Min=480, Avg=525.82, 90=545, 99=596, 99.9=2125, 99.99=6591] 
2020-11-05 13:12:01:245 235 sec: 418958 operations; 1924 current ops/sec; est completion in 46 seconds [INSERT: Count=1923, Max=977, Min=485, Avg=515.76, 90=536, 99=586, 99.9=808, 99.99=977] 
2020-11-05 13:12:02:245 236 sec: 420837 operations; 1879 current ops/sec; est completion in 45 seconds [INSERT: Count=1880, Max=13247, Min=481, Avg=527.75, 90=543, 99=618, 99.9=1445, 99.99=13247] 
2020-11-05 13:12:03:245 237 sec: 422739 operations; 1902 current ops/sec; est completion in 44 seconds [INSERT: Count=1901, Max=8199, Min=478, Avg=521.45, 90=537, 99=603, 99.9=879, 99.99=8199] 
2020-11-05 13:12:04:245 238 sec: 424629 operations; 1890 current ops/sec; est completion in 43 seconds [INSERT: Count=1890, Max=4315, Min=488, Avg=524.76, 90=547, 99=603, 99.9=701, 99.99=4315] 
2020-11-05 13:12:05:246 239 sec: 426534 operations; 1905 current ops/sec; est completion in 42 seconds [INSERT: Count=1905, Max=7583, Min=483, Avg=519.94, 90=537, 99=599, 99.9=1052, 99.99=7583] 
2020-11-05 13:12:06:245 240 sec: 428436 operations; 1902 current ops/sec; est completion in 41 seconds [INSERT: Count=1902, Max=7483, Min=482, Avg=520.98, 90=538, 99=605, 99.9=984, 99.99=7483] 
2020-11-05 13:12:07:245 241 sec: 430353 operations; 1917 current ops/sec; est completion in 40 seconds [INSERT: Count=1917, Max=1472, Min=471, Avg=517.74, 90=539, 99=599, 99.9=735, 99.99=1472] 
2020-11-05 13:12:08:245 242 sec: 432238 operations; 1885 current ops/sec; est completion in 38 seconds [INSERT: Count=1885, Max=7183, Min=492, Avg=526.06, 90=549, 99=599, 99.9=956, 99.99=7183] 
2020-11-05 13:12:09:245 243 sec: 433755 operations; 1517 current ops/sec; est completion in 38 seconds [INSERT: Count=1518, Max=196735, Min=480, Avg=654.9, 90=560, 99=609, 99.9=1132, 99.99=196735] 
2020-11-05 13:12:10:245 244 sec: 435725 operations; 1970 current ops/sec; est completion in 36 seconds [INSERT: Count=1969, Max=8207, Min=474, Avg=503.21, 90=515, 99=574, 99.9=1163, 99.99=8207] 
2020-11-05 13:12:11:245 245 sec: 437702 operations; 1977 current ops/sec; est completion in 35 seconds [INSERT: Count=1977, Max=6907, Min=475, Avg=501.4, 90=515, 99=577, 99.9=822, 99.99=6907] 
2020-11-05 13:12:12:246 246 sec: 439667 operations; 1965 current ops/sec; est completion in 34 seconds [INSERT: Count=1965, Max=7251, Min=472, Avg=501.45, 90=513, 99=580, 99.9=998, 99.99=7251] 
2020-11-05 13:12:13:245 247 sec: 441650 operations; 1983 current ops/sec; est completion in 33 seconds [INSERT: Count=1983, Max=8167, Min=473, Avg=499.58, 90=514, 99=560, 99.9=1223, 99.99=8167] 
2020-11-05 13:12:14:245 248 sec: 443631 operations; 1981 current ops/sec; est completion in 32 seconds [INSERT: Count=1982, Max=2539, Min=472, Avg=500.56, 90=520, 99=570, 99.9=1161, 99.99=2539] 
2020-11-05 13:12:15:245 249 sec: 445615 operations; 1984 current ops/sec; est completion in 31 seconds [INSERT: Count=1983, Max=4995, Min=471, Avg=499.79, 90=518, 99=560, 99.9=1018, 99.99=4995] 
2020-11-05 13:12:16:245 250 sec: 447600 operations; 1985 current ops/sec; est completion in 30 seconds [INSERT: Count=1985, Max=1696, Min=473, Avg=499.69, 90=519, 99=567, 99.9=785, 99.99=1696] 
2020-11-05 13:12:17:245 251 sec: 449564 operations; 1964 current ops/sec; est completion in 29 seconds [INSERT: Count=1964, Max=9207, Min=476, Avg=504.71, 90=521, 99=581, 99.9=1337, 99.99=9207] 
2020-11-05 13:12:18:245 252 sec: 451528 operations; 1964 current ops/sec; est completion in 28 seconds [INSERT: Count=1964, Max=9015, Min=468, Avg=504.82, 90=522, 99=576, 99.9=1522, 99.99=9015] 
2020-11-05 13:12:19:245 253 sec: 453517 operations; 1989 current ops/sec; est completion in 26 seconds [INSERT: Count=1990, Max=2431, Min=473, Avg=498.65, 90=518, 99=564, 99.9=1220, 99.99=2431] 
2020-11-05 13:12:20:245 254 sec: 455420 operations; 1903 current ops/sec; est completion in 25 seconds [INSERT: Count=1903, Max=8847, Min=482, Avg=521.34, 90=539, 99=584, 99.9=1298, 99.99=8847] 
2020-11-05 13:12:21:245 255 sec: 457292 operations; 1872 current ops/sec; est completion in 24 seconds [INSERT: Count=1871, Max=11823, Min=492, Avg=529.86, 90=545, 99=606, 99.9=1887, 99.99=11823] 
2020-11-05 13:12:22:245 256 sec: 459169 operations; 1877 current ops/sec; est completion in 23 seconds [INSERT: Count=1878, Max=7563, Min=493, Avg=528.5, 90=548, 99=610, 99.9=1304, 99.99=7563] 
2020-11-05 13:12:23:245 257 sec: 460673 operations; 1504 current ops/sec; est completion in 22 seconds [INSERT: Count=1504, Max=203007, Min=493, Avg=659.89, 90=545, 99=595, 99.9=1599, 99.99=203007] 
2020-11-05 13:12:24:245 258 sec: 462592 operations; 1919 current ops/sec; est completion in 21 seconds [INSERT: Count=1919, Max=1653, Min=488, Avg=517.21, 90=540, 99=591, 99.9=680, 99.99=1653] 
2020-11-05 13:12:25:245 259 sec: 464439 operations; 1847 current ops/sec; est completion in 20 seconds [INSERT: Count=1846, Max=29215, Min=482, Avg=536.84, 90=533, 99=583, 99.9=6743, 99.99=29215] 
2020-11-05 13:12:26:246 260 sec: 466374 operations; 1935 current ops/sec; est completion in 19 seconds [INSERT: Count=1936, Max=1766, Min=487, Avg=512.94, 90=533, 99=592, 99.9=842, 99.99=1766] 
2020-11-05 13:12:27:245 261 sec: 468283 operations; 1909 current ops/sec; est completion in 18 seconds [INSERT: Count=1909, Max=9983, Min=483, Avg=519.24, 90=537, 99=586, 99.9=983, 99.99=9983] 
2020-11-05 13:12:28:245 262 sec: 470216 operations; 1933 current ops/sec; est completion in 17 seconds [INSERT: Count=1933, Max=683, Min=485, Avg=513.35, 90=537, 99=582, 99.9=633, 99.99=683] 
2020-11-05 13:12:29:245 263 sec: 472150 operations; 1934 current ops/sec; est completion in 16 seconds [INSERT: Count=1933, Max=813, Min=486, Avg=513.14, 90=533, 99=573, 99.9=635, 99.99=813] 
2020-11-05 13:12:30:245 264 sec: 474057 operations; 1907 current ops/sec; est completion in 15 seconds [INSERT: Count=1907, Max=1170, Min=491, Avg=520.28, 90=544, 99=587, 99.9=751, 99.99=1170] 
2020-11-05 13:12:31:245 265 sec: 475966 operations; 1909 current ops/sec; est completion in 14 seconds [INSERT: Count=1909, Max=7807, Min=489, Avg=519.39, 90=534, 99=576, 99.9=974, 99.99=7807] 
2020-11-05 13:12:32:245 266 sec: 477883 operations; 1917 current ops/sec; est completion in 13 seconds [INSERT: Count=1917, Max=2135, Min=486, Avg=514.36, 90=534, 99=581, 99.9=696, 99.99=2135] 
2020-11-05 13:12:33:245 267 sec: 479806 operations; 1923 current ops/sec; est completion in 12 seconds [INSERT: Count=1924, Max=7639, Min=487, Avg=518.81, 90=535, 99=574, 99.9=739, 99.99=7639] 
2020-11-05 13:12:34:245 268 sec: 481747 operations; 1941 current ops/sec; est completion in 11 seconds [INSERT: Count=1940, Max=7967, Min=473, Avg=510.96, 90=526, 99=579, 99.9=1408, 99.99=7967] 
2020-11-05 13:12:35:245 269 sec: 483729 operations; 1982 current ops/sec; est completion in 10 seconds [INSERT: Count=1982, Max=1865, Min=470, Avg=500.52, 90=516, 99=562, 99.9=692, 99.99=1865] 
2020-11-05 13:12:36:245 270 sec: 485689 operations; 1960 current ops/sec; est completion in 8 second [INSERT: Count=1960, Max=5019, Min=473, Avg=505.86, 90=522, 99=574, 99.9=763, 99.99=5019] 
2020-11-05 13:12:37:245 271 sec: 487305 operations; 1616 current ops/sec; est completion in 8 second [INSERT: Count=1616, Max=173439, Min=480, Avg=614.52, 90=519, 99=590, 99.9=1963, 99.99=173439] 
2020-11-05 13:12:38:245 272 sec: 489280 operations; 1975 current ops/sec; est completion in 6 second [INSERT: Count=1975, Max=8143, Min=479, Avg=501.83, 90=513, 99=560, 99.9=978, 99.99=8143] 
2020-11-05 13:12:39:245 273 sec: 491273 operations; 1993 current ops/sec; est completion in 5 second [INSERT: Count=1994, Max=1829, Min=470, Avg=497.62, 90=512, 99=559, 99.9=781, 99.99=1829] 
2020-11-05 13:12:40:245 274 sec: 493268 operations; 1995 current ops/sec; est completion in 4 second [INSERT: Count=1995, Max=4127, Min=465, Avg=497.03, 90=513, 99=555, 99.9=761, 99.99=4127] 
2020-11-05 13:12:41:245 275 sec: 495259 operations; 1991 current ops/sec; est completion in 3 second [INSERT: Count=1990, Max=1122, Min=473, Avg=497.8, 90=515, 99=574, 99.9=808, 99.99=1122] 
2020-11-05 13:12:42:245 276 sec: 497258 operations; 1999 current ops/sec; est completion in 2 second [INSERT: Count=2000, Max=1704, Min=471, Avg=496.33, 90=513, 99=563, 99.9=1037, 99.99=1704] 
2020-11-05 13:12:43:245 277 sec: 499271 operations; 2013 current ops/sec; est completion in 1 second [INSERT: Count=2012, Max=7243, Min=465, Avg=492.13, 90=504, 99=549, 99.9=1144, 99.99=7243] 
2020-11-05 13:12:43:609 277 sec: 500000 operations; 2002.75 current ops/sec; [CLEANUP: Count=1, Max=7, Min=7, Avg=7, 90=7, 99=7, 99.9=7, 99.99=7] [INSERT: Count=729, Max=1992, Min=471, Avg=493.96, 90=508, 99=552, 99.9=842, 99.99=1992] 
[OVERALL], RunTime(ms), 277364
[OVERALL], Throughput(ops/sec), 1802.6852799930778
[TOTAL_GCS_G1_Young_Generation], Count, 13
[TOTAL_GC_TIME_G1_Young_Generation], Time(ms), 339
[TOTAL_GC_TIME_%_G1_Young_Generation], Time(%), 0.12222206198353068
[TOTAL_GCS_G1_Old_Generation], Count, 0
[TOTAL_GC_TIME_G1_Old_Generation], Time(ms), 0
[TOTAL_GC_TIME_%_G1_Old_Generation], Time(%), 0.0
[TOTAL_GCs], Count, 13
[TOTAL_GC_TIME], Time(ms), 339
[TOTAL_GC_TIME_%], Time(%), 0.12222206198353068
[CLEANUP], Operations, 1
[CLEANUP], AverageLatency(us), 7.0
[CLEANUP], MinLatency(us), 7
[CLEANUP], MaxLatency(us), 7
[CLEANUP], 95thPercentileLatency(us), 7
[CLEANUP], 99thPercentileLatency(us), 7
[INSERT], Operations, 500000
[INSERT], AverageLatency(us), 549.734542
[INSERT], MinLatency(us), 460
[INSERT], MaxLatency(us), 1388543
[INSERT], 95thPercentileLatency(us), 599
[INSERT], 99thPercentileLatency(us), 783
[INSERT], Return=OK, 500000
