2020-11-19 15:40:02.148 [main] INFO  smarttrie.app.server.Server - No previews checkpoints to restore
2020-11-19 15:40:02.152 [main] INFO  smarttrie.app.server.Server - Replica state has been restored with last id CID(-1)
2020-11-19 15:40:02.239 [main] INFO  b.r.ServerViewController - Using view stored on disk
2020-11-19 15:40:02.790 [main] INFO  b.c.c.n.NettyClientServerCommunicationSystemServerSide - ID = 0
2020-11-19 15:40:02.790 [main] INFO  b.c.c.n.NettyClientServerCommunicationSystemServerSide - N = 1
2020-11-19 15:40:02.790 [main] INFO  b.c.c.n.NettyClientServerCommunicationSystemServerSide - F = 1
2020-11-19 15:40:02.791 [main] INFO  b.c.c.n.NettyClientServerCommunicationSystemServerSide - Port = 11000
2020-11-19 15:40:02.791 [main] INFO  b.c.c.n.NettyClientServerCommunicationSystemServerSide - requestTimeout = 2000
2020-11-19 15:40:02.791 [main] INFO  b.c.c.n.NettyClientServerCommunicationSystemServerSide - maxBatch = 1024
2020-11-19 15:40:02.791 [main] INFO  b.c.c.n.NettyClientServerCommunicationSystemServerSide - Binded replica to IP address 192.168.3.41
2020-11-19 15:40:02.792 [main] INFO  bftsmart.tom.ServiceReplica - In current view: ID:0; F:1; Processes:0(/192.168.3.41:11000),
2020-11-19 15:40:02.862 [Server CS] INFO  s.a.s.Server$InternalStateManager - Replica state is up to date
2020-11-19 15:40:02.863 [Delivery Thread] INFO  bftsmart.tom.core.DeliveryThread - Retrieving State
2020-11-19 15:40:02.863 [Delivery Thread] INFO  bftsmart.tom.core.DeliveryThread - Ready to process operations
2020-11-19 15:40:25.723 [nioEventLoopGroup-3-5] INFO  b.c.c.n.NettyClientServerCommunicationSystemServerSide - Session Created, active clients=0
2020-11-19 15:40:25.724 [nioEventLoopGroup-3-5] INFO  b.c.c.n.NettyClientServerCommunicationSystemServerSide - Session Created, active clients=0
2020-11-19 15:40:25.725 [nioEventLoopGroup-3-4] INFO  b.c.c.n.NettyClientServerCommunicationSystemServerSide - Session Created, active clients=0
2020-11-19 15:40:25.726 [nioEventLoopGroup-3-1] INFO  b.c.c.n.NettyClientServerCommunicationSystemServerSide - Session Created, active clients=0
2020-11-19 15:40:25.726 [nioEventLoopGroup-3-6] INFO  b.c.c.n.NettyClientServerCommunicationSystemServerSide - Session Created, active clients=0
2020-11-19 15:40:25.726 [nioEventLoopGroup-3-1] INFO  b.c.c.n.NettyClientServerCommunicationSystemServerSide - Session Created, active clients=0
2020-11-19 15:40:25.727 [nioEventLoopGroup-3-1] INFO  b.c.c.n.NettyClientServerCommunicationSystemServerSide - Session Created, active clients=0
2020-11-19 15:40:25.727 [nioEventLoopGroup-3-3] INFO  b.c.c.n.NettyClientServerCommunicationSystemServerSide - Session Created, active clients=0
2020-11-19 15:40:25.727 [nioEventLoopGroup-3-2] INFO  b.c.c.n.NettyClientServerCommunicationSystemServerSide - Session Created, active clients=0
2020-11-19 15:40:25.727 [nioEventLoopGroup-3-6] INFO  b.c.c.n.NettyClientServerCommunicationSystemServerSide - Session Created, active clients=0
2020-11-19 15:40:25.727 [nioEventLoopGroup-3-2] INFO  b.c.c.n.NettyClientServerCommunicationSystemServerSide - Session Created, active clients=0
2020-11-19 15:40:25.728 [nioEventLoopGroup-3-8] INFO  b.c.c.n.NettyClientServerCommunicationSystemServerSide - Session Created, active clients=0
2020-11-19 15:40:25.728 [nioEventLoopGroup-3-2] INFO  b.c.c.n.NettyClientServerCommunicationSystemServerSide - Session Created, active clients=0
2020-11-19 15:40:25.729 [nioEventLoopGroup-3-8] INFO  b.c.c.n.NettyClientServerCommunicationSystemServerSide - Session Created, active clients=0
2020-11-19 15:40:25.729 [nioEventLoopGroup-3-3] INFO  b.c.c.n.NettyClientServerCommunicationSystemServerSide - Session Created, active clients=0
2020-11-19 15:40:25.729 [nioEventLoopGroup-3-4] INFO  b.c.c.n.NettyClientServerCommunicationSystemServerSide - Session Created, active clients=0
2020-11-19 15:40:25.731 [nioEventLoopGroup-3-7] INFO  b.c.c.n.NettyClientServerCommunicationSystemServerSide - Session Created, active clients=0
2020-11-19 15:40:25.731 [nioEventLoopGroup-3-7] INFO  b.c.c.n.NettyClientServerCommunicationSystemServerSide - Session Created, active clients=0
2020-11-19 15:40:25.735 [nioEventLoopGroup-3-3] INFO  b.c.c.n.NettyClientServerCommunicationSystemServerSide - Session Created, active clients=0
2020-11-19 15:40:25.735 [nioEventLoopGroup-3-4] INFO  b.c.c.n.NettyClientServerCommunicationSystemServerSide - Session Created, active clients=0
2020-11-19 15:40:25.736 [nioEventLoopGroup-3-6] INFO  b.c.c.n.NettyClientServerCommunicationSystemServerSide - Session Created, active clients=0
2020-11-19 15:40:25.736 [nioEventLoopGroup-3-5] INFO  b.c.c.n.NettyClientServerCommunicationSystemServerSide - Session Created, active clients=0
2020-11-19 15:40:25.737 [nioEventLoopGroup-3-7] INFO  b.c.c.n.NettyClientServerCommunicationSystemServerSide - Session Created, active clients=0
2020-11-19 15:40:25.738 [nioEventLoopGroup-3-8] INFO  b.c.c.n.NettyClientServerCommunicationSystemServerSide - Session Created, active clients=0
2020-11-19 15:40:25.738 [nioEventLoopGroup-3-1] INFO  b.c.c.n.NettyClientServerCommunicationSystemServerSide - Session Created, active clients=0
2020-11-19 15:40:25.739 [nioEventLoopGroup-3-2] INFO  b.c.c.n.NettyClientServerCommunicationSystemServerSide - Session Created, active clients=0
2020-11-19 15:40:25.740 [nioEventLoopGroup-3-3] INFO  b.c.c.n.NettyClientServerCommunicationSystemServerSide - Session Created, active clients=0
2020-11-19 15:40:25.741 [nioEventLoopGroup-3-4] INFO  b.c.c.n.NettyClientServerCommunicationSystemServerSide - Session Created, active clients=0
2020-11-19 15:40:25.742 [nioEventLoopGroup-3-6] INFO  b.c.c.n.NettyClientServerCommunicationSystemServerSide - Session Created, active clients=0
2020-11-19 15:40:25.743 [nioEventLoopGroup-3-5] INFO  b.c.c.n.NettyClientServerCommunicationSystemServerSide - Session Created, active clients=0
2020-11-19 15:40:25.743 [nioEventLoopGroup-3-8] INFO  b.c.c.n.NettyClientServerCommunicationSystemServerSide - Session Created, active clients=0
2020-11-19 15:40:25.744 [nioEventLoopGroup-3-7] INFO  b.c.c.n.NettyClientServerCommunicationSystemServerSide - Session Created, active clients=0
2020-11-19 15:40:25.745 [nioEventLoopGroup-3-1] INFO  b.c.c.n.NettyClientServerCommunicationSystemServerSide - Session Created, active clients=0
2020-11-19 15:40:25.745 [nioEventLoopGroup-3-2] INFO  b.c.c.n.NettyClientServerCommunicationSystemServerSide - Session Created, active clients=0
2020-11-19 15:40:25.746 [nioEventLoopGroup-3-3] INFO  b.c.c.n.NettyClientServerCommunicationSystemServerSide - Session Created, active clients=0
2020-11-19 15:40:25.746 [nioEventLoopGroup-3-4] INFO  b.c.c.n.NettyClientServerCommunicationSystemServerSide - Session Created, active clients=0
2020-11-19 15:40:25.749 [nioEventLoopGroup-3-5] INFO  b.c.c.n.NettyClientServerCommunicationSystemServerSide - Session Created, active clients=0
2020-11-19 15:40:25.750 [nioEventLoopGroup-3-6] INFO  b.c.c.n.NettyClientServerCommunicationSystemServerSide - Session Created, active clients=0
2020-11-19 15:40:25.751 [nioEventLoopGroup-3-8] INFO  b.c.c.n.NettyClientServerCommunicationSystemServerSide - Session Created, active clients=0
2020-11-19 15:40:25.751 [nioEventLoopGroup-3-1] INFO  b.c.c.n.NettyClientServerCommunicationSystemServerSide - Session Created, active clients=0
2020-11-19 15:40:25.752 [nioEventLoopGroup-3-2] INFO  b.c.c.n.NettyClientServerCommunicationSystemServerSide - Session Created, active clients=0
2020-11-19 15:40:25.753 [nioEventLoopGroup-3-3] INFO  b.c.c.n.NettyClientServerCommunicationSystemServerSide - Session Created, active clients=0
2020-11-19 15:40:25.753 [nioEventLoopGroup-3-4] INFO  b.c.c.n.NettyClientServerCommunicationSystemServerSide - Session Created, active clients=0
2020-11-19 15:40:25.752 [nioEventLoopGroup-3-7] INFO  b.c.c.n.NettyClientServerCommunicationSystemServerSide - Session Created, active clients=0
2020-11-19 15:40:25.754 [nioEventLoopGroup-3-5] INFO  b.c.c.n.NettyClientServerCommunicationSystemServerSide - Session Created, active clients=0
2020-11-19 15:40:25.756 [nioEventLoopGroup-3-6] INFO  b.c.c.n.NettyClientServerCommunicationSystemServerSide - Session Created, active clients=0
2020-11-19 15:40:25.757 [nioEventLoopGroup-3-8] INFO  b.c.c.n.NettyClientServerCommunicationSystemServerSide - Session Created, active clients=0
2020-11-19 15:40:25.757 [nioEventLoopGroup-3-7] INFO  b.c.c.n.NettyClientServerCommunicationSystemServerSide - Session Created, active clients=0
2020-11-19 15:40:25.757 [nioEventLoopGroup-3-1] INFO  b.c.c.n.NettyClientServerCommunicationSystemServerSide - Session Created, active clients=0
2020-11-19 15:40:25.758 [nioEventLoopGroup-3-2] INFO  b.c.c.n.NettyClientServerCommunicationSystemServerSide - Session Created, active clients=0
2020-11-19 15:40:25.759 [nioEventLoopGroup-3-4] INFO  b.c.c.n.NettyClientServerCommunicationSystemServerSide - Session Created, active clients=0
2020-11-19 15:40:25.759 [nioEventLoopGroup-3-3] INFO  b.c.c.n.NettyClientServerCommunicationSystemServerSide - Session Created, active clients=0
2020-11-19 15:40:25.760 [nioEventLoopGroup-3-5] INFO  b.c.c.n.NettyClientServerCommunicationSystemServerSide - Session Created, active clients=0
2020-11-19 15:40:25.761 [nioEventLoopGroup-3-6] INFO  b.c.c.n.NettyClientServerCommunicationSystemServerSide - Session Created, active clients=0
2020-11-19 15:40:25.762 [nioEventLoopGroup-3-8] INFO  b.c.c.n.NettyClientServerCommunicationSystemServerSide - Session Created, active clients=0
2020-11-19 15:40:25.762 [nioEventLoopGroup-3-7] INFO  b.c.c.n.NettyClientServerCommunicationSystemServerSide - Session Created, active clients=0
2020-11-19 15:40:25.762 [nioEventLoopGroup-3-1] INFO  b.c.c.n.NettyClientServerCommunicationSystemServerSide - Session Created, active clients=0
2020-11-19 15:40:25.764 [nioEventLoopGroup-3-2] INFO  b.c.c.n.NettyClientServerCommunicationSystemServerSide - Session Created, active clients=0
2020-11-19 15:40:25.764 [nioEventLoopGroup-3-3] INFO  b.c.c.n.NettyClientServerCommunicationSystemServerSide - Session Created, active clients=0
2020-11-19 15:40:25.765 [nioEventLoopGroup-3-4] INFO  b.c.c.n.NettyClientServerCommunicationSystemServerSide - Session Created, active clients=0
2020-11-19 15:40:25.766 [nioEventLoopGroup-3-5] INFO  b.c.c.n.NettyClientServerCommunicationSystemServerSide - Session Created, active clients=0
2020-11-19 15:40:25.767 [nioEventLoopGroup-3-6] INFO  b.c.c.n.NettyClientServerCommunicationSystemServerSide - Session Created, active clients=0
2020-11-19 15:40:25.768 [nioEventLoopGroup-3-8] INFO  b.c.c.n.NettyClientServerCommunicationSystemServerSide - Session Created, active clients=0
2020-11-19 15:40:25.768 [nioEventLoopGroup-3-7] INFO  b.c.c.n.NettyClientServerCommunicationSystemServerSide - Session Created, active clients=0
2020-11-19 15:43:04.908 [nioEventLoopGroup-3-3] INFO  b.c.c.n.NettyClientServerCommunicationSystemServerSide - Removing client channel with ID= 0
2020-11-19 15:43:04.908 [nioEventLoopGroup-3-3] INFO  b.c.c.n.NettyClientServerCommunicationSystemServerSide - Active clients=63
2020-11-19 15:43:04.908 [nioEventLoopGroup-3-2] INFO  b.c.c.n.NettyClientServerCommunicationSystemServerSide - Removing client channel with ID= 18
2020-11-19 15:43:04.908 [nioEventLoopGroup-3-2] INFO  b.c.c.n.NettyClientServerCommunicationSystemServerSide - Active clients=62
2020-11-19 15:43:04.909 [nioEventLoopGroup-3-2] INFO  b.c.c.n.NettyClientServerCommunicationSystemServerSide - Removing client channel with ID= 54
2020-11-19 15:43:04.909 [nioEventLoopGroup-3-2] INFO  b.c.c.n.NettyClientServerCommunicationSystemServerSide - Active clients=61
2020-11-19 15:43:04.909 [nioEventLoopGroup-3-1] INFO  b.c.c.n.NettyClientServerCommunicationSystemServerSide - Removing client channel with ID= 1
2020-11-19 15:43:04.910 [nioEventLoopGroup-3-1] INFO  b.c.c.n.NettyClientServerCommunicationSystemServerSide - Active clients=60
2020-11-19 15:43:04.910 [nioEventLoopGroup-3-2] INFO  b.c.c.n.NettyClientServerCommunicationSystemServerSide - Removing client channel with ID= 11
2020-11-19 15:43:04.910 [nioEventLoopGroup-3-2] INFO  b.c.c.n.NettyClientServerCommunicationSystemServerSide - Active clients=59
2020-11-19 15:43:04.910 [nioEventLoopGroup-3-2] INFO  b.c.c.n.NettyClientServerCommunicationSystemServerSide - Removing client channel with ID= 38
2020-11-19 15:43:04.910 [nioEventLoopGroup-3-2] INFO  b.c.c.n.NettyClientServerCommunicationSystemServerSide - Active clients=58
2020-11-19 15:43:04.910 [nioEventLoopGroup-3-2] INFO  b.c.c.n.NettyClientServerCommunicationSystemServerSide - Removing client channel with ID= 48
2020-11-19 15:43:04.910 [nioEventLoopGroup-3-2] INFO  b.c.c.n.NettyClientServerCommunicationSystemServerSide - Active clients=57
2020-11-19 15:43:04.911 [nioEventLoopGroup-3-2] INFO  b.c.c.n.NettyClientServerCommunicationSystemServerSide - Removing client channel with ID= 58
2020-11-19 15:43:04.911 [nioEventLoopGroup-3-2] INFO  b.c.c.n.NettyClientServerCommunicationSystemServerSide - Active clients=56
2020-11-19 15:43:04.911 [nioEventLoopGroup-3-2] INFO  b.c.c.n.NettyClientServerCommunicationSystemServerSide - Removing client channel with ID= 21
2020-11-19 15:43:04.911 [nioEventLoopGroup-3-2] INFO  b.c.c.n.NettyClientServerCommunicationSystemServerSide - Active clients=55
2020-11-19 15:43:04.911 [nioEventLoopGroup-3-2] INFO  b.c.c.n.NettyClientServerCommunicationSystemServerSide - Removing client channel with ID= 25
2020-11-19 15:43:04.911 [nioEventLoopGroup-3-2] INFO  b.c.c.n.NettyClientServerCommunicationSystemServerSide - Active clients=54
2020-11-19 15:43:04.911 [nioEventLoopGroup-3-3] INFO  b.c.c.n.NettyClientServerCommunicationSystemServerSide - Removing client channel with ID= 29
2020-11-19 15:43:04.911 [nioEventLoopGroup-3-3] INFO  b.c.c.n.NettyClientServerCommunicationSystemServerSide - Active clients=53
2020-11-19 15:43:04.912 [nioEventLoopGroup-3-3] INFO  b.c.c.n.NettyClientServerCommunicationSystemServerSide - Removing client channel with ID= 45
2020-11-19 15:43:04.912 [nioEventLoopGroup-3-3] INFO  b.c.c.n.NettyClientServerCommunicationSystemServerSide - Active clients=52
2020-11-19 15:43:04.912 [nioEventLoopGroup-3-3] INFO  b.c.c.n.NettyClientServerCommunicationSystemServerSide - Removing client channel with ID= 15
2020-11-19 15:43:04.912 [nioEventLoopGroup-3-3] INFO  b.c.c.n.NettyClientServerCommunicationSystemServerSide - Active clients=51
2020-11-19 15:43:04.912 [nioEventLoopGroup-3-3] INFO  b.c.c.n.NettyClientServerCommunicationSystemServerSide - Removing client channel with ID= 60
2020-11-19 15:43:04.912 [nioEventLoopGroup-3-3] INFO  b.c.c.n.NettyClientServerCommunicationSystemServerSide - Active clients=50
2020-11-19 15:43:04.913 [nioEventLoopGroup-3-3] INFO  b.c.c.n.NettyClientServerCommunicationSystemServerSide - Removing client channel with ID= 14
2020-11-19 15:43:04.913 [nioEventLoopGroup-3-3] INFO  b.c.c.n.NettyClientServerCommunicationSystemServerSide - Active clients=49
2020-11-19 15:43:04.913 [nioEventLoopGroup-3-3] INFO  b.c.c.n.NettyClientServerCommunicationSystemServerSide - Removing client channel with ID= 55
2020-11-19 15:43:04.913 [nioEventLoopGroup-3-3] INFO  b.c.c.n.NettyClientServerCommunicationSystemServerSide - Active clients=48
2020-11-19 15:43:04.913 [nioEventLoopGroup-3-3] INFO  b.c.c.n.NettyClientServerCommunicationSystemServerSide - Removing client channel with ID= 33
2020-11-19 15:43:04.913 [nioEventLoopGroup-3-3] INFO  b.c.c.n.NettyClientServerCommunicationSystemServerSide - Active clients=47
2020-11-19 15:43:04.914 [nioEventLoopGroup-3-1] INFO  b.c.c.n.NettyClientServerCommunicationSystemServerSide - Removing client channel with ID= 62
2020-11-19 15:43:04.914 [nioEventLoopGroup-3-1] INFO  b.c.c.n.NettyClientServerCommunicationSystemServerSide - Active clients=46
2020-11-19 15:43:04.914 [nioEventLoopGroup-3-1] INFO  b.c.c.n.NettyClientServerCommunicationSystemServerSide - Removing client channel with ID= 40
2020-11-19 15:43:04.914 [nioEventLoopGroup-3-1] INFO  b.c.c.n.NettyClientServerCommunicationSystemServerSide - Active clients=45
2020-11-19 15:43:04.914 [nioEventLoopGroup-3-1] INFO  b.c.c.n.NettyClientServerCommunicationSystemServerSide - Removing client channel with ID= 43
2020-11-19 15:43:04.915 [nioEventLoopGroup-3-1] INFO  b.c.c.n.NettyClientServerCommunicationSystemServerSide - Active clients=44
2020-11-19 15:43:04.915 [nioEventLoopGroup-3-1] INFO  b.c.c.n.NettyClientServerCommunicationSystemServerSide - Removing client channel with ID= 9
2020-11-19 15:43:04.915 [nioEventLoopGroup-3-1] INFO  b.c.c.n.NettyClientServerCommunicationSystemServerSide - Active clients=43
2020-11-19 15:43:04.915 [nioEventLoopGroup-3-1] INFO  b.c.c.n.NettyClientServerCommunicationSystemServerSide - Removing client channel with ID= 44
2020-11-19 15:43:04.915 [nioEventLoopGroup-3-1] INFO  b.c.c.n.NettyClientServerCommunicationSystemServerSide - Active clients=42
2020-11-19 15:43:04.916 [nioEventLoopGroup-3-8] INFO  b.c.c.n.NettyClientServerCommunicationSystemServerSide - Removing client channel with ID= 57
2020-11-19 15:43:04.916 [nioEventLoopGroup-3-8] INFO  b.c.c.n.NettyClientServerCommunicationSystemServerSide - Active clients=41
2020-11-19 15:43:04.916 [nioEventLoopGroup-3-4] INFO  b.c.c.n.NettyClientServerCommunicationSystemServerSide - Removing client channel with ID= 56
2020-11-19 15:43:04.916 [nioEventLoopGroup-3-4] INFO  b.c.c.n.NettyClientServerCommunicationSystemServerSide - Active clients=40
2020-11-19 15:43:04.917 [nioEventLoopGroup-3-8] INFO  b.c.c.n.NettyClientServerCommunicationSystemServerSide - Removing client channel with ID= 53
2020-11-19 15:43:04.917 [nioEventLoopGroup-3-8] INFO  b.c.c.n.NettyClientServerCommunicationSystemServerSide - Active clients=39
2020-11-19 15:43:04.917 [nioEventLoopGroup-3-8] INFO  b.c.c.n.NettyClientServerCommunicationSystemServerSide - Removing client channel with ID= 30
2020-11-19 15:43:04.917 [nioEventLoopGroup-3-8] INFO  b.c.c.n.NettyClientServerCommunicationSystemServerSide - Active clients=38
2020-11-19 15:43:04.917 [nioEventLoopGroup-3-8] INFO  b.c.c.n.NettyClientServerCommunicationSystemServerSide - Removing client channel with ID= 34
2020-11-19 15:43:04.917 [nioEventLoopGroup-3-8] INFO  b.c.c.n.NettyClientServerCommunicationSystemServerSide - Active clients=37
2020-11-19 15:43:04.917 [nioEventLoopGroup-3-8] INFO  b.c.c.n.NettyClientServerCommunicationSystemServerSide - Removing client channel with ID= 61
2020-11-19 15:43:04.917 [nioEventLoopGroup-3-8] INFO  b.c.c.n.NettyClientServerCommunicationSystemServerSide - Active clients=36
2020-11-19 15:43:04.917 [nioEventLoopGroup-3-8] INFO  b.c.c.n.NettyClientServerCommunicationSystemServerSide - Removing client channel with ID= 42
2020-11-19 15:43:04.917 [nioEventLoopGroup-3-8] INFO  b.c.c.n.NettyClientServerCommunicationSystemServerSide - Active clients=35
2020-11-19 15:43:04.917 [nioEventLoopGroup-3-8] INFO  b.c.c.n.NettyClientServerCommunicationSystemServerSide - Removing client channel with ID= 46
2020-11-19 15:43:04.917 [nioEventLoopGroup-3-8] INFO  b.c.c.n.NettyClientServerCommunicationSystemServerSide - Active clients=34
2020-11-19 15:43:04.918 [nioEventLoopGroup-3-8] INFO  b.c.c.n.NettyClientServerCommunicationSystemServerSide - Removing client channel with ID= 50
2020-11-19 15:43:04.918 [nioEventLoopGroup-3-8] INFO  b.c.c.n.NettyClientServerCommunicationSystemServerSide - Active clients=33
2020-11-19 15:43:04.919 [nioEventLoopGroup-3-5] INFO  b.c.c.n.NettyClientServerCommunicationSystemServerSide - Removing client channel with ID= 63
2020-11-19 15:43:04.919 [nioEventLoopGroup-3-5] INFO  b.c.c.n.NettyClientServerCommunicationSystemServerSide - Active clients=32
2020-11-19 15:43:04.920 [nioEventLoopGroup-3-6] INFO  b.c.c.n.NettyClientServerCommunicationSystemServerSide - Removing client channel with ID= 5
2020-11-19 15:43:04.920 [nioEventLoopGroup-3-6] INFO  b.c.c.n.NettyClientServerCommunicationSystemServerSide - Active clients=31
2020-11-19 15:43:04.920 [nioEventLoopGroup-3-7] INFO  b.c.c.n.NettyClientServerCommunicationSystemServerSide - Removing client channel with ID= 27
2020-11-19 15:43:04.920 [nioEventLoopGroup-3-7] INFO  b.c.c.n.NettyClientServerCommunicationSystemServerSide - Active clients=30
2020-11-19 15:43:04.920 [nioEventLoopGroup-3-1] INFO  b.c.c.n.NettyClientServerCommunicationSystemServerSide - Removing client channel with ID= 47
2020-11-19 15:43:04.920 [nioEventLoopGroup-3-1] INFO  b.c.c.n.NettyClientServerCommunicationSystemServerSide - Active clients=29
2020-11-19 15:43:04.920 [nioEventLoopGroup-3-4] INFO  b.c.c.n.NettyClientServerCommunicationSystemServerSide - Removing client channel with ID= 28
2020-11-19 15:43:04.920 [nioEventLoopGroup-3-4] INFO  b.c.c.n.NettyClientServerCommunicationSystemServerSide - Active clients=28
2020-11-19 15:43:04.920 [nioEventLoopGroup-3-4] INFO  b.c.c.n.NettyClientServerCommunicationSystemServerSide - Removing client channel with ID= 20
2020-11-19 15:43:04.920 [nioEventLoopGroup-3-4] INFO  b.c.c.n.NettyClientServerCommunicationSystemServerSide - Active clients=27
2020-11-19 15:43:04.920 [nioEventLoopGroup-3-4] INFO  b.c.c.n.NettyClientServerCommunicationSystemServerSide - Removing client channel with ID= 17
2020-11-19 15:43:04.920 [nioEventLoopGroup-3-4] INFO  b.c.c.n.NettyClientServerCommunicationSystemServerSide - Active clients=26
2020-11-19 15:43:04.920 [nioEventLoopGroup-3-4] INFO  b.c.c.n.NettyClientServerCommunicationSystemServerSide - Removing client channel with ID= 24
2020-11-19 15:43:04.920 [nioEventLoopGroup-3-4] INFO  b.c.c.n.NettyClientServerCommunicationSystemServerSide - Active clients=25
2020-11-19 15:43:04.920 [nioEventLoopGroup-3-4] INFO  b.c.c.n.NettyClientServerCommunicationSystemServerSide - Removing client channel with ID= 36
2020-11-19 15:43:04.920 [nioEventLoopGroup-3-4] INFO  b.c.c.n.NettyClientServerCommunicationSystemServerSide - Active clients=24
2020-11-19 15:43:04.921 [nioEventLoopGroup-3-4] INFO  b.c.c.n.NettyClientServerCommunicationSystemServerSide - Removing client channel with ID= 26
2020-11-19 15:43:04.921 [nioEventLoopGroup-3-4] INFO  b.c.c.n.NettyClientServerCommunicationSystemServerSide - Active clients=23
2020-11-19 15:43:04.921 [nioEventLoopGroup-3-4] INFO  b.c.c.n.NettyClientServerCommunicationSystemServerSide - Removing client channel with ID= 49
2020-11-19 15:43:04.921 [nioEventLoopGroup-3-4] INFO  b.c.c.n.NettyClientServerCommunicationSystemServerSide - Active clients=22
2020-11-19 15:43:04.921 [nioEventLoopGroup-3-6] INFO  b.c.c.n.NettyClientServerCommunicationSystemServerSide - Removing client channel with ID= 52
2020-11-19 15:43:04.921 [nioEventLoopGroup-3-6] INFO  b.c.c.n.NettyClientServerCommunicationSystemServerSide - Active clients=21
2020-11-19 15:43:04.921 [nioEventLoopGroup-3-5] INFO  b.c.c.n.NettyClientServerCommunicationSystemServerSide - Removing client channel with ID= 59
2020-11-19 15:43:04.921 [nioEventLoopGroup-3-5] INFO  b.c.c.n.NettyClientServerCommunicationSystemServerSide - Active clients=20
2020-11-19 15:43:04.921 [nioEventLoopGroup-3-5] INFO  b.c.c.n.NettyClientServerCommunicationSystemServerSide - Removing client channel with ID= 3
2020-11-19 15:43:04.921 [nioEventLoopGroup-3-5] INFO  b.c.c.n.NettyClientServerCommunicationSystemServerSide - Active clients=19
2020-11-19 15:43:04.921 [nioEventLoopGroup-3-5] INFO  b.c.c.n.NettyClientServerCommunicationSystemServerSide - Removing client channel with ID= 22
2020-11-19 15:43:04.921 [nioEventLoopGroup-3-5] INFO  b.c.c.n.NettyClientServerCommunicationSystemServerSide - Active clients=18
2020-11-19 15:43:04.921 [nioEventLoopGroup-3-5] INFO  b.c.c.n.NettyClientServerCommunicationSystemServerSide - Removing client channel with ID= 6
2020-11-19 15:43:04.921 [nioEventLoopGroup-3-5] INFO  b.c.c.n.NettyClientServerCommunicationSystemServerSide - Active clients=17
2020-11-19 15:43:04.922 [nioEventLoopGroup-3-5] INFO  b.c.c.n.NettyClientServerCommunicationSystemServerSide - Removing client channel with ID= 32
2020-11-19 15:43:04.922 [nioEventLoopGroup-3-5] INFO  b.c.c.n.NettyClientServerCommunicationSystemServerSide - Active clients=16
2020-11-19 15:43:04.922 [nioEventLoopGroup-3-5] INFO  b.c.c.n.NettyClientServerCommunicationSystemServerSide - Removing client channel with ID= 35
2020-11-19 15:43:04.922 [nioEventLoopGroup-3-5] INFO  b.c.c.n.NettyClientServerCommunicationSystemServerSide - Active clients=15
2020-11-19 15:43:04.922 [nioEventLoopGroup-3-1] INFO  b.c.c.n.NettyClientServerCommunicationSystemServerSide - Removing client channel with ID= 8
2020-11-19 15:43:04.922 [nioEventLoopGroup-3-1] INFO  b.c.c.n.NettyClientServerCommunicationSystemServerSide - Active clients=14
2020-11-19 15:43:04.930 [nioEventLoopGroup-3-5] INFO  b.c.c.n.NettyClientServerCommunicationSystemServerSide - Removing client channel with ID= 13
2020-11-19 15:43:04.930 [nioEventLoopGroup-3-5] INFO  b.c.c.n.NettyClientServerCommunicationSystemServerSide - Active clients=13
2020-11-19 15:43:04.930 [nioEventLoopGroup-3-6] INFO  b.c.c.n.NettyClientServerCommunicationSystemServerSide - Removing client channel with ID= 16
2020-11-19 15:43:04.930 [nioEventLoopGroup-3-6] INFO  b.c.c.n.NettyClientServerCommunicationSystemServerSide - Active clients=12
2020-11-19 15:43:04.930 [nioEventLoopGroup-3-7] INFO  b.c.c.n.NettyClientServerCommunicationSystemServerSide - Removing client channel with ID= 41
2020-11-19 15:43:04.930 [nioEventLoopGroup-3-7] INFO  b.c.c.n.NettyClientServerCommunicationSystemServerSide - Active clients=11
2020-11-19 15:43:04.931 [nioEventLoopGroup-3-7] INFO  b.c.c.n.NettyClientServerCommunicationSystemServerSide - Removing client channel with ID= 4
2020-11-19 15:43:04.931 [nioEventLoopGroup-3-7] INFO  b.c.c.n.NettyClientServerCommunicationSystemServerSide - Active clients=10
2020-11-19 15:43:04.931 [nioEventLoopGroup-3-7] INFO  b.c.c.n.NettyClientServerCommunicationSystemServerSide - Removing client channel with ID= 19
2020-11-19 15:43:04.931 [nioEventLoopGroup-3-7] INFO  b.c.c.n.NettyClientServerCommunicationSystemServerSide - Active clients=9
2020-11-19 15:43:04.931 [nioEventLoopGroup-3-7] INFO  b.c.c.n.NettyClientServerCommunicationSystemServerSide - Removing client channel with ID= 39
2020-11-19 15:43:04.931 [nioEventLoopGroup-3-7] INFO  b.c.c.n.NettyClientServerCommunicationSystemServerSide - Active clients=8
2020-11-19 15:43:04.931 [nioEventLoopGroup-3-7] INFO  b.c.c.n.NettyClientServerCommunicationSystemServerSide - Removing client channel with ID= 23
2020-11-19 15:43:04.931 [nioEventLoopGroup-3-7] INFO  b.c.c.n.NettyClientServerCommunicationSystemServerSide - Active clients=7
2020-11-19 15:43:04.931 [nioEventLoopGroup-3-7] INFO  b.c.c.n.NettyClientServerCommunicationSystemServerSide - Removing client channel with ID= 51
2020-11-19 15:43:04.931 [nioEventLoopGroup-3-7] INFO  b.c.c.n.NettyClientServerCommunicationSystemServerSide - Active clients=6
2020-11-19 15:43:04.931 [nioEventLoopGroup-3-7] INFO  b.c.c.n.NettyClientServerCommunicationSystemServerSide - Removing client channel with ID= 37
2020-11-19 15:43:04.931 [nioEventLoopGroup-3-7] INFO  b.c.c.n.NettyClientServerCommunicationSystemServerSide - Active clients=5
2020-11-19 15:43:04.932 [nioEventLoopGroup-3-6] INFO  b.c.c.n.NettyClientServerCommunicationSystemServerSide - Removing client channel with ID= 7
2020-11-19 15:43:04.932 [nioEventLoopGroup-3-6] INFO  b.c.c.n.NettyClientServerCommunicationSystemServerSide - Active clients=4
2020-11-19 15:43:04.932 [nioEventLoopGroup-3-6] INFO  b.c.c.n.NettyClientServerCommunicationSystemServerSide - Removing client channel with ID= 12
2020-11-19 15:43:04.932 [nioEventLoopGroup-3-6] INFO  b.c.c.n.NettyClientServerCommunicationSystemServerSide - Active clients=3
2020-11-19 15:43:04.932 [nioEventLoopGroup-3-6] INFO  b.c.c.n.NettyClientServerCommunicationSystemServerSide - Removing client channel with ID= 10
2020-11-19 15:43:04.932 [nioEventLoopGroup-3-6] INFO  b.c.c.n.NettyClientServerCommunicationSystemServerSide - Active clients=2
2020-11-19 15:43:04.932 [nioEventLoopGroup-3-6] INFO  b.c.c.n.NettyClientServerCommunicationSystemServerSide - Removing client channel with ID= 2
2020-11-19 15:43:04.932 [nioEventLoopGroup-3-6] INFO  b.c.c.n.NettyClientServerCommunicationSystemServerSide - Active clients=1
2020-11-19 15:43:04.932 [nioEventLoopGroup-3-6] INFO  b.c.c.n.NettyClientServerCommunicationSystemServerSide - Removing client channel with ID= 31
2020-11-19 15:43:04.932 [nioEventLoopGroup-3-6] INFO  b.c.c.n.NettyClientServerCommunicationSystemServerSide - Active clients=0
2020-11-19 15:43:27.709 [nioEventLoopGroup-3-1] INFO  b.c.c.n.NettyClientServerCommunicationSystemServerSide - Session Created, active clients=0
2020-11-19 15:43:27.718 [nioEventLoopGroup-3-2] INFO  b.c.c.n.NettyClientServerCommunicationSystemServerSide - Session Created, active clients=0
2020-11-19 15:43:27.721 [nioEventLoopGroup-3-3] INFO  b.c.c.n.NettyClientServerCommunicationSystemServerSide - Session Created, active clients=0
2020-11-19 15:43:27.721 [nioEventLoopGroup-3-4] INFO  b.c.c.n.NettyClientServerCommunicationSystemServerSide - Session Created, active clients=0
2020-11-19 15:43:27.726 [nioEventLoopGroup-3-5] INFO  b.c.c.n.NettyClientServerCommunicationSystemServerSide - Session Created, active clients=0
2020-11-19 15:43:27.727 [nioEventLoopGroup-3-6] INFO  b.c.c.n.NettyClientServerCommunicationSystemServerSide - Session Created, active clients=0
2020-11-19 15:43:27.729 [nioEventLoopGroup-3-7] INFO  b.c.c.n.NettyClientServerCommunicationSystemServerSide - Session Created, active clients=0
2020-11-19 15:43:27.730 [nioEventLoopGroup-3-8] INFO  b.c.c.n.NettyClientServerCommunicationSystemServerSide - Session Created, active clients=0
2020-11-19 15:43:27.730 [nioEventLoopGroup-3-1] INFO  b.c.c.n.NettyClientServerCommunicationSystemServerSide - Session Created, active clients=0
2020-11-19 15:43:27.732 [nioEventLoopGroup-3-2] INFO  b.c.c.n.NettyClientServerCommunicationSystemServerSide - Session Created, active clients=0
2020-11-19 15:43:27.734 [nioEventLoopGroup-3-3] INFO  b.c.c.n.NettyClientServerCommunicationSystemServerSide - Session Created, active clients=0
2020-11-19 15:43:27.737 [nioEventLoopGroup-3-4] INFO  b.c.c.n.NettyClientServerCommunicationSystemServerSide - Session Created, active clients=0
2020-11-19 15:43:27.739 [nioEventLoopGroup-3-5] INFO  b.c.c.n.NettyClientServerCommunicationSystemServerSide - Session Created, active clients=0
2020-11-19 15:43:27.740 [nioEventLoopGroup-3-6] INFO  b.c.c.n.NettyClientServerCommunicationSystemServerSide - Session Created, active clients=0
2020-11-19 15:43:27.740 [nioEventLoopGroup-3-7] INFO  b.c.c.n.NettyClientServerCommunicationSystemServerSide - Session Created, active clients=0
2020-11-19 15:43:27.743 [nioEventLoopGroup-3-8] INFO  b.c.c.n.NettyClientServerCommunicationSystemServerSide - Session Created, active clients=0
2020-11-19 15:43:27.745 [nioEventLoopGroup-3-1] INFO  b.c.c.n.NettyClientServerCommunicationSystemServerSide - Session Created, active clients=0
2020-11-19 15:43:27.752 [nioEventLoopGroup-3-2] INFO  b.c.c.n.NettyClientServerCommunicationSystemServerSide - Session Created, active clients=0
2020-11-19 15:43:27.752 [nioEventLoopGroup-3-3] INFO  b.c.c.n.NettyClientServerCommunicationSystemServerSide - Session Created, active clients=0
2020-11-19 15:43:27.753 [nioEventLoopGroup-3-4] INFO  b.c.c.n.NettyClientServerCommunicationSystemServerSide - Session Created, active clients=0
2020-11-19 15:43:27.753 [nioEventLoopGroup-3-5] INFO  b.c.c.n.NettyClientServerCommunicationSystemServerSide - Session Created, active clients=0
2020-11-19 15:43:27.754 [nioEventLoopGroup-3-6] INFO  b.c.c.n.NettyClientServerCommunicationSystemServerSide - Session Created, active clients=0
2020-11-19 15:43:27.755 [nioEventLoopGroup-3-7] INFO  b.c.c.n.NettyClientServerCommunicationSystemServerSide - Session Created, active clients=0
2020-11-19 15:43:27.756 [nioEventLoopGroup-3-8] INFO  b.c.c.n.NettyClientServerCommunicationSystemServerSide - Session Created, active clients=0
2020-11-19 15:43:27.757 [nioEventLoopGroup-3-1] INFO  b.c.c.n.NettyClientServerCommunicationSystemServerSide - Session Created, active clients=0
2020-11-19 15:43:27.757 [nioEventLoopGroup-3-2] INFO  b.c.c.n.NettyClientServerCommunicationSystemServerSide - Session Created, active clients=0
2020-11-19 15:43:27.758 [nioEventLoopGroup-3-3] INFO  b.c.c.n.NettyClientServerCommunicationSystemServerSide - Session Created, active clients=0
2020-11-19 15:43:27.758 [nioEventLoopGroup-3-4] INFO  b.c.c.n.NettyClientServerCommunicationSystemServerSide - Session Created, active clients=0
2020-11-19 15:43:27.758 [nioEventLoopGroup-3-5] INFO  b.c.c.n.NettyClientServerCommunicationSystemServerSide - Session Created, active clients=0
2020-11-19 15:43:27.759 [nioEventLoopGroup-3-6] INFO  b.c.c.n.NettyClientServerCommunicationSystemServerSide - Session Created, active clients=0
2020-11-19 15:43:27.761 [nioEventLoopGroup-3-7] INFO  b.c.c.n.NettyClientServerCommunicationSystemServerSide - Session Created, active clients=0
2020-11-19 15:43:27.762 [nioEventLoopGroup-3-8] INFO  b.c.c.n.NettyClientServerCommunicationSystemServerSide - Session Created, active clients=0
2020-11-19 15:43:27.762 [nioEventLoopGroup-3-1] INFO  b.c.c.n.NettyClientServerCommunicationSystemServerSide - Session Created, active clients=0
2020-11-19 15:43:27.762 [nioEventLoopGroup-3-2] INFO  b.c.c.n.NettyClientServerCommunicationSystemServerSide - Session Created, active clients=0
2020-11-19 15:43:27.762 [nioEventLoopGroup-3-3] INFO  b.c.c.n.NettyClientServerCommunicationSystemServerSide - Session Created, active clients=0
2020-11-19 15:43:27.762 [nioEventLoopGroup-3-4] INFO  b.c.c.n.NettyClientServerCommunicationSystemServerSide - Session Created, active clients=0
2020-11-19 15:43:27.763 [nioEventLoopGroup-3-5] INFO  b.c.c.n.NettyClientServerCommunicationSystemServerSide - Session Created, active clients=0
2020-11-19 15:43:27.765 [nioEventLoopGroup-3-6] INFO  b.c.c.n.NettyClientServerCommunicationSystemServerSide - Session Created, active clients=0
2020-11-19 15:43:27.765 [nioEventLoopGroup-3-7] INFO  b.c.c.n.NettyClientServerCommunicationSystemServerSide - Session Created, active clients=0
2020-11-19 15:43:27.766 [nioEventLoopGroup-3-8] INFO  b.c.c.n.NettyClientServerCommunicationSystemServerSide - Session Created, active clients=0
2020-11-19 15:43:27.766 [nioEventLoopGroup-3-1] INFO  b.c.c.n.NettyClientServerCommunicationSystemServerSide - Session Created, active clients=0
2020-11-19 15:43:27.767 [nioEventLoopGroup-3-2] INFO  b.c.c.n.NettyClientServerCommunicationSystemServerSide - Session Created, active clients=0
2020-11-19 15:43:27.768 [nioEventLoopGroup-3-3] INFO  b.c.c.n.NettyClientServerCommunicationSystemServerSide - Session Created, active clients=0
2020-11-19 15:43:27.770 [nioEventLoopGroup-3-4] INFO  b.c.c.n.NettyClientServerCommunicationSystemServerSide - Session Created, active clients=0
2020-11-19 15:43:27.770 [nioEventLoopGroup-3-5] INFO  b.c.c.n.NettyClientServerCommunicationSystemServerSide - Session Created, active clients=0
2020-11-19 15:43:27.771 [nioEventLoopGroup-3-6] INFO  b.c.c.n.NettyClientServerCommunicationSystemServerSide - Session Created, active clients=0
2020-11-19 15:43:27.772 [nioEventLoopGroup-3-7] INFO  b.c.c.n.NettyClientServerCommunicationSystemServerSide - Session Created, active clients=0
2020-11-19 15:43:27.772 [nioEventLoopGroup-3-8] INFO  b.c.c.n.NettyClientServerCommunicationSystemServerSide - Session Created, active clients=0
2020-11-19 15:43:27.773 [nioEventLoopGroup-3-1] INFO  b.c.c.n.NettyClientServerCommunicationSystemServerSide - Session Created, active clients=0
2020-11-19 15:43:27.774 [nioEventLoopGroup-3-2] INFO  b.c.c.n.NettyClientServerCommunicationSystemServerSide - Session Created, active clients=0
2020-11-19 15:43:27.775 [nioEventLoopGroup-3-3] INFO  b.c.c.n.NettyClientServerCommunicationSystemServerSide - Session Created, active clients=0
2020-11-19 15:43:27.782 [nioEventLoopGroup-3-4] INFO  b.c.c.n.NettyClientServerCommunicationSystemServerSide - Session Created, active clients=0
2020-11-19 15:43:27.783 [nioEventLoopGroup-3-5] INFO  b.c.c.n.NettyClientServerCommunicationSystemServerSide - Session Created, active clients=0
2020-11-19 15:43:27.784 [nioEventLoopGroup-3-6] INFO  b.c.c.n.NettyClientServerCommunicationSystemServerSide - Session Created, active clients=0
2020-11-19 15:43:27.784 [nioEventLoopGroup-3-7] INFO  b.c.c.n.NettyClientServerCommunicationSystemServerSide - Session Created, active clients=0
2020-11-19 15:43:27.785 [nioEventLoopGroup-3-8] INFO  b.c.c.n.NettyClientServerCommunicationSystemServerSide - Session Created, active clients=0
2020-11-19 15:43:27.785 [nioEventLoopGroup-3-1] INFO  b.c.c.n.NettyClientServerCommunicationSystemServerSide - Session Created, active clients=0
2020-11-19 15:43:27.786 [nioEventLoopGroup-3-2] INFO  b.c.c.n.NettyClientServerCommunicationSystemServerSide - Session Created, active clients=0
2020-11-19 15:43:27.786 [nioEventLoopGroup-3-3] INFO  b.c.c.n.NettyClientServerCommunicationSystemServerSide - Session Created, active clients=0
2020-11-19 15:43:27.787 [nioEventLoopGroup-3-4] INFO  b.c.c.n.NettyClientServerCommunicationSystemServerSide - Session Created, active clients=0
2020-11-19 15:43:27.789 [nioEventLoopGroup-3-5] INFO  b.c.c.n.NettyClientServerCommunicationSystemServerSide - Session Created, active clients=0
2020-11-19 15:43:27.790 [nioEventLoopGroup-3-6] INFO  b.c.c.n.NettyClientServerCommunicationSystemServerSide - Session Created, active clients=0
2020-11-19 15:43:27.790 [nioEventLoopGroup-3-7] INFO  b.c.c.n.NettyClientServerCommunicationSystemServerSide - Session Created, active clients=0
2020-11-19 15:43:27.792 [nioEventLoopGroup-3-8] INFO  b.c.c.n.NettyClientServerCommunicationSystemServerSide - Session Created, active clients=0
2020-11-19 15:43:39.162 [Checkpoint-Thread] INFO  s.a.s.CheckpointController$Async - Starting replica checkpoint at CID(100000)
2020-11-19 15:44:26.184 [Delivery Thread] WARN  s.a.s.CheckpointController$Async - Skipping a checkpoint at CID(200000)
2020-11-19 15:44:28.061 [Checkpoint-Thread] INFO  s.app.server.Checkpoint$Writer - Saved a checkpoint of 5903MB
2020-11-19 15:44:28.062 [Checkpoint-Thread] INFO  s.a.s.CheckpointController$Async - Checkpoint created after 48s
2020-11-19 15:45:40.410 [nioEventLoopGroup-3-7] INFO  b.c.c.n.NettyClientServerCommunicationSystemServerSide - Removing client channel with ID= 39
2020-11-19 15:45:40.410 [nioEventLoopGroup-3-7] INFO  b.c.c.n.NettyClientServerCommunicationSystemServerSide - Active clients=63
2020-11-19 15:45:40.410 [nioEventLoopGroup-3-2] INFO  b.c.c.n.NettyClientServerCommunicationSystemServerSide - Removing client channel with ID= 53
2020-11-19 15:45:40.410 [nioEventLoopGroup-3-2] INFO  b.c.c.n.NettyClientServerCommunicationSystemServerSide - Active clients=62
2020-11-19 15:45:40.411 [nioEventLoopGroup-3-1] INFO  b.c.c.n.NettyClientServerCommunicationSystemServerSide - Removing client channel with ID= 24
2020-11-19 15:45:40.411 [nioEventLoopGroup-3-1] INFO  b.c.c.n.NettyClientServerCommunicationSystemServerSide - Active clients=61
2020-11-19 15:45:40.411 [nioEventLoopGroup-3-1] INFO  b.c.c.n.NettyClientServerCommunicationSystemServerSide - Removing client channel with ID= 44
2020-11-19 15:45:40.411 [nioEventLoopGroup-3-1] INFO  b.c.c.n.NettyClientServerCommunicationSystemServerSide - Active clients=60
2020-11-19 15:45:40.411 [nioEventLoopGroup-3-1] INFO  b.c.c.n.NettyClientServerCommunicationSystemServerSide - Removing client channel with ID= 59
2020-11-19 15:45:40.411 [nioEventLoopGroup-3-1] INFO  b.c.c.n.NettyClientServerCommunicationSystemServerSide - Active clients=59
2020-11-19 15:45:40.411 [nioEventLoopGroup-3-1] INFO  b.c.c.n.NettyClientServerCommunicationSystemServerSide - Removing client channel with ID= 5
2020-11-19 15:45:40.411 [nioEventLoopGroup-3-1] INFO  b.c.c.n.NettyClientServerCommunicationSystemServerSide - Active clients=58
2020-11-19 15:45:40.411 [nioEventLoopGroup-3-1] INFO  b.c.c.n.NettyClientServerCommunicationSystemServerSide - Removing client channel with ID= 7
2020-11-19 15:45:40.411 [nioEventLoopGroup-3-1] INFO  b.c.c.n.NettyClientServerCommunicationSystemServerSide - Active clients=57
2020-11-19 15:45:40.411 [nioEventLoopGroup-3-1] INFO  b.c.c.n.NettyClientServerCommunicationSystemServerSide - Removing client channel with ID= 0
2020-11-19 15:45:40.411 [nioEventLoopGroup-3-1] INFO  b.c.c.n.NettyClientServerCommunicationSystemServerSide - Active clients=56
2020-11-19 15:45:40.411 [nioEventLoopGroup-3-1] INFO  b.c.c.n.NettyClientServerCommunicationSystemServerSide - Removing client channel with ID= 22
2020-11-19 15:45:40.411 [nioEventLoopGroup-3-1] INFO  b.c.c.n.NettyClientServerCommunicationSystemServerSide - Active clients=55
2020-11-19 15:45:40.411 [nioEventLoopGroup-3-1] INFO  b.c.c.n.NettyClientServerCommunicationSystemServerSide - Removing client channel with ID= 20
2020-11-19 15:45:40.411 [nioEventLoopGroup-3-1] INFO  b.c.c.n.NettyClientServerCommunicationSystemServerSide - Active clients=54
2020-11-19 15:45:40.412 [nioEventLoopGroup-3-6] INFO  b.c.c.n.NettyClientServerCommunicationSystemServerSide - Removing client channel with ID= 12
2020-11-19 15:45:40.412 [nioEventLoopGroup-3-6] INFO  b.c.c.n.NettyClientServerCommunicationSystemServerSide - Active clients=53
2020-11-19 15:45:40.412 [nioEventLoopGroup-3-4] INFO  b.c.c.n.NettyClientServerCommunicationSystemServerSide - Removing client channel with ID= 38
2020-11-19 15:45:40.412 [nioEventLoopGroup-3-4] INFO  b.c.c.n.NettyClientServerCommunicationSystemServerSide - Active clients=52
2020-11-19 15:45:40.413 [nioEventLoopGroup-3-4] INFO  b.c.c.n.NettyClientServerCommunicationSystemServerSide - Removing client channel with ID= 1
2020-11-19 15:45:40.413 [nioEventLoopGroup-3-4] INFO  b.c.c.n.NettyClientServerCommunicationSystemServerSide - Active clients=51
2020-11-19 15:45:40.413 [nioEventLoopGroup-3-4] INFO  b.c.c.n.NettyClientServerCommunicationSystemServerSide - Removing client channel with ID= 25
2020-11-19 15:45:40.413 [nioEventLoopGroup-3-4] INFO  b.c.c.n.NettyClientServerCommunicationSystemServerSide - Active clients=50
2020-11-19 15:45:40.413 [nioEventLoopGroup-3-4] INFO  b.c.c.n.NettyClientServerCommunicationSystemServerSide - Removing client channel with ID= 35
2020-11-19 15:45:40.413 [nioEventLoopGroup-3-4] INFO  b.c.c.n.NettyClientServerCommunicationSystemServerSide - Active clients=49
2020-11-19 15:45:40.413 [nioEventLoopGroup-3-4] INFO  b.c.c.n.NettyClientServerCommunicationSystemServerSide - Removing client channel with ID= 8
2020-11-19 15:45:40.413 [nioEventLoopGroup-3-4] INFO  b.c.c.n.NettyClientServerCommunicationSystemServerSide - Active clients=48
2020-11-19 15:45:40.413 [nioEventLoopGroup-3-4] INFO  b.c.c.n.NettyClientServerCommunicationSystemServerSide - Removing client channel with ID= 63
2020-11-19 15:45:40.413 [nioEventLoopGroup-3-4] INFO  b.c.c.n.NettyClientServerCommunicationSystemServerSide - Active clients=47
2020-11-19 15:45:40.413 [nioEventLoopGroup-3-4] INFO  b.c.c.n.NettyClientServerCommunicationSystemServerSide - Removing client channel with ID= 36
2020-11-19 15:45:40.413 [nioEventLoopGroup-3-4] INFO  b.c.c.n.NettyClientServerCommunicationSystemServerSide - Active clients=46
2020-11-19 15:45:40.413 [nioEventLoopGroup-3-4] INFO  b.c.c.n.NettyClientServerCommunicationSystemServerSide - Removing client channel with ID= 11
2020-11-19 15:45:40.413 [nioEventLoopGroup-3-4] INFO  b.c.c.n.NettyClientServerCommunicationSystemServerSide - Active clients=45
2020-11-19 15:45:40.414 [nioEventLoopGroup-3-5] INFO  b.c.c.n.NettyClientServerCommunicationSystemServerSide - Removing client channel with ID= 30
2020-11-19 15:45:40.414 [nioEventLoopGroup-3-5] INFO  b.c.c.n.NettyClientServerCommunicationSystemServerSide - Active clients=44
2020-11-19 15:45:40.414 [nioEventLoopGroup-3-5] INFO  b.c.c.n.NettyClientServerCommunicationSystemServerSide - Removing client channel with ID= 62
2020-11-19 15:45:40.414 [nioEventLoopGroup-3-5] INFO  b.c.c.n.NettyClientServerCommunicationSystemServerSide - Active clients=43
2020-11-19 15:45:40.414 [nioEventLoopGroup-3-5] INFO  b.c.c.n.NettyClientServerCommunicationSystemServerSide - Removing client channel with ID= 37
2020-11-19 15:45:40.414 [nioEventLoopGroup-3-5] INFO  b.c.c.n.NettyClientServerCommunicationSystemServerSide - Active clients=42
2020-11-19 15:45:40.414 [nioEventLoopGroup-3-5] INFO  b.c.c.n.NettyClientServerCommunicationSystemServerSide - Removing client channel with ID= 16
2020-11-19 15:45:40.414 [nioEventLoopGroup-3-5] INFO  b.c.c.n.NettyClientServerCommunicationSystemServerSide - Active clients=41
2020-11-19 15:45:40.414 [nioEventLoopGroup-3-5] INFO  b.c.c.n.NettyClientServerCommunicationSystemServerSide - Removing client channel with ID= 46
2020-11-19 15:45:40.414 [nioEventLoopGroup-3-5] INFO  b.c.c.n.NettyClientServerCommunicationSystemServerSide - Active clients=40
2020-11-19 15:45:40.414 [nioEventLoopGroup-3-5] INFO  b.c.c.n.NettyClientServerCommunicationSystemServerSide - Removing client channel with ID= 6
2020-11-19 15:45:40.415 [nioEventLoopGroup-3-5] INFO  b.c.c.n.NettyClientServerCommunicationSystemServerSide - Active clients=39
2020-11-19 15:45:40.415 [nioEventLoopGroup-3-5] INFO  b.c.c.n.NettyClientServerCommunicationSystemServerSide - Removing client channel with ID= 27
2020-11-19 15:45:40.415 [nioEventLoopGroup-3-5] INFO  b.c.c.n.NettyClientServerCommunicationSystemServerSide - Active clients=38
2020-11-19 15:45:40.415 [nioEventLoopGroup-3-5] INFO  b.c.c.n.NettyClientServerCommunicationSystemServerSide - Removing client channel with ID= 10
2020-11-19 15:45:40.415 [nioEventLoopGroup-3-5] INFO  b.c.c.n.NettyClientServerCommunicationSystemServerSide - Active clients=37
2020-11-19 15:45:40.416 [nioEventLoopGroup-3-2] INFO  b.c.c.n.NettyClientServerCommunicationSystemServerSide - Removing client channel with ID= 57
2020-11-19 15:45:40.416 [nioEventLoopGroup-3-2] INFO  b.c.c.n.NettyClientServerCommunicationSystemServerSide - Active clients=36
2020-11-19 15:45:40.416 [nioEventLoopGroup-3-3] INFO  b.c.c.n.NettyClientServerCommunicationSystemServerSide - Removing client channel with ID= 33
2020-11-19 15:45:40.416 [nioEventLoopGroup-3-3] INFO  b.c.c.n.NettyClientServerCommunicationSystemServerSide - Active clients=35
2020-11-19 15:45:40.416 [nioEventLoopGroup-3-3] INFO  b.c.c.n.NettyClientServerCommunicationSystemServerSide - Removing client channel with ID= 4
2020-11-19 15:45:40.416 [nioEventLoopGroup-3-3] INFO  b.c.c.n.NettyClientServerCommunicationSystemServerSide - Active clients=34
2020-11-19 15:45:40.416 [nioEventLoopGroup-3-8] INFO  b.c.c.n.NettyClientServerCommunicationSystemServerSide - Removing client channel with ID= 61
2020-11-19 15:45:40.417 [nioEventLoopGroup-3-8] INFO  b.c.c.n.NettyClientServerCommunicationSystemServerSide - Active clients=33
2020-11-19 15:45:40.417 [nioEventLoopGroup-3-8] INFO  b.c.c.n.NettyClientServerCommunicationSystemServerSide - Removing client channel with ID= 52
2020-11-19 15:45:40.417 [nioEventLoopGroup-3-8] INFO  b.c.c.n.NettyClientServerCommunicationSystemServerSide - Active clients=32
2020-11-19 15:45:40.417 [nioEventLoopGroup-3-8] INFO  b.c.c.n.NettyClientServerCommunicationSystemServerSide - Removing client channel with ID= 47
2020-11-19 15:45:40.417 [nioEventLoopGroup-3-8] INFO  b.c.c.n.NettyClientServerCommunicationSystemServerSide - Active clients=31
2020-11-19 15:45:40.417 [nioEventLoopGroup-3-8] INFO  b.c.c.n.NettyClientServerCommunicationSystemServerSide - Removing client channel with ID= 48
2020-11-19 15:45:40.417 [nioEventLoopGroup-3-8] INFO  b.c.c.n.NettyClientServerCommunicationSystemServerSide - Active clients=30
2020-11-19 15:45:40.417 [nioEventLoopGroup-3-8] INFO  b.c.c.n.NettyClientServerCommunicationSystemServerSide - Removing client channel with ID= 23
2020-11-19 15:45:40.417 [nioEventLoopGroup-3-8] INFO  b.c.c.n.NettyClientServerCommunicationSystemServerSide - Active clients=29
2020-11-19 15:45:40.417 [nioEventLoopGroup-3-3] INFO  b.c.c.n.NettyClientServerCommunicationSystemServerSide - Removing client channel with ID= 45
2020-11-19 15:45:40.417 [nioEventLoopGroup-3-3] INFO  b.c.c.n.NettyClientServerCommunicationSystemServerSide - Active clients=28
2020-11-19 15:45:40.417 [nioEventLoopGroup-3-3] INFO  b.c.c.n.NettyClientServerCommunicationSystemServerSide - Removing client channel with ID= 13
2020-11-19 15:45:40.417 [nioEventLoopGroup-3-3] INFO  b.c.c.n.NettyClientServerCommunicationSystemServerSide - Active clients=27
2020-11-19 15:45:40.417 [nioEventLoopGroup-3-3] INFO  b.c.c.n.NettyClientServerCommunicationSystemServerSide - Removing client channel with ID= 51
2020-11-19 15:45:40.417 [nioEventLoopGroup-3-3] INFO  b.c.c.n.NettyClientServerCommunicationSystemServerSide - Active clients=26
2020-11-19 15:45:40.417 [nioEventLoopGroup-3-3] INFO  b.c.c.n.NettyClientServerCommunicationSystemServerSide - Removing client channel with ID= 34
2020-11-19 15:45:40.417 [nioEventLoopGroup-3-3] INFO  b.c.c.n.NettyClientServerCommunicationSystemServerSide - Active clients=25
2020-11-19 15:45:40.417 [nioEventLoopGroup-3-3] INFO  b.c.c.n.NettyClientServerCommunicationSystemServerSide - Removing client channel with ID= 54
2020-11-19 15:45:40.417 [nioEventLoopGroup-3-3] INFO  b.c.c.n.NettyClientServerCommunicationSystemServerSide - Active clients=24
2020-11-19 15:45:40.417 [nioEventLoopGroup-3-3] INFO  b.c.c.n.NettyClientServerCommunicationSystemServerSide - Removing client channel with ID= 28
2020-11-19 15:45:40.417 [nioEventLoopGroup-3-3] INFO  b.c.c.n.NettyClientServerCommunicationSystemServerSide - Active clients=23
2020-11-19 15:45:40.418 [nioEventLoopGroup-3-6] INFO  b.c.c.n.NettyClientServerCommunicationSystemServerSide - Removing client channel with ID= 55
2020-11-19 15:45:40.418 [nioEventLoopGroup-3-6] INFO  b.c.c.n.NettyClientServerCommunicationSystemServerSide - Active clients=22
2020-11-19 15:45:40.418 [nioEventLoopGroup-3-2] INFO  b.c.c.n.NettyClientServerCommunicationSystemServerSide - Removing client channel with ID= 26
2020-11-19 15:45:40.418 [nioEventLoopGroup-3-2] INFO  b.c.c.n.NettyClientServerCommunicationSystemServerSide - Active clients=21
2020-11-19 15:45:40.418 [nioEventLoopGroup-3-2] INFO  b.c.c.n.NettyClientServerCommunicationSystemServerSide - Removing client channel with ID= 19
2020-11-19 15:45:40.418 [nioEventLoopGroup-3-2] INFO  b.c.c.n.NettyClientServerCommunicationSystemServerSide - Active clients=20
2020-11-19 15:45:40.418 [nioEventLoopGroup-3-2] INFO  b.c.c.n.NettyClientServerCommunicationSystemServerSide - Removing client channel with ID= 31
2020-11-19 15:45:40.418 [nioEventLoopGroup-3-2] INFO  b.c.c.n.NettyClientServerCommunicationSystemServerSide - Active clients=19
2020-11-19 15:45:40.418 [nioEventLoopGroup-3-8] INFO  b.c.c.n.NettyClientServerCommunicationSystemServerSide - Removing client channel with ID= 2
2020-11-19 15:45:40.418 [nioEventLoopGroup-3-8] INFO  b.c.c.n.NettyClientServerCommunicationSystemServerSide - Active clients=18
2020-11-19 15:45:40.418 [nioEventLoopGroup-3-8] INFO  b.c.c.n.NettyClientServerCommunicationSystemServerSide - Removing client channel with ID= 18
2020-11-19 15:45:40.418 [nioEventLoopGroup-3-8] INFO  b.c.c.n.NettyClientServerCommunicationSystemServerSide - Active clients=17
2020-11-19 15:45:40.418 [nioEventLoopGroup-3-8] INFO  b.c.c.n.NettyClientServerCommunicationSystemServerSide - Removing client channel with ID= 14
2020-11-19 15:45:40.418 [nioEventLoopGroup-3-8] INFO  b.c.c.n.NettyClientServerCommunicationSystemServerSide - Active clients=16
2020-11-19 15:45:40.418 [nioEventLoopGroup-3-6] INFO  b.c.c.n.NettyClientServerCommunicationSystemServerSide - Removing client channel with ID= 58
2020-11-19 15:45:40.418 [nioEventLoopGroup-3-6] INFO  b.c.c.n.NettyClientServerCommunicationSystemServerSide - Active clients=15
2020-11-19 15:45:40.419 [nioEventLoopGroup-3-6] INFO  b.c.c.n.NettyClientServerCommunicationSystemServerSide - Removing client channel with ID= 60
2020-11-19 15:45:40.419 [nioEventLoopGroup-3-6] INFO  b.c.c.n.NettyClientServerCommunicationSystemServerSide - Active clients=14
2020-11-19 15:45:40.419 [nioEventLoopGroup-3-6] INFO  b.c.c.n.NettyClientServerCommunicationSystemServerSide - Removing client channel with ID= 49
2020-11-19 15:45:40.419 [nioEventLoopGroup-3-6] INFO  b.c.c.n.NettyClientServerCommunicationSystemServerSide - Active clients=13
2020-11-19 15:45:40.419 [nioEventLoopGroup-3-6] INFO  b.c.c.n.NettyClientServerCommunicationSystemServerSide - Removing client channel with ID= 3
2020-11-19 15:45:40.419 [nioEventLoopGroup-3-6] INFO  b.c.c.n.NettyClientServerCommunicationSystemServerSide - Active clients=12
2020-11-19 15:45:40.419 [nioEventLoopGroup-3-6] INFO  b.c.c.n.NettyClientServerCommunicationSystemServerSide - Removing client channel with ID= 42
2020-11-19 15:45:40.419 [nioEventLoopGroup-3-6] INFO  b.c.c.n.NettyClientServerCommunicationSystemServerSide - Active clients=11
2020-11-19 15:45:40.419 [nioEventLoopGroup-3-6] INFO  b.c.c.n.NettyClientServerCommunicationSystemServerSide - Removing client channel with ID= 29
2020-11-19 15:45:40.419 [nioEventLoopGroup-3-6] INFO  b.c.c.n.NettyClientServerCommunicationSystemServerSide - Active clients=10
2020-11-19 15:45:40.419 [nioEventLoopGroup-3-7] INFO  b.c.c.n.NettyClientServerCommunicationSystemServerSide - Removing client channel with ID= 21
2020-11-19 15:45:40.419 [nioEventLoopGroup-3-7] INFO  b.c.c.n.NettyClientServerCommunicationSystemServerSide - Active clients=9
2020-11-19 15:45:40.419 [nioEventLoopGroup-3-2] INFO  b.c.c.n.NettyClientServerCommunicationSystemServerSide - Removing client channel with ID= 41
2020-11-19 15:45:40.419 [nioEventLoopGroup-3-2] INFO  b.c.c.n.NettyClientServerCommunicationSystemServerSide - Active clients=8
2020-11-19 15:45:40.419 [nioEventLoopGroup-3-2] INFO  b.c.c.n.NettyClientServerCommunicationSystemServerSide - Removing client channel with ID= 15
2020-11-19 15:45:40.419 [nioEventLoopGroup-3-2] INFO  b.c.c.n.NettyClientServerCommunicationSystemServerSide - Active clients=7
2020-11-19 15:45:40.419 [nioEventLoopGroup-3-7] INFO  b.c.c.n.NettyClientServerCommunicationSystemServerSide - Removing client channel with ID= 43
2020-11-19 15:45:40.419 [nioEventLoopGroup-3-7] INFO  b.c.c.n.NettyClientServerCommunicationSystemServerSide - Active clients=6
2020-11-19 15:45:40.419 [nioEventLoopGroup-3-2] INFO  b.c.c.n.NettyClientServerCommunicationSystemServerSide - Removing client channel with ID= 40
2020-11-19 15:45:40.419 [nioEventLoopGroup-3-2] INFO  b.c.c.n.NettyClientServerCommunicationSystemServerSide - Active clients=5
2020-11-19 15:45:40.419 [nioEventLoopGroup-3-7] INFO  b.c.c.n.NettyClientServerCommunicationSystemServerSide - Removing client channel with ID= 17
2020-11-19 15:45:40.419 [nioEventLoopGroup-3-7] INFO  b.c.c.n.NettyClientServerCommunicationSystemServerSide - Active clients=4
2020-11-19 15:45:40.420 [nioEventLoopGroup-3-7] INFO  b.c.c.n.NettyClientServerCommunicationSystemServerSide - Removing client channel with ID= 9
2020-11-19 15:45:40.420 [nioEventLoopGroup-3-7] INFO  b.c.c.n.NettyClientServerCommunicationSystemServerSide - Active clients=3
2020-11-19 15:45:40.420 [nioEventLoopGroup-3-7] INFO  b.c.c.n.NettyClientServerCommunicationSystemServerSide - Removing client channel with ID= 50
2020-11-19 15:45:40.420 [nioEventLoopGroup-3-7] INFO  b.c.c.n.NettyClientServerCommunicationSystemServerSide - Active clients=2
2020-11-19 15:45:40.420 [nioEventLoopGroup-3-7] INFO  b.c.c.n.NettyClientServerCommunicationSystemServerSide - Removing client channel with ID= 56
2020-11-19 15:45:40.420 [nioEventLoopGroup-3-7] INFO  b.c.c.n.NettyClientServerCommunicationSystemServerSide - Active clients=1
2020-11-19 15:45:40.420 [nioEventLoopGroup-3-7] INFO  b.c.c.n.NettyClientServerCommunicationSystemServerSide - Removing client channel with ID= 32
2020-11-19 15:45:40.420 [nioEventLoopGroup-3-7] INFO  b.c.c.n.NettyClientServerCommunicationSystemServerSide - Active clients=0
2020-11-19 15:45:57.412 [nioEventLoopGroup-3-1] INFO  b.c.c.n.NettyClientServerCommunicationSystemServerSide - Session Created, active clients=0
2020-11-19 15:45:57.417 [nioEventLoopGroup-3-2] INFO  b.c.c.n.NettyClientServerCommunicationSystemServerSide - Session Created, active clients=0
2020-11-19 15:45:57.417 [nioEventLoopGroup-3-4] INFO  b.c.c.n.NettyClientServerCommunicationSystemServerSide - Session Created, active clients=0
2020-11-19 15:45:57.417 [nioEventLoopGroup-3-3] INFO  b.c.c.n.NettyClientServerCommunicationSystemServerSide - Session Created, active clients=0
2020-11-19 15:45:57.418 [nioEventLoopGroup-3-5] INFO  b.c.c.n.NettyClientServerCommunicationSystemServerSide - Session Created, active clients=0
2020-11-19 15:45:57.435 [nioEventLoopGroup-3-6] INFO  b.c.c.n.NettyClientServerCommunicationSystemServerSide - Session Created, active clients=0
2020-11-19 15:45:57.437 [nioEventLoopGroup-3-7] INFO  b.c.c.n.NettyClientServerCommunicationSystemServerSide - Session Created, active clients=0
2020-11-19 15:45:57.447 [nioEventLoopGroup-3-8] INFO  b.c.c.n.NettyClientServerCommunicationSystemServerSide - Session Created, active clients=0
2020-11-19 15:45:57.449 [nioEventLoopGroup-3-1] INFO  b.c.c.n.NettyClientServerCommunicationSystemServerSide - Session Created, active clients=0
2020-11-19 15:45:57.451 [nioEventLoopGroup-3-2] INFO  b.c.c.n.NettyClientServerCommunicationSystemServerSide - Session Created, active clients=0
2020-11-19 15:45:57.451 [nioEventLoopGroup-3-3] INFO  b.c.c.n.NettyClientServerCommunicationSystemServerSide - Session Created, active clients=0
2020-11-19 15:45:57.456 [nioEventLoopGroup-3-4] INFO  b.c.c.n.NettyClientServerCommunicationSystemServerSide - Session Created, active clients=0
2020-11-19 15:45:57.460 [nioEventLoopGroup-3-5] INFO  b.c.c.n.NettyClientServerCommunicationSystemServerSide - Session Created, active clients=0
2020-11-19 15:45:57.463 [nioEventLoopGroup-3-6] INFO  b.c.c.n.NettyClientServerCommunicationSystemServerSide - Session Created, active clients=0
2020-11-19 15:45:57.466 [nioEventLoopGroup-3-7] INFO  b.c.c.n.NettyClientServerCommunicationSystemServerSide - Session Created, active clients=0
2020-11-19 15:45:57.471 [nioEventLoopGroup-3-8] INFO  b.c.c.n.NettyClientServerCommunicationSystemServerSide - Session Created, active clients=0
2020-11-19 15:45:57.471 [nioEventLoopGroup-3-1] INFO  b.c.c.n.NettyClientServerCommunicationSystemServerSide - Session Created, active clients=0
2020-11-19 15:45:57.474 [nioEventLoopGroup-3-2] INFO  b.c.c.n.NettyClientServerCommunicationSystemServerSide - Session Created, active clients=0
2020-11-19 15:45:57.487 [nioEventLoopGroup-3-3] INFO  b.c.c.n.NettyClientServerCommunicationSystemServerSide - Session Created, active clients=0
2020-11-19 15:45:57.488 [nioEventLoopGroup-3-4] INFO  b.c.c.n.NettyClientServerCommunicationSystemServerSide - Session Created, active clients=0
2020-11-19 15:45:57.489 [nioEventLoopGroup-3-5] INFO  b.c.c.n.NettyClientServerCommunicationSystemServerSide - Session Created, active clients=0
2020-11-19 15:45:57.490 [nioEventLoopGroup-3-6] INFO  b.c.c.n.NettyClientServerCommunicationSystemServerSide - Session Created, active clients=0
2020-11-19 15:45:57.490 [nioEventLoopGroup-3-7] INFO  b.c.c.n.NettyClientServerCommunicationSystemServerSide - Session Created, active clients=0
2020-11-19 15:45:57.492 [nioEventLoopGroup-3-8] INFO  b.c.c.n.NettyClientServerCommunicationSystemServerSide - Session Created, active clients=0
2020-11-19 15:45:57.493 [nioEventLoopGroup-3-1] INFO  b.c.c.n.NettyClientServerCommunicationSystemServerSide - Session Created, active clients=0
2020-11-19 15:45:57.494 [nioEventLoopGroup-3-2] INFO  b.c.c.n.NettyClientServerCommunicationSystemServerSide - Session Created, active clients=0
2020-11-19 15:45:57.494 [nioEventLoopGroup-3-3] INFO  b.c.c.n.NettyClientServerCommunicationSystemServerSide - Session Created, active clients=0
2020-11-19 15:45:57.495 [nioEventLoopGroup-3-4] INFO  b.c.c.n.NettyClientServerCommunicationSystemServerSide - Session Created, active clients=0
2020-11-19 15:45:57.496 [nioEventLoopGroup-3-5] INFO  b.c.c.n.NettyClientServerCommunicationSystemServerSide - Session Created, active clients=0
2020-11-19 15:45:57.497 [nioEventLoopGroup-3-6] INFO  b.c.c.n.NettyClientServerCommunicationSystemServerSide - Session Created, active clients=0
2020-11-19 15:45:57.498 [nioEventLoopGroup-3-7] INFO  b.c.c.n.NettyClientServerCommunicationSystemServerSide - Session Created, active clients=0
2020-11-19 15:45:57.498 [nioEventLoopGroup-3-8] INFO  b.c.c.n.NettyClientServerCommunicationSystemServerSide - Session Created, active clients=0
2020-11-19 15:45:57.499 [nioEventLoopGroup-3-1] INFO  b.c.c.n.NettyClientServerCommunicationSystemServerSide - Session Created, active clients=0
2020-11-19 15:45:57.499 [nioEventLoopGroup-3-2] INFO  b.c.c.n.NettyClientServerCommunicationSystemServerSide - Session Created, active clients=0
2020-11-19 15:45:57.500 [nioEventLoopGroup-3-3] INFO  b.c.c.n.NettyClientServerCommunicationSystemServerSide - Session Created, active clients=0
2020-11-19 15:45:57.501 [nioEventLoopGroup-3-4] INFO  b.c.c.n.NettyClientServerCommunicationSystemServerSide - Session Created, active clients=0
2020-11-19 15:45:57.501 [nioEventLoopGroup-3-5] INFO  b.c.c.n.NettyClientServerCommunicationSystemServerSide - Session Created, active clients=0
2020-11-19 15:45:57.502 [nioEventLoopGroup-3-6] INFO  b.c.c.n.NettyClientServerCommunicationSystemServerSide - Session Created, active clients=0
2020-11-19 15:45:57.502 [nioEventLoopGroup-3-7] INFO  b.c.c.n.NettyClientServerCommunicationSystemServerSide - Session Created, active clients=0
2020-11-19 15:45:57.565 [nioEventLoopGroup-3-8] INFO  b.c.c.n.NettyClientServerCommunicationSystemServerSide - Session Created, active clients=0
2020-11-19 15:45:57.565 [nioEventLoopGroup-3-1] INFO  b.c.c.n.NettyClientServerCommunicationSystemServerSide - Session Created, active clients=0
2020-11-19 15:45:57.565 [nioEventLoopGroup-3-2] INFO  b.c.c.n.NettyClientServerCommunicationSystemServerSide - Session Created, active clients=0
2020-11-19 15:45:57.567 [nioEventLoopGroup-3-3] INFO  b.c.c.n.NettyClientServerCommunicationSystemServerSide - Session Created, active clients=0
2020-11-19 15:45:57.568 [nioEventLoopGroup-3-4] INFO  b.c.c.n.NettyClientServerCommunicationSystemServerSide - Session Created, active clients=0
2020-11-19 15:45:57.569 [nioEventLoopGroup-3-5] INFO  b.c.c.n.NettyClientServerCommunicationSystemServerSide - Session Created, active clients=0
2020-11-19 15:45:57.569 [nioEventLoopGroup-3-6] INFO  b.c.c.n.NettyClientServerCommunicationSystemServerSide - Session Created, active clients=0
2020-11-19 15:45:57.571 [nioEventLoopGroup-3-7] INFO  b.c.c.n.NettyClientServerCommunicationSystemServerSide - Session Created, active clients=0
2020-11-19 15:45:57.575 [nioEventLoopGroup-3-8] INFO  b.c.c.n.NettyClientServerCommunicationSystemServerSide - Session Created, active clients=0
2020-11-19 15:45:57.576 [nioEventLoopGroup-3-1] INFO  b.c.c.n.NettyClientServerCommunicationSystemServerSide - Session Created, active clients=0
2020-11-19 15:45:57.577 [nioEventLoopGroup-3-2] INFO  b.c.c.n.NettyClientServerCommunicationSystemServerSide - Session Created, active clients=0
2020-11-19 15:45:57.578 [nioEventLoopGroup-3-3] INFO  b.c.c.n.NettyClientServerCommunicationSystemServerSide - Session Created, active clients=0
2020-11-19 15:45:57.607 [nioEventLoopGroup-3-4] INFO  b.c.c.n.NettyClientServerCommunicationSystemServerSide - Session Created, active clients=0
2020-11-19 15:45:57.608 [nioEventLoopGroup-3-5] INFO  b.c.c.n.NettyClientServerCommunicationSystemServerSide - Session Created, active clients=0
2020-11-19 15:45:57.608 [nioEventLoopGroup-3-6] INFO  b.c.c.n.NettyClientServerCommunicationSystemServerSide - Session Created, active clients=0
2020-11-19 15:45:57.609 [nioEventLoopGroup-3-7] INFO  b.c.c.n.NettyClientServerCommunicationSystemServerSide - Session Created, active clients=0
2020-11-19 15:45:57.610 [nioEventLoopGroup-3-8] INFO  b.c.c.n.NettyClientServerCommunicationSystemServerSide - Session Created, active clients=0
2020-11-19 15:45:57.610 [nioEventLoopGroup-3-1] INFO  b.c.c.n.NettyClientServerCommunicationSystemServerSide - Session Created, active clients=0
2020-11-19 15:45:57.611 [nioEventLoopGroup-3-2] INFO  b.c.c.n.NettyClientServerCommunicationSystemServerSide - Session Created, active clients=0
2020-11-19 15:45:57.612 [nioEventLoopGroup-3-3] INFO  b.c.c.n.NettyClientServerCommunicationSystemServerSide - Session Created, active clients=0
2020-11-19 15:45:57.612 [nioEventLoopGroup-3-4] INFO  b.c.c.n.NettyClientServerCommunicationSystemServerSide - Session Created, active clients=0
2020-11-19 15:45:57.613 [nioEventLoopGroup-3-5] INFO  b.c.c.n.NettyClientServerCommunicationSystemServerSide - Session Created, active clients=0
2020-11-19 15:45:57.614 [nioEventLoopGroup-3-6] INFO  b.c.c.n.NettyClientServerCommunicationSystemServerSide - Session Created, active clients=0
2020-11-19 15:45:57.615 [nioEventLoopGroup-3-7] INFO  b.c.c.n.NettyClientServerCommunicationSystemServerSide - Session Created, active clients=0
2020-11-19 15:45:57.615 [nioEventLoopGroup-3-8] INFO  b.c.c.n.NettyClientServerCommunicationSystemServerSide - Session Created, active clients=0
2020-11-19 15:46:36.777 [Checkpoint-Thread] INFO  s.a.s.CheckpointController$Async - Starting replica checkpoint at CID(300000)
2020-11-19 15:47:24.762 [Checkpoint-Thread] INFO  s.app.server.Checkpoint$Writer - Saved a checkpoint of 5903MB
2020-11-19 15:47:24.762 [Checkpoint-Thread] INFO  s.a.s.CheckpointController$Async - Checkpoint created after 47s
2020-11-19 15:51:25.799 [Checkpoint-Thread] INFO  s.a.s.CheckpointController$Async - Starting replica checkpoint at CID(400000)
2020-11-19 15:52:13.557 [Checkpoint-Thread] INFO  s.app.server.Checkpoint$Writer - Saved a checkpoint of 5903MB
2020-11-19 15:52:13.557 [Checkpoint-Thread] INFO  s.a.s.CheckpointController$Async - Checkpoint created after 47s
2020-11-19 15:56:02.184 [Checkpoint-Thread] INFO  s.a.s.CheckpointController$Async - Starting replica checkpoint at CID(500000)
2020-11-19 15:56:51.945 [Checkpoint-Thread] INFO  s.app.server.Checkpoint$Writer - Saved a checkpoint of 5903MB
2020-11-19 15:56:51.945 [Checkpoint-Thread] INFO  s.a.s.CheckpointController$Async - Checkpoint created after 49s
2020-11-19 16:00:45.573 [Checkpoint-Thread] INFO  s.a.s.CheckpointController$Async - Starting replica checkpoint at CID(600000)
2020-11-19 16:01:36.041 [Checkpoint-Thread] INFO  s.app.server.Checkpoint$Writer - Saved a checkpoint of 5903MB
2020-11-19 16:01:36.042 [Checkpoint-Thread] INFO  s.a.s.CheckpointController$Async - Checkpoint created after 50s
2020-11-19 16:05:30.052 [Checkpoint-Thread] INFO  s.a.s.CheckpointController$Async - Starting replica checkpoint at CID(700000)
2020-11-19 16:06:20.171 [Checkpoint-Thread] INFO  s.app.server.Checkpoint$Writer - Saved a checkpoint of 5903MB
2020-11-19 16:06:20.172 [Checkpoint-Thread] INFO  s.a.s.CheckpointController$Async - Checkpoint created after 50s
2020-11-19 16:09:58.271 [Checkpoint-Thread] INFO  s.a.s.CheckpointController$Async - Starting replica checkpoint at CID(800000)
2020-11-19 16:10:48.565 [Checkpoint-Thread] INFO  s.app.server.Checkpoint$Writer - Saved a checkpoint of 5903MB
2020-11-19 16:10:48.565 [Checkpoint-Thread] INFO  s.a.s.CheckpointController$Async - Checkpoint created after 50s
2020-11-19 16:14:48.884 [Checkpoint-Thread] INFO  s.a.s.CheckpointController$Async - Starting replica checkpoint at CID(900000)
2020-11-19 16:15:38.673 [Checkpoint-Thread] INFO  s.app.server.Checkpoint$Writer - Saved a checkpoint of 5903MB
2020-11-19 16:15:38.673 [Checkpoint-Thread] INFO  s.a.s.CheckpointController$Async - Checkpoint created after 49s
2020-11-19 16:19:35.049 [Checkpoint-Thread] INFO  s.a.s.CheckpointController$Async - Starting replica checkpoint at CID(1000000)
2020-11-19 16:20:24.806 [Checkpoint-Thread] INFO  s.app.server.Checkpoint$Writer - Saved a checkpoint of 5903MB
2020-11-19 16:20:24.806 [Checkpoint-Thread] INFO  s.a.s.CheckpointController$Async - Checkpoint created after 49s
2020-11-19 16:21:57.882 [nioEventLoopGroup-3-2] INFO  b.c.c.n.NettyClientServerCommunicationSystemServerSide - Removing client channel with ID= 36
2020-11-19 16:21:57.882 [nioEventLoopGroup-3-2] INFO  b.c.c.n.NettyClientServerCommunicationSystemServerSide - Active clients=63
2020-11-19 16:21:57.882 [nioEventLoopGroup-3-4] INFO  b.c.c.n.NettyClientServerCommunicationSystemServerSide - Removing client channel with ID= 14
2020-11-19 16:21:57.883 [nioEventLoopGroup-3-4] INFO  b.c.c.n.NettyClientServerCommunicationSystemServerSide - Active clients=62
2020-11-19 16:21:57.883 [nioEventLoopGroup-3-5] INFO  b.c.c.n.NettyClientServerCommunicationSystemServerSide - Removing client channel with ID= 47
2020-11-19 16:21:57.883 [nioEventLoopGroup-3-5] INFO  b.c.c.n.NettyClientServerCommunicationSystemServerSide - Active clients=61
2020-11-19 16:21:57.883 [nioEventLoopGroup-3-6] INFO  b.c.c.n.NettyClientServerCommunicationSystemServerSide - Removing client channel with ID= 43
2020-11-19 16:21:57.883 [nioEventLoopGroup-3-6] INFO  b.c.c.n.NettyClientServerCommunicationSystemServerSide - Active clients=60
2020-11-19 16:21:57.883 [nioEventLoopGroup-3-3] INFO  b.c.c.n.NettyClientServerCommunicationSystemServerSide - Removing client channel with ID= 62
2020-11-19 16:21:57.883 [nioEventLoopGroup-3-3] INFO  b.c.c.n.NettyClientServerCommunicationSystemServerSide - Active clients=59
2020-11-19 16:21:57.883 [nioEventLoopGroup-3-1] INFO  b.c.c.n.NettyClientServerCommunicationSystemServerSide - Removing client channel with ID= 20
2020-11-19 16:21:57.883 [nioEventLoopGroup-3-1] INFO  b.c.c.n.NettyClientServerCommunicationSystemServerSide - Active clients=58
2020-11-19 16:21:57.883 [nioEventLoopGroup-3-5] INFO  b.c.c.n.NettyClientServerCommunicationSystemServerSide - Removing client channel with ID= 48
2020-11-19 16:21:57.883 [nioEventLoopGroup-3-5] INFO  b.c.c.n.NettyClientServerCommunicationSystemServerSide - Active clients=57
2020-11-19 16:21:57.884 [nioEventLoopGroup-3-7] INFO  b.c.c.n.NettyClientServerCommunicationSystemServerSide - Removing client channel with ID= 29
2020-11-19 16:21:57.884 [nioEventLoopGroup-3-7] INFO  b.c.c.n.NettyClientServerCommunicationSystemServerSide - Active clients=56
2020-11-19 16:21:57.884 [nioEventLoopGroup-3-8] INFO  b.c.c.n.NettyClientServerCommunicationSystemServerSide - Removing client channel with ID= 8
2020-11-19 16:21:57.884 [nioEventLoopGroup-3-8] INFO  b.c.c.n.NettyClientServerCommunicationSystemServerSide - Active clients=55
2020-11-19 16:21:57.884 [nioEventLoopGroup-3-7] INFO  b.c.c.n.NettyClientServerCommunicationSystemServerSide - Removing client channel with ID= 27
2020-11-19 16:21:57.884 [nioEventLoopGroup-3-7] INFO  b.c.c.n.NettyClientServerCommunicationSystemServerSide - Active clients=54
2020-11-19 16:21:57.884 [nioEventLoopGroup-3-7] INFO  b.c.c.n.NettyClientServerCommunicationSystemServerSide - Removing client channel with ID= 4
2020-11-19 16:21:57.884 [nioEventLoopGroup-3-7] INFO  b.c.c.n.NettyClientServerCommunicationSystemServerSide - Active clients=53
2020-11-19 16:21:57.884 [nioEventLoopGroup-3-7] INFO  b.c.c.n.NettyClientServerCommunicationSystemServerSide - Removing client channel with ID= 3
2020-11-19 16:21:57.884 [nioEventLoopGroup-3-7] INFO  b.c.c.n.NettyClientServerCommunicationSystemServerSide - Active clients=52
2020-11-19 16:21:57.884 [nioEventLoopGroup-3-7] INFO  b.c.c.n.NettyClientServerCommunicationSystemServerSide - Removing client channel with ID= 61
2020-11-19 16:21:57.884 [nioEventLoopGroup-3-7] INFO  b.c.c.n.NettyClientServerCommunicationSystemServerSide - Active clients=51
2020-11-19 16:21:57.884 [nioEventLoopGroup-3-5] INFO  b.c.c.n.NettyClientServerCommunicationSystemServerSide - Removing client channel with ID= 37
2020-11-19 16:21:57.884 [nioEventLoopGroup-3-5] INFO  b.c.c.n.NettyClientServerCommunicationSystemServerSide - Active clients=50
2020-11-19 16:21:57.884 [nioEventLoopGroup-3-7] INFO  b.c.c.n.NettyClientServerCommunicationSystemServerSide - Removing client channel with ID= 31
2020-11-19 16:21:57.884 [nioEventLoopGroup-3-7] INFO  b.c.c.n.NettyClientServerCommunicationSystemServerSide - Active clients=49
2020-11-19 16:21:57.885 [nioEventLoopGroup-3-4] INFO  b.c.c.n.NettyClientServerCommunicationSystemServerSide - Removing client channel with ID= 35
2020-11-19 16:21:57.885 [nioEventLoopGroup-3-4] INFO  b.c.c.n.NettyClientServerCommunicationSystemServerSide - Active clients=48
2020-11-19 16:21:57.885 [nioEventLoopGroup-3-4] INFO  b.c.c.n.NettyClientServerCommunicationSystemServerSide - Removing client channel with ID= 10
2020-11-19 16:21:57.885 [nioEventLoopGroup-3-4] INFO  b.c.c.n.NettyClientServerCommunicationSystemServerSide - Active clients=47
2020-11-19 16:21:57.885 [nioEventLoopGroup-3-4] INFO  b.c.c.n.NettyClientServerCommunicationSystemServerSide - Removing client channel with ID= 12
2020-11-19 16:21:57.885 [nioEventLoopGroup-3-4] INFO  b.c.c.n.NettyClientServerCommunicationSystemServerSide - Active clients=46
2020-11-19 16:21:57.885 [nioEventLoopGroup-3-4] INFO  b.c.c.n.NettyClientServerCommunicationSystemServerSide - Removing client channel with ID= 7
2020-11-19 16:21:57.885 [nioEventLoopGroup-3-4] INFO  b.c.c.n.NettyClientServerCommunicationSystemServerSide - Active clients=45
2020-11-19 16:21:57.885 [nioEventLoopGroup-3-4] INFO  b.c.c.n.NettyClientServerCommunicationSystemServerSide - Removing client channel with ID= 9
2020-11-19 16:21:57.885 [nioEventLoopGroup-3-4] INFO  b.c.c.n.NettyClientServerCommunicationSystemServerSide - Active clients=44
2020-11-19 16:21:57.885 [nioEventLoopGroup-3-4] INFO  b.c.c.n.NettyClientServerCommunicationSystemServerSide - Removing client channel with ID= 26
2020-11-19 16:21:57.885 [nioEventLoopGroup-3-4] INFO  b.c.c.n.NettyClientServerCommunicationSystemServerSide - Active clients=43
2020-11-19 16:21:57.885 [nioEventLoopGroup-3-4] INFO  b.c.c.n.NettyClientServerCommunicationSystemServerSide - Removing client channel with ID= 22
2020-11-19 16:21:57.885 [nioEventLoopGroup-3-4] INFO  b.c.c.n.NettyClientServerCommunicationSystemServerSide - Active clients=42
2020-11-19 16:21:57.886 [nioEventLoopGroup-3-5] INFO  b.c.c.n.NettyClientServerCommunicationSystemServerSide - Removing client channel with ID= 25
2020-11-19 16:21:57.886 [nioEventLoopGroup-3-5] INFO  b.c.c.n.NettyClientServerCommunicationSystemServerSide - Active clients=41
2020-11-19 16:21:57.886 [nioEventLoopGroup-3-5] INFO  b.c.c.n.NettyClientServerCommunicationSystemServerSide - Removing client channel with ID= 42
2020-11-19 16:21:57.886 [nioEventLoopGroup-3-5] INFO  b.c.c.n.NettyClientServerCommunicationSystemServerSide - Active clients=40
2020-11-19 16:21:57.886 [nioEventLoopGroup-3-5] INFO  b.c.c.n.NettyClientServerCommunicationSystemServerSide - Removing client channel with ID= 30
2020-11-19 16:21:57.886 [nioEventLoopGroup-3-5] INFO  b.c.c.n.NettyClientServerCommunicationSystemServerSide - Active clients=39
2020-11-19 16:21:57.886 [nioEventLoopGroup-3-5] INFO  b.c.c.n.NettyClientServerCommunicationSystemServerSide - Removing client channel with ID= 39
2020-11-19 16:21:57.886 [nioEventLoopGroup-3-5] INFO  b.c.c.n.NettyClientServerCommunicationSystemServerSide - Active clients=38
2020-11-19 16:21:57.886 [nioEventLoopGroup-3-5] INFO  b.c.c.n.NettyClientServerCommunicationSystemServerSide - Removing client channel with ID= 5
2020-11-19 16:21:57.886 [nioEventLoopGroup-3-5] INFO  b.c.c.n.NettyClientServerCommunicationSystemServerSide - Active clients=37
2020-11-19 16:21:57.886 [nioEventLoopGroup-3-7] INFO  b.c.c.n.NettyClientServerCommunicationSystemServerSide - Removing client channel with ID= 50
2020-11-19 16:21:57.886 [nioEventLoopGroup-3-7] INFO  b.c.c.n.NettyClientServerCommunicationSystemServerSide - Active clients=36
2020-11-19 16:21:57.886 [nioEventLoopGroup-3-6] INFO  b.c.c.n.NettyClientServerCommunicationSystemServerSide - Removing client channel with ID= 18
2020-11-19 16:21:57.886 [nioEventLoopGroup-3-6] INFO  b.c.c.n.NettyClientServerCommunicationSystemServerSide - Active clients=35
2020-11-19 16:21:57.886 [nioEventLoopGroup-3-6] INFO  b.c.c.n.NettyClientServerCommunicationSystemServerSide - Removing client channel with ID= 46
2020-11-19 16:21:57.886 [nioEventLoopGroup-3-6] INFO  b.c.c.n.NettyClientServerCommunicationSystemServerSide - Active clients=34
2020-11-19 16:21:57.886 [nioEventLoopGroup-3-1] INFO  b.c.c.n.NettyClientServerCommunicationSystemServerSide - Removing client channel with ID= 11
2020-11-19 16:21:57.886 [nioEventLoopGroup-3-1] INFO  b.c.c.n.NettyClientServerCommunicationSystemServerSide - Active clients=33
2020-11-19 16:21:57.886 [nioEventLoopGroup-3-1] INFO  b.c.c.n.NettyClientServerCommunicationSystemServerSide - Removing client channel with ID= 58
2020-11-19 16:21:57.886 [nioEventLoopGroup-3-1] INFO  b.c.c.n.NettyClientServerCommunicationSystemServerSide - Active clients=32
2020-11-19 16:21:57.887 [nioEventLoopGroup-3-1] INFO  b.c.c.n.NettyClientServerCommunicationSystemServerSide - Removing client channel with ID= 28
2020-11-19 16:21:57.887 [nioEventLoopGroup-3-1] INFO  b.c.c.n.NettyClientServerCommunicationSystemServerSide - Active clients=31
2020-11-19 16:21:57.887 [nioEventLoopGroup-3-1] INFO  b.c.c.n.NettyClientServerCommunicationSystemServerSide - Removing client channel with ID= 16
2020-11-19 16:21:57.887 [nioEventLoopGroup-3-1] INFO  b.c.c.n.NettyClientServerCommunicationSystemServerSide - Active clients=30
2020-11-19 16:21:57.887 [nioEventLoopGroup-3-1] INFO  b.c.c.n.NettyClientServerCommunicationSystemServerSide - Removing client channel with ID= 40
2020-11-19 16:21:57.887 [nioEventLoopGroup-3-1] INFO  b.c.c.n.NettyClientServerCommunicationSystemServerSide - Active clients=29
2020-11-19 16:21:57.887 [nioEventLoopGroup-3-1] INFO  b.c.c.n.NettyClientServerCommunicationSystemServerSide - Removing client channel with ID= 21
2020-11-19 16:21:57.887 [nioEventLoopGroup-3-1] INFO  b.c.c.n.NettyClientServerCommunicationSystemServerSide - Active clients=28
2020-11-19 16:21:57.887 [nioEventLoopGroup-3-1] INFO  b.c.c.n.NettyClientServerCommunicationSystemServerSide - Removing client channel with ID= 38
2020-11-19 16:21:57.887 [nioEventLoopGroup-3-1] INFO  b.c.c.n.NettyClientServerCommunicationSystemServerSide - Active clients=27
2020-11-19 16:21:57.887 [nioEventLoopGroup-3-6] INFO  b.c.c.n.NettyClientServerCommunicationSystemServerSide - Removing client channel with ID= 59
2020-11-19 16:21:57.887 [nioEventLoopGroup-3-6] INFO  b.c.c.n.NettyClientServerCommunicationSystemServerSide - Active clients=26
2020-11-19 16:21:57.887 [nioEventLoopGroup-3-6] INFO  b.c.c.n.NettyClientServerCommunicationSystemServerSide - Removing client channel with ID= 2
2020-11-19 16:21:57.887 [nioEventLoopGroup-3-6] INFO  b.c.c.n.NettyClientServerCommunicationSystemServerSide - Active clients=25
2020-11-19 16:21:57.887 [nioEventLoopGroup-3-6] INFO  b.c.c.n.NettyClientServerCommunicationSystemServerSide - Removing client channel with ID= 56
2020-11-19 16:21:57.887 [nioEventLoopGroup-3-6] INFO  b.c.c.n.NettyClientServerCommunicationSystemServerSide - Active clients=24
2020-11-19 16:21:57.887 [nioEventLoopGroup-3-6] INFO  b.c.c.n.NettyClientServerCommunicationSystemServerSide - Removing client channel with ID= 17
2020-11-19 16:21:57.887 [nioEventLoopGroup-3-6] INFO  b.c.c.n.NettyClientServerCommunicationSystemServerSide - Active clients=23
2020-11-19 16:21:57.887 [nioEventLoopGroup-3-6] INFO  b.c.c.n.NettyClientServerCommunicationSystemServerSide - Removing client channel with ID= 45
2020-11-19 16:21:57.887 [nioEventLoopGroup-3-6] INFO  b.c.c.n.NettyClientServerCommunicationSystemServerSide - Active clients=22
2020-11-19 16:21:57.888 [nioEventLoopGroup-3-8] INFO  b.c.c.n.NettyClientServerCommunicationSystemServerSide - Removing client channel with ID= 24
2020-11-19 16:21:57.888 [nioEventLoopGroup-3-8] INFO  b.c.c.n.NettyClientServerCommunicationSystemServerSide - Active clients=21
2020-11-19 16:21:57.888 [nioEventLoopGroup-3-8] INFO  b.c.c.n.NettyClientServerCommunicationSystemServerSide - Removing client channel with ID= 34
2020-11-19 16:21:57.888 [nioEventLoopGroup-3-8] INFO  b.c.c.n.NettyClientServerCommunicationSystemServerSide - Active clients=20
2020-11-19 16:21:57.888 [nioEventLoopGroup-3-8] INFO  b.c.c.n.NettyClientServerCommunicationSystemServerSide - Removing client channel with ID= 33
2020-11-19 16:21:57.888 [nioEventLoopGroup-3-8] INFO  b.c.c.n.NettyClientServerCommunicationSystemServerSide - Active clients=19
2020-11-19 16:21:57.888 [nioEventLoopGroup-3-8] INFO  b.c.c.n.NettyClientServerCommunicationSystemServerSide - Removing client channel with ID= 32
2020-11-19 16:21:57.888 [nioEventLoopGroup-3-8] INFO  b.c.c.n.NettyClientServerCommunicationSystemServerSide - Active clients=18
2020-11-19 16:21:57.888 [nioEventLoopGroup-3-8] INFO  b.c.c.n.NettyClientServerCommunicationSystemServerSide - Removing client channel with ID= 13
2020-11-19 16:21:57.888 [nioEventLoopGroup-3-8] INFO  b.c.c.n.NettyClientServerCommunicationSystemServerSide - Active clients=17
2020-11-19 16:21:57.888 [nioEventLoopGroup-3-8] INFO  b.c.c.n.NettyClientServerCommunicationSystemServerSide - Removing client channel with ID= 41
2020-11-19 16:21:57.888 [nioEventLoopGroup-3-8] INFO  b.c.c.n.NettyClientServerCommunicationSystemServerSide - Active clients=16
2020-11-19 16:21:57.888 [nioEventLoopGroup-3-8] INFO  b.c.c.n.NettyClientServerCommunicationSystemServerSide - Removing client channel with ID= 52
2020-11-19 16:21:57.888 [nioEventLoopGroup-3-8] INFO  b.c.c.n.NettyClientServerCommunicationSystemServerSide - Active clients=15
2020-11-19 16:21:57.888 [nioEventLoopGroup-3-7] INFO  b.c.c.n.NettyClientServerCommunicationSystemServerSide - Removing client channel with ID= 63
2020-11-19 16:21:57.888 [nioEventLoopGroup-3-7] INFO  b.c.c.n.NettyClientServerCommunicationSystemServerSide - Active clients=14
2020-11-19 16:21:57.888 [nioEventLoopGroup-3-3] INFO  b.c.c.n.NettyClientServerCommunicationSystemServerSide - Removing client channel with ID= 0
2020-11-19 16:21:57.888 [nioEventLoopGroup-3-3] INFO  b.c.c.n.NettyClientServerCommunicationSystemServerSide - Active clients=13
2020-11-19 16:21:57.888 [nioEventLoopGroup-3-2] INFO  b.c.c.n.NettyClientServerCommunicationSystemServerSide - Removing client channel with ID= 54
2020-11-19 16:21:57.888 [nioEventLoopGroup-3-2] INFO  b.c.c.n.NettyClientServerCommunicationSystemServerSide - Active clients=12
2020-11-19 16:21:57.888 [nioEventLoopGroup-3-3] INFO  b.c.c.n.NettyClientServerCommunicationSystemServerSide - Removing client channel with ID= 49
2020-11-19 16:21:57.889 [nioEventLoopGroup-3-3] INFO  b.c.c.n.NettyClientServerCommunicationSystemServerSide - Active clients=11
2020-11-19 16:21:57.889 [nioEventLoopGroup-3-3] INFO  b.c.c.n.NettyClientServerCommunicationSystemServerSide - Removing client channel with ID= 1
2020-11-19 16:21:57.889 [nioEventLoopGroup-3-3] INFO  b.c.c.n.NettyClientServerCommunicationSystemServerSide - Active clients=10
2020-11-19 16:21:57.889 [nioEventLoopGroup-3-3] INFO  b.c.c.n.NettyClientServerCommunicationSystemServerSide - Removing client channel with ID= 60
2020-11-19 16:21:57.889 [nioEventLoopGroup-3-3] INFO  b.c.c.n.NettyClientServerCommunicationSystemServerSide - Active clients=9
2020-11-19 16:21:57.889 [nioEventLoopGroup-3-2] INFO  b.c.c.n.NettyClientServerCommunicationSystemServerSide - Removing client channel with ID= 57
2020-11-19 16:21:57.889 [nioEventLoopGroup-3-2] INFO  b.c.c.n.NettyClientServerCommunicationSystemServerSide - Active clients=8
2020-11-19 16:21:57.889 [nioEventLoopGroup-3-3] INFO  b.c.c.n.NettyClientServerCommunicationSystemServerSide - Removing client channel with ID= 44
2020-11-19 16:21:57.889 [nioEventLoopGroup-3-3] INFO  b.c.c.n.NettyClientServerCommunicationSystemServerSide - Active clients=7
2020-11-19 16:21:57.889 [nioEventLoopGroup-3-3] INFO  b.c.c.n.NettyClientServerCommunicationSystemServerSide - Removing client channel with ID= 53
2020-11-19 16:21:57.889 [nioEventLoopGroup-3-3] INFO  b.c.c.n.NettyClientServerCommunicationSystemServerSide - Active clients=6
2020-11-19 16:21:57.889 [nioEventLoopGroup-3-3] INFO  b.c.c.n.NettyClientServerCommunicationSystemServerSide - Removing client channel with ID= 15
2020-11-19 16:21:57.889 [nioEventLoopGroup-3-3] INFO  b.c.c.n.NettyClientServerCommunicationSystemServerSide - Active clients=5
2020-11-19 16:21:57.890 [nioEventLoopGroup-3-2] INFO  b.c.c.n.NettyClientServerCommunicationSystemServerSide - Removing client channel with ID= 23
2020-11-19 16:21:57.890 [nioEventLoopGroup-3-2] INFO  b.c.c.n.NettyClientServerCommunicationSystemServerSide - Active clients=4
2020-11-19 16:21:57.890 [nioEventLoopGroup-3-2] INFO  b.c.c.n.NettyClientServerCommunicationSystemServerSide - Removing client channel with ID= 19
2020-11-19 16:21:57.890 [nioEventLoopGroup-3-2] INFO  b.c.c.n.NettyClientServerCommunicationSystemServerSide - Active clients=3
2020-11-19 16:21:57.890 [nioEventLoopGroup-3-2] INFO  b.c.c.n.NettyClientServerCommunicationSystemServerSide - Removing client channel with ID= 55
2020-11-19 16:21:57.890 [nioEventLoopGroup-3-2] INFO  b.c.c.n.NettyClientServerCommunicationSystemServerSide - Active clients=2
2020-11-19 16:21:57.890 [nioEventLoopGroup-3-2] INFO  b.c.c.n.NettyClientServerCommunicationSystemServerSide - Removing client channel with ID= 51
2020-11-19 16:21:57.890 [nioEventLoopGroup-3-2] INFO  b.c.c.n.NettyClientServerCommunicationSystemServerSide - Active clients=1
2020-11-19 16:21:57.890 [nioEventLoopGroup-3-2] INFO  b.c.c.n.NettyClientServerCommunicationSystemServerSide - Removing client channel with ID= 6
2020-11-19 16:21:57.890 [nioEventLoopGroup-3-2] INFO  b.c.c.n.NettyClientServerCommunicationSystemServerSide - Active clients=0
