Command line: -load -s -db smarttrie.app.client.Client -P config/workload
YCSB Client 0.17.0

Loading workload...
Starting test.
DBWrapper: report latency for each error is false and specific error codes to track for latency are: []
2020-10-09 14:10:24:317 0 sec: 0 operations; est completion in 0 second 
2020-10-09 14:10:25:236 1 sec: 0 operations; est completion in 106751991167300 days 15 hours 
2020-10-09 14:10:25.340 [Thread-2] INFO  b.c.c.n.NettyClientServerCommunicationSystemClientSide - Connecting to replica 0 at /192.168.3.91:11000
2020-10-09 14:10:25.361 [nioEventLoopGroup-2-1] INFO  b.c.c.n.NettyClientServerCommunicationSystemClientSide - Channel active
2020-10-09 14:10:26:236 2 sec: 272 operations; 272 current ops/sec; est completion in 1 hour 1 minute [INSERT: Count=275, Max=1327103, Min=1331, Avg=7147.81, 90=3455, 99=6703, 99.9=1327103, 99.99=1327103] 
2020-10-09 14:10:27:235 3 sec: 1322 operations; 1050 current ops/sec; est completion in 18 minutes [INSERT: Count=1048, Max=7843, Min=697, Avg=928.9, 90=1292, 99=1641, 99.9=2759, 99.99=7843] 
2020-10-09 14:10:28:235 4 sec: 2744 operations; 1422 current ops/sec; est completion in 12 minutes [INSERT: Count=1422, Max=1997, Min=607, Avg=691.66, 90=730, 99=854, 99.9=1132, 99.99=1997] 
2020-10-09 14:10:29:235 5 sec: 4272 operations; 1528 current ops/sec; est completion in 9 minutes [INSERT: Count=1528, Max=1648, Min=554, Avg=643.38, 90=682, 99=785, 99.9=1023, 99.99=1648] 
2020-10-09 14:10:30:235 6 sec: 5916 operations; 1644 current ops/sec; est completion in 8 minutes [INSERT: Count=1645, Max=36831, Min=452, Avg=597.92, 90=654, 99=716, 99.9=1053, 99.99=36831] 
2020-10-09 14:10:31:235 7 sec: 7984 operations; 2068 current ops/sec; est completion in 7 minutes [INSERT: Count=2068, Max=1859, Min=410, Avg=478.54, 90=525, 99=610, 99.9=983, 99.99=1859] 
2020-10-09 14:10:32:235 8 sec: 10322 operations; 2338 current ops/sec; est completion in 6 minutes [INSERT: Count=2338, Max=3673, Min=398, Avg=424.18, 90=442, 99=522, 99.9=934, 99.99=3673] 
2020-10-09 14:10:33:235 9 sec: 12432 operations; 2110 current ops/sec; est completion in 5 minutes [INSERT: Count=2110, Max=32687, Min=396, Avg=468.81, 90=556, 99=600, 99.9=1115, 99.99=32687] 
2020-10-09 14:10:34:235 10 sec: 14318 operations; 1886 current ops/sec; est completion in 5 minutes [INSERT: Count=1885, Max=8655, Min=421, Avg=525.73, 90=565, 99=609, 99.9=757, 99.99=8655] 
2020-10-09 14:10:35:235 11 sec: 16215 operations; 1897 current ops/sec; est completion in 5 minutes [INSERT: Count=1898, Max=6447, Min=428, Avg=522.6, 90=574, 99=637, 99.9=902, 99.99=6447] 
2020-10-09 14:10:36:235 12 sec: 18074 operations; 1859 current ops/sec; est completion in 5 minutes [INSERT: Count=1859, Max=13679, Min=417, Avg=533.44, 90=580, 99=748, 99.9=854, 99.99=13679] 
2020-10-09 14:10:37:236 13 sec: 20126 operations; 2052 current ops/sec; est completion in 5 minutes [INSERT: Count=2052, Max=85695, Min=388, Avg=483.9, 90=527, 99=591, 99.9=819, 99.99=85695] 
2020-10-09 14:10:38:235 14 sec: 22604 operations; 2478 current ops/sec; est completion in 4 minutes [INSERT: Count=2478, Max=647, Min=381, Avg=400.86, 90=425, 99=452, 99.9=596, 99.99=647] 
2020-10-09 14:10:39:235 15 sec: 25035 operations; 2431 current ops/sec; est completion in 4 minutes [INSERT: Count=2431, Max=903, Min=381, Avg=408.97, 90=433, 99=569, 99.9=669, 99.99=903] 
2020-10-09 14:10:40:235 16 sec: 27284 operations; 2249 current ops/sec; est completion in 4 minutes [INSERT: Count=2249, Max=32047, Min=382, Avg=441.47, 90=524, 99=594, 99.9=1173, 99.99=32047] 
2020-10-09 14:10:41:235 17 sec: 29756 operations; 2472 current ops/sec; est completion in 4 minutes [INSERT: Count=2472, Max=3289, Min=382, Avg=401.81, 90=426, 99=455, 99.9=723, 99.99=3289] 
2020-10-09 14:10:42:235 18 sec: 32251 operations; 2495 current ops/sec; est completion in 4 minutes [INSERT: Count=2495, Max=672, Min=371, Avg=396.42, 90=421, 99=452, 99.9=540, 99.99=672] 
2020-10-09 14:10:43:235 19 sec: 34652 operations; 2401 current ops/sec; est completion in 4 minutes [INSERT: Count=2400, Max=29647, Min=380, Avg=413.29, 90=424, 99=462, 99.9=595, 99.99=29647] 
2020-10-09 14:10:44:235 20 sec: 36972 operations; 2320 current ops/sec; est completion in 4 minutes [INSERT: Count=2321, Max=8671, Min=382, Avg=418.09, 90=444, 99=490, 99.9=675, 99.99=8671] 
2020-10-09 14:10:45:235 21 sec: 39253 operations; 2281 current ops/sec; est completion in 4 minutes [INSERT: Count=2281, Max=7699, Min=384, Avg=435, 90=474, 99=511, 99.9=682, 99.99=7699] 
2020-10-09 14:10:46:236 22 sec: 41605 operations; 2352 current ops/sec; est completion in 4 minutes [INSERT: Count=2354, Max=2081, Min=384, Avg=421.69, 90=457, 99=501, 99.9=946, 99.99=2081] 
2020-10-09 14:10:47:235 23 sec: 43776 operations; 2171 current ops/sec; est completion in 4 minutes [INSERT: Count=2169, Max=9207, Min=386, Avg=456.82, 90=487, 99=527, 99.9=643, 99.99=9207] 
2020-10-09 14:10:48:235 24 sec: 45955 operations; 2179 current ops/sec; est completion in 3 minutes [INSERT: Count=2178, Max=3637, Min=423, Avg=455.96, 90=484, 99=521, 99.9=591, 99.99=3637] 
2020-10-09 14:10:49:235 25 sec: 48020 operations; 2065 current ops/sec; est completion in 3 minutes [INSERT: Count=2066, Max=75839, Min=408, Avg=480.37, 90=475, 99=519, 99.9=873, 99.99=75839] 
2020-10-09 14:10:50:235 26 sec: 50369 operations; 2349 current ops/sec; est completion in 3 minutes [INSERT: Count=2349, Max=565, Min=381, Avg=422.83, 90=456, 99=497, 99.9=529, 99.99=565] 
2020-10-09 14:10:51:235 27 sec: 52763 operations; 2394 current ops/sec; est completion in 3 minutes [INSERT: Count=2394, Max=1920, Min=377, Avg=415.08, 90=444, 99=489, 99.9=574, 99.99=1920] 
2020-10-09 14:10:52:235 28 sec: 55082 operations; 2319 current ops/sec; est completion in 3 minutes [INSERT: Count=2319, Max=795, Min=376, Avg=428.71, 90=514, 99=568, 99.9=697, 99.99=795] 
2020-10-09 14:10:53:235 29 sec: 57204 operations; 2122 current ops/sec; est completion in 3 minutes [INSERT: Count=2121, Max=800, Min=377, Avg=468.31, 90=549, 99=617, 99.9=708, 99.99=800] 
2020-10-09 14:10:54:235 30 sec: 59497 operations; 2293 current ops/sec; est completion in 3 minutes [INSERT: Count=2294, Max=13231, Min=375, Avg=433.4, 90=459, 99=535, 99.9=650, 99.99=13231] 
2020-10-09 14:10:55:235 31 sec: 61930 operations; 2433 current ops/sec; est completion in 3 minutes [INSERT: Count=2433, Max=43583, Min=373, Avg=408.45, 90=411, 99=443, 99.9=720, 99.99=43583] 
2020-10-09 14:10:56:235 32 sec: 64499 operations; 2569 current ops/sec; est completion in 3 minutes [INSERT: Count=2569, Max=4879, Min=370, Avg=386.92, 90=404, 99=428, 99.9=645, 99.99=4879] 
2020-10-09 14:10:57:235 33 sec: 67055 operations; 2556 current ops/sec; est completion in 3 minutes [INSERT: Count=2555, Max=6043, Min=370, Avg=389.31, 90=409, 99=444, 99.9=590, 99.99=6043] 
2020-10-09 14:10:58:235 34 sec: 69611 operations; 2556 current ops/sec; est completion in 3 minutes [INSERT: Count=2556, Max=540, Min=371, Avg=389.22, 90=409, 99=440, 99.9=516, 99.99=540] 
2020-10-09 14:10:59:235 35 sec: 72162 operations; 2551 current ops/sec; est completion in 3 minutes [INSERT: Count=2552, Max=8455, Min=371, Avg=389.84, 90=406, 99=434, 99.9=563, 99.99=8455] 
2020-10-09 14:11:00:235 36 sec: 74467 operations; 2305 current ops/sec; est completion in 3 minutes [INSERT: Count=2304, Max=86143, Min=370, Avg=431.72, 90=415, 99=502, 99.9=813, 99.99=86143] 
2020-10-09 14:11:01:235 37 sec: 76749 operations; 2282 current ops/sec; est completion in 3 minutes [INSERT: Count=2282, Max=579, Min=389, Avg=436.05, 90=488, 99=530, 99.9=560, 99.99=579] 
2020-10-09 14:11:02:235 38 sec: 78935 operations; 2186 current ops/sec; est completion in 3 minutes [INSERT: Count=2187, Max=10759, Min=393, Avg=454.82, 90=500, 99=550, 99.9=6771, 99.99=10759] 
2020-10-09 14:11:03:235 39 sec: 81237 operations; 2302 current ops/sec; est completion in 3 minutes [INSERT: Count=2301, Max=8967, Min=388, Avg=432.1, 90=489, 99=535, 99.9=591, 99.99=8967] 
2020-10-09 14:11:04:235 40 sec: 83363 operations; 2126 current ops/sec; est completion in 3 minutes [INSERT: Count=2126, Max=5335, Min=397, Avg=467.72, 90=522, 99=578, 99.9=653, 99.99=5335] 
2020-10-09 14:11:05:235 41 sec: 85550 operations; 2187 current ops/sec; est completion in 3 minutes [INSERT: Count=2187, Max=3065, Min=396, Avg=454.99, 90=505, 99=543, 99.9=669, 99.99=3065] 
2020-10-09 14:11:06:235 42 sec: 87741 operations; 2191 current ops/sec; est completion in 3 minutes [INSERT: Count=2191, Max=658, Min=399, Avg=454.02, 90=507, 99=555, 99.9=598, 99.99=658] 
2020-10-09 14:11:07:235 43 sec: 89688 operations; 1947 current ops/sec; est completion in 3 minutes [INSERT: Count=1947, Max=762, Min=402, Avg=510.93, 90=564, 99=624, 99.9=726, 99.99=762] 
2020-10-09 14:11:08:235 44 sec: 91736 operations; 2048 current ops/sec; est completion in 3 minutes [INSERT: Count=2048, Max=647, Min=409, Avg=485.71, 90=547, 99=593, 99.9=636, 99.99=647] 
2020-10-09 14:11:09:235 45 sec: 93950 operations; 2214 current ops/sec; est completion in 3 minutes [INSERT: Count=2214, Max=582, Min=408, Avg=449.44, 90=486, 99=520, 99.9=548, 99.99=582] 
2020-10-09 14:11:10:235 46 sec: 96134 operations; 2184 current ops/sec; est completion in 3 minutes [INSERT: Count=2183, Max=616, Min=410, Avg=446.08, 90=480, 99=515, 99.9=560, 99.99=616] 
2020-10-09 14:11:11:235 47 sec: 98432 operations; 2298 current ops/sec; est completion in 3 minutes [INSERT: Count=2299, Max=115967, Min=367, Avg=442.45, 90=405, 99=439, 99.9=4391, 99.99=115967] 
2020-10-09 14:11:12:235 48 sec: 100000 operations; 1568 current ops/sec; est completion in 3 minutes [INSERT: Count=1567, Max=572, Min=370, Avg=384.65, 90=406, 99=435, 99.9=470, 99.99=572] 
2020-10-09 14:11:13:235 49 sec: 100000 operations; 0 current ops/sec; est completion in 3 minutes [INSERT: Count=0, Max=0, Min=9223372036854775807, Avg=NaN, 90=0, 99=0, 99.9=0, 99.99=0] 
2020-10-09 14:11:14:235 50 sec: 100000 operations; 0 current ops/sec; est completion in 3 minutes [INSERT: Count=0, Max=0, Min=9223372036854775807, Avg=NaN, 90=0, 99=0, 99.9=0, 99.99=0] 
2020-10-09 14:11:15:235 51 sec: 100000 operations; 0 current ops/sec; est completion in 3 minutes [INSERT: Count=0, Max=0, Min=9223372036854775807, Avg=NaN, 90=0, 99=0, 99.9=0, 99.99=0] 
2020-10-09 14:11:16:235 52 sec: 100000 operations; 0 current ops/sec; est completion in 3 minutes [INSERT: Count=0, Max=0, Min=9223372036854775807, Avg=NaN, 90=0, 99=0, 99.9=0, 99.99=0] 
2020-10-09 14:11:17:235 53 sec: 100000 operations; 0 current ops/sec; est completion in 3 minutes [INSERT: Count=0, Max=0, Min=9223372036854775807, Avg=NaN, 90=0, 99=0, 99.9=0, 99.99=0] 
2020-10-09 14:11:18:235 54 sec: 100000 operations; 0 current ops/sec; est completion in 3 minutes [INSERT: Count=0, Max=0, Min=9223372036854775807, Avg=NaN, 90=0, 99=0, 99.9=0, 99.99=0] 
2020-10-09 14:11:19:235 55 sec: 102385 operations; 2385 current ops/sec; est completion in 3 minutes [INSERT: Count=2387, Max=6447103, Min=371, Avg=3095.74, 90=409, 99=472, 99.9=1956, 99.99=6447103] 
2020-10-09 14:11:20:235 56 sec: 104911 operations; 2526 current ops/sec; est completion in 3 minutes [INSERT: Count=2524, Max=3947, Min=370, Avg=393.86, 90=409, 99=446, 99.9=783, 99.99=3947] 
2020-10-09 14:11:21:235 57 sec: 107474 operations; 2563 current ops/sec; est completion in 3 minutes [INSERT: Count=2564, Max=2187, Min=369, Avg=388.07, 90=404, 99=443, 99.9=571, 99.99=2187] 
2020-10-09 14:11:22:235 58 sec: 110047 operations; 2573 current ops/sec; est completion in 3 minutes [INSERT: Count=2573, Max=960, Min=369, Avg=386.59, 90=403, 99=434, 99.9=548, 99.99=960] 
2020-10-09 14:11:23:235 59 sec: 112595 operations; 2548 current ops/sec; est completion in 3 minutes [INSERT: Count=2548, Max=5771, Min=368, Avg=390.21, 90=405, 99=437, 99.9=534, 99.99=5771] 
2020-10-09 14:11:24:235 60 sec: 115198 operations; 2603 current ops/sec; est completion in 3 minutes [INSERT: Count=2603, Max=571, Min=368, Avg=382.5, 90=398, 99=428, 99.9=537, 99.99=571] 
2020-10-09 14:11:25:235 61 sec: 117775 operations; 2577 current ops/sec; est completion in 3 minutes [INSERT: Count=2577, Max=8011, Min=368, Avg=385.97, 90=398, 99=436, 99.9=556, 99.99=8011] 
2020-10-09 14:11:26:235 62 sec: 120053 operations; 2278 current ops/sec; est completion in 3 minutes [INSERT: Count=2278, Max=35167, Min=371, Avg=436.6, 90=451, 99=543, 99.9=7543, 99.99=35167] 
2020-10-09 14:11:27:235 63 sec: 122294 operations; 2241 current ops/sec; est completion in 3 minutes [INSERT: Count=2241, Max=6879, Min=404, Avg=443.93, 90=485, 99=532, 99.9=663, 99.99=6879] 
2020-10-09 14:11:28:235 64 sec: 124549 operations; 2255 current ops/sec; est completion in 3 minutes [INSERT: Count=2254, Max=5319, Min=406, Avg=441.28, 90=488, 99=541, 99.9=655, 99.99=5319] 
2020-10-09 14:11:29:235 65 sec: 126834 operations; 2285 current ops/sec; est completion in 3 minutes [INSERT: Count=2286, Max=580, Min=399, Avg=435.43, 90=485, 99=528, 99.9=556, 99.99=580] 
2020-10-09 14:11:30:235 66 sec: 129109 operations; 2275 current ops/sec; est completion in 3 minutes [INSERT: Count=2274, Max=5895, Min=404, Avg=437.37, 90=476, 99=518, 99.9=569, 99.99=5895] 
2020-10-09 14:11:31:235 67 sec: 131365 operations; 2256 current ops/sec; est completion in 3 minutes [INSERT: Count=2257, Max=8247, Min=405, Avg=440.81, 90=496, 99=524, 99.9=604, 99.99=8247] 
2020-10-09 14:11:32:235 68 sec: 133566 operations; 2201 current ops/sec; est completion in 3 minutes [INSERT: Count=2201, Max=4931, Min=407, Avg=451.86, 90=507, 99=553, 99.9=618, 99.99=4931] 
2020-10-09 14:11:33:235 69 sec: 135815 operations; 2249 current ops/sec; est completion in 3 minutes [INSERT: Count=2249, Max=823, Min=408, Avg=442.41, 90=494, 99=550, 99.9=610, 99.99=823] 
2020-10-09 14:11:34:235 70 sec: 137804 operations; 1989 current ops/sec; est completion in 3 minutes [INSERT: Count=1988, Max=18479, Min=407, Avg=500.06, 90=547, 99=606, 99.9=787, 99.99=18479] 
2020-10-09 14:11:35:235 71 sec: 140024 operations; 2220 current ops/sec; est completion in 3 minutes [INSERT: Count=2221, Max=690, Min=399, Avg=448.36, 90=506, 99=538, 99.9=619, 99.99=690] 
2020-10-09 14:11:36:235 72 sec: 142306 operations; 2282 current ops/sec; est completion in 3 minutes [INSERT: Count=2281, Max=601, Min=420, Avg=436.5, 90=453, 99=512, 99.9=550, 99.99=601] 
2020-10-09 14:11:37:235 73 sec: 144594 operations; 2288 current ops/sec; est completion in 3 minutes [INSERT: Count=2289, Max=550, Min=418, Avg=435.25, 90=454, 99=511, 99.9=536, 99.99=550] 
2020-10-09 14:11:38:235 74 sec: 146846 operations; 2252 current ops/sec; est completion in 2 minutes [INSERT: Count=2252, Max=6951, Min=398, Avg=442, 90=482, 99=524, 99.9=607, 99.99=6951] 
2020-10-09 14:11:39:235 75 sec: 149145 operations; 2299 current ops/sec; est completion in 2 minutes [INSERT: Count=2299, Max=622, Min=401, Avg=433.11, 90=462, 99=531, 99.9=596, 99.99=622] 
2020-10-09 14:11:40:235 76 sec: 151488 operations; 2343 current ops/sec; est completion in 2 minutes [INSERT: Count=2342, Max=5891, Min=374, Avg=424.82, 90=499, 99=538, 99.9=655, 99.99=5891] 
2020-10-09 14:11:41:235 77 sec: 153793 operations; 2305 current ops/sec; est completion in 2 minutes [INSERT: Count=2305, Max=4535, Min=407, Avg=431.9, 90=448, 99=492, 99.9=606, 99.99=4535] 
2020-10-09 14:11:42:236 78 sec: 156000 operations; 2207 current ops/sec; est completion in 2 minutes [INSERT: Count=2207, Max=23935, Min=407, Avg=450.9, 90=458, 99=507, 99.9=3569, 99.99=23935] 
2020-10-09 14:11:43:235 79 sec: 158288 operations; 2288 current ops/sec; est completion in 2 minutes [INSERT: Count=2289, Max=1663, Min=408, Avg=435.13, 90=456, 99=500, 99.9=663, 99.99=1663] 
2020-10-09 14:11:44:235 80 sec: 160586 operations; 2298 current ops/sec; est completion in 2 minutes [INSERT: Count=2297, Max=663, Min=409, Avg=433.35, 90=454, 99=488, 99.9=549, 99.99=663] 
2020-10-09 14:11:45:235 81 sec: 162827 operations; 2241 current ops/sec; est completion in 2 minutes [INSERT: Count=2242, Max=88319, Min=370, Avg=444.17, 90=442, 99=480, 99.9=624, 99.99=88319] 
2020-10-09 14:11:46:235 82 sec: 165441 operations; 2614 current ops/sec; est completion in 2 minutes [INSERT: Count=2614, Max=665, Min=368, Avg=380.81, 90=399, 99=416, 99.9=505, 99.99=665] 
2020-10-09 14:11:47:235 83 sec: 168061 operations; 2620 current ops/sec; est completion in 2 minutes [INSERT: Count=2619, Max=644, Min=365, Avg=379.92, 90=399, 99=420, 99.9=474, 99.99=644] 
2020-10-09 14:11:48:235 84 sec: 170656 operations; 2595 current ops/sec; est completion in 2 minutes [INSERT: Count=2596, Max=4391, Min=369, Avg=383.38, 90=401, 99=421, 99.9=546, 99.99=4391] 
2020-10-09 14:11:49:235 85 sec: 173259 operations; 2603 current ops/sec; est completion in 2 minutes [INSERT: Count=2602, Max=741, Min=369, Avg=382.4, 90=402, 99=425, 99.9=530, 99.99=741] 
2020-10-09 14:11:50:235 86 sec: 175807 operations; 2548 current ops/sec; est completion in 2 minutes [INSERT: Count=2548, Max=10943, Min=369, Avg=390.55, 90=406, 99=443, 99.9=671, 99.99=10943] 
2020-10-09 14:11:51:235 87 sec: 178403 operations; 2596 current ops/sec; est completion in 2 minutes [INSERT: Count=2597, Max=1245, Min=368, Avg=383.4, 90=403, 99=429, 99.9=592, 99.99=1245] 
2020-10-09 14:11:52:235 88 sec: 180953 operations; 2550 current ops/sec; est completion in 2 minutes [INSERT: Count=2549, Max=7523, Min=369, Avg=390.17, 90=408, 99=443, 99.9=650, 99.99=7523] 
2020-10-09 14:11:53:235 89 sec: 183544 operations; 2591 current ops/sec; est completion in 2 minutes [INSERT: Count=2592, Max=572, Min=369, Avg=384.02, 90=404, 99=426, 99.9=497, 99.99=572] 
2020-10-09 14:11:54:235 90 sec: 186114 operations; 2570 current ops/sec; est completion in 2 minutes [INSERT: Count=2570, Max=4515, Min=368, Avg=387.2, 90=405, 99=434, 99.9=515, 99.99=4515] 
2020-10-09 14:11:55:235 91 sec: 188701 operations; 2587 current ops/sec; est completion in 2 minutes [INSERT: Count=2587, Max=483, Min=368, Avg=384.78, 90=406, 99=432, 99.9=458, 99.99=483] 
2020-10-09 14:11:56:235 92 sec: 191184 operations; 2483 current ops/sec; est completion in 2 minutes [INSERT: Count=2483, Max=7399, Min=372, Avg=398.5, 90=420, 99=456, 99.9=572, 99.99=7399] 
2020-10-09 14:11:57:235 93 sec: 193400 operations; 2216 current ops/sec; est completion in 2 minutes [INSERT: Count=2215, Max=8143, Min=379, Avg=448.97, 90=506, 99=549, 99.9=632, 99.99=8143] 
2020-10-09 14:11:58:235 94 sec: 195893 operations; 2493 current ops/sec; est completion in 2 minutes [INSERT: Count=2494, Max=7143, Min=376, Avg=398.8, 90=419, 99=456, 99.9=526, 99.99=7143] 
2020-10-09 14:11:59:235 95 sec: 198405 operations; 2512 current ops/sec; est completion in 2 minutes [INSERT: Count=2511, Max=519, Min=377, Avg=396.12, 90=419, 99=458, 99.9=493, 99.99=519] 
2020-10-09 14:12:00:235 96 sec: 200000 operations; 1595 current ops/sec; est completion in 2 minutes [INSERT: Count=1595, Max=4839, Min=378, Avg=397.96, 90=419, 99=455, 99.9=502, 99.99=4839] 
2020-10-09 14:12:01:235 97 sec: 200000 operations; 0 current ops/sec; est completion in 2 minutes [INSERT: Count=0, Max=0, Min=9223372036854775807, Avg=NaN, 90=0, 99=0, 99.9=0, 99.99=0] 
2020-10-09 14:12:02:235 98 sec: 200000 operations; 0 current ops/sec; est completion in 2 minutes [INSERT: Count=0, Max=0, Min=9223372036854775807, Avg=NaN, 90=0, 99=0, 99.9=0, 99.99=0] 
2020-10-09 14:12:03:235 99 sec: 200000 operations; 0 current ops/sec; est completion in 2 minutes [INSERT: Count=0, Max=0, Min=9223372036854775807, Avg=NaN, 90=0, 99=0, 99.9=0, 99.99=0] 
2020-10-09 14:12:04:235 100 sec: 200000 operations; 0 current ops/sec; est completion in 2 minutes [INSERT: Count=0, Max=0, Min=9223372036854775807, Avg=NaN, 90=0, 99=0, 99.9=0, 99.99=0] 
2020-10-09 14:12:05:235 101 sec: 200000 operations; 0 current ops/sec; est completion in 2 minutes [INSERT: Count=0, Max=0, Min=9223372036854775807, Avg=NaN, 90=0, 99=0, 99.9=0, 99.99=0] 
2020-10-09 14:12:06:235 102 sec: 200000 operations; 0 current ops/sec; est completion in 2 minutes [INSERT: Count=0, Max=0, Min=9223372036854775807, Avg=NaN, 90=0, 99=0, 99.9=0, 99.99=0] 
2020-10-09 14:12:07:235 103 sec: 200000 operations; 0 current ops/sec; est completion in 2 minutes [INSERT: Count=0, Max=0, Min=9223372036854775807, Avg=NaN, 90=0, 99=0, 99.9=0, 99.99=0] 
2020-10-09 14:12:08:235 104 sec: 200000 operations; 0 current ops/sec; est completion in 2 minutes [INSERT: Count=0, Max=0, Min=9223372036854775807, Avg=NaN, 90=0, 99=0, 99.9=0, 99.99=0] 
2020-10-09 14:12:09:235 105 sec: 200000 operations; 0 current ops/sec; est completion in 2 minutes [INSERT: Count=0, Max=0, Min=9223372036854775807, Avg=NaN, 90=0, 99=0, 99.9=0, 99.99=0] 
2020-10-09 14:12:10:235 106 sec: 200000 operations; 0 current ops/sec; est completion in 2 minutes [INSERT: Count=0, Max=0, Min=9223372036854775807, Avg=NaN, 90=0, 99=0, 99.9=0, 99.99=0] 
2020-10-09 14:12:11:235 107 sec: 200000 operations; 0 current ops/sec; est completion in 2 minutes [INSERT: Count=0, Max=0, Min=9223372036854775807, Avg=NaN, 90=0, 99=0, 99.9=0, 99.99=0] 
2020-10-09 14:12:12:235 108 sec: 200447 operations; 447 current ops/sec; est completion in 2 minutes [INSERT: Count=448, Max=12165119, Min=406, Avg=27583.01, 90=477, 99=591, 99.9=12165119, 99.99=12165119] 
2020-10-09 14:12:13:235 109 sec: 202709 operations; 2262 current ops/sec; est completion in 2 minutes [INSERT: Count=2262, Max=7251, Min=403, Avg=439.76, 90=462, 99=498, 99.9=575, 99.99=7251] 
2020-10-09 14:12:14:235 110 sec: 204970 operations; 2261 current ops/sec; est completion in 2 minutes [INSERT: Count=2260, Max=601, Min=418, Avg=440.41, 90=461, 99=502, 99.9=592, 99.99=601] 
2020-10-09 14:12:15:235 111 sec: 207231 operations; 2261 current ops/sec; est completion in 2 minutes [INSERT: Count=2262, Max=3679, Min=416, Avg=439.87, 90=459, 99=499, 99.9=570, 99.99=3679] 
2020-10-09 14:12:16:235 112 sec: 209493 operations; 2262 current ops/sec; est completion in 2 minutes [INSERT: Count=2262, Max=1644, Min=413, Avg=440.25, 90=462, 99=500, 99.9=800, 99.99=1644] 
2020-10-09 14:12:17:235 113 sec: 211742 operations; 2249 current ops/sec; est completion in 2 minutes [INSERT: Count=2249, Max=8983, Min=406, Avg=442.21, 90=456, 99=527, 99.9=5135, 99.99=8983] 
2020-10-09 14:12:18:235 114 sec: 214087 operations; 2345 current ops/sec; est completion in 2 minutes [INSERT: Count=2344, Max=674, Min=407, Avg=424.74, 90=441, 99=484, 99.9=580, 99.99=674] 
2020-10-09 14:12:19:235 115 sec: 214908 operations; 821 current ops/sec; est completion in 2 minutes [INSERT: Count=821, Max=697, Min=407, Avg=423.81, 90=440, 99=485, 99.9=597, 99.99=697] 
2020-10-09 14:12:20:235 116 sec: 214908 operations; 0 current ops/sec; est completion in 2 minutes [INSERT: Count=0, Max=0, Min=9223372036854775807, Avg=NaN, 90=0, 99=0, 99.9=0, 99.99=0] 
2020-10-09 14:12:21:235 117 sec: 215917 operations; 1009 current ops/sec; est completion in 2 minutes [INSERT: Count=1010, Max=2267135, Min=367, Avg=2622.68, 90=393, 99=435, 99.9=718, 99.99=2267135] 
2020-10-09 14:12:22:235 118 sec: 218507 operations; 2590 current ops/sec; est completion in 2 minutes [INSERT: Count=2589, Max=604, Min=367, Avg=384.35, 90=399, 99=426, 99.9=514, 99.99=604] 
2020-10-09 14:12:23:235 119 sec: 221098 operations; 2591 current ops/sec; est completion in 2 minutes [INSERT: Count=2591, Max=798, Min=369, Avg=384.16, 90=398, 99=420, 99.9=554, 99.99=798] 
2020-10-09 14:12:24:235 120 sec: 223550 operations; 2452 current ops/sec; est completion in 2 minutes [INSERT: Count=2452, Max=3499, Min=371, Avg=405.87, 90=436, 99=499, 99.9=602, 99.99=3499] 
2020-10-09 14:12:25:235 121 sec: 225874 operations; 2324 current ops/sec; est completion in 2 minutes [INSERT: Count=2325, Max=1559, Min=399, Avg=428.34, 90=482, 99=538, 99.9=639, 99.99=1559] 
2020-10-09 14:12:26:235 122 sec: 228138 operations; 2264 current ops/sec; est completion in 2 minutes [INSERT: Count=2264, Max=14463, Min=388, Avg=439.6, 90=507, 99=550, 99.9=682, 99.99=14463] 
2020-10-09 14:12:27:235 123 sec: 230595 operations; 2457 current ops/sec; est completion in 2 minutes [INSERT: Count=2456, Max=749, Min=371, Avg=405.27, 90=464, 99=499, 99.9=634, 99.99=749] 
2020-10-09 14:12:28:236 124 sec: 233191 operations; 2596 current ops/sec; est completion in 2 minutes [INSERT: Count=2597, Max=3649, Min=369, Avg=383.26, 90=397, 99=416, 99.9=552, 99.99=3649] 
2020-10-09 14:12:29:235 125 sec: 235798 operations; 2607 current ops/sec; est completion in 2 minutes [INSERT: Count=2607, Max=533, Min=369, Avg=381.71, 90=397, 99=413, 99.9=432, 99.99=533] 
2020-10-09 14:12:30:235 126 sec: 238405 operations; 2607 current ops/sec; est completion in 2 minutes [INSERT: Count=2607, Max=598, Min=368, Avg=381.67, 90=397, 99=414, 99.9=444, 99.99=598] 
2020-10-09 14:12:31:235 127 sec: 240985 operations; 2580 current ops/sec; est completion in 2 minutes [INSERT: Count=2580, Max=4383, Min=368, Avg=385.4, 90=399, 99=429, 99.9=674, 99.99=4383] 
2020-10-09 14:12:32:235 128 sec: 243530 operations; 2545 current ops/sec; est completion in 2 minutes [INSERT: Count=2545, Max=1496, Min=373, Avg=391.05, 90=406, 99=444, 99.9=565, 99.99=1496] 
2020-10-09 14:12:33:235 129 sec: 246066 operations; 2536 current ops/sec; est completion in 2 minutes [INSERT: Count=2536, Max=24239, Min=365, Avg=392.36, 90=398, 99=422, 99.9=512, 99.99=24239] 
2020-10-09 14:12:34:235 130 sec: 248592 operations; 2526 current ops/sec; est completion in 2 minutes [INSERT: Count=2526, Max=7495, Min=371, Avg=393.86, 90=407, 99=435, 99.9=629, 99.99=7495] 
2020-10-09 14:12:35:235 131 sec: 251119 operations; 2527 current ops/sec; est completion in 2 minutes [INSERT: Count=2526, Max=1255, Min=377, Avg=393.67, 90=410, 99=438, 99.9=480, 99.99=1255] 
2020-10-09 14:12:36:235 132 sec: 253475 operations; 2356 current ops/sec; est completion in 2 minutes [INSERT: Count=2357, Max=594, Min=379, Avg=422.25, 90=470, 99=537, 99.9=580, 99.99=594] 
2020-10-09 14:12:37:236 133 sec: 255704 operations; 2229 current ops/sec; est completion in 2 minutes [INSERT: Count=2230, Max=10247, Min=405, Avg=446.6, 90=494, 99=533, 99.9=662, 99.99=10247] 
2020-10-09 14:12:38:235 134 sec: 257651 operations; 1947 current ops/sec; est completion in 2 minutes [INSERT: Count=1945, Max=11679, Min=407, Avg=510.3, 90=566, 99=611, 99.9=677, 99.99=11679] 
2020-10-09 14:12:39:235 135 sec: 259538 operations; 1887 current ops/sec; est completion in 2 minutes [INSERT: Count=1887, Max=688, Min=413, Avg=527.03, 90=572, 99=618, 99.9=666, 99.99=688] 
2020-10-09 14:12:40:235 136 sec: 261738 operations; 2200 current ops/sec; est completion in 2 minutes [INSERT: Count=2200, Max=16063, Min=409, Avg=452.16, 90=477, 99=524, 99.9=681, 99.99=16063] 
2020-10-09 14:12:41:235 137 sec: 264039 operations; 2301 current ops/sec; est completion in 2 minutes [INSERT: Count=2302, Max=616, Min=399, Avg=432.41, 90=462, 99=518, 99.9=612, 99.99=616] 
2020-10-09 14:12:42:235 138 sec: 266411 operations; 2372 current ops/sec; est completion in 2 minutes [INSERT: Count=2372, Max=10375, Min=398, Avg=419.56, 90=434, 99=482, 99.9=556, 99.99=10375] 
2020-10-09 14:12:43:235 139 sec: 268711 operations; 2300 current ops/sec; est completion in 2 minutes [INSERT: Count=2300, Max=632, Min=393, Avg=432.74, 90=497, 99=525, 99.9=557, 99.99=632] 
2020-10-09 14:12:44:235 140 sec: 270993 operations; 2282 current ops/sec; est completion in 1 minute [INSERT: Count=2282, Max=10063, Min=393, Avg=436.09, 90=481, 99=525, 99.9=694, 99.99=10063] 
2020-10-09 14:12:45:235 141 sec: 273309 operations; 2316 current ops/sec; est completion in 1 minute [INSERT: Count=2316, Max=895, Min=391, Avg=429.77, 90=475, 99=518, 99.9=604, 99.99=895] 
2020-10-09 14:12:46:235 142 sec: 275630 operations; 2321 current ops/sec; est completion in 1 minute [INSERT: Count=2321, Max=753, Min=387, Avg=428.76, 90=492, 99=529, 99.9=557, 99.99=753] 
2020-10-09 14:12:47:235 143 sec: 277924 operations; 2294 current ops/sec; est completion in 1 minute [INSERT: Count=2294, Max=17919, Min=386, Avg=433.96, 90=466, 99=512, 99.9=708, 99.99=17919] 
2020-10-09 14:12:48:235 144 sec: 280150 operations; 2226 current ops/sec; est completion in 1 minute [INSERT: Count=2225, Max=5455, Min=397, Avg=447.13, 90=507, 99=546, 99.9=590, 99.99=5455] 
2020-10-09 14:12:49:235 145 sec: 282468 operations; 2318 current ops/sec; est completion in 1 minute [INSERT: Count=2318, Max=4367, Min=399, Avg=429.35, 90=450, 99=494, 99.9=593, 99.99=4367] 
2020-10-09 14:12:50:235 146 sec: 284481 operations; 2013 current ops/sec; est completion in 1 minute [INSERT: Count=2013, Max=100287, Min=411, Avg=494.64, 90=486, 99=530, 99.9=609, 99.99=100287] 
2020-10-09 14:12:51:235 147 sec: 286539 operations; 2058 current ops/sec; est completion in 1 minute [INSERT: Count=2058, Max=7259, Min=408, Avg=483.41, 90=560, 99=612, 99.9=740, 99.99=7259] 
2020-10-09 14:12:52:235 148 sec: 288335 operations; 1796 current ops/sec; est completion in 1 minute [INSERT: Count=1796, Max=7999, Min=459, Avg=553.61, 90=584, 99=721, 99.9=1006, 99.99=7999] 
2020-10-09 14:12:53:235 149 sec: 290312 operations; 1977 current ops/sec; est completion in 1 minute [INSERT: Count=1977, Max=5683, Min=419, Avg=502.95, 90=558, 99=653, 99.9=746, 99.99=5683] 
2020-10-09 14:12:54:235 150 sec: 292519 operations; 2207 current ops/sec; est completion in 1 minute [INSERT: Count=2208, Max=5699, Min=419, Avg=452.16, 90=478, 99=550, 99.9=916, 99.99=5699] 
2020-10-09 14:12:55:235 151 sec: 294730 operations; 2211 current ops/sec; est completion in 1 minute [INSERT: Count=2210, Max=6391, Min=418, Avg=448.8, 90=474, 99=519, 99.9=633, 99.99=6391] 
2020-10-09 14:12:56:235 152 sec: 296935 operations; 2205 current ops/sec; est completion in 1 minute [INSERT: Count=2206, Max=5431, Min=417, Avg=451.18, 90=476, 99=540, 99.9=779, 99.99=5431] 
2020-10-09 14:12:57:236 153 sec: 299161 operations; 2226 current ops/sec; est completion in 1 minute [INSERT: Count=2226, Max=1496, Min=418, Avg=447.44, 90=475, 99=527, 99.9=707, 99.99=1496] 
2020-10-09 14:12:58:235 154 sec: 300000 operations; 839 current ops/sec; est completion in 1 minute [INSERT: Count=838, Max=7999, Min=419, Avg=453.28, 90=473, 99=522, 99.9=635, 99.99=7999] 
2020-10-09 14:12:59:235 155 sec: 300000 operations; 0 current ops/sec; est completion in 1 minute [INSERT: Count=0, Max=0, Min=9223372036854775807, Avg=NaN, 90=0, 99=0, 99.9=0, 99.99=0] 
2020-10-09 14:13:00:235 156 sec: 300000 operations; 0 current ops/sec; est completion in 1 minute [INSERT: Count=0, Max=0, Min=9223372036854775807, Avg=NaN, 90=0, 99=0, 99.9=0, 99.99=0] 
2020-10-09 14:13:01:235 157 sec: 300000 operations; 0 current ops/sec; est completion in 1 minute [INSERT: Count=0, Max=0, Min=9223372036854775807, Avg=NaN, 90=0, 99=0, 99.9=0, 99.99=0] 
2020-10-09 14:13:02:235 158 sec: 300000 operations; 0 current ops/sec; est completion in 1 minute [INSERT: Count=0, Max=0, Min=9223372036854775807, Avg=NaN, 90=0, 99=0, 99.9=0, 99.99=0] 
2020-10-09 14:13:03:235 159 sec: 300000 operations; 0 current ops/sec; est completion in 1 minute [INSERT: Count=0, Max=0, Min=9223372036854775807, Avg=NaN, 90=0, 99=0, 99.9=0, 99.99=0] 
2020-10-09 14:13:04:235 160 sec: 300000 operations; 0 current ops/sec; est completion in 1 minute [INSERT: Count=0, Max=0, Min=9223372036854775807, Avg=NaN, 90=0, 99=0, 99.9=0, 99.99=0] 
2020-10-09 14:13:05:235 161 sec: 300000 operations; 0 current ops/sec; est completion in 1 minute [INSERT: Count=0, Max=0, Min=9223372036854775807, Avg=NaN, 90=0, 99=0, 99.9=0, 99.99=0] 
2020-10-09 14:13:06:235 162 sec: 300000 operations; 0 current ops/sec; est completion in 1 minute [INSERT: Count=0, Max=0, Min=9223372036854775807, Avg=NaN, 90=0, 99=0, 99.9=0, 99.99=0] 
2020-10-09 14:13:07:235 163 sec: 300000 operations; 0 current ops/sec; est completion in 1 minute [INSERT: Count=0, Max=0, Min=9223372036854775807, Avg=NaN, 90=0, 99=0, 99.9=0, 99.99=0] 
2020-10-09 14:13:08:235 164 sec: 300000 operations; 0 current ops/sec; est completion in 1 minute [INSERT: Count=0, Max=0, Min=9223372036854775807, Avg=NaN, 90=0, 99=0, 99.9=0, 99.99=0] 
2020-10-09 14:13:09:235 165 sec: 300000 operations; 0 current ops/sec; est completion in 1 minute [INSERT: Count=0, Max=0, Min=9223372036854775807, Avg=NaN, 90=0, 99=0, 99.9=0, 99.99=0] 
2020-10-09 14:13:10:235 166 sec: 300000 operations; 0 current ops/sec; est completion in 1 minute [INSERT: Count=0, Max=0, Min=9223372036854775807, Avg=NaN, 90=0, 99=0, 99.9=0, 99.99=0] 
2020-10-09 14:13:11:235 167 sec: 300000 operations; 0 current ops/sec; est completion in 1 minute [INSERT: Count=0, Max=0, Min=9223372036854775807, Avg=NaN, 90=0, 99=0, 99.9=0, 99.99=0] 
2020-10-09 14:13:12:235 168 sec: 300000 operations; 0 current ops/sec; est completion in 1 minute [INSERT: Count=0, Max=0, Min=9223372036854775807, Avg=NaN, 90=0, 99=0, 99.9=0, 99.99=0] 
2020-10-09 14:13:13:235 169 sec: 300000 operations; 0 current ops/sec; est completion in 1 minute [INSERT: Count=0, Max=0, Min=9223372036854775807, Avg=NaN, 90=0, 99=0, 99.9=0, 99.99=0] 
2020-10-09 14:13:14:235 170 sec: 300000 operations; 0 current ops/sec; est completion in 1 minute [INSERT: Count=0, Max=0, Min=9223372036854775807, Avg=NaN, 90=0, 99=0, 99.9=0, 99.99=0] 
2020-10-09 14:13:15:235 171 sec: 300000 operations; 0 current ops/sec; est completion in 1 minute [INSERT: Count=0, Max=0, Min=9223372036854775807, Avg=NaN, 90=0, 99=0, 99.9=0, 99.99=0] 
2020-10-09 14:13:16:235 172 sec: 300000 operations; 0 current ops/sec; est completion in 1 minute [INSERT: Count=0, Max=0, Min=9223372036854775807, Avg=NaN, 90=0, 99=0, 99.9=0, 99.99=0] 
2020-10-09 14:13:17:235 173 sec: 300000 operations; 0 current ops/sec; est completion in 1 minute [INSERT: Count=0, Max=0, Min=9223372036854775807, Avg=NaN, 90=0, 99=0, 99.9=0, 99.99=0] 
2020-10-09 14:13:18:235 174 sec: 300595 operations; 595 current ops/sec; est completion in 1 minute [INSERT: Count=596, Max=20348927, Min=427, Avg=34591.38, 90=502, 99=660, 99.9=3697, 99.99=20348927] 
2020-10-09 14:13:19:235 175 sec: 302851 operations; 2256 current ops/sec; est completion in 1 minute [INSERT: Count=2255, Max=588, Min=417, Avg=441.31, 90=462, 99=518, 99.9=543, 99.99=588] 
2020-10-09 14:13:20:235 176 sec: 305172 operations; 2321 current ops/sec; est completion in 1 minute [INSERT: Count=2322, Max=681, Min=402, Avg=428.77, 90=452, 99=510, 99.9=645, 99.99=681] 
2020-10-09 14:13:21:235 177 sec: 307498 operations; 2326 current ops/sec; est completion in 1 minute [INSERT: Count=2325, Max=2909, Min=402, Avg=427.93, 90=444, 99=493, 99.9=636, 99.99=2909] 
2020-10-09 14:13:22:235 178 sec: 309776 operations; 2278 current ops/sec; est completion in 1 minute [INSERT: Count=2279, Max=13815, Min=412, Avg=436.87, 90=448, 99=498, 99.9=654, 99.99=13815] 
2020-10-09 14:13:23:235 179 sec: 312023 operations; 2247 current ops/sec; est completion in 1 minute [INSERT: Count=2247, Max=5659, Min=413, Avg=442.88, 90=464, 99=530, 99.9=652, 99.99=5659] 
2020-10-09 14:13:24:235 180 sec: 313953 operations; 1930 current ops/sec; est completion in 1 minute [INSERT: Count=1929, Max=4731, Min=420, Avg=515.18, 90=551, 99=627, 99.9=687, 99.99=4731] 
2020-10-09 14:13:25:235 181 sec: 315842 operations; 1889 current ops/sec; est completion in 1 minute [INSERT: Count=1889, Max=4423, Min=414, Avg=526.34, 90=562, 99=628, 99.9=740, 99.99=4423] 
2020-10-09 14:13:26:235 182 sec: 317853 operations; 2011 current ops/sec; est completion in 1 minute [INSERT: Count=2011, Max=1985, Min=416, Avg=494.44, 90=525, 99=583, 99.9=697, 99.99=1985] 
2020-10-09 14:13:27:235 183 sec: 320103 operations; 2250 current ops/sec; est completion in 1 minute [INSERT: Count=2251, Max=1903, Min=416, Avg=442.48, 90=461, 99=512, 99.9=759, 99.99=1903] 
2020-10-09 14:13:28:235 184 sec: 322357 operations; 2254 current ops/sec; est completion in 1 minute [INSERT: Count=2253, Max=627, Min=416, Avg=441.56, 90=461, 99=502, 99.9=589, 99.99=627] 
2020-10-09 14:13:29:235 185 sec: 324494 operations; 2137 current ops/sec; est completion in 1 minute [INSERT: Count=2138, Max=26623, Min=418, Avg=465.42, 90=475, 99=535, 99.9=1435, 99.99=26623] 
2020-10-09 14:13:30:235 186 sec: 326682 operations; 2188 current ops/sec; est completion in 1 minute [INSERT: Count=2187, Max=10735, Min=411, Avg=454.94, 90=480, 99=518, 99.9=620, 99.99=10735] 
2020-10-09 14:13:31:235 187 sec: 328950 operations; 2268 current ops/sec; est completion in 1 minute [INSERT: Count=2268, Max=3799, Min=411, Avg=438.96, 90=461, 99=512, 99.9=821, 99.99=3799] 
2020-10-09 14:13:32:235 188 sec: 331231 operations; 2281 current ops/sec; est completion in 1 minute [INSERT: Count=2282, Max=5079, Min=412, Avg=436.22, 90=454, 99=504, 99.9=663, 99.99=5079] 
2020-10-09 14:13:33:235 189 sec: 333520 operations; 2289 current ops/sec; est completion in 1 minute [INSERT: Count=2288, Max=607, Min=410, Avg=435.1, 90=458, 99=492, 99.9=578, 99.99=607] 
2020-10-09 14:13:34:235 190 sec: 335795 operations; 2275 current ops/sec; est completion in 1 minute [INSERT: Count=2275, Max=9799, Min=408, Avg=437.65, 90=456, 99=489, 99.9=575, 99.99=9799] 
2020-10-09 14:13:35:235 191 sec: 338032 operations; 2237 current ops/sec; est completion in 1 minute [INSERT: Count=2237, Max=10175, Min=411, Avg=445, 90=461, 99=516, 99.9=737, 99.99=10175] 
2020-10-09 14:13:36:235 192 sec: 340323 operations; 2291 current ops/sec; est completion in 1 minute [INSERT: Count=2291, Max=593, Min=411, Avg=434.65, 90=456, 99=493, 99.9=576, 99.99=593] 
2020-10-09 14:13:37:235 193 sec: 342594 operations; 2271 current ops/sec; est completion in 1 minute [INSERT: Count=2271, Max=5911, Min=411, Avg=438.49, 90=458, 99=503, 99.9=746, 99.99=5911] 
2020-10-09 14:13:38:235 194 sec: 343731 operations; 1137 current ops/sec; est completion in 1 minute [INSERT: Count=1137, Max=4123, Min=412, Avg=442.51, 90=463, 99=510, 99.9=617, 99.99=4123] 
2020-10-09 14:13:39:235 195 sec: 343731 operations; 0 current ops/sec; est completion in 1 minute [INSERT: Count=0, Max=0, Min=9223372036854775807, Avg=NaN, 90=0, 99=0, 99.9=0, 99.99=0] 
2020-10-09 14:13:40:235 196 sec: 344961 operations; 1230 current ops/sec; est completion in 1 minute [INSERT: Count=1230, Max=2018303, Min=370, Avg=2025.57, 90=401, 99=452, 99.9=824, 99.99=2018303] 
2020-10-09 14:13:41:235 197 sec: 347552 operations; 2591 current ops/sec; est completion in 1 minute [INSERT: Count=2591, Max=715, Min=365, Avg=384.02, 90=400, 99=429, 99.9=566, 99.99=715] 
2020-10-09 14:13:42:235 198 sec: 350148 operations; 2596 current ops/sec; est completion in 1 minute [INSERT: Count=2596, Max=740, Min=368, Avg=383.46, 90=399, 99=426, 99.9=539, 99.99=740] 
2020-10-09 14:13:43:235 199 sec: 352705 operations; 2557 current ops/sec; est completion in 1 minute [INSERT: Count=2557, Max=6583, Min=368, Avg=389.16, 90=399, 99=429, 99.9=1652, 99.99=6583] 
2020-10-09 14:13:44:235 200 sec: 355298 operations; 2593 current ops/sec; est completion in 1 minute [INSERT: Count=2593, Max=658, Min=368, Avg=383.79, 90=399, 99=432, 99.9=517, 99.99=658] 
2020-10-09 14:13:45:235 201 sec: 357874 operations; 2576 current ops/sec; est completion in 1 minute [INSERT: Count=2576, Max=6899, Min=368, Avg=386.33, 90=400, 99=438, 99.9=530, 99.99=6899] 
2020-10-09 14:13:46:235 202 sec: 360379 operations; 2505 current ops/sec; est completion in 1 minute [INSERT: Count=2505, Max=7523, Min=369, Avg=397.09, 90=411, 99=445, 99.9=550, 99.99=7523] 
2020-10-09 14:13:47:235 203 sec: 362875 operations; 2496 current ops/sec; est completion in 1 minute [INSERT: Count=2496, Max=4175, Min=377, Avg=398.53, 90=415, 99=449, 99.9=549, 99.99=4175] 
2020-10-09 14:13:48:235 204 sec: 365445 operations; 2570 current ops/sec; est completion in 1 minute [INSERT: Count=2570, Max=4275, Min=367, Avg=387.15, 90=402, 99=430, 99.9=540, 99.99=4275] 
2020-10-09 14:13:49:235 205 sec: 367887 operations; 2442 current ops/sec; est completion in 1 minute [INSERT: Count=2442, Max=35199, Min=370, Avg=407.33, 90=407, 99=441, 99.9=3787, 99.99=35199] 
2020-10-09 14:13:50:235 206 sec: 370383 operations; 2496 current ops/sec; est completion in 1 minute [INSERT: Count=2497, Max=2001, Min=379, Avg=398.68, 90=415, 99=448, 99.9=645, 99.99=2001] 
2020-10-09 14:13:51:235 207 sec: 372710 operations; 2327 current ops/sec; est completion in 1 minute [INSERT: Count=2326, Max=21439, Min=383, Avg=427.22, 90=423, 99=474, 99.9=6827, 99.99=21439] 
2020-10-09 14:13:52:235 208 sec: 375265 operations; 2555 current ops/sec; est completion in 1 minute [INSERT: Count=2555, Max=644, Min=373, Avg=389.65, 90=405, 99=431, 99.9=529, 99.99=644] 
2020-10-09 14:13:53:235 209 sec: 377809 operations; 2544 current ops/sec; est completion in 1 minute [INSERT: Count=2544, Max=5811, Min=373, Avg=391.07, 90=405, 99=449, 99.9=536, 99.99=5811] 
2020-10-09 14:13:54:235 210 sec: 380312 operations; 2503 current ops/sec; est completion in 1 minute [INSERT: Count=2504, Max=633, Min=378, Avg=397.4, 90=416, 99=457, 99.9=545, 99.99=633] 
2020-10-09 14:13:55:235 211 sec: 382850 operations; 2538 current ops/sec; est completion in 1 minute [INSERT: Count=2538, Max=8903, Min=370, Avg=392.07, 90=404, 99=437, 99.9=570, 99.99=8903] 
2020-10-09 14:13:56:235 212 sec: 385407 operations; 2557 current ops/sec; est completion in 1 minute [INSERT: Count=2557, Max=6499, Min=371, Avg=388.99, 90=401, 99=438, 99.9=595, 99.99=6499] 
2020-10-09 14:13:57:235 213 sec: 387983 operations; 2576 current ops/sec; est completion in 1 minute [INSERT: Count=2576, Max=5639, Min=370, Avg=386.19, 90=400, 99=419, 99.9=516, 99.99=5639] 
2020-10-09 14:13:58:235 214 sec: 390548 operations; 2565 current ops/sec; est completion in 1 minute [INSERT: Count=2564, Max=718, Min=372, Avg=388.15, 90=404, 99=434, 99.9=532, 99.99=718] 
2020-10-09 14:13:59:235 215 sec: 393114 operations; 2566 current ops/sec; est completion in 59 seconds [INSERT: Count=2566, Max=5791, Min=370, Avg=387.81, 90=402, 99=430, 99.9=518, 99.99=5791] 
2020-10-09 14:14:00:235 216 sec: 395129 operations; 2015 current ops/sec; est completion in 58 seconds [INSERT: Count=2015, Max=189055, Min=370, Avg=493.99, 90=404, 99=439, 99.9=7995, 99.99=189055] 
2020-10-09 14:14:01:235 217 sec: 397692 operations; 2563 current ops/sec; est completion in 56 seconds [INSERT: Count=2563, Max=4271, Min=370, Avg=388.22, 90=407, 99=435, 99.9=529, 99.99=4271] 
2020-10-09 14:14:02:235 218 sec: 400000 operations; 2308 current ops/sec; est completion in 55 seconds [INSERT: Count=2308, Max=4415, Min=371, Avg=390.38, 90=409, 99=444, 99.9=517, 99.99=4415] 
2020-10-09 14:14:03:235 219 sec: 400000 operations; 0 current ops/sec; est completion in 55 seconds [INSERT: Count=0, Max=0, Min=9223372036854775807, Avg=NaN, 90=0, 99=0, 99.9=0, 99.99=0] 
2020-10-09 14:14:04:235 220 sec: 400000 operations; 0 current ops/sec; est completion in 56 seconds [INSERT: Count=0, Max=0, Min=9223372036854775807, Avg=NaN, 90=0, 99=0, 99.9=0, 99.99=0] 
2020-10-09 14:14:05:235 221 sec: 400000 operations; 0 current ops/sec; est completion in 56 seconds [INSERT: Count=0, Max=0, Min=9223372036854775807, Avg=NaN, 90=0, 99=0, 99.9=0, 99.99=0] 
2020-10-09 14:14:06:235 222 sec: 400000 operations; 0 current ops/sec; est completion in 56 seconds [INSERT: Count=0, Max=0, Min=9223372036854775807, Avg=NaN, 90=0, 99=0, 99.9=0, 99.99=0] 
2020-10-09 14:14:07:235 223 sec: 400000 operations; 0 current ops/sec; est completion in 56 seconds [INSERT: Count=0, Max=0, Min=9223372036854775807, Avg=NaN, 90=0, 99=0, 99.9=0, 99.99=0] 
2020-10-09 14:14:08:235 224 sec: 400000 operations; 0 current ops/sec; est completion in 56 seconds [INSERT: Count=0, Max=0, Min=9223372036854775807, Avg=NaN, 90=0, 99=0, 99.9=0, 99.99=0] 
2020-10-09 14:14:09:235 225 sec: 400000 operations; 0 current ops/sec; est completion in 57 seconds [INSERT: Count=0, Max=0, Min=9223372036854775807, Avg=NaN, 90=0, 99=0, 99.9=0, 99.99=0] 
2020-10-09 14:14:10:235 226 sec: 400000 operations; 0 current ops/sec; est completion in 57 seconds [INSERT: Count=0, Max=0, Min=9223372036854775807, Avg=NaN, 90=0, 99=0, 99.9=0, 99.99=0] 
2020-10-09 14:14:11:235 227 sec: 400000 operations; 0 current ops/sec; est completion in 57 seconds [INSERT: Count=0, Max=0, Min=9223372036854775807, Avg=NaN, 90=0, 99=0, 99.9=0, 99.99=0] 
2020-10-09 14:14:12:235 228 sec: 400000 operations; 0 current ops/sec; est completion in 58 seconds [INSERT: Count=0, Max=0, Min=9223372036854775807, Avg=NaN, 90=0, 99=0, 99.9=0, 99.99=0] 
2020-10-09 14:14:13:235 229 sec: 400000 operations; 0 current ops/sec; est completion in 58 seconds [INSERT: Count=0, Max=0, Min=9223372036854775807, Avg=NaN, 90=0, 99=0, 99.9=0, 99.99=0] 
2020-10-09 14:14:14:235 230 sec: 400000 operations; 0 current ops/sec; est completion in 58 seconds [INSERT: Count=0, Max=0, Min=9223372036854775807, Avg=NaN, 90=0, 99=0, 99.9=0, 99.99=0] 
2020-10-09 14:14:15:235 231 sec: 400000 operations; 0 current ops/sec; est completion in 58 seconds [INSERT: Count=0, Max=0, Min=9223372036854775807, Avg=NaN, 90=0, 99=0, 99.9=0, 99.99=0] 
2020-10-09 14:14:16:235 232 sec: 400000 operations; 0 current ops/sec; est completion in 59 seconds [INSERT: Count=0, Max=0, Min=9223372036854775807, Avg=NaN, 90=0, 99=0, 99.9=0, 99.99=0] 
2020-10-09 14:14:17:235 233 sec: 400000 operations; 0 current ops/sec; est completion in 59 seconds [INSERT: Count=0, Max=0, Min=9223372036854775807, Avg=NaN, 90=0, 99=0, 99.9=0, 99.99=0] 
2020-10-09 14:14:18:235 234 sec: 400000 operations; 0 current ops/sec; est completion in 59 seconds [INSERT: Count=0, Max=0, Min=9223372036854775807, Avg=NaN, 90=0, 99=0, 99.9=0, 99.99=0] 
2020-10-09 14:14:19:235 235 sec: 400000 operations; 0 current ops/sec; est completion in 59 seconds [INSERT: Count=0, Max=0, Min=9223372036854775807, Avg=NaN, 90=0, 99=0, 99.9=0, 99.99=0] 
2020-10-09 14:14:20:235 236 sec: 400000 operations; 0 current ops/sec; est completion in 59 seconds [INSERT: Count=0, Max=0, Min=9223372036854775807, Avg=NaN, 90=0, 99=0, 99.9=0, 99.99=0] 
2020-10-09 14:14:21:235 237 sec: 400000 operations; 0 current ops/sec; est completion in 1 minute [INSERT: Count=0, Max=0, Min=9223372036854775807, Avg=NaN, 90=0, 99=0, 99.9=0, 99.99=0] 
2020-10-09 14:14:22:235 238 sec: 400000 operations; 0 current ops/sec; est completion in 1 minute [INSERT: Count=0, Max=0, Min=9223372036854775807, Avg=NaN, 90=0, 99=0, 99.9=0, 99.99=0] 
2020-10-09 14:14:23:235 239 sec: 400000 operations; 0 current ops/sec; est completion in 1 minute [INSERT: Count=0, Max=0, Min=9223372036854775807, Avg=NaN, 90=0, 99=0, 99.9=0, 99.99=0] 
2020-10-09 14:14:24:235 240 sec: 400000 operations; 0 current ops/sec; est completion in 1 minute [INSERT: Count=0, Max=0, Min=9223372036854775807, Avg=NaN, 90=0, 99=0, 99.9=0, 99.99=0] 
2020-10-09 14:14:25:235 241 sec: 400000 operations; 0 current ops/sec; est completion in 1 minute [INSERT: Count=0, Max=0, Min=9223372036854775807, Avg=NaN, 90=0, 99=0, 99.9=0, 99.99=0] 
2020-10-09 14:14:26:235 242 sec: 400000 operations; 0 current ops/sec; est completion in 1 minute [INSERT: Count=0, Max=0, Min=9223372036854775807, Avg=NaN, 90=0, 99=0, 99.9=0, 99.99=0] 
2020-10-09 14:14:27:235 243 sec: 400000 operations; 0 current ops/sec; est completion in 1 minute [INSERT: Count=0, Max=0, Min=9223372036854775807, Avg=NaN, 90=0, 99=0, 99.9=0, 99.99=0] 
2020-10-09 14:14:28:235 244 sec: 400000 operations; 0 current ops/sec; est completion in 1 minute [INSERT: Count=0, Max=0, Min=9223372036854775807, Avg=NaN, 90=0, 99=0, 99.9=0, 99.99=0] 
2020-10-09 14:14:29:235 245 sec: 400000 operations; 0 current ops/sec; est completion in 1 minute [INSERT: Count=0, Max=0, Min=9223372036854775807, Avg=NaN, 90=0, 99=0, 99.9=0, 99.99=0] 
2020-10-09 14:14:30:235 246 sec: 400000 operations; 0 current ops/sec; est completion in 1 minute [INSERT: Count=0, Max=0, Min=9223372036854775807, Avg=NaN, 90=0, 99=0, 99.9=0, 99.99=0] 
2020-10-09 14:14:31:235 247 sec: 400000 operations; 0 current ops/sec; est completion in 1 minute [INSERT: Count=0, Max=0, Min=9223372036854775807, Avg=NaN, 90=0, 99=0, 99.9=0, 99.99=0] 
2020-10-09 14:14:32:235 248 sec: 400000 operations; 0 current ops/sec; est completion in 1 minute [INSERT: Count=0, Max=0, Min=9223372036854775807, Avg=NaN, 90=0, 99=0, 99.9=0, 99.99=0] 
2020-10-09 14:14:33:235 249 sec: 400000 operations; 0 current ops/sec; est completion in 1 minute [INSERT: Count=0, Max=0, Min=9223372036854775807, Avg=NaN, 90=0, 99=0, 99.9=0, 99.99=0] 
2020-10-09 14:14:34:235 250 sec: 401722 operations; 1722 current ops/sec; est completion in 1 minute [INSERT: Count=1722, Max=31358975, Min=393, Avg=18638.61, 90=473, 99=519, 99.9=819, 99.99=31358975] 
2020-10-09 14:14:35:235 251 sec: 403938 operations; 2216 current ops/sec; est completion in 1 minute [INSERT: Count=2217, Max=736, Min=395, Avg=449.16, 90=489, 99=544, 99.9=583, 99.99=736] 
2020-10-09 14:14:36:235 252 sec: 406047 operations; 2109 current ops/sec; est completion in 59 seconds [INSERT: Count=2109, Max=630, Min=400, Avg=471.93, 90=516, 99=566, 99.9=612, 99.99=630] 
2020-10-09 14:14:37:235 253 sec: 408327 operations; 2280 current ops/sec; est completion in 57 seconds [INSERT: Count=2280, Max=25583, Min=395, Avg=436.37, 90=453, 99=525, 99.9=1641, 99.99=25583] 
2020-10-09 14:14:38:235 254 sec: 410686 operations; 2359 current ops/sec; est completion in 56 seconds [INSERT: Count=2359, Max=636, Min=397, Avg=421.7, 90=443, 99=513, 99.9=572, 99.99=636] 
2020-10-09 14:14:39:235 255 sec: 412995 operations; 2309 current ops/sec; est completion in 54 seconds [INSERT: Count=2309, Max=11399, Min=402, Avg=430.91, 90=447, 99=525, 99.9=577, 99.99=11399] 
2020-10-09 14:14:40:236 256 sec: 415265 operations; 2270 current ops/sec; est completion in 53 seconds [INSERT: Count=2271, Max=9847, Min=404, Avg=438.47, 90=453, 99=525, 99.9=1144, 99.99=9847] 
2020-10-09 14:14:41:235 257 sec: 417552 operations; 2287 current ops/sec; est completion in 51 seconds [INSERT: Count=2285, Max=588, Min=401, Avg=434.96, 90=472, 99=526, 99.9=572, 99.99=588] 
2020-10-09 14:14:42:235 258 sec: 419842 operations; 2290 current ops/sec; est completion in 50 seconds [INSERT: Count=2291, Max=4927, Min=403, Avg=434.3, 90=453, 99=528, 99.9=743, 99.99=4927] 
2020-10-09 14:14:43:235 259 sec: 422179 operations; 2337 current ops/sec; est completion in 48 seconds [INSERT: Count=2336, Max=7963, Min=391, Avg=425.71, 90=443, 99=511, 99.9=561, 99.99=7963] 
2020-10-09 14:14:44:235 260 sec: 424534 operations; 2355 current ops/sec; est completion in 47 seconds [INSERT: Count=2355, Max=6439, Min=395, Avg=422.76, 90=439, 99=508, 99.9=538, 99.99=6439] 
2020-10-09 14:14:45:235 261 sec: 426914 operations; 2380 current ops/sec; est completion in 45 seconds [INSERT: Count=2380, Max=5903, Min=393, Avg=418.22, 90=434, 99=504, 99.9=566, 99.99=5903] 
2020-10-09 14:14:46:235 262 sec: 429309 operations; 2395 current ops/sec; est completion in 44 seconds [INSERT: Count=2396, Max=1815, Min=390, Avg=415.64, 90=433, 99=504, 99.9=539, 99.99=1815] 
2020-10-09 14:14:47:235 263 sec: 431675 operations; 2366 current ops/sec; est completion in 42 seconds [INSERT: Count=2365, Max=5571, Min=395, Avg=420.7, 90=439, 99=512, 99.9=602, 99.99=5571] 
2020-10-09 14:14:48:235 264 sec: 433953 operations; 2278 current ops/sec; est completion in 41 seconds [INSERT: Count=2278, Max=7131, Min=390, Avg=437.15, 90=455, 99=530, 99.9=6003, 99.99=7131] 
2020-10-09 14:14:49:235 265 sec: 436172 operations; 2219 current ops/sec; est completion in 39 seconds [INSERT: Count=2219, Max=5079, Min=408, Avg=447.62, 90=476, 99=548, 99.9=674, 99.99=5079] 
2020-10-09 14:14:50:235 266 sec: 438411 operations; 2239 current ops/sec; est completion in 38 seconds [INSERT: Count=2240, Max=4439, Min=407, Avg=445.17, 90=472, 99=542, 99.9=596, 99.99=4439] 
2020-10-09 14:14:51:235 267 sec: 440654 operations; 2243 current ops/sec; est completion in 36 seconds [INSERT: Count=2243, Max=3829, Min=406, Avg=443.61, 90=470, 99=543, 99.9=627, 99.99=3829] 
2020-10-09 14:14:52:235 268 sec: 442957 operations; 2303 current ops/sec; est completion in 35 seconds [INSERT: Count=2303, Max=592, Min=404, Avg=432.12, 90=455, 99=522, 99.9=572, 99.99=592] 
2020-10-09 14:14:53:236 269 sec: 445228 operations; 2271 current ops/sec; est completion in 34 seconds [INSERT: Count=2271, Max=9151, Min=404, Avg=438.36, 90=454, 99=526, 99.9=3383, 99.99=9151] 
2020-10-09 14:14:54:235 270 sec: 447534 operations; 2306 current ops/sec; est completion in 32 seconds [INSERT: Count=2305, Max=13903, Min=399, Avg=431.33, 90=445, 99=520, 99.9=558, 99.99=13903] 
2020-10-09 14:14:55:235 271 sec: 449894 operations; 2360 current ops/sec; est completion in 31 seconds [INSERT: Count=2360, Max=4455, Min=398, Avg=421.77, 90=442, 99=526, 99.9=586, 99.99=4455] 
2020-10-09 14:14:56:235 272 sec: 452218 operations; 2324 current ops/sec; est completion in 29 seconds [INSERT: Count=2325, Max=3979, Min=398, Avg=428.37, 90=459, 99=525, 99.9=696, 99.99=3979] 
2020-10-09 14:14:57:235 273 sec: 454586 operations; 2368 current ops/sec; est completion in 28 seconds [INSERT: Count=2368, Max=3997, Min=397, Avg=420.17, 90=438, 99=513, 99.9=574, 99.99=3997] 
2020-10-09 14:14:58:235 274 sec: 456956 operations; 2370 current ops/sec; est completion in 26 seconds [INSERT: Count=2369, Max=4047, Min=398, Avg=420.09, 90=435, 99=504, 99.9=806, 99.99=4047] 
2020-10-09 14:14:59:235 275 sec: 459306 operations; 2350 current ops/sec; est completion in 25 seconds [INSERT: Count=2350, Max=6003, Min=400, Avg=423.7, 90=437, 99=506, 99.9=726, 99.99=6003] 
2020-10-09 14:15:00:235 276 sec: 461671 operations; 2365 current ops/sec; est completion in 23 seconds [INSERT: Count=2366, Max=7679, Min=398, Avg=420.84, 90=436, 99=498, 99.9=637, 99.99=7679] 
2020-10-09 14:15:01:235 277 sec: 464040 operations; 2369 current ops/sec; est completion in 22 seconds [INSERT: Count=2368, Max=7567, Min=399, Avg=420.28, 90=436, 99=501, 99.9=536, 99.99=7567] 
2020-10-09 14:15:02:235 278 sec: 466414 operations; 2374 current ops/sec; est completion in 21 seconds [INSERT: Count=2374, Max=5119, Min=398, Avg=419.34, 90=435, 99=503, 99.9=602, 99.99=5119] 
2020-10-09 14:15:03:235 279 sec: 468776 operations; 2362 current ops/sec; est completion in 19 seconds [INSERT: Count=2363, Max=4053, Min=397, Avg=421.39, 90=437, 99=508, 99.9=612, 99.99=4053] 
2020-10-09 14:15:04:235 280 sec: 470971 operations; 2195 current ops/sec; est completion in 18 seconds [INSERT: Count=2195, Max=4939, Min=398, Avg=453.35, 90=517, 99=551, 99.9=675, 99.99=4939] 
2020-10-09 14:15:05:235 281 sec: 472904 operations; 1933 current ops/sec; est completion in 17 seconds [INSERT: Count=1932, Max=83903, Min=423, Avg=515.29, 90=515, 99=569, 99.9=6427, 99.99=83903] 
2020-10-09 14:15:06:235 282 sec: 475142 operations; 2238 current ops/sec; est completion in 15 seconds [INSERT: Count=2239, Max=4731, Min=397, Avg=444.53, 90=497, 99=563, 99.9=666, 99.99=4731] 
2020-10-09 14:15:07:235 283 sec: 477477 operations; 2335 current ops/sec; est completion in 14 seconds [INSERT: Count=2335, Max=7783, Min=397, Avg=426.42, 90=443, 99=525, 99.9=652, 99.99=7783] 
2020-10-09 14:15:08:235 284 sec: 479837 operations; 2360 current ops/sec; est completion in 12 seconds [INSERT: Count=2360, Max=650, Min=396, Avg=421.88, 90=444, 99=521, 99.9=574, 99.99=650] 
2020-10-09 14:15:09:235 285 sec: 482063 operations; 2226 current ops/sec; est completion in 11 seconds [INSERT: Count=2226, Max=21823, Min=397, Avg=447.27, 90=466, 99=543, 99.9=662, 99.99=21823] 
2020-10-09 14:15:10:235 286 sec: 484077 operations; 2014 current ops/sec; est completion in 10 seconds [INSERT: Count=2014, Max=43999, Min=399, Avg=494.07, 90=527, 99=565, 99.9=3975, 99.99=43999] 
2020-10-09 14:15:11:235 287 sec: 486228 operations; 2151 current ops/sec; est completion in 9 second [INSERT: Count=2151, Max=4019, Min=399, Avg=462.7, 90=498, 99=556, 99.9=589, 99.99=4019] 
2020-10-09 14:15:12:235 288 sec: 488379 operations; 2151 current ops/sec; est completion in 7 second [INSERT: Count=2151, Max=645, Min=422, Avg=462.88, 90=498, 99=547, 99.9=595, 99.99=645] 
2020-10-09 14:15:13:235 289 sec: 490471 operations; 2092 current ops/sec; est completion in 6 second [INSERT: Count=2091, Max=6547, Min=432, Avg=475.85, 90=522, 99=568, 99.9=720, 99.99=6547] 
2020-10-09 14:15:14:235 290 sec: 492681 operations; 2210 current ops/sec; est completion in 5 second [INSERT: Count=2211, Max=6239, Min=390, Avg=450.21, 90=510, 99=557, 99.9=629, 99.99=6239] 
2020-10-09 14:15:15:235 291 sec: 495032 operations; 2351 current ops/sec; est completion in 3 second [INSERT: Count=2350, Max=3743, Min=388, Avg=423.27, 90=474, 99=525, 99.9=623, 99.99=3743] 
2020-10-09 14:15:16:235 292 sec: 497395 operations; 2363 current ops/sec; est completion in 2 second [INSERT: Count=2364, Max=9911, Min=389, Avg=420.9, 90=435, 99=491, 99.9=734, 99.99=9911] 
2020-10-09 14:15:17:235 293 sec: 499802 operations; 2407 current ops/sec; est completion in 1 second [INSERT: Count=2407, Max=4551, Min=386, Avg=413.26, 90=433, 99=475, 99.9=538, 99.99=4551] 
2020-10-09 14:15:17:318 293 sec: 500000 operations; 2385.54 current ops/sec; [CLEANUP: Count=1, Max=55, Min=55, Avg=55, 90=55, 99=55, 99.9=55, 99.99=55] [INSERT: Count=197, Max=548, Min=395, Avg=414.14, 90=434, 99=473, 99.9=548, 99.99=548] 
[OVERALL], RunTime(ms), 293085
[OVERALL], Throughput(ops/sec), 1705.9897299418258
[TOTAL_GCS_PS_MarkSweep], Count, 1
[TOTAL_GC_TIME_PS_MarkSweep], Time(ms), 38
[TOTAL_GC_TIME_%_PS_MarkSweep], Time(%), 0.012965521947557875
[TOTAL_GCS_PS_Scavenge], Count, 32
[TOTAL_GC_TIME_PS_Scavenge], Time(ms), 423
[TOTAL_GC_TIME_%_PS_Scavenge], Time(%), 0.14432673115307845
[TOTAL_GCs], Count, 33
[TOTAL_GC_TIME], Time(ms), 461
[TOTAL_GC_TIME_%], Time(%), 0.15729225310063633
[CLEANUP], Operations, 1
[CLEANUP], AverageLatency(us), 55.0
[CLEANUP], MinLatency(us), 55
[CLEANUP], MaxLatency(us), 55
[CLEANUP], 95thPercentileLatency(us), 55
[CLEANUP], 99thPercentileLatency(us), 55
[INSERT], Operations, 500000
[INSERT], AverageLatency(us), 583.6682
[INSERT], MinLatency(us), 365
[INSERT], MaxLatency(us), 31358975
[INSERT], 95thPercentileLatency(us), 520
[INSERT], 99thPercentileLatency(us), 634
[INSERT], Return=OK, 500000
