Command line: -load -s -db smarttrie.app.client.Client -P config/workload
YCSB Client 0.17.0

Loading workload...
Starting test.
DBWrapper: report latency for each error is false and specific error codes to track for latency are: []
2020-11-05 13:59:02:283 0 sec: 0 operations; est completion in 0 second 
2020-11-05 13:59:03:193 1 sec: 0 operations; est completion in 106751991167300 days 15 hours 
2020-11-05 13:59:03.291 [Thread-2] INFO  b.c.c.n.NettyClientServerCommunicationSystemClientSide - Connecting to replica 0 at /192.168.3.41:11000
2020-11-05 13:59:03.322 [nioEventLoopGroup-2-1] INFO  b.c.c.n.NettyClientServerCommunicationSystemClientSide - Channel active
2020-11-05 13:59:04:192 2 sec: 188 operations; 188 current ops/sec; est completion in 1 hour 28 minutes [INSERT: Count=190, Max=1397759, Min=1979, Avg=10354.36, 90=4089, 99=9287, 99.9=1397759, 99.99=1397759] 
2020-11-05 13:59:05:192 3 sec: 639 operations; 451 current ops/sec; est completion in 39 minutes [INSERT: Count=449, Max=6551, Min=1621, Avg=2155.58, 90=2611, 99=4083, 99.9=6551, 99.99=6551] 
2020-11-05 13:59:06:193 4 sec: 1191 operations; 552 current ops/sec; est completion in 27 minutes [INSERT: Count=552, Max=6495, Min=1264, Avg=1779.93, 90=1953, 99=3257, 99.9=4975, 99.99=6495] 
2020-11-05 13:59:07:193 5 sec: 1935 operations; 744 current ops/sec; est completion in 21 minutes [INSERT: Count=744, Max=5547, Min=835, Avg=1318.6, 90=1628, 99=2065, 99.9=4055, 99.99=5547] 
2020-11-05 13:59:08:192 6 sec: 3020 operations; 1085 current ops/sec; est completion in 16 minutes [INSERT: Count=1086, Max=3873, Min=753, Avg=907.25, 90=1031, 99=1183, 99.9=2777, 99.99=3873] 
2020-11-05 13:59:09:193 7 sec: 4036 operations; 1016 current ops/sec; est completion in 14 minutes [INSERT: Count=1016, Max=34431, Min=706, Avg=968.66, 90=1034, 99=1482, 99.9=3539, 99.99=34431] 
2020-11-05 13:59:10:193 8 sec: 5235 operations; 1199 current ops/sec; est completion in 12 minutes [INSERT: Count=1198, Max=8083, Min=679, Avg=815.44, 90=916, 99=1619, 99.9=7759, 99.99=8083] 
2020-11-05 13:59:11:192 9 sec: 6430 operations; 1195 current ops/sec; est completion in 11 minutes [INSERT: Count=1197, Max=11695, Min=630, Avg=821.63, 90=969, 99=1456, 99.9=6783, 99.99=11695] 
2020-11-05 13:59:12:192 10 sec: 7816 operations; 1386 current ops/sec; est completion in 10 minutes [INSERT: Count=1384, Max=8263, Min=598, Avg=708.82, 90=768, 99=1081, 99.9=6867, 99.99=8263] 
2020-11-05 13:59:13:192 11 sec: 9229 operations; 1413 current ops/sec; est completion in 9 minutes [INSERT: Count=1413, Max=39359, Min=577, Avg=695.1, 90=717, 99=916, 99.9=17023, 99.99=39359] 
2020-11-05 13:59:14:192 12 sec: 10784 operations; 1555 current ops/sec; est completion in 9 minutes [INSERT: Count=1555, Max=11511, Min=562, Avg=631.56, 90=666, 99=841, 99.9=2065, 99.99=11511] 
2020-11-05 13:59:15:192 13 sec: 12380 operations; 1596 current ops/sec; est completion in 8 minutes [INSERT: Count=1597, Max=5243, Min=548, Avg=620.15, 90=677, 99=906, 99.9=3001, 99.99=5243] 
2020-11-05 13:59:16:192 14 sec: 13963 operations; 1583 current ops/sec; est completion in 8 minutes [INSERT: Count=1584, Max=19839, Min=537, Avg=620.72, 90=655, 99=942, 99.9=4407, 99.99=19839] 
2020-11-05 13:59:17:192 15 sec: 15677 operations; 1714 current ops/sec; est completion in 7 minutes [INSERT: Count=1714, Max=5131, Min=510, Avg=577.57, 90=624, 99=736, 99.9=4647, 99.99=5131] 
2020-11-05 13:59:18:192 16 sec: 17472 operations; 1795 current ops/sec; est completion in 7 minutes [INSERT: Count=1795, Max=855, Min=512, Avg=552.05, 90=579, 99=697, 99.9=770, 99.99=855] 
2020-11-05 13:59:19:193 17 sec: 19225 operations; 1753 current ops/sec; est completion in 7 minutes [INSERT: Count=1753, Max=8327, Min=513, Avg=565.13, 90=586, 99=702, 99.9=4559, 99.99=8327] 
2020-11-05 13:59:20:192 18 sec: 20796 operations; 1571 current ops/sec; est completion in 6 minutes [INSERT: Count=1571, Max=84479, Min=529, Avg=630.05, 90=612, 99=693, 99.9=791, 99.99=84479] 
2020-11-05 13:59:21:192 19 sec: 22545 operations; 1749 current ops/sec; est completion in 6 minutes [INSERT: Count=1749, Max=805, Min=507, Avg=566.28, 90=592, 99=675, 99.9=733, 99.99=805] 
2020-11-05 13:59:22:192 20 sec: 24277 operations; 1732 current ops/sec; est completion in 6 minutes [INSERT: Count=1732, Max=1224, Min=533, Avg=571.89, 90=594, 99=686, 99.9=873, 99.99=1224] 
2020-11-05 13:59:23:192 21 sec: 25921 operations; 1644 current ops/sec; est completion in 6 minutes [INSERT: Count=1644, Max=12383, Min=526, Avg=601.64, 90=659, 99=945, 99.9=4851, 99.99=12383] 
2020-11-05 13:59:24:192 22 sec: 27620 operations; 1699 current ops/sec; est completion in 6 minutes [INSERT: Count=1699, Max=10591, Min=521, Avg=582.34, 90=609, 99=869, 99.9=1251, 99.99=10591] 
2020-11-05 13:59:25:192 23 sec: 29302 operations; 1682 current ops/sec; est completion in 6 minutes [INSERT: Count=1682, Max=26255, Min=527, Avg=588.4, 90=611, 99=698, 99.9=894, 99.99=26255] 
2020-11-05 13:59:26:192 24 sec: 31023 operations; 1721 current ops/sec; est completion in 6 minutes [INSERT: Count=1720, Max=9135, Min=512, Avg=575.22, 90=608, 99=705, 99.9=2387, 99.99=9135] 
2020-11-05 13:59:27:192 25 sec: 32806 operations; 1783 current ops/sec; est completion in 5 minutes [INSERT: Count=1784, Max=1877, Min=512, Avg=555.61, 90=588, 99=680, 99.9=804, 99.99=1877] 
2020-11-05 13:59:28:192 26 sec: 34485 operations; 1679 current ops/sec; est completion in 5 minutes [INSERT: Count=1679, Max=9623, Min=505, Avg=589.74, 90=621, 99=878, 99.9=6203, 99.99=9623] 
2020-11-05 13:59:29:192 27 sec: 36286 operations; 1801 current ops/sec; est completion in 5 minutes [INSERT: Count=1801, Max=7923, Min=504, Avg=549.76, 90=570, 99=679, 99.9=2221, 99.99=7923] 
2020-11-05 13:59:30:192 28 sec: 38060 operations; 1774 current ops/sec; est completion in 5 minutes [INSERT: Count=1774, Max=2283, Min=512, Avg=558.25, 90=593, 99=684, 99.9=899, 99.99=2283] 
2020-11-05 13:59:31:192 29 sec: 39748 operations; 1688 current ops/sec; est completion in 5 minutes [INSERT: Count=1687, Max=10119, Min=527, Avg=586.92, 90=611, 99=706, 99.9=1434, 99.99=10119] 
2020-11-05 13:59:32:193 30 sec: 41523 operations; 1775 current ops/sec; est completion in 5 minutes [INSERT: Count=1776, Max=5095, Min=500, Avg=557.12, 90=598, 99=686, 99.9=793, 99.99=5095] 
2020-11-05 13:59:33:192 31 sec: 43203 operations; 1680 current ops/sec; est completion in 5 minutes [INSERT: Count=1680, Max=4451, Min=514, Avg=589.46, 90=631, 99=706, 99.9=853, 99.99=4451] 
2020-11-05 13:59:34:192 32 sec: 44947 operations; 1744 current ops/sec; est completion in 5 minutes [INSERT: Count=1743, Max=6427, Min=500, Avg=567.97, 90=615, 99=706, 99.9=1237, 99.99=6427] 
2020-11-05 13:59:35:192 33 sec: 46653 operations; 1706 current ops/sec; est completion in 5 minutes [INSERT: Count=1706, Max=9039, Min=512, Avg=580.3, 90=613, 99=709, 99.9=864, 99.99=9039] 
2020-11-05 13:59:36:192 34 sec: 48388 operations; 1735 current ops/sec; est completion in 5 minutes [INSERT: Count=1735, Max=10423, Min=506, Avg=570.93, 90=595, 99=685, 99.9=1830, 99.99=10423] 
2020-11-05 13:59:37:192 35 sec: 50181 operations; 1793 current ops/sec; est completion in 5 minutes [INSERT: Count=1793, Max=10015, Min=500, Avg=551.92, 90=579, 99=661, 99.9=861, 99.99=10015] 
2020-11-05 13:59:38:193 36 sec: 51965 operations; 1784 current ops/sec; est completion in 5 minutes [INSERT: Count=1783, Max=5003, Min=507, Avg=554.02, 90=582, 99=716, 99.9=1300, 99.99=5003] 
2020-11-05 13:59:39:192 37 sec: 53737 operations; 1772 current ops/sec; est completion in 5 minutes [INSERT: Count=1773, Max=8099, Min=508, Avg=558.79, 90=583, 99=683, 99.9=1167, 99.99=8099] 
2020-11-05 13:59:40:192 38 sec: 55444 operations; 1707 current ops/sec; est completion in 5 minutes [INSERT: Count=1708, Max=34559, Min=511, Avg=579.96, 90=586, 99=676, 99.9=4339, 99.99=34559] 
2020-11-05 13:59:41:193 39 sec: 57214 operations; 1770 current ops/sec; est completion in 5 minutes [INSERT: Count=1769, Max=8047, Min=503, Avg=560.09, 90=598, 99=691, 99.9=837, 99.99=8047] 
2020-11-05 13:59:42:194 40 sec: 58659 operations; 1445 current ops/sec; est completion in 5 minutes [INSERT: Count=1447, Max=208383, Min=498, Avg=686.68, 90=569, 99=668, 99.9=4151, 99.99=208383] 
2020-11-05 13:59:43:192 41 sec: 60437 operations; 1778 current ops/sec; est completion in 4 minutes [INSERT: Count=1775, Max=4459, Min=495, Avg=555.9, 90=610, 99=679, 99.9=891, 99.99=4459] 
2020-11-05 13:59:44:192 42 sec: 62245 operations; 1808 current ops/sec; est completion in 4 minutes [INSERT: Count=1808, Max=8967, Min=493, Avg=547.5, 90=565, 99=652, 99.9=2137, 99.99=8967] 
2020-11-05 13:59:45:192 43 sec: 64093 operations; 1848 current ops/sec; est completion in 4 minutes [INSERT: Count=1848, Max=7255, Min=485, Avg=536.57, 90=561, 99=659, 99.9=1862, 99.99=7255] 
2020-11-05 13:59:46:192 44 sec: 65945 operations; 1852 current ops/sec; est completion in 4 minutes [INSERT: Count=1852, Max=3151, Min=490, Avg=535.85, 90=555, 99=653, 99.9=1771, 99.99=3151] 
2020-11-05 13:59:47:192 45 sec: 67800 operations; 1855 current ops/sec; est completion in 4 minutes [INSERT: Count=1855, Max=5395, Min=496, Avg=534.58, 90=552, 99=637, 99.9=815, 99.99=5395] 
2020-11-05 13:59:48:192 46 sec: 69621 operations; 1821 current ops/sec; est completion in 4 minutes [INSERT: Count=1821, Max=8583, Min=499, Avg=544.49, 90=577, 99=660, 99.9=2105, 99.99=8583] 
2020-11-05 13:59:49:192 47 sec: 71429 operations; 1808 current ops/sec; est completion in 4 minutes [INSERT: Count=1808, Max=8895, Min=500, Avg=548.46, 90=570, 99=670, 99.9=3803, 99.99=8895] 
2020-11-05 13:59:50:192 48 sec: 73255 operations; 1826 current ops/sec; est completion in 4 minutes [INSERT: Count=1826, Max=6187, Min=498, Avg=542.88, 90=567, 99=653, 99.9=4783, 99.99=6187] 
2020-11-05 13:59:51:192 49 sec: 75087 operations; 1832 current ops/sec; est completion in 4 minutes [INSERT: Count=1832, Max=9311, Min=499, Avg=541.41, 90=562, 99=655, 99.9=1337, 99.99=9311] 
2020-11-05 13:59:52:192 50 sec: 76938 operations; 1851 current ops/sec; est completion in 4 minutes [INSERT: Count=1851, Max=2581, Min=498, Avg=536.12, 90=560, 99=650, 99.9=859, 99.99=2581] 
2020-11-05 13:59:53:192 51 sec: 78699 operations; 1761 current ops/sec; est completion in 4 minutes [INSERT: Count=1762, Max=7771, Min=499, Avg=563.6, 90=592, 99=691, 99.9=1588, 99.99=7771] 
2020-11-05 13:59:54:193 52 sec: 80106 operations; 1407 current ops/sec; est completion in 4 minutes [INSERT: Count=1406, Max=144127, Min=482, Avg=705.6, 90=622, 99=1135, 99.9=11063, 99.99=144127] 
2020-11-05 13:59:55:192 53 sec: 81718 operations; 1612 current ops/sec; est completion in 4 minutes [INSERT: Count=1614, Max=27519, Min=502, Avg=615.43, 90=618, 99=1097, 99.9=10055, 99.99=27519] 
2020-11-05 13:59:56:192 54 sec: 83495 operations; 1777 current ops/sec; est completion in 4 minutes [INSERT: Count=1775, Max=9199, Min=503, Avg=558.45, 90=585, 99=662, 99.9=869, 99.99=9199] 
2020-11-05 13:59:57:192 55 sec: 85310 operations; 1815 current ops/sec; est completion in 4 minutes [INSERT: Count=1816, Max=1962, Min=496, Avg=546.96, 90=576, 99=655, 99.9=1225, 99.99=1962] 
2020-11-05 13:59:58:192 56 sec: 87107 operations; 1797 current ops/sec; est completion in 4 minutes [INSERT: Count=1797, Max=4479, Min=484, Avg=551.53, 90=589, 99=674, 99.9=1018, 99.99=4479] 
2020-11-05 13:59:59:192 57 sec: 88976 operations; 1869 current ops/sec; est completion in 4 minutes [INSERT: Count=1869, Max=1658, Min=487, Avg=531.16, 90=557, 99=643, 99.9=738, 99.99=1658] 
2020-11-05 14:00:00:192 58 sec: 90827 operations; 1851 current ops/sec; est completion in 4 minutes [INSERT: Count=1850, Max=789, Min=487, Avg=536.09, 90=563, 99=648, 99.9=741, 99.99=789] 
2020-11-05 14:00:01:192 59 sec: 92704 operations; 1877 current ops/sec; est completion in 4 minutes [INSERT: Count=1877, Max=746, Min=480, Avg=528.68, 90=556, 99=639, 99.9=696, 99.99=746] 
2020-11-05 14:00:02:192 60 sec: 94575 operations; 1871 current ops/sec; est completion in 4 minutes [INSERT: Count=1872, Max=4551, Min=483, Avg=529.95, 90=554, 99=633, 99.9=1019, 99.99=4551] 
2020-11-05 14:00:03:192 61 sec: 96442 operations; 1867 current ops/sec; est completion in 4 minutes [INSERT: Count=1866, Max=986, Min=488, Avg=531.58, 90=561, 99=641, 99.9=690, 99.99=986] 
2020-11-05 14:00:04:192 62 sec: 97718 operations; 1276 current ops/sec; est completion in 4 minutes [INSERT: Count=1277, Max=304383, Min=490, Avg=778.36, 90=565, 99=649, 99.9=6499, 99.99=304383] 
2020-11-05 14:00:05:192 63 sec: 99506 operations; 1788 current ops/sec; est completion in 4 minutes [INSERT: Count=1787, Max=9791, Min=493, Avg=554.94, 90=568, 99=644, 99.9=7731, 99.99=9791] 
2020-11-05 14:00:06:192 64 sec: 101362 operations; 1856 current ops/sec; est completion in 4 minutes [INSERT: Count=1857, Max=4295, Min=490, Avg=534.26, 90=558, 99=638, 99.9=856, 99.99=4295] 
2020-11-05 14:00:07:192 65 sec: 103171 operations; 1809 current ops/sec; est completion in 4 minutes [INSERT: Count=1808, Max=11447, Min=471, Avg=548.42, 90=576, 99=662, 99.9=5403, 99.99=11447] 
2020-11-05 14:00:08:193 66 sec: 104995 operations; 1824 current ops/sec; est completion in 4 minutes [INSERT: Count=1826, Max=10791, Min=481, Avg=544.09, 90=574, 99=653, 99.9=829, 99.99=10791] 
2020-11-05 14:00:09:192 67 sec: 106839 operations; 1844 current ops/sec; est completion in 4 minutes [INSERT: Count=1843, Max=11319, Min=479, Avg=537.77, 90=562, 99=640, 99.9=714, 99.99=11319] 
2020-11-05 14:00:10:192 68 sec: 108648 operations; 1809 current ops/sec; est completion in 4 minutes [INSERT: Count=1808, Max=2905, Min=490, Avg=547.78, 90=582, 99=677, 99.9=1874, 99.99=2905] 
2020-11-05 14:00:11:192 69 sec: 110407 operations; 1759 current ops/sec; est completion in 4 minutes [INSERT: Count=1759, Max=28191, Min=490, Avg=563.41, 90=565, 99=645, 99.9=7367, 99.99=28191] 
2020-11-05 14:00:12:192 70 sec: 112209 operations; 1802 current ops/sec; est completion in 4 minutes [INSERT: Count=1803, Max=7263, Min=495, Avg=550.44, 90=571, 99=661, 99.9=2745, 99.99=7263] 
2020-11-05 14:00:13:192 71 sec: 114040 operations; 1831 current ops/sec; est completion in 4 minutes [INSERT: Count=1830, Max=8935, Min=476, Avg=541.68, 90=561, 99=668, 99.9=3929, 99.99=8935] 
2020-11-05 14:00:14:192 72 sec: 115873 operations; 1833 current ops/sec; est completion in 3 minutes [INSERT: Count=1833, Max=8671, Min=492, Avg=541.24, 90=562, 99=654, 99.9=1140, 99.99=8671] 
2020-11-05 14:00:15:192 73 sec: 117734 operations; 1861 current ops/sec; est completion in 3 minutes [INSERT: Count=1861, Max=747, Min=491, Avg=533.17, 90=558, 99=645, 99.9=694, 99.99=747] 
2020-11-05 14:00:16:192 74 sec: 119483 operations; 1749 current ops/sec; est completion in 3 minutes [INSERT: Count=1750, Max=22367, Min=494, Avg=567.53, 90=565, 99=669, 99.9=7491, 99.99=22367] 
2020-11-05 14:00:17:192 75 sec: 121277 operations; 1794 current ops/sec; est completion in 3 minutes [INSERT: Count=1793, Max=2245, Min=494, Avg=553.5, 90=589, 99=669, 99.9=827, 99.99=2245] 
2020-11-05 14:00:18:192 76 sec: 123102 operations; 1825 current ops/sec; est completion in 3 minutes [INSERT: Count=1826, Max=4187, Min=492, Avg=543.55, 90=586, 99=659, 99.9=777, 99.99=4187] 
2020-11-05 14:00:19:192 77 sec: 124956 operations; 1854 current ops/sec; est completion in 3 minutes [INSERT: Count=1853, Max=880, Min=489, Avg=535.22, 90=573, 99=646, 99.9=703, 99.99=880] 
2020-11-05 14:00:20:192 78 sec: 126803 operations; 1847 current ops/sec; est completion in 3 minutes [INSERT: Count=1848, Max=927, Min=493, Avg=537.31, 90=575, 99=648, 99.9=841, 99.99=927] 
2020-11-05 14:00:21:192 79 sec: 128665 operations; 1862 current ops/sec; est completion in 3 minutes [INSERT: Count=1862, Max=721, Min=482, Avg=533.17, 90=565, 99=631, 99.9=666, 99.99=721] 
2020-11-05 14:00:22:192 80 sec: 130401 operations; 1736 current ops/sec; est completion in 3 minutes [INSERT: Count=1736, Max=27407, Min=491, Avg=571.63, 90=584, 99=704, 99.9=4851, 99.99=27407] 
2020-11-05 14:00:23:192 81 sec: 132220 operations; 1819 current ops/sec; est completion in 3 minutes [INSERT: Count=1818, Max=1951, Min=496, Avg=546, 90=580, 99=656, 99.9=1278, 99.99=1951] 
2020-11-05 14:00:24:192 82 sec: 134058 operations; 1838 current ops/sec; est completion in 3 minutes [INSERT: Count=1838, Max=5507, Min=471, Avg=539.77, 90=573, 99=648, 99.9=923, 99.99=5507] 
2020-11-05 14:00:25:192 83 sec: 135933 operations; 1875 current ops/sec; est completion in 3 minutes [INSERT: Count=1876, Max=1916, Min=489, Avg=529.41, 90=561, 99=641, 99.9=735, 99.99=1916] 
2020-11-05 14:00:26:192 84 sec: 137769 operations; 1836 current ops/sec; est completion in 3 minutes [INSERT: Count=1836, Max=6347, Min=478, Avg=540.41, 90=574, 99=648, 99.9=1211, 99.99=6347] 
2020-11-05 14:00:27:192 85 sec: 138943 operations; 1174 current ops/sec; est completion in 3 minutes [INSERT: Count=1174, Max=314623, Min=501, Avg=847.41, 90=570, 99=652, 99.9=48959, 99.99=314623] 
2020-11-05 14:00:28:192 86 sec: 140808 operations; 1865 current ops/sec; est completion in 3 minutes [INSERT: Count=1865, Max=973, Min=484, Avg=532.07, 90=565, 99=641, 99.9=767, 99.99=973] 
2020-11-05 14:00:29:192 87 sec: 142638 operations; 1830 current ops/sec; est completion in 3 minutes [INSERT: Count=1829, Max=9471, Min=483, Avg=541.74, 90=559, 99=656, 99.9=3735, 99.99=9471] 
2020-11-05 14:00:30:192 88 sec: 144475 operations; 1837 current ops/sec; est completion in 3 minutes [INSERT: Count=1837, Max=10743, Min=491, Avg=539.99, 90=568, 99=646, 99.9=725, 99.99=10743] 
2020-11-05 14:00:31:192 89 sec: 146313 operations; 1838 current ops/sec; est completion in 3 minutes [INSERT: Count=1838, Max=2469, Min=487, Avg=539.38, 90=568, 99=642, 99.9=738, 99.99=2469] 
2020-11-05 14:00:32:192 90 sec: 148088 operations; 1775 current ops/sec; est completion in 3 minutes [INSERT: Count=1775, Max=29775, Min=485, Avg=559.23, 90=568, 99=645, 99.9=2129, 99.99=29775] 
2020-11-05 14:00:33:192 91 sec: 149959 operations; 1871 current ops/sec; est completion in 3 minutes [INSERT: Count=1871, Max=3191, Min=474, Avg=530.25, 90=560, 99=645, 99.9=752, 99.99=3191] 
2020-11-05 14:00:34:192 92 sec: 151831 operations; 1872 current ops/sec; est completion in 3 minutes [INSERT: Count=1872, Max=1224, Min=488, Avg=530.53, 90=557, 99=639, 99.9=792, 99.99=1224] 
2020-11-05 14:00:35:192 93 sec: 153715 operations; 1884 current ops/sec; est completion in 3 minutes [INSERT: Count=1885, Max=3437, Min=475, Avg=526.6, 90=553, 99=628, 99.9=819, 99.99=3437] 
2020-11-05 14:00:36:192 94 sec: 155607 operations; 1892 current ops/sec; est completion in 3 minutes [INSERT: Count=1892, Max=729, Min=478, Avg=524.62, 90=550, 99=628, 99.9=687, 99.99=729] 
2020-11-05 14:00:37:192 95 sec: 157478 operations; 1871 current ops/sec; est completion in 3 minutes [INSERT: Count=1870, Max=2257, Min=491, Avg=530.66, 90=555, 99=639, 99.9=790, 99.99=2257] 
2020-11-05 14:00:38:192 96 sec: 159404 operations; 1926 current ops/sec; est completion in 3 minutes [INSERT: Count=1927, Max=754, Min=466, Avg=515.61, 90=541, 99=622, 99.9=738, 99.99=754] 
2020-11-05 14:00:39:192 97 sec: 161328 operations; 1924 current ops/sec; est completion in 3 minutes [INSERT: Count=1924, Max=8527, Min=469, Avg=516.05, 90=537, 99=618, 99.9=664, 99.99=8527] 
2020-11-05 14:00:40:192 98 sec: 163183 operations; 1855 current ops/sec; est completion in 3 minutes [INSERT: Count=1854, Max=3637, Min=480, Avg=535.01, 90=570, 99=644, 99.9=756, 99.99=3637] 
2020-11-05 14:00:41:192 99 sec: 165059 operations; 1876 current ops/sec; est completion in 3 minutes [INSERT: Count=1876, Max=7547, Min=482, Avg=528.93, 90=545, 99=638, 99.9=1896, 99.99=7547] 
2020-11-05 14:00:42:192 100 sec: 166941 operations; 1882 current ops/sec; est completion in 3 minutes [INSERT: Count=1882, Max=2605, Min=482, Avg=526.97, 90=553, 99=636, 99.9=721, 99.99=2605] 
2020-11-05 14:00:43:192 101 sec: 168813 operations; 1872 current ops/sec; est completion in 3 minutes [INSERT: Count=1872, Max=2173, Min=492, Avg=530.02, 90=554, 99=635, 99.9=744, 99.99=2173] 
2020-11-05 14:00:44:193 102 sec: 170654 operations; 1841 current ops/sec; est completion in 3 minutes [INSERT: Count=1842, Max=11015, Min=491, Avg=539.64, 90=560, 99=642, 99.9=1966, 99.99=11015] 
2020-11-05 14:00:45:192 103 sec: 172507 operations; 1853 current ops/sec; est completion in 3 minutes [INSERT: Count=1852, Max=926, Min=479, Avg=535.41, 90=563, 99=646, 99.9=763, 99.99=926] 
2020-11-05 14:00:46:192 104 sec: 174388 operations; 1881 current ops/sec; est completion in 3 minutes [INSERT: Count=1881, Max=8179, Min=485, Avg=527.04, 90=548, 99=627, 99.9=689, 99.99=8179] 
2020-11-05 14:00:47:192 105 sec: 176248 operations; 1860 current ops/sec; est completion in 3 minutes [INSERT: Count=1861, Max=1754, Min=482, Avg=533.85, 90=567, 99=647, 99.9=757, 99.99=1754] 
2020-11-05 14:00:48:192 106 sec: 178067 operations; 1819 current ops/sec; est completion in 3 minutes [INSERT: Count=1819, Max=8799, Min=497, Avg=545.19, 90=577, 99=643, 99.9=817, 99.99=8799] 
2020-11-05 14:00:49:192 107 sec: 179925 operations; 1858 current ops/sec; est completion in 3 minutes [INSERT: Count=1857, Max=722, Min=479, Avg=534.25, 90=569, 99=643, 99.9=703, 99.99=722] 
2020-11-05 14:00:50:192 108 sec: 181146 operations; 1221 current ops/sec; est completion in 3 minutes [INSERT: Count=1222, Max=349183, Min=492, Avg=814.03, 90=564, 99=656, 99.9=1866, 99.99=349183] 
2020-11-05 14:00:51:192 109 sec: 183037 operations; 1891 current ops/sec; est completion in 3 minutes [INSERT: Count=1890, Max=752, Min=478, Avg=524.58, 90=559, 99=623, 99.9=698, 99.99=752] 
2020-11-05 14:00:52:192 110 sec: 184908 operations; 1871 current ops/sec; est completion in 3 minutes [INSERT: Count=1871, Max=1469, Min=483, Avg=530.32, 90=564, 99=653, 99.9=1242, 99.99=1469] 
2020-11-05 14:00:53:192 111 sec: 186769 operations; 1861 current ops/sec; est completion in 3 minutes [INSERT: Count=1861, Max=9607, Min=491, Avg=533.08, 90=555, 99=640, 99.9=1258, 99.99=9607] 
2020-11-05 14:00:54:192 112 sec: 188579 operations; 1810 current ops/sec; est completion in 3 minutes [INSERT: Count=1810, Max=11615, Min=494, Avg=548.05, 90=571, 99=670, 99.9=1084, 99.99=11615] 
2020-11-05 14:00:55:192 113 sec: 190410 operations; 1831 current ops/sec; est completion in 3 minutes [INSERT: Count=1831, Max=2527, Min=498, Avg=541.65, 90=568, 99=643, 99.9=891, 99.99=2527] 
2020-11-05 14:00:56:192 114 sec: 192091 operations; 1681 current ops/sec; est completion in 3 minutes [INSERT: Count=1682, Max=20671, Min=501, Avg=590.16, 90=637, 99=897, 99.9=5455, 99.99=20671] 
2020-11-05 14:00:57:192 115 sec: 193875 operations; 1784 current ops/sec; est completion in 3 minutes [INSERT: Count=1783, Max=1833, Min=492, Avg=553.28, 90=587, 99=885, 99.9=1414, 99.99=1833] 
2020-11-05 14:00:58:192 116 sec: 195730 operations; 1855 current ops/sec; est completion in 3 minutes [INSERT: Count=1855, Max=7255, Min=485, Avg=537.6, 90=564, 99=648, 99.9=765, 99.99=7255] 
2020-11-05 14:00:59:192 117 sec: 197585 operations; 1855 current ops/sec; est completion in 3 minutes [INSERT: Count=1856, Max=2983, Min=491, Avg=534.87, 90=560, 99=641, 99.9=1119, 99.99=2983] 
2020-11-05 14:01:00:192 118 sec: 199455 operations; 1870 current ops/sec; est completion in 2 minutes [INSERT: Count=1870, Max=6547, Min=474, Avg=530.46, 90=555, 99=640, 99.9=785, 99.99=6547] 
2020-11-05 14:01:01:192 119 sec: 201312 operations; 1857 current ops/sec; est completion in 2 minutes [INSERT: Count=1856, Max=10519, Min=484, Avg=533.98, 90=554, 99=654, 99.9=1414, 99.99=10519] 
2020-11-05 14:01:02:192 120 sec: 203159 operations; 1847 current ops/sec; est completion in 2 minutes [INSERT: Count=1847, Max=6567, Min=486, Avg=536.54, 90=556, 99=646, 99.9=2095, 99.99=6567] 
2020-11-05 14:01:03:192 121 sec: 205015 operations; 1856 current ops/sec; est completion in 2 minutes [INSERT: Count=1856, Max=5715, Min=484, Avg=534.24, 90=556, 99=653, 99.9=2027, 99.99=5715] 
2020-11-05 14:01:04:192 122 sec: 206867 operations; 1852 current ops/sec; est completion in 2 minutes [INSERT: Count=1852, Max=7943, Min=483, Avg=535.38, 90=557, 99=639, 99.9=1705, 99.99=7943] 
2020-11-05 14:01:05:192 123 sec: 208672 operations; 1805 current ops/sec; est completion in 2 minutes [INSERT: Count=1806, Max=7519, Min=506, Avg=548.94, 90=569, 99=639, 99.9=3045, 99.99=7519] 
2020-11-05 14:01:06:192 124 sec: 210465 operations; 1793 current ops/sec; est completion in 2 minutes [INSERT: Count=1792, Max=9351, Min=491, Avg=553.13, 90=570, 99=656, 99.9=1692, 99.99=9351] 
2020-11-05 14:01:07:192 125 sec: 212252 operations; 1787 current ops/sec; est completion in 2 minutes [INSERT: Count=1787, Max=29103, Min=496, Avg=555.02, 90=564, 99=650, 99.9=2369, 99.99=29103] 
2020-11-05 14:01:08:192 126 sec: 214125 operations; 1873 current ops/sec; est completion in 2 minutes [INSERT: Count=1874, Max=2421, Min=476, Avg=529.85, 90=554, 99=639, 99.9=873, 99.99=2421] 
2020-11-05 14:01:09:192 127 sec: 215991 operations; 1866 current ops/sec; est completion in 2 minutes [INSERT: Count=1865, Max=3335, Min=486, Avg=531.8, 90=555, 99=632, 99.9=722, 99.99=3335] 
2020-11-05 14:01:10:193 128 sec: 217832 operations; 1841 current ops/sec; est completion in 2 minutes [INSERT: Count=1841, Max=8147, Min=486, Avg=539.09, 90=557, 99=636, 99.9=2679, 99.99=8147] 
2020-11-05 14:01:11:192 129 sec: 219729 operations; 1897 current ops/sec; est completion in 2 minutes [INSERT: Count=1898, Max=2691, Min=474, Avg=522.8, 90=545, 99=623, 99.9=698, 99.99=2691] 
2020-11-05 14:01:12:192 130 sec: 221573 operations; 1844 current ops/sec; est completion in 2 minutes [INSERT: Count=1844, Max=8839, Min=490, Avg=537.88, 90=553, 99=634, 99.9=5207, 99.99=8839] 
2020-11-05 14:01:13:192 131 sec: 223427 operations; 1854 current ops/sec; est completion in 2 minutes [INSERT: Count=1853, Max=13551, Min=483, Avg=535.23, 90=554, 99=636, 99.9=829, 99.99=13551] 
2020-11-05 14:01:14:192 132 sec: 225167 operations; 1740 current ops/sec; est completion in 2 minutes [INSERT: Count=1740, Max=4391, Min=493, Avg=526.85, 90=547, 99=648, 99.9=782, 99.99=4391] 
2020-11-05 14:01:15:192 133 sec: 226529 operations; 1362 current ops/sec; est completion in 2 minutes [INSERT: Count=1362, Max=358399, Min=484, Avg=785.14, 90=545, 99=627, 99.9=734, 99.99=358399] 
2020-11-05 14:01:16:192 134 sec: 228394 operations; 1865 current ops/sec; est completion in 2 minutes [INSERT: Count=1865, Max=9311, Min=488, Avg=531.86, 90=547, 99=625, 99.9=719, 99.99=9311] 
2020-11-05 14:01:17:192 135 sec: 230281 operations; 1887 current ops/sec; est completion in 2 minutes [INSERT: Count=1888, Max=2317, Min=490, Avg=525.63, 90=546, 99=622, 99.9=778, 99.99=2317] 
2020-11-05 14:01:18:192 136 sec: 232171 operations; 1890 current ops/sec; est completion in 2 minutes [INSERT: Count=1889, Max=9559, Min=475, Avg=525.1, 90=542, 99=623, 99.9=1531, 99.99=9559] 
2020-11-05 14:01:19:192 137 sec: 234035 operations; 1864 current ops/sec; est completion in 2 minutes [INSERT: Count=1864, Max=14839, Min=487, Avg=532.01, 90=543, 99=624, 99.9=864, 99.99=14839] 
2020-11-05 14:01:20:192 138 sec: 235903 operations; 1868 current ops/sec; est completion in 2 minutes [INSERT: Count=1868, Max=6359, Min=485, Avg=531.11, 90=549, 99=658, 99.9=2061, 99.99=6359] 
2020-11-05 14:01:21:192 139 sec: 237784 operations; 1881 current ops/sec; est completion in 2 minutes [INSERT: Count=1882, Max=4559, Min=472, Avg=527.43, 90=551, 99=635, 99.9=1200, 99.99=4559] 
2020-11-05 14:01:22:192 140 sec: 239640 operations; 1856 current ops/sec; est completion in 2 minutes [INSERT: Count=1855, Max=10951, Min=492, Avg=534.55, 90=552, 99=647, 99.9=1045, 99.99=10951] 
2020-11-05 14:01:23:192 141 sec: 241534 operations; 1894 current ops/sec; est completion in 2 minutes [INSERT: Count=1894, Max=2123, Min=488, Avg=523.93, 90=544, 99=630, 99.9=969, 99.99=2123] 
2020-11-05 14:01:24:192 142 sec: 243413 operations; 1879 current ops/sec; est completion in 2 minutes [INSERT: Count=1879, Max=11311, Min=480, Avg=527.64, 90=544, 99=620, 99.9=2445, 99.99=11311] 
2020-11-05 14:01:25:192 143 sec: 245280 operations; 1867 current ops/sec; est completion in 2 minutes [INSERT: Count=1867, Max=8207, Min=485, Avg=531.2, 90=550, 99=630, 99.9=3359, 99.99=8207] 
2020-11-05 14:01:26:192 144 sec: 247170 operations; 1890 current ops/sec; est completion in 2 minutes [INSERT: Count=1891, Max=1448, Min=480, Avg=525.31, 90=553, 99=627, 99.9=756, 99.99=1448] 
2020-11-05 14:01:27:192 145 sec: 248643 operations; 1473 current ops/sec; est completion in 2 minutes [INSERT: Count=1472, Max=12415, Min=479, Avg=547.21, 90=593, 99=673, 99.9=10359, 99.99=12415] 
2020-11-05 14:01:28:193 146 sec: 250405 operations; 1762 current ops/sec; est completion in 2 minutes [INSERT: Count=1762, Max=242047, Min=461, Avg=669.94, 90=552, 99=861, 99.9=7859, 99.99=242047] 
2020-11-05 14:01:29:192 147 sec: 252311 operations; 1906 current ops/sec; est completion in 2 minutes [INSERT: Count=1906, Max=4171, Min=471, Avg=520.05, 90=543, 99=880, 99.9=1138, 99.99=4171] 
2020-11-05 14:01:30:192 148 sec: 254249 operations; 1938 current ops/sec; est completion in 2 minutes [INSERT: Count=1939, Max=1862, Min=474, Avg=512.09, 90=532, 99=624, 99.9=1166, 99.99=1862] 
2020-11-05 14:01:31:192 149 sec: 256191 operations; 1942 current ops/sec; est completion in 2 minutes [INSERT: Count=1941, Max=4859, Min=470, Avg=510.69, 90=530, 99=615, 99.9=793, 99.99=4859] 
2020-11-05 14:01:32:192 150 sec: 258128 operations; 1937 current ops/sec; est completion in 2 minutes [INSERT: Count=1938, Max=5515, Min=471, Avg=512.21, 90=530, 99=618, 99.9=2313, 99.99=5515] 
2020-11-05 14:01:33:192 151 sec: 259985 operations; 1857 current ops/sec; est completion in 2 minutes [INSERT: Count=1857, Max=5723, Min=469, Avg=534.1, 90=565, 99=922, 99.9=2153, 99.99=5723] 
2020-11-05 14:01:34:192 152 sec: 261900 operations; 1915 current ops/sec; est completion in 2 minutes [INSERT: Count=1914, Max=10375, Min=463, Avg=517.71, 90=535, 99=627, 99.9=1694, 99.99=10375] 
2020-11-05 14:01:35:192 153 sec: 263797 operations; 1897 current ops/sec; est completion in 2 minutes [INSERT: Count=1898, Max=7963, Min=465, Avg=522.81, 90=543, 99=642, 99.9=2743, 99.99=7963] 
2020-11-05 14:01:36:192 154 sec: 265694 operations; 1897 current ops/sec; est completion in 2 minutes [INSERT: Count=1896, Max=9167, Min=470, Avg=522.39, 90=537, 99=623, 99.9=3237, 99.99=9167] 
2020-11-05 14:01:37:192 155 sec: 267600 operations; 1906 current ops/sec; est completion in 2 minutes [INSERT: Count=1907, Max=8895, Min=461, Avg=520.27, 90=538, 99=625, 99.9=2497, 99.99=8895] 
2020-11-05 14:01:38:192 156 sec: 269488 operations; 1888 current ops/sec; est completion in 2 minutes [INSERT: Count=1888, Max=1496, Min=482, Avg=525.81, 90=552, 99=631, 99.9=663, 99.99=1496] 
2020-11-05 14:01:39:192 157 sec: 271319 operations; 1831 current ops/sec; est completion in 2 minutes [INSERT: Count=1831, Max=9375, Min=484, Avg=541.95, 90=561, 99=643, 99.9=709, 99.99=9375] 
2020-11-05 14:01:40:192 158 sec: 272532 operations; 1213 current ops/sec; est completion in 2 minutes [INSERT: Count=1213, Max=340223, Min=497, Avg=819.77, 90=560, 99=653, 99.9=5779, 99.99=340223] 
2020-11-05 14:01:41:192 159 sec: 274393 operations; 1861 current ops/sec; est completion in 2 minutes [INSERT: Count=1860, Max=9919, Min=485, Avg=532.64, 90=550, 99=636, 99.9=1238, 99.99=9919] 
2020-11-05 14:01:42:192 160 sec: 276219 operations; 1826 current ops/sec; est completion in 2 minutes [INSERT: Count=1826, Max=36063, Min=487, Avg=543.32, 90=545, 99=618, 99.9=924, 99.99=36063] 
2020-11-05 14:01:43:192 161 sec: 278096 operations; 1877 current ops/sec; est completion in 2 minutes [INSERT: Count=1877, Max=8479, Min=485, Avg=528.82, 90=548, 99=629, 99.9=726, 99.99=8479] 
2020-11-05 14:01:44:192 162 sec: 279990 operations; 1894 current ops/sec; est completion in 2 minutes [INSERT: Count=1894, Max=761, Min=489, Avg=524.11, 90=545, 99=625, 99.9=683, 99.99=761] 
2020-11-05 14:01:45:192 163 sec: 281879 operations; 1889 current ops/sec; est completion in 2 minutes [INSERT: Count=1890, Max=1018, Min=485, Avg=525.35, 90=547, 99=628, 99.9=702, 99.99=1018] 
2020-11-05 14:01:46:192 164 sec: 283775 operations; 1896 current ops/sec; est completion in 2 minutes [INSERT: Count=1896, Max=5395, Min=473, Avg=523.54, 90=545, 99=628, 99.9=724, 99.99=5395] 
2020-11-05 14:01:47:192 165 sec: 285660 operations; 1885 current ops/sec; est completion in 2 minutes [INSERT: Count=1884, Max=8311, Min=485, Avg=526.42, 90=543, 99=622, 99.9=710, 99.99=8311] 
2020-11-05 14:01:48:192 166 sec: 287522 operations; 1862 current ops/sec; est completion in 2 minutes [INSERT: Count=1862, Max=11263, Min=477, Avg=532.66, 90=547, 99=632, 99.9=713, 99.99=11263] 
2020-11-05 14:01:49:192 167 sec: 289400 operations; 1878 current ops/sec; est completion in 2 minutes [INSERT: Count=1878, Max=5959, Min=488, Avg=528.17, 90=547, 99=633, 99.9=1666, 99.99=5959] 
2020-11-05 14:01:50:192 168 sec: 291302 operations; 1902 current ops/sec; est completion in 2 minutes [INSERT: Count=1902, Max=8175, Min=467, Avg=521.83, 90=544, 99=624, 99.9=765, 99.99=8175] 
2020-11-05 14:01:51:192 169 sec: 293216 operations; 1914 current ops/sec; est completion in 2 minutes [INSERT: Count=1914, Max=11767, Min=468, Avg=518.09, 90=531, 99=610, 99.9=801, 99.99=11767] 
2020-11-05 14:01:52:192 170 sec: 295155 operations; 1939 current ops/sec; est completion in 1 minute [INSERT: Count=1939, Max=3141, Min=473, Avg=511.7, 90=533, 99=617, 99.9=919, 99.99=3141] 
2020-11-05 14:01:53:192 171 sec: 297067 operations; 1912 current ops/sec; est completion in 1 minute [INSERT: Count=1912, Max=4983, Min=486, Avg=518.7, 90=535, 99=613, 99.9=967, 99.99=4983] 
2020-11-05 14:01:54:192 172 sec: 298412 operations; 1345 current ops/sec; est completion in 1 minute [INSERT: Count=1346, Max=310271, Min=474, Avg=739.23, 90=530, 99=617, 99.9=1920, 99.99=310271] 
2020-11-05 14:01:55:192 173 sec: 300375 operations; 1963 current ops/sec; est completion in 1 minute [INSERT: Count=1963, Max=4331, Min=462, Avg=505.31, 90=525, 99=607, 99.9=761, 99.99=4331] 
2020-11-05 14:01:56:192 174 sec: 302336 operations; 1961 current ops/sec; est completion in 1 minute [INSERT: Count=1961, Max=760, Min=457, Avg=506.1, 90=528, 99=609, 99.9=668, 99.99=760] 
2020-11-05 14:01:57:192 175 sec: 304279 operations; 1943 current ops/sec; est completion in 1 minute [INSERT: Count=1943, Max=7183, Min=475, Avg=510.74, 90=529, 99=605, 99.9=696, 99.99=7183] 
2020-11-05 14:01:58:192 176 sec: 306224 operations; 1945 current ops/sec; est completion in 1 minute [INSERT: Count=1944, Max=1017, Min=479, Avg=510.41, 90=530, 99=618, 99.9=763, 99.99=1017] 
2020-11-05 14:01:59:192 177 sec: 308172 operations; 1948 current ops/sec; est completion in 1 minute [INSERT: Count=1949, Max=8079, Min=460, Avg=509.2, 90=528, 99=607, 99.9=655, 99.99=8079] 
2020-11-05 14:02:00:192 178 sec: 310097 operations; 1925 current ops/sec; est completion in 1 minute [INSERT: Count=1925, Max=7139, Min=482, Avg=515.41, 90=531, 99=620, 99.9=1158, 99.99=7139] 
2020-11-05 14:02:01:192 179 sec: 312033 operations; 1936 current ops/sec; est completion in 1 minute [INSERT: Count=1935, Max=4123, Min=470, Avg=512.64, 90=533, 99=612, 99.9=831, 99.99=4123] 
2020-11-05 14:02:02:192 180 sec: 314008 operations; 1975 current ops/sec; est completion in 1 minute [INSERT: Count=1976, Max=1062, Min=458, Avg=502.25, 90=523, 99=611, 99.9=742, 99.99=1062] 
2020-11-05 14:02:03:192 181 sec: 315943 operations; 1935 current ops/sec; est completion in 1 minute [INSERT: Count=1934, Max=4987, Min=473, Avg=512.82, 90=531, 99=615, 99.9=876, 99.99=4987] 
2020-11-05 14:02:04:192 182 sec: 317784 operations; 1841 current ops/sec; est completion in 1 minute [INSERT: Count=1842, Max=12687, Min=453, Avg=538.91, 90=548, 99=864, 99.9=6879, 99.99=12687] 
2020-11-05 14:02:05:192 183 sec: 319677 operations; 1893 current ops/sec; est completion in 1 minute [INSERT: Count=1893, Max=4435, Min=469, Avg=524.15, 90=551, 99=844, 99.9=971, 99.99=4435] 
2020-11-05 14:02:06:192 184 sec: 321612 operations; 1935 current ops/sec; est completion in 1 minute [INSERT: Count=1935, Max=2415, Min=474, Avg=512.48, 90=533, 99=625, 99.9=814, 99.99=2415] 
2020-11-05 14:02:07:192 185 sec: 323564 operations; 1952 current ops/sec; est completion in 1 minute [INSERT: Count=1951, Max=822, Min=475, Avg=508.55, 90=531, 99=612, 99.9=704, 99.99=822] 
2020-11-05 14:02:08:192 186 sec: 325085 operations; 1521 current ops/sec; est completion in 1 minute [INSERT: Count=1522, Max=221055, Min=463, Avg=652.94, 90=529, 99=616, 99.9=912, 99.99=221055] 
2020-11-05 14:02:09:192 187 sec: 327041 operations; 1956 current ops/sec; est completion in 1 minute [INSERT: Count=1955, Max=1525, Min=466, Avg=507.55, 90=531, 99=609, 99.9=685, 99.99=1525] 
2020-11-05 14:02:10:192 188 sec: 328991 operations; 1950 current ops/sec; est completion in 1 minute [INSERT: Count=1951, Max=704, Min=458, Avg=508.93, 90=531, 99=607, 99.9=649, 99.99=704] 
2020-11-05 14:02:11:192 189 sec: 330947 operations; 1956 current ops/sec; est completion in 1 minute [INSERT: Count=1956, Max=1621, Min=472, Avg=507.39, 90=528, 99=603, 99.9=736, 99.99=1621] 
2020-11-05 14:02:12:192 190 sec: 332894 operations; 1947 current ops/sec; est completion in 1 minute [INSERT: Count=1947, Max=1013, Min=458, Avg=509.73, 90=532, 99=614, 99.9=670, 99.99=1013] 
2020-11-05 14:02:13:192 191 sec: 334833 operations; 1939 current ops/sec; est completion in 1 minute [INSERT: Count=1938, Max=1529, Min=459, Avg=511.93, 90=532, 99=622, 99.9=1472, 99.99=1529] 
2020-11-05 14:02:14:192 192 sec: 336740 operations; 1907 current ops/sec; est completion in 1 minute [INSERT: Count=1908, Max=1813, Min=479, Avg=516.63, 90=536, 99=621, 99.9=739, 99.99=1813] 
2020-11-05 14:02:15:192 193 sec: 338620 operations; 1880 current ops/sec; est completion in 1 minute [INSERT: Count=1879, Max=28335, Min=478, Avg=527.77, 90=529, 99=619, 99.9=1471, 99.99=28335] 
2020-11-05 14:02:16:192 194 sec: 340566 operations; 1946 current ops/sec; est completion in 1 minute [INSERT: Count=1946, Max=7455, Min=465, Avg=509.48, 90=524, 99=603, 99.9=726, 99.99=7455] 
2020-11-05 14:02:17:192 195 sec: 342507 operations; 1941 current ops/sec; est completion in 1 minute [INSERT: Count=1941, Max=3127, Min=476, Avg=511.06, 90=530, 99=610, 99.9=1291, 99.99=3127] 
2020-11-05 14:02:18:192 196 sec: 344476 operations; 1969 current ops/sec; est completion in 1 minute [INSERT: Count=1970, Max=1969, Min=470, Avg=504.31, 90=524, 99=604, 99.9=719, 99.99=1969] 
2020-11-05 14:02:19:192 197 sec: 346402 operations; 1926 current ops/sec; est completion in 1 minute [INSERT: Count=1925, Max=8071, Min=469, Avg=514.52, 90=531, 99=618, 99.9=1678, 99.99=8071] 
2020-11-05 14:02:20:192 198 sec: 348324 operations; 1922 current ops/sec; est completion in 1 minute [INSERT: Count=1923, Max=2865, Min=484, Avg=516.13, 90=538, 99=618, 99.9=722, 99.99=2865] 
2020-11-05 14:02:21:192 199 sec: 350278 operations; 1954 current ops/sec; est completion in 1 minute [INSERT: Count=1953, Max=1320, Min=466, Avg=507.81, 90=531, 99=606, 99.9=758, 99.99=1320] 
2020-11-05 14:02:22:192 200 sec: 351954 operations; 1676 current ops/sec; est completion in 1 minute [INSERT: Count=1676, Max=1520, Min=472, Avg=507.14, 90=529, 99=604, 99.9=758, 99.99=1520] 
2020-11-05 14:02:23:192 201 sec: 353751 operations; 1797 current ops/sec; est completion in 1 minute [INSERT: Count=1797, Max=228735, Min=460, Avg=632.57, 90=528, 99=610, 99.9=716, 99.99=228735] 
2020-11-05 14:02:24:192 202 sec: 355699 operations; 1948 current ops/sec; est completion in 1 minute [INSERT: Count=1949, Max=721, Min=472, Avg=509.27, 90=529, 99=609, 99.9=633, 99.99=721] 
2020-11-05 14:02:25:192 203 sec: 357644 operations; 1945 current ops/sec; est completion in 1 minute [INSERT: Count=1944, Max=829, Min=468, Avg=510.21, 90=531, 99=603, 99.9=642, 99.99=829] 
2020-11-05 14:02:26:192 204 sec: 359563 operations; 1919 current ops/sec; est completion in 1 minute [INSERT: Count=1920, Max=9903, Min=475, Avg=517.04, 90=533, 99=614, 99.9=725, 99.99=9903] 
2020-11-05 14:02:27:192 205 sec: 361503 operations; 1940 current ops/sec; est completion in 1 minute [INSERT: Count=1939, Max=942, Min=475, Avg=511.43, 90=537, 99=611, 99.9=695, 99.99=942] 
2020-11-05 14:02:28:192 206 sec: 363458 operations; 1955 current ops/sec; est completion in 1 minute [INSERT: Count=1956, Max=1600, Min=461, Avg=507.98, 90=530, 99=607, 99.9=936, 99.99=1600] 
2020-11-05 14:02:29:192 207 sec: 365411 operations; 1953 current ops/sec; est completion in 1 minute [INSERT: Count=1953, Max=1829, Min=465, Avg=508.15, 90=531, 99=622, 99.9=708, 99.99=1829] 
2020-11-05 14:02:30:192 208 sec: 367313 operations; 1902 current ops/sec; est completion in 1 minute [INSERT: Count=1901, Max=9167, Min=486, Avg=521.46, 90=536, 99=619, 99.9=709, 99.99=9167] 
2020-11-05 14:02:31:192 209 sec: 369239 operations; 1926 current ops/sec; est completion in 1 minute [INSERT: Count=1926, Max=6763, Min=474, Avg=515.22, 90=531, 99=619, 99.9=1901, 99.99=6763] 
2020-11-05 14:02:32:192 210 sec: 371182 operations; 1943 current ops/sec; est completion in 1 minute [INSERT: Count=1944, Max=888, Min=473, Avg=510.55, 90=533, 99=610, 99.9=781, 99.99=888] 
2020-11-05 14:02:33:192 211 sec: 373119 operations; 1937 current ops/sec; est completion in 1 minute [INSERT: Count=1936, Max=7899, Min=470, Avg=512.36, 90=530, 99=610, 99.9=653, 99.99=7899] 
2020-11-05 14:02:34:192 212 sec: 375040 operations; 1921 current ops/sec; est completion in 1 minute [INSERT: Count=1921, Max=9295, Min=470, Avg=516.31, 90=531, 99=619, 99.9=4167, 99.99=9295] 
2020-11-05 14:02:35:192 213 sec: 376849 operations; 1809 current ops/sec; est completion in 1 minute [INSERT: Count=1811, Max=14063, Min=479, Avg=548.52, 90=610, 99=794, 99.9=12399, 99.99=14063] 
2020-11-05 14:02:36:192 214 sec: 378753 operations; 1904 current ops/sec; est completion in 1 minute [INSERT: Count=1902, Max=930, Min=467, Avg=521.46, 90=553, 99=834, 99.9=913, 99.99=930] 
2020-11-05 14:02:37:192 215 sec: 380373 operations; 1620 current ops/sec; est completion in 1 minute [INSERT: Count=1620, Max=152319, Min=479, Avg=612.87, 90=544, 99=663, 99.9=827, 99.99=152319] 
2020-11-05 14:02:38:192 216 sec: 382253 operations; 1880 current ops/sec; est completion in 1 minute [INSERT: Count=1880, Max=1258, Min=479, Avg=528.03, 90=554, 99=632, 99.9=673, 99.99=1258] 
2020-11-05 14:02:39:192 217 sec: 384130 operations; 1877 current ops/sec; est completion in 1 minute [INSERT: Count=1878, Max=8871, Min=489, Avg=528.46, 90=546, 99=628, 99.9=986, 99.99=8871] 
2020-11-05 14:02:40:192 218 sec: 386001 operations; 1871 current ops/sec; est completion in 1 minute [INSERT: Count=1870, Max=4931, Min=491, Avg=530.33, 90=548, 99=631, 99.9=1499, 99.99=4931] 
2020-11-05 14:02:41:192 219 sec: 387864 operations; 1863 current ops/sec; est completion in 1 minute [INSERT: Count=1863, Max=9911, Min=496, Avg=532.69, 90=550, 99=641, 99.9=1044, 99.99=9911] 
2020-11-05 14:02:42:192 220 sec: 389726 operations; 1862 current ops/sec; est completion in 1 minute [INSERT: Count=1862, Max=2799, Min=487, Avg=532.64, 90=562, 99=713, 99.9=2239, 99.99=2799] 
2020-11-05 14:02:43:192 221 sec: 391586 operations; 1860 current ops/sec; est completion in 1 minute [INSERT: Count=1860, Max=5443, Min=490, Avg=533.79, 90=556, 99=636, 99.9=1499, 99.99=5443] 
2020-11-05 14:02:44:192 222 sec: 393480 operations; 1894 current ops/sec; est completion in 1 minute [INSERT: Count=1894, Max=1015, Min=482, Avg=524.08, 90=552, 99=629, 99.9=689, 99.99=1015] 
2020-11-05 14:02:45:192 223 sec: 395378 operations; 1898 current ops/sec; est completion in 1 minute [INSERT: Count=1898, Max=1723, Min=487, Avg=522.59, 90=547, 99=618, 99.9=1450, 99.99=1723] 
2020-11-05 14:02:46:192 224 sec: 397246 operations; 1868 current ops/sec; est completion in 58 seconds [INSERT: Count=1868, Max=1424, Min=487, Avg=531.65, 90=556, 99=631, 99.9=1301, 99.99=1424] 
2020-11-05 14:02:47:192 225 sec: 399065 operations; 1819 current ops/sec; est completion in 57 seconds [INSERT: Count=1819, Max=9271, Min=501, Avg=545.44, 90=568, 99=643, 99.9=772, 99.99=9271] 
2020-11-05 14:02:48:192 226 sec: 400921 operations; 1856 current ops/sec; est completion in 56 seconds [INSERT: Count=1856, Max=8231, Min=497, Avg=534.74, 90=554, 99=632, 99.9=790, 99.99=8231] 
2020-11-05 14:02:49:192 227 sec: 402745 operations; 1824 current ops/sec; est completion in 55 seconds [INSERT: Count=1824, Max=34559, Min=492, Avg=544.22, 90=548, 99=626, 99.9=689, 99.99=34559] 
2020-11-05 14:02:50:192 228 sec: 404568 operations; 1823 current ops/sec; est completion in 54 seconds [INSERT: Count=1824, Max=11295, Min=491, Avg=543.84, 90=556, 99=637, 99.9=6623, 99.99=11295] 
2020-11-05 14:02:51:192 229 sec: 406430 operations; 1862 current ops/sec; est completion in 53 seconds [INSERT: Count=1862, Max=760, Min=485, Avg=533.22, 90=559, 99=634, 99.9=689, 99.99=760] 
2020-11-05 14:02:52:192 230 sec: 408004 operations; 1574 current ops/sec; est completion in 52 seconds [INSERT: Count=1573, Max=193151, Min=469, Avg=631.19, 90=524, 99=611, 99.9=826, 99.99=193151] 
2020-11-05 14:02:53:192 231 sec: 409965 operations; 1961 current ops/sec; est completion in 51 seconds [INSERT: Count=1962, Max=3199, Min=468, Avg=505.79, 90=525, 99=606, 99.9=746, 99.99=3199] 
2020-11-05 14:02:54:192 232 sec: 411914 operations; 1949 current ops/sec; est completion in 50 seconds [INSERT: Count=1948, Max=4591, Min=469, Avg=508.95, 90=528, 99=603, 99.9=692, 99.99=4591] 
2020-11-05 14:02:55:192 233 sec: 413877 operations; 1963 current ops/sec; est completion in 49 seconds [INSERT: Count=1963, Max=2995, Min=455, Avg=505.45, 90=526, 99=593, 99.9=662, 99.99=2995] 
2020-11-05 14:02:56:192 234 sec: 415819 operations; 1942 current ops/sec; est completion in 48 seconds [INSERT: Count=1942, Max=3657, Min=474, Avg=511.06, 90=531, 99=617, 99.9=727, 99.99=3657] 
2020-11-05 14:02:57:192 235 sec: 417775 operations; 1956 current ops/sec; est completion in 47 seconds [INSERT: Count=1956, Max=11175, Min=459, Avg=507.14, 90=527, 99=607, 99.9=693, 99.99=11175] 
2020-11-05 14:02:58:192 236 sec: 419742 operations; 1967 current ops/sec; est completion in 46 seconds [INSERT: Count=1968, Max=1364, Min=460, Avg=504.38, 90=530, 99=607, 99.9=696, 99.99=1364] 
2020-11-05 14:02:59:192 237 sec: 421727 operations; 1985 current ops/sec; est completion in 44 seconds [INSERT: Count=1984, Max=823, Min=462, Avg=499.68, 90=520, 99=600, 99.9=683, 99.99=823] 
2020-11-05 14:03:00:192 238 sec: 423654 operations; 1927 current ops/sec; est completion in 43 seconds [INSERT: Count=1927, Max=7759, Min=477, Avg=514.81, 90=532, 99=613, 99.9=1602, 99.99=7759] 
2020-11-05 14:03:01:192 239 sec: 425628 operations; 1974 current ops/sec; est completion in 42 seconds [INSERT: Count=1974, Max=2135, Min=470, Avg=502.87, 90=523, 99=604, 99.9=763, 99.99=2135] 
2020-11-05 14:03:02:192 240 sec: 427602 operations; 1974 current ops/sec; est completion in 41 seconds [INSERT: Count=1975, Max=1151, Min=458, Avg=502.56, 90=524, 99=605, 99.9=977, 99.99=1151] 
2020-11-05 14:03:03:192 241 sec: 429554 operations; 1952 current ops/sec; est completion in 40 seconds [INSERT: Count=1951, Max=2681, Min=474, Avg=508.26, 90=531, 99=604, 99.9=706, 99.99=2681] 
2020-11-05 14:03:04:192 242 sec: 431507 operations; 1953 current ops/sec; est completion in 39 seconds [INSERT: Count=1954, Max=673, Min=475, Avg=508, 90=528, 99=606, 99.9=658, 99.99=673] 
2020-11-05 14:03:05:192 243 sec: 433307 operations; 1800 current ops/sec; est completion in 38 seconds [INSERT: Count=1799, Max=1135, Min=469, Avg=506.27, 90=528, 99=600, 99.9=756, 99.99=1135] 
2020-11-05 14:03:06:192 244 sec: 435156 operations; 1849 current ops/sec; est completion in 37 seconds [INSERT: Count=1849, Max=133119, Min=455, Avg=580.76, 90=526, 99=616, 99.9=909, 99.99=133119] 
2020-11-05 14:03:07:192 245 sec: 437108 operations; 1952 current ops/sec; est completion in 36 seconds [INSERT: Count=1952, Max=8591, Min=465, Avg=507.8, 90=527, 99=614, 99.9=1720, 99.99=8591] 
2020-11-05 14:03:08:192 246 sec: 439081 operations; 1973 current ops/sec; est completion in 35 seconds [INSERT: Count=1973, Max=2187, Min=465, Avg=502.74, 90=522, 99=598, 99.9=1021, 99.99=2187] 
2020-11-05 14:03:09:192 247 sec: 441050 operations; 1969 current ops/sec; est completion in 34 seconds [INSERT: Count=1969, Max=1475, Min=470, Avg=504.13, 90=526, 99=607, 99.9=778, 99.99=1475] 
2020-11-05 14:03:10:192 248 sec: 443009 operations; 1959 current ops/sec; est completion in 32 seconds [INSERT: Count=1959, Max=1237, Min=471, Avg=506.37, 90=527, 99=605, 99.9=731, 99.99=1237] 
2020-11-05 14:03:11:192 249 sec: 444977 operations; 1968 current ops/sec; est completion in 31 seconds [INSERT: Count=1969, Max=1618, Min=456, Avg=504.37, 90=527, 99=614, 99.9=1365, 99.99=1618] 
2020-11-05 14:03:12:192 250 sec: 446956 operations; 1979 current ops/sec; est completion in 30 seconds [INSERT: Count=1978, Max=992, Min=461, Avg=501.62, 90=527, 99=607, 99.9=686, 99.99=992] 
2020-11-05 14:03:13:192 251 sec: 448895 operations; 1939 current ops/sec; est completion in 29 seconds [INSERT: Count=1939, Max=7859, Min=467, Avg=511.42, 90=529, 99=611, 99.9=759, 99.99=7859] 
2020-11-05 14:03:14:192 252 sec: 450885 operations; 1990 current ops/sec; est completion in 28 seconds [INSERT: Count=1990, Max=2201, Min=458, Avg=498.28, 90=519, 99=600, 99.9=659, 99.99=2201] 
2020-11-05 14:03:15:192 253 sec: 452832 operations; 1947 current ops/sec; est completion in 27 seconds [INSERT: Count=1947, Max=1878, Min=475, Avg=509.75, 90=529, 99=619, 99.9=1335, 99.99=1878] 
2020-11-05 14:03:16:192 254 sec: 454769 operations; 1937 current ops/sec; est completion in 26 seconds [INSERT: Count=1938, Max=6363, Min=447, Avg=512.36, 90=526, 99=615, 99.9=1612, 99.99=6363] 
2020-11-05 14:03:17:192 255 sec: 456588 operations; 1819 current ops/sec; est completion in 25 seconds [INSERT: Count=1818, Max=12175, Min=464, Avg=545.65, 90=596, 99=833, 99.9=7979, 99.99=12175] 
2020-11-05 14:03:18:192 256 sec: 458451 operations; 1863 current ops/sec; est completion in 24 seconds [INSERT: Count=1864, Max=8407, Min=475, Avg=532.42, 90=546, 99=1018, 99.9=2595, 99.99=8407] 
2020-11-05 14:03:19:192 257 sec: 460110 operations; 1659 current ops/sec; est completion in 23 seconds [INSERT: Count=1658, Max=142335, Min=476, Avg=598.83, 90=536, 99=633, 99.9=1488, 99.99=142335] 
2020-11-05 14:03:20:192 258 sec: 462022 operations; 1912 current ops/sec; est completion in 22 seconds [INSERT: Count=1912, Max=6475, Min=484, Avg=518.56, 90=537, 99=622, 99.9=786, 99.99=6475] 
2020-11-05 14:03:21:192 259 sec: 463962 operations; 1940 current ops/sec; est completion in 21 seconds [INSERT: Count=1940, Max=2699, Min=477, Avg=511.48, 90=530, 99=615, 99.9=1432, 99.99=2699] 
2020-11-05 14:03:22:192 260 sec: 465858 operations; 1896 current ops/sec; est completion in 20 seconds [INSERT: Count=1897, Max=30255, Min=470, Avg=523.39, 90=531, 99=611, 99.9=824, 99.99=30255] 
2020-11-05 14:03:23:192 261 sec: 467832 operations; 1974 current ops/sec; est completion in 18 seconds [INSERT: Count=1973, Max=984, Min=469, Avg=502.83, 90=526, 99=596, 99.9=687, 99.99=984] 
2020-11-05 14:03:24:192 262 sec: 469781 operations; 1949 current ops/sec; est completion in 17 seconds [INSERT: Count=1950, Max=5743, Min=463, Avg=509.02, 90=527, 99=615, 99.9=742, 99.99=5743] 
2020-11-05 14:03:25:192 263 sec: 471740 operations; 1959 current ops/sec; est completion in 16 seconds [INSERT: Count=1958, Max=738, Min=471, Avg=506.45, 90=530, 99=606, 99.9=671, 99.99=738] 
2020-11-05 14:03:26:192 264 sec: 473749 operations; 2009 current ops/sec; est completion in 15 seconds [INSERT: Count=2009, Max=1512, Min=453, Avg=494.15, 90=519, 99=600, 99.9=676, 99.99=1512] 
2020-11-05 14:03:27:192 265 sec: 475719 operations; 1970 current ops/sec; est completion in 14 seconds [INSERT: Count=1970, Max=9727, Min=466, Avg=504.09, 90=519, 99=605, 99.9=872, 99.99=9727] 
2020-11-05 14:03:28:192 266 sec: 477690 operations; 1971 current ops/sec; est completion in 13 seconds [INSERT: Count=1972, Max=8319, Min=463, Avg=503.55, 90=522, 99=600, 99.9=679, 99.99=8319] 
2020-11-05 14:03:29:192 267 sec: 479705 operations; 2015 current ops/sec; est completion in 12 seconds [INSERT: Count=2014, Max=704, Min=448, Avg=492.9, 90=515, 99=589, 99.9=632, 99.99=704] 
2020-11-05 14:03:30:192 268 sec: 481690 operations; 1985 current ops/sec; est completion in 11 seconds [INSERT: Count=1985, Max=1352, Min=466, Avg=500.21, 90=521, 99=591, 99.9=794, 99.99=1352] 
2020-11-05 14:03:31:192 269 sec: 483698 operations; 2008 current ops/sec; est completion in 10 seconds [INSERT: Count=2008, Max=1619, Min=454, Avg=494.51, 90=516, 99=600, 99.9=685, 99.99=1619] 
2020-11-05 14:03:32:192 270 sec: 485670 operations; 1972 current ops/sec; est completion in 8 second [INSERT: Count=1973, Max=954, Min=474, Avg=503.39, 90=523, 99=596, 99.9=638, 99.99=954] 
2020-11-05 14:03:33:192 271 sec: 487333 operations; 1663 current ops/sec; est completion in 8 second [INSERT: Count=1662, Max=154751, Min=471, Avg=597.7, 90=529, 99=624, 99.9=722, 99.99=154751] 
2020-11-05 14:03:34:192 272 sec: 489264 operations; 1931 current ops/sec; est completion in 6 second [INSERT: Count=1931, Max=8911, Min=464, Avg=514.09, 90=531, 99=617, 99.9=694, 99.99=8911] 
2020-11-05 14:03:35:192 273 sec: 491209 operations; 1945 current ops/sec; est completion in 5 second [INSERT: Count=1945, Max=821, Min=467, Avg=510.61, 90=534, 99=609, 99.9=679, 99.99=821] 
2020-11-05 14:03:36:192 274 sec: 493106 operations; 1897 current ops/sec; est completion in 4 second [INSERT: Count=1897, Max=8783, Min=476, Avg=523.18, 90=542, 99=626, 99.9=776, 99.99=8783] 
2020-11-05 14:03:37:192 275 sec: 494973 operations; 1867 current ops/sec; est completion in 3 second [INSERT: Count=1868, Max=10047, Min=491, Avg=531.28, 90=549, 99=634, 99.9=941, 99.99=10047] 
2020-11-05 14:03:38:192 276 sec: 496810 operations; 1837 current ops/sec; est completion in 2 second [INSERT: Count=1836, Max=8223, Min=494, Avg=540.1, 90=553, 99=631, 99.9=7479, 99.99=8223] 
2020-11-05 14:03:39:192 277 sec: 498684 operations; 1874 current ops/sec; est completion in 1 second [INSERT: Count=1875, Max=2037, Min=486, Avg=529.62, 90=551, 99=642, 99.9=831, 99.99=2037] 
2020-11-05 14:03:39:894 277 sec: 500000 operations; 1874.64 current ops/sec; [CLEANUP: Count=1, Max=6, Min=6, Avg=6, 90=6, 99=6, 99.9=6, 99.99=6] [INSERT: Count=1315, Max=8319, Min=490, Avg=528.77, 90=546, 99=622, 99.9=974, 99.99=8319] 
[OVERALL], RunTime(ms), 277703
[OVERALL], Throughput(ops/sec), 1800.4846904786768
[TOTAL_GCS_G1_Young_Generation], Count, 13
[TOTAL_GC_TIME_G1_Young_Generation], Time(ms), 382
[TOTAL_GC_TIME_%_G1_Young_Generation], Time(%), 0.1375570303525709
[TOTAL_GCS_G1_Old_Generation], Count, 0
[TOTAL_GC_TIME_G1_Old_Generation], Time(ms), 0
[TOTAL_GC_TIME_%_G1_Old_Generation], Time(%), 0.0
[TOTAL_GCs], Count, 13
[TOTAL_GC_TIME], Time(ms), 382
[TOTAL_GC_TIME_%], Time(%), 0.1375570303525709
[CLEANUP], Operations, 1
[CLEANUP], AverageLatency(us), 6.0
[CLEANUP], MinLatency(us), 6
[CLEANUP], MaxLatency(us), 6
[CLEANUP], 95thPercentileLatency(us), 6
[CLEANUP], 99thPercentileLatency(us), 6
[INSERT], Operations, 500000
[INSERT], AverageLatency(us), 550.684738
[INSERT], MinLatency(us), 447
[INSERT], MaxLatency(us), 1397759
[INSERT], 95thPercentileLatency(us), 613
[INSERT], 99thPercentileLatency(us), 860
[INSERT], Return=OK, 500000
