Command line: -load -s -db smarttrie.app.client.Client -P config/workload
YCSB Client 0.17.0

Loading workload...
Starting test.
DBWrapper: report latency for each error is false and specific error codes to track for latency are: []
2020-10-17 15:20:59:937 0 sec: 0 operations; est completion in 0 second 
2020-10-17 15:21:00.855 [Thread-2] INFO  b.c.c.n.NettyClientServerCommunicationSystemClientSide - Connecting to replica 0 at /192.168.3.91:11000
2020-10-17 15:21:00:869 1 sec: 0 operations; est completion in 106751991167300 days 15 hours 
2020-10-17 15:21:00.877 [nioEventLoopGroup-2-1] INFO  b.c.c.n.NettyClientServerCommunicationSystemClientSide - Channel active
2020-10-17 15:21:01:869 2 sec: 383 operations; 383 current ops/sec; est completion in 43 minutes [INSERT: Count=385, Max=1187839, Min=1264, Avg=5096.09, 90=2935, 99=5535, 99.9=1187839, 99.99=1187839] 
2020-10-17 15:21:02:869 3 sec: 1549 operations; 1166 current ops/sec; est completion in 16 minutes [INSERT: Count=1165, Max=6915, Min=653, Avg=837.95, 90=1173, 99=1467, 99.9=3545, 99.99=6915] 
2020-10-17 15:21:03:869 4 sec: 2972 operations; 1423 current ops/sec; est completion in 11 minutes [INSERT: Count=1423, Max=23535, Min=581, Avg=689.74, 90=718, 99=819, 99.9=1851, 99.99=23535] 
2020-10-17 15:21:04:870 5 sec: 4531 operations; 1559 current ops/sec; est completion in 9 minutes [INSERT: Count=1560, Max=1700, Min=512, Avg=628.76, 90=698, 99=842, 99.9=1267, 99.99=1700] 
2020-10-17 15:21:05:870 6 sec: 6259 operations; 1728 current ops/sec; est completion in 7 minutes [INSERT: Count=1728, Max=3285, Min=460, Avg=567.68, 90=621, 99=768, 99.9=1804, 99.99=3285] 
2020-10-17 15:21:06:870 7 sec: 8242 operations; 1983 current ops/sec; est completion in 6 minutes [INSERT: Count=1983, Max=32159, Min=392, Avg=498.71, 90=567, 99=665, 99.9=1229, 99.99=32159] 
2020-10-17 15:21:07:869 8 sec: 10567 operations; 2325 current ops/sec; est completion in 6 minutes [INSERT: Count=2324, Max=15823, Min=386, Avg=426.19, 90=441, 99=503, 99.9=762, 99.99=15823] 
2020-10-17 15:21:08:869 9 sec: 12821 operations; 2254 current ops/sec; est completion in 5 minutes [INSERT: Count=2255, Max=37535, Min=375, Avg=440.46, 90=449, 99=518, 99.9=4391, 99.99=37535] 
2020-10-17 15:21:09:869 10 sec: 14811 operations; 1990 current ops/sec; est completion in 5 minutes [INSERT: Count=1990, Max=7351, Min=410, Avg=498.12, 90=525, 99=596, 99.9=1081, 99.99=7351] 
2020-10-17 15:21:10:869 11 sec: 16829 operations; 2018 current ops/sec; est completion in 5 minutes [INSERT: Count=2017, Max=1455, Min=419, Avg=491.88, 90=526, 99=594, 99.9=754, 99.99=1455] 
2020-10-17 15:21:11:869 12 sec: 18758 operations; 1929 current ops/sec; est completion in 5 minutes [INSERT: Count=1930, Max=851, Min=455, Avg=514.38, 90=544, 99=602, 99.9=639, 99.99=851] 
2020-10-17 15:21:12:869 13 sec: 20725 operations; 1967 current ops/sec; est completion in 5 minutes [INSERT: Count=1966, Max=3519, Min=428, Avg=504.26, 90=539, 99=589, 99.9=682, 99.99=3519] 
2020-10-17 15:21:13:869 14 sec: 22611 operations; 1886 current ops/sec; est completion in 4 minutes [INSERT: Count=1886, Max=1074, Min=454, Avg=526.36, 90=553, 99=829, 99.9=886, 99.99=1074] 
2020-10-17 15:21:14:869 15 sec: 24246 operations; 1635 current ops/sec; est completion in 4 minutes [INSERT: Count=1635, Max=156031, Min=445, Avg=606.2, 90=540, 99=595, 99.9=684, 99.99=156031] 
2020-10-17 15:21:15:869 16 sec: 26363 operations; 2117 current ops/sec; est completion in 4 minutes [INSERT: Count=2118, Max=7515, Min=384, Avg=468.66, 90=523, 99=587, 99.9=887, 99.99=7515] 
2020-10-17 15:21:16:869 17 sec: 28778 operations; 2415 current ops/sec; est completion in 4 minutes [INSERT: Count=2415, Max=940, Min=378, Avg=411.27, 90=440, 99=485, 99.9=530, 99.99=940] 
2020-10-17 15:21:17:869 18 sec: 31184 operations; 2406 current ops/sec; est completion in 4 minutes [INSERT: Count=2406, Max=7439, Min=372, Avg=411.84, 90=433, 99=494, 99.9=912, 99.99=7439] 
2020-10-17 15:21:18:869 19 sec: 33618 operations; 2434 current ops/sec; est completion in 4 minutes [INSERT: Count=2433, Max=798, Min=371, Avg=407.8, 90=438, 99=492, 99.9=709, 99.99=798] 
2020-10-17 15:21:19:869 20 sec: 36087 operations; 2469 current ops/sec; est completion in 4 minutes [INSERT: Count=2470, Max=2825, Min=366, Avg=401.66, 90=425, 99=486, 99.9=831, 99.99=2825] 
2020-10-17 15:21:20:869 21 sec: 38380 operations; 2293 current ops/sec; est completion in 4 minutes [INSERT: Count=2293, Max=48287, Min=372, Avg=432.89, 90=450, 99=513, 99.9=712, 99.99=48287] 
2020-10-17 15:21:21:869 22 sec: 40659 operations; 2279 current ops/sec; est completion in 4 minutes [INSERT: Count=2279, Max=638, Min=384, Avg=435.86, 90=475, 99=530, 99.9=569, 99.99=638] 
2020-10-17 15:21:22:869 23 sec: 43021 operations; 2362 current ops/sec; est completion in 4 minutes [INSERT: Count=2362, Max=7543, Min=385, Avg=420.06, 90=444, 99=491, 99.9=639, 99.99=7543] 
2020-10-17 15:21:23:869 24 sec: 45352 operations; 2331 current ops/sec; est completion in 4 minutes [INSERT: Count=2331, Max=23183, Min=383, Avg=425.81, 90=445, 99=500, 99.9=540, 99.99=23183] 
2020-10-17 15:21:24:869 25 sec: 47742 operations; 2390 current ops/sec; est completion in 3 minutes [INSERT: Count=2389, Max=6035, Min=385, Avg=415.32, 90=439, 99=489, 99.9=558, 99.99=6035] 
2020-10-17 15:21:25:869 26 sec: 50076 operations; 2334 current ops/sec; est completion in 3 minutes [INSERT: Count=2336, Max=13959, Min=384, Avg=425.23, 90=446, 99=504, 99.9=831, 99.99=13959] 
2020-10-17 15:21:26:869 27 sec: 52378 operations; 2302 current ops/sec; est completion in 3 minutes [INSERT: Count=2300, Max=1217, Min=381, Avg=431.35, 90=474, 99=525, 99.9=818, 99.99=1217] 
2020-10-17 15:21:27:869 28 sec: 54559 operations; 2181 current ops/sec; est completion in 3 minutes [INSERT: Count=2181, Max=989, Min=383, Avg=455.3, 90=502, 99=540, 99.9=576, 99.99=989] 
2020-10-17 15:21:28:869 29 sec: 56892 operations; 2333 current ops/sec; est completion in 3 minutes [INSERT: Count=2333, Max=5203, Min=380, Avg=425.1, 90=456, 99=644, 99.9=809, 99.99=5203] 
2020-10-17 15:21:29:869 30 sec: 59324 operations; 2432 current ops/sec; est completion in 3 minutes [INSERT: Count=2433, Max=5067, Min=379, Avg=407.82, 90=431, 99=486, 99.9=567, 99.99=5067] 
2020-10-17 15:21:30:869 31 sec: 61795 operations; 2471 current ops/sec; est completion in 3 minutes [INSERT: Count=2470, Max=1538, Min=368, Avg=402.02, 90=428, 99=476, 99.9=747, 99.99=1538] 
2020-10-17 15:21:31:869 32 sec: 64331 operations; 2536 current ops/sec; est completion in 3 minutes [INSERT: Count=2537, Max=738, Min=366, Avg=390.53, 90=416, 99=453, 99.9=519, 99.99=738] 
2020-10-17 15:21:32:869 33 sec: 66505 operations; 2174 current ops/sec; est completion in 3 minutes [INSERT: Count=2174, Max=140671, Min=358, Avg=457.22, 90=420, 99=473, 99.9=667, 99.99=140671] 
2020-10-17 15:21:33:869 34 sec: 68887 operations; 2382 current ops/sec; est completion in 3 minutes [INSERT: Count=2381, Max=68415, Min=358, Avg=416.58, 90=409, 99=539, 99.9=2519, 99.99=68415] 
2020-10-17 15:21:34:869 35 sec: 71465 operations; 2578 current ops/sec; est completion in 3 minutes [INSERT: Count=2578, Max=9279, Min=356, Avg=385.26, 90=407, 99=446, 99.9=511, 99.99=9279] 
2020-10-17 15:21:35:869 36 sec: 74010 operations; 2545 current ops/sec; est completion in 3 minutes [INSERT: Count=2545, Max=8327, Min=356, Avg=390.52, 90=413, 99=459, 99.9=503, 99.99=8327] 
2020-10-17 15:21:36:869 37 sec: 76412 operations; 2402 current ops/sec; est completion in 3 minutes [INSERT: Count=2403, Max=7283, Min=372, Avg=413.45, 90=444, 99=500, 99.9=691, 99.99=7283] 
2020-10-17 15:21:37:869 38 sec: 78839 operations; 2427 current ops/sec; est completion in 3 minutes [INSERT: Count=2426, Max=5691, Min=372, Avg=409.42, 90=439, 99=495, 99.9=918, 99.99=5691] 
2020-10-17 15:21:38:869 39 sec: 81243 operations; 2404 current ops/sec; est completion in 3 minutes [INSERT: Count=2404, Max=6851, Min=377, Avg=413.38, 90=443, 99=494, 99.9=604, 99.99=6851] 
2020-10-17 15:21:39:869 40 sec: 83555 operations; 2312 current ops/sec; est completion in 3 minutes [INSERT: Count=2314, Max=4075, Min=375, Avg=429.87, 90=460, 99=541, 99.9=1094, 99.99=4075] 
2020-10-17 15:21:40:869 41 sec: 85852 operations; 2297 current ops/sec; est completion in 3 minutes [INSERT: Count=2295, Max=896, Min=374, Avg=432.75, 90=469, 99=545, 99.9=633, 99.99=896] 
2020-10-17 15:21:41:869 42 sec: 88208 operations; 2356 current ops/sec; est completion in 3 minutes [INSERT: Count=2357, Max=846, Min=374, Avg=421.93, 90=460, 99=524, 99.9=592, 99.99=846] 
2020-10-17 15:21:42:869 43 sec: 90565 operations; 2357 current ops/sec; est completion in 3 minutes [INSERT: Count=2356, Max=872, Min=374, Avg=421.95, 90=460, 99=529, 99.9=600, 99.99=872] 
2020-10-17 15:21:43:869 44 sec: 92536 operations; 1971 current ops/sec; est completion in 3 minutes [INSERT: Count=1970, Max=2955, Min=374, Avg=428.53, 90=469, 99=533, 99.9=584, 99.99=2955] 
2020-10-17 15:21:44:869 45 sec: 94960 operations; 2424 current ops/sec; est completion in 3 minutes [INSERT: Count=2425, Max=158079, Min=368, Avg=471.87, 90=440, 99=531, 99.9=2173, 99.99=158079] 
2020-10-17 15:21:45:869 46 sec: 97251 operations; 2291 current ops/sec; est completion in 3 minutes [INSERT: Count=2291, Max=43423, Min=368, Avg=433.79, 90=447, 99=523, 99.9=6371, 99.99=43423] 
2020-10-17 15:21:46:869 47 sec: 99495 operations; 2244 current ops/sec; est completion in 3 minutes [INSERT: Count=2244, Max=53983, Min=371, Avg=442.89, 90=455, 99=535, 99.9=5951, 99.99=53983] 
2020-10-17 15:21:47:869 48 sec: 100000 operations; 505 current ops/sec; est completion in 3 minutes [INSERT: Count=504, Max=580, Min=374, Avg=444.23, 90=487, 99=530, 99.9=546, 99.99=580] 
2020-10-17 15:21:48:869 49 sec: 100000 operations; 0 current ops/sec; est completion in 3 minutes [INSERT: Count=0, Max=0, Min=9223372036854775807, Avg=NaN, 90=0, 99=0, 99.9=0, 99.99=0] 
2020-10-17 15:21:49:869 50 sec: 100530 operations; 530 current ops/sec; est completion in 3 minutes [INSERT: Count=531, Max=2547711, Min=382, Avg=5223.06, 90=459, 99=561, 99.9=4915, 99.99=2547711] 
2020-10-17 15:21:50:869 51 sec: 102904 operations; 2374 current ops/sec; est completion in 3 minutes [INSERT: Count=2374, Max=10927, Min=376, Avg=418.71, 90=448, 99=534, 99.9=3303, 99.99=10927] 
2020-10-17 15:21:51:869 52 sec: 105279 operations; 2375 current ops/sec; est completion in 3 minutes [INSERT: Count=2376, Max=4719, Min=372, Avg=418.09, 90=469, 99=534, 99.9=736, 99.99=4719] 
2020-10-17 15:21:52:869 53 sec: 107628 operations; 2349 current ops/sec; est completion in 3 minutes [INSERT: Count=2348, Max=666, Min=373, Avg=423.36, 90=463, 99=532, 99.9=591, 99.99=666] 
2020-10-17 15:21:53:869 54 sec: 110083 operations; 2455 current ops/sec; est completion in 3 minutes [INSERT: Count=2455, Max=1217, Min=370, Avg=404.91, 90=438, 99=502, 99.9=783, 99.99=1217] 
2020-10-17 15:21:54:869 55 sec: 112550 operations; 2467 current ops/sec; est completion in 3 minutes [INSERT: Count=2468, Max=4037, Min=369, Avg=402.97, 90=430, 99=491, 99.9=861, 99.99=4037] 
2020-10-17 15:21:55:869 56 sec: 115030 operations; 2480 current ops/sec; est completion in 3 minutes [INSERT: Count=2479, Max=4087, Min=368, Avg=400.92, 90=431, 99=486, 99.9=757, 99.99=4087] 
2020-10-17 15:21:56:869 57 sec: 117508 operations; 2478 current ops/sec; est completion in 3 minutes [INSERT: Count=2477, Max=3079, Min=369, Avg=401.3, 90=430, 99=491, 99.9=2377, 99.99=3079] 
2020-10-17 15:21:57:869 58 sec: 119965 operations; 2457 current ops/sec; est completion in 3 minutes [INSERT: Count=2458, Max=8207, Min=368, Avg=404.63, 90=435, 99=493, 99.9=637, 99.99=8207] 
2020-10-17 15:21:58:869 59 sec: 122349 operations; 2384 current ops/sec; est completion in 3 minutes [INSERT: Count=2384, Max=6467, Min=373, Avg=417.18, 90=445, 99=507, 99.9=668, 99.99=6467] 
2020-10-17 15:21:59:869 60 sec: 124781 operations; 2432 current ops/sec; est completion in 3 minutes [INSERT: Count=2432, Max=4599, Min=372, Avg=408.91, 90=441, 99=512, 99.9=633, 99.99=4599] 
2020-10-17 15:22:00:869 61 sec: 127262 operations; 2481 current ops/sec; est completion in 2 minutes [INSERT: Count=2481, Max=6203, Min=371, Avg=400.63, 90=420, 99=476, 99.9=629, 99.99=6203] 
2020-10-17 15:22:01:869 62 sec: 129766 operations; 2504 current ops/sec; est completion in 2 minutes [INSERT: Count=2504, Max=744, Min=373, Avg=397.14, 90=419, 99=463, 99.9=523, 99.99=744] 
2020-10-17 15:22:02:869 63 sec: 132264 operations; 2498 current ops/sec; est completion in 2 minutes [INSERT: Count=2498, Max=1023, Min=372, Avg=398.24, 90=420, 99=478, 99.9=611, 99.99=1023] 
2020-10-17 15:22:03:869 64 sec: 134748 operations; 2484 current ops/sec; est completion in 2 minutes [INSERT: Count=2484, Max=5659, Min=374, Avg=400.19, 90=420, 99=470, 99.9=541, 99.99=5659] 
2020-10-17 15:22:04:869 65 sec: 137227 operations; 2479 current ops/sec; est completion in 2 minutes [INSERT: Count=2479, Max=9175, Min=372, Avg=401.11, 90=419, 99=474, 99.9=535, 99.99=9175] 
2020-10-17 15:22:05:869 66 sec: 139695 operations; 2468 current ops/sec; est completion in 2 minutes [INSERT: Count=2468, Max=4995, Min=371, Avg=402.85, 90=423, 99=480, 99.9=718, 99.99=4995] 
2020-10-17 15:22:06:869 67 sec: 142191 operations; 2496 current ops/sec; est completion in 2 minutes [INSERT: Count=2496, Max=1495, Min=370, Avg=398.54, 90=420, 99=478, 99.9=543, 99.99=1495] 
2020-10-17 15:22:07:869 68 sec: 144675 operations; 2484 current ops/sec; est completion in 2 minutes [INSERT: Count=2484, Max=3393, Min=373, Avg=400.29, 90=420, 99=480, 99.9=1560, 99.99=3393] 
2020-10-17 15:22:08:869 69 sec: 146200 operations; 1525 current ops/sec; est completion in 2 minutes [INSERT: Count=1525, Max=349951, Min=367, Avg=653.08, 90=432, 99=524, 99.9=7235, 99.99=349951] 
2020-10-17 15:22:09:869 70 sec: 148608 operations; 2408 current ops/sec; est completion in 2 minutes [INSERT: Count=2408, Max=41503, Min=362, Avg=412.9, 90=429, 99=477, 99.9=604, 99.99=41503] 
2020-10-17 15:22:10:869 71 sec: 151050 operations; 2442 current ops/sec; est completion in 2 minutes [INSERT: Count=2442, Max=7871, Min=360, Avg=407.27, 90=425, 99=487, 99.9=5103, 99.99=7871] 
2020-10-17 15:22:11:869 72 sec: 153500 operations; 2450 current ops/sec; est completion in 2 minutes [INSERT: Count=2450, Max=867, Min=368, Avg=406.07, 90=443, 99=506, 99.9=618, 99.99=867] 
2020-10-17 15:22:12:869 73 sec: 155940 operations; 2440 current ops/sec; est completion in 2 minutes [INSERT: Count=2439, Max=3213, Min=362, Avg=407.6, 90=436, 99=504, 99.9=548, 99.99=3213] 
2020-10-17 15:22:13:870 74 sec: 158425 operations; 2485 current ops/sec; est completion in 2 minutes [INSERT: Count=2487, Max=7475, Min=361, Avg=400.24, 90=431, 99=500, 99.9=887, 99.99=7475] 
2020-10-17 15:22:14:869 75 sec: 160924 operations; 2499 current ops/sec; est completion in 2 minutes [INSERT: Count=2498, Max=11951, Min=357, Avg=397.59, 90=422, 99=569, 99.9=647, 99.99=11951] 
2020-10-17 15:22:15:869 76 sec: 163416 operations; 2492 current ops/sec; est completion in 2 minutes [INSERT: Count=2491, Max=6823, Min=357, Avg=399.11, 90=433, 99=498, 99.9=700, 99.99=6823] 
2020-10-17 15:22:16:869 77 sec: 165917 operations; 2501 current ops/sec; est completion in 2 minutes [INSERT: Count=2502, Max=658, Min=357, Avg=397.72, 90=431, 99=492, 99.9=553, 99.99=658] 
2020-10-17 15:22:17:869 78 sec: 168338 operations; 2421 current ops/sec; est completion in 2 minutes [INSERT: Count=2421, Max=5979, Min=359, Avg=410.74, 90=436, 99=514, 99.9=3931, 99.99=5979] 
2020-10-17 15:22:18:869 79 sec: 170756 operations; 2418 current ops/sec; est completion in 2 minutes [INSERT: Count=2418, Max=3561, Min=365, Avg=411.46, 90=448, 99=521, 99.9=622, 99.99=3561] 
2020-10-17 15:22:19:869 80 sec: 173143 operations; 2387 current ops/sec; est completion in 2 minutes [INSERT: Count=2386, Max=771, Min=367, Avg=414.79, 90=450, 99=514, 99.9=565, 99.99=771] 
2020-10-17 15:22:20:869 81 sec: 175366 operations; 2223 current ops/sec; est completion in 2 minutes [INSERT: Count=2223, Max=6083, Min=373, Avg=447.39, 90=480, 99=538, 99.9=4211, 99.99=6083] 
2020-10-17 15:22:21:869 82 sec: 177689 operations; 2323 current ops/sec; est completion in 2 minutes [INSERT: Count=2324, Max=6759, Min=368, Avg=428.31, 90=467, 99=525, 99.9=640, 99.99=6759] 
2020-10-17 15:22:22:870 83 sec: 180075 operations; 2386 current ops/sec; est completion in 2 minutes [INSERT: Count=2386, Max=10927, Min=366, Avg=416.87, 90=451, 99=519, 99.9=771, 99.99=10927] 
2020-10-17 15:22:23:869 84 sec: 182523 operations; 2448 current ops/sec; est completion in 2 minutes [INSERT: Count=2448, Max=973, Min=367, Avg=406.13, 90=438, 99=504, 99.9=610, 99.99=973] 
2020-10-17 15:22:24:869 85 sec: 184978 operations; 2455 current ops/sec; est completion in 2 minutes [INSERT: Count=2455, Max=739, Min=367, Avg=405.13, 90=437, 99=495, 99.9=552, 99.99=739] 
2020-10-17 15:22:25:869 86 sec: 187354 operations; 2376 current ops/sec; est completion in 2 minutes [INSERT: Count=2376, Max=7455, Min=369, Avg=418.56, 90=451, 99=511, 99.9=634, 99.99=7455] 
2020-10-17 15:22:26:869 87 sec: 189797 operations; 2443 current ops/sec; est completion in 2 minutes [INSERT: Count=2443, Max=796, Min=365, Avg=407.19, 90=443, 99=501, 99.9=537, 99.99=796] 
2020-10-17 15:22:27:869 88 sec: 192281 operations; 2484 current ops/sec; est completion in 2 minutes [INSERT: Count=2483, Max=3377, Min=366, Avg=400.45, 90=431, 99=495, 99.9=750, 99.99=3377] 
2020-10-17 15:22:28:869 89 sec: 194748 operations; 2467 current ops/sec; est completion in 2 minutes [INSERT: Count=2468, Max=5211, Min=365, Avg=402.95, 90=436, 99=491, 99.9=560, 99.99=5211] 
2020-10-17 15:22:29:869 90 sec: 196607 operations; 1859 current ops/sec; est completion in 2 minutes [INSERT: Count=1858, Max=583, Min=366, Avg=399.15, 90=429, 99=484, 99.9=542, 99.99=583] 
2020-10-17 15:22:30:869 91 sec: 198376 operations; 1769 current ops/sec; est completion in 2 minutes [INSERT: Count=1769, Max=392959, Min=366, Avg=706.7, 90=422, 99=492, 99.9=27839, 99.99=392959] 
2020-10-17 15:22:31:869 92 sec: 200000 operations; 1624 current ops/sec; est completion in 2 minutes [INSERT: Count=1624, Max=576, Min=364, Avg=396.98, 90=430, 99=490, 99.9=545, 99.99=576] 
2020-10-17 15:22:32:869 93 sec: 200000 operations; 0 current ops/sec; est completion in 2 minutes [INSERT: Count=0, Max=0, Min=9223372036854775807, Avg=NaN, 90=0, 99=0, 99.9=0, 99.99=0] 
2020-10-17 15:22:33:869 94 sec: 200000 operations; 0 current ops/sec; est completion in 2 minutes [INSERT: Count=0, Max=0, Min=9223372036854775807, Avg=NaN, 90=0, 99=0, 99.9=0, 99.99=0] 
2020-10-17 15:22:34:869 95 sec: 200454 operations; 454 current ops/sec; est completion in 2 minutes [INSERT: Count=454, Max=3170303, Min=363, Avg=7380.04, 90=419, 99=581, 99.9=3170303, 99.99=3170303] 
2020-10-17 15:22:35:869 96 sec: 202929 operations; 2475 current ops/sec; est completion in 2 minutes [INSERT: Count=2476, Max=4951, Min=365, Avg=401.48, 90=431, 99=500, 99.9=661, 99.99=4951] 
2020-10-17 15:22:36:869 97 sec: 205484 operations; 2555 current ops/sec; est completion in 2 minutes [INSERT: Count=2555, Max=1164, Min=362, Avg=389, 90=420, 99=476, 99.9=561, 99.99=1164] 
2020-10-17 15:22:37:869 98 sec: 208034 operations; 2550 current ops/sec; est completion in 2 minutes [INSERT: Count=2550, Max=3651, Min=366, Avg=389.83, 90=414, 99=470, 99.9=542, 99.99=3651] 
2020-10-17 15:22:38:869 99 sec: 210566 operations; 2532 current ops/sec; est completion in 2 minutes [INSERT: Count=2532, Max=784, Min=362, Avg=392.8, 90=423, 99=486, 99.9=537, 99.99=784] 
2020-10-17 15:22:39:869 100 sec: 213044 operations; 2478 current ops/sec; est completion in 2 minutes [INSERT: Count=2478, Max=823, Min=361, Avg=401.41, 90=432, 99=493, 99.9=571, 99.99=823] 
2020-10-17 15:22:40:869 101 sec: 215596 operations; 2552 current ops/sec; est completion in 2 minutes [INSERT: Count=2552, Max=3729, Min=358, Avg=389.55, 90=416, 99=466, 99.9=549, 99.99=3729] 
2020-10-17 15:22:41:869 102 sec: 218157 operations; 2561 current ops/sec; est completion in 2 minutes [INSERT: Count=2560, Max=2443, Min=360, Avg=388.31, 90=418, 99=477, 99.9=537, 99.99=2443] 
2020-10-17 15:22:42:869 103 sec: 220758 operations; 2601 current ops/sec; est completion in 2 minutes [INSERT: Count=2602, Max=551, Min=357, Avg=382.28, 90=411, 99=476, 99.9=520, 99.99=551] 
2020-10-17 15:22:43:869 104 sec: 223416 operations; 2658 current ops/sec; est completion in 2 minutes [INSERT: Count=2658, Max=4379, Min=357, Avg=373.98, 90=391, 99=436, 99.9=487, 99.99=4379] 
2020-10-17 15:22:44:869 105 sec: 225987 operations; 2571 current ops/sec; est completion in 2 minutes [INSERT: Count=2571, Max=31855, Min=356, Avg=386.49, 90=391, 99=443, 99.9=547, 99.99=31855] 
2020-10-17 15:22:45:869 106 sec: 228611 operations; 2624 current ops/sec; est completion in 2 minutes [INSERT: Count=2624, Max=4243, Min=360, Avg=378.8, 90=396, 99=451, 99.9=533, 99.99=4243] 
2020-10-17 15:22:46:869 107 sec: 231207 operations; 2596 current ops/sec; est completion in 2 minutes [INSERT: Count=2596, Max=8263, Min=357, Avg=382.8, 90=398, 99=455, 99.9=662, 99.99=8263] 
2020-10-17 15:22:47:869 108 sec: 233874 operations; 2667 current ops/sec; est completion in 2 minutes [INSERT: Count=2667, Max=4335, Min=355, Avg=372.6, 90=391, 99=442, 99.9=580, 99.99=4335] 
2020-10-17 15:22:48:869 109 sec: 236540 operations; 2666 current ops/sec; est completion in 2 minutes [INSERT: Count=2666, Max=8519, Min=354, Avg=372.84, 90=386, 99=427, 99.9=535, 99.99=8519] 
2020-10-17 15:22:49:869 110 sec: 239213 operations; 2673 current ops/sec; est completion in 2 minutes [INSERT: Count=2672, Max=6243, Min=353, Avg=371.96, 90=388, 99=438, 99.9=486, 99.99=6243] 
2020-10-17 15:22:50:869 111 sec: 241851 operations; 2638 current ops/sec; est completion in 1 minute [INSERT: Count=2639, Max=8775, Min=354, Avg=376.86, 90=393, 99=444, 99.9=540, 99.99=8775] 
2020-10-17 15:22:51:869 112 sec: 244499 operations; 2648 current ops/sec; est completion in 1 minute [INSERT: Count=2649, Max=3975, Min=354, Avg=375.05, 90=400, 99=449, 99.9=588, 99.99=3975] 
2020-10-17 15:22:52:869 113 sec: 247143 operations; 2644 current ops/sec; est completion in 1 minute [INSERT: Count=2643, Max=6831, Min=354, Avg=375.79, 90=402, 99=447, 99.9=546, 99.99=6831] 
2020-10-17 15:22:53:893 114 sec: 249734 operations; 2530.27 current ops/sec; est completion in 1 minute [INSERT: Count=2590, Max=6355, Min=356, Avg=378.41, 90=403, 99=449, 99.9=651, 99.99=6355] 
2020-10-17 15:22:54:869 115 sec: 252262 operations; 2590.16 current ops/sec; est completion in 1 minute [INSERT: Count=2529, Max=37887, Min=354, Avg=398.37, 90=410, 99=456, 99.9=516, 99.99=37887] 
2020-10-17 15:22:55:869 116 sec: 254936 operations; 2674 current ops/sec; est completion in 1 minute [INSERT: Count=2673, Max=560, Min=354, Avg=371.87, 90=398, 99=447, 99.9=502, 99.99=560] 
2020-10-17 15:22:56:869 117 sec: 257596 operations; 2660 current ops/sec; est completion in 1 minute [INSERT: Count=2660, Max=5375, Min=353, Avg=373.52, 90=394, 99=445, 99.9=560, 99.99=5375] 
2020-10-17 15:22:57:869 118 sec: 260163 operations; 2567 current ops/sec; est completion in 1 minute [INSERT: Count=2568, Max=692, Min=354, Avg=387.37, 90=417, 99=460, 99.9=514, 99.99=692] 
2020-10-17 15:22:58:869 119 sec: 262618 operations; 2455 current ops/sec; est completion in 1 minute [INSERT: Count=2454, Max=7587, Min=370, Avg=405.09, 90=431, 99=483, 99.9=649, 99.99=7587] 
2020-10-17 15:22:59:869 120 sec: 265077 operations; 2459 current ops/sec; est completion in 1 minute [INSERT: Count=2460, Max=6935, Min=372, Avg=404.18, 90=432, 99=487, 99.9=566, 99.99=6935] 
2020-10-17 15:23:00:869 121 sec: 267578 operations; 2501 current ops/sec; est completion in 1 minute [INSERT: Count=2501, Max=6743, Min=370, Avg=397.63, 90=425, 99=481, 99.9=558, 99.99=6743] 
2020-10-17 15:23:01:869 122 sec: 270093 operations; 2515 current ops/sec; est completion in 1 minute [INSERT: Count=2516, Max=4651, Min=370, Avg=395.09, 90=420, 99=488, 99.9=608, 99.99=4651] 
2020-10-17 15:23:02:869 123 sec: 272601 operations; 2508 current ops/sec; est completion in 1 minute [INSERT: Count=2507, Max=5787, Min=369, Avg=396.34, 90=426, 99=483, 99.9=573, 99.99=5787] 
2020-10-17 15:23:03:869 124 sec: 275134 operations; 2533 current ops/sec; est completion in 1 minute [INSERT: Count=2533, Max=784, Min=369, Avg=392.71, 90=422, 99=489, 99.9=542, 99.99=784] 
2020-10-17 15:23:04:869 125 sec: 277660 operations; 2526 current ops/sec; est completion in 1 minute [INSERT: Count=2526, Max=745, Min=369, Avg=393.75, 90=422, 99=481, 99.9=536, 99.99=745] 
2020-10-17 15:23:05:869 126 sec: 280085 operations; 2425 current ops/sec; est completion in 1 minute [INSERT: Count=2424, Max=5991, Min=368, Avg=410, 90=442, 99=620, 99.9=3611, 99.99=5991] 
2020-10-17 15:23:06:869 127 sec: 282163 operations; 2078 current ops/sec; est completion in 1 minute [INSERT: Count=2078, Max=9903, Min=372, Avg=410.23, 90=442, 99=662, 99.9=807, 99.99=9903] 
2020-10-17 15:23:07:869 128 sec: 283927 operations; 1764 current ops/sec; est completion in 1 minute [INSERT: Count=1765, Max=414463, Min=369, Avg=645.17, 90=435, 99=622, 99.9=4103, 99.99=414463] 
2020-10-17 15:23:08:869 129 sec: 286389 operations; 2462 current ops/sec; est completion in 1 minute [INSERT: Count=2462, Max=4891, Min=369, Avg=403.92, 90=438, 99=628, 99.9=772, 99.99=4891] 
2020-10-17 15:23:09:869 130 sec: 288891 operations; 2502 current ops/sec; est completion in 1 minute [INSERT: Count=2502, Max=4579, Min=367, Avg=397.31, 90=427, 99=489, 99.9=581, 99.99=4579] 
2020-10-17 15:23:10:870 131 sec: 291392 operations; 2501 current ops/sec; est completion in 1 minute [INSERT: Count=2501, Max=5315, Min=366, Avg=397.93, 90=428, 99=484, 99.9=563, 99.99=5315] 
2020-10-17 15:23:11:869 132 sec: 293899 operations; 2507 current ops/sec; est completion in 1 minute [INSERT: Count=2507, Max=3199, Min=369, Avg=396.11, 90=429, 99=488, 99.9=564, 99.99=3199] 
2020-10-17 15:23:12:869 133 sec: 296430 operations; 2531 current ops/sec; est completion in 1 minute [INSERT: Count=2531, Max=710, Min=370, Avg=392.93, 90=420, 99=481, 99.9=510, 99.99=710] 
2020-10-17 15:23:13:870 134 sec: 298909 operations; 2479 current ops/sec; est completion in 1 minute [INSERT: Count=2481, Max=12503, Min=369, Avg=401.31, 90=423, 99=481, 99.9=1960, 99.99=12503] 
2020-10-17 15:23:14:869 135 sec: 300000 operations; 1091 current ops/sec; est completion in 1 minute [INSERT: Count=1088, Max=3667, Min=371, Avg=408.85, 90=440, 99=507, 99.9=879, 99.99=3667] 
2020-10-17 15:23:15:869 136 sec: 300000 operations; 0 current ops/sec; est completion in 1 minute [INSERT: Count=0, Max=0, Min=9223372036854775807, Avg=NaN, 90=0, 99=0, 99.9=0, 99.99=0] 
2020-10-17 15:23:16:869 137 sec: 300000 operations; 0 current ops/sec; est completion in 1 minute [INSERT: Count=0, Max=0, Min=9223372036854775807, Avg=NaN, 90=0, 99=0, 99.9=0, 99.99=0] 
2020-10-17 15:23:17:869 138 sec: 300000 operations; 0 current ops/sec; est completion in 1 minute [INSERT: Count=0, Max=0, Min=9223372036854775807, Avg=NaN, 90=0, 99=0, 99.9=0, 99.99=0] 
2020-10-17 15:23:18:869 139 sec: 300000 operations; 0 current ops/sec; est completion in 1 minute [INSERT: Count=0, Max=0, Min=9223372036854775807, Avg=NaN, 90=0, 99=0, 99.9=0, 99.99=0] 
2020-10-17 15:23:19:869 140 sec: 301397 operations; 1397 current ops/sec; est completion in 1 minute [INSERT: Count=1398, Max=4956159, Min=374, Avg=3968.62, 90=427, 99=511, 99.9=35647, 99.99=4956159] 
2020-10-17 15:23:20:869 141 sec: 302962 operations; 1565 current ops/sec; est completion in 1 minute [INSERT: Count=1565, Max=229759, Min=365, Avg=636.47, 90=428, 99=501, 99.9=31807, 99.99=229759] 
2020-10-17 15:23:21:869 142 sec: 305452 operations; 2490 current ops/sec; est completion in 1 minute [INSERT: Count=2490, Max=599, Min=371, Avg=399.48, 90=432, 99=497, 99.9=560, 99.99=599] 
2020-10-17 15:23:22:869 143 sec: 307944 operations; 2492 current ops/sec; est completion in 1 minute [INSERT: Count=2491, Max=817, Min=360, Avg=399.15, 90=436, 99=498, 99.9=567, 99.99=817] 
2020-10-17 15:23:23:869 144 sec: 310398 operations; 2454 current ops/sec; est completion in 1 minute [INSERT: Count=2455, Max=829, Min=360, Avg=405.18, 90=442, 99=504, 99.9=550, 99.99=829] 
2020-10-17 15:23:24:869 145 sec: 312805 operations; 2407 current ops/sec; est completion in 1 minute [INSERT: Count=2407, Max=8295, Min=363, Avg=413.12, 90=456, 99=517, 99.9=619, 99.99=8295] 
2020-10-17 15:23:25:869 146 sec: 315338 operations; 2533 current ops/sec; est completion in 1 minute [INSERT: Count=2532, Max=736, Min=361, Avg=392.69, 90=427, 99=488, 99.9=526, 99.99=736] 
2020-10-17 15:23:26:869 147 sec: 317830 operations; 2492 current ops/sec; est completion in 1 minute [INSERT: Count=2493, Max=5579, Min=360, Avg=398.8, 90=429, 99=490, 99.9=822, 99.99=5579] 
2020-10-17 15:23:27:869 148 sec: 320358 operations; 2528 current ops/sec; est completion in 1 minute [INSERT: Count=2527, Max=7151, Min=361, Avg=393.39, 90=422, 99=480, 99.9=535, 99.99=7151] 
2020-10-17 15:23:28:869 149 sec: 322845 operations; 2487 current ops/sec; est completion in 1 minute [INSERT: Count=2488, Max=7599, Min=362, Avg=399.75, 90=427, 99=487, 99.9=757, 99.99=7599] 
2020-10-17 15:23:29:869 150 sec: 325292 operations; 2447 current ops/sec; est completion in 1 minute [INSERT: Count=2447, Max=11175, Min=359, Avg=406.27, 90=448, 99=514, 99.9=564, 99.99=11175] 
2020-10-17 15:23:30:869 151 sec: 327838 operations; 2546 current ops/sec; est completion in 1 minute [INSERT: Count=2546, Max=4007, Min=358, Avg=390.57, 90=420, 99=492, 99.9=625, 99.99=4007] 
2020-10-17 15:23:31:869 152 sec: 330351 operations; 2513 current ops/sec; est completion in 1 minute [INSERT: Count=2513, Max=2513, Min=361, Avg=395.44, 90=425, 99=492, 99.9=538, 99.99=2513] 
2020-10-17 15:23:32:869 153 sec: 332843 operations; 2492 current ops/sec; est completion in 1 minute [INSERT: Count=2491, Max=3293, Min=359, Avg=399.13, 90=432, 99=506, 99.9=607, 99.99=3293] 
2020-10-17 15:23:33:869 154 sec: 335334 operations; 2491 current ops/sec; est completion in 1 minute [INSERT: Count=2492, Max=7403, Min=357, Avg=398.98, 90=426, 99=503, 99.9=2507, 99.99=7403] 
2020-10-17 15:23:34:869 155 sec: 337881 operations; 2547 current ops/sec; est completion in 1 minute [INSERT: Count=2547, Max=6703, Min=363, Avg=390.27, 90=415, 99=480, 99.9=594, 99.99=6703] 
2020-10-17 15:23:35:869 156 sec: 340378 operations; 2497 current ops/sec; est completion in 1 minute [INSERT: Count=2496, Max=6595, Min=359, Avg=398.3, 90=430, 99=579, 99.9=723, 99.99=6595] 
2020-10-17 15:23:36:869 157 sec: 342919 operations; 2541 current ops/sec; est completion in 1 minute [INSERT: Count=2542, Max=628, Min=361, Avg=391.34, 90=424, 99=490, 99.9=555, 99.99=628] 
2020-10-17 15:23:37:869 158 sec: 345459 operations; 2540 current ops/sec; est completion in 1 minute [INSERT: Count=2540, Max=585, Min=361, Avg=391.49, 90=423, 99=487, 99.9=560, 99.99=585] 
2020-10-17 15:23:38:869 159 sec: 348024 operations; 2565 current ops/sec; est completion in 1 minute [INSERT: Count=2565, Max=5451, Min=362, Avg=387.65, 90=411, 99=467, 99.9=567, 99.99=5451] 
2020-10-17 15:23:39:869 160 sec: 350554 operations; 2530 current ops/sec; est completion in 1 minute [INSERT: Count=2530, Max=6215, Min=363, Avg=392.98, 90=421, 99=479, 99.9=559, 99.99=6215] 
2020-10-17 15:23:40:869 161 sec: 352978 operations; 2424 current ops/sec; est completion in 1 minute [INSERT: Count=2424, Max=35359, Min=363, Avg=410.16, 90=432, 99=605, 99.9=662, 99.99=35359] 
2020-10-17 15:23:41:869 162 sec: 355518 operations; 2540 current ops/sec; est completion in 1 minute [INSERT: Count=2540, Max=5731, Min=362, Avg=391.46, 90=418, 99=478, 99.9=582, 99.99=5731] 
2020-10-17 15:23:42:869 163 sec: 358039 operations; 2521 current ops/sec; est completion in 1 minute [INSERT: Count=2521, Max=5367, Min=362, Avg=394.39, 90=424, 99=482, 99.9=568, 99.99=5367] 
2020-10-17 15:23:43:869 164 sec: 360589 operations; 2550 current ops/sec; est completion in 1 minute [INSERT: Count=2550, Max=586, Min=364, Avg=389.94, 90=420, 99=470, 99.9=546, 99.99=586] 
2020-10-17 15:23:44:869 165 sec: 363109 operations; 2520 current ops/sec; est completion in 1 minute [INSERT: Count=2520, Max=5767, Min=362, Avg=394.47, 90=420, 99=484, 99.9=609, 99.99=5767] 
2020-10-17 15:23:45:869 166 sec: 365464 operations; 2355 current ops/sec; est completion in 1 minute [INSERT: Count=2355, Max=8503, Min=366, Avg=422.32, 90=457, 99=519, 99.9=628, 99.99=8503] 
2020-10-17 15:23:46:869 167 sec: 367731 operations; 2267 current ops/sec; est completion in 1 minute [INSERT: Count=2266, Max=6119, Min=360, Avg=438.95, 90=474, 99=545, 99.9=637, 99.99=6119] 
2020-10-17 15:23:47:869 168 sec: 370087 operations; 2356 current ops/sec; est completion in 59 seconds [INSERT: Count=2357, Max=4539, Min=368, Avg=421.9, 90=452, 99=532, 99.9=725, 99.99=4539] 
2020-10-17 15:23:48:869 169 sec: 372618 operations; 2531 current ops/sec; est completion in 58 seconds [INSERT: Count=2531, Max=683, Min=367, Avg=392.86, 90=423, 99=493, 99.9=559, 99.99=683] 
2020-10-17 15:23:49:869 170 sec: 375177 operations; 2559 current ops/sec; est completion in 57 seconds [INSERT: Count=2559, Max=3267, Min=357, Avg=388.47, 90=414, 99=494, 99.9=552, 99.99=3267] 
2020-10-17 15:23:50:869 171 sec: 377697 operations; 2520 current ops/sec; est completion in 56 seconds [INSERT: Count=2520, Max=2973, Min=367, Avg=394.65, 90=425, 99=499, 99.9=532, 99.99=2973] 
2020-10-17 15:23:51:869 172 sec: 380073 operations; 2376 current ops/sec; est completion in 55 seconds [INSERT: Count=2375, Max=4487, Min=366, Avg=418.73, 90=452, 99=516, 99.9=671, 99.99=4487] 
2020-10-17 15:23:52:869 173 sec: 382405 operations; 2332 current ops/sec; est completion in 54 seconds [INSERT: Count=2332, Max=3145, Min=370, Avg=426.54, 90=464, 99=531, 99.9=646, 99.99=3145] 
2020-10-17 15:23:53:869 174 sec: 384716 operations; 2311 current ops/sec; est completion in 53 seconds [INSERT: Count=2312, Max=5059, Min=384, Avg=430.41, 90=455, 99=526, 99.9=4167, 99.99=5059] 
2020-10-17 15:23:54:869 175 sec: 387017 operations; 2301 current ops/sec; est completion in 52 seconds [INSERT: Count=2300, Max=616, Min=385, Avg=432.39, 90=466, 99=531, 99.9=604, 99.99=616] 
2020-10-17 15:23:55:869 176 sec: 389254 operations; 2237 current ops/sec; est completion in 51 seconds [INSERT: Count=2237, Max=11119, Min=389, Avg=444.81, 90=477, 99=547, 99.9=723, 99.99=11119] 
2020-10-17 15:23:56:869 177 sec: 391559 operations; 2305 current ops/sec; est completion in 50 seconds [INSERT: Count=2306, Max=7747, Min=369, Avg=431.39, 90=463, 99=535, 99.9=628, 99.99=7747] 
2020-10-17 15:23:57:869 178 sec: 393215 operations; 1656 current ops/sec; est completion in 49 seconds [INSERT: Count=1655, Max=3947, Min=374, Avg=430.57, 90=467, 99=531, 99.9=603, 99.99=3947] 
2020-10-17 15:23:58:869 179 sec: 394246 operations; 1031 current ops/sec; est completion in 49 seconds [INSERT: Count=1032, Max=819199, Min=402, Avg=1240.68, 90=473, 99=548, 99.9=8519, 99.99=819199] 
2020-10-17 15:23:59:870 180 sec: 396534 operations; 2288 current ops/sec; est completion in 47 seconds [INSERT: Count=2290, Max=4259, Min=401, Avg=435.05, 90=464, 99=532, 99.9=952, 99.99=4259] 
2020-10-17 15:24:00:869 181 sec: 398870 operations; 2336 current ops/sec; est completion in 46 seconds [INSERT: Count=2333, Max=1351, Min=386, Avg=425.43, 90=454, 99=529, 99.9=605, 99.99=1351] 
2020-10-17 15:24:01:869 182 sec: 400000 operations; 1130 current ops/sec; est completion in 46 seconds [INSERT: Count=1130, Max=575, Min=402, Avg=434.22, 90=465, 99=522, 99.9=564, 99.99=575] 
2020-10-17 15:24:02:869 183 sec: 400000 operations; 0 current ops/sec; est completion in 46 seconds [INSERT: Count=0, Max=0, Min=9223372036854775807, Avg=NaN, 90=0, 99=0, 99.9=0, 99.99=0] 
2020-10-17 15:24:03:869 184 sec: 400000 operations; 0 current ops/sec; est completion in 47 seconds [INSERT: Count=0, Max=0, Min=9223372036854775807, Avg=NaN, 90=0, 99=0, 99.9=0, 99.99=0] 
2020-10-17 15:24:04:869 185 sec: 400000 operations; 0 current ops/sec; est completion in 47 seconds [INSERT: Count=0, Max=0, Min=9223372036854775807, Avg=NaN, 90=0, 99=0, 99.9=0, 99.99=0] 
2020-10-17 15:24:05:869 186 sec: 400000 operations; 0 current ops/sec; est completion in 47 seconds [INSERT: Count=0, Max=0, Min=9223372036854775807, Avg=NaN, 90=0, 99=0, 99.9=0, 99.99=0] 
2020-10-17 15:24:06:869 187 sec: 400000 operations; 0 current ops/sec; est completion in 47 seconds [INSERT: Count=0, Max=0, Min=9223372036854775807, Avg=NaN, 90=0, 99=0, 99.9=0, 99.99=0] 
2020-10-17 15:24:07:869 188 sec: 400740 operations; 740 current ops/sec; est completion in 47 seconds [INSERT: Count=741, Max=5812223, Min=375, Avg=8779.66, 90=451, 99=555, 99.9=387583, 99.99=5812223] 
2020-10-17 15:24:08:869 189 sec: 403286 operations; 2546 current ops/sec; est completion in 46 seconds [INSERT: Count=2545, Max=758, Min=363, Avg=390.68, 90=418, 99=478, 99.9=528, 99.99=758] 
2020-10-17 15:24:09:869 190 sec: 405664 operations; 2378 current ops/sec; est completion in 45 seconds [INSERT: Count=2378, Max=52863, Min=361, Avg=418.39, 90=427, 99=489, 99.9=531, 99.99=52863] 
2020-10-17 15:24:10:869 191 sec: 408183 operations; 2519 current ops/sec; est completion in 43 seconds [INSERT: Count=2519, Max=610, Min=360, Avg=394.79, 90=424, 99=491, 99.9=521, 99.99=610] 
2020-10-17 15:24:11:869 192 sec: 410762 operations; 2579 current ops/sec; est completion in 42 seconds [INSERT: Count=2580, Max=526, Min=361, Avg=385.56, 90=412, 99=467, 99.9=521, 99.99=526] 
2020-10-17 15:24:12:869 193 sec: 413317 operations; 2555 current ops/sec; est completion in 41 seconds [INSERT: Count=2555, Max=2413, Min=362, Avg=389.12, 90=413, 99=478, 99.9=547, 99.99=2413] 
2020-10-17 15:24:13:869 194 sec: 415867 operations; 2550 current ops/sec; est completion in 40 seconds [INSERT: Count=2549, Max=547, Min=363, Avg=390.12, 90=418, 99=469, 99.9=500, 99.99=547] 
2020-10-17 15:24:14:869 195 sec: 418385 operations; 2518 current ops/sec; est completion in 39 seconds [INSERT: Count=2518, Max=8519, Min=362, Avg=394.86, 90=426, 99=485, 99.9=577, 99.99=8519] 
2020-10-17 15:24:15:869 196 sec: 420942 operations; 2557 current ops/sec; est completion in 37 seconds [INSERT: Count=2557, Max=605, Min=362, Avg=388.84, 90=416, 99=471, 99.9=526, 99.99=605] 
2020-10-17 15:24:16:869 197 sec: 423463 operations; 2521 current ops/sec; est completion in 36 seconds [INSERT: Count=2522, Max=7563, Min=362, Avg=394.21, 90=424, 99=478, 99.9=553, 99.99=7563] 
2020-10-17 15:24:17:869 198 sec: 425937 operations; 2474 current ops/sec; est completion in 35 seconds [INSERT: Count=2474, Max=7491, Min=362, Avg=401.99, 90=430, 99=488, 99.9=553, 99.99=7491] 
2020-10-17 15:24:18:869 199 sec: 428451 operations; 2514 current ops/sec; est completion in 34 seconds [INSERT: Count=2514, Max=5339, Min=361, Avg=395.41, 90=428, 99=488, 99.9=549, 99.99=5339] 
2020-10-17 15:24:19:869 200 sec: 430916 operations; 2465 current ops/sec; est completion in 33 seconds [INSERT: Count=2465, Max=9167, Min=360, Avg=403.22, 90=434, 99=491, 99.9=620, 99.99=9167] 
2020-10-17 15:24:20:869 201 sec: 433412 operations; 2496 current ops/sec; est completion in 31 seconds [INSERT: Count=2495, Max=11327, Min=361, Avg=398.45, 90=426, 99=477, 99.9=843, 99.99=11327] 
2020-10-17 15:24:21:869 202 sec: 435985 operations; 2573 current ops/sec; est completion in 30 seconds [INSERT: Count=2573, Max=6059, Min=359, Avg=386.4, 90=411, 99=465, 99.9=509, 99.99=6059] 
2020-10-17 15:24:22:869 203 sec: 438555 operations; 2570 current ops/sec; est completion in 29 seconds [INSERT: Count=2571, Max=616, Min=362, Avg=386.71, 90=415, 99=472, 99.9=531, 99.99=616] 
2020-10-17 15:24:23:869 204 sec: 441071 operations; 2516 current ops/sec; est completion in 28 seconds [INSERT: Count=2516, Max=7211, Min=360, Avg=395.22, 90=422, 99=482, 99.9=839, 99.99=7211] 
2020-10-17 15:24:24:869 205 sec: 443643 operations; 2572 current ops/sec; est completion in 27 seconds [INSERT: Count=2572, Max=573, Min=363, Avg=386.48, 90=414, 99=453, 99.9=495, 99.99=573] 
2020-10-17 15:24:25:869 206 sec: 446147 operations; 2504 current ops/sec; est completion in 25 seconds [INSERT: Count=2504, Max=7375, Min=360, Avg=397.15, 90=425, 99=483, 99.9=521, 99.99=7375] 
2020-10-17 15:24:26:869 207 sec: 448582 operations; 2435 current ops/sec; est completion in 24 seconds [INSERT: Count=2434, Max=595, Min=364, Avg=408.6, 90=445, 99=509, 99.9=544, 99.99=595] 
2020-10-17 15:24:27:869 208 sec: 451143 operations; 2561 current ops/sec; est completion in 23 seconds [INSERT: Count=2562, Max=548, Min=358, Avg=388.24, 90=420, 99=472, 99.9=524, 99.99=548] 
2020-10-17 15:24:28:869 209 sec: 453619 operations; 2476 current ops/sec; est completion in 22 seconds [INSERT: Count=2475, Max=5791, Min=361, Avg=401.76, 90=439, 99=500, 99.9=596, 99.99=5791] 
2020-10-17 15:24:29:869 210 sec: 455991 operations; 2372 current ops/sec; est completion in 21 seconds [INSERT: Count=2373, Max=46015, Min=360, Avg=419.2, 90=432, 99=498, 99.9=711, 99.99=46015] 
2020-10-17 15:24:30:869 211 sec: 458484 operations; 2493 current ops/sec; est completion in 20 seconds [INSERT: Count=2493, Max=784, Min=362, Avg=398.97, 90=429, 99=493, 99.9=556, 99.99=784] 
2020-10-17 15:24:31:869 212 sec: 461005 operations; 2521 current ops/sec; est completion in 18 seconds [INSERT: Count=2520, Max=5619, Min=358, Avg=394.51, 90=424, 99=480, 99.9=555, 99.99=5619] 
2020-10-17 15:24:32:869 213 sec: 463576 operations; 2571 current ops/sec; est completion in 17 seconds [INSERT: Count=2571, Max=833, Min=351, Avg=386.76, 90=418, 99=476, 99.9=526, 99.99=833] 
2020-10-17 15:24:33:869 214 sec: 466147 operations; 2571 current ops/sec; est completion in 16 seconds [INSERT: Count=2572, Max=6331, Min=352, Avg=386.59, 90=415, 99=486, 99.9=568, 99.99=6331] 
2020-10-17 15:24:34:869 215 sec: 468786 operations; 2639 current ops/sec; est completion in 15 seconds [INSERT: Count=2639, Max=5727, Min=353, Avg=376.74, 90=400, 99=448, 99.9=524, 99.99=5727] 
2020-10-17 15:24:35:869 216 sec: 471423 operations; 2637 current ops/sec; est completion in 14 seconds [INSERT: Count=2637, Max=6623, Min=352, Avg=376.91, 90=399, 99=456, 99.9=614, 99.99=6623] 
2020-10-17 15:24:36:869 217 sec: 474051 operations; 2628 current ops/sec; est completion in 12 seconds [INSERT: Count=2628, Max=7347, Min=352, Avg=378.32, 90=401, 99=451, 99.9=494, 99.99=7347] 
2020-10-17 15:24:37:869 218 sec: 476719 operations; 2668 current ops/sec; est completion in 11 seconds [INSERT: Count=2668, Max=788, Min=353, Avg=372.69, 90=397, 99=440, 99.9=488, 99.99=788] 
2020-10-17 15:24:38:869 219 sec: 479378 operations; 2659 current ops/sec; est completion in 10 seconds [INSERT: Count=2658, Max=774, Min=352, Avg=373.88, 90=398, 99=447, 99.9=500, 99.99=774] 
2020-10-17 15:24:39:869 220 sec: 482081 operations; 2703 current ops/sec; est completion in 9 second [INSERT: Count=2703, Max=6711, Min=345, Avg=367.76, 90=389, 99=437, 99.9=483, 99.99=6711] 
2020-10-17 15:24:40:869 221 sec: 483214 operations; 1133 current ops/sec; est completion in 8 second [INSERT: Count=1133, Max=372223, Min=345, Avg=879.73, 90=524, 99=594, 99.9=179711, 99.99=372223] 
2020-10-17 15:24:41:869 222 sec: 485565 operations; 2351 current ops/sec; est completion in 7 second [INSERT: Count=2351, Max=122943, Min=346, Avg=423.15, 90=400, 99=571, 99.9=703, 99.99=122943] 
2020-10-17 15:24:42:869 223 sec: 488226 operations; 2661 current ops/sec; est completion in 6 second [INSERT: Count=2661, Max=5935, Min=346, Avg=373.68, 90=388, 99=446, 99.9=4467, 99.99=5935] 
2020-10-17 15:24:43:869 224 sec: 490877 operations; 2651 current ops/sec; est completion in 5 second [INSERT: Count=2651, Max=831, Min=354, Avg=374.97, 90=404, 99=453, 99.9=597, 99.99=831] 
2020-10-17 15:24:44:869 225 sec: 493510 operations; 2633 current ops/sec; est completion in 3 second [INSERT: Count=2634, Max=5903, Min=354, Avg=377.45, 90=400, 99=441, 99.9=567, 99.99=5903] 
2020-10-17 15:24:45:869 226 sec: 496159 operations; 2649 current ops/sec; est completion in 2 second [INSERT: Count=2649, Max=4599, Min=351, Avg=375.21, 90=400, 99=453, 99.9=530, 99.99=4599] 
2020-10-17 15:24:46:869 227 sec: 497264 operations; 1105 current ops/sec; est completion in 2 second [INSERT: Count=1104, Max=514, Min=353, Avg=369.68, 90=395, 99=433, 99.9=475, 99.99=514] 
2020-10-17 15:24:47:869 228 sec: 497264 operations; 0 current ops/sec; est completion in 2 second [INSERT: Count=0, Max=0, Min=9223372036854775807, Avg=NaN, 90=0, 99=0, 99.9=0, 99.99=0] 
2020-10-17 15:24:48:869 229 sec: 499200 operations; 1936 current ops/sec; est completion in 1 second [INSERT: Count=1937, Max=1783807, Min=371, Avg=1334.32, 90=442, 99=509, 99.9=968, 99.99=1783807] 
2020-10-17 15:24:49:198 229 sec: 500000 operations; 2431.61 current ops/sec; [CLEANUP: Count=1, Max=4, Min=4, Avg=4, 90=4, 99=4, 99.9=4, 99.99=4] [INSERT: Count=799, Max=4519, Min=366, Avg=406.3, 90=431, 99=511, 99.9=624, 99.99=4519] 
[OVERALL], RunTime(ms), 229330
[OVERALL], Throughput(ops/sec), 2180.264248026861
[TOTAL_GCS_G1_Young_Generation], Count, 12
[TOTAL_GC_TIME_G1_Young_Generation], Time(ms), 416
[TOTAL_GC_TIME_%_G1_Young_Generation], Time(%), 0.18139798543583482
[TOTAL_GCS_G1_Old_Generation], Count, 0
[TOTAL_GC_TIME_G1_Old_Generation], Time(ms), 0
[TOTAL_GC_TIME_%_G1_Old_Generation], Time(%), 0.0
[TOTAL_GCs], Count, 12
[TOTAL_GC_TIME], Time(ms), 416
[TOTAL_GC_TIME_%], Time(%), 0.18139798543583482
[CLEANUP], Operations, 1
[CLEANUP], AverageLatency(us), 4.0
[CLEANUP], MinLatency(us), 4
[CLEANUP], MaxLatency(us), 4
[CLEANUP], 95thPercentileLatency(us), 4
[CLEANUP], 99thPercentileLatency(us), 4
[INSERT], Operations, 500000
[INSERT], AverageLatency(us), 455.975972
[INSERT], MinLatency(us), 345
[INSERT], MaxLatency(us), 5812223
[INSERT], 95thPercentileLatency(us), 487
[INSERT], 99thPercentileLatency(us), 609
[INSERT], Return=OK, 500000
