Command line: -load -s -db smarttrie.app.client.Client -P config/workload
YCSB Client 0.17.0

Loading workload...
Starting test.
DBWrapper: report latency for each error is false and specific error codes to track for latency are: []
2020-11-05 13:40:47:943 0 sec: 0 operations; est completion in 0 second 
2020-11-05 13:40:48:849 1 sec: 0 operations; est completion in 106751991167300 days 15 hours 
2020-11-05 13:40:48.953 [Thread-2] INFO  b.c.c.n.NettyClientServerCommunicationSystemClientSide - Connecting to replica 0 at /192.168.3.41:11000
2020-11-05 13:40:48.985 [nioEventLoopGroup-2-1] INFO  b.c.c.n.NettyClientServerCommunicationSystemClientSide - Channel active
2020-11-05 13:40:49:849 2 sec: 184 operations; 184.18 current ops/sec; est completion in 1 hour 30 minutes [INSERT: Count=186, Max=1397759, Min=2202, Avg=10545.19, 90=4475, 99=7371, 99.9=1397759, 99.99=1397759] 
2020-11-05 13:40:50:849 3 sec: 651 operations; 467 current ops/sec; est completion in 38 minutes [INSERT: Count=465, Max=6579, Min=1735, Avg=2082.66, 90=2359, 99=3357, 99.9=6579, 99.99=6579] 
2020-11-05 13:40:51:849 4 sec: 1279 operations; 628 current ops/sec; est completion in 26 minutes [INSERT: Count=628, Max=5831, Min=1018, Avg=1556.47, 90=1855, 99=3055, 99.9=5699, 99.99=5831] 
2020-11-05 13:40:52:849 5 sec: 2252 operations; 973 current ops/sec; est completion in 18 minutes [INSERT: Count=974, Max=8091, Min=764, Avg=1008.56, 90=1288, 99=2233, 99.9=6531, 99.99=8091] 
2020-11-05 13:40:53:849 6 sec: 3436 operations; 1184 current ops/sec; est completion in 14 minutes [INSERT: Count=1185, Max=6991, Min=695, Avg=828.72, 90=923, 99=1132, 99.9=4907, 99.99=6991] 
2020-11-05 13:40:54:849 7 sec: 4594 operations; 1158 current ops/sec; est completion in 12 minutes [INSERT: Count=1157, Max=39359, Min=701, Avg=848.54, 90=890, 99=1259, 99.9=3099, 99.99=39359] 
2020-11-05 13:40:55:849 8 sec: 5734 operations; 1140 current ops/sec; est completion in 11 minutes [INSERT: Count=1139, Max=6479, Min=685, Avg=861.29, 90=1006, 99=1278, 99.9=5195, 99.99=6479] 
2020-11-05 13:40:56:849 9 sec: 7122 operations; 1388 current ops/sec; est completion in 10 minutes [INSERT: Count=1389, Max=8111, Min=596, Avg=709.25, 90=797, 99=1023, 99.9=4983, 99.99=8111] 
2020-11-05 13:40:57:849 10 sec: 8562 operations; 1440 current ops/sec; est completion in 9 minutes [INSERT: Count=1439, Max=21823, Min=563, Avg=680.06, 90=713, 99=1006, 99.9=11663, 99.99=21823] 
2020-11-05 13:40:58:849 11 sec: 10179 operations; 1617 current ops/sec; est completion in 8 minutes [INSERT: Count=1617, Max=7387, Min=543, Avg=607.62, 90=628, 99=797, 99.9=3845, 99.99=7387] 
2020-11-05 13:40:59:849 12 sec: 11810 operations; 1631 current ops/sec; est completion in 8 minutes [INSERT: Count=1632, Max=4995, Min=547, Avg=606.32, 90=638, 99=831, 99.9=2383, 99.99=4995] 
2020-11-05 13:41:00:849 13 sec: 13464 operations; 1654 current ops/sec; est completion in 7 minutes [INSERT: Count=1655, Max=10023, Min=523, Avg=596.22, 90=630, 99=756, 99.9=4315, 99.99=10023] 
2020-11-05 13:41:01:849 14 sec: 15140 operations; 1676 current ops/sec; est completion in 7 minutes [INSERT: Count=1674, Max=9327, Min=511, Avg=572.27, 90=593, 99=724, 99.9=2849, 99.99=9327] 
2020-11-05 13:41:02:849 15 sec: 16841 operations; 1701 current ops/sec; est completion in 7 minutes [INSERT: Count=1701, Max=4563, Min=512, Avg=581.1, 90=609, 99=1051, 99.9=2729, 99.99=4563] 
2020-11-05 13:41:03:849 16 sec: 18613 operations; 1772 current ops/sec; est completion in 6 minutes [INSERT: Count=1773, Max=4727, Min=516, Avg=559.34, 90=580, 99=669, 99.9=862, 99.99=4727] 
2020-11-05 13:41:04:849 17 sec: 20238 operations; 1625 current ops/sec; est completion in 6 minutes [INSERT: Count=1624, Max=79871, Min=515, Avg=609.11, 90=582, 99=660, 99.9=1448, 99.99=79871] 
2020-11-05 13:41:05:849 18 sec: 22004 operations; 1766 current ops/sec; est completion in 6 minutes [INSERT: Count=1766, Max=4391, Min=511, Avg=560.44, 90=580, 99=664, 99.9=1997, 99.99=4391] 
2020-11-05 13:41:06:849 19 sec: 23778 operations; 1774 current ops/sec; est completion in 6 minutes [INSERT: Count=1775, Max=6959, Min=504, Avg=558.42, 90=577, 99=654, 99.9=1459, 99.99=6959] 
2020-11-05 13:41:07:849 20 sec: 25542 operations; 1764 current ops/sec; est completion in 6 minutes [INSERT: Count=1764, Max=5271, Min=516, Avg=560.93, 90=582, 99=646, 99.9=777, 99.99=5271] 
2020-11-05 13:41:08:849 21 sec: 27308 operations; 1766 current ops/sec; est completion in 6 minutes [INSERT: Count=1765, Max=4127, Min=513, Avg=559.78, 90=581, 99=650, 99.9=993, 99.99=4127] 
2020-11-05 13:41:09:849 22 sec: 29048 operations; 1740 current ops/sec; est completion in 5 minutes [INSERT: Count=1740, Max=8975, Min=532, Avg=568.78, 90=584, 99=646, 99.9=1729, 99.99=8975] 
2020-11-05 13:41:10:849 23 sec: 30800 operations; 1752 current ops/sec; est completion in 5 minutes [INSERT: Count=1752, Max=11631, Min=513, Avg=564.27, 90=581, 99=643, 99.9=3551, 99.99=11631] 
2020-11-05 13:41:11:849 24 sec: 32576 operations; 1776 current ops/sec; est completion in 5 minutes [INSERT: Count=1778, Max=11735, Min=506, Avg=557.39, 90=571, 99=662, 99.9=1642, 99.99=11735] 
2020-11-05 13:41:12:849 25 sec: 34335 operations; 1759 current ops/sec; est completion in 5 minutes [INSERT: Count=1757, Max=22399, Min=498, Avg=562.21, 90=573, 99=642, 99.9=1009, 99.99=22399] 
2020-11-05 13:41:13:849 26 sec: 36131 operations; 1796 current ops/sec; est completion in 5 minutes [INSERT: Count=1798, Max=10271, Min=503, Avg=551.65, 90=573, 99=652, 99.9=3641, 99.99=10271] 
2020-11-05 13:41:14:849 27 sec: 37877 operations; 1746 current ops/sec; est completion in 5 minutes [INSERT: Count=1744, Max=845, Min=503, Avg=567.22, 90=603, 99=655, 99.9=705, 99.99=845] 
2020-11-05 13:41:15:849 28 sec: 39627 operations; 1750 current ops/sec; est completion in 5 minutes [INSERT: Count=1752, Max=4419, Min=497, Avg=565.89, 90=605, 99=669, 99.9=2675, 99.99=4419] 
2020-11-05 13:41:16:849 29 sec: 41393 operations; 1766 current ops/sec; est completion in 5 minutes [INSERT: Count=1766, Max=3177, Min=494, Avg=561.09, 90=587, 99=647, 99.9=949, 99.99=3177] 
2020-11-05 13:41:17:849 30 sec: 43101 operations; 1708 current ops/sec; est completion in 5 minutes [INSERT: Count=1707, Max=6759, Min=546, Avg=578.93, 90=591, 99=644, 99.9=801, 99.99=6759] 
2020-11-05 13:41:18:849 31 sec: 44841 operations; 1740 current ops/sec; est completion in 5 minutes [INSERT: Count=1741, Max=829, Min=497, Avg=569.36, 90=590, 99=642, 99.9=766, 99.99=829] 
2020-11-05 13:41:19:849 32 sec: 46571 operations; 1730 current ops/sec; est completion in 5 minutes [INSERT: Count=1730, Max=7599, Min=494, Avg=572.77, 90=600, 99=675, 99.9=1762, 99.99=7599] 
2020-11-05 13:41:20:849 33 sec: 48360 operations; 1789 current ops/sec; est completion in 5 minutes [INSERT: Count=1787, Max=10335, Min=490, Avg=552.97, 90=581, 99=672, 99.9=1760, 99.99=10335] 
2020-11-05 13:41:21:849 34 sec: 50163 operations; 1803 current ops/sec; est completion in 5 minutes [INSERT: Count=1803, Max=10879, Min=486, Avg=548.67, 90=576, 99=649, 99.9=3453, 99.99=10879] 
2020-11-05 13:41:22:849 35 sec: 51828 operations; 1665 current ops/sec; est completion in 5 minutes [INSERT: Count=1665, Max=11015, Min=505, Avg=594.54, 90=625, 99=684, 99.9=3247, 99.99=11015] 
2020-11-05 13:41:23:849 36 sec: 53615 operations; 1787 current ops/sec; est completion in 5 minutes [INSERT: Count=1788, Max=1383, Min=492, Avg=554.45, 90=602, 99=654, 99.9=935, 99.99=1383] 
2020-11-05 13:41:24:849 37 sec: 55198 operations; 1583 current ops/sec; est completion in 4 minutes [INSERT: Count=1582, Max=43519, Min=516, Avg=625.67, 90=620, 99=680, 99.9=5699, 99.99=43519] 
2020-11-05 13:41:25:849 38 sec: 56980 operations; 1782 current ops/sec; est completion in 4 minutes [INSERT: Count=1784, Max=4599, Min=494, Avg=555.65, 90=585, 99=646, 99.9=3255, 99.99=4599] 
2020-11-05 13:41:26:849 39 sec: 58362 operations; 1382 current ops/sec; est completion in 4 minutes [INSERT: Count=1380, Max=250623, Min=494, Avg=718.37, 90=572, 99=626, 99.9=1413, 99.99=250623] 
2020-11-05 13:41:27:849 40 sec: 60132 operations; 1770 current ops/sec; est completion in 4 minutes [INSERT: Count=1770, Max=3269, Min=477, Avg=559.49, 90=608, 99=662, 99.9=1198, 99.99=3269] 
2020-11-05 13:41:28:849 41 sec: 61843 operations; 1711 current ops/sec; est completion in 4 minutes [INSERT: Count=1712, Max=2359, Min=495, Avg=579.32, 90=624, 99=694, 99.9=901, 99.99=2359] 
2020-11-05 13:41:29:849 42 sec: 63698 operations; 1855 current ops/sec; est completion in 4 minutes [INSERT: Count=1854, Max=6119, Min=480, Avg=535.13, 90=585, 99=639, 99.9=695, 99.99=6119] 
2020-11-05 13:41:30:849 43 sec: 65510 operations; 1812 current ops/sec; est completion in 4 minutes [INSERT: Count=1812, Max=9799, Min=483, Avg=547.51, 90=580, 99=647, 99.9=6923, 99.99=9799] 
2020-11-05 13:41:31:849 44 sec: 67182 operations; 1672 current ops/sec; est completion in 4 minutes [INSERT: Count=1672, Max=9599, Min=521, Avg=592.75, 90=606, 99=679, 99.9=4743, 99.99=9599] 
2020-11-05 13:41:32:849 45 sec: 68845 operations; 1663 current ops/sec; est completion in 4 minutes [INSERT: Count=1664, Max=11087, Min=521, Avg=596.59, 90=630, 99=687, 99.9=821, 99.99=11087] 
2020-11-05 13:41:33:849 46 sec: 70653 operations; 1808 current ops/sec; est completion in 4 minutes [INSERT: Count=1808, Max=3379, Min=488, Avg=549.06, 90=579, 99=622, 99.9=906, 99.99=3379] 
2020-11-05 13:41:34:849 47 sec: 72493 operations; 1840 current ops/sec; est completion in 4 minutes [INSERT: Count=1840, Max=4507, Min=475, Avg=538.97, 90=572, 99=634, 99.9=1010, 99.99=4507] 
2020-11-05 13:41:35:849 48 sec: 74256 operations; 1763 current ops/sec; est completion in 4 minutes [INSERT: Count=1763, Max=5315, Min=486, Avg=562.92, 90=610, 99=661, 99.9=731, 99.99=5315] 
2020-11-05 13:41:36:849 49 sec: 76084 operations; 1828 current ops/sec; est completion in 4 minutes [INSERT: Count=1828, Max=39103, Min=475, Avg=542.39, 90=538, 99=594, 99.9=808, 99.99=39103] 
2020-11-05 13:41:37:849 50 sec: 77995 operations; 1911 current ops/sec; est completion in 4 minutes [INSERT: Count=1911, Max=674, Min=490, Avg=519.44, 90=538, 99=586, 99.9=620, 99.99=674] 
2020-11-05 13:41:38:849 51 sec: 79844 operations; 1849 current ops/sec; est completion in 4 minutes [INSERT: Count=1849, Max=10727, Min=476, Avg=536.41, 90=543, 99=609, 99.9=7523, 99.99=10727] 
2020-11-05 13:41:39:849 52 sec: 81596 operations; 1752 current ops/sec; est completion in 4 minutes [INSERT: Count=1753, Max=27471, Min=481, Avg=566.16, 90=573, 99=630, 99.9=9967, 99.99=27471] 
2020-11-05 13:41:40:849 53 sec: 83466 operations; 1870 current ops/sec; est completion in 4 minutes [INSERT: Count=1868, Max=10423, Min=485, Avg=530.35, 90=549, 99=596, 99.9=802, 99.99=10423] 
2020-11-05 13:41:41:849 54 sec: 85332 operations; 1866 current ops/sec; est completion in 4 minutes [INSERT: Count=1866, Max=7203, Min=490, Avg=531.3, 90=546, 99=594, 99.9=3023, 99.99=7203] 
2020-11-05 13:41:42:849 55 sec: 87216 operations; 1884 current ops/sec; est completion in 4 minutes [INSERT: Count=1884, Max=1560, Min=491, Avg=526.89, 90=550, 99=611, 99.9=701, 99.99=1560] 
2020-11-05 13:41:43:849 56 sec: 89073 operations; 1857 current ops/sec; est completion in 4 minutes [INSERT: Count=1859, Max=4547, Min=495, Avg=534.02, 90=557, 99=616, 99.9=1213, 99.99=4547] 
2020-11-05 13:41:44:849 57 sec: 90950 operations; 1877 current ops/sec; est completion in 4 minutes [INSERT: Count=1876, Max=762, Min=503, Avg=528.57, 90=552, 99=608, 99.9=661, 99.99=762] 
2020-11-05 13:41:45:849 58 sec: 92822 operations; 1872 current ops/sec; est completion in 4 minutes [INSERT: Count=1871, Max=873, Min=496, Avg=530.46, 90=559, 99=613, 99.9=754, 99.99=873] 
2020-11-05 13:41:46:849 59 sec: 94708 operations; 1886 current ops/sec; est completion in 4 minutes [INSERT: Count=1887, Max=908, Min=491, Avg=526.13, 90=552, 99=604, 99.9=733, 99.99=908] 
2020-11-05 13:41:47:849 60 sec: 96576 operations; 1868 current ops/sec; est completion in 4 minutes [INSERT: Count=1868, Max=7783, Min=477, Avg=531.23, 90=555, 99=609, 99.9=881, 99.99=7783] 
2020-11-05 13:41:48:849 61 sec: 97787 operations; 1211 current ops/sec; est completion in 4 minutes [INSERT: Count=1210, Max=355839, Min=491, Avg=820.9, 90=550, 99=618, 99.9=1391, 99.99=355839] 
2020-11-05 13:41:49:849 62 sec: 99560 operations; 1773 current ops/sec; est completion in 4 minutes [INSERT: Count=1773, Max=32447, Min=485, Avg=558.34, 90=545, 99=609, 99.9=8951, 99.99=32447] 
2020-11-05 13:41:50:849 63 sec: 101266 operations; 1706 current ops/sec; est completion in 4 minutes [INSERT: Count=1706, Max=10591, Min=489, Avg=581.58, 90=607, 99=1122, 99.9=7567, 99.99=10591] 
2020-11-05 13:41:51:849 64 sec: 103041 operations; 1775 current ops/sec; est completion in 4 minutes [INSERT: Count=1776, Max=11055, Min=485, Avg=559.14, 90=642, 99=835, 99.9=1693, 99.99=11055] 
2020-11-05 13:41:52:849 65 sec: 104762 operations; 1721 current ops/sec; est completion in 4 minutes [INSERT: Count=1720, Max=12487, Min=492, Avg=576.73, 90=628, 99=914, 99.9=8067, 99.99=12487] 
2020-11-05 13:41:53:849 66 sec: 106466 operations; 1704 current ops/sec; est completion in 4 minutes [INSERT: Count=1704, Max=13359, Min=471, Avg=579.09, 90=597, 99=1141, 99.9=7283, 99.99=13359] 
2020-11-05 13:41:54:849 67 sec: 108309 operations; 1843 current ops/sec; est completion in 4 minutes [INSERT: Count=1844, Max=7671, Min=489, Avg=541.19, 90=568, 99=739, 99.9=3083, 99.99=7671] 
2020-11-05 13:41:55:849 68 sec: 110143 operations; 1834 current ops/sec; est completion in 4 minutes [INSERT: Count=1834, Max=5171, Min=487, Avg=540.38, 90=565, 99=640, 99.9=3341, 99.99=5171] 
2020-11-05 13:41:56:849 69 sec: 112016 operations; 1873 current ops/sec; est completion in 3 minutes [INSERT: Count=1872, Max=7347, Min=487, Avg=529.08, 90=547, 99=612, 99.9=965, 99.99=7347] 
2020-11-05 13:41:57:849 70 sec: 113833 operations; 1817 current ops/sec; est completion in 3 minutes [INSERT: Count=1817, Max=10615, Min=494, Avg=546.08, 90=569, 99=639, 99.9=2953, 99.99=10615] 
2020-11-05 13:41:58:849 71 sec: 115670 operations; 1837 current ops/sec; est completion in 3 minutes [INSERT: Count=1838, Max=2171, Min=487, Avg=540.44, 90=582, 99=634, 99.9=839, 99.99=2171] 
2020-11-05 13:41:59:849 72 sec: 117462 operations; 1792 current ops/sec; est completion in 3 minutes [INSERT: Count=1791, Max=8255, Min=492, Avg=553.88, 90=589, 99=660, 99.9=1646, 99.99=8255] 
2020-11-05 13:42:00:849 73 sec: 119144 operations; 1682 current ops/sec; est completion in 3 minutes [INSERT: Count=1682, Max=24991, Min=491, Avg=589.89, 90=616, 99=669, 99.9=1450, 99.99=24991] 
2020-11-05 13:42:01:849 74 sec: 120894 operations; 1750 current ops/sec; est completion in 3 minutes [INSERT: Count=1751, Max=2947, Min=497, Avg=567.46, 90=633, 99=701, 99.9=904, 99.99=2947] 
2020-11-05 13:42:02:849 75 sec: 122634 operations; 1740 current ops/sec; est completion in 3 minutes [INSERT: Count=1739, Max=8511, Min=503, Avg=570.19, 90=611, 99=684, 99.9=820, 99.99=8511] 
2020-11-05 13:42:03:849 76 sec: 124296 operations; 1662 current ops/sec; est completion in 3 minutes [INSERT: Count=1662, Max=4967, Min=494, Avg=597.3, 90=643, 99=727, 99.9=2683, 99.99=4967] 
2020-11-05 13:42:04:849 77 sec: 126005 operations; 1709 current ops/sec; est completion in 3 minutes [INSERT: Count=1709, Max=755, Min=486, Avg=581.13, 90=635, 99=702, 99.9=752, 99.99=755] 
2020-11-05 13:42:05:849 78 sec: 127793 operations; 1788 current ops/sec; est completion in 3 minutes [INSERT: Count=1788, Max=742, Min=493, Avg=555.3, 90=590, 99=654, 99.9=718, 99.99=742] 
2020-11-05 13:42:06:849 79 sec: 129570 operations; 1777 current ops/sec; est completion in 3 minutes [INSERT: Count=1778, Max=6999, Min=488, Avg=558.64, 90=594, 99=679, 99.9=1184, 99.99=6999] 
2020-11-05 13:42:07:849 80 sec: 131350 operations; 1780 current ops/sec; est completion in 3 minutes [INSERT: Count=1779, Max=1689, Min=497, Avg=557.17, 90=600, 99=668, 99.9=760, 99.99=1689] 
2020-11-05 13:42:08:849 81 sec: 132991 operations; 1641 current ops/sec; est completion in 3 minutes [INSERT: Count=1642, Max=8623, Min=489, Avg=604.84, 90=640, 99=706, 99.9=2010, 99.99=8623] 
2020-11-05 13:42:09:850 82 sec: 134719 operations; 1728 current ops/sec; est completion in 3 minutes [INSERT: Count=1727, Max=1116, Min=500, Avg=574.9, 90=614, 99=684, 99.9=832, 99.99=1116] 
2020-11-05 13:42:10:849 83 sec: 136442 operations; 1723 current ops/sec; est completion in 3 minutes [INSERT: Count=1723, Max=4255, Min=497, Avg=576.05, 90=616, 99=691, 99.9=1718, 99.99=4255] 
2020-11-05 13:42:11:849 84 sec: 137621 operations; 1179 current ops/sec; est completion in 3 minutes [INSERT: Count=1179, Max=9823, Min=492, Avg=544.44, 90=568, 99=636, 99.9=848, 99.99=9823] 
2020-11-05 13:42:12:849 85 sec: 139359 operations; 1738 current ops/sec; est completion in 3 minutes [INSERT: Count=1738, Max=357119, Min=495, Avg=773.42, 90=613, 99=682, 99.9=886, 99.99=357119] 
2020-11-05 13:42:13:849 86 sec: 141136 operations; 1777 current ops/sec; est completion in 3 minutes [INSERT: Count=1777, Max=12639, Min=481, Avg=558.54, 90=586, 99=657, 99.9=1371, 99.99=12639] 
2020-11-05 13:42:14:849 87 sec: 142992 operations; 1856 current ops/sec; est completion in 3 minutes [INSERT: Count=1856, Max=11175, Min=486, Avg=534.38, 90=552, 99=618, 99.9=719, 99.99=11175] 
2020-11-05 13:42:15:849 88 sec: 144778 operations; 1786 current ops/sec; est completion in 3 minutes [INSERT: Count=1786, Max=11399, Min=489, Avg=555.3, 90=593, 99=660, 99.9=1281, 99.99=11399] 
2020-11-05 13:42:16:849 89 sec: 146604 operations; 1826 current ops/sec; est completion in 3 minutes [INSERT: Count=1826, Max=2559, Min=486, Avg=543.56, 90=586, 99=648, 99.9=1322, 99.99=2559] 
2020-11-05 13:42:17:849 90 sec: 148459 operations; 1855 current ops/sec; est completion in 3 minutes [INSERT: Count=1855, Max=5587, Min=478, Avg=534.79, 90=577, 99=638, 99.9=1600, 99.99=5587] 
2020-11-05 13:42:18:849 91 sec: 150258 operations; 1799 current ops/sec; est completion in 3 minutes [INSERT: Count=1799, Max=4595, Min=477, Avg=550.77, 90=583, 99=676, 99.9=2573, 99.99=4595] 
2020-11-05 13:42:19:849 92 sec: 152065 operations; 1807 current ops/sec; est completion in 3 minutes [INSERT: Count=1807, Max=3075, Min=486, Avg=549.28, 90=599, 99=659, 99.9=1510, 99.99=3075] 
2020-11-05 13:42:20:849 93 sec: 153812 operations; 1747 current ops/sec; est completion in 3 minutes [INSERT: Count=1748, Max=9399, Min=493, Avg=567.94, 90=597, 99=653, 99.9=2065, 99.99=9399] 
2020-11-05 13:42:21:849 94 sec: 155624 operations; 1812 current ops/sec; est completion in 3 minutes [INSERT: Count=1811, Max=7355, Min=487, Avg=547.69, 90=588, 99=651, 99.9=865, 99.99=7355] 
2020-11-05 13:42:22:849 95 sec: 157437 operations; 1813 current ops/sec; est completion in 3 minutes [INSERT: Count=1814, Max=3475, Min=489, Avg=547.13, 90=582, 99=673, 99.9=1356, 99.99=3475] 
2020-11-05 13:42:23:849 96 sec: 159249 operations; 1812 current ops/sec; est completion in 3 minutes [INSERT: Count=1812, Max=7327, Min=488, Avg=547.49, 90=574, 99=646, 99.9=1470, 99.99=7327] 
2020-11-05 13:42:24:849 97 sec: 161072 operations; 1823 current ops/sec; est completion in 3 minutes [INSERT: Count=1822, Max=728, Min=491, Avg=544.2, 90=582, 99=630, 99.9=666, 99.99=728] 
2020-11-05 13:42:25:849 98 sec: 162867 operations; 1795 current ops/sec; est completion in 3 minutes [INSERT: Count=1795, Max=36543, Min=488, Avg=552.81, 90=571, 99=633, 99.9=779, 99.99=36543] 
2020-11-05 13:42:26:849 99 sec: 164721 operations; 1854 current ops/sec; est completion in 3 minutes [INSERT: Count=1854, Max=8951, Min=490, Avg=535.14, 90=565, 99=617, 99.9=709, 99.99=8951] 
2020-11-05 13:42:27:849 100 sec: 166591 operations; 1870 current ops/sec; est completion in 3 minutes [INSERT: Count=1870, Max=12191, Min=483, Avg=530.57, 90=550, 99=598, 99.9=840, 99.99=12191] 
2020-11-05 13:42:28:849 101 sec: 168507 operations; 1916 current ops/sec; est completion in 3 minutes [INSERT: Count=1916, Max=2441, Min=479, Avg=517.79, 90=542, 99=592, 99.9=660, 99.99=2441] 
2020-11-05 13:42:29:849 102 sec: 170320 operations; 1813 current ops/sec; est completion in 3 minutes [INSERT: Count=1813, Max=9543, Min=487, Avg=547.46, 90=575, 99=624, 99.9=817, 99.99=9543] 
2020-11-05 13:42:30:849 103 sec: 172197 operations; 1877 current ops/sec; est completion in 3 minutes [INSERT: Count=1877, Max=2395, Min=475, Avg=528.78, 90=560, 99=606, 99.9=705, 99.99=2395] 
2020-11-05 13:42:31:849 104 sec: 174074 operations; 1877 current ops/sec; est completion in 3 minutes [INSERT: Count=1878, Max=9215, Min=490, Avg=528.8, 90=545, 99=602, 99.9=1188, 99.99=9215] 
2020-11-05 13:42:32:849 105 sec: 175934 operations; 1860 current ops/sec; est completion in 3 minutes [INSERT: Count=1859, Max=11839, Min=492, Avg=533.58, 90=552, 99=600, 99.9=792, 99.99=11839] 
2020-11-05 13:42:33:849 106 sec: 177835 operations; 1901 current ops/sec; est completion in 3 minutes [INSERT: Count=1902, Max=2127, Min=471, Avg=522.09, 90=558, 99=608, 99.9=690, 99.99=2127] 
2020-11-05 13:42:34:849 107 sec: 179699 operations; 1864 current ops/sec; est completion in 3 minutes [INSERT: Count=1864, Max=17887, Min=475, Avg=532.68, 90=544, 99=612, 99.9=699, 99.99=17887] 
2020-11-05 13:42:35:849 108 sec: 180906 operations; 1207 current ops/sec; est completion in 3 minutes [INSERT: Count=1207, Max=343039, Min=485, Avg=824.47, 90=576, 99=640, 99.9=3437, 99.99=343039] 
2020-11-05 13:42:36:849 109 sec: 182685 operations; 1779 current ops/sec; est completion in 3 minutes [INSERT: Count=1778, Max=8743, Min=487, Avg=558.21, 90=598, 99=647, 99.9=963, 99.99=8743] 
2020-11-05 13:42:37:849 110 sec: 184531 operations; 1846 current ops/sec; est completion in 3 minutes [INSERT: Count=1846, Max=9551, Min=486, Avg=537.32, 90=553, 99=612, 99.9=7767, 99.99=9551] 
2020-11-05 13:42:38:849 111 sec: 186380 operations; 1849 current ops/sec; est completion in 3 minutes [INSERT: Count=1849, Max=2601, Min=479, Avg=537.07, 90=579, 99=649, 99.9=984, 99.99=2601] 
2020-11-05 13:42:39:849 112 sec: 188228 operations; 1848 current ops/sec; est completion in 3 minutes [INSERT: Count=1848, Max=4551, Min=483, Avg=536.44, 90=569, 99=628, 99.9=792, 99.99=4551] 
2020-11-05 13:42:40:849 113 sec: 190090 operations; 1862 current ops/sec; est completion in 3 minutes [INSERT: Count=1862, Max=2915, Min=474, Avg=533.35, 90=568, 99=658, 99.9=1117, 99.99=2915] 
2020-11-05 13:42:41:849 114 sec: 191979 operations; 1889 current ops/sec; est completion in 3 minutes [INSERT: Count=1889, Max=4041, Min=484, Avg=525.24, 90=560, 99=611, 99.9=903, 99.99=4041] 
2020-11-05 13:42:42:849 115 sec: 193851 operations; 1872 current ops/sec; est completion in 3 minutes [INSERT: Count=1872, Max=7083, Min=485, Avg=530.21, 90=553, 99=603, 99.9=2033, 99.99=7083] 
2020-11-05 13:42:43:849 116 sec: 195752 operations; 1901 current ops/sec; est completion in 3 minutes [INSERT: Count=1902, Max=1168, Min=487, Avg=522.15, 90=549, 99=605, 99.9=971, 99.99=1168] 
2020-11-05 13:42:44:849 117 sec: 197661 operations; 1909 current ops/sec; est completion in 2 minutes [INSERT: Count=1909, Max=1132, Min=482, Avg=520.11, 90=550, 99=605, 99.9=655, 99.99=1132] 
2020-11-05 13:42:45:849 118 sec: 199568 operations; 1907 current ops/sec; est completion in 2 minutes [INSERT: Count=1906, Max=7863, Min=479, Avg=519.8, 90=541, 99=590, 99.9=757, 99.99=7863] 
2020-11-05 13:42:46:849 119 sec: 201346 operations; 1778 current ops/sec; est completion in 2 minutes [INSERT: Count=1779, Max=6835, Min=479, Avg=558.25, 90=592, 99=676, 99.9=4527, 99.99=6835] 
2020-11-05 13:42:47:849 120 sec: 203100 operations; 1754 current ops/sec; est completion in 2 minutes [INSERT: Count=1753, Max=4699, Min=489, Avg=565.42, 90=597, 99=663, 99.9=1060, 99.99=4699] 
2020-11-05 13:42:48:849 121 sec: 204917 operations; 1817 current ops/sec; est completion in 2 minutes [INSERT: Count=1817, Max=2061, Min=486, Avg=546.18, 90=580, 99=633, 99.9=774, 99.99=2061] 
2020-11-05 13:42:49:849 122 sec: 206596 operations; 1679 current ops/sec; est completion in 2 minutes [INSERT: Count=1680, Max=10719, Min=484, Avg=591.39, 90=635, 99=888, 99.9=9687, 99.99=10719] 
2020-11-05 13:42:50:849 123 sec: 208392 operations; 1796 current ops/sec; est completion in 2 minutes [INSERT: Count=1795, Max=11079, Min=495, Avg=552.74, 90=579, 99=986, 99.9=1110, 99.99=11079] 
2020-11-05 13:42:51:849 124 sec: 210174 operations; 1782 current ops/sec; est completion in 2 minutes [INSERT: Count=1782, Max=11559, Min=488, Avg=556.54, 90=573, 99=669, 99.9=11167, 99.99=11559] 
2020-11-05 13:42:52:849 125 sec: 212001 operations; 1827 current ops/sec; est completion in 2 minutes [INSERT: Count=1827, Max=8535, Min=488, Avg=543.31, 90=574, 99=634, 99.9=793, 99.99=8535] 
2020-11-05 13:42:53:849 126 sec: 213850 operations; 1849 current ops/sec; est completion in 2 minutes [INSERT: Count=1849, Max=2295, Min=487, Avg=536.66, 90=573, 99=635, 99.9=1174, 99.99=2295] 
2020-11-05 13:42:54:849 127 sec: 215694 operations; 1844 current ops/sec; est completion in 2 minutes [INSERT: Count=1844, Max=10927, Min=481, Avg=538.2, 90=565, 99=638, 99.9=1410, 99.99=10927] 
2020-11-05 13:42:55:849 128 sec: 217573 operations; 1879 current ops/sec; est completion in 2 minutes [INSERT: Count=1879, Max=2515, Min=480, Avg=528.07, 90=562, 99=621, 99.9=793, 99.99=2515] 
2020-11-05 13:42:56:849 129 sec: 219402 operations; 1829 current ops/sec; est completion in 2 minutes [INSERT: Count=1829, Max=12135, Min=484, Avg=542.51, 90=566, 99=667, 99.9=6183, 99.99=12135] 
2020-11-05 13:42:57:849 130 sec: 221288 operations; 1886 current ops/sec; est completion in 2 minutes [INSERT: Count=1887, Max=1016, Min=483, Avg=526.28, 90=554, 99=605, 99.9=705, 99.99=1016] 
2020-11-05 13:42:58:849 131 sec: 223099 operations; 1811 current ops/sec; est completion in 2 minutes [INSERT: Count=1810, Max=4267, Min=488, Avg=531.97, 90=559, 99=621, 99.9=715, 99.99=4267] 
2020-11-05 13:42:59:849 132 sec: 224283 operations; 1184 current ops/sec; est completion in 2 minutes [INSERT: Count=1184, Max=402687, Min=491, Avg=865.11, 90=552, 99=633, 99.9=1700, 99.99=402687] 
2020-11-05 13:43:00:849 133 sec: 226047 operations; 1764 current ops/sec; est completion in 2 minutes [INSERT: Count=1765, Max=35007, Min=472, Avg=559.59, 90=578, 99=650, 99.9=4183, 99.99=35007] 
2020-11-05 13:43:01:849 134 sec: 227897 operations; 1850 current ops/sec; est completion in 2 minutes [INSERT: Count=1849, Max=7419, Min=484, Avg=535.8, 90=569, 99=626, 99.9=714, 99.99=7419] 
2020-11-05 13:43:02:849 135 sec: 229780 operations; 1883 current ops/sec; est completion in 2 minutes [INSERT: Count=1883, Max=2933, Min=488, Avg=527.46, 90=559, 99=614, 99.9=695, 99.99=2933] 
2020-11-05 13:43:03:849 136 sec: 231674 operations; 1894 current ops/sec; est completion in 2 minutes [INSERT: Count=1894, Max=1646, Min=479, Avg=524.05, 90=556, 99=602, 99.9=666, 99.99=1646] 
2020-11-05 13:43:04:849 137 sec: 233576 operations; 1902 current ops/sec; est completion in 2 minutes [INSERT: Count=1902, Max=3735, Min=482, Avg=521.77, 90=548, 99=609, 99.9=1019, 99.99=3735] 
2020-11-05 13:43:05:849 138 sec: 235427 operations; 1851 current ops/sec; est completion in 2 minutes [INSERT: Count=1852, Max=8287, Min=480, Avg=536.4, 90=570, 99=621, 99.9=725, 99.99=8287] 
2020-11-05 13:43:06:849 139 sec: 237279 operations; 1852 current ops/sec; est completion in 2 minutes [INSERT: Count=1851, Max=6755, Min=475, Avg=535.79, 90=561, 99=627, 99.9=3273, 99.99=6755] 
2020-11-05 13:43:07:849 140 sec: 239128 operations; 1849 current ops/sec; est completion in 2 minutes [INSERT: Count=1849, Max=7211, Min=488, Avg=537.02, 90=568, 99=616, 99.9=1670, 99.99=7211] 
2020-11-05 13:43:08:849 141 sec: 240998 operations; 1870 current ops/sec; est completion in 2 minutes [INSERT: Count=1871, Max=8095, Min=490, Avg=530.61, 90=558, 99=609, 99.9=805, 99.99=8095] 
2020-11-05 13:43:09:849 142 sec: 242886 operations; 1888 current ops/sec; est completion in 2 minutes [INSERT: Count=1887, Max=9231, Min=489, Avg=525.57, 90=546, 99=593, 99.9=643, 99.99=9231] 
2020-11-05 13:43:10:849 143 sec: 244745 operations; 1859 current ops/sec; est completion in 2 minutes [INSERT: Count=1859, Max=12407, Min=484, Avg=533.38, 90=555, 99=618, 99.9=1366, 99.99=12407] 
2020-11-05 13:43:11:849 144 sec: 246508 operations; 1763 current ops/sec; est completion in 2 minutes [INSERT: Count=1763, Max=4383, Min=473, Avg=529.66, 90=561, 99=618, 99.9=934, 99.99=4383] 
2020-11-05 13:43:12:849 145 sec: 248070 operations; 1562 current ops/sec; est completion in 2 minutes [INSERT: Count=1562, Max=229247, Min=475, Avg=674.03, 90=554, 99=626, 99.9=4207, 99.99=229247] 
2020-11-05 13:43:13:849 146 sec: 249968 operations; 1898 current ops/sec; est completion in 2 minutes [INSERT: Count=1898, Max=7299, Min=475, Avg=522.69, 90=549, 99=605, 99.9=3251, 99.99=7299] 
2020-11-05 13:43:14:849 147 sec: 251885 operations; 1917 current ops/sec; est completion in 2 minutes [INSERT: Count=1918, Max=4311, Min=486, Avg=517.52, 90=537, 99=591, 99.9=770, 99.99=4311] 
2020-11-05 13:43:15:849 148 sec: 253858 operations; 1973 current ops/sec; est completion in 2 minutes [INSERT: Count=1972, Max=895, Min=470, Avg=502.88, 90=525, 99=570, 99.9=639, 99.99=895] 
2020-11-05 13:43:16:849 149 sec: 255797 operations; 1939 current ops/sec; est completion in 2 minutes [INSERT: Count=1940, Max=1281, Min=471, Avg=511.96, 90=533, 99=584, 99.9=885, 99.99=1281] 
2020-11-05 13:43:17:849 150 sec: 257698 operations; 1901 current ops/sec; est completion in 2 minutes [INSERT: Count=1900, Max=8143, Min=473, Avg=521.77, 90=541, 99=603, 99.9=2913, 99.99=8143] 
2020-11-05 13:43:18:849 151 sec: 259673 operations; 1975 current ops/sec; est completion in 2 minutes [INSERT: Count=1976, Max=4679, Min=472, Avg=502.32, 90=514, 99=570, 99.9=2129, 99.99=4679] 
2020-11-05 13:43:19:849 152 sec: 261685 operations; 2012 current ops/sec; est completion in 2 minutes [INSERT: Count=2012, Max=8131, Min=455, Avg=493.04, 90=509, 99=567, 99.9=800, 99.99=8131] 
2020-11-05 13:43:20:849 153 sec: 263627 operations; 1942 current ops/sec; est completion in 2 minutes [INSERT: Count=1942, Max=5471, Min=467, Avg=510.53, 90=526, 99=694, 99.9=2415, 99.99=5471] 
2020-11-05 13:43:21:849 154 sec: 265603 operations; 1976 current ops/sec; est completion in 2 minutes [INSERT: Count=1975, Max=3007, Min=477, Avg=502.04, 90=514, 99=573, 99.9=1074, 99.99=3007] 
2020-11-05 13:43:22:849 155 sec: 267583 operations; 1980 current ops/sec; est completion in 2 minutes [INSERT: Count=1980, Max=2095, Min=472, Avg=501.11, 90=514, 99=561, 99.9=775, 99.99=2095] 
2020-11-05 13:43:23:849 156 sec: 269531 operations; 1948 current ops/sec; est completion in 2 minutes [INSERT: Count=1948, Max=8919, Min=465, Avg=509.45, 90=521, 99=629, 99.9=1500, 99.99=8919] 
2020-11-05 13:43:24:849 157 sec: 270988 operations; 1457 current ops/sec; est completion in 2 minutes [INSERT: Count=1457, Max=270591, Min=461, Avg=682.03, 90=517, 99=575, 99.9=779, 99.99=270591] 
2020-11-05 13:43:25:849 158 sec: 272932 operations; 1944 current ops/sec; est completion in 2 minutes [INSERT: Count=1944, Max=8343, Min=470, Avg=510.27, 90=518, 99=603, 99.9=4791, 99.99=8343] 
2020-11-05 13:43:26:849 159 sec: 274916 operations; 1984 current ops/sec; est completion in 2 minutes [INSERT: Count=1984, Max=4647, Min=460, Avg=499.93, 90=512, 99=560, 99.9=2391, 99.99=4647] 
2020-11-05 13:43:27:849 160 sec: 276903 operations; 1987 current ops/sec; est completion in 2 minutes [INSERT: Count=1987, Max=3861, Min=459, Avg=499.31, 90=517, 99=568, 99.9=736, 99.99=3861] 
2020-11-05 13:43:28:849 161 sec: 278898 operations; 1995 current ops/sec; est completion in 2 minutes [INSERT: Count=1995, Max=1530, Min=466, Avg=497.48, 90=518, 99=581, 99.9=718, 99.99=1530] 
2020-11-05 13:43:29:849 162 sec: 280886 operations; 1988 current ops/sec; est completion in 2 minutes [INSERT: Count=1989, Max=1861, Min=468, Avg=499.24, 90=511, 99=562, 99.9=1586, 99.99=1861] 
2020-11-05 13:43:30:849 163 sec: 282888 operations; 2002 current ops/sec; est completion in 2 minutes [INSERT: Count=2001, Max=1571, Min=471, Avg=495.7, 90=510, 99=561, 99.9=1116, 99.99=1571] 
2020-11-05 13:43:31:849 164 sec: 284814 operations; 1926 current ops/sec; est completion in 2 minutes [INSERT: Count=1926, Max=9479, Min=473, Avg=515.13, 90=542, 99=601, 99.9=1595, 99.99=9479] 
2020-11-05 13:43:32:849 165 sec: 286754 operations; 1940 current ops/sec; est completion in 2 minutes [INSERT: Count=1940, Max=11967, Min=471, Avg=511.35, 90=525, 99=582, 99.9=1655, 99.99=11967] 
2020-11-05 13:43:33:849 166 sec: 288590 operations; 1836 current ops/sec; est completion in 2 minutes [INSERT: Count=1837, Max=33567, Min=493, Avg=540.39, 90=543, 99=591, 99.9=773, 99.99=33567] 
2020-11-05 13:43:34:849 167 sec: 290509 operations; 1919 current ops/sec; est completion in 2 minutes [INSERT: Count=1919, Max=700, Min=489, Avg=517.23, 90=537, 99=575, 99.9=622, 99.99=700] 
2020-11-05 13:43:35:849 168 sec: 292406 operations; 1897 current ops/sec; est completion in 2 minutes [INSERT: Count=1896, Max=9679, Min=478, Avg=523.31, 90=546, 99=597, 99.9=717, 99.99=9679] 
2020-11-05 13:43:36:849 169 sec: 294292 operations; 1886 current ops/sec; est completion in 1 minute [INSERT: Count=1886, Max=7475, Min=487, Avg=526.21, 90=549, 99=593, 99.9=702, 99.99=7475] 
2020-11-05 13:43:37:849 170 sec: 295541 operations; 1249 current ops/sec; est completion in 1 minute [INSERT: Count=1249, Max=335615, Min=487, Avg=796.16, 90=561, 99=610, 99.9=791, 99.99=335615] 
2020-11-05 13:43:38:849 171 sec: 297442 operations; 1901 current ops/sec; est completion in 1 minute [INSERT: Count=1901, Max=1614, Min=479, Avg=522.14, 90=557, 99=596, 99.9=720, 99.99=1614] 
2020-11-05 13:43:39:849 172 sec: 299376 operations; 1934 current ops/sec; est completion in 1 minute [INSERT: Count=1935, Max=1692, Min=481, Avg=513.43, 90=536, 99=583, 99.9=634, 99.99=1692] 
2020-11-05 13:43:40:849 173 sec: 301198 operations; 1822 current ops/sec; est completion in 1 minute [INSERT: Count=1821, Max=11199, Min=483, Avg=545.09, 90=577, 99=636, 99.9=1715, 99.99=11199] 
2020-11-05 13:43:41:849 174 sec: 303045 operations; 1847 current ops/sec; est completion in 1 minute [INSERT: Count=1847, Max=2147, Min=488, Avg=537.39, 90=564, 99=624, 99.9=1498, 99.99=2147] 
2020-11-05 13:43:42:849 175 sec: 304858 operations; 1813 current ops/sec; est completion in 1 minute [INSERT: Count=1813, Max=13303, Min=465, Avg=547.54, 90=564, 99=628, 99.9=950, 99.99=13303] 
2020-11-05 13:43:43:849 176 sec: 306675 operations; 1817 current ops/sec; est completion in 1 minute [INSERT: Count=1817, Max=1742, Min=483, Avg=546.2, 90=605, 99=661, 99.9=1032, 99.99=1742] 
2020-11-05 13:43:44:849 177 sec: 308524 operations; 1849 current ops/sec; est completion in 1 minute [INSERT: Count=1849, Max=10911, Min=477, Avg=536.8, 90=545, 99=1023, 99.9=1837, 99.99=10911] 
2020-11-05 13:43:45:849 178 sec: 310433 operations; 1909 current ops/sec; est completion in 1 minute [INSERT: Count=1910, Max=8487, Min=473, Avg=519.51, 90=538, 99=586, 99.9=2399, 99.99=8487] 
2020-11-05 13:43:46:849 179 sec: 312386 operations; 1953 current ops/sec; est completion in 1 minute [INSERT: Count=1953, Max=10927, Min=465, Avg=508.08, 90=517, 99=576, 99.9=3521, 99.99=10927] 
2020-11-05 13:43:47:849 180 sec: 314377 operations; 1991 current ops/sec; est completion in 1 minute [INSERT: Count=1990, Max=10447, Min=463, Avg=498.43, 90=513, 99=557, 99.9=624, 99.99=10447] 
2020-11-05 13:43:48:849 181 sec: 316372 operations; 1995 current ops/sec; est completion in 1 minute [INSERT: Count=1995, Max=6095, Min=466, Avg=497.07, 90=512, 99=561, 99.9=665, 99.99=6095] 
2020-11-05 13:43:49:849 182 sec: 318381 operations; 2009 current ops/sec; est completion in 1 minute [INSERT: Count=2010, Max=1262, Min=462, Avg=494.04, 90=510, 99=549, 99.9=672, 99.99=1262] 
2020-11-05 13:43:50:849 183 sec: 320127 operations; 1746 current ops/sec; est completion in 1 minute [INSERT: Count=1745, Max=7987, Min=468, Avg=513.81, 90=528, 99=584, 99.9=3887, 99.99=7987] 
2020-11-05 13:43:51:849 184 sec: 321512 operations; 1385 current ops/sec; est completion in 1 minute [INSERT: Count=1385, Max=386303, Min=468, Avg=786.77, 90=510, 99=585, 99.9=11535, 99.99=386303] 
2020-11-05 13:43:52:849 185 sec: 323522 operations; 2010 current ops/sec; est completion in 1 minute [INSERT: Count=2010, Max=3243, Min=467, Avg=493.54, 90=508, 99=554, 99.9=666, 99.99=3243] 
2020-11-05 13:43:53:849 186 sec: 325479 operations; 1957 current ops/sec; est completion in 1 minute [INSERT: Count=1958, Max=9271, Min=467, Avg=506.58, 90=512, 99=573, 99.9=4395, 99.99=9271] 
2020-11-05 13:43:54:849 187 sec: 327467 operations; 1988 current ops/sec; est completion in 1 minute [INSERT: Count=1988, Max=9807, Min=465, Avg=498.65, 90=512, 99=563, 99.9=639, 99.99=9807] 
2020-11-05 13:43:55:849 188 sec: 329472 operations; 2005 current ops/sec; est completion in 1 minute [INSERT: Count=2004, Max=1290, Min=465, Avg=494.99, 90=512, 99=565, 99.9=901, 99.99=1290] 
2020-11-05 13:43:56:849 189 sec: 331472 operations; 2000 current ops/sec; est completion in 1 minute [INSERT: Count=2001, Max=1825, Min=468, Avg=496.18, 90=516, 99=564, 99.9=1005, 99.99=1825] 
2020-11-05 13:43:57:849 190 sec: 333454 operations; 1982 current ops/sec; est completion in 1 minute [INSERT: Count=1981, Max=11223, Min=463, Avg=500.63, 90=519, 99=568, 99.9=760, 99.99=11223] 
2020-11-05 13:43:58:849 191 sec: 335426 operations; 1972 current ops/sec; est completion in 1 minute [INSERT: Count=1972, Max=3523, Min=470, Avg=502.91, 90=523, 99=568, 99.9=1337, 99.99=3523] 
2020-11-05 13:43:59:849 192 sec: 337406 operations; 1980 current ops/sec; est completion in 1 minute [INSERT: Count=1982, Max=1779, Min=465, Avg=501.24, 90=523, 99=573, 99.9=1393, 99.99=1779] 
2020-11-05 13:44:00:849 193 sec: 339373 operations; 1967 current ops/sec; est completion in 1 minute [INSERT: Count=1967, Max=7031, Min=467, Avg=504.31, 90=524, 99=573, 99.9=1488, 99.99=7031] 
2020-11-05 13:44:01:848 194 sec: 341338 operations; 1965 current ops/sec; est completion in 1 minute [INSERT: Count=1964, Max=8943, Min=464, Avg=504.71, 90=523, 99=574, 99.9=1262, 99.99=8943] 
2020-11-05 13:44:02:849 195 sec: 343315 operations; 1977 current ops/sec; est completion in 1 minute [INSERT: Count=1976, Max=6747, Min=473, Avg=501.93, 90=521, 99=577, 99.9=1402, 99.99=6747] 
2020-11-05 13:44:03:849 196 sec: 345275 operations; 1960 current ops/sec; est completion in 1 minute [INSERT: Count=1960, Max=4579, Min=467, Avg=505.68, 90=519, 99=578, 99.9=4471, 99.99=4579] 
2020-11-05 13:44:04:849 197 sec: 347227 operations; 1952 current ops/sec; est completion in 1 minute [INSERT: Count=1952, Max=4371, Min=475, Avg=507.8, 90=527, 99=577, 99.9=1659, 99.99=4371] 
2020-11-05 13:44:05:849 198 sec: 348653 operations; 1426 current ops/sec; est completion in 1 minute [INSERT: Count=1426, Max=242687, Min=489, Avg=696.8, 90=551, 99=608, 99.9=1947, 99.99=242687] 
2020-11-05 13:44:06:849 199 sec: 350518 operations; 1865 current ops/sec; est completion in 1 minute [INSERT: Count=1865, Max=9823, Min=488, Avg=532.02, 90=556, 99=609, 99.9=1933, 99.99=9823] 
2020-11-05 13:44:07:849 200 sec: 352351 operations; 1833 current ops/sec; est completion in 1 minute [INSERT: Count=1834, Max=30879, Min=482, Avg=541.07, 90=542, 99=593, 99.9=4459, 99.99=30879] 
2020-11-05 13:44:08:849 201 sec: 354257 operations; 1906 current ops/sec; est completion in 1 minute [INSERT: Count=1905, Max=8679, Min=481, Avg=520.83, 90=533, 99=571, 99.9=597, 99.99=8679] 
2020-11-05 13:44:09:849 202 sec: 356168 operations; 1911 current ops/sec; est completion in 1 minute [INSERT: Count=1912, Max=10663, Min=479, Avg=519.04, 90=533, 99=586, 99.9=764, 99.99=10663] 
2020-11-05 13:44:10:849 203 sec: 358089 operations; 1921 current ops/sec; est completion in 1 minute [INSERT: Count=1921, Max=12127, Min=480, Avg=516.63, 90=533, 99=584, 99.9=687, 99.99=12127] 
2020-11-05 13:44:11:849 204 sec: 360008 operations; 1919 current ops/sec; est completion in 1 minute [INSERT: Count=1919, Max=2573, Min=489, Avg=517.19, 90=536, 99=584, 99.9=683, 99.99=2573] 
2020-11-05 13:44:12:849 205 sec: 361932 operations; 1924 current ops/sec; est completion in 1 minute [INSERT: Count=1923, Max=714, Min=488, Avg=515.92, 90=534, 99=578, 99.9=702, 99.99=714] 
2020-11-05 13:44:13:849 206 sec: 363854 operations; 1922 current ops/sec; est completion in 1 minute [INSERT: Count=1922, Max=1141, Min=487, Avg=516.25, 90=535, 99=582, 99.9=689, 99.99=1141] 
2020-11-05 13:44:14:849 207 sec: 365741 operations; 1887 current ops/sec; est completion in 1 minute [INSERT: Count=1888, Max=7235, Min=488, Avg=525.95, 90=537, 99=579, 99.9=2001, 99.99=7235] 
2020-11-05 13:44:15:849 208 sec: 367651 operations; 1910 current ops/sec; est completion in 1 minute [INSERT: Count=1910, Max=1097, Min=489, Avg=519.68, 90=537, 99=602, 99.9=781, 99.99=1097] 
2020-11-05 13:44:16:849 209 sec: 369543 operations; 1892 current ops/sec; est completion in 1 minute [INSERT: Count=1891, Max=7503, Min=483, Avg=524.48, 90=544, 99=609, 99.9=1715, 99.99=7503] 
2020-11-05 13:44:17:849 210 sec: 371381 operations; 1838 current ops/sec; est completion in 1 minute [INSERT: Count=1838, Max=8911, Min=494, Avg=540.03, 90=572, 99=633, 99.9=854, 99.99=8911] 
2020-11-05 13:44:18:849 211 sec: 373170 operations; 1789 current ops/sec; est completion in 1 minute [INSERT: Count=1789, Max=8231, Min=487, Avg=549.59, 90=584, 99=670, 99.9=912, 99.99=8231] 
2020-11-05 13:44:19:849 212 sec: 374603 operations; 1433 current ops/sec; est completion in 1 minute [INSERT: Count=1433, Max=201215, Min=478, Avg=700.25, 90=587, 99=745, 99.9=12783, 99.99=201215] 
2020-11-05 13:44:20:849 213 sec: 376514 operations; 1911 current ops/sec; est completion in 1 minute [INSERT: Count=1911, Max=7495, Min=474, Avg=519.38, 90=541, 99=591, 99.9=1088, 99.99=7495] 
2020-11-05 13:44:21:849 214 sec: 378468 operations; 1954 current ops/sec; est completion in 1 minute [INSERT: Count=1954, Max=8067, Min=466, Avg=507.27, 90=529, 99=578, 99.9=696, 99.99=8067] 
2020-11-05 13:44:22:849 215 sec: 380457 operations; 1989 current ops/sec; est completion in 1 minute [INSERT: Count=1990, Max=2363, Min=462, Avg=498.93, 90=518, 99=556, 99.9=972, 99.99=2363] 
2020-11-05 13:44:23:849 216 sec: 382438 operations; 1981 current ops/sec; est completion in 1 minute [INSERT: Count=1980, Max=4427, Min=466, Avg=500.57, 90=522, 99=571, 99.9=1030, 99.99=4427] 
2020-11-05 13:44:24:849 217 sec: 384409 operations; 1971 current ops/sec; est completion in 1 minute [INSERT: Count=1971, Max=11415, Min=460, Avg=502.91, 90=514, 99=556, 99.9=2339, 99.99=11415] 
2020-11-05 13:44:25:849 218 sec: 386313 operations; 1904 current ops/sec; est completion in 1 minute [INSERT: Count=1904, Max=9599, Min=469, Avg=520.89, 90=548, 99=613, 99.9=3817, 99.99=9599] 
2020-11-05 13:44:26:849 219 sec: 388213 operations; 1900 current ops/sec; est completion in 1 minute [INSERT: Count=1900, Max=9015, Min=486, Avg=522.23, 90=538, 99=576, 99.9=1221, 99.99=9015] 
2020-11-05 13:44:27:849 220 sec: 390110 operations; 1897 current ops/sec; est completion in 1 minute [INSERT: Count=1899, Max=8031, Min=488, Avg=522.46, 90=546, 99=589, 99.9=1876, 99.99=8031] 
2020-11-05 13:44:28:849 221 sec: 392017 operations; 1907 current ops/sec; est completion in 1 minute [INSERT: Count=1905, Max=9151, Min=492, Avg=520.18, 90=536, 99=581, 99.9=1018, 99.99=9151] 
2020-11-05 13:44:29:849 222 sec: 393921 operations; 1904 current ops/sec; est completion in 1 minute [INSERT: Count=1904, Max=2555, Min=485, Avg=521.15, 90=541, 99=610, 99.9=1501, 99.99=2555] 
2020-11-05 13:44:30:849 223 sec: 395809 operations; 1888 current ops/sec; est completion in 59 seconds [INSERT: Count=1888, Max=6951, Min=478, Avg=525.53, 90=547, 99=615, 99.9=1313, 99.99=6951] 
2020-11-05 13:44:31:849 224 sec: 397715 operations; 1906 current ops/sec; est completion in 58 seconds [INSERT: Count=1907, Max=9543, Min=484, Avg=520.74, 90=538, 99=581, 99.9=640, 99.99=9543] 
2020-11-05 13:44:32:849 225 sec: 399593 operations; 1878 current ops/sec; est completion in 57 seconds [INSERT: Count=1877, Max=7655, Min=487, Avg=528.72, 90=545, 99=627, 99.9=4695, 99.99=7655] 
2020-11-05 13:44:33:849 226 sec: 401045 operations; 1452 current ops/sec; est completion in 56 seconds [INSERT: Count=1452, Max=182911, Min=488, Avg=683.68, 90=602, 99=679, 99.9=2501, 99.99=182911] 
2020-11-05 13:44:34:849 227 sec: 402827 operations; 1782 current ops/sec; est completion in 55 seconds [INSERT: Count=1783, Max=5059, Min=491, Avg=557.04, 90=584, 99=634, 99.9=1734, 99.99=5059] 
2020-11-05 13:44:35:849 228 sec: 404642 operations; 1815 current ops/sec; est completion in 54 seconds [INSERT: Count=1814, Max=11431, Min=467, Avg=546.85, 90=569, 99=621, 99.9=1552, 99.99=11431] 
2020-11-05 13:44:36:849 229 sec: 406438 operations; 1796 current ops/sec; est completion in 53 seconds [INSERT: Count=1796, Max=8407, Min=484, Avg=552.65, 90=574, 99=654, 99.9=1512, 99.99=8407] 
2020-11-05 13:44:37:849 230 sec: 408236 operations; 1798 current ops/sec; est completion in 52 seconds [INSERT: Count=1799, Max=4403, Min=493, Avg=552.07, 90=572, 99=632, 99.9=1319, 99.99=4403] 
2020-11-05 13:44:38:849 231 sec: 410083 operations; 1847 current ops/sec; est completion in 51 seconds [INSERT: Count=1846, Max=7067, Min=477, Avg=537.35, 90=566, 99=639, 99.9=825, 99.99=7067] 
2020-11-05 13:44:39:849 232 sec: 412002 operations; 1919 current ops/sec; est completion in 50 seconds [INSERT: Count=1920, Max=11879, Min=473, Avg=517.33, 90=528, 99=608, 99.9=1807, 99.99=11879] 
2020-11-05 13:44:40:849 233 sec: 413978 operations; 1976 current ops/sec; est completion in 49 seconds [INSERT: Count=1975, Max=1500, Min=469, Avg=502.22, 90=521, 99=564, 99.9=688, 99.99=1500] 
2020-11-05 13:44:41:849 234 sec: 415879 operations; 1901 current ops/sec; est completion in 48 seconds [INSERT: Count=1901, Max=28639, Min=471, Avg=521.86, 90=516, 99=578, 99.9=4595, 99.99=28639] 
2020-11-05 13:44:42:849 235 sec: 417832 operations; 1953 current ops/sec; est completion in 47 seconds [INSERT: Count=1953, Max=9463, Min=469, Avg=507.77, 90=523, 99=572, 99.9=2331, 99.99=9463] 
2020-11-05 13:44:43:849 236 sec: 419800 operations; 1968 current ops/sec; est completion in 46 seconds [INSERT: Count=1969, Max=4187, Min=472, Avg=504.12, 90=525, 99=561, 99.9=1209, 99.99=4187] 
2020-11-05 13:44:44:849 237 sec: 421707 operations; 1907 current ops/sec; est completion in 45 seconds [INSERT: Count=1907, Max=717, Min=462, Avg=520.34, 90=594, 99=640, 99.9=680, 99.99=717] 
2020-11-05 13:44:45:849 238 sec: 423473 operations; 1766 current ops/sec; est completion in 44 seconds [INSERT: Count=1765, Max=719, Min=480, Avg=562.47, 90=617, 99=662, 99.9=697, 99.99=719] 
2020-11-05 13:44:46:849 239 sec: 424899 operations; 1426 current ops/sec; est completion in 43 seconds [INSERT: Count=1426, Max=231551, Min=476, Avg=696.96, 90=536, 99=615, 99.9=40095, 99.99=231551] 
2020-11-05 13:44:47:849 240 sec: 426801 operations; 1902 current ops/sec; est completion in 42 seconds [INSERT: Count=1902, Max=9543, Min=483, Avg=521.79, 90=533, 99=585, 99.9=3049, 99.99=9543] 
2020-11-05 13:44:48:849 241 sec: 428682 operations; 1881 current ops/sec; est completion in 41 seconds [INSERT: Count=1881, Max=11511, Min=486, Avg=527.79, 90=536, 99=590, 99.9=3195, 99.99=11511] 
2020-11-05 13:44:49:849 242 sec: 430605 operations; 1923 current ops/sec; est completion in 39 seconds [INSERT: Count=1924, Max=730, Min=478, Avg=515.99, 90=540, 99=587, 99.9=651, 99.99=730] 
2020-11-05 13:44:50:849 243 sec: 432507 operations; 1902 current ops/sec; est completion in 38 seconds [INSERT: Count=1902, Max=7895, Min=476, Avg=522.07, 90=536, 99=588, 99.9=635, 99.99=7895] 
2020-11-05 13:44:51:849 244 sec: 434368 operations; 1861 current ops/sec; est completion in 37 seconds [INSERT: Count=1861, Max=12655, Min=496, Avg=533.06, 90=552, 99=598, 99.9=777, 99.99=12655] 
2020-11-05 13:44:52:849 245 sec: 436218 operations; 1850 current ops/sec; est completion in 36 seconds [INSERT: Count=1849, Max=4587, Min=485, Avg=536.36, 90=562, 99=641, 99.9=779, 99.99=4587] 
2020-11-05 13:44:53:849 246 sec: 438116 operations; 1898 current ops/sec; est completion in 35 seconds [INSERT: Count=1898, Max=1962, Min=483, Avg=523.26, 90=546, 99=614, 99.9=905, 99.99=1962] 
2020-11-05 13:44:54:849 247 sec: 439995 operations; 1879 current ops/sec; est completion in 34 seconds [INSERT: Count=1879, Max=9687, Min=493, Avg=527.81, 90=546, 99=591, 99.9=960, 99.99=9687] 
2020-11-05 13:44:55:849 248 sec: 441882 operations; 1887 current ops/sec; est completion in 33 seconds [INSERT: Count=1888, Max=1232, Min=496, Avg=526.3, 90=548, 99=593, 99.9=876, 99.99=1232] 
2020-11-05 13:44:56:849 249 sec: 443772 operations; 1890 current ops/sec; est completion in 32 seconds [INSERT: Count=1890, Max=12471, Min=490, Avg=525.19, 90=540, 99=571, 99.9=610, 99.99=12471] 
2020-11-05 13:44:57:849 250 sec: 445690 operations; 1918 current ops/sec; est completion in 31 seconds [INSERT: Count=1918, Max=2713, Min=480, Avg=517.46, 90=539, 99=574, 99.9=793, 99.99=2713] 
2020-11-05 13:44:58:849 251 sec: 447604 operations; 1914 current ops/sec; est completion in 30 seconds [INSERT: Count=1913, Max=1223, Min=479, Avg=518.78, 90=541, 99=587, 99.9=834, 99.99=1223] 
2020-11-05 13:44:59:849 252 sec: 449522 operations; 1918 current ops/sec; est completion in 29 seconds [INSERT: Count=1918, Max=1430, Min=480, Avg=517.58, 90=540, 99=578, 99.9=689, 99.99=1430] 
2020-11-05 13:45:00:849 253 sec: 451094 operations; 1572 current ops/sec; est completion in 28 seconds [INSERT: Count=1573, Max=185343, Min=478, Avg=632.07, 90=537, 99=591, 99.9=1511, 99.99=185343] 
2020-11-05 13:45:01:849 254 sec: 453082 operations; 1988 current ops/sec; est completion in 27 seconds [INSERT: Count=1988, Max=10551, Min=461, Avg=499.1, 90=511, 99=556, 99.9=631, 99.99=10551] 
2020-11-05 13:45:02:849 255 sec: 455101 operations; 2019 current ops/sec; est completion in 26 seconds [INSERT: Count=2019, Max=1446, Min=455, Avg=491.62, 90=512, 99=567, 99.9=733, 99.99=1446] 
2020-11-05 13:45:03:849 256 sec: 457109 operations; 2008 current ops/sec; est completion in 25 seconds [INSERT: Count=2007, Max=2837, Min=455, Avg=494.32, 90=511, 99=561, 99.9=1450, 99.99=2837] 
2020-11-05 13:45:04:849 257 sec: 459076 operations; 1967 current ops/sec; est completion in 23 seconds [INSERT: Count=1968, Max=8099, Min=466, Avg=504.34, 90=511, 99=574, 99.9=4855, 99.99=8099] 
2020-11-05 13:45:05:849 258 sec: 461081 operations; 2005 current ops/sec; est completion in 22 seconds [INSERT: Count=2004, Max=1013, Min=470, Avg=494.84, 90=511, 99=562, 99.9=618, 99.99=1013] 
2020-11-05 13:45:06:849 259 sec: 463088 operations; 2007 current ops/sec; est completion in 21 seconds [INSERT: Count=2007, Max=7639, Min=459, Avg=494.06, 90=503, 99=569, 99.9=2239, 99.99=7639] 
2020-11-05 13:45:07:848 260 sec: 465068 operations; 1980 current ops/sec; est completion in 20 seconds [INSERT: Count=1981, Max=6871, Min=466, Avg=501.05, 90=515, 99=719, 99.9=1356, 99.99=6871] 
2020-11-05 13:45:08:849 261 sec: 467041 operations; 1973 current ops/sec; est completion in 19 seconds [INSERT: Count=1972, Max=8671, Min=472, Avg=502.48, 90=513, 99=557, 99.9=1395, 99.99=8671] 
2020-11-05 13:45:09:849 262 sec: 468997 operations; 1956 current ops/sec; est completion in 18 seconds [INSERT: Count=1956, Max=7039, Min=475, Avg=506.88, 90=517, 99=574, 99.9=2769, 99.99=7039] 
2020-11-05 13:45:10:849 263 sec: 470979 operations; 1982 current ops/sec; est completion in 17 seconds [INSERT: Count=1982, Max=2957, Min=473, Avg=500.71, 90=513, 99=567, 99.9=1556, 99.99=2957] 
2020-11-05 13:45:11:849 264 sec: 472906 operations; 1927 current ops/sec; est completion in 16 seconds [INSERT: Count=1927, Max=8839, Min=472, Avg=514.47, 90=531, 99=585, 99.9=4179, 99.99=8839] 
2020-11-05 13:45:12:849 265 sec: 474848 operations; 1942 current ops/sec; est completion in 15 seconds [INSERT: Count=1942, Max=6443, Min=464, Avg=510.7, 90=534, 99=608, 99.9=1682, 99.99=6443] 
2020-11-05 13:45:13:849 266 sec: 476657 operations; 1809 current ops/sec; est completion in 14 seconds [INSERT: Count=1809, Max=12903, Min=471, Avg=517.9, 90=528, 99=773, 99.9=2197, 99.99=12903] 
2020-11-05 13:45:14:849 267 sec: 478311 operations; 1654 current ops/sec; est completion in 13 seconds [INSERT: Count=1654, Max=176895, Min=478, Avg=633.32, 90=526, 99=985, 99.9=1186, 99.99=176895] 
2020-11-05 13:45:15:849 268 sec: 480264 operations; 1953 current ops/sec; est completion in 12 seconds [INSERT: Count=1953, Max=9359, Min=473, Avg=507.89, 90=522, 99=638, 99.9=1198, 99.99=9359] 
2020-11-05 13:45:16:849 269 sec: 482137 operations; 1873 current ops/sec; est completion in 10 seconds [INSERT: Count=1873, Max=9647, Min=492, Avg=529.61, 90=546, 99=591, 99.9=745, 99.99=9647] 
2020-11-05 13:45:17:849 270 sec: 484037 operations; 1900 current ops/sec; est completion in 9 second [INSERT: Count=1900, Max=745, Min=477, Avg=522.49, 90=551, 99=607, 99.9=709, 99.99=745] 
2020-11-05 13:45:18:848 271 sec: 485899 operations; 1862 current ops/sec; est completion in 8 second [INSERT: Count=1863, Max=754, Min=485, Avg=533.13, 90=565, 99=602, 99.9=693, 99.99=754] 
2020-11-05 13:45:19:848 272 sec: 487763 operations; 1864 current ops/sec; est completion in 7 second [INSERT: Count=1864, Max=9175, Min=488, Avg=532.47, 90=553, 99=600, 99.9=3919, 99.99=9175] 
2020-11-05 13:45:20:849 273 sec: 489688 operations; 1925 current ops/sec; est completion in 6 second [INSERT: Count=1924, Max=7479, Min=481, Avg=515.69, 90=531, 99=578, 99.9=709, 99.99=7479] 
2020-11-05 13:45:21:848 274 sec: 491626 operations; 1938 current ops/sec; est completion in 5 second [INSERT: Count=1938, Max=663, Min=492, Avg=511.78, 90=529, 99=568, 99.9=610, 99.99=663] 
2020-11-05 13:45:22:849 275 sec: 493547 operations; 1921 current ops/sec; est completion in 4 second [INSERT: Count=1921, Max=9447, Min=478, Avg=516.51, 90=530, 99=589, 99.9=1171, 99.99=9447] 
2020-11-05 13:45:23:849 276 sec: 495451 operations; 1904 current ops/sec; est completion in 3 second [INSERT: Count=1904, Max=4647, Min=489, Avg=520.83, 90=535, 99=594, 99.9=1714, 99.99=4647] 
2020-11-05 13:45:24:848 277 sec: 497332 operations; 1881 current ops/sec; est completion in 2 second [INSERT: Count=1881, Max=12743, Min=489, Avg=527.25, 90=542, 99=598, 99.9=843, 99.99=12743] 
2020-11-05 13:45:25:849 278 sec: 499240 operations; 1908 current ops/sec; est completion in 1 second [INSERT: Count=1908, Max=2247, Min=492, Avg=520.2, 90=541, 99=584, 99.9=961, 99.99=2247] 
2020-11-05 13:45:26:250 278 sec: 500000 operations; 1890.55 current ops/sec; [CLEANUP: Count=1, Max=6, Min=6, Avg=6, 90=6, 99=6, 99.9=6, 99.99=6] [INSERT: Count=760, Max=4719, Min=489, Avg=522.33, 90=536, 99=574, 99.9=898, 99.99=4719] 
[OVERALL], RunTime(ms), 278402
[OVERALL], Throughput(ops/sec), 1795.9641094532367
[TOTAL_GCS_G1_Young_Generation], Count, 13
[TOTAL_GC_TIME_G1_Young_Generation], Time(ms), 403
[TOTAL_GC_TIME_%_G1_Young_Generation], Time(%), 0.14475470722193087
[TOTAL_GCS_G1_Old_Generation], Count, 0
[TOTAL_GC_TIME_G1_Old_Generation], Time(ms), 0
[TOTAL_GC_TIME_%_G1_Old_Generation], Time(%), 0.0
[TOTAL_GCs], Count, 13
[TOTAL_GC_TIME], Time(ms), 403
[TOTAL_GC_TIME_%], Time(%), 0.14475470722193087
[CLEANUP], Operations, 1
[CLEANUP], AverageLatency(us), 6.0
[CLEANUP], MinLatency(us), 6
[CLEANUP], MaxLatency(us), 6
[CLEANUP], 95thPercentileLatency(us), 6
[CLEANUP], 99thPercentileLatency(us), 6
[INSERT], Operations, 500000
[INSERT], AverageLatency(us), 552.049272
[INSERT], MinLatency(us), 455
[INSERT], MaxLatency(us), 1397759
[INSERT], 95thPercentileLatency(us), 606
[INSERT], 99thPercentileLatency(us), 810
[INSERT], Return=OK, 500000
