2020-10-17 17:01:05.815 [main] INFO  smarttrie.app.server.Server - No previews checkpoints to restore
2020-10-17 17:01:05.817 [main] INFO  smarttrie.app.server.Server - Re-executing remaining commands from log
2020-10-17 17:01:05.843 [main] INFO  smarttrie.app.server.Server - Replica state has been restored with last id CID(-1)
2020-10-17 17:01:05.897 [main] INFO  b.r.ServerViewController - Using view stored on disk
2020-10-17 17:01:06.362 [main] INFO  b.c.c.n.NettyClientServerCommunicationSystemServerSide - ID = 0
2020-10-17 17:01:06.363 [main] INFO  b.c.c.n.NettyClientServerCommunicationSystemServerSide - N = 1
2020-10-17 17:01:06.363 [main] INFO  b.c.c.n.NettyClientServerCommunicationSystemServerSide - F = 1
2020-10-17 17:01:06.363 [main] INFO  b.c.c.n.NettyClientServerCommunicationSystemServerSide - Port = 11000
2020-10-17 17:01:06.363 [main] INFO  b.c.c.n.NettyClientServerCommunicationSystemServerSide - requestTimeout = 2000
2020-10-17 17:01:06.363 [main] INFO  b.c.c.n.NettyClientServerCommunicationSystemServerSide - maxBatch = 1024
2020-10-17 17:01:06.363 [main] INFO  b.c.c.n.NettyClientServerCommunicationSystemServerSide - Binded replica to IP address 192.168.3.91
2020-10-17 17:01:06.363 [main] INFO  bftsmart.tom.ServiceReplica - In current view: ID:0; F:1; Processes:0(/192.168.3.91:11000),
2020-10-17 17:01:06.466 [Server CS] INFO  s.a.s.Server$InternalStateManager - Replica state is up to date
2020-10-17 17:01:06.466 [Delivery Thread] INFO  bftsmart.tom.core.DeliveryThread - Retrieving State
2020-10-17 17:01:06.466 [Delivery Thread] INFO  bftsmart.tom.core.DeliveryThread - Ready to process operations
2020-10-17 17:01:31.959 [nioEventLoopGroup-3-1] INFO  b.c.c.n.NettyClientServerCommunicationSystemServerSide - Session Created, active clients=0
2020-10-17 17:02:17.155 [pool-1-thread-1] INFO  smarttrie.app.server.Server - Starting replica checkpoint at CID(100000)
2020-10-17 17:02:19.150 [pool-1-thread-1] INFO  s.app.server.CheckpointAsyncWriter - Saved a checkpoint of 393MB
2020-10-17 17:02:19.150 [pool-1-thread-1] INFO  smarttrie.app.server.Server - Checkpoint created after 1s
2020-10-17 17:02:19.150 [pool-1-thread-1] INFO  smarttrie.app.server.Log$ - Truncating log files up to CID(100000)
2020-10-17 17:02:19.164 [pool-1-thread-1] INFO  smarttrie.app.server.Log$ - Flushing log file /tmp/SmartTrie/files/0000000000-0000104479.log
2020-10-17 17:02:56.895 [pool-1-thread-1] INFO  smarttrie.app.server.Server - Starting replica checkpoint at CID(200000)
2020-10-17 17:02:59.677 [pool-1-thread-1] INFO  s.app.server.CheckpointAsyncWriter - Saved a checkpoint of 787MB
2020-10-17 17:02:59.677 [pool-1-thread-1] INFO  smarttrie.app.server.Server - Checkpoint created after 2s
2020-10-17 17:02:59.677 [pool-1-thread-1] INFO  smarttrie.app.server.Log$ - Truncating log files up to CID(200000)
2020-10-17 17:02:59.678 [pool-1-thread-1] INFO  smarttrie.app.server.Log$ - Flushing log file /tmp/SmartTrie/files/0000104480-0000206473.log
2020-10-17 17:03:35.794 [pool-1-thread-1] INFO  smarttrie.app.server.Server - Starting replica checkpoint at CID(300000)
2020-10-17 17:03:39.879 [pool-1-thread-1] INFO  s.app.server.CheckpointAsyncWriter - Saved a checkpoint of 1180MB
2020-10-17 17:03:39.879 [pool-1-thread-1] INFO  smarttrie.app.server.Server - Checkpoint created after 4s
2020-10-17 17:03:39.879 [pool-1-thread-1] INFO  smarttrie.app.server.Log$ - Truncating log files up to CID(300000)
2020-10-17 17:03:39.880 [pool-1-thread-1] INFO  smarttrie.app.server.Log$ - Flushing log file /tmp/SmartTrie/files/0000206474-0000309994.log
2020-10-17 17:04:15.444 [pool-1-thread-1] INFO  smarttrie.app.server.Server - Starting replica checkpoint at CID(400000)
2020-10-17 17:04:21.480 [pool-1-thread-1] INFO  s.app.server.CheckpointAsyncWriter - Saved a checkpoint of 1574MB
2020-10-17 17:04:21.480 [pool-1-thread-1] INFO  smarttrie.app.server.Server - Checkpoint created after 6s
2020-10-17 17:04:21.480 [pool-1-thread-1] INFO  smarttrie.app.server.Log$ - Truncating log files up to CID(400000)
2020-10-17 17:04:21.481 [pool-1-thread-1] INFO  smarttrie.app.server.Log$ - Flushing log file /tmp/SmartTrie/files/0000309995-0000414835.log
2020-10-17 17:04:55.902 [nioEventLoopGroup-3-1] INFO  b.c.c.n.NettyClientServerCommunicationSystemServerSide - Removing client channel with ID= 0
2020-10-17 17:04:55.902 [nioEventLoopGroup-3-1] INFO  b.c.c.n.NettyClientServerCommunicationSystemServerSide - Active clients=0
2020-10-17 17:07:21.616 [nioEventLoopGroup-3-2] INFO  b.c.c.n.NettyClientServerCommunicationSystemServerSide - Session Created, active clients=0
2020-10-17 17:07:21.796 [pool-1-thread-1] INFO  smarttrie.app.server.Server - Starting replica checkpoint at CID(500000)
2020-10-17 17:07:26.726 [pool-1-thread-1] INFO  s.app.server.CheckpointAsyncWriter - Saved a checkpoint of 1967MB
2020-10-17 17:07:26.726 [pool-1-thread-1] INFO  smarttrie.app.server.Server - Checkpoint created after 4s
2020-10-17 17:07:26.726 [pool-1-thread-1] INFO  smarttrie.app.server.Log$ - Truncating log files up to CID(500000)
2020-10-17 17:07:26.727 [pool-1-thread-1] INFO  smarttrie.app.server.Log$ - Flushing log file /tmp/SmartTrie/files/0000414836-0000506893.log
2020-10-17 17:08:12.972 [pool-1-thread-1] INFO  smarttrie.app.server.Server - Starting replica checkpoint at CID(600000)
2020-10-17 17:08:19.012 [pool-1-thread-1] INFO  s.app.server.CheckpointAsyncWriter - Saved a checkpoint of 1967MB
2020-10-17 17:08:19.012 [pool-1-thread-1] INFO  smarttrie.app.server.Server - Checkpoint created after 6s
2020-10-17 17:08:19.012 [pool-1-thread-1] INFO  smarttrie.app.server.Log$ - Truncating log files up to CID(600000)
2020-10-17 17:08:19.014 [pool-1-thread-1] INFO  smarttrie.app.server.Log$ - Flushing log file /tmp/SmartTrie/files/0000506894-0000611445.log
2020-10-17 17:09:04.566 [pool-1-thread-1] INFO  smarttrie.app.server.Server - Starting replica checkpoint at CID(700000)
2020-10-17 17:09:11.410 [pool-1-thread-1] INFO  s.app.server.CheckpointAsyncWriter - Saved a checkpoint of 1967MB
2020-10-17 17:09:11.410 [pool-1-thread-1] INFO  smarttrie.app.server.Server - Checkpoint created after 6s
2020-10-17 17:09:11.410 [pool-1-thread-1] INFO  smarttrie.app.server.Log$ - Truncating log files up to CID(700000)
2020-10-17 17:09:11.412 [pool-1-thread-1] INFO  smarttrie.app.server.Log$ - Flushing log file /tmp/SmartTrie/files/0000611446-0000712278.log
2020-10-17 17:09:52.582 [pool-1-thread-1] INFO  smarttrie.app.server.Server - Starting replica checkpoint at CID(800000)
2020-10-17 17:09:58.069 [pool-1-thread-1] INFO  s.app.server.CheckpointAsyncWriter - Saved a checkpoint of 1967MB
2020-10-17 17:09:58.069 [pool-1-thread-1] INFO  smarttrie.app.server.Server - Checkpoint created after 5s
2020-10-17 17:09:58.069 [pool-1-thread-1] INFO  smarttrie.app.server.Log$ - Truncating log files up to CID(800000)
2020-10-17 17:09:58.071 [pool-1-thread-1] INFO  smarttrie.app.server.Log$ - Flushing log file /tmp/SmartTrie/files/0000712279-0000811198.log
2020-10-17 17:10:41.694 [pool-1-thread-1] INFO  smarttrie.app.server.Server - Starting replica checkpoint at CID(900000)
2020-10-17 17:10:47.983 [pool-1-thread-1] INFO  s.app.server.CheckpointAsyncWriter - Saved a checkpoint of 1967MB
2020-10-17 17:10:47.983 [pool-1-thread-1] INFO  smarttrie.app.server.Server - Checkpoint created after 6s
2020-10-17 17:10:47.984 [pool-1-thread-1] INFO  smarttrie.app.server.Log$ - Truncating log files up to CID(900000)
2020-10-17 17:10:47.984 [pool-1-thread-1] INFO  smarttrie.app.server.Log$ - Flushing log file /tmp/SmartTrie/files/0000811199-0000912250.log
2020-10-17 17:11:29.999 [nioEventLoopGroup-3-2] INFO  b.c.c.n.NettyClientServerCommunicationSystemServerSide - Removing client channel with ID= 0
2020-10-17 17:11:29.999 [nioEventLoopGroup-3-2] INFO  b.c.c.n.NettyClientServerCommunicationSystemServerSide - Active clients=0
