Command line: -load -s -db smarttrie.app.client.Client -threads 8 -P config/workload -p recordcount=2621440
YCSB Client 0.17.0

Loading workload...
Starting test.
DBWrapper: report latency for each error is false and specific error codes to track for latency are: []
DBWrapper: report latency for each error is false and specific error codes to track for latency are: []
DBWrapper: report latency for each error is false and specific error codes to track for latency are: []
DBWrapper: report latency for each error is false and specific error codes to track for latency are: []
DBWrapper: report latency for each error is false and specific error codes to track for latency are: []
DBWrapper: report latency for each error is false and specific error codes to track for latency are: []
DBWrapper: report latency for each error is false and specific error codes to track for latency are: []
DBWrapper: report latency for each error is false and specific error codes to track for latency are: []
2021-03-03 14:45:11:417 0 sec: 0 operations; est completion in 0 second 
2021-03-03 14:45:12:305 1 sec: 0 operations; est completion in 106751991167300 days 15 hours 
2021-03-03 14:45:12.777 [Thread-5] INFO  b.c.c.n.NettyClientServerCommunicationSystemClientSide - Connecting to replica 0 at /192.168.3.41:11000
2021-03-03 14:45:12.776 [Thread-2] INFO  b.c.c.n.NettyClientServerCommunicationSystemClientSide - Connecting to replica 0 at /192.168.3.41:11000
2021-03-03 14:45:12.784 [Thread-6] INFO  b.c.c.n.NettyClientServerCommunicationSystemClientSide - Connecting to replica 0 at /192.168.3.41:11000
2021-03-03 14:45:12.783 [Thread-8] INFO  b.c.c.n.NettyClientServerCommunicationSystemClientSide - Connecting to replica 0 at /192.168.3.41:11000
2021-03-03 14:45:12.782 [Thread-3] INFO  b.c.c.n.NettyClientServerCommunicationSystemClientSide - Connecting to replica 0 at /192.168.3.41:11000
2021-03-03 14:45:12.776 [Thread-7] INFO  b.c.c.n.NettyClientServerCommunicationSystemClientSide - Connecting to replica 0 at /192.168.3.41:11000
2021-03-03 14:45:12.790 [Thread-4] INFO  b.c.c.n.NettyClientServerCommunicationSystemClientSide - Connecting to replica 0 at /192.168.3.41:11000
2021-03-03 14:45:12.793 [Thread-9] INFO  b.c.c.n.NettyClientServerCommunicationSystemClientSide - Connecting to replica 0 at /192.168.3.41:11000
2021-03-03 14:45:12.836 [nioEventLoopGroup-5-1] INFO  b.c.c.n.NettyClientServerCommunicationSystemClientSide - Channel active
2021-03-03 14:45:12.836 [nioEventLoopGroup-6-1] INFO  b.c.c.n.NettyClientServerCommunicationSystemClientSide - Channel active
2021-03-03 14:45:12.837 [nioEventLoopGroup-3-1] INFO  b.c.c.n.NettyClientServerCommunicationSystemClientSide - Channel active
2021-03-03 14:45:12.837 [nioEventLoopGroup-2-1] INFO  b.c.c.n.NettyClientServerCommunicationSystemClientSide - Channel active
2021-03-03 14:45:12.839 [nioEventLoopGroup-7-1] INFO  b.c.c.n.NettyClientServerCommunicationSystemClientSide - Channel active
2021-03-03 14:45:12.840 [nioEventLoopGroup-4-1] INFO  b.c.c.n.NettyClientServerCommunicationSystemClientSide - Channel active
2021-03-03 14:45:12.841 [nioEventLoopGroup-9-1] INFO  b.c.c.n.NettyClientServerCommunicationSystemClientSide - Channel active
2021-03-03 14:45:12.843 [nioEventLoopGroup-8-1] INFO  b.c.c.n.NettyClientServerCommunicationSystemClientSide - Channel active
2021-03-03 14:45:13:305 2 sec: 0 operations; est completion in 106751991167300 days 15 hours 
2021-03-03 14:45:14:305 3 sec: 1204 operations; 1204 current ops/sec; est completion in 1 hour 48 minutes [INSERT: Count=1218, Max=1999871, Min=2064, Avg=19269.2, 90=9783, 99=17327, 99.9=1999871, 99.99=1999871] 
2021-03-03 14:45:15:305 4 sec: 3879 operations; 2675 current ops/sec; est completion in 45 minutes [INSERT: Count=2662, Max=31887, Min=1021, Avg=2936.46, 90=4163, 99=9423, 99.9=29199, 99.99=31887] 
2021-03-03 14:45:16:307 5 sec: 7005 operations; 3126 current ops/sec; est completion in 31 minutes [INSERT: Count=3137, Max=12711, Min=928, Avg=2521.76, 90=3329, 99=5683, 99.9=11279, 99.99=12711] 
2021-03-03 14:45:17:305 6 sec: 10130 operations; 3125 current ops/sec; est completion in 25 minutes [INSERT: Count=3116, Max=46079, Min=940, Avg=2510.33, 90=3049, 99=4735, 99.9=45151, 99.99=46079] 
2021-03-03 14:45:18:305 7 sec: 13344 operations; 3214 current ops/sec; est completion in 22 minutes [INSERT: Count=3214, Max=28239, Min=997, Avg=2469.68, 90=2981, 99=5399, 99.9=26927, 99.99=28239] 
2021-03-03 14:45:19:306 8 sec: 17055 operations; 3711 current ops/sec; est completion in 20 minutes [INSERT: Count=3710, Max=10127, Min=856, Avg=2135.84, 90=2585, 99=4017, 99.9=7123, 99.99=10127] 
2021-03-03 14:45:20:305 9 sec: 20759 operations; 3704 current ops/sec; est completion in 18 minutes [INSERT: Count=3707, Max=29919, Min=734, Avg=2137.9, 90=2493, 99=5523, 99.9=28815, 99.99=29919] 
2021-03-03 14:45:21:305 10 sec: 25217 operations; 4458 current ops/sec; est completion in 17 minutes [INSERT: Count=4454, Max=27375, Min=643, Avg=1771.04, 90=2187, 99=4515, 99.9=26047, 99.99=27375] 
2021-03-03 14:45:22:305 11 sec: 30827 operations; 5610 current ops/sec; est completion in 15 minutes [INSERT: Count=5612, Max=14815, Min=633, Avg=1419.29, 90=1798, 99=3537, 99.9=7103, 99.99=12911] 
2021-03-03 14:45:23:305 12 sec: 35828 operations; 5001 current ops/sec; est completion in 14 minutes [INSERT: Count=5003, Max=25423, Min=650, Avg=1592.55, 90=1944, 99=3667, 99.9=24239, 99.99=25071] 
2021-03-03 14:45:24:305 13 sec: 42041 operations; 6213 current ops/sec; est completion in 13 minutes [INSERT: Count=6216, Max=9383, Min=604, Avg=1280.51, 90=1628, 99=2063, 99.9=6995, 99.99=9303] 
2021-03-03 14:45:25:305 14 sec: 48513 operations; 6472 current ops/sec; est completion in 12 minutes [INSERT: Count=6472, Max=24351, Min=586, Avg=1229.17, 90=1527, 99=2053, 99.9=23439, 99.99=24239] 
2021-03-03 14:45:26:305 15 sec: 55500 operations; 6987 current ops/sec; est completion in 11 minutes [INSERT: Count=6983, Max=14935, Min=523, Avg=1138.27, 90=1359, 99=2757, 99.9=8831, 99.99=14719] 
2021-03-03 14:45:27:305 16 sec: 61996 operations; 6496 current ops/sec; est completion in 11 minutes [INSERT: Count=6498, Max=16943, Min=556, Avg=1224.66, 90=1622, 99=3015, 99.9=10423, 99.99=11479] 
2021-03-03 14:45:28:305 17 sec: 67823 operations; 5827 current ops/sec; est completion in 10 minutes [INSERT: Count=5826, Max=22111, Min=598, Avg=1364.6, 90=1805, 99=3057, 99.9=20079, 99.99=22111] 
2021-03-03 14:45:29:305 18 sec: 74179 operations; 6356 current ops/sec; est completion in 10 minutes [INSERT: Count=6353, Max=20591, Min=570, Avg=1253.21, 90=1722, 99=2423, 99.9=4783, 99.99=5739] 
2021-03-03 14:45:30:305 19 sec: 80650 operations; 6471 current ops/sec; est completion in 9 minutes [INSERT: Count=6474, Max=5399, Min=578, Avg=1230.42, 90=1693, 99=2497, 99.9=5211, 99.99=5291] 
2021-03-03 14:45:31:305 20 sec: 87261 operations; 6611 current ops/sec; est completion in 9 minutes [INSERT: Count=6613, Max=9623, Min=546, Avg=1203.86, 90=1667, 99=2727, 99.9=9295, 99.99=9535] 
2021-03-03 14:45:32:305 21 sec: 93506 operations; 6245 current ops/sec; est completion in 9 minutes [INSERT: Count=6243, Max=26015, Min=567, Avg=1274.57, 90=1715, 99=2491, 99.9=24015, 99.99=25183] 
2021-03-03 14:45:33:305 22 sec: 100419 operations; 6913 current ops/sec; est completion in 9 minutes [INSERT: Count=6915, Max=15927, Min=546, Avg=1151.39, 90=1394, 99=2313, 99.9=11463, 99.99=15871] 
2021-03-03 14:45:34:305 23 sec: 107930 operations; 7511 current ops/sec; est completion in 8 minutes [INSERT: Count=7512, Max=21023, Min=524, Avg=1059.27, 90=1178, 99=1514, 99.9=15231, 99.99=20815] 
2021-03-03 14:45:35:305 24 sec: 115926 operations; 7996 current ops/sec; est completion in 8 minutes [INSERT: Count=7993, Max=11791, Min=499, Avg=994.86, 90=1172, 99=1577, 99.9=8975, 99.99=11655] 
2021-03-03 14:45:36:305 25 sec: 123672 operations; 7746 current ops/sec; est completion in 8 minutes [INSERT: Count=7746, Max=4499, Min=543, Avg=1026.3, 90=1201, 99=1526, 99.9=3861, 99.99=4355] 
2021-03-03 14:45:37:305 26 sec: 131193 operations; 7521 current ops/sec; est completion in 8 minutes [INSERT: Count=7522, Max=33855, Min=522, Avg=1057.91, 90=1199, 99=1890, 99.9=19631, 99.99=32863] 
2021-03-03 14:45:38:305 27 sec: 139486 operations; 8293 current ops/sec; est completion in 8 minutes [INSERT: Count=8292, Max=7899, Min=493, Avg=958.86, 90=1178, 99=1485, 99.9=4879, 99.99=5359] 
2021-03-03 14:45:39:305 28 sec: 146952 operations; 7466 current ops/sec; est completion in 7 minutes [INSERT: Count=7467, Max=11007, Min=522, Avg=1065.03, 90=1248, 99=1535, 99.9=6039, 99.99=8639] 
2021-03-03 14:45:40:306 29 sec: 154877 operations; 7925 current ops/sec; est completion in 7 minutes [INSERT: Count=7926, Max=9143, Min=524, Avg=1003.99, 90=1225, 99=1546, 99.9=3009, 99.99=8863] 
2021-03-03 14:45:41:305 30 sec: 162876 operations; 7999 current ops/sec; est completion in 7 minutes [INSERT: Count=7999, Max=10743, Min=539, Avg=993.62, 90=1180, 99=1441, 99.9=5471, 99.99=10543] 
2021-03-03 14:45:42:305 31 sec: 170814 operations; 7938 current ops/sec; est completion in 7 minutes [INSERT: Count=7935, Max=3603, Min=552, Avg=1001.92, 90=1165, 99=1413, 99.9=2067, 99.99=3291] 
2021-03-03 14:45:43:305 32 sec: 179167 operations; 8353 current ops/sec; est completion in 7 minutes [INSERT: Count=8356, Max=11951, Min=537, Avg=951.57, 90=1137, 99=1406, 99.9=1937, 99.99=9111] 
2021-03-03 14:45:44:305 33 sec: 185628 operations; 6461 current ops/sec; est completion in 7 minutes [INSERT: Count=6457, Max=9991, Min=530, Avg=1232.41, 90=1669, 99=2559, 99.9=6659, 99.99=9439] 
2021-03-03 14:45:45:306 34 sec: 192176 operations; 6548 current ops/sec; est completion in 7 minutes [INSERT: Count=6551, Max=28463, Min=546, Avg=1215.38, 90=1671, 99=2399, 99.9=27343, 99.99=28287] 
2021-03-03 14:45:46:305 35 sec: 198830 operations; 6654 current ops/sec; est completion in 7 minutes [INSERT: Count=6654, Max=8911, Min=558, Avg=1195.08, 90=1654, 99=2347, 99.9=5679, 99.99=7751] 
2021-03-03 14:45:47:305 36 sec: 205520 operations; 6690 current ops/sec; est completion in 7 minutes [INSERT: Count=6687, Max=6571, Min=575, Avg=1190.32, 90=1623, 99=2339, 99.9=3035, 99.99=5739] 
2021-03-03 14:45:48:305 37 sec: 212104 operations; 6584 current ops/sec; est completion in 7 minutes [INSERT: Count=6581, Max=4791, Min=574, Avg=1210.45, 90=1658, 99=2311, 99.9=2699, 99.99=3609] 
2021-03-03 14:45:49:305 38 sec: 218811 operations; 6707 current ops/sec; est completion in 6 minutes [INSERT: Count=6709, Max=5351, Min=551, Avg=1186.87, 90=1635, 99=2265, 99.9=4495, 99.99=5291] 
2021-03-03 14:45:50:305 39 sec: 225834 operations; 7023 current ops/sec; est completion in 6 minutes [INSERT: Count=7024, Max=17791, Min=524, Avg=1134.47, 90=1626, 99=2411, 99.9=7571, 99.99=9399] 
2021-03-03 14:45:51:305 40 sec: 232301 operations; 6467 current ops/sec; est completion in 6 minutes [INSERT: Count=6467, Max=12823, Min=526, Avg=1231.71, 90=1666, 99=2977, 99.9=12039, 99.99=12639] 
2021-03-03 14:45:52:305 41 sec: 239659 operations; 7358 current ops/sec; est completion in 6 minutes [INSERT: Count=7356, Max=14663, Min=533, Avg=1082.19, 90=1246, 99=1560, 99.9=11895, 99.99=12831] 
2021-03-03 14:45:53:305 42 sec: 247354 operations; 7695 current ops/sec; est completion in 6 minutes [INSERT: Count=7696, Max=12911, Min=513, Avg=1035.04, 90=1182, 99=1542, 99.9=10303, 99.99=12839] 
2021-03-03 14:45:54:305 43 sec: 254721 operations; 7367 current ops/sec; est completion in 6 minutes [INSERT: Count=7370, Max=33759, Min=529, Avg=1079.71, 90=1214, 99=1553, 99.9=31663, 99.99=33663] 
2021-03-03 14:45:55:305 44 sec: 262904 operations; 8183 current ops/sec; est completion in 6 minutes [INSERT: Count=8181, Max=11999, Min=504, Avg=970.75, 90=1141, 99=1436, 99.9=5527, 99.99=8935] 
2021-03-03 14:45:56:305 45 sec: 271249 operations; 8345 current ops/sec; est completion in 6 minutes [INSERT: Count=8346, Max=6119, Min=516, Avg=953.8, 90=1142, 99=1452, 99.9=3573, 99.99=4339] 
2021-03-03 14:45:57:305 46 sec: 279285 operations; 8036 current ops/sec; est completion in 6 minutes [INSERT: Count=8037, Max=8199, Min=518, Avg=990.59, 90=1170, 99=1415, 99.9=3521, 99.99=8099] 
2021-03-03 14:45:58:305 47 sec: 287583 operations; 8298 current ops/sec; est completion in 6 minutes [INSERT: Count=8296, Max=4559, Min=526, Avg=959.5, 90=1167, 99=1433, 99.9=4291, 99.99=4447] 
2021-03-03 14:45:59:305 48 sec: 295922 operations; 8339 current ops/sec; est completion in 6 minutes [INSERT: Count=8338, Max=10327, Min=520, Avg=954.52, 90=1147, 99=1424, 99.9=3321, 99.99=8047] 
2021-03-03 14:46:00:305 49 sec: 304326 operations; 8404 current ops/sec; est completion in 6 minutes [INSERT: Count=8407, Max=12463, Min=519, Avg=946.73, 90=1130, 99=1385, 99.9=2701, 99.99=9007] 
2021-03-03 14:46:01:305 50 sec: 312476 operations; 8150 current ops/sec; est completion in 6 minutes [INSERT: Count=8146, Max=12775, Min=519, Avg=976.27, 90=1167, 99=1431, 99.9=4255, 99.99=8975] 
2021-03-03 14:46:02:305 51 sec: 319963 operations; 7487 current ops/sec; est completion in 6 minutes [INSERT: Count=7488, Max=43519, Min=554, Avg=1063.3, 90=1138, 99=1374, 99.9=42303, 99.99=43487] 
2021-03-03 14:46:03:305 52 sec: 327957 operations; 7994 current ops/sec; est completion in 6 minutes [INSERT: Count=7994, Max=5519, Min=556, Avg=995.94, 90=1133, 99=1404, 99.9=4891, 99.99=5443] 
2021-03-03 14:46:04:305 53 sec: 335840 operations; 7883 current ops/sec; est completion in 6 minutes [INSERT: Count=7884, Max=12047, Min=533, Avg=1009.71, 90=1193, 99=1458, 99.9=4287, 99.99=12047] 
2021-03-03 14:46:05:306 54 sec: 344329 operations; 8489 current ops/sec; est completion in 5 minutes [INSERT: Count=8493, Max=10999, Min=510, Avg=937.65, 90=1128, 99=1376, 99.9=8519, 99.99=10919] 
2021-03-03 14:46:06:305 55 sec: 351442 operations; 7113 current ops/sec; est completion in 5 minutes [INSERT: Count=7111, Max=7435, Min=537, Avg=1118.44, 90=1529, 99=2277, 99.9=5379, 99.99=5851] 
2021-03-03 14:46:07:305 56 sec: 358332 operations; 6890 current ops/sec; est completion in 5 minutes [INSERT: Count=6888, Max=4819, Min=552, Avg=1156.39, 90=1629, 99=2319, 99.9=4475, 99.99=4795] 
2021-03-03 14:46:08:305 57 sec: 365115 operations; 6783 current ops/sec; est completion in 5 minutes [INSERT: Count=6781, Max=16375, Min=545, Avg=1174.22, 90=1629, 99=2367, 99.9=3209, 99.99=10791] 
2021-03-03 14:46:09:305 58 sec: 371870 operations; 6755 current ops/sec; est completion in 5 minutes [INSERT: Count=6755, Max=5867, Min=553, Avg=1179.22, 90=1652, 99=2329, 99.9=5175, 99.99=5647] 
2021-03-03 14:46:10:305 59 sec: 378616 operations; 6746 current ops/sec; est completion in 5 minutes [INSERT: Count=6748, Max=35487, Min=524, Avg=1180.32, 90=1609, 99=2427, 99.9=34719, 99.99=35487] 
2021-03-03 14:46:11:305 60 sec: 385632 operations; 7016 current ops/sec; est completion in 5 minutes [INSERT: Count=7013, Max=13887, Min=546, Avg=1134.58, 90=1606, 99=2243, 99.9=3303, 99.99=12871] 
2021-03-03 14:46:12:305 61 sec: 392598 operations; 6966 current ops/sec; est completion in 5 minutes [INSERT: Count=6968, Max=10335, Min=542, Avg=1141.28, 90=1581, 99=2357, 99.9=9927, 99.99=10287] 
2021-03-03 14:46:13:305 62 sec: 399751 operations; 7153 current ops/sec; est completion in 5 minutes [INSERT: Count=7151, Max=7095, Min=541, Avg=1113.91, 90=1575, 99=2309, 99.9=6239, 99.99=6703] 
2021-03-03 14:46:14:305 63 sec: 406693 operations; 6942 current ops/sec; est completion in 5 minutes [INSERT: Count=6942, Max=9895, Min=542, Avg=1147.68, 90=1617, 99=2301, 99.9=5503, 99.99=9391] 
2021-03-03 14:46:15:305 64 sec: 413599 operations; 6906 current ops/sec; est completion in 5 minutes [INSERT: Count=6908, Max=10487, Min=571, Avg=1153.45, 90=1638, 99=2383, 99.9=4695, 99.99=10471] 
2021-03-03 14:46:16:305 65 sec: 420648 operations; 7049 current ops/sec; est completion in 5 minutes [INSERT: Count=7049, Max=7075, Min=566, Avg=1129.59, 90=1560, 99=2447, 99.9=6663, 99.99=7027] 
2021-03-03 14:46:17:305 66 sec: 427765 operations; 7117 current ops/sec; est completion in 5 minutes [INSERT: Count=7120, Max=3845, Min=548, Avg=1118.93, 90=1552, 99=2293, 99.9=2863, 99.99=3641] 
2021-03-03 14:46:18:305 67 sec: 434650 operations; 6885 current ops/sec; est completion in 5 minutes [INSERT: Count=6882, Max=12119, Min=549, Avg=1156.3, 90=1617, 99=2561, 99.9=11599, 99.99=11999] 
2021-03-03 14:46:19:305 68 sec: 441632 operations; 6982 current ops/sec; est completion in 5 minutes [INSERT: Count=6982, Max=31263, Min=556, Avg=1139.87, 90=1575, 99=2435, 99.9=30079, 99.99=31103] 
2021-03-03 14:46:20:305 69 sec: 448722 operations; 7090 current ops/sec; est completion in 5 minutes [INSERT: Count=7089, Max=11007, Min=548, Avg=1123.67, 90=1590, 99=2371, 99.9=5179, 99.99=8967] 
2021-03-03 14:46:21:305 70 sec: 455580 operations; 6858 current ops/sec; est completion in 5 minutes [INSERT: Count=6860, Max=12567, Min=565, Avg=1161.2, 90=1629, 99=2393, 99.9=11983, 99.99=12511] 
2021-03-03 14:46:22:305 71 sec: 462577 operations; 6997 current ops/sec; est completion in 5 minutes [INSERT: Count=6999, Max=20287, Min=543, Avg=1137.83, 90=1557, 99=2361, 99.9=8447, 99.99=12751] 
2021-03-03 14:46:23:305 72 sec: 469483 operations; 6906 current ops/sec; est completion in 5 minutes [INSERT: Count=6901, Max=5491, Min=565, Avg=1153.21, 90=1607, 99=2355, 99.9=5071, 99.99=5403] 
2021-03-03 14:46:24:306 73 sec: 476471 operations; 6988 current ops/sec; est completion in 5 minutes [INSERT: Count=6992, Max=12559, Min=550, Avg=1139.33, 90=1592, 99=2417, 99.9=7871, 99.99=12535] 
2021-03-03 14:46:25:305 74 sec: 483427 operations; 6956 current ops/sec; est completion in 5 minutes [INSERT: Count=6955, Max=5735, Min=543, Avg=1144.96, 90=1616, 99=2377, 99.9=4971, 99.99=5447] 
2021-03-03 14:46:26:305 75 sec: 490470 operations; 7043 current ops/sec; est completion in 5 minutes [INSERT: Count=7042, Max=3921, Min=556, Avg=1131.06, 90=1540, 99=2243, 99.9=2821, 99.99=3717] 
2021-03-03 14:46:27:305 76 sec: 497595 operations; 7125 current ops/sec; est completion in 5 minutes [INSERT: Count=7126, Max=3403, Min=556, Avg=1117.91, 90=1577, 99=2335, 99.9=3103, 99.99=3331] 
2021-03-03 14:46:28:305 77 sec: 504349 operations; 6754 current ops/sec; est completion in 5 minutes [INSERT: Count=6754, Max=68735, Min=549, Avg=1179.2, 90=1582, 99=2327, 99.9=67199, 99.99=68607] 
2021-03-03 14:46:29:305 78 sec: 511425 operations; 7076 current ops/sec; est completion in 5 minutes [INSERT: Count=7073, Max=10031, Min=534, Avg=1125.63, 90=1605, 99=2397, 99.9=4735, 99.99=7351] 
2021-03-03 14:46:30:305 79 sec: 518418 operations; 6993 current ops/sec; est completion in 5 minutes [INSERT: Count=7040, Max=5315, Min=548, Avg=1136.98, 90=1575, 99=2297, 99.9=4495, 99.99=5231] 
2021-03-03 14:46:31:305 80 sec: 525460 operations; 7042 current ops/sec; est completion in 5 minutes [INSERT: Count=7000, Max=18879, Min=523, Avg=1132.76, 90=1545, 99=2297, 99.9=3251, 99.99=18767] 
2021-03-03 14:46:32:305 81 sec: 532519 operations; 7059 current ops/sec; est completion in 5 minutes [INSERT: Count=7055, Max=11631, Min=558, Avg=1128.16, 90=1577, 99=2319, 99.9=3051, 99.99=5339] 
2021-03-03 14:46:33:305 82 sec: 539599 operations; 7080 current ops/sec; est completion in 5 minutes [INSERT: Count=7079, Max=3885, Min=549, Avg=1125.77, 90=1564, 99=2299, 99.9=2903, 99.99=3419] 
2021-03-03 14:46:34:305 83 sec: 546678 operations; 7079 current ops/sec; est completion in 5 minutes [INSERT: Count=7081, Max=11271, Min=564, Avg=1125.21, 90=1562, 99=2295, 99.9=3621, 99.99=8735] 
2021-03-03 14:46:35:305 84 sec: 553873 operations; 7195 current ops/sec; est completion in 5 minutes [INSERT: Count=7193, Max=3375, Min=533, Avg=1106.67, 90=1572, 99=2213, 99.9=2763, 99.99=3369] 
2021-03-03 14:46:36:305 85 sec: 561062 operations; 7189 current ops/sec; est completion in 5 minutes [INSERT: Count=7191, Max=10231, Min=534, Avg=1107.79, 90=1562, 99=2277, 99.9=3107, 99.99=9839] 
2021-03-03 14:46:37:305 86 sec: 568151 operations; 7089 current ops/sec; est completion in 5 minutes [INSERT: Count=7087, Max=13815, Min=558, Avg=1123.74, 90=1570, 99=2309, 99.9=12567, 99.99=13759] 
2021-03-03 14:46:38:305 87 sec: 575306 operations; 7155 current ops/sec; est completion in 5 minutes [INSERT: Count=7159, Max=4033, Min=552, Avg=1112.93, 90=1605, 99=2265, 99.9=3179, 99.99=3985] 
2021-03-03 14:46:39:305 88 sec: 582404 operations; 7098 current ops/sec; est completion in 5 minutes [INSERT: Count=7097, Max=11959, Min=564, Avg=1122.35, 90=1590, 99=2327, 99.9=4163, 99.99=9359] 
2021-03-03 14:46:40:305 89 sec: 589431 operations; 7027 current ops/sec; est completion in 5 minutes [INSERT: Count=7026, Max=4747, Min=534, Avg=1133.74, 90=1583, 99=2245, 99.9=2971, 99.99=4431] 
2021-03-03 14:46:41:305 90 sec: 596302 operations; 6871 current ops/sec; est completion in 5 minutes [INSERT: Count=6871, Max=11887, Min=548, Avg=1158.72, 90=1621, 99=2233, 99.9=10511, 99.99=11575] 
2021-03-03 14:46:42:305 91 sec: 603341 operations; 7039 current ops/sec; est completion in 5 minutes [INSERT: Count=7039, Max=5359, Min=543, Avg=1131.79, 90=1564, 99=2283, 99.9=3023, 99.99=3847] 
2021-03-03 14:46:43:305 92 sec: 610178 operations; 6837 current ops/sec; est completion in 5 minutes [INSERT: Count=6837, Max=6707, Min=548, Avg=1165.44, 90=1629, 99=2325, 99.9=3017, 99.99=5275] 
2021-03-03 14:46:44:305 93 sec: 617128 operations; 6950 current ops/sec; est completion in 5 minutes [INSERT: Count=6950, Max=7759, Min=539, Avg=1146.12, 90=1618, 99=2257, 99.9=3329, 99.99=7247] 
2021-03-03 14:46:45:305 94 sec: 624303 operations; 7175 current ops/sec; est completion in 5 minutes [INSERT: Count=7173, Max=10495, Min=538, Avg=1110.33, 90=1560, 99=2289, 99.9=3015, 99.99=9903] 
2021-03-03 14:46:46:305 95 sec: 631360 operations; 7057 current ops/sec; est completion in 5 minutes [INSERT: Count=7059, Max=12927, Min=528, Avg=1126.96, 90=1565, 99=2447, 99.9=8167, 99.99=9447] 
2021-03-03 14:46:47:305 96 sec: 638149 operations; 6789 current ops/sec; est completion in 4 minutes [INSERT: Count=6787, Max=8631, Min=556, Avg=1173.25, 90=1657, 99=2433, 99.9=4595, 99.99=5515] 
2021-03-03 14:46:48:305 97 sec: 645072 operations; 6923 current ops/sec; est completion in 4 minutes [INSERT: Count=6926, Max=5267, Min=550, Avg=1150.33, 90=1622, 99=2361, 99.9=3285, 99.99=4735] 
2021-03-03 14:46:49:305 98 sec: 651521 operations; 6449 current ops/sec; est completion in 4 minutes [INSERT: Count=6448, Max=18895, Min=570, Avg=1235.09, 90=1744, 99=2769, 99.9=17855, 99.99=18575] 
2021-03-03 14:46:50:305 99 sec: 658042 operations; 6521 current ops/sec; est completion in 4 minutes [INSERT: Count=6522, Max=5483, Min=540, Avg=1222.59, 90=1771, 99=2595, 99.9=3521, 99.99=5311] 
2021-03-03 14:46:51:305 100 sec: 664971 operations; 6929 current ops/sec; est completion in 4 minutes [INSERT: Count=6930, Max=12455, Min=534, Avg=1149.51, 90=1495, 99=2377, 99.9=10415, 99.99=10911] 
2021-03-03 14:46:52:305 101 sec: 673008 operations; 8037 current ops/sec; est completion in 4 minutes [INSERT: Count=8039, Max=5391, Min=505, Avg=989.82, 90=1212, 99=1509, 99.9=3571, 99.99=5235] 
2021-03-03 14:46:53:305 102 sec: 681397 operations; 8389 current ops/sec; est completion in 4 minutes [INSERT: Count=8386, Max=5055, Min=496, Avg=948.83, 90=1158, 99=1428, 99.9=2079, 99.99=5031] 
2021-03-03 14:46:54:305 103 sec: 690350 operations; 8953 current ops/sec; est completion in 4 minutes [INSERT: Count=8952, Max=10687, Min=479, Avg=888.59, 90=1074, 99=1329, 99.9=1993, 99.99=10311] 
2021-03-03 14:46:55:305 104 sec: 698390 operations; 8040 current ops/sec; est completion in 4 minutes [INSERT: Count=8040, Max=13975, Min=521, Avg=989.87, 90=1129, 99=1416, 99.9=12663, 99.99=13847] 
2021-03-03 14:46:56:305 105 sec: 706549 operations; 8159 current ops/sec; est completion in 4 minutes [INSERT: Count=8160, Max=7679, Min=515, Avg=975.47, 90=1141, 99=1369, 99.9=3367, 99.99=7639] 
2021-03-03 14:46:57:305 106 sec: 714525 operations; 7976 current ops/sec; est completion in 4 minutes [INSERT: Count=7975, Max=5339, Min=494, Avg=998.3, 90=1127, 99=1335, 99.9=2709, 99.99=5299] 
2021-03-03 14:46:58:305 107 sec: 722633 operations; 8108 current ops/sec; est completion in 4 minutes [INSERT: Count=8109, Max=3217, Min=513, Avg=981.98, 90=1128, 99=1342, 99.9=1652, 99.99=3043] 
2021-03-03 14:46:59:305 108 sec: 730651 operations; 8018 current ops/sec; est completion in 4 minutes [INSERT: Count=8019, Max=9247, Min=544, Avg=992.68, 90=1137, 99=1369, 99.9=1945, 99.99=8663] 
2021-03-03 14:47:00:305 109 sec: 738751 operations; 8100 current ops/sec; est completion in 4 minutes [INSERT: Count=8100, Max=9535, Min=534, Avg=983.03, 90=1131, 99=1347, 99.9=1559, 99.99=8487] 
2021-03-03 14:47:01:305 110 sec: 746922 operations; 8171 current ops/sec; est completion in 4 minutes [INSERT: Count=8168, Max=9495, Min=509, Avg=974.2, 90=1135, 99=1464, 99.9=4283, 99.99=9455] 
2021-03-03 14:47:02:305 111 sec: 754754 operations; 7832 current ops/sec; est completion in 4 minutes [INSERT: Count=7832, Max=13671, Min=509, Avg=1015.89, 90=1201, 99=1582, 99.9=10815, 99.99=13599] 
2021-03-03 14:47:03:305 112 sec: 762660 operations; 7906 current ops/sec; est completion in 4 minutes [INSERT: Count=7907, Max=10367, Min=503, Avg=1006.42, 90=1220, 99=1469, 99.9=3319, 99.99=10063] 
2021-03-03 14:47:04:305 113 sec: 771267 operations; 8607 current ops/sec; est completion in 4 minutes [INSERT: Count=8605, Max=5503, Min=507, Avg=924.79, 90=1117, 99=1397, 99.9=4007, 99.99=4907] 
2021-03-03 14:47:05:305 114 sec: 779596 operations; 8329 current ops/sec; est completion in 4 minutes [INSERT: Count=8329, Max=2931, Min=513, Avg=955.51, 90=1169, 99=1402, 99.9=1551, 99.99=2683] 
2021-03-03 14:47:06:305 115 sec: 788092 operations; 8496 current ops/sec; est completion in 4 minutes [INSERT: Count=8499, Max=10055, Min=508, Avg=935.44, 90=1138, 99=1387, 99.9=5243, 99.99=5675] 
2021-03-03 14:47:07:305 116 sec: 796649 operations; 8557 current ops/sec; est completion in 4 minutes [INSERT: Count=8556, Max=7551, Min=523, Avg=929.48, 90=1128, 99=1372, 99.9=1802, 99.99=3939] 
2021-03-03 14:47:08:305 117 sec: 805140 operations; 8491 current ops/sec; est completion in 4 minutes [INSERT: Count=8494, Max=13007, Min=519, Avg=935.07, 90=1120, 99=1373, 99.9=5739, 99.99=12607] 
2021-03-03 14:47:09:305 118 sec: 813791 operations; 8651 current ops/sec; est completion in 4 minutes [INSERT: Count=8647, Max=8399, Min=529, Avg=919.96, 90=1104, 99=1320, 99.9=2577, 99.99=8295] 
2021-03-03 14:47:10:305 119 sec: 822581 operations; 8790 current ops/sec; est completion in 4 minutes [INSERT: Count=8793, Max=14111, Min=506, Avg=905.12, 90=1070, 99=1356, 99.9=7263, 99.99=10583] 
2021-03-03 14:47:11:305 120 sec: 831081 operations; 8500 current ops/sec; est completion in 4 minutes [INSERT: Count=8499, Max=9687, Min=519, Avg=936.24, 90=1116, 99=1389, 99.9=5203, 99.99=8727] 
2021-03-03 14:47:12:305 121 sec: 839850 operations; 8769 current ops/sec; est completion in 4 minutes [INSERT: Count=8770, Max=4579, Min=519, Avg=907.27, 90=1102, 99=1310, 99.9=1542, 99.99=3959] 
2021-03-03 14:47:13:305 122 sec: 848697 operations; 8847 current ops/sec; est completion in 4 minutes [INSERT: Count=8846, Max=11439, Min=497, Avg=898.92, 90=1085, 99=1315, 99.9=1637, 99.99=11359] 
2021-03-03 14:47:14:305 123 sec: 857548 operations; 8851 current ops/sec; est completion in 4 minutes [INSERT: Count=8850, Max=6351, Min=502, Avg=898.88, 90=1076, 99=1327, 99.9=5419, 99.99=6247] 
2021-03-03 14:47:15:305 124 sec: 866320 operations; 8772 current ops/sec; est completion in 4 minutes [INSERT: Count=8772, Max=6947, Min=498, Avg=907.38, 90=1091, 99=1284, 99.9=1604, 99.99=3695] 
2021-03-03 14:47:16:305 125 sec: 875082 operations; 8762 current ops/sec; est completion in 4 minutes [INSERT: Count=8763, Max=10655, Min=505, Avg=908.02, 90=1086, 99=1317, 99.9=5331, 99.99=10383] 
2021-03-03 14:47:17:305 126 sec: 883995 operations; 8913 current ops/sec; est completion in 4 minutes [INSERT: Count=8913, Max=3259, Min=511, Avg=892.74, 90=1070, 99=1288, 99.9=1713, 99.99=3067] 
2021-03-03 14:47:18:305 127 sec: 892887 operations; 8892 current ops/sec; est completion in 4 minutes [INSERT: Count=8892, Max=8559, Min=506, Avg=894.74, 90=1057, 99=1274, 99.9=5631, 99.99=8039] 
2021-03-03 14:47:19:305 128 sec: 901772 operations; 8885 current ops/sec; est completion in 4 minutes [INSERT: Count=8884, Max=5423, Min=514, Avg=895.55, 90=1069, 99=1294, 99.9=4883, 99.99=5383] 
2021-03-03 14:47:20:305 129 sec: 910633 operations; 8861 current ops/sec; est completion in 4 minutes [INSERT: Count=8862, Max=3237, Min=493, Avg=898.15, 90=1071, 99=1263, 99.9=1487, 99.99=3017] 
2021-03-03 14:47:21:305 130 sec: 919413 operations; 8780 current ops/sec; est completion in 4 minutes [INSERT: Count=8779, Max=10847, Min=510, Avg=906.17, 90=1086, 99=1291, 99.9=1678, 99.99=10695] 
2021-03-03 14:47:22:305 131 sec: 928208 operations; 8795 current ops/sec; est completion in 3 minutes [INSERT: Count=8796, Max=9487, Min=481, Avg=904.83, 90=1087, 99=1312, 99.9=2141, 99.99=6291] 
2021-03-03 14:47:23:305 132 sec: 936197 operations; 7989 current ops/sec; est completion in 3 minutes [INSERT: Count=7989, Max=14079, Min=531, Avg=996.42, 90=1248, 99=1702, 99.9=6379, 99.99=13343] 
2021-03-03 14:47:24:305 133 sec: 943487 operations; 7290 current ops/sec; est completion in 3 minutes [INSERT: Count=7287, Max=7411, Min=526, Avg=1092.67, 90=1317, 99=1664, 99.9=6795, 99.99=7175] 
2021-03-03 14:47:25:305 134 sec: 950892 operations; 7405 current ops/sec; est completion in 3 minutes [INSERT: Count=7406, Max=8975, Min=536, Avg=1075.11, 90=1310, 99=1665, 99.9=6883, 99.99=8223] 
2021-03-03 14:47:26:305 135 sec: 958437 operations; 7545 current ops/sec; est completion in 3 minutes [INSERT: Count=7546, Max=8399, Min=503, Avg=1055.42, 90=1301, 99=1827, 99.9=6603, 99.99=6975] 
2021-03-03 14:47:27:305 136 sec: 966384 operations; 7947 current ops/sec; est completion in 3 minutes [INSERT: Count=7948, Max=5331, Min=536, Avg=1001.16, 90=1250, 99=1556, 99.9=3179, 99.99=4963] 
2021-03-03 14:47:28:305 137 sec: 974827 operations; 8443 current ops/sec; est completion in 3 minutes [INSERT: Count=8444, Max=4571, Min=499, Avg=942.75, 90=1138, 99=1339, 99.9=1711, 99.99=4041] 
2021-03-03 14:47:29:305 138 sec: 983807 operations; 8980 current ops/sec; est completion in 3 minutes [INSERT: Count=8979, Max=2951, Min=509, Avg=886.17, 90=1074, 99=1292, 99.9=1455, 99.99=2873] 
2021-03-03 14:47:30:305 139 sec: 992439 operations; 8632 current ops/sec; est completion in 3 minutes [INSERT: Count=8631, Max=4867, Min=516, Avg=922.02, 90=1095, 99=1299, 99.9=2431, 99.99=4859] 
2021-03-03 14:47:31:305 140 sec: 1000360 operations; 7921 current ops/sec; est completion in 3 minutes [INSERT: Count=7921, Max=3531, Min=533, Avg=1004.94, 90=1117, 99=1349, 99.9=2253, 99.99=2801] 
2021-03-03 14:47:32:305 141 sec: 1008590 operations; 8230 current ops/sec; est completion in 3 minutes [INSERT: Count=8230, Max=7067, Min=508, Avg=967.56, 90=1121, 99=1344, 99.9=1682, 99.99=3219] 
2021-03-03 14:47:33:305 142 sec: 1016890 operations; 8300 current ops/sec; est completion in 3 minutes [INSERT: Count=8301, Max=8303, Min=499, Avg=959.03, 90=1131, 99=1425, 99.9=6479, 99.99=7883] 
2021-03-03 14:47:34:305 143 sec: 1024905 operations; 8015 current ops/sec; est completion in 3 minutes [INSERT: Count=8015, Max=5423, Min=526, Avg=993.26, 90=1144, 99=1425, 99.9=4343, 99.99=5223] 
2021-03-03 14:47:35:305 144 sec: 1033115 operations; 8210 current ops/sec; est completion in 3 minutes [INSERT: Count=8210, Max=10567, Min=515, Avg=969.53, 90=1135, 99=1370, 99.9=4983, 99.99=8599] 
2021-03-03 14:47:36:305 145 sec: 1040985 operations; 7870 current ops/sec; est completion in 3 minutes [INSERT: Count=7867, Max=9895, Min=506, Avg=1011.65, 90=1158, 99=1422, 99.9=5967, 99.99=8383] 
2021-03-03 14:47:37:305 146 sec: 1048921 operations; 7936 current ops/sec; est completion in 3 minutes [INSERT: Count=7939, Max=7143, Min=549, Avg=1003.14, 90=1148, 99=1380, 99.9=1592, 99.99=3045] 
2021-03-03 14:47:38:305 147 sec: 1057051 operations; 8130 current ops/sec; est completion in 3 minutes [INSERT: Count=8128, Max=2829, Min=539, Avg=979.44, 90=1135, 99=1365, 99.9=1970, 99.99=2745] 
2021-03-03 14:47:39:305 148 sec: 1065165 operations; 8114 current ops/sec; est completion in 3 minutes [INSERT: Count=8119, Max=10503, Min=536, Avg=981.08, 90=1138, 99=1346, 99.9=2043, 99.99=8559] 
2021-03-03 14:47:40:305 149 sec: 1073415 operations; 8250 current ops/sec; est completion in 3 minutes [INSERT: Count=8247, Max=5283, Min=529, Avg=964.96, 90=1097, 99=1334, 99.9=4591, 99.99=5107] 
2021-03-03 14:47:41:305 150 sec: 1081445 operations; 8030 current ops/sec; est completion in 3 minutes [INSERT: Count=8028, Max=11855, Min=524, Avg=990.99, 90=1194, 99=1490, 99.9=2767, 99.99=11695] 
2021-03-03 14:47:42:305 151 sec: 1089162 operations; 7717 current ops/sec; est completion in 3 minutes [INSERT: Count=7718, Max=6203, Min=524, Avg=1031.42, 90=1204, 99=1447, 99.9=4259, 99.99=6195] 
2021-03-03 14:47:43:305 152 sec: 1097004 operations; 7842 current ops/sec; est completion in 3 minutes [INSERT: Count=7843, Max=7059, Min=551, Avg=1015.18, 90=1220, 99=1492, 99.9=1953, 99.99=3221] 
2021-03-03 14:47:44:305 153 sec: 1104599 operations; 7595 current ops/sec; est completion in 3 minutes [INSERT: Count=7593, Max=3479, Min=534, Avg=1049.02, 90=1215, 99=1441, 99.9=1592, 99.99=2527] 
2021-03-03 14:47:45:305 154 sec: 1112353 operations; 7754 current ops/sec; est completion in 3 minutes [INSERT: Count=7756, Max=5755, Min=520, Avg=1026.57, 90=1186, 99=1476, 99.9=2929, 99.99=5707] 
2021-03-03 14:47:46:305 155 sec: 1120325 operations; 7972 current ops/sec; est completion in 3 minutes [INSERT: Count=7969, Max=5303, Min=516, Avg=999.11, 90=1184, 99=1436, 99.9=3159, 99.99=5287] 
2021-03-03 14:47:47:305 156 sec: 1128244 operations; 7919 current ops/sec; est completion in 3 minutes [INSERT: Count=7922, Max=3013, Min=526, Avg=1005.17, 90=1219, 99=1462, 99.9=1670, 99.99=2067] 
2021-03-03 14:47:48:305 157 sec: 1136205 operations; 7961 current ops/sec; est completion in 3 minutes [INSERT: Count=7960, Max=3123, Min=531, Avg=1000.39, 90=1155, 99=1454, 99.9=2581, 99.99=2939] 
2021-03-03 14:47:49:305 158 sec: 1144011 operations; 7806 current ops/sec; est completion in 3 minutes [INSERT: Count=7807, Max=12087, Min=526, Avg=1019.67, 90=1190, 99=1473, 99.9=9511, 99.99=10935] 
2021-03-03 14:47:50:305 159 sec: 1152019 operations; 8008 current ops/sec; est completion in 3 minutes [INSERT: Count=8007, Max=9911, Min=517, Avg=994.16, 90=1171, 99=1412, 99.9=2235, 99.99=9295] 
2021-03-03 14:47:51:305 160 sec: 1159979 operations; 7960 current ops/sec; est completion in 3 minutes [INSERT: Count=7958, Max=6383, Min=540, Avg=1000.17, 90=1179, 99=1430, 99.9=1993, 99.99=5659] 
2021-03-03 14:47:52:305 161 sec: 1168047 operations; 8068 current ops/sec; est completion in 3 minutes [INSERT: Count=8070, Max=6075, Min=485, Avg=986.89, 90=1187, 99=1483, 99.9=2907, 99.99=5999] 
2021-03-03 14:47:53:305 162 sec: 1176036 operations; 7989 current ops/sec; est completion in 3 minutes [INSERT: Count=7990, Max=3969, Min=527, Avg=996.52, 90=1189, 99=1455, 99.9=2043, 99.99=3009] 
2021-03-03 14:47:54:305 163 sec: 1184023 operations; 7987 current ops/sec; est completion in 3 minutes [INSERT: Count=7987, Max=7251, Min=533, Avg=996.84, 90=1155, 99=1414, 99.9=1664, 99.99=2349] 
2021-03-03 14:47:55:305 164 sec: 1191893 operations; 7870 current ops/sec; est completion in 3 minutes [INSERT: Count=7870, Max=5919, Min=528, Avg=1011.4, 90=1181, 99=1424, 99.9=3191, 99.99=5855] 
2021-03-03 14:47:56:305 165 sec: 1199466 operations; 7573 current ops/sec; est completion in 3 minutes [INSERT: Count=7573, Max=8215, Min=497, Avg=1051.85, 90=1340, 99=1689, 99.9=3447, 99.99=6931] 
2021-03-03 14:47:57:305 166 sec: 1206390 operations; 6924 current ops/sec; est completion in 3 minutes [INSERT: Count=6924, Max=14263, Min=523, Avg=1150.19, 90=1409, 99=1869, 99.9=13879, 99.99=14175] 
2021-03-03 14:47:58:305 167 sec: 1213962 operations; 7572 current ops/sec; est completion in 3 minutes [INSERT: Count=7571, Max=5063, Min=519, Avg=1051.67, 90=1301, 99=1668, 99.9=1926, 99.99=3579] 
2021-03-03 14:47:59:305 168 sec: 1221210 operations; 7248 current ops/sec; est completion in 3 minutes [INSERT: Count=7249, Max=7463, Min=537, Avg=1098.73, 90=1347, 99=1690, 99.9=6779, 99.99=7191] 
2021-03-03 14:48:00:305 169 sec: 1228809 operations; 7599 current ops/sec; est completion in 3 minutes [INSERT: Count=7599, Max=19471, Min=492, Avg=1047.86, 90=1272, 99=1607, 99.9=13295, 99.99=15207] 
2021-03-03 14:48:01:305 170 sec: 1236728 operations; 7919 current ops/sec; est completion in 3 minutes [INSERT: Count=7918, Max=10895, Min=543, Avg=1005.19, 90=1194, 99=1452, 99.9=2023, 99.99=8799] 
2021-03-03 14:48:02:305 171 sec: 1244880 operations; 8152 current ops/sec; est completion in 3 minutes [INSERT: Count=8153, Max=4175, Min=525, Avg=976.33, 90=1111, 99=1333, 99.9=1572, 99.99=3561] 
2021-03-03 14:48:03:305 172 sec: 1253312 operations; 8432 current ops/sec; est completion in 3 minutes [INSERT: Count=8432, Max=3023, Min=507, Avg=943.22, 90=1135, 99=1409, 99.9=1913, 99.99=2819] 
2021-03-03 14:48:04:305 173 sec: 1261554 operations; 8242 current ops/sec; est completion in 3 minutes [INSERT: Count=8240, Max=20559, Min=520, Avg=965.31, 90=1127, 99=1391, 99.9=2191, 99.99=3475] 
2021-03-03 14:48:05:305 174 sec: 1269635 operations; 8081 current ops/sec; est completion in 3 minutes [INSERT: Count=8082, Max=12583, Min=531, Avg=984.51, 90=1120, 99=1384, 99.9=3693, 99.99=12263] 
2021-03-03 14:48:06:305 175 sec: 1278163 operations; 8528 current ops/sec; est completion in 3 minutes [INSERT: Count=8528, Max=11239, Min=503, Avg=933.27, 90=1084, 99=1331, 99.9=1972, 99.99=8455] 
2021-03-03 14:48:07:305 176 sec: 1286404 operations; 8241 current ops/sec; est completion in 3 minutes [INSERT: Count=8241, Max=7331, Min=531, Avg=965.73, 90=1131, 99=1381, 99.9=3487, 99.99=7023] 
2021-03-03 14:48:08:305 177 sec: 1294684 operations; 8280 current ops/sec; est completion in 3 minutes [INSERT: Count=8280, Max=7967, Min=527, Avg=961.5, 90=1113, 99=1337, 99.9=5171, 99.99=7367] 
2021-03-03 14:48:09:305 178 sec: 1303318 operations; 8634 current ops/sec; est completion in 3 minutes [INSERT: Count=8634, Max=3327, Min=503, Avg=921.49, 90=1142, 99=1410, 99.9=1964, 99.99=2967] 
2021-03-03 14:48:10:305 179 sec: 1312022 operations; 8704 current ops/sec; est completion in 2 minutes [INSERT: Count=8706, Max=2905, Min=497, Avg=914.66, 90=1121, 99=1380, 99.9=1575, 99.99=2677] 
2021-03-03 14:48:11:305 180 sec: 1320826 operations; 8804 current ops/sec; est completion in 2 minutes [INSERT: Count=8804, Max=2879, Min=509, Avg=903.89, 90=1094, 99=1320, 99.9=1680, 99.99=1952] 
2021-03-03 14:48:12:305 181 sec: 1328872 operations; 8046 current ops/sec; est completion in 2 minutes [INSERT: Count=8043, Max=2345, Min=517, Avg=989.49, 90=1140, 99=1324, 99.9=1634, 99.99=2293] 
2021-03-03 14:48:13:305 182 sec: 1336915 operations; 8043 current ops/sec; est completion in 2 minutes [INSERT: Count=8045, Max=11695, Min=510, Avg=989.82, 90=1157, 99=1378, 99.9=2091, 99.99=9903] 
2021-03-03 14:48:14:305 183 sec: 1344879 operations; 7964 current ops/sec; est completion in 2 minutes [INSERT: Count=7965, Max=6303, Min=544, Avg=999.36, 90=1167, 99=1438, 99.9=4291, 99.99=6207] 
2021-03-03 14:48:15:305 184 sec: 1352818 operations; 7939 current ops/sec; est completion in 2 minutes [INSERT: Count=7938, Max=6111, Min=535, Avg=1002.92, 90=1170, 99=1405, 99.9=3325, 99.99=5863] 
2021-03-03 14:48:16:305 185 sec: 1360704 operations; 7886 current ops/sec; est completion in 2 minutes [INSERT: Count=7886, Max=7447, Min=522, Avg=1009.51, 90=1143, 99=1422, 99.9=1950, 99.99=7395] 
2021-03-03 14:48:17:305 186 sec: 1368799 operations; 8095 current ops/sec; est completion in 2 minutes [INSERT: Count=8095, Max=2857, Min=518, Avg=983.32, 90=1138, 99=1410, 99.9=1678, 99.99=2857] 
2021-03-03 14:48:18:305 187 sec: 1376777 operations; 7978 current ops/sec; est completion in 2 minutes [INSERT: Count=7976, Max=15031, Min=544, Avg=998, 90=1150, 99=1395, 99.9=2161, 99.99=5611] 
2021-03-03 14:48:19:305 188 sec: 1384939 operations; 8162 current ops/sec; est completion in 2 minutes [INSERT: Count=8162, Max=7939, Min=484, Avg=974.89, 90=1158, 99=1418, 99.9=2399, 99.99=7891] 
2021-03-03 14:48:20:305 189 sec: 1392882 operations; 7943 current ops/sec; est completion in 2 minutes [INSERT: Count=7945, Max=11695, Min=520, Avg=1002.13, 90=1168, 99=1400, 99.9=3733, 99.99=11615] 
2021-03-03 14:48:21:305 190 sec: 1400857 operations; 7975 current ops/sec; est completion in 2 minutes [INSERT: Count=7974, Max=6483, Min=546, Avg=998.24, 90=1162, 99=1378, 99.9=3047, 99.99=6467] 
2021-03-03 14:48:22:305 191 sec: 1408638 operations; 7781 current ops/sec; est completion in 2 minutes [INSERT: Count=7780, Max=7575, Min=544, Avg=1023.61, 90=1195, 99=1440, 99.9=1630, 99.99=3261] 
2021-03-03 14:48:23:305 192 sec: 1416593 operations; 7955 current ops/sec; est completion in 2 minutes [INSERT: Count=7957, Max=2875, Min=514, Avg=1000.62, 90=1196, 99=1434, 99.9=1609, 99.99=2767] 
2021-03-03 14:48:24:305 193 sec: 1424615 operations; 8022 current ops/sec; est completion in 2 minutes [INSERT: Count=8023, Max=15671, Min=529, Avg=992.53, 90=1184, 99=1451, 99.9=1839, 99.99=14751] 
2021-03-03 14:48:25:305 194 sec: 1432640 operations; 8025 current ops/sec; est completion in 2 minutes [INSERT: Count=8022, Max=10007, Min=516, Avg=992.09, 90=1237, 99=1541, 99.9=5315, 99.99=9919] 
2021-03-03 14:48:26:305 195 sec: 1440530 operations; 7890 current ops/sec; est completion in 2 minutes [INSERT: Count=7894, Max=15351, Min=512, Avg=1009.03, 90=1284, 99=1724, 99.9=2761, 99.99=11591] 
2021-03-03 14:48:27:305 196 sec: 1448462 operations; 7932 current ops/sec; est completion in 2 minutes [INSERT: Count=7928, Max=11663, Min=488, Avg=1004.01, 90=1261, 99=1611, 99.9=2557, 99.99=10319] 
2021-03-03 14:48:28:315 197 sec: 1455930 operations; 7468 current ops/sec; est completion in 2 minutes [INSERT: Count=7471, Max=13375, Min=531, Avg=1070.27, 90=1319, 99=1756, 99.9=12967, 99.99=13079] 
2021-03-03 14:48:29:305 198 sec: 1463783 operations; 7853 current ops/sec; est completion in 2 minutes [INSERT: Count=7853, Max=14471, Min=510, Avg=1010.02, 90=1246, 99=1691, 99.9=7403, 99.99=14311] 
2021-03-03 14:48:30:305 199 sec: 1471812 operations; 8029 current ops/sec; est completion in 2 minutes [INSERT: Count=8027, Max=14631, Min=528, Avg=991.53, 90=1205, 99=1514, 99.9=12399, 99.99=14631] 
2021-03-03 14:48:31:305 200 sec: 1479799 operations; 7987 current ops/sec; est completion in 2 minutes [INSERT: Count=7989, Max=12103, Min=538, Avg=996.21, 90=1174, 99=1417, 99.9=4931, 99.99=7807] 
2021-03-03 14:48:32:305 201 sec: 1487863 operations; 8064 current ops/sec; est completion in 2 minutes [INSERT: Count=8062, Max=13263, Min=548, Avg=986.53, 90=1125, 99=1401, 99.9=5039, 99.99=6091] 
2021-03-03 14:48:33:305 202 sec: 1495726 operations; 7863 current ops/sec; est completion in 2 minutes [INSERT: Count=7864, Max=17471, Min=538, Avg=1011.97, 90=1178, 99=1444, 99.9=7483, 99.99=17455] 
2021-03-03 14:48:34:305 203 sec: 1504045 operations; 8319 current ops/sec; est completion in 2 minutes [INSERT: Count=8318, Max=13295, Min=503, Avg=956.8, 90=1117, 99=1376, 99.9=7367, 99.99=13231] 
2021-03-03 14:48:35:305 204 sec: 1512889 operations; 8844 current ops/sec; est completion in 2 minutes [INSERT: Count=8842, Max=3425, Min=516, Avg=899.79, 90=1121, 99=1362, 99.9=1621, 99.99=2841] 
2021-03-03 14:48:36:305 205 sec: 1520635 operations; 7746 current ops/sec; est completion in 2 minutes [INSERT: Count=7748, Max=15071, Min=526, Avg=1026.08, 90=1148, 99=1405, 99.9=2447, 99.99=14991] 
2021-03-03 14:48:37:305 206 sec: 1528582 operations; 7947 current ops/sec; est completion in 2 minutes [INSERT: Count=7949, Max=10519, Min=545, Avg=1001.85, 90=1109, 99=1321, 99.9=3125, 99.99=8407] 
2021-03-03 14:48:38:305 207 sec: 1536732 operations; 8150 current ops/sec; est completion in 2 minutes [INSERT: Count=8149, Max=3659, Min=507, Avg=976.6, 90=1127, 99=1328, 99.9=1520, 99.99=2535] 
2021-03-03 14:48:39:305 208 sec: 1544842 operations; 8110 current ops/sec; est completion in 2 minutes [INSERT: Count=8111, Max=2779, Min=534, Avg=981.51, 90=1127, 99=1339, 99.9=1567, 99.99=1889] 
2021-03-03 14:48:40:305 209 sec: 1552827 operations; 7985 current ops/sec; est completion in 2 minutes [INSERT: Count=7982, Max=7643, Min=538, Avg=997.14, 90=1167, 99=1441, 99.9=3507, 99.99=7555] 
2021-03-03 14:48:41:305 210 sec: 1561047 operations; 8220 current ops/sec; est completion in 2 minutes [INSERT: Count=8221, Max=6731, Min=523, Avg=968.15, 90=1132, 99=1388, 99.9=2857, 99.99=6523] 
2021-03-03 14:48:42:305 211 sec: 1569123 operations; 8076 current ops/sec; est completion in 2 minutes [INSERT: Count=8075, Max=10967, Min=524, Avg=985.75, 90=1125, 99=1377, 99.9=5763, 99.99=10431] 
2021-03-03 14:48:43:305 212 sec: 1577079 operations; 7956 current ops/sec; est completion in 2 minutes [INSERT: Count=7956, Max=3151, Min=559, Avg=1000.54, 90=1143, 99=1367, 99.9=1767, 99.99=3131] 
2021-03-03 14:48:44:305 213 sec: 1584984 operations; 7905 current ops/sec; est completion in 2 minutes [INSERT: Count=7905, Max=9911, Min=533, Avg=1007.19, 90=1130, 99=1442, 99.9=3025, 99.99=9839] 
2021-03-03 14:48:45:305 214 sec: 1592897 operations; 7913 current ops/sec; est completion in 2 minutes [INSERT: Count=7915, Max=2941, Min=563, Avg=1005.9, 90=1181, 99=1429, 99.9=1908, 99.99=2927] 
2021-03-03 14:48:46:305 215 sec: 1601001 operations; 8104 current ops/sec; est completion in 2 minutes [INSERT: Count=8105, Max=10727, Min=529, Avg=982.36, 90=1151, 99=1404, 99.9=1808, 99.99=9007] 
2021-03-03 14:48:47:305 216 sec: 1608987 operations; 7986 current ops/sec; est completion in 2 minutes [INSERT: Count=7985, Max=4037, Min=523, Avg=996.34, 90=1177, 99=1414, 99.9=1623, 99.99=3755] 
2021-03-03 14:48:48:305 217 sec: 1616929 operations; 7942 current ops/sec; est completion in 2 minutes [INSERT: Count=7940, Max=13407, Min=547, Avg=1002.59, 90=1160, 99=1402, 99.9=5263, 99.99=13031] 
2021-03-03 14:48:49:305 218 sec: 1624449 operations; 7520 current ops/sec; est completion in 2 minutes [INSERT: Count=7521, Max=7107, Min=528, Avg=1058.96, 90=1375, 99=1781, 99.9=4463, 99.99=7055] 
2021-03-03 14:48:50:305 219 sec: 1632042 operations; 7593 current ops/sec; est completion in 2 minutes [INSERT: Count=7591, Max=4045, Min=534, Avg=1048.92, 90=1302, 99=1591, 99.9=1795, 99.99=2937] 
2021-03-03 14:48:51:305 220 sec: 1639766 operations; 7724 current ops/sec; est completion in 2 minutes [INSERT: Count=7726, Max=2917, Min=516, Avg=1030.88, 90=1279, 99=1579, 99.9=2223, 99.99=2717] 
2021-03-03 14:48:52:305 221 sec: 1647803 operations; 8037 current ops/sec; est completion in 2 minutes [INSERT: Count=8040, Max=11791, Min=531, Avg=990.27, 90=1217, 99=1520, 99.9=3745, 99.99=11791] 
2021-03-03 14:48:53:305 222 sec: 1655828 operations; 8025 current ops/sec; est completion in 2 minutes [INSERT: Count=8021, Max=11975, Min=510, Avg=992.27, 90=1209, 99=1519, 99.9=3517, 99.99=9687] 
2021-03-03 14:48:54:305 223 sec: 1663970 operations; 8142 current ops/sec; est completion in 2 minutes [INSERT: Count=8141, Max=4315, Min=535, Avg=978.04, 90=1195, 99=1436, 99.9=1694, 99.99=4047] 
2021-03-03 14:48:55:305 224 sec: 1672240 operations; 8270 current ops/sec; est completion in 2 minutes [INSERT: Count=8270, Max=3277, Min=515, Avg=962.61, 90=1133, 99=1358, 99.9=1842, 99.99=3135] 
2021-03-03 14:48:56:305 225 sec: 1680398 operations; 8158 current ops/sec; est completion in 2 minutes [INSERT: Count=8160, Max=8391, Min=523, Avg=975.55, 90=1150, 99=1407, 99.9=2073, 99.99=7923] 
2021-03-03 14:48:57:305 226 sec: 1688971 operations; 8573 current ops/sec; est completion in 2 minutes [INSERT: Count=8572, Max=3721, Min=522, Avg=928.54, 90=1135, 99=1355, 99.9=1597, 99.99=3689] 
2021-03-03 14:48:58:305 227 sec: 1697539 operations; 8568 current ops/sec; est completion in 2 minutes [INSERT: Count=8567, Max=5095, Min=507, Avg=928.02, 90=1132, 99=1377, 99.9=2363, 99.99=4991] 
2021-03-03 14:48:59:305 228 sec: 1705043 operations; 7504 current ops/sec; est completion in 2 minutes [INSERT: Count=7505, Max=12767, Min=520, Avg=1062.19, 90=1195, 99=1505, 99.9=11855, 99.99=12735] 
2021-03-03 14:49:00:305 229 sec: 1713044 operations; 8001 current ops/sec; est completion in 2 minutes [INSERT: Count=8002, Max=14183, Min=519, Avg=994.64, 90=1154, 99=1387, 99.9=6991, 99.99=14087] 
2021-03-03 14:49:01:305 230 sec: 1721100 operations; 8056 current ops/sec; est completion in 2 minutes [INSERT: Count=8056, Max=3391, Min=542, Avg=987.97, 90=1137, 99=1368, 99.9=2423, 99.99=3311] 
2021-03-03 14:49:02:305 231 sec: 1729223 operations; 8123 current ops/sec; est completion in 2 minutes [INSERT: Count=8123, Max=9303, Min=536, Avg=980.2, 90=1138, 99=1403, 99.9=1944, 99.99=7663] 
2021-03-03 14:49:03:305 232 sec: 1737259 operations; 8036 current ops/sec; est completion in 1 minute [INSERT: Count=8038, Max=2339, Min=545, Avg=990.55, 90=1140, 99=1426, 99.9=1606, 99.99=1724] 
2021-03-03 14:49:04:305 233 sec: 1745296 operations; 8037 current ops/sec; est completion in 1 minute [INSERT: Count=8034, Max=2771, Min=523, Avg=991.09, 90=1158, 99=1410, 99.9=1637, 99.99=1916] 
2021-03-03 14:49:05:305 234 sec: 1753308 operations; 8012 current ops/sec; est completion in 1 minute [INSERT: Count=8014, Max=2973, Min=529, Avg=993.45, 90=1145, 99=1396, 99.9=2545, 99.99=2961] 
2021-03-03 14:49:06:305 235 sec: 1761206 operations; 7898 current ops/sec; est completion in 1 minute [INSERT: Count=7899, Max=2985, Min=546, Avg=1008.12, 90=1151, 99=1407, 99.9=1965, 99.99=2835] 
2021-03-03 14:49:07:305 236 sec: 1769367 operations; 8161 current ops/sec; est completion in 1 minute [INSERT: Count=8158, Max=3179, Min=522, Avg=975.61, 90=1127, 99=1388, 99.9=1811, 99.99=2881] 
2021-03-03 14:49:08:305 237 sec: 1776855 operations; 7488 current ops/sec; est completion in 1 minute [INSERT: Count=7490, Max=16543, Min=540, Avg=1063.02, 90=1219, 99=1570, 99.9=16119, 99.99=16495] 
2021-03-03 14:49:09:305 238 sec: 1784830 operations; 7975 current ops/sec; est completion in 1 minute [INSERT: Count=7974, Max=6975, Min=519, Avg=998.31, 90=1151, 99=1407, 99.9=3953, 99.99=6903] 
2021-03-03 14:49:10:305 239 sec: 1792739 operations; 7909 current ops/sec; est completion in 1 minute [INSERT: Count=7909, Max=21935, Min=514, Avg=1006.81, 90=1189, 99=1494, 99.9=3253, 99.99=7099] 
2021-03-03 14:49:11:305 240 sec: 1800493 operations; 7754 current ops/sec; est completion in 1 minute [INSERT: Count=7756, Max=9287, Min=536, Avg=1026.65, 90=1196, 99=1484, 99.9=6379, 99.99=8983] 
2021-03-03 14:49:12:305 241 sec: 1807435 operations; 6942 current ops/sec; est completion in 1 minute [INSERT: Count=6940, Max=2931, Min=514, Avg=1147.89, 90=1399, 99=1653, 99.9=1915, 99.99=2779] 
2021-03-03 14:49:13:305 242 sec: 1814924 operations; 7489 current ops/sec; est completion in 1 minute [INSERT: Count=7489, Max=2871, Min=546, Avg=1063.44, 90=1310, 99=1569, 99.9=1777, 99.99=2347] 
2021-03-03 14:49:14:305 243 sec: 1822324 operations; 7400 current ops/sec; est completion in 1 minute [INSERT: Count=7398, Max=4147, Min=544, Avg=1076.57, 90=1328, 99=1609, 99.9=1914, 99.99=4099] 
2021-03-03 14:49:15:305 244 sec: 1828882 operations; 6558 current ops/sec; est completion in 1 minute [INSERT: Count=6560, Max=8383, Min=605, Avg=1214.7, 90=1436, 99=1749, 99.9=7431, 99.99=7939] 
2021-03-03 14:49:16:305 245 sec: 1836050 operations; 7168 current ops/sec; est completion in 1 minute [INSERT: Count=7169, Max=10487, Min=516, Avg=1111.38, 90=1353, 99=1739, 99.9=3581, 99.99=10015] 
2021-03-03 14:49:17:305 246 sec: 1843385 operations; 7335 current ops/sec; est completion in 1 minute [INSERT: Count=7335, Max=13135, Min=532, Avg=1085.23, 90=1294, 99=1642, 99.9=12407, 99.99=13015] 
2021-03-03 14:49:18:305 247 sec: 1851302 operations; 7917 current ops/sec; est completion in 1 minute [INSERT: Count=7916, Max=8431, Min=527, Avg=1005.65, 90=1188, 99=1438, 99.9=3281, 99.99=8407] 
2021-03-03 14:49:19:305 248 sec: 1859260 operations; 7958 current ops/sec; est completion in 1 minute [INSERT: Count=7960, Max=5639, Min=513, Avg=1000.42, 90=1166, 99=1414, 99.9=2529, 99.99=5595] 
2021-03-03 14:49:20:305 249 sec: 1867198 operations; 7938 current ops/sec; est completion in 1 minute [INSERT: Count=7936, Max=3743, Min=531, Avg=1003.17, 90=1172, 99=1406, 99.9=1587, 99.99=3629] 
2021-03-03 14:49:21:305 250 sec: 1875411 operations; 8213 current ops/sec; est completion in 1 minute [INSERT: Count=8213, Max=10279, Min=524, Avg=969.24, 90=1145, 99=1436, 99.9=6931, 99.99=10207] 
2021-03-03 14:49:22:305 251 sec: 1883338 operations; 7927 current ops/sec; est completion in 1 minute [INSERT: Count=7927, Max=8967, Min=527, Avg=1004.38, 90=1159, 99=1423, 99.9=4323, 99.99=8735] 
2021-03-03 14:49:23:305 252 sec: 1891441 operations; 8103 current ops/sec; est completion in 1 minute [INSERT: Count=8103, Max=7875, Min=513, Avg=982.2, 90=1151, 99=1396, 99.9=3371, 99.99=7831] 
2021-03-03 14:49:24:305 253 sec: 1899278 operations; 7837 current ops/sec; est completion in 1 minute [INSERT: Count=7837, Max=5515, Min=557, Avg=1015.96, 90=1117, 99=1330, 99.9=1832, 99.99=4331] 
2021-03-03 14:49:25:305 254 sec: 1907179 operations; 7901 current ops/sec; est completion in 1 minute [INSERT: Count=7899, Max=11007, Min=533, Avg=1007.57, 90=1173, 99=1435, 99.9=3431, 99.99=10871] 
2021-03-03 14:49:26:305 255 sec: 1915060 operations; 7881 current ops/sec; est completion in 1 minute [INSERT: Count=7882, Max=10959, Min=529, Avg=1010.31, 90=1155, 99=1367, 99.9=2121, 99.99=10951] 
2021-03-03 14:49:27:305 256 sec: 1923124 operations; 8064 current ops/sec; est completion in 1 minute [INSERT: Count=8064, Max=11007, Min=539, Avg=987.17, 90=1154, 99=1382, 99.9=1625, 99.99=8511] 
2021-03-03 14:49:28:305 257 sec: 1931087 operations; 7963 current ops/sec; est completion in 1 minute [INSERT: Count=7963, Max=5623, Min=539, Avg=999.71, 90=1161, 99=1382, 99.9=1617, 99.99=5291] 
2021-03-03 14:49:29:305 258 sec: 1938969 operations; 7882 current ops/sec; est completion in 1 minute [INSERT: Count=7884, Max=3479, Min=544, Avg=1010.22, 90=1178, 99=1425, 99.9=1691, 99.99=3457] 
2021-03-03 14:49:30:305 259 sec: 1946051 operations; 7082 current ops/sec; est completion in 1 minute [INSERT: Count=7081, Max=15687, Min=515, Avg=1123.93, 90=1412, 99=1788, 99.9=15023, 99.99=15687] 
2021-03-03 14:49:31:305 260 sec: 1953226 operations; 7175 current ops/sec; est completion in 1 minute [INSERT: Count=7173, Max=3785, Min=560, Avg=1109.68, 90=1372, 99=1694, 99.9=2175, 99.99=3507] 
2021-03-03 14:49:32:305 261 sec: 1960802 operations; 7576 current ops/sec; est completion in 1 minute [INSERT: Count=7578, Max=5587, Min=511, Avg=1051.05, 90=1286, 99=1606, 99.9=3393, 99.99=4971] 
2021-03-03 14:49:33:305 262 sec: 1968309 operations; 7507 current ops/sec; est completion in 1 minute [INSERT: Count=7507, Max=17151, Min=533, Avg=1060.27, 90=1299, 99=1615, 99.9=2563, 99.99=17071] 
2021-03-03 14:49:34:305 263 sec: 1975836 operations; 7527 current ops/sec; est completion in 1 minute [INSERT: Count=7527, Max=3739, Min=535, Avg=1058.21, 90=1316, 99=1590, 99.9=1794, 99.99=3035] 
2021-03-03 14:49:35:305 264 sec: 1983337 operations; 7501 current ops/sec; est completion in 1 minute [INSERT: Count=7504, Max=12039, Min=514, Avg=1061.18, 90=1295, 99=1624, 99.9=11063, 99.99=12015] 
2021-03-03 14:49:36:305 265 sec: 1991616 operations; 8279 current ops/sec; est completion in 1 minute [INSERT: Count=8277, Max=15855, Min=532, Avg=961.64, 90=1107, 99=1363, 99.9=2455, 99.99=2879] 
2021-03-03 14:49:37:305 266 sec: 1999983 operations; 8367 current ops/sec; est completion in 1 minute [INSERT: Count=8367, Max=2809, Min=516, Avg=950.71, 90=1110, 99=1338, 99.9=1550, 99.99=2671] 
2021-03-03 14:49:38:305 267 sec: 2008133 operations; 8150 current ops/sec; est completion in 1 minute [INSERT: Count=8149, Max=5391, Min=547, Avg=976.74, 90=1102, 99=1337, 99.9=2801, 99.99=5339] 
2021-03-03 14:49:39:305 268 sec: 2016127 operations; 7994 current ops/sec; est completion in 1 minute [INSERT: Count=7994, Max=11655, Min=509, Avg=995.68, 90=1154, 99=1431, 99.9=4867, 99.99=7259] 
2021-03-03 14:49:40:305 269 sec: 2024145 operations; 8018 current ops/sec; est completion in 1 minute [INSERT: Count=8018, Max=5255, Min=508, Avg=992.93, 90=1130, 99=1382, 99.9=3231, 99.99=4999] 
2021-03-03 14:49:41:305 270 sec: 2032016 operations; 7871 current ops/sec; est completion in 1 minute [INSERT: Count=7872, Max=10831, Min=556, Avg=1011.52, 90=1164, 99=1467, 99.9=8951, 99.99=10519] 
2021-03-03 14:49:42:305 271 sec: 2040141 operations; 8125 current ops/sec; est completion in 1 minute [INSERT: Count=8124, Max=3115, Min=541, Avg=980.09, 90=1134, 99=1419, 99.9=1651, 99.99=3085] 
2021-03-03 14:49:43:305 272 sec: 2047998 operations; 7857 current ops/sec; est completion in 1 minute [INSERT: Count=7858, Max=7231, Min=551, Avg=1012.72, 90=1160, 99=1428, 99.9=2827, 99.99=5695] 
2021-03-03 14:49:44:305 273 sec: 2056114 operations; 8116 current ops/sec; est completion in 1 minute [INSERT: Count=8114, Max=11751, Min=528, Avg=980.87, 90=1168, 99=1427, 99.9=3425, 99.99=11551] 
2021-03-03 14:49:45:305 274 sec: 2064305 operations; 8191 current ops/sec; est completion in 1 minute [INSERT: Count=8192, Max=3239, Min=486, Avg=971.5, 90=1152, 99=1399, 99.9=1553, 99.99=3095] 
2021-03-03 14:49:46:305 275 sec: 2071894 operations; 7589 current ops/sec; est completion in 1 minute [INSERT: Count=7592, Max=22095, Min=540, Avg=1049.32, 90=1257, 99=1563, 99.9=2761, 99.99=6623] 
2021-03-03 14:49:47:305 276 sec: 2079290 operations; 7396 current ops/sec; est completion in 1 minute [INSERT: Count=7392, Max=11927, Min=514, Avg=1077.17, 90=1307, 99=1631, 99.9=11463, 99.99=11847] 
2021-03-03 14:49:48:305 277 sec: 2087507 operations; 8217 current ops/sec; est completion in 1 minute [INSERT: Count=8218, Max=11623, Min=503, Avg=968.8, 90=1179, 99=1471, 99.9=4783, 99.99=4999] 
2021-03-03 14:49:49:305 278 sec: 2094539 operations; 7032 current ops/sec; est completion in 1 minute [INSERT: Count=7030, Max=19007, Min=522, Avg=1132.06, 90=1312, 99=1697, 99.9=18319, 99.99=18895] 
2021-03-03 14:49:50:305 279 sec: 2102353 operations; 7814 current ops/sec; est completion in 1 minute [INSERT: Count=7816, Max=5403, Min=503, Avg=1018.32, 90=1253, 99=1553, 99.9=3501, 99.99=5375] 
2021-03-03 14:49:51:305 280 sec: 2109201 operations; 6848 current ops/sec; est completion in 1 minute [INSERT: Count=6847, Max=13495, Min=586, Avg=1163.37, 90=1405, 99=1733, 99.9=2057, 99.99=13207] 
2021-03-03 14:49:52:305 281 sec: 2116769 operations; 7568 current ops/sec; est completion in 1 minute [INSERT: Count=7569, Max=13255, Min=513, Avg=1051.97, 90=1302, 99=1695, 99.9=6763, 99.99=7759] 
2021-03-03 14:49:53:305 282 sec: 2124807 operations; 8038 current ops/sec; est completion in 1 minute [INSERT: Count=8039, Max=3167, Min=543, Avg=990.47, 90=1124, 99=1341, 99.9=1610, 99.99=3143] 
2021-03-03 14:49:54:305 283 sec: 2133240 operations; 8433 current ops/sec; est completion in 1 minute [INSERT: Count=8432, Max=5083, Min=512, Avg=943.98, 90=1115, 99=1351, 99.9=3353, 99.99=5011] 
2021-03-03 14:49:55:305 284 sec: 2142155 operations; 8915 current ops/sec; est completion in 1 minute [INSERT: Count=8915, Max=3707, Min=506, Avg=892.49, 90=1084, 99=1307, 99.9=2443, 99.99=3695] 
2021-03-03 14:49:56:305 285 sec: 2150724 operations; 8569 current ops/sec; est completion in 1 minute [INSERT: Count=8569, Max=3019, Min=511, Avg=928.68, 90=1129, 99=1369, 99.9=2225, 99.99=2665] 
2021-03-03 14:49:57:305 286 sec: 2158696 operations; 7972 current ops/sec; est completion in 1 minute [INSERT: Count=7972, Max=7675, Min=538, Avg=998.18, 90=1164, 99=1405, 99.9=2819, 99.99=7607] 
2021-03-03 14:49:58:305 287 sec: 2166222 operations; 7526 current ops/sec; est completion in 1 minute [INSERT: Count=7528, Max=18847, Min=511, Avg=1057.99, 90=1214, 99=1522, 99.9=13767, 99.99=18831] 
2021-03-03 14:49:59:305 288 sec: 2173670 operations; 7448 current ops/sec; est completion in 1 minute [INSERT: Count=7445, Max=14015, Min=528, Avg=1069.49, 90=1217, 99=1507, 99.9=13607, 99.99=13871] 
2021-03-03 14:50:00:305 289 sec: 2181210 operations; 7540 current ops/sec; est completion in 59 seconds [INSERT: Count=7542, Max=15271, Min=520, Avg=1055.74, 90=1236, 99=1573, 99.9=12671, 99.99=15239] 
2021-03-03 14:50:01:305 290 sec: 2188377 operations; 7167 current ops/sec; est completion in 58 seconds [INSERT: Count=7165, Max=3069, Min=526, Avg=1111.53, 90=1360, 99=1619, 99.9=1890, 99.99=3037] 
2021-03-03 14:50:02:305 291 sec: 2195823 operations; 7446 current ops/sec; est completion in 57 seconds [INSERT: Count=7445, Max=2597, Min=532, Avg=1069.53, 90=1304, 99=1537, 99.9=1803, 99.99=2371] 
2021-03-03 14:50:03:305 292 sec: 2203199 operations; 7376 current ops/sec; est completion in 56 seconds [INSERT: Count=7376, Max=3487, Min=540, Avg=1080.15, 90=1306, 99=1555, 99.9=2103, 99.99=2589] 
2021-03-03 14:50:04:305 293 sec: 2210656 operations; 7457 current ops/sec; est completion in 55 seconds [INSERT: Count=7457, Max=3107, Min=571, Avg=1067.72, 90=1276, 99=1534, 99.9=2709, 99.99=2899] 
2021-03-03 14:50:05:313 294 sec: 2217902 operations; 7246 current ops/sec; est completion in 54 seconds [INSERT: Count=7247, Max=8131, Min=559, Avg=1100.58, 90=1311, 99=1589, 99.9=1886, 99.99=3243] 
2021-03-03 14:50:06:305 295 sec: 2225577 operations; 7675 current ops/sec; est completion in 53 seconds [INSERT: Count=7674, Max=26575, Min=513, Avg=1032.1, 90=1253, 99=1572, 99.9=5923, 99.99=11423] 
2021-03-03 14:50:07:305 296 sec: 2233607 operations; 8030 current ops/sec; est completion in 52 seconds [INSERT: Count=8031, Max=3225, Min=516, Avg=991.34, 90=1106, 99=1328, 99.9=1571, 99.99=2841] 
2021-03-03 14:50:08:305 297 sec: 2241481 operations; 7874 current ops/sec; est completion in 51 seconds [INSERT: Count=7875, Max=8679, Min=517, Avg=1011, 90=1158, 99=1426, 99.9=2149, 99.99=8591] 
2021-03-03 14:50:09:305 298 sec: 2249397 operations; 7916 current ops/sec; est completion in 50 seconds [INSERT: Count=7916, Max=5175, Min=522, Avg=1005.65, 90=1139, 99=1374, 99.9=3013, 99.99=5167] 
2021-03-03 14:50:10:305 299 sec: 2257397 operations; 8000 current ops/sec; est completion in 49 seconds [INSERT: Count=7999, Max=3291, Min=524, Avg=995.32, 90=1144, 99=1402, 99.9=1605, 99.99=2207] 
2021-03-03 14:50:11:305 300 sec: 2265442 operations; 8045 current ops/sec; est completion in 48 seconds [INSERT: Count=8044, Max=4543, Min=526, Avg=989.53, 90=1147, 99=1387, 99.9=1842, 99.99=2649] 
2021-03-03 14:50:12:305 301 sec: 2273412 operations; 7970 current ops/sec; est completion in 47 seconds [INSERT: Count=7973, Max=10895, Min=539, Avg=999.23, 90=1148, 99=1387, 99.9=1909, 99.99=7655] 
2021-03-03 14:50:13:305 302 sec: 2280394 operations; 6982 current ops/sec; est completion in 46 seconds [INSERT: Count=6980, Max=11783, Min=542, Avg=1140.33, 90=1405, 99=1744, 99.9=5095, 99.99=6707] 
2021-03-03 14:50:14:305 303 sec: 2287344 operations; 6950 current ops/sec; est completion in 45 seconds [INSERT: Count=6951, Max=12239, Min=569, Avg=1146.14, 90=1361, 99=1640, 99.9=10887, 99.99=12007] 
2021-03-03 14:50:15:305 304 sec: 2294683 operations; 7339 current ops/sec; est completion in 44 seconds [INSERT: Count=7339, Max=7623, Min=544, Avg=1084.63, 90=1320, 99=1658, 99.9=4691, 99.99=5471] 
2021-03-03 14:50:16:305 305 sec: 2302248 operations; 7565 current ops/sec; est completion in 43 seconds [INSERT: Count=7566, Max=2533, Min=529, Avg=1052.61, 90=1289, 99=1541, 99.9=1826, 99.99=2453] 
2021-03-03 14:50:17:305 306 sec: 2309777 operations; 7529 current ops/sec; est completion in 42 seconds [INSERT: Count=7526, Max=2483, Min=541, Avg=1058.13, 90=1287, 99=1556, 99.9=2041, 99.99=2427] 
2021-03-03 14:50:18:305 307 sec: 2317025 operations; 7248 current ops/sec; est completion in 41 seconds [INSERT: Count=7248, Max=3041, Min=545, Avg=1098.98, 90=1338, 99=1589, 99.9=1814, 99.99=2825] 
2021-03-03 14:50:19:305 308 sec: 2324472 operations; 7447 current ops/sec; est completion in 40 seconds [INSERT: Count=7449, Max=19039, Min=510, Avg=1069.34, 90=1276, 99=1679, 99.9=18127, 99.99=18751] 
2021-03-03 14:50:20:305 309 sec: 2332810 operations; 8338 current ops/sec; est completion in 39 seconds [INSERT: Count=8337, Max=3747, Min=529, Avg=954.42, 90=1147, 99=1438, 99.9=1818, 99.99=2903] 
2021-03-03 14:50:21:305 310 sec: 2341144 operations; 8334 current ops/sec; est completion in 38 seconds [INSERT: Count=8337, Max=2407, Min=524, Avg=954.98, 90=1127, 99=1344, 99.9=1670, 99.99=2363] 
2021-03-03 14:50:22:305 311 sec: 2349509 operations; 8365 current ops/sec; est completion in 36 seconds [INSERT: Count=8365, Max=15639, Min=490, Avg=951.76, 90=1118, 99=1398, 99.9=13479, 99.99=15295] 
2021-03-03 14:50:23:305 312 sec: 2356724 operations; 7215 current ops/sec; est completion in 36 seconds [INSERT: Count=7214, Max=10879, Min=535, Avg=1103.78, 90=1359, 99=1655, 99.9=6411, 99.99=7275] 
2021-03-03 14:50:24:305 313 sec: 2364302 operations; 7578 current ops/sec; est completion in 35 seconds [INSERT: Count=7576, Max=5099, Min=547, Avg=1049.89, 90=1273, 99=1538, 99.9=2985, 99.99=4875] 
2021-03-03 14:50:25:305 314 sec: 2371923 operations; 7621 current ops/sec; est completion in 34 seconds [INSERT: Count=7621, Max=3145, Min=494, Avg=1044.79, 90=1286, 99=1565, 99.9=1917, 99.99=2597] 
2021-03-03 14:50:26:305 315 sec: 2379680 operations; 7757 current ops/sec; est completion in 33 seconds [INSERT: Count=7760, Max=10455, Min=510, Avg=1026.2, 90=1246, 99=1523, 99.9=2395, 99.99=10175] 
2021-03-03 14:50:27:305 316 sec: 2387398 operations; 7718 current ops/sec; est completion in 31 seconds [INSERT: Count=7716, Max=3197, Min=523, Avg=1031.95, 90=1252, 99=1531, 99.9=2083, 99.99=2921] 
2021-03-03 14:50:28:305 317 sec: 2394914 operations; 7516 current ops/sec; est completion in 30 seconds [INSERT: Count=7514, Max=13415, Min=491, Avg=1059.77, 90=1258, 99=1660, 99.9=12175, 99.99=12823] 
2021-03-03 14:50:29:305 318 sec: 2403345 operations; 8431 current ops/sec; est completion in 29 seconds [INSERT: Count=8433, Max=7903, Min=516, Avg=943.68, 90=1135, 99=1373, 99.9=3109, 99.99=7643] 
2021-03-03 14:50:30:305 319 sec: 2411827 operations; 8482 current ops/sec; est completion in 28 seconds [INSERT: Count=8482, Max=17631, Min=517, Avg=938.45, 90=1101, 99=1329, 99.9=3319, 99.99=17567] 
2021-03-03 14:50:31:305 320 sec: 2419350 operations; 7523 current ops/sec; est completion in 27 seconds [INSERT: Count=7523, Max=11607, Min=522, Avg=1058.29, 90=1346, 99=1695, 99.9=3049, 99.99=11583] 
2021-03-03 14:50:32:305 321 sec: 2426959 operations; 7609 current ops/sec; est completion in 26 seconds [INSERT: Count=7610, Max=8223, Min=545, Avg=1046.56, 90=1303, 99=1604, 99.9=1771, 99.99=3483] 
2021-03-03 14:50:33:305 322 sec: 2434619 operations; 7660 current ops/sec; est completion in 25 seconds [INSERT: Count=7660, Max=2683, Min=519, Avg=1039.44, 90=1256, 99=1511, 99.9=1727, 99.99=2681] 
2021-03-03 14:50:34:305 323 sec: 2442284 operations; 7665 current ops/sec; est completion in 24 seconds [INSERT: Count=7664, Max=2693, Min=514, Avg=1039.1, 90=1277, 99=1555, 99.9=1767, 99.99=1876] 
2021-03-03 14:50:35:305 324 sec: 2450020 operations; 7736 current ops/sec; est completion in 23 seconds [INSERT: Count=7737, Max=5495, Min=517, Avg=1029.1, 90=1257, 99=1535, 99.9=3183, 99.99=5327] 
2021-03-03 14:50:36:305 325 sec: 2457878 operations; 7858 current ops/sec; est completion in 22 seconds [INSERT: Count=7855, Max=2587, Min=524, Avg=1013.4, 90=1215, 99=1448, 99.9=1983, 99.99=2587] 
2021-03-03 14:50:37:305 326 sec: 2466153 operations; 8275 current ops/sec; est completion in 21 seconds [INSERT: Count=8276, Max=12479, Min=519, Avg=961.4, 90=1181, 99=1579, 99.9=6303, 99.99=11711] 
2021-03-03 14:50:38:305 327 sec: 2473787 operations; 7634 current ops/sec; est completion in 20 seconds [INSERT: Count=7635, Max=11135, Min=517, Avg=1042.34, 90=1243, 99=1845, 99.9=10135, 99.99=10943] 
2021-03-03 14:50:39:305 328 sec: 2478985 operations; 5198 current ops/sec; est completion in 19 seconds [INSERT: Count=5198, Max=10903, Min=567, Avg=1534.22, 90=1943, 99=4045, 99.9=10487, 99.99=10871] 
2021-03-03 14:50:40:305 329 sec: 2484135 operations; 5150 current ops/sec; est completion in 19 seconds [INSERT: Count=5150, Max=11559, Min=700, Avg=1548.04, 90=1790, 99=2024, 99.9=11431, 99.99=11551] 
2021-03-03 14:50:41:305 330 sec: 2490155 operations; 6020 current ops/sec; est completion in 18 seconds [INSERT: Count=6018, Max=14975, Min=510, Avg=1323.75, 90=1542, 99=3037, 99.9=13367, 99.99=14271] 
2021-03-03 14:50:42:305 331 sec: 2496237 operations; 6082 current ops/sec; est completion in 17 seconds [INSERT: Count=6084, Max=19999, Min=528, Avg=1310.63, 90=1597, 99=2343, 99.9=19455, 99.99=19951] 
2021-03-03 14:50:43:305 332 sec: 2502110 operations; 5873 current ops/sec; est completion in 16 seconds [INSERT: Count=5872, Max=19503, Min=520, Avg=1357.09, 90=1597, 99=5039, 99.9=18847, 99.99=19343] 
2021-03-03 14:50:44:305 333 sec: 2508199 operations; 6089 current ops/sec; est completion in 16 seconds [INSERT: Count=6088, Max=22991, Min=493, Avg=1295.31, 90=1547, 99=3645, 99.9=22799, 99.99=22991] 
2021-03-03 14:50:45:305 334 sec: 2514169 operations; 5970 current ops/sec; est completion in 15 seconds [INSERT: Count=5970, Max=24303, Min=515, Avg=1348.7, 90=1570, 99=9903, 99.9=23967, 99.99=24271] 
2021-03-03 14:50:46:305 335 sec: 2520325 operations; 6156 current ops/sec; est completion in 14 seconds [INSERT: Count=6156, Max=22079, Min=506, Avg=1293.79, 90=1533, 99=8231, 99.9=15223, 99.99=16863] 
2021-03-03 14:50:47:305 336 sec: 2526361 operations; 6036 current ops/sec; est completion in 13 seconds [INSERT: Count=6036, Max=20767, Min=516, Avg=1307.46, 90=1559, 99=5435, 99.9=19791, 99.99=20223] 
2021-03-03 14:50:48:305 337 sec: 2531890 operations; 5529 current ops/sec; est completion in 12 seconds [INSERT: Count=5529, Max=22783, Min=523, Avg=1454.98, 90=1563, 99=16159, 99.9=22031, 99.99=22479] 
2021-03-03 14:50:49:305 338 sec: 2537622 operations; 5732 current ops/sec; est completion in 12 seconds [INSERT: Count=5733, Max=22287, Min=480, Avg=1390.89, 90=1535, 99=12215, 99.9=21503, 99.99=22255] 
2021-03-03 14:50:50:305 339 sec: 2544009 operations; 6387 current ops/sec; est completion in 11 seconds [INSERT: Count=6388, Max=21631, Min=481, Avg=1246.69, 90=1449, 99=8871, 99.9=20735, 99.99=21599] 
2021-03-03 14:50:51:305 340 sec: 2550110 operations; 6101 current ops/sec; est completion in 10 seconds [INSERT: Count=6099, Max=27135, Min=498, Avg=1306.52, 90=1501, 99=9127, 99.9=22175, 99.99=27119] 
2021-03-03 14:50:52:305 341 sec: 2556506 operations; 6396 current ops/sec; est completion in 9 second [INSERT: Count=6400, Max=20799, Min=480, Avg=1244.78, 90=1451, 99=5263, 99.9=20111, 99.99=20751] 
2021-03-03 14:50:53:305 342 sec: 2561921 operations; 5415 current ops/sec; est completion in 8 second [INSERT: Count=5413, Max=33855, Min=503, Avg=1471.59, 90=1626, 99=12631, 99.9=33311, 99.99=33855] 
2021-03-03 14:50:54:305 343 sec: 2568408 operations; 6487 current ops/sec; est completion in 8 second [INSERT: Count=6485, Max=16447, Min=480, Avg=1226.31, 90=1453, 99=6607, 99.9=16223, 99.99=16447] 
2021-03-03 14:50:55:305 344 sec: 2574408 operations; 6000 current ops/sec; est completion in 7 second [INSERT: Count=6001, Max=21567, Min=565, Avg=1329.52, 90=1503, 99=5551, 99.9=20959, 99.99=21535] 
2021-03-03 14:50:56:305 345 sec: 2580536 operations; 6128 current ops/sec; est completion in 6 second [INSERT: Count=6127, Max=28687, Min=512, Avg=1300.55, 90=1421, 99=8351, 99.9=28543, 99.99=28687] 
2021-03-03 14:50:57:305 346 sec: 2586692 operations; 6156 current ops/sec; est completion in 5 second [INSERT: Count=6159, Max=20159, Min=527, Avg=1294.02, 90=1502, 99=5811, 99.9=15983, 99.99=16415] 
2021-03-03 14:50:58:305 347 sec: 2592747 operations; 6055 current ops/sec; est completion in 4 second [INSERT: Count=6052, Max=21055, Min=503, Avg=1313.44, 90=1531, 99=8311, 99.9=20623, 99.99=20895] 
2021-03-03 14:50:59:305 348 sec: 2598660 operations; 5913 current ops/sec; est completion in 4 second [CLEANUP: Count=1, Max=6, Min=6, Avg=6, 90=6, 99=6, 99.9=6, 99.99=6] [INSERT: Count=5913, Max=20767, Min=515, Avg=1299.41, 90=1451, 99=6691, 99.9=20031, 99.99=20767] 
2021-03-03 14:51:00:305 349 sec: 2604247 operations; 5587 current ops/sec; est completion in 3 second [CLEANUP: Count=0, Max=0, Min=9223372036854775807, Avg=NaN, 90=0, 99=0, 99.9=0, 99.99=0] [INSERT: Count=5602, Max=21055, Min=480, Avg=1259.11, 90=1347, 99=12343, 99.9=20639, 99.99=21007] 
2021-03-03 14:51:01:305 350 sec: 2610361 operations; 6114 current ops/sec; est completion in 2 second [CLEANUP: Count=1, Max=4, Min=4, Avg=4, 90=4, 99=4, 99.9=4, 99.99=4] [INSERT: Count=6103, Max=22895, Min=476, Avg=1122.34, 90=1266, 99=5191, 99.9=19551, 99.99=22815] 
2021-03-03 14:51:02:305 351 sec: 2615717 operations; 5356 current ops/sec; est completion in 1 second [CLEANUP: Count=1, Max=4, Min=4, Avg=4, 90=4, 99=4, 99.9=4, 99.99=4] [INSERT: Count=5352, Max=63007, Min=474, Avg=1028.83, 90=1101, 99=5563, 99.9=32111, 99.99=62879] 
2021-03-03 14:51:03:305 352 sec: 2620137 operations; 4420 current ops/sec; est completion in 1 second [CLEANUP: Count=3, Max=4, Min=3, Avg=3.67, 90=4, 99=4, 99.9=4, 99.99=4] [INSERT: Count=4423, Max=20735, Min=438, Avg=851.98, 90=991, 99=6735, 99.9=15255, 99.99=20735] 
2021-03-03 14:51:03:728 352 sec: 2621440 operations; 3080.38 current ops/sec; [CLEANUP: Count=2, Max=5, Min=3, Avg=4, 90=5, 99=5, 99.9=5, 99.99=5] [INSERT: Count=1300, Max=20719, Min=438, Avg=608.63, 90=575, 99=1061, 99.9=20319, 99.99=20719] 
[OVERALL], RunTime(ms), 352423
[OVERALL], Throughput(ops/sec), 7438.334047437313
[TOTAL_GCS_G1_Young_Generation], Count, 49
[TOTAL_GC_TIME_G1_Young_Generation], Time(ms), 764
[TOTAL_GC_TIME_%_G1_Young_Generation], Time(%), 0.21678494309395244
[TOTAL_GCS_G1_Old_Generation], Count, 0
[TOTAL_GC_TIME_G1_Old_Generation], Time(ms), 0
[TOTAL_GC_TIME_%_G1_Old_Generation], Time(%), 0.0
[TOTAL_GCs], Count, 49
[TOTAL_GC_TIME], Time(ms), 764
[TOTAL_GC_TIME_%], Time(%), 0.21678494309395244
[CLEANUP], Operations, 8
[CLEANUP], AverageLatency(us), 4.125
[CLEANUP], MinLatency(us), 3
[CLEANUP], MaxLatency(us), 6
[CLEANUP], 95thPercentileLatency(us), 6
[CLEANUP], 99thPercentileLatency(us), 6
[INSERT], Operations, 2621440
[INSERT], AverageLatency(us), 1065.521873474121
[INSERT], MinLatency(us), 438
[INSERT], MaxLatency(us), 1999871
[INSERT], 95thPercentileLatency(us), 1470
[INSERT], 99thPercentileLatency(us), 2225
[INSERT], Return=OK, 2621440
