Command line: -load -s -db smarttrie.app.client.Client -P config/workload
YCSB Client 0.17.0

Loading workload...
Starting test.
DBWrapper: report latency for each error is false and specific error codes to track for latency are: []
2020-10-17 16:38:40:288 0 sec: 0 operations; est completion in 0 second 
2020-10-17 16:38:41:220 1 sec: 0 operations; est completion in 106751991167300 days 15 hours 
2020-10-17 16:38:41.232 [Thread-2] INFO  b.c.c.n.NettyClientServerCommunicationSystemClientSide - Connecting to replica 0 at /192.168.3.91:11000
2020-10-17 16:38:41.255 [nioEventLoopGroup-2-1] INFO  b.c.c.n.NettyClientServerCommunicationSystemClientSide - Channel active
2020-10-17 16:38:42:220 2 sec: 351 operations; 351 current ops/sec; est completion in 47 minutes [INSERT: Count=354, Max=1214463, Min=1341, Avg=5541.97, 90=3025, 99=5611, 99.9=1214463, 99.99=1214463] 
2020-10-17 16:38:43:220 3 sec: 1476 operations; 1125 current ops/sec; est completion in 16 minutes [INSERT: Count=1123, Max=6963, Min=684, Avg=867.92, 90=1255, 99=1552, 99.9=2789, 99.99=6963] 
2020-10-17 16:38:44:220 4 sec: 2857 operations; 1381 current ops/sec; est completion in 11 minutes [INSERT: Count=1381, Max=25455, Min=612, Avg=711.2, 90=735, 99=867, 99.9=1944, 99.99=25455] 
2020-10-17 16:38:45:221 5 sec: 4372 operations; 1515 current ops/sec; est completion in 9 minutes [INSERT: Count=1516, Max=1673, Min=538, Avg=646.93, 90=711, 99=849, 99.9=1317, 99.99=1673] 
2020-10-17 16:38:46:220 6 sec: 6031 operations; 1659 current ops/sec; est completion in 8 minutes [INSERT: Count=1659, Max=1401, Min=504, Avg=590.78, 90=640, 99=713, 99.9=1043, 99.99=1401] 
2020-10-17 16:38:47:220 7 sec: 7794 operations; 1763 current ops/sec; est completion in 7 minutes [INSERT: Count=1762, Max=35647, Min=410, Avg=560.25, 90=652, 99=826, 99.9=1584, 99.99=35647] 
2020-10-17 16:38:48:220 8 sec: 10014 operations; 2220 current ops/sec; est completion in 6 minutes [INSERT: Count=2221, Max=7379, Min=398, Avg=446.38, 90=479, 99=686, 99.9=1586, 99.99=7379] 
2020-10-17 16:38:49:220 9 sec: 11976 operations; 1962 current ops/sec; est completion in 6 minutes [INSERT: Count=1962, Max=50591, Min=394, Avg=506.29, 90=513, 99=587, 99.9=2479, 99.99=50591] 
2020-10-17 16:38:50:220 10 sec: 14112 operations; 2136 current ops/sec; est completion in 5 minutes [INSERT: Count=2136, Max=748, Min=389, Avg=465.03, 90=516, 99=561, 99.9=610, 99.99=748] 
2020-10-17 16:38:51:220 11 sec: 16182 operations; 2072.07 current ops/sec; est completion in 5 minutes [INSERT: Count=2070, Max=5323, Min=398, Avg=479.2, 90=525, 99=589, 99.9=1203, 99.99=5323] 
2020-10-17 16:38:52:220 12 sec: 18271 operations; 2089 current ops/sec; est completion in 5 minutes [INSERT: Count=2089, Max=1454, Min=402, Avg=475.75, 90=528, 99=576, 99.9=644, 99.99=1454] 
2020-10-17 16:38:53:220 13 sec: 20316 operations; 2045 current ops/sec; est completion in 5 minutes [INSERT: Count=2044, Max=629, Min=413, Avg=485.79, 90=537, 99=579, 99.9=618, 99.99=629] 
2020-10-17 16:38:54:220 14 sec: 22351 operations; 2035 current ops/sec; est completion in 5 minutes [INSERT: Count=2035, Max=5227, Min=398, Avg=487.69, 90=540, 99=587, 99.9=786, 99.99=5227] 
2020-10-17 16:38:55:220 15 sec: 24330 operations; 1979 current ops/sec; est completion in 4 minutes [INSERT: Count=1980, Max=109183, Min=378, Avg=501.61, 90=505, 99=562, 99.9=688, 99.99=109183] 
2020-10-17 16:38:56:220 16 sec: 26815 operations; 2485 current ops/sec; est completion in 4 minutes [INSERT: Count=2485, Max=522, Min=380, Avg=399.65, 90=423, 99=460, 99.9=513, 99.99=522] 
2020-10-17 16:38:57:220 17 sec: 29255 operations; 2440 current ops/sec; est completion in 4 minutes [INSERT: Count=2439, Max=4191, Min=377, Avg=406.71, 90=434, 99=489, 99.9=921, 99.99=4191] 
2020-10-17 16:38:58:220 18 sec: 31744 operations; 2489 current ops/sec; est completion in 4 minutes [INSERT: Count=2490, Max=18495, Min=365, Avg=398.65, 90=418, 99=467, 99.9=689, 99.99=18495] 
2020-10-17 16:38:59:220 19 sec: 34241 operations; 2494.51 current ops/sec; est completion in 4 minutes [INSERT: Count=2497, Max=2549, Min=372, Avg=397.4, 90=425, 99=465, 99.9=660, 99.99=2549] 
2020-10-17 16:39:00:220 20 sec: 36645 operations; 2406.41 current ops/sec; est completion in 4 minutes [INSERT: Count=2404, Max=8847, Min=373, Avg=412.57, 90=444, 99=495, 99.9=589, 99.99=8847] 
2020-10-17 16:39:01:220 21 sec: 38714 operations; 2069 current ops/sec; est completion in 4 minutes [INSERT: Count=2069, Max=53503, Min=374, Avg=479.75, 90=502, 99=565, 99.9=5827, 99.99=53503] 
2020-10-17 16:39:02:220 22 sec: 40949 operations; 2235 current ops/sec; est completion in 4 minutes [INSERT: Count=2235, Max=746, Min=396, Avg=444.62, 90=485, 99=542, 99.9=577, 99.99=746] 
2020-10-17 16:39:03:220 23 sec: 43183 operations; 2234 current ops/sec; est completion in 4 minutes [INSERT: Count=2234, Max=5627, Min=383, Avg=444.27, 90=485, 99=542, 99.9=639, 99.99=5627] 
2020-10-17 16:39:04:220 24 sec: 45352 operations; 2169 current ops/sec; est completion in 4 minutes [INSERT: Count=2169, Max=13471, Min=387, Avg=457.61, 90=488, 99=670, 99.9=4375, 99.99=13471] 
2020-10-17 16:39:05:220 25 sec: 47675 operations; 2323 current ops/sec; est completion in 3 minutes [INSERT: Count=2323, Max=1617, Min=383, Avg=427.83, 90=463, 99=514, 99.9=555, 99.99=1617] 
2020-10-17 16:39:06:220 26 sec: 49965 operations; 2287.71 current ops/sec; est completion in 3 minutes [INSERT: Count=2290, Max=4627, Min=384, Avg=433.54, 90=463, 99=510, 99.9=677, 99.99=4627] 
2020-10-17 16:39:07:220 27 sec: 52032 operations; 2069.07 current ops/sec; est completion in 3 minutes [INSERT: Count=2066, Max=1812, Min=396, Avg=480.31, 90=536, 99=576, 99.9=626, 99.99=1812] 
2020-10-17 16:39:08:220 28 sec: 54149 operations; 2117 current ops/sec; est completion in 3 minutes [INSERT: Count=2118, Max=24527, Min=393, Avg=469.06, 90=522, 99=571, 99.9=604, 99.99=24527] 
2020-10-17 16:39:09:220 29 sec: 56414 operations; 2262.74 current ops/sec; est completion in 3 minutes [INSERT: Count=2265, Max=2107, Min=385, Avg=438.27, 90=475, 99=655, 99.9=789, 99.99=2107] 
2020-10-17 16:39:10:220 30 sec: 58771 operations; 2359.36 current ops/sec; est completion in 3 minutes [INSERT: Count=2357, Max=830, Min=384, Avg=421.71, 90=450, 99=502, 99.9=551, 99.99=830] 
2020-10-17 16:39:11:220 31 sec: 61114 operations; 2343 current ops/sec; est completion in 3 minutes [INSERT: Count=2343, Max=4707, Min=382, Avg=423.97, 90=452, 99=506, 99.9=558, 99.99=4707] 
2020-10-17 16:39:12:220 32 sec: 63448 operations; 2334 current ops/sec; est completion in 3 minutes [INSERT: Count=2333, Max=9575, Min=379, Avg=426.01, 90=453, 99=501, 99.9=599, 99.99=9575] 
2020-10-17 16:39:13:220 33 sec: 65589 operations; 2138.86 current ops/sec; est completion in 3 minutes [INSERT: Count=2143, Max=85055, Min=376, Avg=463.69, 90=453, 99=515, 99.9=2883, 99.99=85055] 
2020-10-17 16:39:14:220 34 sec: 67995 operations; 2408.41 current ops/sec; est completion in 3 minutes [INSERT: Count=2404, Max=552, Min=376, Avg=413.32, 90=447, 99=497, 99.9=529, 99.99=552] 
2020-10-17 16:39:15:220 35 sec: 70289 operations; 2291.71 current ops/sec; est completion in 3 minutes [INSERT: Count=2294, Max=588, Min=375, Avg=433.69, 90=483, 99=535, 99.9=575, 99.99=588] 
2020-10-17 16:39:16:221 36 sec: 72687 operations; 2398 current ops/sec; est completion in 3 minutes [INSERT: Count=2400, Max=4447, Min=366, Avg=414.06, 90=464, 99=520, 99.9=598, 99.99=4447] 
2020-10-17 16:39:17:220 37 sec: 74998 operations; 2311 current ops/sec; est completion in 3 minutes [INSERT: Count=2309, Max=8599, Min=364, Avg=429.8, 90=472, 99=522, 99.9=630, 99.99=8599] 
2020-10-17 16:39:18:220 38 sec: 77197 operations; 2201.2 current ops/sec; est completion in 3 minutes [INSERT: Count=2199, Max=6143, Min=379, Avg=451.97, 90=498, 99=546, 99.9=629, 99.99=6143] 
2020-10-17 16:39:19:220 39 sec: 79445 operations; 2245.75 current ops/sec; est completion in 3 minutes [INSERT: Count=2248, Max=6871, Min=387, Avg=442.05, 90=488, 99=546, 99.9=679, 99.99=6871] 
2020-10-17 16:39:20:220 40 sec: 81630 operations; 2187.19 current ops/sec; est completion in 3 minutes [INSERT: Count=2185, Max=2071, Min=387, Avg=454.96, 90=501, 99=545, 99.9=690, 99.99=2071] 
2020-10-17 16:39:21:220 41 sec: 83687 operations; 2054.95 current ops/sec; est completion in 3 minutes [INSERT: Count=2058, Max=23455, Min=404, Avg=483.53, 90=522, 99=576, 99.9=627, 99.99=23455] 
2020-10-17 16:39:22:220 42 sec: 85818 operations; 2133.13 current ops/sec; est completion in 3 minutes [INSERT: Count=2130, Max=6083, Min=381, Avg=466.68, 90=519, 99=584, 99.9=654, 99.99=6083] 
2020-10-17 16:39:23:220 43 sec: 87925 operations; 2107 current ops/sec; est completion in 3 minutes [INSERT: Count=2107, Max=2199, Min=386, Avg=471.76, 90=525, 99=587, 99.9=672, 99.99=2199] 
2020-10-17 16:39:24:220 44 sec: 90115 operations; 2190 current ops/sec; est completion in 3 minutes [INSERT: Count=2190, Max=741, Min=383, Avg=454.09, 90=506, 99=562, 99.9=594, 99.99=741] 
2020-10-17 16:39:25:220 45 sec: 92449 operations; 2334 current ops/sec; est completion in 3 minutes [INSERT: Count=2334, Max=62975, Min=365, Avg=425.99, 90=444, 99=518, 99.9=602, 99.99=62975] 
2020-10-17 16:39:26:220 46 sec: 95067 operations; 2618 current ops/sec; est completion in 3 minutes [INSERT: Count=2618, Max=482, Min=357, Avg=379.92, 90=405, 99=435, 99.9=464, 99.99=482] 
2020-10-17 16:39:27:220 47 sec: 97648 operations; 2581 current ops/sec; est completion in 3 minutes [INSERT: Count=2581, Max=539, Min=354, Avg=385.43, 90=421, 99=471, 99.9=529, 99.99=539] 
2020-10-17 16:39:28:220 48 sec: 100078 operations; 2427.57 current ops/sec; est completion in 3 minutes [INSERT: Count=2430, Max=4939, Min=359, Avg=409.47, 90=444, 99=521, 99.9=604, 99.99=4939] 
2020-10-17 16:39:29:220 49 sec: 102502 operations; 2426.43 current ops/sec; est completion in 3 minutes [INSERT: Count=2424, Max=4635, Min=354, Avg=410.07, 90=474, 99=564, 99.9=1196, 99.99=4635] 
2020-10-17 16:39:30:220 50 sec: 104897 operations; 2395 current ops/sec; est completion in 3 minutes [INSERT: Count=2395, Max=925, Min=356, Avg=415.2, 90=538, 99=605, 99.9=709, 99.99=925] 
2020-10-17 16:39:31:220 51 sec: 106351 operations; 1452.55 current ops/sec; est completion in 3 minutes [INSERT: Count=1453, Max=941, Min=363, Avg=399.75, 90=439, 99=580, 99.9=917, 99.99=941] 
2020-10-17 16:39:32:220 52 sec: 107888 operations; 1537 current ops/sec; est completion in 3 minutes [INSERT: Count=1538, Max=791039, Min=367, Avg=917.7, 90=424, 99=517, 99.9=1258, 99.99=791039] 
2020-10-17 16:39:33:220 53 sec: 110304 operations; 2416 current ops/sec; est completion in 3 minutes [INSERT: Count=2416, Max=10207, Min=369, Avg=411.27, 90=441, 99=509, 99.9=669, 99.99=10207] 
2020-10-17 16:39:34:220 54 sec: 112672 operations; 2370.37 current ops/sec; est completion in 3 minutes [INSERT: Count=2368, Max=9687, Min=368, Avg=419.68, 90=448, 99=508, 99.9=815, 99.99=9687] 
2020-10-17 16:39:35:220 55 sec: 114959 operations; 2284.72 current ops/sec; est completion in 3 minutes [INSERT: Count=2286, Max=8119, Min=376, Avg=426.31, 90=454, 99=518, 99.9=667, 99.99=8119] 
2020-10-17 16:39:36:220 56 sec: 116807 operations; 1849.85 current ops/sec; est completion in 3 minutes [INSERT: Count=1849, Max=190079, Min=375, Avg=548.99, 90=472, 99=550, 99.9=11567, 99.99=190079] 
2020-10-17 16:39:37:220 57 sec: 119069 operations; 2262 current ops/sec; est completion in 3 minutes [INSERT: Count=2261, Max=4871, Min=378, Avg=439.69, 90=479, 99=531, 99.9=1038, 99.99=4871] 
2020-10-17 16:39:38:220 58 sec: 121377 operations; 2305.69 current ops/sec; est completion in 3 minutes [INSERT: Count=2309, Max=4467, Min=378, Avg=430.49, 90=462, 99=519, 99.9=929, 99.99=4467] 
2020-10-17 16:39:39:220 59 sec: 123707 operations; 2332.33 current ops/sec; est completion in 3 minutes [INSERT: Count=2330, Max=633, Min=376, Avg=426.84, 90=460, 99=512, 99.9=561, 99.99=633] 
2020-10-17 16:39:40:220 60 sec: 125957 operations; 2247.75 current ops/sec; est completion in 2 minutes [INSERT: Count=2250, Max=27295, Min=380, Avg=442.24, 90=470, 99=520, 99.9=639, 99.99=27295] 
2020-10-17 16:39:41:220 61 sec: 128291 operations; 2334 current ops/sec; est completion in 2 minutes [INSERT: Count=2334, Max=4703, Min=382, Avg=426.13, 90=466, 99=515, 99.9=602, 99.99=4703] 
2020-10-17 16:39:42:220 62 sec: 130624 operations; 2335.34 current ops/sec; est completion in 2 minutes [INSERT: Count=2333, Max=3287, Min=384, Avg=426.3, 90=458, 99=514, 99.9=608, 99.99=3287] 
2020-10-17 16:39:43:220 63 sec: 132990 operations; 2366 current ops/sec; est completion in 2 minutes [INSERT: Count=2365, Max=3585, Min=377, Avg=420.42, 90=451, 99=503, 99.9=562, 99.99=3585] 
2020-10-17 16:39:44:220 64 sec: 135401 operations; 2411 current ops/sec; est completion in 2 minutes [INSERT: Count=2412, Max=816, Min=378, Avg=412.49, 90=442, 99=498, 99.9=543, 99.99=816] 
2020-10-17 16:39:45:220 65 sec: 137801 operations; 2400 current ops/sec; est completion in 2 minutes [INSERT: Count=2399, Max=558, Min=381, Avg=414.63, 90=445, 99=494, 99.9=537, 99.99=558] 
2020-10-17 16:39:46:220 66 sec: 140124 operations; 2320.68 current ops/sec; est completion in 2 minutes [INSERT: Count=2323, Max=6299, Min=373, Avg=421.49, 90=453, 99=509, 99.9=564, 99.99=6299] 
2020-10-17 16:39:47:220 67 sec: 142344 operations; 2222.22 current ops/sec; est completion in 2 minutes [INSERT: Count=2221, Max=107135, Min=370, Avg=454.94, 90=444, 99=503, 99.9=713, 99.99=107135] 
2020-10-17 16:39:48:220 68 sec: 144875 operations; 2531 current ops/sec; est completion in 2 minutes [INSERT: Count=2531, Max=506, Min=358, Avg=392.91, 90=416, 99=451, 99.9=492, 99.99=506] 
2020-10-17 16:39:49:220 69 sec: 147475 operations; 2597.4 current ops/sec; est completion in 2 minutes [INSERT: Count=2600, Max=632, Min=356, Avg=382.69, 90=406, 99=446, 99.9=514, 99.99=632] 
2020-10-17 16:39:50:220 70 sec: 150015 operations; 2542.54 current ops/sec; est completion in 2 minutes [INSERT: Count=2540, Max=3407, Min=357, Avg=391.64, 90=416, 99=468, 99.9=500, 99.99=3407] 
2020-10-17 16:39:51:220 71 sec: 152575 operations; 2560 current ops/sec; est completion in 2 minutes [INSERT: Count=2560, Max=7551, Min=357, Avg=388.56, 90=412, 99=455, 99.9=506, 99.99=7551] 
2020-10-17 16:39:52:220 72 sec: 155088 operations; 2510.49 current ops/sec; est completion in 2 minutes [INSERT: Count=2513, Max=8687, Min=355, Avg=395.81, 90=424, 99=471, 99.9=508, 99.99=8687] 
2020-10-17 16:39:53:220 73 sec: 157478 operations; 2392.39 current ops/sec; est completion in 2 minutes [INSERT: Count=2390, Max=7451, Min=359, Avg=416.23, 90=442, 99=492, 99.9=620, 99.99=7451] 
2020-10-17 16:39:54:220 74 sec: 159838 operations; 2360 current ops/sec; est completion in 2 minutes [INSERT: Count=2360, Max=10135, Min=372, Avg=421.64, 90=454, 99=504, 99.9=558, 99.99=10135] 
2020-10-17 16:39:55:220 75 sec: 162204 operations; 2366 current ops/sec; est completion in 2 minutes [INSERT: Count=2365, Max=6171, Min=369, Avg=420.58, 90=449, 99=595, 99.9=762, 99.99=6171] 
2020-10-17 16:39:56:220 76 sec: 164463 operations; 2256.74 current ops/sec; est completion in 2 minutes [INSERT: Count=2260, Max=7927, Min=375, Avg=440.4, 90=480, 99=525, 99.9=737, 99.99=7927] 
2020-10-17 16:39:57:220 77 sec: 166738 operations; 2275 current ops/sec; est completion in 2 minutes [INSERT: Count=2275, Max=1891, Min=381, Avg=437.18, 90=478, 99=536, 99.9=796, 99.99=1891] 
2020-10-17 16:39:58:220 78 sec: 169010 operations; 2274.27 current ops/sec; est completion in 2 minutes [INSERT: Count=2272, Max=618, Min=383, Avg=437.86, 90=479, 99=550, 99.9=607, 99.99=618] 
2020-10-17 16:39:59:220 79 sec: 171248 operations; 2238 current ops/sec; est completion in 2 minutes [INSERT: Count=2238, Max=651, Min=390, Avg=444.63, 90=478, 99=545, 99.9=625, 99.99=651] 
2020-10-17 16:40:00:220 80 sec: 173441 operations; 2193 current ops/sec; est completion in 2 minutes [INSERT: Count=2192, Max=12767, Min=384, Avg=453.45, 90=482, 99=572, 99.9=737, 99.99=12767] 
2020-10-17 16:40:01:220 81 sec: 175420 operations; 1979 current ops/sec; est completion in 2 minutes [INSERT: Count=1979, Max=4951, Min=410, Avg=502.38, 90=536, 99=617, 99.9=751, 99.99=4951] 
2020-10-17 16:40:02:220 82 sec: 177428 operations; 2005.99 current ops/sec; est completion in 2 minutes [INSERT: Count=2009, Max=25695, Min=401, Avg=495.51, 90=522, 99=595, 99.9=916, 99.99=25695] 
2020-10-17 16:40:03:220 83 sec: 179652 operations; 2224 current ops/sec; est completion in 2 minutes [INSERT: Count=2223, Max=989, Min=375, Avg=447.51, 90=500, 99=553, 99.9=638, 99.99=989] 
2020-10-17 16:40:04:220 84 sec: 182093 operations; 2441 current ops/sec; est completion in 2 minutes [INSERT: Count=2442, Max=664, Min=372, Avg=407.58, 90=434, 99=500, 99.9=632, 99.99=664] 
2020-10-17 16:40:05:220 85 sec: 184544 operations; 2451 current ops/sec; est completion in 2 minutes [INSERT: Count=2451, Max=708, Min=373, Avg=406.19, 90=434, 99=491, 99.9=655, 99.99=708] 
2020-10-17 16:40:06:220 86 sec: 186977 operations; 2435.44 current ops/sec; est completion in 2 minutes [INSERT: Count=2433, Max=6427, Min=372, Avg=408.83, 90=433, 99=504, 99.9=634, 99.99=6427] 
2020-10-17 16:40:07:220 87 sec: 189379 operations; 2399.6 current ops/sec; est completion in 2 minutes [INSERT: Count=2401, Max=4053, Min=374, Avg=409.03, 90=436, 99=506, 99.9=669, 99.99=4053] 
2020-10-17 16:40:08:220 88 sec: 191346 operations; 1967 current ops/sec; est completion in 2 minutes [INSERT: Count=1968, Max=211199, Min=363, Avg=512.53, 90=436, 99=501, 99.9=774, 99.99=211199] 
2020-10-17 16:40:09:220 89 sec: 193819 operations; 2473 current ops/sec; est completion in 2 minutes [INSERT: Count=2473, Max=636, Min=374, Avg=402.22, 90=431, 99=495, 99.9=538, 99.99=636] 
2020-10-17 16:40:10:220 90 sec: 196266 operations; 2447 current ops/sec; est completion in 2 minutes [INSERT: Count=2447, Max=568, Min=374, Avg=406.56, 90=439, 99=496, 99.9=557, 99.99=568] 
2020-10-17 16:40:11:220 91 sec: 198686 operations; 2420 current ops/sec; est completion in 2 minutes [INSERT: Count=2420, Max=636, Min=376, Avg=411.06, 90=444, 99=498, 99.9=550, 99.99=636] 
2020-10-17 16:40:12:220 92 sec: 201161 operations; 2475 current ops/sec; est completion in 2 minutes [INSERT: Count=2475, Max=628, Min=371, Avg=401.87, 90=434, 99=485, 99.9=563, 99.99=628] 
2020-10-17 16:40:13:220 93 sec: 203561 operations; 2400 current ops/sec; est completion in 2 minutes [INSERT: Count=2400, Max=569, Min=364, Avg=414.53, 90=450, 99=516, 99.9=563, 99.99=569] 
2020-10-17 16:40:14:220 94 sec: 206030 operations; 2471.47 current ops/sec; est completion in 2 minutes [INSERT: Count=2468, Max=6543, Min=367, Avg=402.74, 90=424, 99=479, 99.9=536, 99.99=6543] 
2020-10-17 16:40:15:220 95 sec: 207318 operations; 1286.71 current ops/sec; est completion in 2 minutes [INSERT: Count=1288, Max=728, Min=367, Avg=442.69, 90=568, 99=646, 99.9=701, 99.99=728] 
2020-10-17 16:40:16:220 96 sec: 208453 operations; 1136.14 current ops/sec; est completion in 2 minutes [INSERT: Count=1136, Max=643071, Min=359, Avg=1252.89, 90=405, 99=486, 99.9=347903, 99.99=643071] 
2020-10-17 16:40:17:220 97 sec: 211024 operations; 2568.43 current ops/sec; est completion in 2 minutes [INSERT: Count=2572, Max=8335, Min=357, Avg=386.46, 90=406, 99=463, 99.9=592, 99.99=8335] 
2020-10-17 16:40:18:220 98 sec: 213606 operations; 2582 current ops/sec; est completion in 2 minutes [INSERT: Count=2581, Max=6695, Min=352, Avg=384.76, 90=408, 99=463, 99.9=547, 99.99=6695] 
2020-10-17 16:40:19:220 99 sec: 216252 operations; 2648.65 current ops/sec; est completion in 2 minutes [INSERT: Count=2646, Max=870, Min=352, Avg=375.8, 90=400, 99=444, 99.9=534, 99.99=870] 
2020-10-17 16:40:20:220 100 sec: 218928 operations; 2676 current ops/sec; est completion in 2 minutes [INSERT: Count=2676, Max=7175, Min=353, Avg=371.71, 90=386, 99=432, 99.9=490, 99.99=7175] 
2020-10-17 16:40:21:220 101 sec: 221629 operations; 2698.3 current ops/sec; est completion in 2 minutes [INSERT: Count=2701, Max=652, Min=351, Avg=368.33, 90=385, 99=439, 99.9=517, 99.99=652] 
2020-10-17 16:40:22:220 102 sec: 224350 operations; 2723.72 current ops/sec; est completion in 2 minutes [INSERT: Count=2721, Max=953, Min=350, Avg=365.61, 90=381, 99=426, 99.9=491, 99.99=953] 
2020-10-17 16:40:23:227 103 sec: 226903 operations; 2535.25 current ops/sec; est completion in 2 minutes [INSERT: Count=2552, Max=5651, Min=349, Avg=375.56, 90=402, 99=447, 99.9=522, 99.99=5651] 
2020-10-17 16:40:24:220 104 sec: 229276 operations; 2387.32 current ops/sec; est completion in 2 minutes [INSERT: Count=2374, Max=43423, Min=371, Avg=434.3, 90=445, 99=519, 99.9=580, 99.99=43423] 
2020-10-17 16:40:25:220 105 sec: 231711 operations; 2435 current ops/sec; est completion in 2 minutes [INSERT: Count=2435, Max=4459, Min=372, Avg=408.36, 90=437, 99=512, 99.9=551, 99.99=4459] 
2020-10-17 16:40:26:220 106 sec: 234202 operations; 2491 current ops/sec; est completion in 2 minutes [INSERT: Count=2491, Max=712, Min=372, Avg=399.3, 90=429, 99=503, 99.9=600, 99.99=712] 
2020-10-17 16:40:27:220 107 sec: 236608 operations; 2406 current ops/sec; est completion in 2 minutes [INSERT: Count=2406, Max=8855, Min=369, Avg=413.45, 90=443, 99=513, 99.9=605, 99.99=8855] 
2020-10-17 16:40:28:220 108 sec: 238522 operations; 1914 current ops/sec; est completion in 1 minute [INSERT: Count=1914, Max=221951, Min=359, Avg=520.08, 90=435, 99=511, 99.9=546, 99.99=221951] 
2020-10-17 16:40:29:220 109 sec: 241148 operations; 2626 current ops/sec; est completion in 1 minute [INSERT: Count=2625, Max=7575, Min=355, Avg=378.56, 90=391, 99=442, 99.9=486, 99.99=7575] 
2020-10-17 16:40:30:220 110 sec: 243785 operations; 2637 current ops/sec; est completion in 1 minute [INSERT: Count=2637, Max=580, Min=352, Avg=377.19, 90=404, 99=445, 99.9=503, 99.99=580] 
2020-10-17 16:40:31:220 111 sec: 246328 operations; 2543 current ops/sec; est completion in 1 minute [INSERT: Count=2544, Max=9519, Min=356, Avg=391.15, 90=417, 99=480, 99.9=534, 99.99=9519] 
2020-10-17 16:40:32:220 112 sec: 248880 operations; 2552 current ops/sec; est completion in 1 minute [INSERT: Count=2552, Max=515, Min=358, Avg=389.94, 90=419, 99=469, 99.9=506, 99.99=515] 
2020-10-17 16:40:33:220 113 sec: 251449 operations; 2569 current ops/sec; est completion in 1 minute [INSERT: Count=2569, Max=621, Min=357, Avg=387.27, 90=420, 99=477, 99.9=515, 99.99=621] 
2020-10-17 16:40:34:220 114 sec: 253943 operations; 2494 current ops/sec; est completion in 1 minute [INSERT: Count=2494, Max=8011, Min=357, Avg=398.76, 90=423, 99=488, 99.9=856, 99.99=8011] 
2020-10-17 16:40:35:220 115 sec: 256462 operations; 2521.52 current ops/sec; est completion in 1 minute [INSERT: Count=2518, Max=767, Min=357, Avg=395.13, 90=436, 99=494, 99.9=589, 99.99=767] 
2020-10-17 16:40:36:220 116 sec: 259001 operations; 2536.46 current ops/sec; est completion in 1 minute [INSERT: Count=2539, Max=599, Min=354, Avg=391.99, 90=424, 99=493, 99.9=575, 99.99=599] 
2020-10-17 16:40:37:220 117 sec: 261481 operations; 2480 current ops/sec; est completion in 1 minute [INSERT: Count=2481, Max=4819, Min=365, Avg=400.87, 90=432, 99=502, 99.9=581, 99.99=4819] 
2020-10-17 16:40:38:220 118 sec: 263946 operations; 2465 current ops/sec; est completion in 1 minute [INSERT: Count=2465, Max=641, Min=368, Avg=403.52, 90=431, 99=512, 99.9=581, 99.99=641] 
2020-10-17 16:40:39:220 119 sec: 266302 operations; 2356 current ops/sec; est completion in 1 minute [INSERT: Count=2355, Max=5699, Min=371, Avg=422.31, 90=452, 99=518, 99.9=636, 99.99=5699] 
2020-10-17 16:40:40:220 120 sec: 268598 operations; 2296 current ops/sec; est completion in 1 minute [INSERT: Count=2296, Max=2319, Min=375, Avg=433.26, 90=463, 99=530, 99.9=631, 99.99=2319] 
2020-10-17 16:40:41:220 121 sec: 270846 operations; 2248 current ops/sec; est completion in 1 minute [INSERT: Count=2249, Max=5175, Min=373, Avg=442.19, 90=486, 99=627, 99.9=756, 99.99=5175] 
2020-10-17 16:40:42:220 122 sec: 273272 operations; 2426 current ops/sec; est completion in 1 minute [INSERT: Count=2425, Max=4455, Min=370, Avg=409.94, 90=436, 99=499, 99.9=548, 99.99=4455] 
2020-10-17 16:40:43:220 123 sec: 275711 operations; 2441.44 current ops/sec; est completion in 1 minute [INSERT: Count=2439, Max=5735, Min=366, Avg=407.61, 90=435, 99=491, 99.9=574, 99.99=5735] 
2020-10-17 16:40:44:220 124 sec: 278178 operations; 2467 current ops/sec; est completion in 1 minute [INSERT: Count=2467, Max=32863, Min=357, Avg=403.09, 90=417, 99=452, 99.9=533, 99.99=32863] 
2020-10-17 16:40:45:220 125 sec: 280800 operations; 2622 current ops/sec; est completion in 1 minute [INSERT: Count=2623, Max=7207, Min=351, Avg=379.28, 90=398, 99=440, 99.9=490, 99.99=7207] 
2020-10-17 16:40:46:220 126 sec: 283445 operations; 2645 current ops/sec; est completion in 1 minute [INSERT: Count=2645, Max=735, Min=351, Avg=376.09, 90=398, 99=440, 99.9=471, 99.99=735] 
2020-10-17 16:40:47:220 127 sec: 285350 operations; 1903.1 current ops/sec; est completion in 1 minute [INSERT: Count=1904, Max=647, Min=351, Avg=377.96, 90=403, 99=449, 99.9=500, 99.99=647] 
2020-10-17 16:40:48:220 128 sec: 286746 operations; 1397.4 current ops/sec; est completion in 1 minute [INSERT: Count=1397, Max=691199, Min=358, Avg=911.76, 90=445, 99=580, 99.9=661, 99.99=691199] 
2020-10-17 16:40:49:220 129 sec: 289328 operations; 2579.42 current ops/sec; est completion in 1 minute [INSERT: Count=2582, Max=7931, Min=355, Avg=385.18, 90=405, 99=446, 99.9=513, 99.99=7931] 
2020-10-17 16:40:50:220 130 sec: 291909 operations; 2581 current ops/sec; est completion in 1 minute [INSERT: Count=2581, Max=751, Min=363, Avg=385.48, 90=407, 99=448, 99.9=490, 99.99=751] 
2020-10-17 16:40:51:220 131 sec: 294330 operations; 2423.42 current ops/sec; est completion in 1 minute [INSERT: Count=2421, Max=594, Min=364, Avg=410.82, 90=462, 99=515, 99.9=572, 99.99=594] 
2020-10-17 16:40:52:220 132 sec: 296505 operations; 2172.83 current ops/sec; est completion in 1 minute [INSERT: Count=2174, Max=588, Min=388, Avg=457.74, 90=490, 99=547, 99.9=583, 99.99=588] 
2020-10-17 16:40:53:220 133 sec: 298834 operations; 2329 current ops/sec; est completion in 1 minute [INSERT: Count=2331, Max=6511, Min=379, Avg=427.13, 90=473, 99=527, 99.9=579, 99.99=6511] 
2020-10-17 16:40:54:220 134 sec: 301237 operations; 2403 current ops/sec; est completion in 1 minute [INSERT: Count=2402, Max=603, Min=378, Avg=413.84, 90=444, 99=504, 99.9=542, 99.99=603] 
2020-10-17 16:40:55:221 135 sec: 303460 operations; 2223 current ops/sec; est completion in 1 minute [INSERT: Count=2224, Max=4555, Min=381, Avg=447.49, 90=556, 99=654, 99.9=807, 99.99=4555] 
2020-10-17 16:40:56:220 136 sec: 305549 operations; 2089 current ops/sec; est completion in 1 minute [INSERT: Count=2087, Max=729, Min=395, Avg=475.89, 90=546, 99=620, 99.9=707, 99.99=729] 
2020-10-17 16:40:57:220 137 sec: 307690 operations; 2141 current ops/sec; est completion in 1 minute [INSERT: Count=2142, Max=1339, Min=402, Avg=464.5, 90=516, 99=585, 99.9=714, 99.99=1339] 
2020-10-17 16:40:58:220 138 sec: 309887 operations; 2199.2 current ops/sec; est completion in 1 minute [INSERT: Count=2196, Max=633, Min=388, Avg=453.01, 90=498, 99=552, 99.9=606, 99.99=633] 
2020-10-17 16:40:59:220 139 sec: 312058 operations; 2171 current ops/sec; est completion in 1 minute [INSERT: Count=2172, Max=1162, Min=376, Avg=458.23, 90=608, 99=723, 99.9=881, 99.99=1162] 
2020-10-17 16:41:00:220 140 sec: 313664 operations; 1604.4 current ops/sec; est completion in 1 minute [INSERT: Count=1606, Max=299007, Min=374, Avg=620.31, 90=540, 99=648, 99.9=4287, 99.99=299007] 
2020-10-17 16:41:01:220 141 sec: 314780 operations; 1117.12 current ops/sec; est completion in 1 minute [INSERT: Count=1116, Max=546303, Min=367, Avg=893.63, 90=444, 99=520, 99.9=927, 99.99=546303] 
2020-10-17 16:41:02:220 142 sec: 317225 operations; 2445 current ops/sec; est completion in 1 minute [INSERT: Count=2444, Max=5795, Min=367, Avg=407, 90=438, 99=501, 99.9=640, 99.99=5795] 
2020-10-17 16:41:03:220 143 sec: 319694 operations; 2469 current ops/sec; est completion in 1 minute [INSERT: Count=2470, Max=584, Min=369, Avg=402.82, 90=436, 99=497, 99.9=558, 99.99=584] 
2020-10-17 16:41:04:220 144 sec: 322150 operations; 2456 current ops/sec; est completion in 1 minute [INSERT: Count=2456, Max=4287, Min=371, Avg=404.81, 90=439, 99=496, 99.9=560, 99.99=4287] 
2020-10-17 16:41:05:220 145 sec: 324597 operations; 2444.56 current ops/sec; est completion in 1 minute [INSERT: Count=2448, Max=7211, Min=369, Avg=406.67, 90=435, 99=520, 99.9=679, 99.99=7211] 
2020-10-17 16:41:06:220 146 sec: 327071 operations; 2474 current ops/sec; est completion in 1 minute [INSERT: Count=2472, Max=6159, Min=371, Avg=401.79, 90=430, 99=514, 99.9=654, 99.99=6159] 
2020-10-17 16:41:07:220 147 sec: 329431 operations; 2362.36 current ops/sec; est completion in 1 minute [INSERT: Count=2360, Max=39999, Min=377, Avg=421.37, 90=434, 99=519, 99.9=648, 99.99=39999] 
2020-10-17 16:41:08:220 148 sec: 331903 operations; 2472 current ops/sec; est completion in 1 minute [INSERT: Count=2473, Max=664, Min=378, Avg=402.31, 90=430, 99=498, 99.9=563, 99.99=664] 
2020-10-17 16:41:09:220 149 sec: 334326 operations; 2423 current ops/sec; est completion in 1 minute [INSERT: Count=2423, Max=7819, Min=378, Avg=410.56, 90=439, 99=508, 99.9=576, 99.99=7819] 
2020-10-17 16:41:10:220 150 sec: 336718 operations; 2389.61 current ops/sec; est completion in 1 minute [INSERT: Count=2392, Max=4679, Min=377, Avg=415.75, 90=448, 99=526, 99.9=581, 99.99=4679] 
2020-10-17 16:41:11:220 151 sec: 339161 operations; 2445.45 current ops/sec; est completion in 1 minute [INSERT: Count=2442, Max=882, Min=380, Avg=407.18, 90=439, 99=519, 99.9=573, 99.99=882] 
2020-10-17 16:41:12:220 152 sec: 341541 operations; 2380 current ops/sec; est completion in 1 minute [INSERT: Count=2381, Max=5055, Min=381, Avg=417.91, 90=448, 99=521, 99.9=1048, 99.99=5055] 
2020-10-17 16:41:13:220 153 sec: 343897 operations; 2356 current ops/sec; est completion in 1 minute [INSERT: Count=2355, Max=6191, Min=380, Avg=422.18, 90=453, 99=532, 99.9=599, 99.99=6191] 
2020-10-17 16:41:14:220 154 sec: 346252 operations; 2355 current ops/sec; est completion in 1 minute [INSERT: Count=2355, Max=10919, Min=377, Avg=422.31, 90=452, 99=520, 99.9=677, 99.99=10919] 
2020-10-17 16:41:15:220 155 sec: 348631 operations; 2376.62 current ops/sec; est completion in 1 minute [INSERT: Count=2379, Max=5739, Min=376, Avg=418.09, 90=448, 99=518, 99.9=572, 99.99=5739] 
2020-10-17 16:41:16:220 156 sec: 350928 operations; 2297 current ops/sec; est completion in 1 minute [INSERT: Count=2299, Max=9111, Min=376, Avg=432.89, 90=462, 99=541, 99.9=4575, 99.99=9111] 
2020-10-17 16:41:17:220 157 sec: 353379 operations; 2453.45 current ops/sec; est completion in 1 minute [INSERT: Count=2449, Max=563, Min=375, Avg=405.9, 90=435, 99=518, 99.9=545, 99.99=563] 
2020-10-17 16:41:18:220 158 sec: 355844 operations; 2465 current ops/sec; est completion in 1 minute [INSERT: Count=2465, Max=5491, Min=376, Avg=403.4, 90=426, 99=489, 99.9=577, 99.99=5491] 
2020-10-17 16:41:19:220 159 sec: 358303 operations; 2456.54 current ops/sec; est completion in 1 minute [INSERT: Count=2460, Max=3075, Min=377, Avg=404.32, 90=433, 99=500, 99.9=753, 99.99=3075] 
2020-10-17 16:41:20:220 160 sec: 360676 operations; 2375.38 current ops/sec; est completion in 1 minute [INSERT: Count=2373, Max=3265, Min=375, Avg=419.18, 90=449, 99=522, 99.9=736, 99.99=3265] 
2020-10-17 16:41:21:220 161 sec: 363027 operations; 2351 current ops/sec; est completion in 1 minute [INSERT: Count=2350, Max=3461, Min=377, Avg=423.09, 90=453, 99=524, 99.9=593, 99.99=3461] 
2020-10-17 16:41:22:220 162 sec: 365351 operations; 2321.68 current ops/sec; est completion in 1 minute [INSERT: Count=2324, Max=9103, Min=383, Avg=427.99, 90=454, 99=536, 99.9=662, 99.99=9103] 
2020-10-17 16:41:23:220 163 sec: 367691 operations; 2342.34 current ops/sec; est completion in 59 seconds [INSERT: Count=2341, Max=700, Min=381, Avg=425.15, 90=459, 99=529, 99.9=605, 99.99=700] 
2020-10-17 16:41:24:220 164 sec: 370040 operations; 2349 current ops/sec; est completion in 58 seconds [INSERT: Count=2348, Max=8751, Min=378, Avg=423.64, 90=449, 99=524, 99.9=730, 99.99=8751] 
2020-10-17 16:41:25:220 165 sec: 372389 operations; 2349 current ops/sec; est completion in 57 seconds [INSERT: Count=2350, Max=917, Min=379, Avg=423.39, 90=460, 99=615, 99.9=779, 99.99=917] 
2020-10-17 16:41:26:220 166 sec: 374690 operations; 2298.7 current ops/sec; est completion in 56 seconds [INSERT: Count=2302, Max=9591, Min=379, Avg=432.23, 90=470, 99=540, 99.9=633, 99.99=9591] 
2020-10-17 16:41:27:220 167 sec: 376978 operations; 2290.29 current ops/sec; est completion in 55 seconds [INSERT: Count=2287, Max=771, Min=380, Avg=434.8, 90=466, 99=534, 99.9=633, 99.99=771] 
2020-10-17 16:41:28:220 168 sec: 379241 operations; 2263 current ops/sec; est completion in 54 seconds [INSERT: Count=2262, Max=677, Min=380, Avg=439.75, 90=476, 99=530, 99.9=663, 99.99=677] 
2020-10-17 16:41:29:220 169 sec: 381474 operations; 2233 current ops/sec; est completion in 53 seconds [INSERT: Count=2234, Max=33663, Min=378, Avg=445.43, 90=464, 99=526, 99.9=673, 99.99=33663] 
2020-10-17 16:41:30:220 170 sec: 383763 operations; 2289 current ops/sec; est completion in 52 seconds [INSERT: Count=2288, Max=3543, Min=377, Avg=434.68, 90=467, 99=528, 99.9=649, 99.99=3543] 
2020-10-17 16:41:31:220 171 sec: 385698 operations; 1933.07 current ops/sec; est completion in 51 seconds [INSERT: Count=1935, Max=812, Min=376, Avg=437.09, 90=483, 99=652, 99.9=729, 99.99=812] 
2020-10-17 16:41:32:220 172 sec: 386603 operations; 905 current ops/sec; est completion in 51 seconds [INSERT: Count=905, Max=312319, Min=376, Avg=779.23, 90=485, 99=685, 99.9=852, 99.99=312319] 
2020-10-17 16:41:33:220 173 sec: 388332 operations; 1730.73 current ops/sec; est completion in 50 seconds [INSERT: Count=1730, Max=712191, Min=365, Avg=831.22, 90=415, 99=490, 99.9=17055, 99.99=712191] 
2020-10-17 16:41:34:220 174 sec: 390916 operations; 2584 current ops/sec; est completion in 49 seconds [INSERT: Count=2583, Max=606, Min=364, Avg=384.99, 90=406, 99=458, 99.9=505, 99.99=606] 
2020-10-17 16:41:35:220 175 sec: 393518 operations; 2602 current ops/sec; est completion in 48 seconds [INSERT: Count=2603, Max=542, Min=365, Avg=382.2, 90=401, 99=456, 99.9=515, 99.99=542] 
2020-10-17 16:41:36:220 176 sec: 396105 operations; 2587 current ops/sec; est completion in 47 seconds [INSERT: Count=2587, Max=5647, Min=364, Avg=384.33, 90=402, 99=466, 99.9=535, 99.99=5647] 
2020-10-17 16:41:37:220 177 sec: 398705 operations; 2600 current ops/sec; est completion in 45 seconds [INSERT: Count=2599, Max=546, Min=365, Avg=382.61, 90=402, 99=465, 99.9=522, 99.99=546] 
2020-10-17 16:41:38:220 178 sec: 401291 operations; 2586 current ops/sec; est completion in 44 seconds [INSERT: Count=2587, Max=3089, Min=364, Avg=384.4, 90=403, 99=458, 99.9=518, 99.99=3089] 
2020-10-17 16:41:39:220 179 sec: 403895 operations; 2604 current ops/sec; est completion in 43 seconds [INSERT: Count=2604, Max=649, Min=366, Avg=381.94, 90=403, 99=452, 99.9=494, 99.99=649] 
2020-10-17 16:41:40:220 180 sec: 406420 operations; 2522.48 current ops/sec; est completion in 42 seconds [INSERT: Count=2524, Max=4643, Min=365, Avg=393.75, 90=417, 99=476, 99.9=662, 99.99=4643] 
2020-10-17 16:41:41:220 181 sec: 408988 operations; 2568 current ops/sec; est completion in 41 seconds [INSERT: Count=2568, Max=3571, Min=365, Avg=387.13, 90=407, 99=450, 99.9=498, 99.99=3571] 
2020-10-17 16:41:42:220 182 sec: 411319 operations; 2333.33 current ops/sec; est completion in 40 seconds [INSERT: Count=2331, Max=5519, Min=370, Avg=426.58, 90=588, 99=686, 99.9=826, 99.99=5519] 
2020-10-17 16:41:43:220 183 sec: 413619 operations; 2300 current ops/sec; est completion in 39 seconds [INSERT: Count=2301, Max=972, Min=367, Avg=432.44, 90=608, 99=696, 99.9=837, 99.99=972] 
2020-10-17 16:41:44:220 184 sec: 416056 operations; 2434.57 current ops/sec; est completion in 38 seconds [INSERT: Count=2437, Max=5951, Min=370, Avg=407.99, 90=438, 99=657, 99.9=802, 99.99=5951] 
2020-10-17 16:41:45:220 185 sec: 417224 operations; 1168 current ops/sec; est completion in 37 seconds [INSERT: Count=1168, Max=537087, Min=367, Avg=853.7, 90=412, 99=482, 99.9=4367, 99.99=537087] 
2020-10-17 16:41:46:220 186 sec: 419795 operations; 2573.57 current ops/sec; est completion in 36 seconds [INSERT: Count=2571, Max=757, Min=361, Avg=386.73, 90=408, 99=456, 99.9=500, 99.99=757] 
2020-10-17 16:41:47:220 187 sec: 422365 operations; 2567.43 current ops/sec; est completion in 35 seconds [INSERT: Count=2569, Max=1744, Min=364, Avg=387.1, 90=408, 99=454, 99.9=522, 99.99=1744] 
2020-10-17 16:41:48:220 188 sec: 424932 operations; 2567 current ops/sec; est completion in 34 seconds [INSERT: Count=2567, Max=3245, Min=364, Avg=387.17, 90=407, 99=450, 99.9=541, 99.99=3245] 
2020-10-17 16:41:49:220 189 sec: 427506 operations; 2576.58 current ops/sec; est completion in 33 seconds [INSERT: Count=2574, Max=3887, Min=365, Avg=386.31, 90=404, 99=455, 99.9=538, 99.99=3887] 
2020-10-17 16:41:50:220 190 sec: 430085 operations; 2579 current ops/sec; est completion in 31 seconds [INSERT: Count=2579, Max=795, Min=363, Avg=385.63, 90=407, 99=462, 99.9=498, 99.99=795] 
2020-10-17 16:41:51:220 191 sec: 432532 operations; 2447 current ops/sec; est completion in 30 seconds [INSERT: Count=2448, Max=23855, Min=359, Avg=406.25, 90=407, 99=463, 99.9=10887, 99.99=23855] 
2020-10-17 16:41:52:220 192 sec: 435125 operations; 2593 current ops/sec; est completion in 29 seconds [INSERT: Count=2593, Max=649, Min=361, Avg=383.52, 90=403, 99=456, 99.9=514, 99.99=649] 
2020-10-17 16:41:53:220 193 sec: 437718 operations; 2593 current ops/sec; est completion in 28 seconds [INSERT: Count=2592, Max=1011, Min=362, Avg=383.64, 90=404, 99=456, 99.9=518, 99.99=1011] 
2020-10-17 16:41:54:220 194 sec: 440299 operations; 2581 current ops/sec; est completion in 27 seconds [INSERT: Count=2581, Max=545, Min=361, Avg=385.28, 90=410, 99=466, 99.9=524, 99.99=545] 
2020-10-17 16:41:55:220 195 sec: 442854 operations; 2555 current ops/sec; est completion in 26 seconds [INSERT: Count=2556, Max=12519, Min=361, Avg=389.07, 90=410, 99=459, 99.9=512, 99.99=12519] 
2020-10-17 16:41:56:220 196 sec: 445414 operations; 2560 current ops/sec; est completion in 25 seconds [INSERT: Count=2560, Max=12671, Min=361, Avg=388.38, 90=409, 99=455, 99.9=522, 99.99=12671] 
2020-10-17 16:41:57:220 197 sec: 447982 operations; 2568 current ops/sec; est completion in 23 seconds [INSERT: Count=2567, Max=516, Min=361, Avg=387.35, 90=414, 99=457, 99.9=499, 99.99=516] 
2020-10-17 16:41:58:220 198 sec: 450552 operations; 2570 current ops/sec; est completion in 22 seconds [INSERT: Count=2570, Max=581, Min=360, Avg=386.95, 90=413, 99=467, 99.9=507, 99.99=581] 
2020-10-17 16:41:59:220 199 sec: 453075 operations; 2523 current ops/sec; est completion in 21 seconds [INSERT: Count=2523, Max=13183, Min=363, Avg=394.06, 90=417, 99=464, 99.9=541, 99.99=13183] 
2020-10-17 16:42:00:220 200 sec: 455628 operations; 2553 current ops/sec; est completion in 20 seconds [INSERT: Count=2554, Max=4643, Min=362, Avg=389.38, 90=415, 99=466, 99.9=513, 99.99=4643] 
2020-10-17 16:42:01:220 201 sec: 458145 operations; 2517 current ops/sec; est completion in 19 seconds [INSERT: Count=2516, Max=5703, Min=362, Avg=395.1, 90=426, 99=488, 99.9=560, 99.99=5703] 
2020-10-17 16:42:02:220 202 sec: 459128 operations; 982.02 current ops/sec; est completion in 18 seconds [INSERT: Count=983, Max=549887, Min=364, Avg=1014.29, 90=448, 99=524, 99.9=46879, 99.99=549887] 
2020-10-17 16:42:03:220 203 sec: 461586 operations; 2458 current ops/sec; est completion in 17 seconds [INSERT: Count=2459, Max=3981, Min=372, Avg=404.28, 90=431, 99=502, 99.9=634, 99.99=3981] 
2020-10-17 16:42:04:220 204 sec: 464028 operations; 2444.44 current ops/sec; est completion in 16 seconds [INSERT: Count=2441, Max=6507, Min=368, Avg=407.2, 90=435, 99=502, 99.9=570, 99.99=6507] 
2020-10-17 16:42:05:220 205 sec: 466505 operations; 2477 current ops/sec; est completion in 15 seconds [INSERT: Count=2477, Max=575, Min=369, Avg=401.62, 90=431, 99=489, 99.9=535, 99.99=575] 
2020-10-17 16:42:06:220 206 sec: 468986 operations; 2481 current ops/sec; est completion in 14 seconds [INSERT: Count=2482, Max=6299, Min=376, Avg=400.73, 90=421, 99=485, 99.9=535, 99.99=6299] 
2020-10-17 16:42:07:220 207 sec: 471462 operations; 2476 current ops/sec; est completion in 13 seconds [INSERT: Count=2475, Max=608, Min=377, Avg=401.77, 90=428, 99=496, 99.9=548, 99.99=608] 
2020-10-17 16:42:08:220 208 sec: 473900 operations; 2438 current ops/sec; est completion in 12 seconds [INSERT: Count=2438, Max=8067, Min=378, Avg=408, 90=432, 99=500, 99.9=570, 99.99=8067] 
2020-10-17 16:42:09:220 209 sec: 476245 operations; 2345 current ops/sec; est completion in 11 seconds [INSERT: Count=2345, Max=15671, Min=371, Avg=424.17, 90=447, 99=610, 99.9=844, 99.99=15671] 
2020-10-17 16:42:10:220 210 sec: 478777 operations; 2529.47 current ops/sec; est completion in 10 seconds [INSERT: Count=2532, Max=566, Min=367, Avg=393.07, 90=414, 99=481, 99.9=546, 99.99=566] 
2020-10-17 16:42:11:220 211 sec: 481306 operations; 2531.53 current ops/sec; est completion in 9 second [INSERT: Count=2530, Max=4919, Min=364, Avg=393.3, 90=411, 99=479, 99.9=559, 99.99=4919] 
2020-10-17 16:42:12:220 212 sec: 483772 operations; 2466 current ops/sec; est completion in 8 second [INSERT: Count=2465, Max=23695, Min=369, Avg=403.51, 90=417, 99=482, 99.9=542, 99.99=23695] 
2020-10-17 16:42:13:220 213 sec: 486193 operations; 2421 current ops/sec; est completion in 7 second [INSERT: Count=2422, Max=9943, Min=381, Avg=410.71, 90=429, 99=490, 99.9=593, 99.99=9943] 
2020-10-17 16:42:14:220 214 sec: 488627 operations; 2434 current ops/sec; est completion in 5 second [INSERT: Count=2433, Max=603, Min=380, Avg=408.84, 90=438, 99=498, 99.9=550, 99.99=603] 
2020-10-17 16:42:15:220 215 sec: 490209 operations; 1580.42 current ops/sec; est completion in 5 second [INSERT: Count=1582, Max=29519, Min=380, Avg=448.36, 90=476, 99=665, 99.9=792, 99.99=29519] 
2020-10-17 16:42:16:220 216 sec: 492041 operations; 1833.83 current ops/sec; est completion in 4 second [INSERT: Count=1833, Max=535039, Min=378, Avg=699.74, 90=440, 99=628, 99.9=880, 99.99=535039] 
2020-10-17 16:42:17:220 217 sec: 494492 operations; 2451 current ops/sec; est completion in 3 second [INSERT: Count=2451, Max=8983, Min=378, Avg=405.73, 90=430, 99=496, 99.9=587, 99.99=8983] 
2020-10-17 16:42:18:220 218 sec: 496941 operations; 2446.55 current ops/sec; est completion in 2 second [INSERT: Count=2448, Max=4747, Min=377, Avg=406.26, 90=435, 99=503, 99.9=557, 99.99=4747] 
2020-10-17 16:42:19:220 219 sec: 499343 operations; 2404.4 current ops/sec; est completion in 1 second [INSERT: Count=2403, Max=11183, Min=375, Avg=413.92, 90=444, 99=510, 99.9=695, 99.99=11183] 
2020-10-17 16:42:19:504 219 sec: 500000 operations; 2305.26 current ops/sec; [CLEANUP: Count=1, Max=4, Min=4, Avg=4, 90=4, 99=4, 99.9=4, 99.99=4] [INSERT: Count=656, Max=6427, Min=381, Avg=428.77, 90=445, 99=526, 99.9=3969, 99.99=6427] 
[OVERALL], RunTime(ms), 219286
[OVERALL], Throughput(ops/sec), 2280.1273223096778
[TOTAL_GCS_G1_Young_Generation], Count, 14
[TOTAL_GC_TIME_G1_Young_Generation], Time(ms), 402
[TOTAL_GC_TIME_%_G1_Young_Generation], Time(%), 0.1833222367136981
[TOTAL_GCS_G1_Old_Generation], Count, 0
[TOTAL_GC_TIME_G1_Old_Generation], Time(ms), 0
[TOTAL_GC_TIME_%_G1_Old_Generation], Time(%), 0.0
[TOTAL_GCs], Count, 14
[TOTAL_GC_TIME], Time(ms), 402
[TOTAL_GC_TIME_%], Time(%), 0.1833222367136981
[CLEANUP], Operations, 1
[CLEANUP], AverageLatency(us), 4.0
[CLEANUP], MinLatency(us), 4
[CLEANUP], MaxLatency(us), 4
[CLEANUP], 95thPercentileLatency(us), 4
[CLEANUP], 99thPercentileLatency(us), 4
[INSERT], Operations, 500000
[INSERT], AverageLatency(us), 435.96502
[INSERT], MinLatency(us), 349
[INSERT], MaxLatency(us), 1214463
[INSERT], 95thPercentileLatency(us), 503
[INSERT], 99thPercentileLatency(us), 642
[INSERT], Return=OK, 500000
